[2025-02-26T20:49:58.173+0000] {taskinstance.py:1159} INFO - Dependencies all met for dep_context=non-requeueable deps ti=<TaskInstance: yfinance_ingestion_dag.run_mapreduce manual__2025-02-26T20:49:46.510061+00:00 [queued]>
[2025-02-26T20:49:58.183+0000] {taskinstance.py:1159} INFO - Dependencies all met for dep_context=requeueable deps ti=<TaskInstance: yfinance_ingestion_dag.run_mapreduce manual__2025-02-26T20:49:46.510061+00:00 [queued]>
[2025-02-26T20:49:58.184+0000] {taskinstance.py:1361} INFO - Starting attempt 1 of 1
[2025-02-26T20:49:58.200+0000] {taskinstance.py:1382} INFO - Executing <Task(BashOperator): run_mapreduce> on 2025-02-26 20:49:46.510061+00:00
[2025-02-26T20:49:58.208+0000] {standard_task_runner.py:57} INFO - Started process 3518 to run task
[2025-02-26T20:49:58.211+0000] {standard_task_runner.py:84} INFO - Running: ['***', 'tasks', 'run', 'yfinance_ingestion_dag', 'run_mapreduce', 'manual__2025-02-26T20:49:46.510061+00:00', '--job-id', '449', '--raw', '--subdir', 'DAGS_FOLDER/pipeline.py', '--cfg-path', '/tmp/tmpdsas4b7w']
[2025-02-26T20:49:58.214+0000] {standard_task_runner.py:85} INFO - Job 449: Subtask run_mapreduce
[2025-02-26T20:49:58.258+0000] {task_command.py:415} INFO - Running <TaskInstance: yfinance_ingestion_dag.run_mapreduce manual__2025-02-26T20:49:46.510061+00:00 [running]> on host 3c0faf52b292
[2025-02-26T20:49:58.343+0000] {taskinstance.py:1660} INFO - Exporting env vars: AIRFLOW_CTX_DAG_OWNER='etudiant' AIRFLOW_CTX_DAG_ID='yfinance_ingestion_dag' AIRFLOW_CTX_TASK_ID='run_mapreduce' AIRFLOW_CTX_EXECUTION_DATE='2025-02-26T20:49:46.510061+00:00' AIRFLOW_CTX_TRY_NUMBER='1' AIRFLOW_CTX_DAG_RUN_ID='manual__2025-02-26T20:49:46.510061+00:00'
[2025-02-26T20:49:58.345+0000] {subprocess.py:63} INFO - Tmp dir root location: /tmp
[2025-02-26T20:49:58.346+0000] {subprocess.py:75} INFO - Running command: ['/bin/bash', '-c', '\n        docker exec -i -u root namenode bash -c \'         cd /tmp &&         cp /mnt/hadoop_data/mapreduce/mapper.py . &&         cp /mnt/hadoop_data/mapreduce/reducer.py . &&         chmod +x mapper.py reducer.py &&         hdfs dfs -rm -r hdfs:///user/etudiant/crypto/processed/YYYY=2025/MM=02/DD=26 || true &&         hadoop jar /opt/hadoop-3.2.1/share/hadoop/tools/lib/hadoop-streaming-3.2.1.jar         -files mapper.py,reducer.py         -mapper "python mapper.py"         -reducer "python reducer.py"         -input hdfs:///user/etudiant/crypto/raw/YYYY=2025/MM=02/DD=26/yfinance_raw.json         -output hdfs:///user/etudiant/crypto/processed/YYYY=2025/MM=02/DD=26\'\n        ']
[2025-02-26T20:49:58.360+0000] {subprocess.py:86} INFO - Output:
[2025-02-26T20:50:00.012+0000] {subprocess.py:93} INFO - rm: `hdfs:///user/etudiant/crypto/processed/YYYY=2025/MM=02/DD=26': No such file or directory
[2025-02-26T20:50:02.316+0000] {subprocess.py:93} INFO - 2025-02-26 20:50:02,313 INFO impl.MetricsConfig: Loaded properties from hadoop-metrics2.properties
[2025-02-26T20:50:02.368+0000] {subprocess.py:93} INFO - 2025-02-26 20:50:02,367 INFO impl.MetricsSystemImpl: Scheduled Metric snapshot period at 10 second(s).
[2025-02-26T20:50:02.369+0000] {subprocess.py:93} INFO - 2025-02-26 20:50:02,367 INFO impl.MetricsSystemImpl: JobTracker metrics system started
[2025-02-26T20:50:02.388+0000] {subprocess.py:93} INFO - 2025-02-26 20:50:02,386 WARN impl.MetricsSystemImpl: JobTracker metrics system already initialized!
[2025-02-26T20:50:02.641+0000] {subprocess.py:93} INFO - 2025-02-26 20:50:02,639 INFO mapred.FileInputFormat: Total input files to process : 1
[2025-02-26T20:50:02.684+0000] {subprocess.py:93} INFO - 2025-02-26 20:50:02,682 INFO mapreduce.JobSubmitter: number of splits:1
[2025-02-26T20:50:02.792+0000] {subprocess.py:93} INFO - 2025-02-26 20:50:02,790 INFO mapreduce.JobSubmitter: Submitting tokens for job: job_local578723503_0001
[2025-02-26T20:50:02.793+0000] {subprocess.py:93} INFO - 2025-02-26 20:50:02,791 INFO mapreduce.JobSubmitter: Executing with tokens: []
[2025-02-26T20:50:02.955+0000] {subprocess.py:93} INFO - 2025-02-26 20:50:02,953 INFO mapred.LocalDistributedCacheManager: Localized file:/tmp/mapper.py as file:/tmp/hadoop-root/mapred/local/job_local578723503_0001_6e2fb360-873a-4222-84df-9d3292fb1a52/mapper.py
[2025-02-26T20:50:02.969+0000] {subprocess.py:93} INFO - 2025-02-26 20:50:02,967 INFO mapred.LocalDistributedCacheManager: Localized file:/tmp/reducer.py as file:/tmp/hadoop-root/mapred/local/job_local578723503_0001_45231dbd-0100-47ff-8bc7-d7c53232b570/reducer.py
[2025-02-26T20:50:03.024+0000] {subprocess.py:93} INFO - 2025-02-26 20:50:03,022 INFO mapreduce.Job: The url to track the job: http://localhost:8080/
[2025-02-26T20:50:03.027+0000] {subprocess.py:93} INFO - 2025-02-26 20:50:03,025 INFO mapred.LocalJobRunner: OutputCommitter set in config null
[2025-02-26T20:50:03.029+0000] {subprocess.py:93} INFO - 2025-02-26 20:50:03,025 INFO mapreduce.Job: Running job: job_local578723503_0001
[2025-02-26T20:50:03.030+0000] {subprocess.py:93} INFO - 2025-02-26 20:50:03,028 INFO mapred.LocalJobRunner: OutputCommitter is org.apache.hadoop.mapred.FileOutputCommitter
[2025-02-26T20:50:03.035+0000] {subprocess.py:93} INFO - 2025-02-26 20:50:03,033 INFO output.FileOutputCommitter: File Output Committer Algorithm version is 2
[2025-02-26T20:50:03.036+0000] {subprocess.py:93} INFO - 2025-02-26 20:50:03,033 INFO output.FileOutputCommitter: FileOutputCommitter skip cleanup _temporary folders under output directory:false, ignore cleanup failures: false
[2025-02-26T20:50:03.074+0000] {subprocess.py:93} INFO - 2025-02-26 20:50:03,072 INFO mapred.LocalJobRunner: Waiting for map tasks
[2025-02-26T20:50:03.077+0000] {subprocess.py:93} INFO - 2025-02-26 20:50:03,076 INFO mapred.LocalJobRunner: Starting task: attempt_local578723503_0001_m_000000_0
[2025-02-26T20:50:03.097+0000] {subprocess.py:93} INFO - 2025-02-26 20:50:03,095 INFO output.FileOutputCommitter: File Output Committer Algorithm version is 2
[2025-02-26T20:50:03.098+0000] {subprocess.py:93} INFO - 2025-02-26 20:50:03,095 INFO output.FileOutputCommitter: FileOutputCommitter skip cleanup _temporary folders under output directory:false, ignore cleanup failures: false
[2025-02-26T20:50:03.111+0000] {subprocess.py:93} INFO - 2025-02-26 20:50:03,109 INFO mapred.Task:  Using ResourceCalculatorProcessTree : [ ]
[2025-02-26T20:50:03.118+0000] {subprocess.py:93} INFO - 2025-02-26 20:50:03,117 INFO mapred.MapTask: Processing split: hdfs://namenode:9000/user/etudiant/crypto/raw/YYYY=2025/MM=02/DD=26/yfinance_raw.json:0+19766
[2025-02-26T20:50:03.134+0000] {subprocess.py:93} INFO - 2025-02-26 20:50:03,133 INFO mapred.MapTask: numReduceTasks: 1
[2025-02-26T20:50:03.170+0000] {subprocess.py:93} INFO - 2025-02-26 20:50:03,168 INFO mapred.MapTask: (EQUATOR) 0 kvi 26214396(104857584)
[2025-02-26T20:50:03.171+0000] {subprocess.py:93} INFO - 2025-02-26 20:50:03,168 INFO mapred.MapTask: mapreduce.task.io.sort.mb: 100
[2025-02-26T20:50:03.171+0000] {subprocess.py:93} INFO - 2025-02-26 20:50:03,168 INFO mapred.MapTask: soft limit at 83886080
[2025-02-26T20:50:03.172+0000] {subprocess.py:93} INFO - 2025-02-26 20:50:03,168 INFO mapred.MapTask: bufstart = 0; bufvoid = 104857600
[2025-02-26T20:50:03.172+0000] {subprocess.py:93} INFO - 2025-02-26 20:50:03,168 INFO mapred.MapTask: kvstart = 26214396; length = 6553600
[2025-02-26T20:50:03.173+0000] {subprocess.py:93} INFO - 2025-02-26 20:50:03,171 INFO mapred.MapTask: Map output collector class = org.apache.hadoop.mapred.MapTask$MapOutputBuffer
[2025-02-26T20:50:03.179+0000] {subprocess.py:93} INFO - 2025-02-26 20:50:03,177 INFO streaming.PipeMapRed: PipeMapRed exec [/usr/bin/python, mapper.py]
[2025-02-26T20:50:03.183+0000] {subprocess.py:93} INFO - 2025-02-26 20:50:03,182 INFO Configuration.deprecation: mapred.work.output.dir is deprecated. Instead, use mapreduce.task.output.dir
[2025-02-26T20:50:03.184+0000] {subprocess.py:93} INFO - 2025-02-26 20:50:03,182 INFO Configuration.deprecation: map.input.start is deprecated. Instead, use mapreduce.map.input.start
[2025-02-26T20:50:03.186+0000] {subprocess.py:93} INFO - 2025-02-26 20:50:03,184 INFO Configuration.deprecation: mapred.task.is.map is deprecated. Instead, use mapreduce.task.ismap
[2025-02-26T20:50:03.187+0000] {subprocess.py:93} INFO - 2025-02-26 20:50:03,184 INFO Configuration.deprecation: mapred.task.id is deprecated. Instead, use mapreduce.task.attempt.id
[2025-02-26T20:50:03.194+0000] {subprocess.py:93} INFO - 2025-02-26 20:50:03,185 INFO Configuration.deprecation: mapred.tip.id is deprecated. Instead, use mapreduce.task.id
[2025-02-26T20:50:03.195+0000] {subprocess.py:93} INFO - 2025-02-26 20:50:03,186 INFO Configuration.deprecation: mapred.local.dir is deprecated. Instead, use mapreduce.cluster.local.dir
[2025-02-26T20:50:03.196+0000] {subprocess.py:93} INFO - 2025-02-26 20:50:03,186 INFO Configuration.deprecation: map.input.file is deprecated. Instead, use mapreduce.map.input.file
[2025-02-26T20:50:03.197+0000] {subprocess.py:93} INFO - 2025-02-26 20:50:03,186 INFO Configuration.deprecation: mapred.skip.on is deprecated. Instead, use mapreduce.job.skiprecords
[2025-02-26T20:50:03.197+0000] {subprocess.py:93} INFO - 2025-02-26 20:50:03,186 INFO Configuration.deprecation: map.input.length is deprecated. Instead, use mapreduce.map.input.length
[2025-02-26T20:50:03.198+0000] {subprocess.py:93} INFO - 2025-02-26 20:50:03,187 INFO Configuration.deprecation: mapred.job.id is deprecated. Instead, use mapreduce.job.id
[2025-02-26T20:50:03.198+0000] {subprocess.py:93} INFO - 2025-02-26 20:50:03,187 INFO Configuration.deprecation: user.name is deprecated. Instead, use mapreduce.job.user.name
[2025-02-26T20:50:03.199+0000] {subprocess.py:93} INFO - 2025-02-26 20:50:03,187 INFO Configuration.deprecation: mapred.task.partition is deprecated. Instead, use mapreduce.task.partition
[2025-02-26T20:50:03.218+0000] {subprocess.py:93} INFO - 2025-02-26 20:50:03,216 INFO sasl.SaslDataTransferClient: SASL encryption trust check: localHostTrusted = false, remoteHostTrusted = false
[2025-02-26T20:50:03.279+0000] {subprocess.py:93} INFO - 2025-02-26 20:50:03,276 INFO streaming.PipeMapRed: R/W/S=1/0/0 in:NA [rec/s] out:NA [rec/s]
[2025-02-26T20:50:03.280+0000] {subprocess.py:93} INFO - 2025-02-26 20:50:03,277 INFO streaming.PipeMapRed: R/W/S=10/0/0 in:NA [rec/s] out:NA [rec/s]
[2025-02-26T20:50:03.281+0000] {subprocess.py:93} INFO - 2025-02-26 20:50:03,278 INFO streaming.PipeMapRed: R/W/S=100/0/0 in:NA [rec/s] out:NA [rec/s]
[2025-02-26T20:50:03.295+0000] {subprocess.py:93} INFO - 2025-02-26 20:50:03,294 INFO streaming.PipeMapRed: MRErrorThread done
[2025-02-26T20:50:03.296+0000] {subprocess.py:93} INFO - 2025-02-26 20:50:03,294 INFO streaming.PipeMapRed: mapRedFinished
[2025-02-26T20:50:03.299+0000] {subprocess.py:93} INFO - 2025-02-26 20:50:03,298 INFO mapred.LocalJobRunner:
[2025-02-26T20:50:03.300+0000] {subprocess.py:93} INFO - 2025-02-26 20:50:03,298 INFO mapred.MapTask: Starting flush of map output
[2025-02-26T20:50:03.319+0000] {subprocess.py:93} INFO - 2025-02-26 20:50:03,318 INFO mapred.Task: Task:attempt_local578723503_0001_m_000000_0 is done. And is in the process of committing
[2025-02-26T20:50:03.325+0000] {subprocess.py:93} INFO - 2025-02-26 20:50:03,323 INFO mapred.LocalJobRunner: hdfs://namenode:9000/user/etudiant/crypto/raw/YYYY=2025/MM=02/DD=26/yfinance_raw.json:0+19766
[2025-02-26T20:50:03.326+0000] {subprocess.py:93} INFO - 2025-02-26 20:50:03,324 INFO mapred.Task: Task 'attempt_local578723503_0001_m_000000_0' done.
[2025-02-26T20:50:03.334+0000] {subprocess.py:93} INFO - 2025-02-26 20:50:03,333 INFO mapred.Task: Final Counters for attempt_local578723503_0001_m_000000_0: Counters: 23
[2025-02-26T20:50:03.335+0000] {subprocess.py:93} INFO - 	File System Counters
[2025-02-26T20:50:03.336+0000] {subprocess.py:93} INFO - 		FILE: Number of bytes read=180665
[2025-02-26T20:50:03.337+0000] {subprocess.py:93} INFO - 		FILE: Number of bytes written=709713
[2025-02-26T20:50:03.342+0000] {subprocess.py:93} INFO - 		FILE: Number of read operations=0
[2025-02-26T20:50:03.343+0000] {subprocess.py:93} INFO - 		FILE: Number of large read operations=0
[2025-02-26T20:50:03.344+0000] {subprocess.py:93} INFO - 		FILE: Number of write operations=0
[2025-02-26T20:50:03.345+0000] {subprocess.py:93} INFO - 		HDFS: Number of bytes read=19766
[2025-02-26T20:50:03.345+0000] {subprocess.py:93} INFO - 		HDFS: Number of bytes written=0
[2025-02-26T20:50:03.346+0000] {subprocess.py:93} INFO - 		HDFS: Number of read operations=5
[2025-02-26T20:50:03.346+0000] {subprocess.py:93} INFO - 		HDFS: Number of large read operations=0
[2025-02-26T20:50:03.347+0000] {subprocess.py:93} INFO - 		HDFS: Number of write operations=1
[2025-02-26T20:50:03.348+0000] {subprocess.py:93} INFO - 		HDFS: Number of bytes read erasure-coded=0
[2025-02-26T20:50:03.349+0000] {subprocess.py:93} INFO - 	Map-Reduce Framework
[2025-02-26T20:50:03.349+0000] {subprocess.py:93} INFO - 		Map input records=677
[2025-02-26T20:50:03.350+0000] {subprocess.py:93} INFO - 		Map output records=0
[2025-02-26T20:50:03.350+0000] {subprocess.py:93} INFO - 		Map output bytes=0
[2025-02-26T20:50:03.351+0000] {subprocess.py:93} INFO - 		Map output materialized bytes=6
[2025-02-26T20:50:03.351+0000] {subprocess.py:93} INFO - 		Input split bytes=137
[2025-02-26T20:50:03.352+0000] {subprocess.py:93} INFO - 		Combine input records=0
[2025-02-26T20:50:03.352+0000] {subprocess.py:93} INFO - 		Spilled Records=0
[2025-02-26T20:50:03.353+0000] {subprocess.py:93} INFO - 		Failed Shuffles=0
[2025-02-26T20:50:03.353+0000] {subprocess.py:93} INFO - 		Merged Map outputs=0
[2025-02-26T20:50:03.354+0000] {subprocess.py:93} INFO - 		GC time elapsed (ms)=0
[2025-02-26T20:50:03.355+0000] {subprocess.py:93} INFO - 		Total committed heap usage (bytes)=277872640
[2025-02-26T20:50:03.355+0000] {subprocess.py:93} INFO - 	File Input Format Counters
[2025-02-26T20:50:03.356+0000] {subprocess.py:93} INFO - 		Bytes Read=19766
[2025-02-26T20:50:03.356+0000] {subprocess.py:93} INFO - 2025-02-26 20:50:03,333 INFO mapred.LocalJobRunner: Finishing task: attempt_local578723503_0001_m_000000_0
[2025-02-26T20:50:03.357+0000] {subprocess.py:93} INFO - 2025-02-26 20:50:03,333 INFO mapred.LocalJobRunner: map task executor complete.
[2025-02-26T20:50:03.357+0000] {subprocess.py:93} INFO - 2025-02-26 20:50:03,337 INFO mapred.LocalJobRunner: Waiting for reduce tasks
[2025-02-26T20:50:03.358+0000] {subprocess.py:93} INFO - 2025-02-26 20:50:03,346 INFO mapred.LocalJobRunner: Starting task: attempt_local578723503_0001_r_000000_0
[2025-02-26T20:50:03.359+0000] {subprocess.py:93} INFO - 2025-02-26 20:50:03,356 INFO output.FileOutputCommitter: File Output Committer Algorithm version is 2
[2025-02-26T20:50:03.360+0000] {subprocess.py:93} INFO - 2025-02-26 20:50:03,356 INFO output.FileOutputCommitter: FileOutputCommitter skip cleanup _temporary folders under output directory:false, ignore cleanup failures: false
[2025-02-26T20:50:03.360+0000] {subprocess.py:93} INFO - 2025-02-26 20:50:03,358 INFO mapred.Task:  Using ResourceCalculatorProcessTree : [ ]
[2025-02-26T20:50:03.365+0000] {subprocess.py:93} INFO - 2025-02-26 20:50:03,363 INFO mapred.ReduceTask: Using ShuffleConsumerPlugin: org.apache.hadoop.mapreduce.task.reduce.Shuffle@180273e3
[2025-02-26T20:50:03.367+0000] {subprocess.py:93} INFO - 2025-02-26 20:50:03,365 WARN impl.MetricsSystemImpl: JobTracker metrics system already initialized!
[2025-02-26T20:50:03.384+0000] {subprocess.py:93} INFO - 2025-02-26 20:50:03,382 INFO reduce.MergeManagerImpl: MergerManager: memoryLimit=668309888, maxSingleShuffleLimit=167077472, mergeThreshold=441084544, ioSortFactor=10, memToMemMergeOutputsThreshold=10
[2025-02-26T20:50:03.388+0000] {subprocess.py:93} INFO - 2025-02-26 20:50:03,386 INFO reduce.EventFetcher: attempt_local578723503_0001_r_000000_0 Thread started: EventFetcher for fetching Map Completion Events
[2025-02-26T20:50:03.415+0000] {subprocess.py:93} INFO - 2025-02-26 20:50:03,413 INFO reduce.LocalFetcher: localfetcher#1 about to shuffle output of map attempt_local578723503_0001_m_000000_0 decomp: 2 len: 6 to MEMORY
[2025-02-26T20:50:03.420+0000] {subprocess.py:93} INFO - 2025-02-26 20:50:03,418 INFO reduce.InMemoryMapOutput: Read 2 bytes from map-output for attempt_local578723503_0001_m_000000_0
[2025-02-26T20:50:03.422+0000] {subprocess.py:93} INFO - 2025-02-26 20:50:03,420 INFO reduce.MergeManagerImpl: closeInMemoryFile -> map-output of size: 2, inMemoryMapOutputs.size() -> 1, commitMemory -> 0, usedMemory ->2
[2025-02-26T20:50:03.423+0000] {subprocess.py:93} INFO - 2025-02-26 20:50:03,422 INFO reduce.EventFetcher: EventFetcher is interrupted.. Returning
[2025-02-26T20:50:03.425+0000] {subprocess.py:93} INFO - 2025-02-26 20:50:03,423 INFO mapred.LocalJobRunner: 1 / 1 copied.
[2025-02-26T20:50:03.426+0000] {subprocess.py:93} INFO - 2025-02-26 20:50:03,423 INFO reduce.MergeManagerImpl: finalMerge called with 1 in-memory map-outputs and 0 on-disk map-outputs
[2025-02-26T20:50:03.436+0000] {subprocess.py:93} INFO - 2025-02-26 20:50:03,434 INFO mapred.Merger: Merging 1 sorted segments
[2025-02-26T20:50:03.437+0000] {subprocess.py:93} INFO - 2025-02-26 20:50:03,434 INFO mapred.Merger: Down to the last merge-pass, with 0 segments left of total size: 0 bytes
[2025-02-26T20:50:03.438+0000] {subprocess.py:93} INFO - 2025-02-26 20:50:03,436 INFO reduce.MergeManagerImpl: Merged 1 segments, 2 bytes to disk to satisfy reduce memory limit
[2025-02-26T20:50:03.438+0000] {subprocess.py:93} INFO - 2025-02-26 20:50:03,436 INFO reduce.MergeManagerImpl: Merging 1 files, 6 bytes from disk
[2025-02-26T20:50:03.439+0000] {subprocess.py:93} INFO - 2025-02-26 20:50:03,438 INFO reduce.MergeManagerImpl: Merging 0 segments, 0 bytes from memory into reduce
[2025-02-26T20:50:03.440+0000] {subprocess.py:93} INFO - 2025-02-26 20:50:03,438 INFO mapred.Merger: Merging 1 sorted segments
[2025-02-26T20:50:03.441+0000] {subprocess.py:93} INFO - 2025-02-26 20:50:03,439 INFO mapred.Merger: Down to the last merge-pass, with 0 segments left of total size: 0 bytes
[2025-02-26T20:50:03.441+0000] {subprocess.py:93} INFO - 2025-02-26 20:50:03,440 INFO mapred.LocalJobRunner: 1 / 1 copied.
[2025-02-26T20:50:03.447+0000] {subprocess.py:93} INFO - 2025-02-26 20:50:03,445 INFO streaming.PipeMapRed: PipeMapRed exec [/usr/bin/python, reducer.py]
[2025-02-26T20:50:03.450+0000] {subprocess.py:93} INFO - 2025-02-26 20:50:03,449 INFO Configuration.deprecation: mapred.job.tracker is deprecated. Instead, use mapreduce.jobtracker.address
[2025-02-26T20:50:03.451+0000] {subprocess.py:93} INFO - 2025-02-26 20:50:03,450 INFO Configuration.deprecation: mapred.map.tasks is deprecated. Instead, use mapreduce.job.maps
[2025-02-26T20:50:03.499+0000] {subprocess.py:93} INFO - 2025-02-26 20:50:03,497 INFO streaming.PipeMapRed: MRErrorThread done
[2025-02-26T20:50:03.500+0000] {subprocess.py:93} INFO - 2025-02-26 20:50:03,498 INFO streaming.PipeMapRed: mapRedFinished
[2025-02-26T20:50:03.509+0000] {subprocess.py:93} INFO - 2025-02-26 20:50:03,507 INFO mapred.Task: Task:attempt_local578723503_0001_r_000000_0 is done. And is in the process of committing
[2025-02-26T20:50:03.512+0000] {subprocess.py:93} INFO - 2025-02-26 20:50:03,510 INFO mapred.LocalJobRunner: 1 / 1 copied.
[2025-02-26T20:50:03.513+0000] {subprocess.py:93} INFO - 2025-02-26 20:50:03,510 INFO mapred.Task: Task attempt_local578723503_0001_r_000000_0 is allowed to commit now
[2025-02-26T20:50:03.528+0000] {subprocess.py:93} INFO - 2025-02-26 20:50:03,527 INFO output.FileOutputCommitter: Saved output of task 'attempt_local578723503_0001_r_000000_0' to hdfs://namenode:9000/user/etudiant/crypto/processed/YYYY=2025/MM=02/DD=26
[2025-02-26T20:50:03.530+0000] {subprocess.py:93} INFO - 2025-02-26 20:50:03,528 INFO mapred.LocalJobRunner: reduce > reduce
[2025-02-26T20:50:03.531+0000] {subprocess.py:93} INFO - 2025-02-26 20:50:03,528 INFO mapred.Task: Task 'attempt_local578723503_0001_r_000000_0' done.
[2025-02-26T20:50:03.531+0000] {subprocess.py:93} INFO - 2025-02-26 20:50:03,529 INFO mapred.Task: Final Counters for attempt_local578723503_0001_r_000000_0: Counters: 30
[2025-02-26T20:50:03.532+0000] {subprocess.py:93} INFO - 	File System Counters
[2025-02-26T20:50:03.532+0000] {subprocess.py:93} INFO - 		FILE: Number of bytes read=180709
[2025-02-26T20:50:03.533+0000] {subprocess.py:93} INFO - 		FILE: Number of bytes written=709719
[2025-02-26T20:50:03.533+0000] {subprocess.py:93} INFO - 		FILE: Number of read operations=0
[2025-02-26T20:50:03.534+0000] {subprocess.py:93} INFO - 		FILE: Number of large read operations=0
[2025-02-26T20:50:03.534+0000] {subprocess.py:93} INFO - 		FILE: Number of write operations=0
[2025-02-26T20:50:03.534+0000] {subprocess.py:93} INFO - 		HDFS: Number of bytes read=19766
[2025-02-26T20:50:03.535+0000] {subprocess.py:93} INFO - 		HDFS: Number of bytes written=0
[2025-02-26T20:50:03.535+0000] {subprocess.py:93} INFO - 		HDFS: Number of read operations=10
[2025-02-26T20:50:03.536+0000] {subprocess.py:93} INFO - 		HDFS: Number of large read operations=0
[2025-02-26T20:50:03.536+0000] {subprocess.py:93} INFO - 		HDFS: Number of write operations=3
[2025-02-26T20:50:03.537+0000] {subprocess.py:93} INFO - 		HDFS: Number of bytes read erasure-coded=0
[2025-02-26T20:50:03.537+0000] {subprocess.py:93} INFO - 	Map-Reduce Framework
[2025-02-26T20:50:03.537+0000] {subprocess.py:93} INFO - 		Combine input records=0
[2025-02-26T20:50:03.538+0000] {subprocess.py:93} INFO - 		Combine output records=0
[2025-02-26T20:50:03.538+0000] {subprocess.py:93} INFO - 		Reduce input groups=0
[2025-02-26T20:50:03.538+0000] {subprocess.py:93} INFO - 		Reduce shuffle bytes=6
[2025-02-26T20:50:03.539+0000] {subprocess.py:93} INFO - 		Reduce input records=0
[2025-02-26T20:50:03.539+0000] {subprocess.py:93} INFO - 		Reduce output records=0
[2025-02-26T20:50:03.539+0000] {subprocess.py:93} INFO - 		Spilled Records=0
[2025-02-26T20:50:03.540+0000] {subprocess.py:93} INFO - 		Shuffled Maps =1
[2025-02-26T20:50:03.540+0000] {subprocess.py:93} INFO - 		Failed Shuffles=0
[2025-02-26T20:50:03.540+0000] {subprocess.py:93} INFO - 		Merged Map outputs=1
[2025-02-26T20:50:03.541+0000] {subprocess.py:93} INFO - 		GC time elapsed (ms)=0
[2025-02-26T20:50:03.541+0000] {subprocess.py:93} INFO - 		Total committed heap usage (bytes)=278921216
[2025-02-26T20:50:03.542+0000] {subprocess.py:93} INFO - 	Shuffle Errors
[2025-02-26T20:50:03.542+0000] {subprocess.py:93} INFO - 		BAD_ID=0
[2025-02-26T20:50:03.542+0000] {subprocess.py:93} INFO - 		CONNECTION=0
[2025-02-26T20:50:03.543+0000] {subprocess.py:93} INFO - 		IO_ERROR=0
[2025-02-26T20:50:03.543+0000] {subprocess.py:93} INFO - 		WRONG_LENGTH=0
[2025-02-26T20:50:03.543+0000] {subprocess.py:93} INFO - 		WRONG_MAP=0
[2025-02-26T20:50:03.544+0000] {subprocess.py:93} INFO - 		WRONG_REDUCE=0
[2025-02-26T20:50:03.544+0000] {subprocess.py:93} INFO - 	File Output Format Counters
[2025-02-26T20:50:03.545+0000] {subprocess.py:93} INFO - 		Bytes Written=0
[2025-02-26T20:50:03.545+0000] {subprocess.py:93} INFO - 2025-02-26 20:50:03,529 INFO mapred.LocalJobRunner: Finishing task: attempt_local578723503_0001_r_000000_0
[2025-02-26T20:50:03.546+0000] {subprocess.py:93} INFO - 2025-02-26 20:50:03,529 INFO mapred.LocalJobRunner: reduce task executor complete.
[2025-02-26T20:50:04.036+0000] {subprocess.py:93} INFO - 2025-02-26 20:50:04,033 INFO mapreduce.Job: Job job_local578723503_0001 running in uber mode : false
[2025-02-26T20:50:04.039+0000] {subprocess.py:93} INFO - 2025-02-26 20:50:04,035 INFO mapreduce.Job:  map 100% reduce 100%
[2025-02-26T20:50:04.042+0000] {subprocess.py:93} INFO - 2025-02-26 20:50:04,039 INFO mapreduce.Job: Job job_local578723503_0001 completed successfully
[2025-02-26T20:50:04.051+0000] {subprocess.py:93} INFO - 2025-02-26 20:50:04,049 INFO mapreduce.Job: Counters: 36
[2025-02-26T20:50:04.053+0000] {subprocess.py:93} INFO - 	File System Counters
[2025-02-26T20:50:04.054+0000] {subprocess.py:93} INFO - 		FILE: Number of bytes read=361374
[2025-02-26T20:50:04.055+0000] {subprocess.py:93} INFO - 		FILE: Number of bytes written=1419432
[2025-02-26T20:50:04.056+0000] {subprocess.py:93} INFO - 		FILE: Number of read operations=0
[2025-02-26T20:50:04.057+0000] {subprocess.py:93} INFO - 		FILE: Number of large read operations=0
[2025-02-26T20:50:04.058+0000] {subprocess.py:93} INFO - 		FILE: Number of write operations=0
[2025-02-26T20:50:04.059+0000] {subprocess.py:93} INFO - 		HDFS: Number of bytes read=39532
[2025-02-26T20:50:04.060+0000] {subprocess.py:93} INFO - 		HDFS: Number of bytes written=0
[2025-02-26T20:50:04.061+0000] {subprocess.py:93} INFO - 		HDFS: Number of read operations=15
[2025-02-26T20:50:04.061+0000] {subprocess.py:93} INFO - 		HDFS: Number of large read operations=0
[2025-02-26T20:50:04.063+0000] {subprocess.py:93} INFO - 		HDFS: Number of write operations=4
[2025-02-26T20:50:04.064+0000] {subprocess.py:93} INFO - 		HDFS: Number of bytes read erasure-coded=0
[2025-02-26T20:50:04.064+0000] {subprocess.py:93} INFO - 	Map-Reduce Framework
[2025-02-26T20:50:04.065+0000] {subprocess.py:93} INFO - 		Map input records=677
[2025-02-26T20:50:04.066+0000] {subprocess.py:93} INFO - 		Map output records=0
[2025-02-26T20:50:04.067+0000] {subprocess.py:93} INFO - 		Map output bytes=0
[2025-02-26T20:50:04.068+0000] {subprocess.py:93} INFO - 		Map output materialized bytes=6
[2025-02-26T20:50:04.069+0000] {subprocess.py:93} INFO - 		Input split bytes=137
[2025-02-26T20:50:04.070+0000] {subprocess.py:93} INFO - 		Combine input records=0
[2025-02-26T20:50:04.071+0000] {subprocess.py:93} INFO - 		Combine output records=0
[2025-02-26T20:50:04.072+0000] {subprocess.py:93} INFO - 		Reduce input groups=0
[2025-02-26T20:50:04.073+0000] {subprocess.py:93} INFO - 		Reduce shuffle bytes=6
[2025-02-26T20:50:04.074+0000] {subprocess.py:93} INFO - 		Reduce input records=0
[2025-02-26T20:50:04.075+0000] {subprocess.py:93} INFO - 		Reduce output records=0
[2025-02-26T20:50:04.075+0000] {subprocess.py:93} INFO - 		Spilled Records=0
[2025-02-26T20:50:04.076+0000] {subprocess.py:93} INFO - 		Shuffled Maps =1
[2025-02-26T20:50:04.077+0000] {subprocess.py:93} INFO - 		Failed Shuffles=0
[2025-02-26T20:50:04.078+0000] {subprocess.py:93} INFO - 		Merged Map outputs=1
[2025-02-26T20:50:04.079+0000] {subprocess.py:93} INFO - 		GC time elapsed (ms)=0
[2025-02-26T20:50:04.080+0000] {subprocess.py:93} INFO - 		Total committed heap usage (bytes)=556793856
[2025-02-26T20:50:04.081+0000] {subprocess.py:93} INFO - 	Shuffle Errors
[2025-02-26T20:50:04.082+0000] {subprocess.py:93} INFO - 		BAD_ID=0
[2025-02-26T20:50:04.083+0000] {subprocess.py:93} INFO - 		CONNECTION=0
[2025-02-26T20:50:04.084+0000] {subprocess.py:93} INFO - 		IO_ERROR=0
[2025-02-26T20:50:04.085+0000] {subprocess.py:93} INFO - 		WRONG_LENGTH=0
[2025-02-26T20:50:04.086+0000] {subprocess.py:93} INFO - 		WRONG_MAP=0
[2025-02-26T20:50:04.086+0000] {subprocess.py:93} INFO - 		WRONG_REDUCE=0
[2025-02-26T20:50:04.087+0000] {subprocess.py:93} INFO - 	File Input Format Counters
[2025-02-26T20:50:04.088+0000] {subprocess.py:93} INFO - 		Bytes Read=19766
[2025-02-26T20:50:04.089+0000] {subprocess.py:93} INFO - 	File Output Format Counters
[2025-02-26T20:50:04.090+0000] {subprocess.py:93} INFO - 		Bytes Written=0
[2025-02-26T20:50:04.091+0000] {subprocess.py:93} INFO - 2025-02-26 20:50:04,050 INFO streaming.StreamJob: Output directory: hdfs:///user/etudiant/crypto/processed/YYYY=2025/MM=02/DD=26
[2025-02-26T20:50:04.528+0000] {subprocess.py:97} INFO - Command exited with return code 0
[2025-02-26T20:50:04.557+0000] {taskinstance.py:1400} INFO - Marking task as SUCCESS. dag_id=yfinance_ingestion_dag, task_id=run_mapreduce, execution_date=20250226T204946, start_date=20250226T204958, end_date=20250226T205004
[2025-02-26T20:50:04.607+0000] {local_task_job_runner.py:228} INFO - Task exited with return code 0
[2025-02-26T20:50:04.625+0000] {taskinstance.py:2784} INFO - 0 downstream tasks scheduled from follow-on schedule check
