[2025-02-25T10:08:17.234+0000] {taskinstance.py:1159} INFO - Dependencies all met for dep_context=non-requeueable deps ti=<TaskInstance: yfinance_python_processing_dag.fetch_data scheduled__2024-10-01T00:00:00+00:00 [queued]>
[2025-02-25T10:08:17.314+0000] {taskinstance.py:1159} INFO - Dependencies all met for dep_context=requeueable deps ti=<TaskInstance: yfinance_python_processing_dag.fetch_data scheduled__2024-10-01T00:00:00+00:00 [queued]>
[2025-02-25T10:08:17.341+0000] {taskinstance.py:1361} INFO - Starting attempt 1 of 2
[2025-02-25T10:08:17.474+0000] {taskinstance.py:1382} INFO - Executing <Task(PythonOperator): fetch_data> on 2024-10-01 00:00:00+00:00
[2025-02-25T10:08:17.494+0000] {standard_task_runner.py:84} INFO - Running: ['***', 'tasks', 'run', 'yfinance_python_processing_dag', 'fetch_data', 'scheduled__2024-10-01T00:00:00+00:00', '--job-id', '157', '--raw', '--subdir', 'DAGS_FOLDER/test_hello.py', '--cfg-path', '/tmp/tmpmyiphfpb']
[2025-02-25T10:08:17.505+0000] {standard_task_runner.py:85} INFO - Job 157: Subtask fetch_data
[2025-02-25T10:08:17.486+0000] {standard_task_runner.py:57} INFO - Started process 2106 to run task
[2025-02-25T10:08:17.804+0000] {task_command.py:415} INFO - Running <TaskInstance: yfinance_python_processing_dag.fetch_data scheduled__2024-10-01T00:00:00+00:00 [running]> on host 6dbd75e48aaa
[2025-02-25T10:08:18.109+0000] {taskinstance.py:1660} INFO - Exporting env vars: AIRFLOW_CTX_DAG_OWNER='etudiant' AIRFLOW_CTX_DAG_ID='yfinance_python_processing_dag' AIRFLOW_CTX_TASK_ID='fetch_data' AIRFLOW_CTX_EXECUTION_DATE='2024-10-01T00:00:00+00:00' AIRFLOW_CTX_TRY_NUMBER='1' AIRFLOW_CTX_DAG_RUN_ID='scheduled__2024-10-01T00:00:00+00:00'
[2025-02-25T10:08:18.120+0000] {logging_mixin.py:151} INFO - Execution date: 2024-10-01
[2025-02-25T10:08:19.433+0000] {logging_mixin.py:151} INFO - Raw data from yfinance (from 2024-10-01 00:00:00 to 2024-10-31 00:00:00):                                  Open        High  ...  Dividends  Stock Splits
Date                                               ...                         
2024-10-01 00:00:00-04:00  262.670013  263.980011  ...        0.0           0.0
2024-10-02 00:00:00-04:00  247.550003  251.160004  ...        0.0           0.0
2024-10-03 00:00:00-04:00  244.479996  249.789993  ...        0.0           0.0
2024-10-04 00:00:00-04:00  246.690002  250.960007  ...        0.0           0.0
2024-10-07 00:00:00-04:00  249.000000  249.830002  ...        0.0           0.0
2024-10-08 00:00:00-04:00  243.559998  246.210007  ...        0.0           0.0
2024-10-09 00:00:00-04:00  243.820007  247.429993  ...        0.0           0.0
2024-10-10 00:00:00-04:00  241.809998  242.789993  ...        0.0           0.0
2024-10-11 00:00:00-04:00  220.130005  223.339996  ...        0.0           0.0
2024-10-14 00:00:00-04:00  220.130005  221.910004  ...        0.0           0.0
2024-10-15 00:00:00-04:00  220.009995  224.259995  ...        0.0           0.0
2024-10-16 00:00:00-04:00  221.399994  222.820007  ...        0.0           0.0
2024-10-17 00:00:00-04:00  221.589996  222.080002  ...        0.0           0.0
2024-10-18 00:00:00-04:00  220.710007  222.279999  ...        0.0           0.0
2024-10-21 00:00:00-04:00  218.899994  220.479996  ...        0.0           0.0
2024-10-22 00:00:00-04:00  217.309998  218.220001  ...        0.0           0.0
2024-10-23 00:00:00-04:00  217.130005  218.720001  ...        0.0           0.0
2024-10-24 00:00:00-04:00  244.679993  262.119995  ...        0.0           0.0
2024-10-25 00:00:00-04:00  256.010010  269.489990  ...        0.0           0.0
2024-10-28 00:00:00-04:00  270.000000  273.540009  ...        0.0           0.0
2024-10-29 00:00:00-04:00  264.510010  264.980011  ...        0.0           0.0
2024-10-30 00:00:00-04:00  258.040009  263.350006  ...        0.0           0.0

[22 rows x 7 columns]
[2025-02-25T10:08:19.444+0000] {logging_mixin.py:151} INFO - Serialized data: {'2024-10-01 00:00:00-04:00': {'Open': 262.6700134277344, 'High': 263.9800109863281, 'Low': 248.52999877929688, 'Close': 258.0199890136719, 'Volume': 87397600, 'Dividends': 0.0, 'Stock Splits': 0.0}, '2024-10-02 00:00:00-04:00': {'Open': 247.5500030517578, 'High': 251.16000366210938, 'Low': 241.5, 'Close': 249.02000427246094, 'Volume': 93983900, 'Dividends': 0.0, 'Stock Splits': 0.0}, '2024-10-03 00:00:00-04:00': {'Open': 244.47999572753906, 'High': 249.7899932861328, 'Low': 237.80999755859375, 'Close': 240.66000366210938, 'Volume': 80729200, 'Dividends': 0.0, 'Stock Splits': 0.0}, '2024-10-04 00:00:00-04:00': {'Open': 246.69000244140625, 'High': 250.9600067138672, 'Low': 244.5800018310547, 'Close': 250.0800018310547, 'Volume': 86573200, 'Dividends': 0.0, 'Stock Splits': 0.0}, '2024-10-07 00:00:00-04:00': {'Open': 249.0, 'High': 249.8300018310547, 'Low': 240.6999969482422, 'Close': 240.8300018310547, 'Volume': 68113300, 'Dividends': 0.0, 'Stock Splits': 0.0}, '2024-10-08 00:00:00-04:00': {'Open': 243.55999755859375, 'High': 246.2100067138672, 'Low': 240.55999755859375, 'Close': 244.5, 'Volume': 56303200, 'Dividends': 0.0, 'Stock Splits': 0.0}, '2024-10-09 00:00:00-04:00': {'Open': 243.82000732421875, 'High': 247.42999267578125, 'Low': 239.50999450683594, 'Close': 241.0500030517578, 'Volume': 66289500, 'Dividends': 0.0, 'Stock Splits': 0.0}, '2024-10-10 00:00:00-04:00': {'Open': 241.80999755859375, 'High': 242.7899932861328, 'Low': 232.33999633789062, 'Close': 238.77000427246094, 'Volume': 83087100, 'Dividends': 0.0, 'Stock Splits': 0.0}, '2024-10-11 00:00:00-04:00': {'Open': 220.1300048828125, 'High': 223.33999633789062, 'Low': 214.3800048828125, 'Close': 217.8000030517578, 'Volume': 142628900, 'Dividends': 0.0, 'Stock Splits': 0.0}, '2024-10-14 00:00:00-04:00': {'Open': 220.1300048828125, 'High': 221.91000366210938, 'Low': 213.74000549316406, 'Close': 219.16000366210938, 'Volume': 86291900, 'Dividends': 0.0, 'Stock Splits': 0.0}, '2024-10-15 00:00:00-04:00': {'Open': 220.00999450683594, 'High': 224.25999450683594, 'Low': 217.1199951171875, 'Close': 219.57000732421875, 'Volume': 62988800, 'Dividends': 0.0, 'Stock Splits': 0.0}, '2024-10-16 00:00:00-04:00': {'Open': 221.39999389648438, 'High': 222.82000732421875, 'Low': 218.92999267578125, 'Close': 221.3300018310547, 'Volume': 49632800, 'Dividends': 0.0, 'Stock Splits': 0.0}, '2024-10-17 00:00:00-04:00': {'Open': 221.58999633789062, 'High': 222.0800018310547, 'Low': 217.89999389648438, 'Close': 220.88999938964844, 'Volume': 50791800, 'Dividends': 0.0, 'Stock Splits': 0.0}, '2024-10-18 00:00:00-04:00': {'Open': 220.7100067138672, 'High': 222.27999877929688, 'Low': 219.22999572753906, 'Close': 220.6999969482422, 'Volume': 49611900, 'Dividends': 0.0, 'Stock Splits': 0.0}, '2024-10-21 00:00:00-04:00': {'Open': 218.89999389648438, 'High': 220.47999572753906, 'Low': 215.72999572753906, 'Close': 218.85000610351562, 'Volume': 47329000, 'Dividends': 0.0, 'Stock Splits': 0.0}, '2024-10-22 00:00:00-04:00': {'Open': 217.30999755859375, 'High': 218.22000122070312, 'Low': 215.25999450683594, 'Close': 217.97000122070312, 'Volume': 43268700, 'Dividends': 0.0, 'Stock Splits': 0.0}, '2024-10-23 00:00:00-04:00': {'Open': 217.1300048828125, 'High': 218.72000122070312, 'Low': 212.11000061035156, 'Close': 213.64999389648438, 'Volume': 80938900, 'Dividends': 0.0, 'Stock Splits': 0.0}, '2024-10-24 00:00:00-04:00': {'Open': 244.67999267578125, 'High': 262.1199951171875, 'Low': 242.64999389648438, 'Close': 260.4800109863281, 'Volume': 204491900, 'Dividends': 0.0, 'Stock Splits': 0.0}, '2024-10-25 00:00:00-04:00': {'Open': 256.010009765625, 'High': 269.489990234375, 'Low': 255.32000732421875, 'Close': 269.19000244140625, 'Volume': 161611900, 'Dividends': 0.0, 'Stock Splits': 0.0}, '2024-10-28 00:00:00-04:00': {'Open': 270.0, 'High': 273.5400085449219, 'Low': 262.239990234375, 'Close': 262.510009765625, 'Volume': 107653600, 'Dividends': 0.0, 'Stock Splits': 0.0}, '2024-10-29 00:00:00-04:00': {'Open': 264.510009765625, 'High': 264.9800109863281, 'Low': 255.50999450683594, 'Close': 259.5199890136719, 'Volume': 80521800, 'Dividends': 0.0, 'Stock Splits': 0.0}, '2024-10-30 00:00:00-04:00': {'Open': 258.0400085449219, 'High': 263.3500061035156, 'Low': 255.82000732421875, 'Close': 257.54998779296875, 'Volume': 53993600, 'Dividends': 0.0, 'Stock Splits': 0.0}}
[2025-02-25T10:08:19.505+0000] {python.py:194} INFO - Done. Returned value was: None
[2025-02-25T10:08:19.555+0000] {taskinstance.py:1400} INFO - Marking task as SUCCESS. dag_id=yfinance_python_processing_dag, task_id=fetch_data, execution_date=20241001T000000, start_date=20250225T100817, end_date=20250225T100819
[2025-02-25T10:08:19.689+0000] {local_task_job_runner.py:228} INFO - Task exited with return code 0
[2025-02-25T10:08:19.820+0000] {taskinstance.py:2784} INFO - 1 downstream tasks scheduled from follow-on schedule check
