[2025-02-25T09:50:58.809+0000] {taskinstance.py:1159} INFO - Dependencies all met for dep_context=non-requeueable deps ti=<TaskInstance: yfinance_ingestion_dag.store_raw_data_in_hdfs scheduled__2025-02-06T00:00:00+00:00 [queued]>
[2025-02-25T09:50:58.869+0000] {taskinstance.py:1159} INFO - Dependencies all met for dep_context=requeueable deps ti=<TaskInstance: yfinance_ingestion_dag.store_raw_data_in_hdfs scheduled__2025-02-06T00:00:00+00:00 [queued]>
[2025-02-25T09:50:58.870+0000] {taskinstance.py:1361} INFO - Starting attempt 1 of 2
[2025-02-25T09:50:59.096+0000] {taskinstance.py:1382} INFO - Executing <Task(PythonOperator): store_raw_data_in_hdfs> on 2025-02-06 00:00:00+00:00
[2025-02-25T09:50:59.117+0000] {standard_task_runner.py:57} INFO - Started process 1155 to run task
[2025-02-25T09:50:59.135+0000] {standard_task_runner.py:84} INFO - Running: ['***', 'tasks', 'run', 'yfinance_ingestion_dag', 'store_raw_data_in_hdfs', 'scheduled__2025-02-06T00:00:00+00:00', '--job-id', '114', '--raw', '--subdir', 'DAGS_FOLDER/test_hello.py', '--cfg-path', '/tmp/tmpdv6dz0mz']
[2025-02-25T09:50:59.151+0000] {standard_task_runner.py:85} INFO - Job 114: Subtask store_raw_data_in_hdfs
[2025-02-25T09:50:59.402+0000] {task_command.py:415} INFO - Running <TaskInstance: yfinance_ingestion_dag.store_raw_data_in_hdfs scheduled__2025-02-06T00:00:00+00:00 [running]> on host 6dbd75e48aaa
[2025-02-25T09:50:59.962+0000] {taskinstance.py:1660} INFO - Exporting env vars: AIRFLOW_CTX_DAG_OWNER='etudiant' AIRFLOW_CTX_DAG_ID='yfinance_ingestion_dag' AIRFLOW_CTX_TASK_ID='store_raw_data_in_hdfs' AIRFLOW_CTX_EXECUTION_DATE='2025-02-06T00:00:00+00:00' AIRFLOW_CTX_TRY_NUMBER='1' AIRFLOW_CTX_DAG_RUN_ID='scheduled__2025-02-06T00:00:00+00:00'
[2025-02-25T09:51:39.909+0000] {python.py:194} INFO - Done. Returned value was: None
[2025-02-25T09:51:39.960+0000] {taskinstance.py:1400} INFO - Marking task as SUCCESS. dag_id=yfinance_ingestion_dag, task_id=store_raw_data_in_hdfs, execution_date=20250206T000000, start_date=20250225T095058, end_date=20250225T095139
[2025-02-25T09:51:40.108+0000] {local_task_job_runner.py:228} INFO - Task exited with return code 0
[2025-02-25T09:51:40.786+0000] {taskinstance.py:2784} INFO - 0 downstream tasks scheduled from follow-on schedule check
[2025-02-26T20:44:53.233+0000] {taskinstance.py:1159} INFO - Dependencies all met for dep_context=non-requeueable deps ti=<TaskInstance: yfinance_ingestion_dag.store_raw_data_in_hdfs scheduled__2025-02-06T00:00:00+00:00 [queued]>
[2025-02-26T20:44:53.269+0000] {taskinstance.py:1159} INFO - Dependencies all met for dep_context=requeueable deps ti=<TaskInstance: yfinance_ingestion_dag.store_raw_data_in_hdfs scheduled__2025-02-06T00:00:00+00:00 [queued]>
[2025-02-26T20:44:53.271+0000] {taskinstance.py:1361} INFO - Starting attempt 1 of 2
[2025-02-26T20:44:53.314+0000] {taskinstance.py:1382} INFO - Executing <Task(PythonOperator): store_raw_data_in_hdfs> on 2025-02-06 00:00:00+00:00
[2025-02-26T20:44:53.331+0000] {standard_task_runner.py:57} INFO - Started process 2444 to run task
[2025-02-26T20:44:53.341+0000] {standard_task_runner.py:84} INFO - Running: ['***', 'tasks', 'run', 'yfinance_ingestion_dag', 'store_raw_data_in_hdfs', 'scheduled__2025-02-06T00:00:00+00:00', '--job-id', '373', '--raw', '--subdir', 'DAGS_FOLDER/pipeline.py', '--cfg-path', '/tmp/tmp54jmmolw']
[2025-02-26T20:44:53.348+0000] {standard_task_runner.py:85} INFO - Job 373: Subtask store_raw_data_in_hdfs
[2025-02-26T20:44:53.496+0000] {task_command.py:415} INFO - Running <TaskInstance: yfinance_ingestion_dag.store_raw_data_in_hdfs scheduled__2025-02-06T00:00:00+00:00 [running]> on host 3c0faf52b292
[2025-02-26T20:44:53.730+0000] {taskinstance.py:1660} INFO - Exporting env vars: AIRFLOW_CTX_DAG_OWNER='etudiant' AIRFLOW_CTX_DAG_ID='yfinance_ingestion_dag' AIRFLOW_CTX_TASK_ID='store_raw_data_in_hdfs' AIRFLOW_CTX_EXECUTION_DATE='2025-02-06T00:00:00+00:00' AIRFLOW_CTX_TRY_NUMBER='1' AIRFLOW_CTX_DAG_RUN_ID='scheduled__2025-02-06T00:00:00+00:00'
[2025-02-26T20:45:00.511+0000] {python.py:194} INFO - Done. Returned value was: None
[2025-02-26T20:45:00.529+0000] {taskinstance.py:1400} INFO - Marking task as SUCCESS. dag_id=yfinance_ingestion_dag, task_id=store_raw_data_in_hdfs, execution_date=20250206T000000, start_date=20250226T204453, end_date=20250226T204500
[2025-02-26T20:45:00.602+0000] {local_task_job_runner.py:228} INFO - Task exited with return code 0
[2025-02-26T20:45:00.631+0000] {taskinstance.py:2784} INFO - 1 downstream tasks scheduled from follow-on schedule check
[2025-02-27T14:56:03.127+0000] {taskinstance.py:1157} INFO - Dependencies all met for dep_context=non-requeueable deps ti=<TaskInstance: yfinance_ingestion_dag.store_raw_data_in_hdfs scheduled__2025-02-06T00:00:00+00:00 [queued]>
[2025-02-27T14:56:03.182+0000] {taskinstance.py:1157} INFO - Dependencies all met for dep_context=requeueable deps ti=<TaskInstance: yfinance_ingestion_dag.store_raw_data_in_hdfs scheduled__2025-02-06T00:00:00+00:00 [queued]>
[2025-02-27T14:56:03.183+0000] {taskinstance.py:1359} INFO - Starting attempt 1 of 1
[2025-02-27T14:56:03.335+0000] {taskinstance.py:1380} INFO - Executing <Task(PythonOperator): store_raw_data_in_hdfs> on 2025-02-06 00:00:00+00:00
[2025-02-27T14:56:03.384+0000] {standard_task_runner.py:57} INFO - Started process 454 to run task
[2025-02-27T14:56:03.397+0000] {standard_task_runner.py:84} INFO - Running: ['***', 'tasks', 'run', 'yfinance_ingestion_dag', 'store_raw_data_in_hdfs', 'scheduled__2025-02-06T00:00:00+00:00', '--job-id', '85', '--raw', '--subdir', 'DAGS_FOLDER/pipeline.py', '--cfg-path', '/tmp/tmp0fszias8']
[2025-02-27T14:56:03.403+0000] {standard_task_runner.py:85} INFO - Job 85: Subtask store_raw_data_in_hdfs
[2025-02-27T14:56:03.716+0000] {task_command.py:415} INFO - Running <TaskInstance: yfinance_ingestion_dag.store_raw_data_in_hdfs scheduled__2025-02-06T00:00:00+00:00 [running]> on host a71f042480b6
[2025-02-27T14:56:04.381+0000] {taskinstance.py:1660} INFO - Exporting env vars: AIRFLOW_CTX_DAG_OWNER='etudiant' AIRFLOW_CTX_DAG_ID='yfinance_ingestion_dag' AIRFLOW_CTX_TASK_ID='store_raw_data_in_hdfs' AIRFLOW_CTX_EXECUTION_DATE='2025-02-06T00:00:00+00:00' AIRFLOW_CTX_TRY_NUMBER='1' AIRFLOW_CTX_DAG_RUN_ID='scheduled__2025-02-06T00:00:00+00:00'
[2025-02-27T14:56:04.513+0000] {taskinstance.py:1935} ERROR - Task failed with exception
Traceback (most recent call last):
  File "/home/airflow/.local/lib/python3.8/site-packages/airflow/operators/python.py", line 192, in execute
    return_value = self.execute_callable()
  File "/home/airflow/.local/lib/python3.8/site-packages/airflow/operators/python.py", line 209, in execute_callable
    return self.python_callable(*self.op_args, **self.op_kwargs)
  File "/opt/airflow/dags/pipeline.py", line 82, in store_raw_data_in_hdfs
    with open(local_file, 'w') as f:
PermissionError: [Errno 13] Permission denied: '/mnt/hadoop_data/yfinance_raw.json'
[2025-02-27T14:56:04.677+0000] {taskinstance.py:1398} INFO - Marking task as FAILED. dag_id=yfinance_ingestion_dag, task_id=store_raw_data_in_hdfs, execution_date=20250206T000000, start_date=20250227T145603, end_date=20250227T145604
[2025-02-27T14:56:04.759+0000] {standard_task_runner.py:104} ERROR - Failed to execute job 85 for task store_raw_data_in_hdfs ([Errno 13] Permission denied: '/mnt/hadoop_data/yfinance_raw.json'; 454)
[2025-02-27T14:56:04.846+0000] {local_task_job_runner.py:228} INFO - Task exited with return code 1
[2025-02-27T14:56:05.009+0000] {taskinstance.py:2776} INFO - 0 downstream tasks scheduled from follow-on schedule check
