[2025-02-27T14:57:35.644+0000] {taskinstance.py:1157} INFO - Dependencies all met for dep_context=non-requeueable deps ti=<TaskInstance: yfinance_ingestion_dag.fetch_data manual__2025-02-27T14:57:32.762631+00:00 [queued]>
[2025-02-27T14:57:35.663+0000] {taskinstance.py:1157} INFO - Dependencies all met for dep_context=requeueable deps ti=<TaskInstance: yfinance_ingestion_dag.fetch_data manual__2025-02-27T14:57:32.762631+00:00 [queued]>
[2025-02-27T14:57:35.664+0000] {taskinstance.py:1359} INFO - Starting attempt 1 of 1
[2025-02-27T14:57:35.688+0000] {taskinstance.py:1380} INFO - Executing <Task(PythonOperator): fetch_data> on 2025-02-27 14:57:32.762631+00:00
[2025-02-27T14:57:35.700+0000] {standard_task_runner.py:57} INFO - Started process 565 to run task
[2025-02-27T14:57:35.704+0000] {standard_task_runner.py:84} INFO - Running: ['***', 'tasks', 'run', 'yfinance_ingestion_dag', 'fetch_data', 'manual__2025-02-27T14:57:32.762631+00:00', '--job-id', '120', '--raw', '--subdir', 'DAGS_FOLDER/pipeline.py', '--cfg-path', '/tmp/tmpsk1q4ba_']
[2025-02-27T14:57:35.708+0000] {standard_task_runner.py:85} INFO - Job 120: Subtask fetch_data
[2025-02-27T14:57:35.785+0000] {task_command.py:415} INFO - Running <TaskInstance: yfinance_ingestion_dag.fetch_data manual__2025-02-27T14:57:32.762631+00:00 [running]> on host a71f042480b6
[2025-02-27T14:57:35.932+0000] {taskinstance.py:1660} INFO - Exporting env vars: AIRFLOW_CTX_DAG_OWNER='etudiant' AIRFLOW_CTX_DAG_ID='yfinance_ingestion_dag' AIRFLOW_CTX_TASK_ID='fetch_data' AIRFLOW_CTX_EXECUTION_DATE='2025-02-27T14:57:32.762631+00:00' AIRFLOW_CTX_TRY_NUMBER='1' AIRFLOW_CTX_DAG_RUN_ID='manual__2025-02-27T14:57:32.762631+00:00'
[2025-02-27T14:57:37.180+0000] {logging_mixin.py:151} INFO - [
    {
        "datetime": "2025-02-26T14:00:00.000Z",
        "open_price": 87072.828125,
        "high_price": 87563.078125,
        "low_price": 85422.9375,
        "close_price": 87432.484375,
        "volume": 0,
        "coin": "BTC"
    },
    {
        "datetime": "2025-02-26T15:00:00.000Z",
        "open_price": 87661.421875,
        "high_price": 88288.6484375,
        "low_price": 87374.875,
        "close_price": 87413.8359375,
        "volume": 0,
        "coin": "BTC"
    },
    {
        "datetime": "2025-02-26T16:00:00.000Z",
        "open_price": 87454.171875,
        "high_price": 87614.5078125,
        "low_price": 86253.3046875,
        "close_price": 86805.0390625,
        "volume": 0,
        "coin": "BTC"
    },
    {
        "datetime": "2025-02-26T17:00:00.000Z",
        "open_price": 86723.578125,
        "high_price": 87145.1328125,
        "low_price": 85626.4609375,
        "close_price": 85626.4609375,
        "volume": 0,
        "coin": "BTC"
    },
    {
        "datetime": "2025-02-26T18:00:00.000Z",
        "open_price": 86165.1171875,
        "high_price": 86317.1484375,
        "low_price": 83829.2109375,
        "close_price": 83982.5859375,
        "volume": 4174999552,
        "coin": "BTC"
    }
]
[2025-02-27T14:57:37.205+0000] {python.py:194} INFO - Done. Returned value was: None
[2025-02-27T14:57:37.237+0000] {taskinstance.py:1398} INFO - Marking task as SUCCESS. dag_id=yfinance_ingestion_dag, task_id=fetch_data, execution_date=20250227T145732, start_date=20250227T145735, end_date=20250227T145737
[2025-02-27T14:57:37.311+0000] {local_task_job_runner.py:228} INFO - Task exited with return code 0
[2025-02-27T14:57:37.364+0000] {taskinstance.py:2776} INFO - 1 downstream tasks scheduled from follow-on schedule check
