[2025-02-26T20:39:22.444+0000] {taskinstance.py:1159} INFO - Dependencies all met for dep_context=non-requeueable deps ti=<TaskInstance: yfinance_ingestion_dag.run_mapreduce scheduled__2025-01-22T00:00:00+00:00 [queued]>
[2025-02-26T20:39:22.516+0000] {taskinstance.py:1159} INFO - Dependencies all met for dep_context=requeueable deps ti=<TaskInstance: yfinance_ingestion_dag.run_mapreduce scheduled__2025-01-22T00:00:00+00:00 [queued]>
[2025-02-26T20:39:22.518+0000] {taskinstance.py:1361} INFO - Starting attempt 1 of 2
[2025-02-26T20:39:22.952+0000] {taskinstance.py:1382} INFO - Executing <Task(BashOperator): run_mapreduce> on 2025-01-22 00:00:00+00:00
[2025-02-26T20:39:22.972+0000] {standard_task_runner.py:57} INFO - Started process 888 to run task
[2025-02-26T20:39:22.982+0000] {standard_task_runner.py:84} INFO - Running: ['***', 'tasks', 'run', 'yfinance_ingestion_dag', 'run_mapreduce', 'scheduled__2025-01-22T00:00:00+00:00', '--job-id', '254', '--raw', '--subdir', 'DAGS_FOLDER/pipeline.py', '--cfg-path', '/tmp/tmpb56wm247']
[2025-02-26T20:39:23.012+0000] {standard_task_runner.py:85} INFO - Job 254: Subtask run_mapreduce
[2025-02-26T20:39:23.333+0000] {task_command.py:415} INFO - Running <TaskInstance: yfinance_ingestion_dag.run_mapreduce scheduled__2025-01-22T00:00:00+00:00 [running]> on host 3c0faf52b292
[2025-02-26T20:39:23.673+0000] {taskinstance.py:1660} INFO - Exporting env vars: AIRFLOW_CTX_DAG_OWNER='etudiant' AIRFLOW_CTX_DAG_ID='yfinance_ingestion_dag' AIRFLOW_CTX_TASK_ID='run_mapreduce' AIRFLOW_CTX_EXECUTION_DATE='2025-01-22T00:00:00+00:00' AIRFLOW_CTX_TRY_NUMBER='1' AIRFLOW_CTX_DAG_RUN_ID='scheduled__2025-01-22T00:00:00+00:00'
[2025-02-26T20:39:23.681+0000] {subprocess.py:63} INFO - Tmp dir root location: /tmp
[2025-02-26T20:39:23.684+0000] {subprocess.py:75} INFO - Running command: ['/bin/bash', '-c', '\n        docker exec -i -u root namenode bash -c \'         cd /tmp &&         cp /mnt/hadoop_data/mapreduce/mapper.py . &&         cp /mnt/hadoop_data/mapreduce/reducer.py . &&         chmod +x mapper.py reducer.py &&         hdfs dfs -rm -r hdfs:///user/etudiant/crypto/processed/YYYY=2025/MM=01/DD=22 || true &&         hadoop jar /opt/hadoop-3.2.1/share/hadoop/tools/lib/hadoop-streaming-3.2.1.jar         -files mapper.py,reducer.py         -mapper "python mapper.py"         -reducer "python reducer.py"         -input hdfs:///user/etudiant/crypto/raw/YYYY=2025/MM=01/DD=22/yfinance_raw.json         -output hdfs:///user/etudiant/crypto/processed/YYYY=2025/MM=01/DD=22\'\n        ']
[2025-02-26T20:39:23.738+0000] {subprocess.py:86} INFO - Output:
[2025-02-26T20:39:23.863+0000] {subprocess.py:93} INFO - Error response from daemon: container c068416616c3addcfecdcedaa4e27c1031cda688b8569312fe1d8d0a7228e11e is not running
[2025-02-26T20:39:23.870+0000] {subprocess.py:97} INFO - Command exited with return code 1
[2025-02-26T20:39:23.894+0000] {taskinstance.py:1943} ERROR - Task failed with exception
Traceback (most recent call last):
  File "/home/airflow/.local/lib/python3.8/site-packages/airflow/operators/bash.py", line 210, in execute
    raise AirflowException(
airflow.exceptions.AirflowException: Bash command failed. The command returned a non-zero exit code 1.
[2025-02-26T20:39:23.906+0000] {taskinstance.py:1400} INFO - Marking task as UP_FOR_RETRY. dag_id=yfinance_ingestion_dag, task_id=run_mapreduce, execution_date=20250122T000000, start_date=20250226T203922, end_date=20250226T203923
[2025-02-26T20:39:23.947+0000] {standard_task_runner.py:104} ERROR - Failed to execute job 254 for task run_mapreduce (Bash command failed. The command returned a non-zero exit code 1.; 888)
[2025-02-26T20:39:23.998+0000] {local_task_job_runner.py:228} INFO - Task exited with return code 1
[2025-02-26T20:39:24.041+0000] {taskinstance.py:2784} INFO - 0 downstream tasks scheduled from follow-on schedule check
[2025-02-26T20:42:33.783+0000] {taskinstance.py:1159} INFO - Dependencies all met for dep_context=non-requeueable deps ti=<TaskInstance: yfinance_ingestion_dag.run_mapreduce scheduled__2025-01-22T00:00:00+00:00 [queued]>
[2025-02-26T20:42:33.800+0000] {taskinstance.py:1159} INFO - Dependencies all met for dep_context=requeueable deps ti=<TaskInstance: yfinance_ingestion_dag.run_mapreduce scheduled__2025-01-22T00:00:00+00:00 [queued]>
[2025-02-26T20:42:33.801+0000] {taskinstance.py:1361} INFO - Starting attempt 1 of 2
[2025-02-26T20:42:33.820+0000] {taskinstance.py:1382} INFO - Executing <Task(BashOperator): run_mapreduce> on 2025-01-22 00:00:00+00:00
[2025-02-26T20:42:33.830+0000] {standard_task_runner.py:57} INFO - Started process 1866 to run task
[2025-02-26T20:42:33.835+0000] {standard_task_runner.py:84} INFO - Running: ['***', 'tasks', 'run', 'yfinance_ingestion_dag', 'run_mapreduce', 'scheduled__2025-01-22T00:00:00+00:00', '--job-id', '329', '--raw', '--subdir', 'DAGS_FOLDER/pipeline.py', '--cfg-path', '/tmp/tmpklavzllu']
[2025-02-26T20:42:33.839+0000] {standard_task_runner.py:85} INFO - Job 329: Subtask run_mapreduce
[2025-02-26T20:42:33.906+0000] {task_command.py:415} INFO - Running <TaskInstance: yfinance_ingestion_dag.run_mapreduce scheduled__2025-01-22T00:00:00+00:00 [running]> on host 3c0faf52b292
[2025-02-26T20:42:34.032+0000] {taskinstance.py:1660} INFO - Exporting env vars: AIRFLOW_CTX_DAG_OWNER='etudiant' AIRFLOW_CTX_DAG_ID='yfinance_ingestion_dag' AIRFLOW_CTX_TASK_ID='run_mapreduce' AIRFLOW_CTX_EXECUTION_DATE='2025-01-22T00:00:00+00:00' AIRFLOW_CTX_TRY_NUMBER='1' AIRFLOW_CTX_DAG_RUN_ID='scheduled__2025-01-22T00:00:00+00:00'
[2025-02-26T20:42:34.035+0000] {subprocess.py:63} INFO - Tmp dir root location: /tmp
[2025-02-26T20:42:34.037+0000] {subprocess.py:75} INFO - Running command: ['/bin/bash', '-c', '\n        docker exec -i -u root namenode bash -c \'         cd /tmp &&         cp /mnt/hadoop_data/mapreduce/mapper.py . &&         cp /mnt/hadoop_data/mapreduce/reducer.py . &&         chmod +x mapper.py reducer.py &&         hdfs dfs -rm -r hdfs:///user/etudiant/crypto/processed/YYYY=2025/MM=01/DD=22 || true &&         hadoop jar /opt/hadoop-3.2.1/share/hadoop/tools/lib/hadoop-streaming-3.2.1.jar         -files mapper.py,reducer.py         -mapper "python mapper.py"         -reducer "python reducer.py"         -input hdfs:///user/etudiant/crypto/raw/YYYY=2025/MM=01/DD=22/yfinance_raw.json         -output hdfs:///user/etudiant/crypto/processed/YYYY=2025/MM=01/DD=22\'\n        ']
[2025-02-26T20:42:34.054+0000] {subprocess.py:86} INFO - Output:
[2025-02-26T20:42:36.674+0000] {subprocess.py:93} INFO - rm: `hdfs:///user/etudiant/crypto/processed/YYYY=2025/MM=01/DD=22': No such file or directory
[2025-02-26T20:42:39.264+0000] {subprocess.py:93} INFO - 2025-02-26 20:42:39,260 INFO impl.MetricsConfig: Loaded properties from hadoop-metrics2.properties
[2025-02-26T20:42:39.382+0000] {subprocess.py:93} INFO - 2025-02-26 20:42:39,380 INFO impl.MetricsSystemImpl: Scheduled Metric snapshot period at 10 second(s).
[2025-02-26T20:42:39.383+0000] {subprocess.py:93} INFO - 2025-02-26 20:42:39,381 INFO impl.MetricsSystemImpl: JobTracker metrics system started
[2025-02-26T20:42:39.402+0000] {subprocess.py:93} INFO - 2025-02-26 20:42:39,401 WARN impl.MetricsSystemImpl: JobTracker metrics system already initialized!
[2025-02-26T20:42:40.044+0000] {subprocess.py:93} INFO - 2025-02-26 20:42:40,042 INFO mapred.FileInputFormat: Total input files to process : 1
[2025-02-26T20:42:40.143+0000] {subprocess.py:93} INFO - 2025-02-26 20:42:40,141 INFO mapreduce.JobSubmitter: number of splits:1
[2025-02-26T20:42:40.350+0000] {subprocess.py:93} INFO - 2025-02-26 20:42:40,347 INFO mapreduce.JobSubmitter: Submitting tokens for job: job_local530411792_0001
[2025-02-26T20:42:40.351+0000] {subprocess.py:93} INFO - 2025-02-26 20:42:40,348 INFO mapreduce.JobSubmitter: Executing with tokens: []
[2025-02-26T20:42:40.758+0000] {subprocess.py:93} INFO - 2025-02-26 20:42:40,756 INFO mapred.LocalDistributedCacheManager: Localized file:/tmp/mapper.py as file:/tmp/hadoop-root/mapred/local/job_local530411792_0001_446fa196-3e81-41fe-8fdb-31e4a73e1f59/mapper.py
[2025-02-26T20:42:40.791+0000] {subprocess.py:93} INFO - 2025-02-26 20:42:40,790 INFO mapred.LocalDistributedCacheManager: Localized file:/tmp/reducer.py as file:/tmp/hadoop-root/mapred/local/job_local530411792_0001_ddd4ba90-0254-42e1-81e4-7bb8cbcc0c07/reducer.py
[2025-02-26T20:42:40.911+0000] {subprocess.py:93} INFO - 2025-02-26 20:42:40,910 INFO mapreduce.Job: The url to track the job: http://localhost:8080/
[2025-02-26T20:42:40.914+0000] {subprocess.py:93} INFO - 2025-02-26 20:42:40,912 INFO mapreduce.Job: Running job: job_local530411792_0001
[2025-02-26T20:42:40.919+0000] {subprocess.py:93} INFO - 2025-02-26 20:42:40,913 INFO mapred.LocalJobRunner: OutputCommitter set in config null
[2025-02-26T20:42:40.922+0000] {subprocess.py:93} INFO - 2025-02-26 20:42:40,920 INFO mapred.LocalJobRunner: OutputCommitter is org.apache.hadoop.mapred.FileOutputCommitter
[2025-02-26T20:42:40.927+0000] {subprocess.py:93} INFO - 2025-02-26 20:42:40,926 INFO output.FileOutputCommitter: File Output Committer Algorithm version is 2
[2025-02-26T20:42:40.928+0000] {subprocess.py:93} INFO - 2025-02-26 20:42:40,927 INFO output.FileOutputCommitter: FileOutputCommitter skip cleanup _temporary folders under output directory:false, ignore cleanup failures: false
[2025-02-26T20:42:41.014+0000] {subprocess.py:93} INFO - 2025-02-26 20:42:41,012 INFO mapred.LocalJobRunner: Waiting for map tasks
[2025-02-26T20:42:41.022+0000] {subprocess.py:93} INFO - 2025-02-26 20:42:41,019 INFO mapred.LocalJobRunner: Starting task: attempt_local530411792_0001_m_000000_0
[2025-02-26T20:42:41.083+0000] {subprocess.py:93} INFO - 2025-02-26 20:42:41,078 INFO output.FileOutputCommitter: File Output Committer Algorithm version is 2
[2025-02-26T20:42:41.085+0000] {subprocess.py:93} INFO - 2025-02-26 20:42:41,082 INFO output.FileOutputCommitter: FileOutputCommitter skip cleanup _temporary folders under output directory:false, ignore cleanup failures: false
[2025-02-26T20:42:41.144+0000] {subprocess.py:93} INFO - 2025-02-26 20:42:41,141 INFO mapred.Task:  Using ResourceCalculatorProcessTree : [ ]
[2025-02-26T20:42:41.157+0000] {subprocess.py:93} INFO - 2025-02-26 20:42:41,155 INFO mapred.MapTask: Processing split: hdfs://namenode:9000/user/etudiant/crypto/raw/YYYY=2025/MM=01/DD=22/yfinance_raw.json:0+19762
[2025-02-26T20:42:41.197+0000] {subprocess.py:93} INFO - 2025-02-26 20:42:41,195 INFO mapred.MapTask: numReduceTasks: 1
[2025-02-26T20:42:41.250+0000] {subprocess.py:93} INFO - 2025-02-26 20:42:41,248 INFO mapred.MapTask: (EQUATOR) 0 kvi 26214396(104857584)
[2025-02-26T20:42:41.251+0000] {subprocess.py:93} INFO - 2025-02-26 20:42:41,248 INFO mapred.MapTask: mapreduce.task.io.sort.mb: 100
[2025-02-26T20:42:41.251+0000] {subprocess.py:93} INFO - 2025-02-26 20:42:41,248 INFO mapred.MapTask: soft limit at 83886080
[2025-02-26T20:42:41.252+0000] {subprocess.py:93} INFO - 2025-02-26 20:42:41,248 INFO mapred.MapTask: bufstart = 0; bufvoid = 104857600
[2025-02-26T20:42:41.252+0000] {subprocess.py:93} INFO - 2025-02-26 20:42:41,248 INFO mapred.MapTask: kvstart = 26214396; length = 6553600
[2025-02-26T20:42:41.255+0000] {subprocess.py:93} INFO - 2025-02-26 20:42:41,254 INFO mapred.MapTask: Map output collector class = org.apache.hadoop.mapred.MapTask$MapOutputBuffer
[2025-02-26T20:42:41.269+0000] {subprocess.py:93} INFO - 2025-02-26 20:42:41,266 INFO streaming.PipeMapRed: PipeMapRed exec [/usr/bin/python, mapper.py]
[2025-02-26T20:42:41.289+0000] {subprocess.py:93} INFO - 2025-02-26 20:42:41,287 INFO Configuration.deprecation: mapred.work.output.dir is deprecated. Instead, use mapreduce.task.output.dir
[2025-02-26T20:42:41.302+0000] {subprocess.py:93} INFO - 2025-02-26 20:42:41,294 INFO Configuration.deprecation: map.input.start is deprecated. Instead, use mapreduce.map.input.start
[2025-02-26T20:42:41.317+0000] {subprocess.py:93} INFO - 2025-02-26 20:42:41,314 INFO Configuration.deprecation: mapred.task.is.map is deprecated. Instead, use mapreduce.task.ismap
[2025-02-26T20:42:41.325+0000] {subprocess.py:93} INFO - 2025-02-26 20:42:41,316 INFO Configuration.deprecation: mapred.task.id is deprecated. Instead, use mapreduce.task.attempt.id
[2025-02-26T20:42:41.327+0000] {subprocess.py:93} INFO - 2025-02-26 20:42:41,317 INFO Configuration.deprecation: mapred.tip.id is deprecated. Instead, use mapreduce.task.id
[2025-02-26T20:42:41.327+0000] {subprocess.py:93} INFO - 2025-02-26 20:42:41,317 INFO Configuration.deprecation: mapred.local.dir is deprecated. Instead, use mapreduce.cluster.local.dir
[2025-02-26T20:42:41.339+0000] {subprocess.py:93} INFO - 2025-02-26 20:42:41,317 INFO Configuration.deprecation: map.input.file is deprecated. Instead, use mapreduce.map.input.file
[2025-02-26T20:42:41.340+0000] {subprocess.py:93} INFO - 2025-02-26 20:42:41,318 INFO Configuration.deprecation: mapred.skip.on is deprecated. Instead, use mapreduce.job.skiprecords
[2025-02-26T20:42:41.341+0000] {subprocess.py:93} INFO - 2025-02-26 20:42:41,318 INFO Configuration.deprecation: map.input.length is deprecated. Instead, use mapreduce.map.input.length
[2025-02-26T20:42:41.349+0000] {subprocess.py:93} INFO - 2025-02-26 20:42:41,319 INFO Configuration.deprecation: mapred.job.id is deprecated. Instead, use mapreduce.job.id
[2025-02-26T20:42:41.366+0000] {subprocess.py:93} INFO - 2025-02-26 20:42:41,319 INFO Configuration.deprecation: user.name is deprecated. Instead, use mapreduce.job.user.name
[2025-02-26T20:42:41.368+0000] {subprocess.py:93} INFO - 2025-02-26 20:42:41,320 INFO Configuration.deprecation: mapred.task.partition is deprecated. Instead, use mapreduce.task.partition
[2025-02-26T20:42:41.425+0000] {subprocess.py:93} INFO - 2025-02-26 20:42:41,420 INFO sasl.SaslDataTransferClient: SASL encryption trust check: localHostTrusted = false, remoteHostTrusted = false
[2025-02-26T20:42:41.640+0000] {subprocess.py:93} INFO - 2025-02-26 20:42:41,637 INFO streaming.PipeMapRed: R/W/S=1/0/0 in:NA [rec/s] out:NA [rec/s]
[2025-02-26T20:42:41.642+0000] {subprocess.py:93} INFO - 2025-02-26 20:42:41,639 INFO streaming.PipeMapRed: R/W/S=10/0/0 in:NA [rec/s] out:NA [rec/s]
[2025-02-26T20:42:41.646+0000] {subprocess.py:93} INFO - 2025-02-26 20:42:41,644 INFO streaming.PipeMapRed: R/W/S=100/0/0 in:NA [rec/s] out:NA [rec/s]
[2025-02-26T20:42:41.678+0000] {subprocess.py:93} INFO - 2025-02-26 20:42:41,675 INFO streaming.PipeMapRed: MRErrorThread done
[2025-02-26T20:42:41.680+0000] {subprocess.py:93} INFO - 2025-02-26 20:42:41,676 INFO streaming.PipeMapRed: mapRedFinished
[2025-02-26T20:42:41.699+0000] {subprocess.py:93} INFO - 2025-02-26 20:42:41,687 INFO mapred.LocalJobRunner:
[2025-02-26T20:42:41.701+0000] {subprocess.py:93} INFO - 2025-02-26 20:42:41,687 INFO mapred.MapTask: Starting flush of map output
[2025-02-26T20:42:41.748+0000] {subprocess.py:93} INFO - 2025-02-26 20:42:41,745 INFO mapred.Task: Task:attempt_local530411792_0001_m_000000_0 is done. And is in the process of committing
[2025-02-26T20:42:41.775+0000] {subprocess.py:93} INFO - 2025-02-26 20:42:41,766 INFO mapred.LocalJobRunner: hdfs://namenode:9000/user/etudiant/crypto/raw/YYYY=2025/MM=01/DD=22/yfinance_raw.json:0+19762
[2025-02-26T20:42:41.777+0000] {subprocess.py:93} INFO - 2025-02-26 20:42:41,769 INFO mapred.Task: Task 'attempt_local530411792_0001_m_000000_0' done.
[2025-02-26T20:42:41.827+0000] {subprocess.py:93} INFO - 2025-02-26 20:42:41,825 INFO mapred.Task: Final Counters for attempt_local530411792_0001_m_000000_0: Counters: 23
[2025-02-26T20:42:41.829+0000] {subprocess.py:93} INFO - 	File System Counters
[2025-02-26T20:42:41.831+0000] {subprocess.py:93} INFO - 		FILE: Number of bytes read=180665
[2025-02-26T20:42:41.832+0000] {subprocess.py:93} INFO - 		FILE: Number of bytes written=709713
[2025-02-26T20:42:41.833+0000] {subprocess.py:93} INFO - 		FILE: Number of read operations=0
[2025-02-26T20:42:41.834+0000] {subprocess.py:93} INFO - 		FILE: Number of large read operations=0
[2025-02-26T20:42:41.835+0000] {subprocess.py:93} INFO - 		FILE: Number of write operations=0
[2025-02-26T20:42:41.836+0000] {subprocess.py:93} INFO - 		HDFS: Number of bytes read=19762
[2025-02-26T20:42:41.837+0000] {subprocess.py:93} INFO - 		HDFS: Number of bytes written=0
[2025-02-26T20:42:41.838+0000] {subprocess.py:93} INFO - 		HDFS: Number of read operations=5
[2025-02-26T20:42:41.838+0000] {subprocess.py:93} INFO - 		HDFS: Number of large read operations=0
[2025-02-26T20:42:41.839+0000] {subprocess.py:93} INFO - 		HDFS: Number of write operations=1
[2025-02-26T20:42:41.840+0000] {subprocess.py:93} INFO - 		HDFS: Number of bytes read erasure-coded=0
[2025-02-26T20:42:41.841+0000] {subprocess.py:93} INFO - 	Map-Reduce Framework
[2025-02-26T20:42:41.841+0000] {subprocess.py:93} INFO - 		Map input records=677
[2025-02-26T20:42:41.842+0000] {subprocess.py:93} INFO - 		Map output records=0
[2025-02-26T20:42:41.843+0000] {subprocess.py:93} INFO - 		Map output bytes=0
[2025-02-26T20:42:41.843+0000] {subprocess.py:93} INFO - 		Map output materialized bytes=6
[2025-02-26T20:42:41.848+0000] {subprocess.py:93} INFO - 		Input split bytes=137
[2025-02-26T20:42:41.851+0000] {subprocess.py:93} INFO - 		Combine input records=0
[2025-02-26T20:42:41.852+0000] {subprocess.py:93} INFO - 		Spilled Records=0
[2025-02-26T20:42:41.853+0000] {subprocess.py:93} INFO - 		Failed Shuffles=0
[2025-02-26T20:42:41.856+0000] {subprocess.py:93} INFO - 		Merged Map outputs=0
[2025-02-26T20:42:41.859+0000] {subprocess.py:93} INFO - 		GC time elapsed (ms)=0
[2025-02-26T20:42:41.861+0000] {subprocess.py:93} INFO - 		Total committed heap usage (bytes)=280494080
[2025-02-26T20:42:41.862+0000] {subprocess.py:93} INFO - 	File Input Format Counters
[2025-02-26T20:42:41.863+0000] {subprocess.py:93} INFO - 		Bytes Read=19762
[2025-02-26T20:42:41.864+0000] {subprocess.py:93} INFO - 2025-02-26 20:42:41,830 INFO mapred.LocalJobRunner: Finishing task: attempt_local530411792_0001_m_000000_0
[2025-02-26T20:42:41.865+0000] {subprocess.py:93} INFO - 2025-02-26 20:42:41,831 INFO mapred.LocalJobRunner: map task executor complete.
[2025-02-26T20:42:41.866+0000] {subprocess.py:93} INFO - 2025-02-26 20:42:41,851 INFO mapred.LocalJobRunner: Waiting for reduce tasks
[2025-02-26T20:42:41.867+0000] {subprocess.py:93} INFO - 2025-02-26 20:42:41,854 INFO mapred.LocalJobRunner: Starting task: attempt_local530411792_0001_r_000000_0
[2025-02-26T20:42:41.876+0000] {subprocess.py:93} INFO - 2025-02-26 20:42:41,873 INFO output.FileOutputCommitter: File Output Committer Algorithm version is 2
[2025-02-26T20:42:41.877+0000] {subprocess.py:93} INFO - 2025-02-26 20:42:41,874 INFO output.FileOutputCommitter: FileOutputCommitter skip cleanup _temporary folders under output directory:false, ignore cleanup failures: false
[2025-02-26T20:42:41.878+0000] {subprocess.py:93} INFO - 2025-02-26 20:42:41,874 INFO mapred.Task:  Using ResourceCalculatorProcessTree : [ ]
[2025-02-26T20:42:41.891+0000] {subprocess.py:93} INFO - 2025-02-26 20:42:41,887 INFO mapred.ReduceTask: Using ShuffleConsumerPlugin: org.apache.hadoop.mapreduce.task.reduce.Shuffle@6abc7c7f
[2025-02-26T20:42:41.898+0000] {subprocess.py:93} INFO - 2025-02-26 20:42:41,893 WARN impl.MetricsSystemImpl: JobTracker metrics system already initialized!
[2025-02-26T20:42:41.926+0000] {subprocess.py:93} INFO - 2025-02-26 20:42:41,924 INFO mapreduce.Job: Job job_local530411792_0001 running in uber mode : false
[2025-02-26T20:42:41.927+0000] {subprocess.py:93} INFO - 2025-02-26 20:42:41,926 INFO mapreduce.Job:  map 100% reduce 0%
[2025-02-26T20:42:41.936+0000] {subprocess.py:93} INFO - 2025-02-26 20:42:41,934 INFO reduce.MergeManagerImpl: MergerManager: memoryLimit=668309888, maxSingleShuffleLimit=167077472, mergeThreshold=441084544, ioSortFactor=10, memToMemMergeOutputsThreshold=10
[2025-02-26T20:42:41.942+0000] {subprocess.py:93} INFO - 2025-02-26 20:42:41,940 INFO reduce.EventFetcher: attempt_local530411792_0001_r_000000_0 Thread started: EventFetcher for fetching Map Completion Events
[2025-02-26T20:42:42.003+0000] {subprocess.py:93} INFO - 2025-02-26 20:42:41,995 INFO reduce.LocalFetcher: localfetcher#1 about to shuffle output of map attempt_local530411792_0001_m_000000_0 decomp: 2 len: 6 to MEMORY
[2025-02-26T20:42:42.008+0000] {subprocess.py:93} INFO - 2025-02-26 20:42:42,003 INFO reduce.InMemoryMapOutput: Read 2 bytes from map-output for attempt_local530411792_0001_m_000000_0
[2025-02-26T20:42:42.011+0000] {subprocess.py:93} INFO - 2025-02-26 20:42:42,007 INFO reduce.MergeManagerImpl: closeInMemoryFile -> map-output of size: 2, inMemoryMapOutputs.size() -> 1, commitMemory -> 0, usedMemory ->2
[2025-02-26T20:42:42.013+0000] {subprocess.py:93} INFO - 2025-02-26 20:42:42,012 INFO reduce.EventFetcher: EventFetcher is interrupted.. Returning
[2025-02-26T20:42:42.016+0000] {subprocess.py:93} INFO - 2025-02-26 20:42:42,014 INFO mapred.LocalJobRunner: 1 / 1 copied.
[2025-02-26T20:42:42.017+0000] {subprocess.py:93} INFO - 2025-02-26 20:42:42,015 INFO reduce.MergeManagerImpl: finalMerge called with 1 in-memory map-outputs and 0 on-disk map-outputs
[2025-02-26T20:42:42.053+0000] {subprocess.py:93} INFO - 2025-02-26 20:42:42,045 INFO mapred.Merger: Merging 1 sorted segments
[2025-02-26T20:42:42.054+0000] {subprocess.py:93} INFO - 2025-02-26 20:42:42,046 INFO mapred.Merger: Down to the last merge-pass, with 0 segments left of total size: 0 bytes
[2025-02-26T20:42:42.055+0000] {subprocess.py:93} INFO - 2025-02-26 20:42:42,047 INFO reduce.MergeManagerImpl: Merged 1 segments, 2 bytes to disk to satisfy reduce memory limit
[2025-02-26T20:42:42.059+0000] {subprocess.py:93} INFO - 2025-02-26 20:42:42,048 INFO reduce.MergeManagerImpl: Merging 1 files, 6 bytes from disk
[2025-02-26T20:42:42.062+0000] {subprocess.py:93} INFO - 2025-02-26 20:42:42,050 INFO reduce.MergeManagerImpl: Merging 0 segments, 0 bytes from memory into reduce
[2025-02-26T20:42:42.063+0000] {subprocess.py:93} INFO - 2025-02-26 20:42:42,050 INFO mapred.Merger: Merging 1 sorted segments
[2025-02-26T20:42:42.065+0000] {subprocess.py:93} INFO - 2025-02-26 20:42:42,051 INFO mapred.Merger: Down to the last merge-pass, with 0 segments left of total size: 0 bytes
[2025-02-26T20:42:42.076+0000] {subprocess.py:93} INFO - 2025-02-26 20:42:42,053 INFO mapred.LocalJobRunner: 1 / 1 copied.
[2025-02-26T20:42:42.078+0000] {subprocess.py:93} INFO - 2025-02-26 20:42:42,070 INFO streaming.PipeMapRed: PipeMapRed exec [/usr/bin/python, reducer.py]
[2025-02-26T20:42:42.080+0000] {subprocess.py:93} INFO - 2025-02-26 20:42:42,073 INFO Configuration.deprecation: mapred.job.tracker is deprecated. Instead, use mapreduce.jobtracker.address
[2025-02-26T20:42:42.081+0000] {subprocess.py:93} INFO - 2025-02-26 20:42:42,075 INFO Configuration.deprecation: mapred.map.tasks is deprecated. Instead, use mapreduce.job.maps
[2025-02-26T20:42:42.243+0000] {subprocess.py:93} INFO - 2025-02-26 20:42:42,241 INFO streaming.PipeMapRed: MRErrorThread done
[2025-02-26T20:42:42.244+0000] {subprocess.py:93} INFO - 2025-02-26 20:42:42,241 INFO streaming.PipeMapRed: mapRedFinished
[2025-02-26T20:42:42.267+0000] {subprocess.py:93} INFO - 2025-02-26 20:42:42,262 INFO mapred.Task: Task:attempt_local530411792_0001_r_000000_0 is done. And is in the process of committing
[2025-02-26T20:42:42.274+0000] {subprocess.py:93} INFO - 2025-02-26 20:42:42,271 INFO mapred.LocalJobRunner: 1 / 1 copied.
[2025-02-26T20:42:42.275+0000] {subprocess.py:93} INFO - 2025-02-26 20:42:42,271 INFO mapred.Task: Task attempt_local530411792_0001_r_000000_0 is allowed to commit now
[2025-02-26T20:42:42.310+0000] {subprocess.py:93} INFO - 2025-02-26 20:42:42,307 INFO output.FileOutputCommitter: Saved output of task 'attempt_local530411792_0001_r_000000_0' to hdfs://namenode:9000/user/etudiant/crypto/processed/YYYY=2025/MM=01/DD=22
[2025-02-26T20:42:42.312+0000] {subprocess.py:93} INFO - 2025-02-26 20:42:42,309 INFO mapred.LocalJobRunner: reduce > reduce
[2025-02-26T20:42:42.313+0000] {subprocess.py:93} INFO - 2025-02-26 20:42:42,309 INFO mapred.Task: Task 'attempt_local530411792_0001_r_000000_0' done.
[2025-02-26T20:42:42.314+0000] {subprocess.py:93} INFO - 2025-02-26 20:42:42,310 INFO mapred.Task: Final Counters for attempt_local530411792_0001_r_000000_0: Counters: 30
[2025-02-26T20:42:42.315+0000] {subprocess.py:93} INFO - 	File System Counters
[2025-02-26T20:42:42.316+0000] {subprocess.py:93} INFO - 		FILE: Number of bytes read=180709
[2025-02-26T20:42:42.317+0000] {subprocess.py:93} INFO - 		FILE: Number of bytes written=709719
[2025-02-26T20:42:42.318+0000] {subprocess.py:93} INFO - 		FILE: Number of read operations=0
[2025-02-26T20:42:42.318+0000] {subprocess.py:93} INFO - 		FILE: Number of large read operations=0
[2025-02-26T20:42:42.319+0000] {subprocess.py:93} INFO - 		FILE: Number of write operations=0
[2025-02-26T20:42:42.320+0000] {subprocess.py:93} INFO - 		HDFS: Number of bytes read=19762
[2025-02-26T20:42:42.320+0000] {subprocess.py:93} INFO - 		HDFS: Number of bytes written=0
[2025-02-26T20:42:42.321+0000] {subprocess.py:93} INFO - 		HDFS: Number of read operations=10
[2025-02-26T20:42:42.321+0000] {subprocess.py:93} INFO - 		HDFS: Number of large read operations=0
[2025-02-26T20:42:42.322+0000] {subprocess.py:93} INFO - 		HDFS: Number of write operations=3
[2025-02-26T20:42:42.322+0000] {subprocess.py:93} INFO - 		HDFS: Number of bytes read erasure-coded=0
[2025-02-26T20:42:42.323+0000] {subprocess.py:93} INFO - 	Map-Reduce Framework
[2025-02-26T20:42:42.324+0000] {subprocess.py:93} INFO - 		Combine input records=0
[2025-02-26T20:42:42.325+0000] {subprocess.py:93} INFO - 		Combine output records=0
[2025-02-26T20:42:42.326+0000] {subprocess.py:93} INFO - 		Reduce input groups=0
[2025-02-26T20:42:42.326+0000] {subprocess.py:93} INFO - 		Reduce shuffle bytes=6
[2025-02-26T20:42:42.327+0000] {subprocess.py:93} INFO - 		Reduce input records=0
[2025-02-26T20:42:42.328+0000] {subprocess.py:93} INFO - 		Reduce output records=0
[2025-02-26T20:42:42.328+0000] {subprocess.py:93} INFO - 		Spilled Records=0
[2025-02-26T20:42:42.329+0000] {subprocess.py:93} INFO - 		Shuffled Maps =1
[2025-02-26T20:42:42.330+0000] {subprocess.py:93} INFO - 		Failed Shuffles=0
[2025-02-26T20:42:42.330+0000] {subprocess.py:93} INFO - 		Merged Map outputs=1
[2025-02-26T20:42:42.332+0000] {subprocess.py:93} INFO - 		GC time elapsed (ms)=0
[2025-02-26T20:42:42.333+0000] {subprocess.py:93} INFO - 		Total committed heap usage (bytes)=281542656
[2025-02-26T20:42:42.335+0000] {subprocess.py:93} INFO - 	Shuffle Errors
[2025-02-26T20:42:42.336+0000] {subprocess.py:93} INFO - 		BAD_ID=0
[2025-02-26T20:42:42.339+0000] {subprocess.py:93} INFO - 		CONNECTION=0
[2025-02-26T20:42:42.341+0000] {subprocess.py:93} INFO - 		IO_ERROR=0
[2025-02-26T20:42:42.345+0000] {subprocess.py:93} INFO - 		WRONG_LENGTH=0
[2025-02-26T20:42:42.346+0000] {subprocess.py:93} INFO - 		WRONG_MAP=0
[2025-02-26T20:42:42.348+0000] {subprocess.py:93} INFO - 		WRONG_REDUCE=0
[2025-02-26T20:42:42.349+0000] {subprocess.py:93} INFO - 	File Output Format Counters
[2025-02-26T20:42:42.350+0000] {subprocess.py:93} INFO - 		Bytes Written=0
[2025-02-26T20:42:42.351+0000] {subprocess.py:93} INFO - 2025-02-26 20:42:42,310 INFO mapred.LocalJobRunner: Finishing task: attempt_local530411792_0001_r_000000_0
[2025-02-26T20:42:42.353+0000] {subprocess.py:93} INFO - 2025-02-26 20:42:42,311 INFO mapred.LocalJobRunner: reduce task executor complete.
[2025-02-26T20:42:42.935+0000] {subprocess.py:93} INFO - 2025-02-26 20:42:42,932 INFO mapreduce.Job:  map 100% reduce 100%
[2025-02-26T20:42:42.936+0000] {subprocess.py:93} INFO - 2025-02-26 20:42:42,933 INFO mapreduce.Job: Job job_local530411792_0001 completed successfully
[2025-02-26T20:42:42.956+0000] {subprocess.py:93} INFO - 2025-02-26 20:42:42,954 INFO mapreduce.Job: Counters: 36
[2025-02-26T20:42:42.957+0000] {subprocess.py:93} INFO - 	File System Counters
[2025-02-26T20:42:42.958+0000] {subprocess.py:93} INFO - 		FILE: Number of bytes read=361374
[2025-02-26T20:42:42.958+0000] {subprocess.py:93} INFO - 		FILE: Number of bytes written=1419432
[2025-02-26T20:42:42.959+0000] {subprocess.py:93} INFO - 		FILE: Number of read operations=0
[2025-02-26T20:42:42.960+0000] {subprocess.py:93} INFO - 		FILE: Number of large read operations=0
[2025-02-26T20:42:42.960+0000] {subprocess.py:93} INFO - 		FILE: Number of write operations=0
[2025-02-26T20:42:42.961+0000] {subprocess.py:93} INFO - 		HDFS: Number of bytes read=39524
[2025-02-26T20:42:42.962+0000] {subprocess.py:93} INFO - 		HDFS: Number of bytes written=0
[2025-02-26T20:42:42.962+0000] {subprocess.py:93} INFO - 		HDFS: Number of read operations=15
[2025-02-26T20:42:42.963+0000] {subprocess.py:93} INFO - 		HDFS: Number of large read operations=0
[2025-02-26T20:42:42.963+0000] {subprocess.py:93} INFO - 		HDFS: Number of write operations=4
[2025-02-26T20:42:42.964+0000] {subprocess.py:93} INFO - 		HDFS: Number of bytes read erasure-coded=0
[2025-02-26T20:42:42.964+0000] {subprocess.py:93} INFO - 	Map-Reduce Framework
[2025-02-26T20:42:42.965+0000] {subprocess.py:93} INFO - 		Map input records=677
[2025-02-26T20:42:42.966+0000] {subprocess.py:93} INFO - 		Map output records=0
[2025-02-26T20:42:42.966+0000] {subprocess.py:93} INFO - 		Map output bytes=0
[2025-02-26T20:42:42.967+0000] {subprocess.py:93} INFO - 		Map output materialized bytes=6
[2025-02-26T20:42:42.967+0000] {subprocess.py:93} INFO - 		Input split bytes=137
[2025-02-26T20:42:42.968+0000] {subprocess.py:93} INFO - 		Combine input records=0
[2025-02-26T20:42:42.968+0000] {subprocess.py:93} INFO - 		Combine output records=0
[2025-02-26T20:42:42.969+0000] {subprocess.py:93} INFO - 		Reduce input groups=0
[2025-02-26T20:42:42.969+0000] {subprocess.py:93} INFO - 		Reduce shuffle bytes=6
[2025-02-26T20:42:42.970+0000] {subprocess.py:93} INFO - 		Reduce input records=0
[2025-02-26T20:42:42.970+0000] {subprocess.py:93} INFO - 		Reduce output records=0
[2025-02-26T20:42:42.971+0000] {subprocess.py:93} INFO - 		Spilled Records=0
[2025-02-26T20:42:42.972+0000] {subprocess.py:93} INFO - 		Shuffled Maps =1
[2025-02-26T20:42:42.972+0000] {subprocess.py:93} INFO - 		Failed Shuffles=0
[2025-02-26T20:42:42.973+0000] {subprocess.py:93} INFO - 		Merged Map outputs=1
[2025-02-26T20:42:42.973+0000] {subprocess.py:93} INFO - 		GC time elapsed (ms)=0
[2025-02-26T20:42:42.974+0000] {subprocess.py:93} INFO - 		Total committed heap usage (bytes)=562036736
[2025-02-26T20:42:42.975+0000] {subprocess.py:93} INFO - 	Shuffle Errors
[2025-02-26T20:42:42.975+0000] {subprocess.py:93} INFO - 		BAD_ID=0
[2025-02-26T20:42:42.976+0000] {subprocess.py:93} INFO - 		CONNECTION=0
[2025-02-26T20:42:42.977+0000] {subprocess.py:93} INFO - 		IO_ERROR=0
[2025-02-26T20:42:42.977+0000] {subprocess.py:93} INFO - 		WRONG_LENGTH=0
[2025-02-26T20:42:42.977+0000] {subprocess.py:93} INFO - 		WRONG_MAP=0
[2025-02-26T20:42:42.978+0000] {subprocess.py:93} INFO - 		WRONG_REDUCE=0
[2025-02-26T20:42:42.978+0000] {subprocess.py:93} INFO - 	File Input Format Counters
[2025-02-26T20:42:42.979+0000] {subprocess.py:93} INFO - 		Bytes Read=19762
[2025-02-26T20:42:42.979+0000] {subprocess.py:93} INFO - 	File Output Format Counters
[2025-02-26T20:42:42.980+0000] {subprocess.py:93} INFO - 		Bytes Written=0
[2025-02-26T20:42:42.981+0000] {subprocess.py:93} INFO - 2025-02-26 20:42:42,954 INFO streaming.StreamJob: Output directory: hdfs:///user/etudiant/crypto/processed/YYYY=2025/MM=01/DD=22
[2025-02-26T20:42:43.424+0000] {subprocess.py:97} INFO - Command exited with return code 0
[2025-02-26T20:42:43.464+0000] {taskinstance.py:1400} INFO - Marking task as SUCCESS. dag_id=yfinance_ingestion_dag, task_id=run_mapreduce, execution_date=20250122T000000, start_date=20250226T204233, end_date=20250226T204243
[2025-02-26T20:42:43.518+0000] {local_task_job_runner.py:228} INFO - Task exited with return code 0
[2025-02-26T20:42:43.545+0000] {taskinstance.py:2784} INFO - 0 downstream tasks scheduled from follow-on schedule check
