[2025-02-25T10:08:13.640+0000] {taskinstance.py:1159} INFO - Dependencies all met for dep_context=non-requeueable deps ti=<TaskInstance: yfinance_python_processing_dag.fetch_data scheduled__2024-06-01T00:00:00+00:00 [queued]>
[2025-02-25T10:08:13.681+0000] {taskinstance.py:1159} INFO - Dependencies all met for dep_context=requeueable deps ti=<TaskInstance: yfinance_python_processing_dag.fetch_data scheduled__2024-06-01T00:00:00+00:00 [queued]>
[2025-02-25T10:08:13.707+0000] {taskinstance.py:1361} INFO - Starting attempt 1 of 2
[2025-02-25T10:08:13.864+0000] {taskinstance.py:1382} INFO - Executing <Task(PythonOperator): fetch_data> on 2024-06-01 00:00:00+00:00
[2025-02-25T10:08:13.876+0000] {standard_task_runner.py:57} INFO - Started process 2087 to run task
[2025-02-25T10:08:13.923+0000] {standard_task_runner.py:84} INFO - Running: ['***', 'tasks', 'run', 'yfinance_python_processing_dag', 'fetch_data', 'scheduled__2024-06-01T00:00:00+00:00', '--job-id', '152', '--raw', '--subdir', 'DAGS_FOLDER/test_hello.py', '--cfg-path', '/tmp/tmpt1mk687r']
[2025-02-25T10:08:13.938+0000] {standard_task_runner.py:85} INFO - Job 152: Subtask fetch_data
[2025-02-25T10:08:14.359+0000] {task_command.py:415} INFO - Running <TaskInstance: yfinance_python_processing_dag.fetch_data scheduled__2024-06-01T00:00:00+00:00 [running]> on host 6dbd75e48aaa
[2025-02-25T10:08:14.970+0000] {taskinstance.py:1660} INFO - Exporting env vars: AIRFLOW_CTX_DAG_OWNER='etudiant' AIRFLOW_CTX_DAG_ID='yfinance_python_processing_dag' AIRFLOW_CTX_TASK_ID='fetch_data' AIRFLOW_CTX_EXECUTION_DATE='2024-06-01T00:00:00+00:00' AIRFLOW_CTX_TRY_NUMBER='1' AIRFLOW_CTX_DAG_RUN_ID='scheduled__2024-06-01T00:00:00+00:00'
[2025-02-25T10:08:14.990+0000] {logging_mixin.py:151} INFO - Execution date: 2024-06-01
[2025-02-25T10:08:16.920+0000] {logging_mixin.py:151} INFO - Raw data from yfinance (from 2024-06-01 00:00:00 to 2024-06-30 00:00:00):                                  Open        High  ...  Dividends  Stock Splits
Date                                               ...                         
2024-06-03 00:00:00-04:00  178.130005  182.639999  ...        0.0           0.0
2024-06-04 00:00:00-04:00  174.779999  177.759995  ...        0.0           0.0
2024-06-05 00:00:00-04:00  175.350006  176.149994  ...        0.0           0.0
2024-06-06 00:00:00-04:00  174.600006  179.729996  ...        0.0           0.0
2024-06-07 00:00:00-04:00  176.130005  179.350006  ...        0.0           0.0
2024-06-10 00:00:00-04:00  176.059998  178.570007  ...        0.0           0.0
2024-06-11 00:00:00-04:00  173.919998  174.750000  ...        0.0           0.0
2024-06-12 00:00:00-04:00  171.119995  180.550003  ...        0.0           0.0
2024-06-13 00:00:00-04:00  188.389999  191.080002  ...        0.0           0.0
2024-06-14 00:00:00-04:00  185.800003  186.000000  ...        0.0           0.0
2024-06-17 00:00:00-04:00  177.919998  188.809998  ...        0.0           0.0
2024-06-18 00:00:00-04:00  186.559998  187.199997  ...        0.0           0.0
2024-06-20 00:00:00-04:00  184.679993  185.210007  ...        0.0           0.0
2024-06-21 00:00:00-04:00  182.300003  183.949997  ...        0.0           0.0
2024-06-24 00:00:00-04:00  184.970001  188.800003  ...        0.0           0.0
2024-06-25 00:00:00-04:00  184.399994  187.970001  ...        0.0           0.0
2024-06-26 00:00:00-04:00  186.539993  197.759995  ...        0.0           0.0
2024-06-27 00:00:00-04:00  195.169998  198.720001  ...        0.0           0.0
2024-06-28 00:00:00-04:00  199.550003  203.199997  ...        0.0           0.0

[19 rows x 7 columns]
[2025-02-25T10:08:16.943+0000] {logging_mixin.py:151} INFO - Serialized data: {'2024-06-03 00:00:00-04:00': {'Open': 178.1300048828125, 'High': 182.63999938964844, 'Low': 174.49000549316406, 'Close': 176.2899932861328, 'Volume': 68568900, 'Dividends': 0.0, 'Stock Splits': 0.0}, '2024-06-04 00:00:00-04:00': {'Open': 174.77999877929688, 'High': 177.75999450683594, 'Low': 174.0, 'Close': 174.77000427246094, 'Volume': 60056300, 'Dividends': 0.0, 'Stock Splits': 0.0}, '2024-06-05 00:00:00-04:00': {'Open': 175.35000610351562, 'High': 176.14999389648438, 'Low': 172.1300048828125, 'Close': 175.0, 'Volume': 57953800, 'Dividends': 0.0, 'Stock Splits': 0.0}, '2024-06-06 00:00:00-04:00': {'Open': 174.60000610351562, 'High': 179.72999572753906, 'Low': 172.72999572753906, 'Close': 177.94000244140625, 'Volume': 69887000, 'Dividends': 0.0, 'Stock Splits': 0.0}, '2024-06-07 00:00:00-04:00': {'Open': 176.1300048828125, 'High': 179.35000610351562, 'Low': 175.5800018310547, 'Close': 177.47999572753906, 'Volume': 56244900, 'Dividends': 0.0, 'Stock Splits': 0.0}, '2024-06-10 00:00:00-04:00': {'Open': 176.05999755859375, 'High': 178.57000732421875, 'Low': 173.1699981689453, 'Close': 173.7899932861328, 'Volume': 50869700, 'Dividends': 0.0, 'Stock Splits': 0.0}, '2024-06-11 00:00:00-04:00': {'Open': 173.9199981689453, 'High': 174.75, 'Low': 167.41000366210938, 'Close': 170.66000366210938, 'Volume': 64761900, 'Dividends': 0.0, 'Stock Splits': 0.0}, '2024-06-12 00:00:00-04:00': {'Open': 171.1199951171875, 'High': 180.5500030517578, 'Low': 169.8000030517578, 'Close': 177.2899932861328, 'Volume': 90389400, 'Dividends': 0.0, 'Stock Splits': 0.0}, '2024-06-13 00:00:00-04:00': {'Open': 188.38999938964844, 'High': 191.0800018310547, 'Low': 181.22999572753906, 'Close': 182.47000122070312, 'Volume': 118984100, 'Dividends': 0.0, 'Stock Splits': 0.0}, '2024-06-14 00:00:00-04:00': {'Open': 185.8000030517578, 'High': 186.0, 'Low': 176.9199981689453, 'Close': 178.00999450683594, 'Volume': 82038200, 'Dividends': 0.0, 'Stock Splits': 0.0}, '2024-06-17 00:00:00-04:00': {'Open': 177.9199981689453, 'High': 188.80999755859375, 'Low': 177.0, 'Close': 187.44000244140625, 'Volume': 109786100, 'Dividends': 0.0, 'Stock Splits': 0.0}, '2024-06-18 00:00:00-04:00': {'Open': 186.55999755859375, 'High': 187.1999969482422, 'Low': 182.3699951171875, 'Close': 184.86000061035156, 'Volume': 68982300, 'Dividends': 0.0, 'Stock Splits': 0.0}, '2024-06-20 00:00:00-04:00': {'Open': 184.67999267578125, 'High': 185.2100067138672, 'Low': 179.66000366210938, 'Close': 181.57000732421875, 'Volume': 55893100, 'Dividends': 0.0, 'Stock Splits': 0.0}, '2024-06-21 00:00:00-04:00': {'Open': 182.3000030517578, 'High': 183.9499969482422, 'Low': 180.69000244140625, 'Close': 183.00999450683594, 'Volume': 63029500, 'Dividends': 0.0, 'Stock Splits': 0.0}, '2024-06-24 00:00:00-04:00': {'Open': 184.97000122070312, 'High': 188.8000030517578, 'Low': 182.5500030517578, 'Close': 182.5800018310547, 'Volume': 61992100, 'Dividends': 0.0, 'Stock Splits': 0.0}, '2024-06-25 00:00:00-04:00': {'Open': 184.39999389648438, 'High': 187.97000122070312, 'Low': 182.00999450683594, 'Close': 187.35000610351562, 'Volume': 63678300, 'Dividends': 0.0, 'Stock Splits': 0.0}, '2024-06-26 00:00:00-04:00': {'Open': 186.5399932861328, 'High': 197.75999450683594, 'Low': 186.36000061035156, 'Close': 196.3699951171875, 'Volume': 95737100, 'Dividends': 0.0, 'Stock Splits': 0.0}, '2024-06-27 00:00:00-04:00': {'Open': 195.1699981689453, 'High': 198.72000122070312, 'Low': 194.0500030517578, 'Close': 197.4199981689453, 'Volume': 72746500, 'Dividends': 0.0, 'Stock Splits': 0.0}, '2024-06-28 00:00:00-04:00': {'Open': 199.5500030517578, 'High': 203.1999969482422, 'Low': 195.25999450683594, 'Close': 197.8800048828125, 'Volume': 95438100, 'Dividends': 0.0, 'Stock Splits': 0.0}}
[2025-02-25T10:08:17.030+0000] {python.py:194} INFO - Done. Returned value was: None
[2025-02-25T10:08:17.085+0000] {taskinstance.py:1400} INFO - Marking task as SUCCESS. dag_id=yfinance_python_processing_dag, task_id=fetch_data, execution_date=20240601T000000, start_date=20250225T100813, end_date=20250225T100817
[2025-02-25T10:08:17.325+0000] {local_task_job_runner.py:228} INFO - Task exited with return code 0
[2025-02-25T10:08:17.430+0000] {taskinstance.py:2784} INFO - 1 downstream tasks scheduled from follow-on schedule check
