[2025-02-26T20:39:24.295+0000] {taskinstance.py:1159} INFO - Dependencies all met for dep_context=non-requeueable deps ti=<TaskInstance: yfinance_ingestion_dag.run_mapreduce scheduled__2025-01-31T00:00:00+00:00 [queued]>
[2025-02-26T20:39:24.321+0000] {taskinstance.py:1159} INFO - Dependencies all met for dep_context=requeueable deps ti=<TaskInstance: yfinance_ingestion_dag.run_mapreduce scheduled__2025-01-31T00:00:00+00:00 [queued]>
[2025-02-26T20:39:24.322+0000] {taskinstance.py:1361} INFO - Starting attempt 1 of 2
[2025-02-26T20:39:24.358+0000] {taskinstance.py:1382} INFO - Executing <Task(BashOperator): run_mapreduce> on 2025-01-31 00:00:00+00:00
[2025-02-26T20:39:24.369+0000] {standard_task_runner.py:57} INFO - Started process 971 to run task
[2025-02-26T20:39:24.374+0000] {standard_task_runner.py:84} INFO - Running: ['***', 'tasks', 'run', 'yfinance_ingestion_dag', 'run_mapreduce', 'scheduled__2025-01-31T00:00:00+00:00', '--job-id', '260', '--raw', '--subdir', 'DAGS_FOLDER/pipeline.py', '--cfg-path', '/tmp/tmpgbzx20b4']
[2025-02-26T20:39:24.379+0000] {standard_task_runner.py:85} INFO - Job 260: Subtask run_mapreduce
[2025-02-26T20:39:24.485+0000] {task_command.py:415} INFO - Running <TaskInstance: yfinance_ingestion_dag.run_mapreduce scheduled__2025-01-31T00:00:00+00:00 [running]> on host 3c0faf52b292
[2025-02-26T20:39:24.648+0000] {taskinstance.py:1660} INFO - Exporting env vars: AIRFLOW_CTX_DAG_OWNER='etudiant' AIRFLOW_CTX_DAG_ID='yfinance_ingestion_dag' AIRFLOW_CTX_TASK_ID='run_mapreduce' AIRFLOW_CTX_EXECUTION_DATE='2025-01-31T00:00:00+00:00' AIRFLOW_CTX_TRY_NUMBER='1' AIRFLOW_CTX_DAG_RUN_ID='scheduled__2025-01-31T00:00:00+00:00'
[2025-02-26T20:39:24.651+0000] {subprocess.py:63} INFO - Tmp dir root location: /tmp
[2025-02-26T20:39:24.652+0000] {subprocess.py:75} INFO - Running command: ['/bin/bash', '-c', '\n        docker exec -i -u root namenode bash -c \'         cd /tmp &&         cp /mnt/hadoop_data/mapreduce/mapper.py . &&         cp /mnt/hadoop_data/mapreduce/reducer.py . &&         chmod +x mapper.py reducer.py &&         hdfs dfs -rm -r hdfs:///user/etudiant/crypto/processed/YYYY=2025/MM=01/DD=31 || true &&         hadoop jar /opt/hadoop-3.2.1/share/hadoop/tools/lib/hadoop-streaming-3.2.1.jar         -files mapper.py,reducer.py         -mapper "python mapper.py"         -reducer "python reducer.py"         -input hdfs:///user/etudiant/crypto/raw/YYYY=2025/MM=01/DD=31/yfinance_raw.json         -output hdfs:///user/etudiant/crypto/processed/YYYY=2025/MM=01/DD=31\'\n        ']
[2025-02-26T20:39:24.668+0000] {subprocess.py:86} INFO - Output:
[2025-02-26T20:39:24.730+0000] {subprocess.py:93} INFO - Error response from daemon: container c068416616c3addcfecdcedaa4e27c1031cda688b8569312fe1d8d0a7228e11e is not running
[2025-02-26T20:39:24.736+0000] {subprocess.py:97} INFO - Command exited with return code 1
[2025-02-26T20:39:24.752+0000] {taskinstance.py:1943} ERROR - Task failed with exception
Traceback (most recent call last):
  File "/home/airflow/.local/lib/python3.8/site-packages/airflow/operators/bash.py", line 210, in execute
    raise AirflowException(
airflow.exceptions.AirflowException: Bash command failed. The command returned a non-zero exit code 1.
[2025-02-26T20:39:24.759+0000] {taskinstance.py:1400} INFO - Marking task as UP_FOR_RETRY. dag_id=yfinance_ingestion_dag, task_id=run_mapreduce, execution_date=20250131T000000, start_date=20250226T203924, end_date=20250226T203924
[2025-02-26T20:39:24.778+0000] {standard_task_runner.py:104} ERROR - Failed to execute job 260 for task run_mapreduce (Bash command failed. The command returned a non-zero exit code 1.; 971)
[2025-02-26T20:39:24.795+0000] {local_task_job_runner.py:228} INFO - Task exited with return code 1
[2025-02-26T20:39:24.820+0000] {taskinstance.py:2784} INFO - 0 downstream tasks scheduled from follow-on schedule check
[2025-02-26T20:44:05.568+0000] {taskinstance.py:1159} INFO - Dependencies all met for dep_context=non-requeueable deps ti=<TaskInstance: yfinance_ingestion_dag.run_mapreduce scheduled__2025-01-31T00:00:00+00:00 [queued]>
[2025-02-26T20:44:05.585+0000] {taskinstance.py:1159} INFO - Dependencies all met for dep_context=requeueable deps ti=<TaskInstance: yfinance_ingestion_dag.run_mapreduce scheduled__2025-01-31T00:00:00+00:00 [queued]>
[2025-02-26T20:44:05.586+0000] {taskinstance.py:1361} INFO - Starting attempt 1 of 2
[2025-02-26T20:44:05.618+0000] {taskinstance.py:1382} INFO - Executing <Task(BashOperator): run_mapreduce> on 2025-01-31 00:00:00+00:00
[2025-02-26T20:44:05.630+0000] {standard_task_runner.py:57} INFO - Started process 2270 to run task
[2025-02-26T20:44:05.636+0000] {standard_task_runner.py:84} INFO - Running: ['***', 'tasks', 'run', 'yfinance_ingestion_dag', 'run_mapreduce', 'scheduled__2025-01-31T00:00:00+00:00', '--job-id', '358', '--raw', '--subdir', 'DAGS_FOLDER/pipeline.py', '--cfg-path', '/tmp/tmpxup2lzi8']
[2025-02-26T20:44:05.642+0000] {standard_task_runner.py:85} INFO - Job 358: Subtask run_mapreduce
[2025-02-26T20:44:05.777+0000] {task_command.py:415} INFO - Running <TaskInstance: yfinance_ingestion_dag.run_mapreduce scheduled__2025-01-31T00:00:00+00:00 [running]> on host 3c0faf52b292
[2025-02-26T20:44:05.968+0000] {taskinstance.py:1660} INFO - Exporting env vars: AIRFLOW_CTX_DAG_OWNER='etudiant' AIRFLOW_CTX_DAG_ID='yfinance_ingestion_dag' AIRFLOW_CTX_TASK_ID='run_mapreduce' AIRFLOW_CTX_EXECUTION_DATE='2025-01-31T00:00:00+00:00' AIRFLOW_CTX_TRY_NUMBER='1' AIRFLOW_CTX_DAG_RUN_ID='scheduled__2025-01-31T00:00:00+00:00'
[2025-02-26T20:44:05.971+0000] {subprocess.py:63} INFO - Tmp dir root location: /tmp
[2025-02-26T20:44:05.973+0000] {subprocess.py:75} INFO - Running command: ['/bin/bash', '-c', '\n        docker exec -i -u root namenode bash -c \'         cd /tmp &&         cp /mnt/hadoop_data/mapreduce/mapper.py . &&         cp /mnt/hadoop_data/mapreduce/reducer.py . &&         chmod +x mapper.py reducer.py &&         hdfs dfs -rm -r hdfs:///user/etudiant/crypto/processed/YYYY=2025/MM=01/DD=31 || true &&         hadoop jar /opt/hadoop-3.2.1/share/hadoop/tools/lib/hadoop-streaming-3.2.1.jar         -files mapper.py,reducer.py         -mapper "python mapper.py"         -reducer "python reducer.py"         -input hdfs:///user/etudiant/crypto/raw/YYYY=2025/MM=01/DD=31/yfinance_raw.json         -output hdfs:///user/etudiant/crypto/processed/YYYY=2025/MM=01/DD=31\'\n        ']
[2025-02-26T20:44:05.992+0000] {subprocess.py:86} INFO - Output:
[2025-02-26T20:44:08.699+0000] {subprocess.py:93} INFO - rm: `hdfs:///user/etudiant/crypto/processed/YYYY=2025/MM=01/DD=31': No such file or directory
[2025-02-26T20:44:12.338+0000] {subprocess.py:93} INFO - 2025-02-26 20:44:12,328 INFO impl.MetricsConfig: Loaded properties from hadoop-metrics2.properties
[2025-02-26T20:44:12.492+0000] {subprocess.py:93} INFO - 2025-02-26 20:44:12,490 INFO impl.MetricsSystemImpl: Scheduled Metric snapshot period at 10 second(s).
[2025-02-26T20:44:12.493+0000] {subprocess.py:93} INFO - 2025-02-26 20:44:12,490 INFO impl.MetricsSystemImpl: JobTracker metrics system started
[2025-02-26T20:44:12.525+0000] {subprocess.py:93} INFO - 2025-02-26 20:44:12,523 WARN impl.MetricsSystemImpl: JobTracker metrics system already initialized!
[2025-02-26T20:44:12.912+0000] {subprocess.py:93} INFO - 2025-02-26 20:44:12,910 INFO mapred.FileInputFormat: Total input files to process : 1
[2025-02-26T20:44:12.957+0000] {subprocess.py:93} INFO - 2025-02-26 20:44:12,954 INFO mapreduce.JobSubmitter: number of splits:1
[2025-02-26T20:44:13.108+0000] {subprocess.py:93} INFO - 2025-02-26 20:44:13,105 INFO mapreduce.JobSubmitter: Submitting tokens for job: job_local881204083_0001
[2025-02-26T20:44:13.109+0000] {subprocess.py:93} INFO - 2025-02-26 20:44:13,106 INFO mapreduce.JobSubmitter: Executing with tokens: []
[2025-02-26T20:44:13.353+0000] {subprocess.py:93} INFO - 2025-02-26 20:44:13,351 INFO mapred.LocalDistributedCacheManager: Localized file:/tmp/mapper.py as file:/tmp/hadoop-root/mapred/local/job_local881204083_0001_2d5b9ac1-23e1-4962-a7df-f0f4dd879052/mapper.py
[2025-02-26T20:44:13.369+0000] {subprocess.py:93} INFO - 2025-02-26 20:44:13,367 INFO mapred.LocalDistributedCacheManager: Localized file:/tmp/reducer.py as file:/tmp/hadoop-root/mapred/local/job_local881204083_0001_7ad5c859-f1bf-4d2a-9cee-3bff60b4760a/reducer.py
[2025-02-26T20:44:13.436+0000] {subprocess.py:93} INFO - 2025-02-26 20:44:13,432 INFO mapreduce.Job: The url to track the job: http://localhost:8080/
[2025-02-26T20:44:13.441+0000] {subprocess.py:93} INFO - 2025-02-26 20:44:13,437 INFO mapreduce.Job: Running job: job_local881204083_0001
[2025-02-26T20:44:13.442+0000] {subprocess.py:93} INFO - 2025-02-26 20:44:13,437 INFO mapred.LocalJobRunner: OutputCommitter set in config null
[2025-02-26T20:44:13.444+0000] {subprocess.py:93} INFO - 2025-02-26 20:44:13,441 INFO mapred.LocalJobRunner: OutputCommitter is org.apache.hadoop.mapred.FileOutputCommitter
[2025-02-26T20:44:13.458+0000] {subprocess.py:93} INFO - 2025-02-26 20:44:13,449 INFO output.FileOutputCommitter: File Output Committer Algorithm version is 2
[2025-02-26T20:44:13.460+0000] {subprocess.py:93} INFO - 2025-02-26 20:44:13,449 INFO output.FileOutputCommitter: FileOutputCommitter skip cleanup _temporary folders under output directory:false, ignore cleanup failures: false
[2025-02-26T20:44:13.528+0000] {subprocess.py:93} INFO - 2025-02-26 20:44:13,526 INFO mapred.LocalJobRunner: Waiting for map tasks
[2025-02-26T20:44:13.533+0000] {subprocess.py:93} INFO - 2025-02-26 20:44:13,531 INFO mapred.LocalJobRunner: Starting task: attempt_local881204083_0001_m_000000_0
[2025-02-26T20:44:13.564+0000] {subprocess.py:93} INFO - 2025-02-26 20:44:13,562 INFO output.FileOutputCommitter: File Output Committer Algorithm version is 2
[2025-02-26T20:44:13.565+0000] {subprocess.py:93} INFO - 2025-02-26 20:44:13,562 INFO output.FileOutputCommitter: FileOutputCommitter skip cleanup _temporary folders under output directory:false, ignore cleanup failures: false
[2025-02-26T20:44:13.582+0000] {subprocess.py:93} INFO - 2025-02-26 20:44:13,580 INFO mapred.Task:  Using ResourceCalculatorProcessTree : [ ]
[2025-02-26T20:44:13.589+0000] {subprocess.py:93} INFO - 2025-02-26 20:44:13,588 INFO mapred.MapTask: Processing split: hdfs://namenode:9000/user/etudiant/crypto/raw/YYYY=2025/MM=01/DD=31/yfinance_raw.json:0+19764
[2025-02-26T20:44:13.619+0000] {subprocess.py:93} INFO - 2025-02-26 20:44:13,616 INFO mapred.MapTask: numReduceTasks: 1
[2025-02-26T20:44:13.651+0000] {subprocess.py:93} INFO - 2025-02-26 20:44:13,649 INFO mapred.MapTask: (EQUATOR) 0 kvi 26214396(104857584)
[2025-02-26T20:44:13.652+0000] {subprocess.py:93} INFO - 2025-02-26 20:44:13,649 INFO mapred.MapTask: mapreduce.task.io.sort.mb: 100
[2025-02-26T20:44:13.653+0000] {subprocess.py:93} INFO - 2025-02-26 20:44:13,649 INFO mapred.MapTask: soft limit at 83886080
[2025-02-26T20:44:13.654+0000] {subprocess.py:93} INFO - 2025-02-26 20:44:13,649 INFO mapred.MapTask: bufstart = 0; bufvoid = 104857600
[2025-02-26T20:44:13.655+0000] {subprocess.py:93} INFO - 2025-02-26 20:44:13,649 INFO mapred.MapTask: kvstart = 26214396; length = 6553600
[2025-02-26T20:44:13.656+0000] {subprocess.py:93} INFO - 2025-02-26 20:44:13,654 INFO mapred.MapTask: Map output collector class = org.apache.hadoop.mapred.MapTask$MapOutputBuffer
[2025-02-26T20:44:13.669+0000] {subprocess.py:93} INFO - 2025-02-26 20:44:13,664 INFO streaming.PipeMapRed: PipeMapRed exec [/usr/bin/python, mapper.py]
[2025-02-26T20:44:13.673+0000] {subprocess.py:93} INFO - 2025-02-26 20:44:13,671 INFO Configuration.deprecation: mapred.work.output.dir is deprecated. Instead, use mapreduce.task.output.dir
[2025-02-26T20:44:13.677+0000] {subprocess.py:93} INFO - 2025-02-26 20:44:13,673 INFO Configuration.deprecation: map.input.start is deprecated. Instead, use mapreduce.map.input.start
[2025-02-26T20:44:13.678+0000] {subprocess.py:93} INFO - 2025-02-26 20:44:13,675 INFO Configuration.deprecation: mapred.task.is.map is deprecated. Instead, use mapreduce.task.ismap
[2025-02-26T20:44:13.680+0000] {subprocess.py:93} INFO - 2025-02-26 20:44:13,675 INFO Configuration.deprecation: mapred.task.id is deprecated. Instead, use mapreduce.task.attempt.id
[2025-02-26T20:44:13.681+0000] {subprocess.py:93} INFO - 2025-02-26 20:44:13,676 INFO Configuration.deprecation: mapred.tip.id is deprecated. Instead, use mapreduce.task.id
[2025-02-26T20:44:13.682+0000] {subprocess.py:93} INFO - 2025-02-26 20:44:13,676 INFO Configuration.deprecation: mapred.local.dir is deprecated. Instead, use mapreduce.cluster.local.dir
[2025-02-26T20:44:13.682+0000] {subprocess.py:93} INFO - 2025-02-26 20:44:13,676 INFO Configuration.deprecation: map.input.file is deprecated. Instead, use mapreduce.map.input.file
[2025-02-26T20:44:13.683+0000] {subprocess.py:93} INFO - 2025-02-26 20:44:13,677 INFO Configuration.deprecation: mapred.skip.on is deprecated. Instead, use mapreduce.job.skiprecords
[2025-02-26T20:44:13.684+0000] {subprocess.py:93} INFO - 2025-02-26 20:44:13,677 INFO Configuration.deprecation: map.input.length is deprecated. Instead, use mapreduce.map.input.length
[2025-02-26T20:44:13.685+0000] {subprocess.py:93} INFO - 2025-02-26 20:44:13,678 INFO Configuration.deprecation: mapred.job.id is deprecated. Instead, use mapreduce.job.id
[2025-02-26T20:44:13.686+0000] {subprocess.py:93} INFO - 2025-02-26 20:44:13,679 INFO Configuration.deprecation: user.name is deprecated. Instead, use mapreduce.job.user.name
[2025-02-26T20:44:13.688+0000] {subprocess.py:93} INFO - 2025-02-26 20:44:13,679 INFO Configuration.deprecation: mapred.task.partition is deprecated. Instead, use mapreduce.task.partition
[2025-02-26T20:44:13.722+0000] {subprocess.py:93} INFO - 2025-02-26 20:44:13,720 INFO sasl.SaslDataTransferClient: SASL encryption trust check: localHostTrusted = false, remoteHostTrusted = false
[2025-02-26T20:44:13.829+0000] {subprocess.py:93} INFO - 2025-02-26 20:44:13,826 INFO streaming.PipeMapRed: R/W/S=1/0/0 in:NA [rec/s] out:NA [rec/s]
[2025-02-26T20:44:13.832+0000] {subprocess.py:93} INFO - 2025-02-26 20:44:13,828 INFO streaming.PipeMapRed: R/W/S=10/0/0 in:NA [rec/s] out:NA [rec/s]
[2025-02-26T20:44:13.841+0000] {subprocess.py:93} INFO - 2025-02-26 20:44:13,836 INFO streaming.PipeMapRed: R/W/S=100/0/0 in:NA [rec/s] out:NA [rec/s]
[2025-02-26T20:44:13.868+0000] {subprocess.py:93} INFO - 2025-02-26 20:44:13,865 INFO streaming.PipeMapRed: MRErrorThread done
[2025-02-26T20:44:13.869+0000] {subprocess.py:93} INFO - 2025-02-26 20:44:13,867 INFO streaming.PipeMapRed: mapRedFinished
[2025-02-26T20:44:13.874+0000] {subprocess.py:93} INFO - 2025-02-26 20:44:13,872 INFO mapred.LocalJobRunner:
[2025-02-26T20:44:13.875+0000] {subprocess.py:93} INFO - 2025-02-26 20:44:13,872 INFO mapred.MapTask: Starting flush of map output
[2025-02-26T20:44:13.919+0000] {subprocess.py:93} INFO - 2025-02-26 20:44:13,918 INFO mapred.Task: Task:attempt_local881204083_0001_m_000000_0 is done. And is in the process of committing
[2025-02-26T20:44:13.930+0000] {subprocess.py:93} INFO - 2025-02-26 20:44:13,927 INFO mapred.LocalJobRunner: hdfs://namenode:9000/user/etudiant/crypto/raw/YYYY=2025/MM=01/DD=31/yfinance_raw.json:0+19764
[2025-02-26T20:44:13.932+0000] {subprocess.py:93} INFO - 2025-02-26 20:44:13,928 INFO mapred.Task: Task 'attempt_local881204083_0001_m_000000_0' done.
[2025-02-26T20:44:13.942+0000] {subprocess.py:93} INFO - 2025-02-26 20:44:13,939 INFO mapred.Task: Final Counters for attempt_local881204083_0001_m_000000_0: Counters: 23
[2025-02-26T20:44:13.943+0000] {subprocess.py:93} INFO - 	File System Counters
[2025-02-26T20:44:13.944+0000] {subprocess.py:93} INFO - 		FILE: Number of bytes read=180665
[2025-02-26T20:44:13.945+0000] {subprocess.py:93} INFO - 		FILE: Number of bytes written=709713
[2025-02-26T20:44:13.947+0000] {subprocess.py:93} INFO - 		FILE: Number of read operations=0
[2025-02-26T20:44:13.948+0000] {subprocess.py:93} INFO - 		FILE: Number of large read operations=0
[2025-02-26T20:44:13.949+0000] {subprocess.py:93} INFO - 		FILE: Number of write operations=0
[2025-02-26T20:44:13.949+0000] {subprocess.py:93} INFO - 		HDFS: Number of bytes read=19764
[2025-02-26T20:44:13.950+0000] {subprocess.py:93} INFO - 		HDFS: Number of bytes written=0
[2025-02-26T20:44:13.951+0000] {subprocess.py:93} INFO - 		HDFS: Number of read operations=5
[2025-02-26T20:44:13.951+0000] {subprocess.py:93} INFO - 		HDFS: Number of large read operations=0
[2025-02-26T20:44:13.952+0000] {subprocess.py:93} INFO - 		HDFS: Number of write operations=1
[2025-02-26T20:44:13.952+0000] {subprocess.py:93} INFO - 		HDFS: Number of bytes read erasure-coded=0
[2025-02-26T20:44:13.953+0000] {subprocess.py:93} INFO - 	Map-Reduce Framework
[2025-02-26T20:44:13.953+0000] {subprocess.py:93} INFO - 		Map input records=677
[2025-02-26T20:44:13.954+0000] {subprocess.py:93} INFO - 		Map output records=0
[2025-02-26T20:44:13.955+0000] {subprocess.py:93} INFO - 		Map output bytes=0
[2025-02-26T20:44:13.955+0000] {subprocess.py:93} INFO - 		Map output materialized bytes=6
[2025-02-26T20:44:13.956+0000] {subprocess.py:93} INFO - 		Input split bytes=137
[2025-02-26T20:44:13.956+0000] {subprocess.py:93} INFO - 		Combine input records=0
[2025-02-26T20:44:13.957+0000] {subprocess.py:93} INFO - 		Spilled Records=0
[2025-02-26T20:44:13.957+0000] {subprocess.py:93} INFO - 		Failed Shuffles=0
[2025-02-26T20:44:13.958+0000] {subprocess.py:93} INFO - 		Merged Map outputs=0
[2025-02-26T20:44:13.958+0000] {subprocess.py:93} INFO - 		GC time elapsed (ms)=13
[2025-02-26T20:44:13.959+0000] {subprocess.py:93} INFO - 		Total committed heap usage (bytes)=272629760
[2025-02-26T20:44:13.960+0000] {subprocess.py:93} INFO - 	File Input Format Counters
[2025-02-26T20:44:13.961+0000] {subprocess.py:93} INFO - 		Bytes Read=19764
[2025-02-26T20:44:13.962+0000] {subprocess.py:93} INFO - 2025-02-26 20:44:13,940 INFO mapred.LocalJobRunner: Finishing task: attempt_local881204083_0001_m_000000_0
[2025-02-26T20:44:13.963+0000] {subprocess.py:93} INFO - 2025-02-26 20:44:13,940 INFO mapred.LocalJobRunner: map task executor complete.
[2025-02-26T20:44:13.964+0000] {subprocess.py:93} INFO - 2025-02-26 20:44:13,944 INFO mapred.LocalJobRunner: Waiting for reduce tasks
[2025-02-26T20:44:13.964+0000] {subprocess.py:93} INFO - 2025-02-26 20:44:13,947 INFO mapred.LocalJobRunner: Starting task: attempt_local881204083_0001_r_000000_0
[2025-02-26T20:44:13.965+0000] {subprocess.py:93} INFO - 2025-02-26 20:44:13,959 INFO output.FileOutputCommitter: File Output Committer Algorithm version is 2
[2025-02-26T20:44:13.966+0000] {subprocess.py:93} INFO - 2025-02-26 20:44:13,959 INFO output.FileOutputCommitter: FileOutputCommitter skip cleanup _temporary folders under output directory:false, ignore cleanup failures: false
[2025-02-26T20:44:13.967+0000] {subprocess.py:93} INFO - 2025-02-26 20:44:13,960 INFO mapred.Task:  Using ResourceCalculatorProcessTree : [ ]
[2025-02-26T20:44:13.968+0000] {subprocess.py:93} INFO - 2025-02-26 20:44:13,965 INFO mapred.ReduceTask: Using ShuffleConsumerPlugin: org.apache.hadoop.mapreduce.task.reduce.Shuffle@38d91a5c
[2025-02-26T20:44:13.969+0000] {subprocess.py:93} INFO - 2025-02-26 20:44:13,967 WARN impl.MetricsSystemImpl: JobTracker metrics system already initialized!
[2025-02-26T20:44:13.994+0000] {subprocess.py:93} INFO - 2025-02-26 20:44:13,992 INFO reduce.MergeManagerImpl: MergerManager: memoryLimit=668309888, maxSingleShuffleLimit=167077472, mergeThreshold=441084544, ioSortFactor=10, memToMemMergeOutputsThreshold=10
[2025-02-26T20:44:13.997+0000] {subprocess.py:93} INFO - 2025-02-26 20:44:13,996 INFO reduce.EventFetcher: attempt_local881204083_0001_r_000000_0 Thread started: EventFetcher for fetching Map Completion Events
[2025-02-26T20:44:14.026+0000] {subprocess.py:93} INFO - 2025-02-26 20:44:14,024 INFO reduce.LocalFetcher: localfetcher#1 about to shuffle output of map attempt_local881204083_0001_m_000000_0 decomp: 2 len: 6 to MEMORY
[2025-02-26T20:44:14.030+0000] {subprocess.py:93} INFO - 2025-02-26 20:44:14,029 INFO reduce.InMemoryMapOutput: Read 2 bytes from map-output for attempt_local881204083_0001_m_000000_0
[2025-02-26T20:44:14.032+0000] {subprocess.py:93} INFO - 2025-02-26 20:44:14,030 INFO reduce.MergeManagerImpl: closeInMemoryFile -> map-output of size: 2, inMemoryMapOutputs.size() -> 1, commitMemory -> 0, usedMemory ->2
[2025-02-26T20:44:14.034+0000] {subprocess.py:93} INFO - 2025-02-26 20:44:14,032 INFO reduce.EventFetcher: EventFetcher is interrupted.. Returning
[2025-02-26T20:44:14.035+0000] {subprocess.py:93} INFO - 2025-02-26 20:44:14,034 INFO mapred.LocalJobRunner: 1 / 1 copied.
[2025-02-26T20:44:14.036+0000] {subprocess.py:93} INFO - 2025-02-26 20:44:14,034 INFO reduce.MergeManagerImpl: finalMerge called with 1 in-memory map-outputs and 0 on-disk map-outputs
[2025-02-26T20:44:14.043+0000] {subprocess.py:93} INFO - 2025-02-26 20:44:14,041 INFO mapred.Merger: Merging 1 sorted segments
[2025-02-26T20:44:14.044+0000] {subprocess.py:93} INFO - 2025-02-26 20:44:14,042 INFO mapred.Merger: Down to the last merge-pass, with 0 segments left of total size: 0 bytes
[2025-02-26T20:44:14.044+0000] {subprocess.py:93} INFO - 2025-02-26 20:44:14,043 INFO reduce.MergeManagerImpl: Merged 1 segments, 2 bytes to disk to satisfy reduce memory limit
[2025-02-26T20:44:14.045+0000] {subprocess.py:93} INFO - 2025-02-26 20:44:14,043 INFO reduce.MergeManagerImpl: Merging 1 files, 6 bytes from disk
[2025-02-26T20:44:14.046+0000] {subprocess.py:93} INFO - 2025-02-26 20:44:14,044 INFO reduce.MergeManagerImpl: Merging 0 segments, 0 bytes from memory into reduce
[2025-02-26T20:44:14.046+0000] {subprocess.py:93} INFO - 2025-02-26 20:44:14,044 INFO mapred.Merger: Merging 1 sorted segments
[2025-02-26T20:44:14.047+0000] {subprocess.py:93} INFO - 2025-02-26 20:44:14,046 INFO mapred.Merger: Down to the last merge-pass, with 0 segments left of total size: 0 bytes
[2025-02-26T20:44:14.048+0000] {subprocess.py:93} INFO - 2025-02-26 20:44:14,046 INFO mapred.LocalJobRunner: 1 / 1 copied.
[2025-02-26T20:44:14.052+0000] {subprocess.py:93} INFO - 2025-02-26 20:44:14,051 INFO streaming.PipeMapRed: PipeMapRed exec [/usr/bin/python, reducer.py]
[2025-02-26T20:44:14.054+0000] {subprocess.py:93} INFO - 2025-02-26 20:44:14,053 INFO Configuration.deprecation: mapred.job.tracker is deprecated. Instead, use mapreduce.jobtracker.address
[2025-02-26T20:44:14.055+0000] {subprocess.py:93} INFO - 2025-02-26 20:44:14,053 INFO Configuration.deprecation: mapred.map.tasks is deprecated. Instead, use mapreduce.job.maps
[2025-02-26T20:44:14.102+0000] {subprocess.py:93} INFO - 2025-02-26 20:44:14,100 INFO streaming.PipeMapRed: MRErrorThread done
[2025-02-26T20:44:14.103+0000] {subprocess.py:93} INFO - 2025-02-26 20:44:14,101 INFO streaming.PipeMapRed: mapRedFinished
[2025-02-26T20:44:14.117+0000] {subprocess.py:93} INFO - 2025-02-26 20:44:14,115 INFO mapred.Task: Task:attempt_local881204083_0001_r_000000_0 is done. And is in the process of committing
[2025-02-26T20:44:14.120+0000] {subprocess.py:93} INFO - 2025-02-26 20:44:14,119 INFO mapred.LocalJobRunner: 1 / 1 copied.
[2025-02-26T20:44:14.122+0000] {subprocess.py:93} INFO - 2025-02-26 20:44:14,119 INFO mapred.Task: Task attempt_local881204083_0001_r_000000_0 is allowed to commit now
[2025-02-26T20:44:14.141+0000] {subprocess.py:93} INFO - 2025-02-26 20:44:14,140 INFO output.FileOutputCommitter: Saved output of task 'attempt_local881204083_0001_r_000000_0' to hdfs://namenode:9000/user/etudiant/crypto/processed/YYYY=2025/MM=01/DD=31
[2025-02-26T20:44:14.143+0000] {subprocess.py:93} INFO - 2025-02-26 20:44:14,141 INFO mapred.LocalJobRunner: reduce > reduce
[2025-02-26T20:44:14.148+0000] {subprocess.py:93} INFO - 2025-02-26 20:44:14,141 INFO mapred.Task: Task 'attempt_local881204083_0001_r_000000_0' done.
[2025-02-26T20:44:14.148+0000] {subprocess.py:93} INFO - 2025-02-26 20:44:14,143 INFO mapred.Task: Final Counters for attempt_local881204083_0001_r_000000_0: Counters: 30
[2025-02-26T20:44:14.149+0000] {subprocess.py:93} INFO - 	File System Counters
[2025-02-26T20:44:14.150+0000] {subprocess.py:93} INFO - 		FILE: Number of bytes read=180709
[2025-02-26T20:44:14.150+0000] {subprocess.py:93} INFO - 		FILE: Number of bytes written=709719
[2025-02-26T20:44:14.151+0000] {subprocess.py:93} INFO - 		FILE: Number of read operations=0
[2025-02-26T20:44:14.151+0000] {subprocess.py:93} INFO - 		FILE: Number of large read operations=0
[2025-02-26T20:44:14.152+0000] {subprocess.py:93} INFO - 		FILE: Number of write operations=0
[2025-02-26T20:44:14.152+0000] {subprocess.py:93} INFO - 		HDFS: Number of bytes read=19764
[2025-02-26T20:44:14.153+0000] {subprocess.py:93} INFO - 		HDFS: Number of bytes written=0
[2025-02-26T20:44:14.153+0000] {subprocess.py:93} INFO - 		HDFS: Number of read operations=10
[2025-02-26T20:44:14.154+0000] {subprocess.py:93} INFO - 		HDFS: Number of large read operations=0
[2025-02-26T20:44:14.154+0000] {subprocess.py:93} INFO - 		HDFS: Number of write operations=3
[2025-02-26T20:44:14.155+0000] {subprocess.py:93} INFO - 		HDFS: Number of bytes read erasure-coded=0
[2025-02-26T20:44:14.155+0000] {subprocess.py:93} INFO - 	Map-Reduce Framework
[2025-02-26T20:44:14.155+0000] {subprocess.py:93} INFO - 		Combine input records=0
[2025-02-26T20:44:14.156+0000] {subprocess.py:93} INFO - 		Combine output records=0
[2025-02-26T20:44:14.156+0000] {subprocess.py:93} INFO - 		Reduce input groups=0
[2025-02-26T20:44:14.157+0000] {subprocess.py:93} INFO - 		Reduce shuffle bytes=6
[2025-02-26T20:44:14.157+0000] {subprocess.py:93} INFO - 		Reduce input records=0
[2025-02-26T20:44:14.158+0000] {subprocess.py:93} INFO - 		Reduce output records=0
[2025-02-26T20:44:14.159+0000] {subprocess.py:93} INFO - 		Spilled Records=0
[2025-02-26T20:44:14.159+0000] {subprocess.py:93} INFO - 		Shuffled Maps =1
[2025-02-26T20:44:14.160+0000] {subprocess.py:93} INFO - 		Failed Shuffles=0
[2025-02-26T20:44:14.160+0000] {subprocess.py:93} INFO - 		Merged Map outputs=1
[2025-02-26T20:44:14.161+0000] {subprocess.py:93} INFO - 		GC time elapsed (ms)=0
[2025-02-26T20:44:14.161+0000] {subprocess.py:93} INFO - 		Total committed heap usage (bytes)=272629760
[2025-02-26T20:44:14.162+0000] {subprocess.py:93} INFO - 	Shuffle Errors
[2025-02-26T20:44:14.162+0000] {subprocess.py:93} INFO - 		BAD_ID=0
[2025-02-26T20:44:14.163+0000] {subprocess.py:93} INFO - 		CONNECTION=0
[2025-02-26T20:44:14.163+0000] {subprocess.py:93} INFO - 		IO_ERROR=0
[2025-02-26T20:44:14.164+0000] {subprocess.py:93} INFO - 		WRONG_LENGTH=0
[2025-02-26T20:44:14.164+0000] {subprocess.py:93} INFO - 		WRONG_MAP=0
[2025-02-26T20:44:14.164+0000] {subprocess.py:93} INFO - 		WRONG_REDUCE=0
[2025-02-26T20:44:14.165+0000] {subprocess.py:93} INFO - 	File Output Format Counters
[2025-02-26T20:44:14.165+0000] {subprocess.py:93} INFO - 		Bytes Written=0
[2025-02-26T20:44:14.166+0000] {subprocess.py:93} INFO - 2025-02-26 20:44:14,143 INFO mapred.LocalJobRunner: Finishing task: attempt_local881204083_0001_r_000000_0
[2025-02-26T20:44:14.166+0000] {subprocess.py:93} INFO - 2025-02-26 20:44:14,143 INFO mapred.LocalJobRunner: reduce task executor complete.
[2025-02-26T20:44:14.459+0000] {subprocess.py:93} INFO - 2025-02-26 20:44:14,457 INFO mapreduce.Job: Job job_local881204083_0001 running in uber mode : false
[2025-02-26T20:44:14.460+0000] {subprocess.py:93} INFO - 2025-02-26 20:44:14,459 INFO mapreduce.Job:  map 100% reduce 100%
[2025-02-26T20:44:14.462+0000] {subprocess.py:93} INFO - 2025-02-26 20:44:14,460 INFO mapreduce.Job: Job job_local881204083_0001 completed successfully
[2025-02-26T20:44:14.474+0000] {subprocess.py:93} INFO - 2025-02-26 20:44:14,472 INFO mapreduce.Job: Counters: 36
[2025-02-26T20:44:14.475+0000] {subprocess.py:93} INFO - 	File System Counters
[2025-02-26T20:44:14.476+0000] {subprocess.py:93} INFO - 		FILE: Number of bytes read=361374
[2025-02-26T20:44:14.477+0000] {subprocess.py:93} INFO - 		FILE: Number of bytes written=1419432
[2025-02-26T20:44:14.478+0000] {subprocess.py:93} INFO - 		FILE: Number of read operations=0
[2025-02-26T20:44:14.478+0000] {subprocess.py:93} INFO - 		FILE: Number of large read operations=0
[2025-02-26T20:44:14.479+0000] {subprocess.py:93} INFO - 		FILE: Number of write operations=0
[2025-02-26T20:44:14.480+0000] {subprocess.py:93} INFO - 		HDFS: Number of bytes read=39528
[2025-02-26T20:44:14.480+0000] {subprocess.py:93} INFO - 		HDFS: Number of bytes written=0
[2025-02-26T20:44:14.481+0000] {subprocess.py:93} INFO - 		HDFS: Number of read operations=15
[2025-02-26T20:44:14.481+0000] {subprocess.py:93} INFO - 		HDFS: Number of large read operations=0
[2025-02-26T20:44:14.482+0000] {subprocess.py:93} INFO - 		HDFS: Number of write operations=4
[2025-02-26T20:44:14.483+0000] {subprocess.py:93} INFO - 		HDFS: Number of bytes read erasure-coded=0
[2025-02-26T20:44:14.483+0000] {subprocess.py:93} INFO - 	Map-Reduce Framework
[2025-02-26T20:44:14.484+0000] {subprocess.py:93} INFO - 		Map input records=677
[2025-02-26T20:44:14.484+0000] {subprocess.py:93} INFO - 		Map output records=0
[2025-02-26T20:44:14.485+0000] {subprocess.py:93} INFO - 		Map output bytes=0
[2025-02-26T20:44:14.486+0000] {subprocess.py:93} INFO - 		Map output materialized bytes=6
[2025-02-26T20:44:14.486+0000] {subprocess.py:93} INFO - 		Input split bytes=137
[2025-02-26T20:44:14.487+0000] {subprocess.py:93} INFO - 		Combine input records=0
[2025-02-26T20:44:14.488+0000] {subprocess.py:93} INFO - 		Combine output records=0
[2025-02-26T20:44:14.488+0000] {subprocess.py:93} INFO - 		Reduce input groups=0
[2025-02-26T20:44:14.489+0000] {subprocess.py:93} INFO - 		Reduce shuffle bytes=6
[2025-02-26T20:44:14.489+0000] {subprocess.py:93} INFO - 		Reduce input records=0
[2025-02-26T20:44:14.490+0000] {subprocess.py:93} INFO - 		Reduce output records=0
[2025-02-26T20:44:14.491+0000] {subprocess.py:93} INFO - 		Spilled Records=0
[2025-02-26T20:44:14.491+0000] {subprocess.py:93} INFO - 		Shuffled Maps =1
[2025-02-26T20:44:14.492+0000] {subprocess.py:93} INFO - 		Failed Shuffles=0
[2025-02-26T20:44:14.492+0000] {subprocess.py:93} INFO - 		Merged Map outputs=1
[2025-02-26T20:44:14.493+0000] {subprocess.py:93} INFO - 		GC time elapsed (ms)=13
[2025-02-26T20:44:14.494+0000] {subprocess.py:93} INFO - 		Total committed heap usage (bytes)=545259520
[2025-02-26T20:44:14.494+0000] {subprocess.py:93} INFO - 	Shuffle Errors
[2025-02-26T20:44:14.495+0000] {subprocess.py:93} INFO - 		BAD_ID=0
[2025-02-26T20:44:14.495+0000] {subprocess.py:93} INFO - 		CONNECTION=0
[2025-02-26T20:44:14.496+0000] {subprocess.py:93} INFO - 		IO_ERROR=0
[2025-02-26T20:44:14.497+0000] {subprocess.py:93} INFO - 		WRONG_LENGTH=0
[2025-02-26T20:44:14.498+0000] {subprocess.py:93} INFO - 		WRONG_MAP=0
[2025-02-26T20:44:14.498+0000] {subprocess.py:93} INFO - 		WRONG_REDUCE=0
[2025-02-26T20:44:14.499+0000] {subprocess.py:93} INFO - 	File Input Format Counters
[2025-02-26T20:44:14.500+0000] {subprocess.py:93} INFO - 		Bytes Read=19764
[2025-02-26T20:44:14.500+0000] {subprocess.py:93} INFO - 	File Output Format Counters
[2025-02-26T20:44:14.501+0000] {subprocess.py:93} INFO - 		Bytes Written=0
[2025-02-26T20:44:14.502+0000] {subprocess.py:93} INFO - 2025-02-26 20:44:14,472 INFO streaming.StreamJob: Output directory: hdfs:///user/etudiant/crypto/processed/YYYY=2025/MM=01/DD=31
[2025-02-26T20:44:14.963+0000] {subprocess.py:97} INFO - Command exited with return code 0
[2025-02-26T20:44:14.997+0000] {taskinstance.py:1400} INFO - Marking task as SUCCESS. dag_id=yfinance_ingestion_dag, task_id=run_mapreduce, execution_date=20250131T000000, start_date=20250226T204405, end_date=20250226T204414
[2025-02-26T20:44:15.032+0000] {local_task_job_runner.py:228} INFO - Task exited with return code 0
[2025-02-26T20:44:15.050+0000] {taskinstance.py:2784} INFO - 0 downstream tasks scheduled from follow-on schedule check
