[2025-02-25T09:48:44.926+0000] {taskinstance.py:1159} INFO - Dependencies all met for dep_context=non-requeueable deps ti=<TaskInstance: yfinance_ingestion_dag.store_raw_data_in_hdfs scheduled__2025-01-10T00:00:00+00:00 [queued]>
[2025-02-25T09:48:45.014+0000] {taskinstance.py:1159} INFO - Dependencies all met for dep_context=requeueable deps ti=<TaskInstance: yfinance_ingestion_dag.store_raw_data_in_hdfs scheduled__2025-01-10T00:00:00+00:00 [queued]>
[2025-02-25T09:48:45.015+0000] {taskinstance.py:1361} INFO - Starting attempt 1 of 2
[2025-02-25T09:48:45.132+0000] {taskinstance.py:1382} INFO - Executing <Task(PythonOperator): store_raw_data_in_hdfs> on 2025-01-10 00:00:00+00:00
[2025-02-25T09:48:45.166+0000] {standard_task_runner.py:57} INFO - Started process 346 to run task
[2025-02-25T09:48:45.198+0000] {standard_task_runner.py:84} INFO - Running: ['***', 'tasks', 'run', 'yfinance_ingestion_dag', 'store_raw_data_in_hdfs', 'scheduled__2025-01-10T00:00:00+00:00', '--job-id', '59', '--raw', '--subdir', 'DAGS_FOLDER/test_hello.py', '--cfg-path', '/tmp/tmpm1k7pxb0']
[2025-02-25T09:48:45.206+0000] {standard_task_runner.py:85} INFO - Job 59: Subtask store_raw_data_in_hdfs
[2025-02-25T09:48:45.576+0000] {task_command.py:415} INFO - Running <TaskInstance: yfinance_ingestion_dag.store_raw_data_in_hdfs scheduled__2025-01-10T00:00:00+00:00 [running]> on host 6dbd75e48aaa
[2025-02-25T09:48:45.980+0000] {taskinstance.py:1660} INFO - Exporting env vars: AIRFLOW_CTX_DAG_OWNER='etudiant' AIRFLOW_CTX_DAG_ID='yfinance_ingestion_dag' AIRFLOW_CTX_TASK_ID='store_raw_data_in_hdfs' AIRFLOW_CTX_EXECUTION_DATE='2025-01-10T00:00:00+00:00' AIRFLOW_CTX_TRY_NUMBER='1' AIRFLOW_CTX_DAG_RUN_ID='scheduled__2025-01-10T00:00:00+00:00'
[2025-02-25T09:49:38.025+0000] {python.py:194} INFO - Done. Returned value was: None
[2025-02-25T09:49:38.239+0000] {taskinstance.py:1400} INFO - Marking task as SUCCESS. dag_id=yfinance_ingestion_dag, task_id=store_raw_data_in_hdfs, execution_date=20250110T000000, start_date=20250225T094844, end_date=20250225T094938
[2025-02-25T09:49:38.544+0000] {local_task_job_runner.py:228} INFO - Task exited with return code 0
[2025-02-25T09:49:38.700+0000] {taskinstance.py:2784} INFO - 0 downstream tasks scheduled from follow-on schedule check
[2025-02-26T20:10:56.877+0000] {taskinstance.py:1159} INFO - Dependencies all met for dep_context=non-requeueable deps ti=<TaskInstance: yfinance_ingestion_dag.store_raw_data_in_hdfs scheduled__2025-01-10T00:00:00+00:00 [queued]>
[2025-02-26T20:10:56.945+0000] {taskinstance.py:1159} INFO - Dependencies all met for dep_context=requeueable deps ti=<TaskInstance: yfinance_ingestion_dag.store_raw_data_in_hdfs scheduled__2025-01-10T00:00:00+00:00 [queued]>
[2025-02-26T20:10:56.947+0000] {taskinstance.py:1361} INFO - Starting attempt 1 of 2
[2025-02-26T20:10:57.019+0000] {taskinstance.py:1382} INFO - Executing <Task(PythonOperator): store_raw_data_in_hdfs> on 2025-01-10 00:00:00+00:00
[2025-02-26T20:10:57.036+0000] {standard_task_runner.py:57} INFO - Started process 536 to run task
[2025-02-26T20:10:57.060+0000] {standard_task_runner.py:84} INFO - Running: ['***', 'tasks', 'run', 'yfinance_ingestion_dag', 'store_raw_data_in_hdfs', 'scheduled__2025-01-10T00:00:00+00:00', '--job-id', '61', '--raw', '--subdir', 'DAGS_FOLDER/pipeline.py', '--cfg-path', '/tmp/tmpvhxof2bg']
[2025-02-26T20:10:57.069+0000] {standard_task_runner.py:85} INFO - Job 61: Subtask store_raw_data_in_hdfs
[2025-02-26T20:10:57.210+0000] {task_command.py:415} INFO - Running <TaskInstance: yfinance_ingestion_dag.store_raw_data_in_hdfs scheduled__2025-01-10T00:00:00+00:00 [running]> on host e304e68c626e
[2025-02-26T20:10:57.459+0000] {taskinstance.py:1660} INFO - Exporting env vars: AIRFLOW_CTX_DAG_OWNER='etudiant' AIRFLOW_CTX_DAG_ID='yfinance_ingestion_dag' AIRFLOW_CTX_TASK_ID='store_raw_data_in_hdfs' AIRFLOW_CTX_EXECUTION_DATE='2025-01-10T00:00:00+00:00' AIRFLOW_CTX_TRY_NUMBER='1' AIRFLOW_CTX_DAG_RUN_ID='scheduled__2025-01-10T00:00:00+00:00'
[2025-02-26T20:10:57.488+0000] {taskinstance.py:1943} ERROR - Task failed with exception
Traceback (most recent call last):
  File "/home/airflow/.local/lib/python3.8/site-packages/airflow/operators/python.py", line 192, in execute
    return_value = self.execute_callable()
  File "/home/airflow/.local/lib/python3.8/site-packages/airflow/operators/python.py", line 209, in execute_callable
    return self.python_callable(*self.op_args, **self.op_kwargs)
  File "/opt/airflow/dags/pipeline.py", line 84, in store_raw_data_in_hdfs
    with open(local_file, 'w') as f:
PermissionError: [Errno 13] Permission denied: '/mnt/hadoop_data/yfinance_raw.json'
[2025-02-26T20:10:57.517+0000] {taskinstance.py:1400} INFO - Marking task as UP_FOR_RETRY. dag_id=yfinance_ingestion_dag, task_id=store_raw_data_in_hdfs, execution_date=20250110T000000, start_date=20250226T201056, end_date=20250226T201057
[2025-02-26T20:10:57.541+0000] {standard_task_runner.py:104} ERROR - Failed to execute job 61 for task store_raw_data_in_hdfs ([Errno 13] Permission denied: '/mnt/hadoop_data/yfinance_raw.json'; 536)
[2025-02-26T20:10:57.588+0000] {local_task_job_runner.py:228} INFO - Task exited with return code 1
[2025-02-26T20:10:57.635+0000] {taskinstance.py:2784} INFO - 0 downstream tasks scheduled from follow-on schedule check
[2025-02-26T20:30:27.851+0000] {taskinstance.py:1159} INFO - Dependencies all met for dep_context=non-requeueable deps ti=<TaskInstance: yfinance_ingestion_dag.store_raw_data_in_hdfs scheduled__2025-01-10T00:00:00+00:00 [queued]>
[2025-02-26T20:30:27.929+0000] {taskinstance.py:1159} INFO - Dependencies all met for dep_context=requeueable deps ti=<TaskInstance: yfinance_ingestion_dag.store_raw_data_in_hdfs scheduled__2025-01-10T00:00:00+00:00 [queued]>
[2025-02-26T20:30:27.933+0000] {taskinstance.py:1361} INFO - Starting attempt 1 of 2
[2025-02-26T20:30:28.261+0000] {taskinstance.py:1382} INFO - Executing <Task(PythonOperator): store_raw_data_in_hdfs> on 2025-01-10 00:00:00+00:00
[2025-02-26T20:30:28.328+0000] {standard_task_runner.py:57} INFO - Started process 1794 to run task
[2025-02-26T20:30:28.343+0000] {standard_task_runner.py:84} INFO - Running: ['***', 'tasks', 'run', 'yfinance_ingestion_dag', 'store_raw_data_in_hdfs', 'scheduled__2025-01-10T00:00:00+00:00', '--job-id', '176', '--raw', '--subdir', 'DAGS_FOLDER/pipeline.py', '--cfg-path', '/tmp/tmp3n4p8e5s']
[2025-02-26T20:30:28.354+0000] {standard_task_runner.py:85} INFO - Job 176: Subtask store_raw_data_in_hdfs
[2025-02-26T20:30:28.635+0000] {task_command.py:415} INFO - Running <TaskInstance: yfinance_ingestion_dag.store_raw_data_in_hdfs scheduled__2025-01-10T00:00:00+00:00 [running]> on host c96a1011f5a3
[2025-02-26T20:30:29.013+0000] {taskinstance.py:1660} INFO - Exporting env vars: AIRFLOW_CTX_DAG_OWNER='etudiant' AIRFLOW_CTX_DAG_ID='yfinance_ingestion_dag' AIRFLOW_CTX_TASK_ID='store_raw_data_in_hdfs' AIRFLOW_CTX_EXECUTION_DATE='2025-01-10T00:00:00+00:00' AIRFLOW_CTX_TRY_NUMBER='1' AIRFLOW_CTX_DAG_RUN_ID='scheduled__2025-01-10T00:00:00+00:00'
[2025-02-26T20:31:03.117+0000] {python.py:194} INFO - Done. Returned value was: None
[2025-02-26T20:31:03.154+0000] {taskinstance.py:1400} INFO - Marking task as SUCCESS. dag_id=yfinance_ingestion_dag, task_id=store_raw_data_in_hdfs, execution_date=20250110T000000, start_date=20250226T203027, end_date=20250226T203103
[2025-02-26T20:31:03.530+0000] {local_task_job_runner.py:228} INFO - Task exited with return code 0
[2025-02-26T20:31:03.616+0000] {taskinstance.py:2784} INFO - 1 downstream tasks scheduled from follow-on schedule check
[2025-02-26T20:40:12.030+0000] {taskinstance.py:1159} INFO - Dependencies all met for dep_context=non-requeueable deps ti=<TaskInstance: yfinance_ingestion_dag.store_raw_data_in_hdfs scheduled__2025-01-10T00:00:00+00:00 [queued]>
[2025-02-26T20:40:12.128+0000] {taskinstance.py:1159} INFO - Dependencies all met for dep_context=requeueable deps ti=<TaskInstance: yfinance_ingestion_dag.store_raw_data_in_hdfs scheduled__2025-01-10T00:00:00+00:00 [queued]>
[2025-02-26T20:40:12.135+0000] {taskinstance.py:1361} INFO - Starting attempt 1 of 2
[2025-02-26T20:40:12.615+0000] {taskinstance.py:1382} INFO - Executing <Task(PythonOperator): store_raw_data_in_hdfs> on 2025-01-10 00:00:00+00:00
[2025-02-26T20:40:12.635+0000] {standard_task_runner.py:57} INFO - Started process 1225 to run task
[2025-02-26T20:40:12.650+0000] {standard_task_runner.py:84} INFO - Running: ['***', 'tasks', 'run', 'yfinance_ingestion_dag', 'store_raw_data_in_hdfs', 'scheduled__2025-01-10T00:00:00+00:00', '--job-id', '287', '--raw', '--subdir', 'DAGS_FOLDER/pipeline.py', '--cfg-path', '/tmp/tmpwpsy_7tl']
[2025-02-26T20:40:12.684+0000] {standard_task_runner.py:85} INFO - Job 287: Subtask store_raw_data_in_hdfs
[2025-02-26T20:40:12.976+0000] {task_command.py:415} INFO - Running <TaskInstance: yfinance_ingestion_dag.store_raw_data_in_hdfs scheduled__2025-01-10T00:00:00+00:00 [running]> on host 3c0faf52b292
[2025-02-26T20:40:13.447+0000] {taskinstance.py:1660} INFO - Exporting env vars: AIRFLOW_CTX_DAG_OWNER='etudiant' AIRFLOW_CTX_DAG_ID='yfinance_ingestion_dag' AIRFLOW_CTX_TASK_ID='store_raw_data_in_hdfs' AIRFLOW_CTX_EXECUTION_DATE='2025-01-10T00:00:00+00:00' AIRFLOW_CTX_TRY_NUMBER='1' AIRFLOW_CTX_DAG_RUN_ID='scheduled__2025-01-10T00:00:00+00:00'
[2025-02-26T20:40:54.884+0000] {python.py:194} INFO - Done. Returned value was: None
[2025-02-26T20:40:54.942+0000] {taskinstance.py:1400} INFO - Marking task as SUCCESS. dag_id=yfinance_ingestion_dag, task_id=store_raw_data_in_hdfs, execution_date=20250110T000000, start_date=20250226T204012, end_date=20250226T204054
[2025-02-26T20:40:55.101+0000] {local_task_job_runner.py:228} INFO - Task exited with return code 0
[2025-02-26T20:40:55.160+0000] {taskinstance.py:2784} INFO - 1 downstream tasks scheduled from follow-on schedule check
[2025-02-27T14:55:17.734+0000] {taskinstance.py:1157} INFO - Dependencies all met for dep_context=non-requeueable deps ti=<TaskInstance: yfinance_ingestion_dag.store_raw_data_in_hdfs scheduled__2025-01-10T00:00:00+00:00 [queued]>
[2025-02-27T14:55:17.809+0000] {taskinstance.py:1157} INFO - Dependencies all met for dep_context=requeueable deps ti=<TaskInstance: yfinance_ingestion_dag.store_raw_data_in_hdfs scheduled__2025-01-10T00:00:00+00:00 [queued]>
[2025-02-27T14:55:17.810+0000] {taskinstance.py:1359} INFO - Starting attempt 1 of 1
[2025-02-27T14:55:17.928+0000] {taskinstance.py:1380} INFO - Executing <Task(PythonOperator): store_raw_data_in_hdfs> on 2025-01-10 00:00:00+00:00
[2025-02-27T14:55:17.958+0000] {standard_task_runner.py:57} INFO - Started process 261 to run task
[2025-02-27T14:55:17.964+0000] {standard_task_runner.py:84} INFO - Running: ['***', 'tasks', 'run', 'yfinance_ingestion_dag', 'store_raw_data_in_hdfs', 'scheduled__2025-01-10T00:00:00+00:00', '--job-id', '22', '--raw', '--subdir', 'DAGS_FOLDER/pipeline.py', '--cfg-path', '/tmp/tmp7ikxgphk']
[2025-02-27T14:55:17.975+0000] {standard_task_runner.py:85} INFO - Job 22: Subtask store_raw_data_in_hdfs
[2025-02-27T14:55:18.341+0000] {task_command.py:415} INFO - Running <TaskInstance: yfinance_ingestion_dag.store_raw_data_in_hdfs scheduled__2025-01-10T00:00:00+00:00 [running]> on host a71f042480b6
[2025-02-27T14:55:18.795+0000] {taskinstance.py:1660} INFO - Exporting env vars: AIRFLOW_CTX_DAG_OWNER='etudiant' AIRFLOW_CTX_DAG_ID='yfinance_ingestion_dag' AIRFLOW_CTX_TASK_ID='store_raw_data_in_hdfs' AIRFLOW_CTX_EXECUTION_DATE='2025-01-10T00:00:00+00:00' AIRFLOW_CTX_TRY_NUMBER='1' AIRFLOW_CTX_DAG_RUN_ID='scheduled__2025-01-10T00:00:00+00:00'
[2025-02-27T14:55:18.934+0000] {taskinstance.py:1935} ERROR - Task failed with exception
Traceback (most recent call last):
  File "/home/airflow/.local/lib/python3.8/site-packages/airflow/operators/python.py", line 192, in execute
    return_value = self.execute_callable()
  File "/home/airflow/.local/lib/python3.8/site-packages/airflow/operators/python.py", line 209, in execute_callable
    return self.python_callable(*self.op_args, **self.op_kwargs)
  File "/opt/airflow/dags/pipeline.py", line 82, in store_raw_data_in_hdfs
    with open(local_file, 'w') as f:
PermissionError: [Errno 13] Permission denied: '/mnt/hadoop_data/yfinance_raw.json'
[2025-02-27T14:55:19.049+0000] {taskinstance.py:1398} INFO - Marking task as FAILED. dag_id=yfinance_ingestion_dag, task_id=store_raw_data_in_hdfs, execution_date=20250110T000000, start_date=20250227T145517, end_date=20250227T145519
[2025-02-27T14:55:19.144+0000] {standard_task_runner.py:104} ERROR - Failed to execute job 22 for task store_raw_data_in_hdfs ([Errno 13] Permission denied: '/mnt/hadoop_data/yfinance_raw.json'; 261)
[2025-02-27T14:55:19.232+0000] {local_task_job_runner.py:228} INFO - Task exited with return code 1
[2025-02-27T14:55:19.988+0000] {taskinstance.py:2776} INFO - 0 downstream tasks scheduled from follow-on schedule check
