[2025-02-26T19:30:23.425+0000] {taskinstance.py:1159} INFO - Dependencies all met for dep_context=non-requeueable deps ti=<TaskInstance: yfinance_ingestion_and_process_dag.run_mapreduce scheduled__2025-01-21T00:00:00+00:00 [queued]>
[2025-02-26T19:30:23.542+0000] {taskinstance.py:1159} INFO - Dependencies all met for dep_context=requeueable deps ti=<TaskInstance: yfinance_ingestion_and_process_dag.run_mapreduce scheduled__2025-01-21T00:00:00+00:00 [queued]>
[2025-02-26T19:30:23.552+0000] {taskinstance.py:1361} INFO - Starting attempt 1 of 2
[2025-02-26T19:30:24.578+0000] {taskinstance.py:1382} INFO - Executing <Task(BashOperator): run_mapreduce> on 2025-01-21 00:00:00+00:00
[2025-02-26T19:30:24.630+0000] {standard_task_runner.py:57} INFO - Started process 745 to run task
[2025-02-26T19:30:24.691+0000] {standard_task_runner.py:84} INFO - Running: ['***', 'tasks', 'run', 'yfinance_ingestion_and_process_dag', 'run_mapreduce', 'scheduled__2025-01-21T00:00:00+00:00', '--job-id', '343', '--raw', '--subdir', 'DAGS_FOLDER/pipeline.py', '--cfg-path', '/tmp/tmp1ginu66k']
[2025-02-26T19:30:24.737+0000] {standard_task_runner.py:85} INFO - Job 343: Subtask run_mapreduce
[2025-02-26T19:30:25.249+0000] {task_command.py:415} INFO - Running <TaskInstance: yfinance_ingestion_and_process_dag.run_mapreduce scheduled__2025-01-21T00:00:00+00:00 [running]> on host fc9f30cfdaf1
[2025-02-26T19:30:26.002+0000] {taskinstance.py:1660} INFO - Exporting env vars: AIRFLOW_CTX_DAG_OWNER='etudiant' AIRFLOW_CTX_DAG_ID='yfinance_ingestion_and_process_dag' AIRFLOW_CTX_TASK_ID='run_mapreduce' AIRFLOW_CTX_EXECUTION_DATE='2025-01-21T00:00:00+00:00' AIRFLOW_CTX_TRY_NUMBER='1' AIRFLOW_CTX_DAG_RUN_ID='scheduled__2025-01-21T00:00:00+00:00'
[2025-02-26T19:30:26.015+0000] {subprocess.py:63} INFO - Tmp dir root location: /tmp
[2025-02-26T19:30:26.027+0000] {subprocess.py:75} INFO - Running command: ['/bin/bash', '-c', '\n        docker exec -i -u root namenode bash -c \'         cd /tmp &&         cp /mnt/hadoop_data/mapreduce/mapper.py . &&         cp /mnt/hadoop_data/mapreduce/reducer.py . &&         chmod +x mapper.py reducer.py &&         hdfs dfs -rm -r hdfs:///user/etudiant/crypto/processed/YYYY=2025/MM=01/DD=21 || true &&         hadoop jar /opt/hadoop-3.2.1/share/hadoop/tools/lib/hadoop-streaming-3.2.1.jar         -files mapper.py,reducer.py         -mapper "python mapper.py"         -reducer "python reducer.py"         -input hdfs:///user/etudiant/crypto/raw/YYYY=2025/MM=01/DD=21/yfinance_raw.json         -output hdfs:///user/etudiant/crypto/processed/YYYY=2025/MM=01/DD=21\'\n        ']
[2025-02-26T19:30:26.099+0000] {subprocess.py:86} INFO - Output:
[2025-02-26T19:30:44.735+0000] {subprocess.py:93} INFO - rm: `hdfs:///user/etudiant/crypto/processed/YYYY=2025/MM=01/DD=21': No such file or directory
[2025-02-26T19:31:11.558+0000] {subprocess.py:93} INFO - 2025-02-26 19:31:11,527 INFO impl.MetricsConfig: Loaded properties from hadoop-metrics2.properties
[2025-02-26T19:31:11.191+0000] {subprocess.py:93} INFO - 2025-02-26 19:31:11,172 INFO impl.MetricsSystemImpl: Scheduled Metric snapshot period at 10 second(s).
[2025-02-26T19:31:11.203+0000] {subprocess.py:93} INFO - 2025-02-26 19:31:11,174 INFO impl.MetricsSystemImpl: JobTracker metrics system started
[2025-02-26T19:31:11.527+0000] {subprocess.py:93} INFO - 2025-02-26 19:31:11,516 WARN impl.MetricsSystemImpl: JobTracker metrics system already initialized!
[2025-02-26T19:31:18.884+0000] {subprocess.py:93} INFO - 2025-02-26 19:31:18,860 INFO mapred.FileInputFormat: Total input files to process : 1
[2025-02-26T19:31:20.419+0000] {subprocess.py:93} INFO - 2025-02-26 19:31:20,373 INFO mapreduce.JobSubmitter: number of splits:1
[2025-02-26T19:31:22.649+0000] {subprocess.py:93} INFO - 2025-02-26 19:31:22,645 INFO mapreduce.JobSubmitter: Submitting tokens for job: job_local531396464_0001
[2025-02-26T19:31:22.651+0000] {subprocess.py:93} INFO - 2025-02-26 19:31:22,646 INFO mapreduce.JobSubmitter: Executing with tokens: []
[2025-02-26T19:31:26.876+0000] {subprocess.py:93} INFO - 2025-02-26 19:31:26,857 INFO mapred.LocalDistributedCacheManager: Localized file:/tmp/mapper.py as file:/tmp/hadoop-root/mapred/local/job_local531396464_0001_a01f9f12-3c43-49e8-9b02-7cd4edaa9c88/mapper.py
[2025-02-26T19:31:27.116+0000] {subprocess.py:93} INFO - 2025-02-26 19:31:27,103 INFO mapred.LocalDistributedCacheManager: Localized file:/tmp/reducer.py as file:/tmp/hadoop-root/mapred/local/job_local531396464_0001_285c489f-e813-4fb6-8bc4-03f0d0bacfe8/reducer.py
[2025-02-26T19:31:27.849+0000] {subprocess.py:93} INFO - 2025-02-26 19:31:27,826 INFO mapreduce.Job: The url to track the job: http://localhost:8080/
[2025-02-26T19:31:27.919+0000] {subprocess.py:93} INFO - 2025-02-26 19:31:27,837 INFO mapred.LocalJobRunner: OutputCommitter set in config null
[2025-02-26T19:31:27.922+0000] {subprocess.py:93} INFO - 2025-02-26 19:31:27,851 INFO mapreduce.Job: Running job: job_local531396464_0001
[2025-02-26T19:31:27.923+0000] {subprocess.py:93} INFO - 2025-02-26 19:31:27,902 INFO mapred.LocalJobRunner: OutputCommitter is org.apache.hadoop.mapred.FileOutputCommitter
[2025-02-26T19:31:27.975+0000] {subprocess.py:93} INFO - 2025-02-26 19:31:27,970 INFO output.FileOutputCommitter: File Output Committer Algorithm version is 2
[2025-02-26T19:31:27.986+0000] {subprocess.py:93} INFO - 2025-02-26 19:31:27,971 INFO output.FileOutputCommitter: FileOutputCommitter skip cleanup _temporary folders under output directory:false, ignore cleanup failures: false
[2025-02-26T19:31:28.346+0000] {subprocess.py:93} INFO - 2025-02-26 19:31:28,311 INFO mapred.LocalJobRunner: Waiting for map tasks
[2025-02-26T19:31:28.364+0000] {subprocess.py:93} INFO - 2025-02-26 19:31:28,339 INFO mapred.LocalJobRunner: Starting task: attempt_local531396464_0001_m_000000_0
[2025-02-26T19:31:28.609+0000] {subprocess.py:93} INFO - 2025-02-26 19:31:28,591 INFO output.FileOutputCommitter: File Output Committer Algorithm version is 2
[2025-02-26T19:31:28.617+0000] {subprocess.py:93} INFO - 2025-02-26 19:31:28,592 INFO output.FileOutputCommitter: FileOutputCommitter skip cleanup _temporary folders under output directory:false, ignore cleanup failures: false
[2025-02-26T19:31:28.735+0000] {subprocess.py:93} INFO - 2025-02-26 19:31:28,729 INFO mapred.Task:  Using ResourceCalculatorProcessTree : [ ]
[2025-02-26T19:31:28.841+0000] {subprocess.py:93} INFO - 2025-02-26 19:31:28,824 INFO mapred.MapTask: Processing split: hdfs://namenode:9000/user/etudiant/crypto/raw/YYYY=2025/MM=01/DD=21/yfinance_raw.json:0+23882
[2025-02-26T19:31:28.951+0000] {subprocess.py:93} INFO - 2025-02-26 19:31:28,938 INFO mapreduce.Job: Job job_local531396464_0001 running in uber mode : false
[2025-02-26T19:31:28.986+0000] {subprocess.py:93} INFO - 2025-02-26 19:31:28,978 INFO mapreduce.Job:  map 0% reduce 0%
[2025-02-26T19:31:29.531+0000] {subprocess.py:93} INFO - 2025-02-26 19:31:29,525 INFO mapred.MapTask: numReduceTasks: 1
[2025-02-26T19:31:30.013+0000] {subprocess.py:93} INFO - 2025-02-26 19:31:29,999 INFO mapred.MapTask: (EQUATOR) 0 kvi 26214396(104857584)
[2025-02-26T19:31:30.027+0000] {subprocess.py:93} INFO - 2025-02-26 19:31:29,999 INFO mapred.MapTask: mapreduce.task.io.sort.mb: 100
[2025-02-26T19:31:30.032+0000] {subprocess.py:93} INFO - 2025-02-26 19:31:29,999 INFO mapred.MapTask: soft limit at 83886080
[2025-02-26T19:31:30.037+0000] {subprocess.py:93} INFO - 2025-02-26 19:31:29,999 INFO mapred.MapTask: bufstart = 0; bufvoid = 104857600
[2025-02-26T19:31:30.042+0000] {subprocess.py:93} INFO - 2025-02-26 19:31:29,999 INFO mapred.MapTask: kvstart = 26214396; length = 6553600
[2025-02-26T19:31:30.048+0000] {subprocess.py:93} INFO - 2025-02-26 19:31:30,017 INFO mapred.MapTask: Map output collector class = org.apache.hadoop.mapred.MapTask$MapOutputBuffer
[2025-02-26T19:31:30.162+0000] {subprocess.py:93} INFO - 2025-02-26 19:31:30,155 INFO streaming.PipeMapRed: PipeMapRed exec [/usr/bin/python, mapper.py]
[2025-02-26T19:31:30.200+0000] {subprocess.py:93} INFO - 2025-02-26 19:31:30,198 INFO Configuration.deprecation: mapred.work.output.dir is deprecated. Instead, use mapreduce.task.output.dir
[2025-02-26T19:31:30.212+0000] {subprocess.py:93} INFO - 2025-02-26 19:31:30,200 INFO Configuration.deprecation: map.input.start is deprecated. Instead, use mapreduce.map.input.start
[2025-02-26T19:31:30.265+0000] {subprocess.py:93} INFO - 2025-02-26 19:31:30,232 INFO Configuration.deprecation: mapred.task.is.map is deprecated. Instead, use mapreduce.task.ismap
[2025-02-26T19:31:30.266+0000] {subprocess.py:93} INFO - 2025-02-26 19:31:30,232 INFO Configuration.deprecation: mapred.task.id is deprecated. Instead, use mapreduce.task.attempt.id
[2025-02-26T19:31:30.275+0000] {subprocess.py:93} INFO - 2025-02-26 19:31:30,234 INFO Configuration.deprecation: mapred.tip.id is deprecated. Instead, use mapreduce.task.id
[2025-02-26T19:31:30.280+0000] {subprocess.py:93} INFO - 2025-02-26 19:31:30,234 INFO Configuration.deprecation: mapred.local.dir is deprecated. Instead, use mapreduce.cluster.local.dir
[2025-02-26T19:31:30.282+0000] {subprocess.py:93} INFO - 2025-02-26 19:31:30,234 INFO Configuration.deprecation: map.input.file is deprecated. Instead, use mapreduce.map.input.file
[2025-02-26T19:31:30.289+0000] {subprocess.py:93} INFO - 2025-02-26 19:31:30,243 INFO Configuration.deprecation: mapred.skip.on is deprecated. Instead, use mapreduce.job.skiprecords
[2025-02-26T19:31:30.294+0000] {subprocess.py:93} INFO - 2025-02-26 19:31:30,244 INFO Configuration.deprecation: map.input.length is deprecated. Instead, use mapreduce.map.input.length
[2025-02-26T19:31:30.295+0000] {subprocess.py:93} INFO - 2025-02-26 19:31:30,256 INFO Configuration.deprecation: mapred.job.id is deprecated. Instead, use mapreduce.job.id
[2025-02-26T19:31:30.298+0000] {subprocess.py:93} INFO - 2025-02-26 19:31:30,256 INFO Configuration.deprecation: user.name is deprecated. Instead, use mapreduce.job.user.name
[2025-02-26T19:31:30.299+0000] {subprocess.py:93} INFO - 2025-02-26 19:31:30,256 INFO Configuration.deprecation: mapred.task.partition is deprecated. Instead, use mapreduce.task.partition
[2025-02-26T19:31:30.455+0000] {subprocess.py:93} INFO -   File "mapper.py", line 27
[2025-02-26T19:31:30.456+0000] {subprocess.py:93} INFO -     print(f"{coin}\t{json.dumps(metrics)}")
[2025-02-26T19:31:30.457+0000] {subprocess.py:93} INFO -                                          ^
[2025-02-26T19:31:30.458+0000] {subprocess.py:93} INFO - SyntaxError: invalid syntax
[2025-02-26T19:31:30.472+0000] {subprocess.py:93} INFO - 2025-02-26 19:31:30,440 INFO streaming.PipeMapRed: MRErrorThread done
[2025-02-26T19:31:30.713+0000] {subprocess.py:93} INFO - 2025-02-26 19:31:30,709 INFO sasl.SaslDataTransferClient: SASL encryption trust check: localHostTrusted = false, remoteHostTrusted = false
[2025-02-26T19:31:33.509+0000] {subprocess.py:93} INFO - 2025-02-26 19:31:33,365 INFO streaming.PipeMapRed: R/W/S=1/0/0 in:0=1/3 [rec/s] out:0=0/3 [rec/s]
[2025-02-26T19:31:33.518+0000] {subprocess.py:93} INFO - 2025-02-26 19:31:33,366 INFO streaming.PipeMapRed: R/W/S=10/0/0 in:3=10/3 [rec/s] out:0=0/3 [rec/s]
[2025-02-26T19:31:33.539+0000] {subprocess.py:93} INFO - 2025-02-26 19:31:33,368 INFO streaming.PipeMapRed: R/W/S=100/0/0 in:33=100/3 [rec/s] out:0=0/3 [rec/s]
[2025-02-26T19:31:33.557+0000] {subprocess.py:93} INFO - 2025-02-26 19:31:33,407 WARN streaming.PipeMapRed: {}
[2025-02-26T19:31:33.573+0000] {subprocess.py:93} INFO - java.io.IOException: Stream closed
[2025-02-26T19:31:33.587+0000] {subprocess.py:93} INFO - 	at java.lang.ProcessBuilder$NullOutputStream.write(ProcessBuilder.java:433)
[2025-02-26T19:31:33.589+0000] {subprocess.py:93} INFO - 	at java.io.OutputStream.write(OutputStream.java:116)
[2025-02-26T19:31:33.596+0000] {subprocess.py:93} INFO - 	at java.io.BufferedOutputStream.write(BufferedOutputStream.java:122)
[2025-02-26T19:31:33.597+0000] {subprocess.py:93} INFO - 	at java.io.BufferedOutputStream.flushBuffer(BufferedOutputStream.java:82)
[2025-02-26T19:31:33.603+0000] {subprocess.py:93} INFO - 	at java.io.BufferedOutputStream.flush(BufferedOutputStream.java:140)
[2025-02-26T19:31:33.605+0000] {subprocess.py:93} INFO - 	at java.io.DataOutputStream.flush(DataOutputStream.java:123)
[2025-02-26T19:31:33.606+0000] {subprocess.py:93} INFO - 	at org.apache.hadoop.streaming.PipeMapRed.mapRedFinished(PipeMapRed.java:532)
[2025-02-26T19:31:33.606+0000] {subprocess.py:93} INFO - 	at org.apache.hadoop.streaming.PipeMapper.close(PipeMapper.java:130)
[2025-02-26T19:31:33.608+0000] {subprocess.py:93} INFO - 	at org.apache.hadoop.mapred.MapRunner.run(MapRunner.java:61)
[2025-02-26T19:31:33.617+0000] {subprocess.py:93} INFO - 	at org.apache.hadoop.streaming.PipeMapRunner.run(PipeMapRunner.java:34)
[2025-02-26T19:31:33.618+0000] {subprocess.py:93} INFO - 	at org.apache.hadoop.mapred.MapTask.runOldMapper(MapTask.java:465)
[2025-02-26T19:31:33.619+0000] {subprocess.py:93} INFO - 	at org.apache.hadoop.mapred.MapTask.run(MapTask.java:349)
[2025-02-26T19:31:33.621+0000] {subprocess.py:93} INFO - 	at org.apache.hadoop.mapred.LocalJobRunner$Job$MapTaskRunnable.run(LocalJobRunner.java:271)
[2025-02-26T19:31:33.622+0000] {subprocess.py:93} INFO - 	at java.util.concurrent.Executors$RunnableAdapter.call(Executors.java:511)
[2025-02-26T19:31:33.624+0000] {subprocess.py:93} INFO - 	at java.util.concurrent.FutureTask.run(FutureTask.java:266)
[2025-02-26T19:31:33.635+0000] {subprocess.py:93} INFO - 	at java.util.concurrent.ThreadPoolExecutor.runWorker(ThreadPoolExecutor.java:1149)
[2025-02-26T19:31:33.637+0000] {subprocess.py:93} INFO - 	at java.util.concurrent.ThreadPoolExecutor$Worker.run(ThreadPoolExecutor.java:624)
[2025-02-26T19:31:33.643+0000] {subprocess.py:93} INFO - 	at java.lang.Thread.run(Thread.java:748)
[2025-02-26T19:31:33.646+0000] {subprocess.py:93} INFO - 2025-02-26 19:31:33,452 INFO streaming.PipeMapRed: PipeMapRed failed!
[2025-02-26T19:31:33.653+0000] {subprocess.py:93} INFO - java.lang.RuntimeException: PipeMapRed.waitOutputThreads(): subprocess failed with code 1
[2025-02-26T19:31:33.655+0000] {subprocess.py:93} INFO - 	at org.apache.hadoop.streaming.PipeMapRed.waitOutputThreads(PipeMapRed.java:326)
[2025-02-26T19:31:33.664+0000] {subprocess.py:93} INFO - 	at org.apache.hadoop.streaming.PipeMapRed.mapRedFinished(PipeMapRed.java:539)
[2025-02-26T19:31:33.733+0000] {subprocess.py:93} INFO - 	at org.apache.hadoop.streaming.PipeMapper.close(PipeMapper.java:130)
[2025-02-26T19:31:33.930+0000] {subprocess.py:93} INFO - 	at org.apache.hadoop.mapred.MapRunner.run(MapRunner.java:61)
[2025-02-26T19:31:33.975+0000] {subprocess.py:93} INFO - 	at org.apache.hadoop.streaming.PipeMapRunner.run(PipeMapRunner.java:34)
[2025-02-26T19:31:34.046+0000] {subprocess.py:93} INFO - 	at org.apache.hadoop.mapred.MapTask.runOldMapper(MapTask.java:465)
[2025-02-26T19:31:34.062+0000] {subprocess.py:93} INFO - 	at org.apache.hadoop.mapred.MapTask.run(MapTask.java:349)
[2025-02-26T19:31:34.092+0000] {subprocess.py:93} INFO - 	at org.apache.hadoop.mapred.LocalJobRunner$Job$MapTaskRunnable.run(LocalJobRunner.java:271)
[2025-02-26T19:31:34.094+0000] {subprocess.py:93} INFO - 	at java.util.concurrent.Executors$RunnableAdapter.call(Executors.java:511)
[2025-02-26T19:31:34.098+0000] {subprocess.py:93} INFO - 	at java.util.concurrent.FutureTask.run(FutureTask.java:266)
[2025-02-26T19:31:34.099+0000] {subprocess.py:93} INFO - 	at java.util.concurrent.ThreadPoolExecutor.runWorker(ThreadPoolExecutor.java:1149)
[2025-02-26T19:31:34.100+0000] {subprocess.py:93} INFO - 	at java.util.concurrent.ThreadPoolExecutor$Worker.run(ThreadPoolExecutor.java:624)
[2025-02-26T19:31:34.100+0000] {subprocess.py:93} INFO - 	at java.lang.Thread.run(Thread.java:748)
[2025-02-26T19:31:34.101+0000] {subprocess.py:93} INFO - 2025-02-26 19:31:33,464 INFO mapred.LocalJobRunner: map task executor complete.
[2025-02-26T19:31:34.101+0000] {subprocess.py:93} INFO - 2025-02-26 19:31:33,495 WARN mapred.LocalJobRunner: job_local531396464_0001
[2025-02-26T19:31:34.102+0000] {subprocess.py:93} INFO - java.lang.Exception: java.lang.RuntimeException: PipeMapRed.waitOutputThreads(): subprocess failed with code 1
[2025-02-26T19:31:34.114+0000] {subprocess.py:93} INFO - 	at org.apache.hadoop.mapred.LocalJobRunner$Job.runTasks(LocalJobRunner.java:492)
[2025-02-26T19:31:34.118+0000] {subprocess.py:93} INFO - 	at org.apache.hadoop.mapred.LocalJobRunner$Job.run(LocalJobRunner.java:552)
[2025-02-26T19:31:34.120+0000] {subprocess.py:93} INFO - Caused by: java.lang.RuntimeException: PipeMapRed.waitOutputThreads(): subprocess failed with code 1
[2025-02-26T19:31:34.123+0000] {subprocess.py:93} INFO - 	at org.apache.hadoop.streaming.PipeMapRed.waitOutputThreads(PipeMapRed.java:326)
[2025-02-26T19:31:34.124+0000] {subprocess.py:93} INFO - 	at org.apache.hadoop.streaming.PipeMapRed.mapRedFinished(PipeMapRed.java:539)
[2025-02-26T19:31:34.128+0000] {subprocess.py:93} INFO - 	at org.apache.hadoop.streaming.PipeMapper.close(PipeMapper.java:130)
[2025-02-26T19:31:34.128+0000] {subprocess.py:93} INFO - 	at org.apache.hadoop.mapred.MapRunner.run(MapRunner.java:61)
[2025-02-26T19:31:34.129+0000] {subprocess.py:93} INFO - 	at org.apache.hadoop.streaming.PipeMapRunner.run(PipeMapRunner.java:34)
[2025-02-26T19:31:34.130+0000] {subprocess.py:93} INFO - 	at org.apache.hadoop.mapred.MapTask.runOldMapper(MapTask.java:465)
[2025-02-26T19:31:34.131+0000] {subprocess.py:93} INFO - 	at org.apache.hadoop.mapred.MapTask.run(MapTask.java:349)
[2025-02-26T19:31:34.132+0000] {subprocess.py:93} INFO - 	at org.apache.hadoop.mapred.LocalJobRunner$Job$MapTaskRunnable.run(LocalJobRunner.java:271)
[2025-02-26T19:31:34.133+0000] {subprocess.py:93} INFO - 	at java.util.concurrent.Executors$RunnableAdapter.call(Executors.java:511)
[2025-02-26T19:31:34.134+0000] {subprocess.py:93} INFO - 	at java.util.concurrent.FutureTask.run(FutureTask.java:266)
[2025-02-26T19:31:34.135+0000] {subprocess.py:93} INFO - 	at java.util.concurrent.ThreadPoolExecutor.runWorker(ThreadPoolExecutor.java:1149)
[2025-02-26T19:31:34.135+0000] {subprocess.py:93} INFO - 	at java.util.concurrent.ThreadPoolExecutor$Worker.run(ThreadPoolExecutor.java:624)
[2025-02-26T19:31:34.175+0000] {subprocess.py:93} INFO - 	at java.lang.Thread.run(Thread.java:748)
[2025-02-26T19:31:34.329+0000] {subprocess.py:93} INFO - 2025-02-26 19:31:34,263 INFO mapreduce.Job: Job job_local531396464_0001 failed with state FAILED due to: NA
[2025-02-26T19:31:34.389+0000] {subprocess.py:93} INFO - 2025-02-26 19:31:34,315 INFO mapreduce.Job: Counters: 0
[2025-02-26T19:31:34.407+0000] {subprocess.py:93} INFO - 2025-02-26 19:31:34,315 ERROR streaming.StreamJob: Job not successful!
[2025-02-26T19:31:34.411+0000] {subprocess.py:93} INFO - Streaming Command Failed!
[2025-02-26T19:31:35.957+0000] {subprocess.py:97} INFO - Command exited with return code 1
[2025-02-26T19:31:36.017+0000] {taskinstance.py:1943} ERROR - Task failed with exception
Traceback (most recent call last):
  File "/home/airflow/.local/lib/python3.8/site-packages/airflow/operators/bash.py", line 210, in execute
    raise AirflowException(
airflow.exceptions.AirflowException: Bash command failed. The command returned a non-zero exit code 1.
[2025-02-26T19:31:36.029+0000] {taskinstance.py:1400} INFO - Marking task as UP_FOR_RETRY. dag_id=yfinance_ingestion_and_process_dag, task_id=run_mapreduce, execution_date=20250121T000000, start_date=20250226T193023, end_date=20250226T193136
[2025-02-26T19:31:36.114+0000] {standard_task_runner.py:104} ERROR - Failed to execute job 343 for task run_mapreduce (Bash command failed. The command returned a non-zero exit code 1.; 745)
[2025-02-26T19:31:36.174+0000] {local_task_job_runner.py:228} INFO - Task exited with return code 1
[2025-02-26T19:31:36.278+0000] {taskinstance.py:2784} INFO - 0 downstream tasks scheduled from follow-on schedule check
