[2025-02-26T19:30:22.176+0000] {taskinstance.py:1159} INFO - Dependencies all met for dep_context=non-requeueable deps ti=<TaskInstance: yfinance_ingestion_and_process_dag.run_mapreduce scheduled__2025-01-26T00:00:00+00:00 [queued]>
[2025-02-26T19:30:22.256+0000] {taskinstance.py:1159} INFO - Dependencies all met for dep_context=requeueable deps ti=<TaskInstance: yfinance_ingestion_and_process_dag.run_mapreduce scheduled__2025-01-26T00:00:00+00:00 [queued]>
[2025-02-26T19:30:22.268+0000] {taskinstance.py:1361} INFO - Starting attempt 1 of 2
[2025-02-26T19:30:22.376+0000] {taskinstance.py:1382} INFO - Executing <Task(BashOperator): run_mapreduce> on 2025-01-26 00:00:00+00:00
[2025-02-26T19:30:22.418+0000] {standard_task_runner.py:57} INFO - Started process 665 to run task
[2025-02-26T19:30:22.438+0000] {standard_task_runner.py:84} INFO - Running: ['***', 'tasks', 'run', 'yfinance_ingestion_and_process_dag', 'run_mapreduce', 'scheduled__2025-01-26T00:00:00+00:00', '--job-id', '338', '--raw', '--subdir', 'DAGS_FOLDER/pipeline.py', '--cfg-path', '/tmp/tmp40htmcww']
[2025-02-26T19:30:22.497+0000] {standard_task_runner.py:85} INFO - Job 338: Subtask run_mapreduce
[2025-02-26T19:30:23.095+0000] {task_command.py:415} INFO - Running <TaskInstance: yfinance_ingestion_and_process_dag.run_mapreduce scheduled__2025-01-26T00:00:00+00:00 [running]> on host fc9f30cfdaf1
[2025-02-26T19:30:25.370+0000] {taskinstance.py:1660} INFO - Exporting env vars: AIRFLOW_CTX_DAG_OWNER='etudiant' AIRFLOW_CTX_DAG_ID='yfinance_ingestion_and_process_dag' AIRFLOW_CTX_TASK_ID='run_mapreduce' AIRFLOW_CTX_EXECUTION_DATE='2025-01-26T00:00:00+00:00' AIRFLOW_CTX_TRY_NUMBER='1' AIRFLOW_CTX_DAG_RUN_ID='scheduled__2025-01-26T00:00:00+00:00'
[2025-02-26T19:30:25.377+0000] {subprocess.py:63} INFO - Tmp dir root location: /tmp
[2025-02-26T19:30:25.426+0000] {subprocess.py:75} INFO - Running command: ['/bin/bash', '-c', '\n        docker exec -i -u root namenode bash -c \'         cd /tmp &&         cp /mnt/hadoop_data/mapreduce/mapper.py . &&         cp /mnt/hadoop_data/mapreduce/reducer.py . &&         chmod +x mapper.py reducer.py &&         hdfs dfs -rm -r hdfs:///user/etudiant/crypto/processed/YYYY=2025/MM=01/DD=26 || true &&         hadoop jar /opt/hadoop-3.2.1/share/hadoop/tools/lib/hadoop-streaming-3.2.1.jar         -files mapper.py,reducer.py         -mapper "python mapper.py"         -reducer "python reducer.py"         -input hdfs:///user/etudiant/crypto/raw/YYYY=2025/MM=01/DD=26/yfinance_raw.json         -output hdfs:///user/etudiant/crypto/processed/YYYY=2025/MM=01/DD=26\'\n        ']
[2025-02-26T19:30:25.661+0000] {subprocess.py:86} INFO - Output:
[2025-02-26T19:30:45.501+0000] {subprocess.py:93} INFO - rm: `hdfs:///user/etudiant/crypto/processed/YYYY=2025/MM=01/DD=26': No such file or directory
[2025-02-26T19:31:11.228+0000] {subprocess.py:93} INFO - 2025-02-26 19:31:11,195 INFO impl.MetricsConfig: Loaded properties from hadoop-metrics2.properties
[2025-02-26T19:31:10.500+0000] {subprocess.py:93} INFO - 2025-02-26 19:31:10,499 INFO impl.MetricsSystemImpl: Scheduled Metric snapshot period at 10 second(s).
[2025-02-26T19:31:10.507+0000] {subprocess.py:93} INFO - 2025-02-26 19:31:10,499 INFO impl.MetricsSystemImpl: JobTracker metrics system started
[2025-02-26T19:31:10.695+0000] {subprocess.py:93} INFO - 2025-02-26 19:31:10,675 WARN impl.MetricsSystemImpl: JobTracker metrics system already initialized!
[2025-02-26T19:31:15.958+0000] {subprocess.py:93} INFO - 2025-02-26 19:31:15,940 INFO mapred.FileInputFormat: Total input files to process : 1
[2025-02-26T19:31:17.052+0000] {subprocess.py:93} INFO - 2025-02-26 19:31:17,047 INFO mapreduce.JobSubmitter: number of splits:1
[2025-02-26T19:31:19.563+0000] {subprocess.py:93} INFO - 2025-02-26 19:31:19,528 INFO mapreduce.JobSubmitter: Submitting tokens for job: job_local1055219692_0001
[2025-02-26T19:31:19.591+0000] {subprocess.py:93} INFO - 2025-02-26 19:31:19,528 INFO mapreduce.JobSubmitter: Executing with tokens: []
[2025-02-26T19:31:26.292+0000] {subprocess.py:93} INFO - 2025-02-26 19:31:26,266 INFO mapred.LocalDistributedCacheManager: Localized file:/tmp/mapper.py as file:/tmp/hadoop-root/mapred/local/job_local1055219692_0001_bd94174a-41f5-4ff6-ab2f-276db914f858/mapper.py
[2025-02-26T19:31:26.746+0000] {subprocess.py:93} INFO - 2025-02-26 19:31:26,723 INFO mapred.LocalDistributedCacheManager: Localized file:/tmp/reducer.py as file:/tmp/hadoop-root/mapred/local/job_local1055219692_0001_f5429a82-673b-4d8e-bbb2-49b23b4d602a/reducer.py
[2025-02-26T19:31:27.449+0000] {subprocess.py:93} INFO - 2025-02-26 19:31:27,444 INFO mapreduce.Job: The url to track the job: http://localhost:8080/
[2025-02-26T19:31:27.465+0000] {subprocess.py:93} INFO - 2025-02-26 19:31:27,454 INFO mapreduce.Job: Running job: job_local1055219692_0001
[2025-02-26T19:31:27.544+0000] {subprocess.py:93} INFO - 2025-02-26 19:31:27,542 INFO mapred.LocalJobRunner: OutputCommitter set in config null
[2025-02-26T19:31:27.592+0000] {subprocess.py:93} INFO - 2025-02-26 19:31:27,583 INFO mapred.LocalJobRunner: OutputCommitter is org.apache.hadoop.mapred.FileOutputCommitter
[2025-02-26T19:31:27.653+0000] {subprocess.py:93} INFO - 2025-02-26 19:31:27,643 INFO output.FileOutputCommitter: File Output Committer Algorithm version is 2
[2025-02-26T19:31:27.656+0000] {subprocess.py:93} INFO - 2025-02-26 19:31:27,643 INFO output.FileOutputCommitter: FileOutputCommitter skip cleanup _temporary folders under output directory:false, ignore cleanup failures: false
[2025-02-26T19:31:27.988+0000] {subprocess.py:93} INFO - 2025-02-26 19:31:27,964 INFO mapred.LocalJobRunner: Waiting for map tasks
[2025-02-26T19:31:28.010+0000] {subprocess.py:93} INFO - 2025-02-26 19:31:27,993 INFO mapred.LocalJobRunner: Starting task: attempt_local1055219692_0001_m_000000_0
[2025-02-26T19:31:28.226+0000] {subprocess.py:93} INFO - 2025-02-26 19:31:28,196 INFO output.FileOutputCommitter: File Output Committer Algorithm version is 2
[2025-02-26T19:31:28.233+0000] {subprocess.py:93} INFO - 2025-02-26 19:31:28,197 INFO output.FileOutputCommitter: FileOutputCommitter skip cleanup _temporary folders under output directory:false, ignore cleanup failures: false
[2025-02-26T19:31:28.473+0000] {subprocess.py:93} INFO - 2025-02-26 19:31:28,469 INFO mapred.Task:  Using ResourceCalculatorProcessTree : [ ]
[2025-02-26T19:31:28.526+0000] {subprocess.py:93} INFO - 2025-02-26 19:31:28,524 INFO mapred.MapTask: Processing split: hdfs://namenode:9000/user/etudiant/crypto/raw/YYYY=2025/MM=01/DD=26/yfinance_raw.json:0+23882
[2025-02-26T19:31:28.578+0000] {subprocess.py:93} INFO - 2025-02-26 19:31:28,565 INFO mapreduce.Job: Job job_local1055219692_0001 running in uber mode : false
[2025-02-26T19:31:28.593+0000] {subprocess.py:93} INFO - 2025-02-26 19:31:28,582 INFO mapreduce.Job:  map 0% reduce 0%
[2025-02-26T19:31:28.617+0000] {subprocess.py:93} INFO - 2025-02-26 19:31:28,602 INFO mapred.MapTask: numReduceTasks: 1
[2025-02-26T19:31:29.458+0000] {subprocess.py:93} INFO - 2025-02-26 19:31:29,456 INFO mapred.MapTask: (EQUATOR) 0 kvi 26214396(104857584)
[2025-02-26T19:31:29.460+0000] {subprocess.py:93} INFO - 2025-02-26 19:31:29,457 INFO mapred.MapTask: mapreduce.task.io.sort.mb: 100
[2025-02-26T19:31:29.461+0000] {subprocess.py:93} INFO - 2025-02-26 19:31:29,457 INFO mapred.MapTask: soft limit at 83886080
[2025-02-26T19:31:29.462+0000] {subprocess.py:93} INFO - 2025-02-26 19:31:29,457 INFO mapred.MapTask: bufstart = 0; bufvoid = 104857600
[2025-02-26T19:31:29.463+0000] {subprocess.py:93} INFO - 2025-02-26 19:31:29,457 INFO mapred.MapTask: kvstart = 26214396; length = 6553600
[2025-02-26T19:31:29.478+0000] {subprocess.py:93} INFO - 2025-02-26 19:31:29,475 INFO mapred.MapTask: Map output collector class = org.apache.hadoop.mapred.MapTask$MapOutputBuffer
[2025-02-26T19:31:29.532+0000] {subprocess.py:93} INFO - 2025-02-26 19:31:29,530 INFO streaming.PipeMapRed: PipeMapRed exec [/usr/bin/python, mapper.py]
[2025-02-26T19:31:29.570+0000] {subprocess.py:93} INFO - 2025-02-26 19:31:29,555 INFO Configuration.deprecation: mapred.work.output.dir is deprecated. Instead, use mapreduce.task.output.dir
[2025-02-26T19:31:29.573+0000] {subprocess.py:93} INFO - 2025-02-26 19:31:29,556 INFO Configuration.deprecation: map.input.start is deprecated. Instead, use mapreduce.map.input.start
[2025-02-26T19:31:29.586+0000] {subprocess.py:93} INFO - 2025-02-26 19:31:29,558 INFO Configuration.deprecation: mapred.task.is.map is deprecated. Instead, use mapreduce.task.ismap
[2025-02-26T19:31:29.590+0000] {subprocess.py:93} INFO - 2025-02-26 19:31:29,558 INFO Configuration.deprecation: mapred.task.id is deprecated. Instead, use mapreduce.task.attempt.id
[2025-02-26T19:31:29.593+0000] {subprocess.py:93} INFO - 2025-02-26 19:31:29,559 INFO Configuration.deprecation: mapred.tip.id is deprecated. Instead, use mapreduce.task.id
[2025-02-26T19:31:29.594+0000] {subprocess.py:93} INFO - 2025-02-26 19:31:29,559 INFO Configuration.deprecation: mapred.local.dir is deprecated. Instead, use mapreduce.cluster.local.dir
[2025-02-26T19:31:29.603+0000] {subprocess.py:93} INFO - 2025-02-26 19:31:29,559 INFO Configuration.deprecation: map.input.file is deprecated. Instead, use mapreduce.map.input.file
[2025-02-26T19:31:29.611+0000] {subprocess.py:93} INFO - 2025-02-26 19:31:29,560 INFO Configuration.deprecation: mapred.skip.on is deprecated. Instead, use mapreduce.job.skiprecords
[2025-02-26T19:31:29.613+0000] {subprocess.py:93} INFO - 2025-02-26 19:31:29,560 INFO Configuration.deprecation: map.input.length is deprecated. Instead, use mapreduce.map.input.length
[2025-02-26T19:31:29.630+0000] {subprocess.py:93} INFO - 2025-02-26 19:31:29,575 INFO Configuration.deprecation: mapred.job.id is deprecated. Instead, use mapreduce.job.id
[2025-02-26T19:31:29.631+0000] {subprocess.py:93} INFO - 2025-02-26 19:31:29,576 INFO Configuration.deprecation: user.name is deprecated. Instead, use mapreduce.job.user.name
[2025-02-26T19:31:29.634+0000] {subprocess.py:93} INFO - 2025-02-26 19:31:29,577 INFO Configuration.deprecation: mapred.task.partition is deprecated. Instead, use mapreduce.task.partition
[2025-02-26T19:31:29.793+0000] {subprocess.py:93} INFO -   File "mapper.py", line 27
[2025-02-26T19:31:29.794+0000] {subprocess.py:93} INFO -     print(f"{coin}\t{json.dumps(metrics)}")
[2025-02-26T19:31:29.807+0000] {subprocess.py:93} INFO -                                          ^
[2025-02-26T19:31:29.810+0000] {subprocess.py:93} INFO - SyntaxError: invalid syntax
[2025-02-26T19:31:29.874+0000] {subprocess.py:93} INFO - 2025-02-26 19:31:29,849 INFO streaming.PipeMapRed: MRErrorThread done
[2025-02-26T19:31:29.928+0000] {subprocess.py:93} INFO - 2025-02-26 19:31:29,901 INFO sasl.SaslDataTransferClient: SASL encryption trust check: localHostTrusted = false, remoteHostTrusted = false
[2025-02-26T19:31:30.747+0000] {subprocess.py:93} INFO - 2025-02-26 19:31:30,725 INFO streaming.PipeMapRed: R/W/S=1/0/0 in:1=1/1 [rec/s] out:0=0/1 [rec/s]
[2025-02-26T19:31:30.763+0000] {subprocess.py:93} INFO - 2025-02-26 19:31:30,733 INFO streaming.PipeMapRed: R/W/S=10/0/0 in:10=10/1 [rec/s] out:0=0/1 [rec/s]
[2025-02-26T19:31:30.785+0000] {subprocess.py:93} INFO - 2025-02-26 19:31:30,764 INFO streaming.PipeMapRed: R/W/S=100/0/0 in:100=100/1 [rec/s] out:0=0/1 [rec/s]
[2025-02-26T19:31:31.811+0000] {subprocess.py:93} INFO - 2025-02-26 19:31:31,764 WARN streaming.PipeMapRed: {}
[2025-02-26T19:31:31.812+0000] {subprocess.py:93} INFO - java.io.IOException: Stream closed
[2025-02-26T19:31:31.825+0000] {subprocess.py:93} INFO - 	at java.lang.ProcessBuilder$NullOutputStream.write(ProcessBuilder.java:433)
[2025-02-26T19:31:31.828+0000] {subprocess.py:93} INFO - 	at java.io.OutputStream.write(OutputStream.java:116)
[2025-02-26T19:31:31.837+0000] {subprocess.py:93} INFO - 	at java.io.BufferedOutputStream.write(BufferedOutputStream.java:122)
[2025-02-26T19:31:31.847+0000] {subprocess.py:93} INFO - 	at java.io.BufferedOutputStream.flushBuffer(BufferedOutputStream.java:82)
[2025-02-26T19:31:31.869+0000] {subprocess.py:93} INFO - 	at java.io.BufferedOutputStream.flush(BufferedOutputStream.java:140)
[2025-02-26T19:31:31.883+0000] {subprocess.py:93} INFO - 	at java.io.DataOutputStream.flush(DataOutputStream.java:123)
[2025-02-26T19:31:31.890+0000] {subprocess.py:93} INFO - 	at org.apache.hadoop.streaming.PipeMapRed.mapRedFinished(PipeMapRed.java:532)
[2025-02-26T19:31:31.910+0000] {subprocess.py:93} INFO - 	at org.apache.hadoop.streaming.PipeMapper.close(PipeMapper.java:130)
[2025-02-26T19:31:31.912+0000] {subprocess.py:93} INFO - 	at org.apache.hadoop.mapred.MapRunner.run(MapRunner.java:61)
[2025-02-26T19:31:31.912+0000] {subprocess.py:93} INFO - 	at org.apache.hadoop.streaming.PipeMapRunner.run(PipeMapRunner.java:34)
[2025-02-26T19:31:31.913+0000] {subprocess.py:93} INFO - 	at org.apache.hadoop.mapred.MapTask.runOldMapper(MapTask.java:465)
[2025-02-26T19:31:31.914+0000] {subprocess.py:93} INFO - 	at org.apache.hadoop.mapred.MapTask.run(MapTask.java:349)
[2025-02-26T19:31:31.915+0000] {subprocess.py:93} INFO - 	at org.apache.hadoop.mapred.LocalJobRunner$Job$MapTaskRunnable.run(LocalJobRunner.java:271)
[2025-02-26T19:31:31.917+0000] {subprocess.py:93} INFO - 	at java.util.concurrent.Executors$RunnableAdapter.call(Executors.java:511)
[2025-02-26T19:31:31.921+0000] {subprocess.py:93} INFO - 	at java.util.concurrent.FutureTask.run(FutureTask.java:266)
[2025-02-26T19:31:31.933+0000] {subprocess.py:93} INFO - 	at java.util.concurrent.ThreadPoolExecutor.runWorker(ThreadPoolExecutor.java:1149)
[2025-02-26T19:31:31.936+0000] {subprocess.py:93} INFO - 	at java.util.concurrent.ThreadPoolExecutor$Worker.run(ThreadPoolExecutor.java:624)
[2025-02-26T19:31:31.947+0000] {subprocess.py:93} INFO - 	at java.lang.Thread.run(Thread.java:748)
[2025-02-26T19:31:31.954+0000] {subprocess.py:93} INFO - 2025-02-26 19:31:31,803 INFO streaming.PipeMapRed: PipeMapRed failed!
[2025-02-26T19:31:31.956+0000] {subprocess.py:93} INFO - java.lang.RuntimeException: PipeMapRed.waitOutputThreads(): subprocess failed with code 1
[2025-02-26T19:31:31.968+0000] {subprocess.py:93} INFO - 	at org.apache.hadoop.streaming.PipeMapRed.waitOutputThreads(PipeMapRed.java:326)
[2025-02-26T19:31:31.977+0000] {subprocess.py:93} INFO - 	at org.apache.hadoop.streaming.PipeMapRed.mapRedFinished(PipeMapRed.java:539)
[2025-02-26T19:31:31.980+0000] {subprocess.py:93} INFO - 	at org.apache.hadoop.streaming.PipeMapper.close(PipeMapper.java:130)
[2025-02-26T19:31:31.986+0000] {subprocess.py:93} INFO - 	at org.apache.hadoop.mapred.MapRunner.run(MapRunner.java:61)
[2025-02-26T19:31:31.996+0000] {subprocess.py:93} INFO - 	at org.apache.hadoop.streaming.PipeMapRunner.run(PipeMapRunner.java:34)
[2025-02-26T19:31:31.998+0000] {subprocess.py:93} INFO - 	at org.apache.hadoop.mapred.MapTask.runOldMapper(MapTask.java:465)
[2025-02-26T19:31:32.003+0000] {subprocess.py:93} INFO - 	at org.apache.hadoop.mapred.MapTask.run(MapTask.java:349)
[2025-02-26T19:31:32.053+0000] {subprocess.py:93} INFO - 	at org.apache.hadoop.mapred.LocalJobRunner$Job$MapTaskRunnable.run(LocalJobRunner.java:271)
[2025-02-26T19:31:32.056+0000] {subprocess.py:93} INFO - 	at java.util.concurrent.Executors$RunnableAdapter.call(Executors.java:511)
[2025-02-26T19:31:32.063+0000] {subprocess.py:93} INFO - 	at java.util.concurrent.FutureTask.run(FutureTask.java:266)
[2025-02-26T19:31:32.082+0000] {subprocess.py:93} INFO - 	at java.util.concurrent.ThreadPoolExecutor.runWorker(ThreadPoolExecutor.java:1149)
[2025-02-26T19:31:32.085+0000] {subprocess.py:93} INFO - 	at java.util.concurrent.ThreadPoolExecutor$Worker.run(ThreadPoolExecutor.java:624)
[2025-02-26T19:31:32.087+0000] {subprocess.py:93} INFO - 	at java.lang.Thread.run(Thread.java:748)
[2025-02-26T19:31:32.090+0000] {subprocess.py:93} INFO - 2025-02-26 19:31:31,981 INFO mapred.LocalJobRunner: map task executor complete.
[2025-02-26T19:31:32.101+0000] {subprocess.py:93} INFO - 2025-02-26 19:31:32,009 WARN mapred.LocalJobRunner: job_local1055219692_0001
[2025-02-26T19:31:32.116+0000] {subprocess.py:93} INFO - java.lang.Exception: java.lang.RuntimeException: PipeMapRed.waitOutputThreads(): subprocess failed with code 1
[2025-02-26T19:31:32.119+0000] {subprocess.py:93} INFO - 	at org.apache.hadoop.mapred.LocalJobRunner$Job.runTasks(LocalJobRunner.java:492)
[2025-02-26T19:31:32.122+0000] {subprocess.py:93} INFO - 	at org.apache.hadoop.mapred.LocalJobRunner$Job.run(LocalJobRunner.java:552)
[2025-02-26T19:31:32.123+0000] {subprocess.py:93} INFO - Caused by: java.lang.RuntimeException: PipeMapRed.waitOutputThreads(): subprocess failed with code 1
[2025-02-26T19:31:32.125+0000] {subprocess.py:93} INFO - 	at org.apache.hadoop.streaming.PipeMapRed.waitOutputThreads(PipeMapRed.java:326)
[2025-02-26T19:31:32.137+0000] {subprocess.py:93} INFO - 	at org.apache.hadoop.streaming.PipeMapRed.mapRedFinished(PipeMapRed.java:539)
[2025-02-26T19:31:32.139+0000] {subprocess.py:93} INFO - 	at org.apache.hadoop.streaming.PipeMapper.close(PipeMapper.java:130)
[2025-02-26T19:31:32.141+0000] {subprocess.py:93} INFO - 	at org.apache.hadoop.mapred.MapRunner.run(MapRunner.java:61)
[2025-02-26T19:31:32.152+0000] {subprocess.py:93} INFO - 	at org.apache.hadoop.streaming.PipeMapRunner.run(PipeMapRunner.java:34)
[2025-02-26T19:31:32.162+0000] {subprocess.py:93} INFO - 	at org.apache.hadoop.mapred.MapTask.runOldMapper(MapTask.java:465)
[2025-02-26T19:31:32.169+0000] {subprocess.py:93} INFO - 	at org.apache.hadoop.mapred.MapTask.run(MapTask.java:349)
[2025-02-26T19:31:32.172+0000] {subprocess.py:93} INFO - 	at org.apache.hadoop.mapred.LocalJobRunner$Job$MapTaskRunnable.run(LocalJobRunner.java:271)
[2025-02-26T19:31:32.181+0000] {subprocess.py:93} INFO - 	at java.util.concurrent.Executors$RunnableAdapter.call(Executors.java:511)
[2025-02-26T19:31:32.183+0000] {subprocess.py:93} INFO - 	at java.util.concurrent.FutureTask.run(FutureTask.java:266)
[2025-02-26T19:31:32.185+0000] {subprocess.py:93} INFO - 	at java.util.concurrent.ThreadPoolExecutor.runWorker(ThreadPoolExecutor.java:1149)
[2025-02-26T19:31:32.191+0000] {subprocess.py:93} INFO - 	at java.util.concurrent.ThreadPoolExecutor$Worker.run(ThreadPoolExecutor.java:624)
[2025-02-26T19:31:32.208+0000] {subprocess.py:93} INFO - 	at java.lang.Thread.run(Thread.java:748)
[2025-02-26T19:31:32.656+0000] {subprocess.py:93} INFO - 2025-02-26 19:31:32,647 INFO mapreduce.Job: Job job_local1055219692_0001 failed with state FAILED due to: NA
[2025-02-26T19:31:32.728+0000] {subprocess.py:93} INFO - 2025-02-26 19:31:32,706 INFO mapreduce.Job: Counters: 0
[2025-02-26T19:31:32.735+0000] {subprocess.py:93} INFO - 2025-02-26 19:31:32,706 ERROR streaming.StreamJob: Job not successful!
[2025-02-26T19:31:32.742+0000] {subprocess.py:93} INFO - Streaming Command Failed!
[2025-02-26T19:31:34.423+0000] {subprocess.py:97} INFO - Command exited with return code 1
[2025-02-26T19:31:34.942+0000] {taskinstance.py:1943} ERROR - Task failed with exception
Traceback (most recent call last):
  File "/home/airflow/.local/lib/python3.8/site-packages/airflow/operators/bash.py", line 210, in execute
    raise AirflowException(
airflow.exceptions.AirflowException: Bash command failed. The command returned a non-zero exit code 1.
[2025-02-26T19:31:35.452+0000] {taskinstance.py:1400} INFO - Marking task as UP_FOR_RETRY. dag_id=yfinance_ingestion_and_process_dag, task_id=run_mapreduce, execution_date=20250126T000000, start_date=20250226T193022, end_date=20250226T193135
[2025-02-26T19:31:35.798+0000] {standard_task_runner.py:104} ERROR - Failed to execute job 338 for task run_mapreduce (Bash command failed. The command returned a non-zero exit code 1.; 665)
[2025-02-26T19:31:35.909+0000] {local_task_job_runner.py:228} INFO - Task exited with return code 1
[2025-02-26T19:31:36.088+0000] {taskinstance.py:2784} INFO - 0 downstream tasks scheduled from follow-on schedule check
