[2025-02-26T19:30:21.562+0000] {taskinstance.py:1159} INFO - Dependencies all met for dep_context=non-requeueable deps ti=<TaskInstance: yfinance_ingestion_and_process_dag.run_mapreduce scheduled__2025-01-19T00:00:00+00:00 [queued]>
[2025-02-26T19:30:21.683+0000] {taskinstance.py:1159} INFO - Dependencies all met for dep_context=requeueable deps ti=<TaskInstance: yfinance_ingestion_and_process_dag.run_mapreduce scheduled__2025-01-19T00:00:00+00:00 [queued]>
[2025-02-26T19:30:21.686+0000] {taskinstance.py:1361} INFO - Starting attempt 1 of 2
[2025-02-26T19:30:21.842+0000] {taskinstance.py:1382} INFO - Executing <Task(BashOperator): run_mapreduce> on 2025-01-19 00:00:00+00:00
[2025-02-26T19:30:21.926+0000] {standard_task_runner.py:57} INFO - Started process 662 to run task
[2025-02-26T19:30:21.982+0000] {standard_task_runner.py:84} INFO - Running: ['***', 'tasks', 'run', 'yfinance_ingestion_and_process_dag', 'run_mapreduce', 'scheduled__2025-01-19T00:00:00+00:00', '--job-id', '332', '--raw', '--subdir', 'DAGS_FOLDER/pipeline.py', '--cfg-path', '/tmp/tmpnpqod5th']
[2025-02-26T19:30:22.040+0000] {standard_task_runner.py:85} INFO - Job 332: Subtask run_mapreduce
[2025-02-26T19:30:22.462+0000] {task_command.py:415} INFO - Running <TaskInstance: yfinance_ingestion_and_process_dag.run_mapreduce scheduled__2025-01-19T00:00:00+00:00 [running]> on host fc9f30cfdaf1
[2025-02-26T19:30:23.299+0000] {taskinstance.py:1660} INFO - Exporting env vars: AIRFLOW_CTX_DAG_OWNER='etudiant' AIRFLOW_CTX_DAG_ID='yfinance_ingestion_and_process_dag' AIRFLOW_CTX_TASK_ID='run_mapreduce' AIRFLOW_CTX_EXECUTION_DATE='2025-01-19T00:00:00+00:00' AIRFLOW_CTX_TRY_NUMBER='1' AIRFLOW_CTX_DAG_RUN_ID='scheduled__2025-01-19T00:00:00+00:00'
[2025-02-26T19:30:23.321+0000] {subprocess.py:63} INFO - Tmp dir root location: /tmp
[2025-02-26T19:30:23.367+0000] {subprocess.py:75} INFO - Running command: ['/bin/bash', '-c', '\n        docker exec -i -u root namenode bash -c \'         cd /tmp &&         cp /mnt/hadoop_data/mapreduce/mapper.py . &&         cp /mnt/hadoop_data/mapreduce/reducer.py . &&         chmod +x mapper.py reducer.py &&         hdfs dfs -rm -r hdfs:///user/etudiant/crypto/processed/YYYY=2025/MM=01/DD=19 || true &&         hadoop jar /opt/hadoop-3.2.1/share/hadoop/tools/lib/hadoop-streaming-3.2.1.jar         -files mapper.py,reducer.py         -mapper "python mapper.py"         -reducer "python reducer.py"         -input hdfs:///user/etudiant/crypto/raw/YYYY=2025/MM=01/DD=19/yfinance_raw.json         -output hdfs:///user/etudiant/crypto/processed/YYYY=2025/MM=01/DD=19\'\n        ']
[2025-02-26T19:30:23.495+0000] {subprocess.py:86} INFO - Output:
[2025-02-26T19:30:44.229+0000] {subprocess.py:93} INFO - rm: `hdfs:///user/etudiant/crypto/processed/YYYY=2025/MM=01/DD=19': No such file or directory
[2025-02-26T19:31:03.075+0000] {subprocess.py:93} INFO - 2025-02-26 19:31:03,069 INFO impl.MetricsConfig: Loaded properties from hadoop-metrics2.properties
[2025-02-26T19:31:04.442+0000] {subprocess.py:93} INFO - 2025-02-26 19:31:04,378 INFO impl.MetricsSystemImpl: Scheduled Metric snapshot period at 10 second(s).
[2025-02-26T19:31:04.457+0000] {subprocess.py:93} INFO - 2025-02-26 19:31:04,382 INFO impl.MetricsSystemImpl: JobTracker metrics system started
[2025-02-26T19:31:04.597+0000] {subprocess.py:93} INFO - 2025-02-26 19:31:04,570 WARN impl.MetricsSystemImpl: JobTracker metrics system already initialized!
[2025-02-26T19:31:08.182+0000] {subprocess.py:93} INFO - 2025-02-26 19:31:08,154 INFO mapred.FileInputFormat: Total input files to process : 1
[2025-02-26T19:31:10.124+0000] {subprocess.py:93} INFO - 2025-02-26 19:31:10,121 INFO mapreduce.JobSubmitter: number of splits:1
[2025-02-26T19:31:09.731+0000] {subprocess.py:93} INFO - 2025-02-26 19:31:09,723 INFO mapreduce.JobSubmitter: Submitting tokens for job: job_local756349086_0001
[2025-02-26T19:31:09.732+0000] {subprocess.py:93} INFO - 2025-02-26 19:31:09,723 INFO mapreduce.JobSubmitter: Executing with tokens: []
[2025-02-26T19:31:12.858+0000] {subprocess.py:93} INFO - 2025-02-26 19:31:12,842 INFO mapred.LocalDistributedCacheManager: Localized file:/tmp/mapper.py as file:/tmp/hadoop-root/mapred/local/job_local756349086_0001_ba987c87-d0a2-44e4-9da6-cb4fd14437c6/mapper.py
[2025-02-26T19:31:13.368+0000] {subprocess.py:93} INFO - 2025-02-26 19:31:13,360 INFO mapred.LocalDistributedCacheManager: Localized file:/tmp/reducer.py as file:/tmp/hadoop-root/mapred/local/job_local756349086_0001_37cdb07e-8883-4819-bf49-9ba728b4b91a/reducer.py
[2025-02-26T19:31:15.264+0000] {subprocess.py:93} INFO - 2025-02-26 19:31:15,249 INFO mapreduce.Job: The url to track the job: http://localhost:8080/
[2025-02-26T19:31:15.409+0000] {subprocess.py:93} INFO - 2025-02-26 19:31:15,399 INFO mapreduce.Job: Running job: job_local756349086_0001
[2025-02-26T19:31:15.422+0000] {subprocess.py:93} INFO - 2025-02-26 19:31:15,414 INFO mapred.LocalJobRunner: OutputCommitter set in config null
[2025-02-26T19:31:15.425+0000] {subprocess.py:93} INFO - 2025-02-26 19:31:15,424 INFO mapred.LocalJobRunner: OutputCommitter is org.apache.hadoop.mapred.FileOutputCommitter
[2025-02-26T19:31:15.973+0000] {subprocess.py:93} INFO - 2025-02-26 19:31:15,962 INFO output.FileOutputCommitter: File Output Committer Algorithm version is 2
[2025-02-26T19:31:15.994+0000] {subprocess.py:93} INFO - 2025-02-26 19:31:15,963 INFO output.FileOutputCommitter: FileOutputCommitter skip cleanup _temporary folders under output directory:false, ignore cleanup failures: false
[2025-02-26T19:31:16.448+0000] {subprocess.py:93} INFO - 2025-02-26 19:31:16,430 INFO mapreduce.Job: Job job_local756349086_0001 running in uber mode : false
[2025-02-26T19:31:16.470+0000] {subprocess.py:93} INFO - 2025-02-26 19:31:16,433 INFO mapreduce.Job:  map 0% reduce 0%
[2025-02-26T19:31:16.664+0000] {subprocess.py:93} INFO - 2025-02-26 19:31:16,663 INFO mapred.LocalJobRunner: Waiting for map tasks
[2025-02-26T19:31:16.719+0000] {subprocess.py:93} INFO - 2025-02-26 19:31:16,702 INFO mapred.LocalJobRunner: Starting task: attempt_local756349086_0001_m_000000_0
[2025-02-26T19:31:17.184+0000] {subprocess.py:93} INFO - 2025-02-26 19:31:17,172 INFO output.FileOutputCommitter: File Output Committer Algorithm version is 2
[2025-02-26T19:31:17.186+0000] {subprocess.py:93} INFO - 2025-02-26 19:31:17,178 INFO output.FileOutputCommitter: FileOutputCommitter skip cleanup _temporary folders under output directory:false, ignore cleanup failures: false
[2025-02-26T19:31:17.706+0000] {subprocess.py:93} INFO - 2025-02-26 19:31:17,697 INFO mapred.Task:  Using ResourceCalculatorProcessTree : [ ]
[2025-02-26T19:31:18.044+0000] {subprocess.py:93} INFO - 2025-02-26 19:31:18,027 INFO mapred.MapTask: Processing split: hdfs://namenode:9000/user/etudiant/crypto/raw/YYYY=2025/MM=01/DD=19/yfinance_raw.json:0+23882
[2025-02-26T19:31:18.450+0000] {subprocess.py:93} INFO - 2025-02-26 19:31:18,447 INFO mapred.MapTask: numReduceTasks: 1
[2025-02-26T19:31:19.702+0000] {subprocess.py:93} INFO - 2025-02-26 19:31:19,632 INFO mapred.MapTask: (EQUATOR) 0 kvi 26214396(104857584)
[2025-02-26T19:31:19.731+0000] {subprocess.py:93} INFO - 2025-02-26 19:31:19,632 INFO mapred.MapTask: mapreduce.task.io.sort.mb: 100
[2025-02-26T19:31:19.746+0000] {subprocess.py:93} INFO - 2025-02-26 19:31:19,632 INFO mapred.MapTask: soft limit at 83886080
[2025-02-26T19:31:19.763+0000] {subprocess.py:93} INFO - 2025-02-26 19:31:19,632 INFO mapred.MapTask: bufstart = 0; bufvoid = 104857600
[2025-02-26T19:31:19.780+0000] {subprocess.py:93} INFO - 2025-02-26 19:31:19,634 INFO mapred.MapTask: kvstart = 26214396; length = 6553600
[2025-02-26T19:31:19.796+0000] {subprocess.py:93} INFO - 2025-02-26 19:31:19,715 INFO mapred.MapTask: Map output collector class = org.apache.hadoop.mapred.MapTask$MapOutputBuffer
[2025-02-26T19:31:20.028+0000] {subprocess.py:93} INFO - 2025-02-26 19:31:20,022 INFO streaming.PipeMapRed: PipeMapRed exec [/usr/bin/python, mapper.py]
[2025-02-26T19:31:20.111+0000] {subprocess.py:93} INFO - 2025-02-26 19:31:20,077 INFO Configuration.deprecation: mapred.work.output.dir is deprecated. Instead, use mapreduce.task.output.dir
[2025-02-26T19:31:20.115+0000] {subprocess.py:93} INFO - 2025-02-26 19:31:20,080 INFO Configuration.deprecation: map.input.start is deprecated. Instead, use mapreduce.map.input.start
[2025-02-26T19:31:20.132+0000] {subprocess.py:93} INFO - 2025-02-26 19:31:20,080 INFO Configuration.deprecation: mapred.task.is.map is deprecated. Instead, use mapreduce.task.ismap
[2025-02-26T19:31:20.151+0000] {subprocess.py:93} INFO - 2025-02-26 19:31:20,080 INFO Configuration.deprecation: mapred.task.id is deprecated. Instead, use mapreduce.task.attempt.id
[2025-02-26T19:31:20.193+0000] {subprocess.py:93} INFO - 2025-02-26 19:31:20,180 INFO Configuration.deprecation: mapred.tip.id is deprecated. Instead, use mapreduce.task.id
[2025-02-26T19:31:20.202+0000] {subprocess.py:93} INFO - 2025-02-26 19:31:20,181 INFO Configuration.deprecation: mapred.local.dir is deprecated. Instead, use mapreduce.cluster.local.dir
[2025-02-26T19:31:20.210+0000] {subprocess.py:93} INFO - 2025-02-26 19:31:20,182 INFO Configuration.deprecation: map.input.file is deprecated. Instead, use mapreduce.map.input.file
[2025-02-26T19:31:20.230+0000] {subprocess.py:93} INFO - 2025-02-26 19:31:20,183 INFO Configuration.deprecation: mapred.skip.on is deprecated. Instead, use mapreduce.job.skiprecords
[2025-02-26T19:31:20.233+0000] {subprocess.py:93} INFO - 2025-02-26 19:31:20,183 INFO Configuration.deprecation: map.input.length is deprecated. Instead, use mapreduce.map.input.length
[2025-02-26T19:31:20.239+0000] {subprocess.py:93} INFO - 2025-02-26 19:31:20,201 INFO Configuration.deprecation: mapred.job.id is deprecated. Instead, use mapreduce.job.id
[2025-02-26T19:31:20.259+0000] {subprocess.py:93} INFO - 2025-02-26 19:31:20,217 INFO Configuration.deprecation: user.name is deprecated. Instead, use mapreduce.job.user.name
[2025-02-26T19:31:20.269+0000] {subprocess.py:93} INFO - 2025-02-26 19:31:20,218 INFO Configuration.deprecation: mapred.task.partition is deprecated. Instead, use mapreduce.task.partition
[2025-02-26T19:31:20.924+0000] {subprocess.py:93} INFO -   File "mapper.py", line 27
[2025-02-26T19:31:20.926+0000] {subprocess.py:93} INFO -     print(f"{coin}\t{json.dumps(metrics)}")
[2025-02-26T19:31:20.927+0000] {subprocess.py:93} INFO -                                          ^
[2025-02-26T19:31:20.928+0000] {subprocess.py:93} INFO - SyntaxError: invalid syntax
[2025-02-26T19:31:20.934+0000] {subprocess.py:93} INFO - 2025-02-26 19:31:20,918 INFO streaming.PipeMapRed: MRErrorThread done
[2025-02-26T19:31:21.239+0000] {subprocess.py:93} INFO - 2025-02-26 19:31:21,178 INFO sasl.SaslDataTransferClient: SASL encryption trust check: localHostTrusted = false, remoteHostTrusted = false
[2025-02-26T19:31:23.127+0000] {subprocess.py:93} INFO - 2025-02-26 19:31:23,123 INFO streaming.PipeMapRed: R/W/S=1/0/0 in:0=1/2 [rec/s] out:0=0/2 [rec/s]
[2025-02-26T19:31:23.128+0000] {subprocess.py:93} INFO - 2025-02-26 19:31:23,124 INFO streaming.PipeMapRed: R/W/S=10/0/0 in:5=10/2 [rec/s] out:0=0/2 [rec/s]
[2025-02-26T19:31:23.131+0000] {subprocess.py:93} INFO - 2025-02-26 19:31:23,126 INFO streaming.PipeMapRed: R/W/S=100/0/0 in:50=100/2 [rec/s] out:0=0/2 [rec/s]
[2025-02-26T19:31:23.182+0000] {subprocess.py:93} INFO - 2025-02-26 19:31:23,163 WARN streaming.PipeMapRed: {}
[2025-02-26T19:31:23.183+0000] {subprocess.py:93} INFO - java.io.IOException: Stream closed
[2025-02-26T19:31:23.184+0000] {subprocess.py:93} INFO - 	at java.lang.ProcessBuilder$NullOutputStream.write(ProcessBuilder.java:433)
[2025-02-26T19:31:23.185+0000] {subprocess.py:93} INFO - 	at java.io.OutputStream.write(OutputStream.java:116)
[2025-02-26T19:31:23.185+0000] {subprocess.py:93} INFO - 	at java.io.BufferedOutputStream.write(BufferedOutputStream.java:122)
[2025-02-26T19:31:23.186+0000] {subprocess.py:93} INFO - 	at java.io.BufferedOutputStream.flushBuffer(BufferedOutputStream.java:82)
[2025-02-26T19:31:23.186+0000] {subprocess.py:93} INFO - 	at java.io.BufferedOutputStream.flush(BufferedOutputStream.java:140)
[2025-02-26T19:31:23.203+0000] {subprocess.py:93} INFO - 	at java.io.DataOutputStream.flush(DataOutputStream.java:123)
[2025-02-26T19:31:23.203+0000] {subprocess.py:93} INFO - 	at org.apache.hadoop.streaming.PipeMapRed.mapRedFinished(PipeMapRed.java:532)
[2025-02-26T19:31:23.204+0000] {subprocess.py:93} INFO - 	at org.apache.hadoop.streaming.PipeMapper.close(PipeMapper.java:130)
[2025-02-26T19:31:23.204+0000] {subprocess.py:93} INFO - 	at org.apache.hadoop.mapred.MapRunner.run(MapRunner.java:61)
[2025-02-26T19:31:23.217+0000] {subprocess.py:93} INFO - 	at org.apache.hadoop.streaming.PipeMapRunner.run(PipeMapRunner.java:34)
[2025-02-26T19:31:23.218+0000] {subprocess.py:93} INFO - 	at org.apache.hadoop.mapred.MapTask.runOldMapper(MapTask.java:465)
[2025-02-26T19:31:23.218+0000] {subprocess.py:93} INFO - 	at org.apache.hadoop.mapred.MapTask.run(MapTask.java:349)
[2025-02-26T19:31:23.219+0000] {subprocess.py:93} INFO - 	at org.apache.hadoop.mapred.LocalJobRunner$Job$MapTaskRunnable.run(LocalJobRunner.java:271)
[2025-02-26T19:31:23.219+0000] {subprocess.py:93} INFO - 	at java.util.concurrent.Executors$RunnableAdapter.call(Executors.java:511)
[2025-02-26T19:31:23.220+0000] {subprocess.py:93} INFO - 	at java.util.concurrent.FutureTask.run(FutureTask.java:266)
[2025-02-26T19:31:23.220+0000] {subprocess.py:93} INFO - 	at java.util.concurrent.ThreadPoolExecutor.runWorker(ThreadPoolExecutor.java:1149)
[2025-02-26T19:31:23.221+0000] {subprocess.py:93} INFO - 	at java.util.concurrent.ThreadPoolExecutor$Worker.run(ThreadPoolExecutor.java:624)
[2025-02-26T19:31:23.222+0000] {subprocess.py:93} INFO - 	at java.lang.Thread.run(Thread.java:748)
[2025-02-26T19:31:23.222+0000] {subprocess.py:93} INFO - 2025-02-26 19:31:23,167 INFO streaming.PipeMapRed: PipeMapRed failed!
[2025-02-26T19:31:23.223+0000] {subprocess.py:93} INFO - java.lang.RuntimeException: PipeMapRed.waitOutputThreads(): subprocess failed with code 1
[2025-02-26T19:31:23.224+0000] {subprocess.py:93} INFO - 	at org.apache.hadoop.streaming.PipeMapRed.waitOutputThreads(PipeMapRed.java:326)
[2025-02-26T19:31:23.225+0000] {subprocess.py:93} INFO - 	at org.apache.hadoop.streaming.PipeMapRed.mapRedFinished(PipeMapRed.java:539)
[2025-02-26T19:31:23.230+0000] {subprocess.py:93} INFO - 	at org.apache.hadoop.streaming.PipeMapper.close(PipeMapper.java:130)
[2025-02-26T19:31:23.233+0000] {subprocess.py:93} INFO - 	at org.apache.hadoop.mapred.MapRunner.run(MapRunner.java:61)
[2025-02-26T19:31:23.237+0000] {subprocess.py:93} INFO - 	at org.apache.hadoop.streaming.PipeMapRunner.run(PipeMapRunner.java:34)
[2025-02-26T19:31:23.247+0000] {subprocess.py:93} INFO - 	at org.apache.hadoop.mapred.MapTask.runOldMapper(MapTask.java:465)
[2025-02-26T19:31:23.248+0000] {subprocess.py:93} INFO - 	at org.apache.hadoop.mapred.MapTask.run(MapTask.java:349)
[2025-02-26T19:31:23.249+0000] {subprocess.py:93} INFO - 	at org.apache.hadoop.mapred.LocalJobRunner$Job$MapTaskRunnable.run(LocalJobRunner.java:271)
[2025-02-26T19:31:23.250+0000] {subprocess.py:93} INFO - 	at java.util.concurrent.Executors$RunnableAdapter.call(Executors.java:511)
[2025-02-26T19:31:23.250+0000] {subprocess.py:93} INFO - 	at java.util.concurrent.FutureTask.run(FutureTask.java:266)
[2025-02-26T19:31:23.251+0000] {subprocess.py:93} INFO - 	at java.util.concurrent.ThreadPoolExecutor.runWorker(ThreadPoolExecutor.java:1149)
[2025-02-26T19:31:23.251+0000] {subprocess.py:93} INFO - 	at java.util.concurrent.ThreadPoolExecutor$Worker.run(ThreadPoolExecutor.java:624)
[2025-02-26T19:31:23.252+0000] {subprocess.py:93} INFO - 	at java.lang.Thread.run(Thread.java:748)
[2025-02-26T19:31:23.271+0000] {subprocess.py:93} INFO - 2025-02-26 19:31:23,269 INFO mapred.LocalJobRunner: map task executor complete.
[2025-02-26T19:31:23.387+0000] {subprocess.py:93} INFO - 2025-02-26 19:31:23,351 WARN mapred.LocalJobRunner: job_local756349086_0001
[2025-02-26T19:31:23.390+0000] {subprocess.py:93} INFO - java.lang.Exception: java.lang.RuntimeException: PipeMapRed.waitOutputThreads(): subprocess failed with code 1
[2025-02-26T19:31:23.398+0000] {subprocess.py:93} INFO - 	at org.apache.hadoop.mapred.LocalJobRunner$Job.runTasks(LocalJobRunner.java:492)
[2025-02-26T19:31:23.405+0000] {subprocess.py:93} INFO - 	at org.apache.hadoop.mapred.LocalJobRunner$Job.run(LocalJobRunner.java:552)
[2025-02-26T19:31:23.416+0000] {subprocess.py:93} INFO - Caused by: java.lang.RuntimeException: PipeMapRed.waitOutputThreads(): subprocess failed with code 1
[2025-02-26T19:31:23.420+0000] {subprocess.py:93} INFO - 	at org.apache.hadoop.streaming.PipeMapRed.waitOutputThreads(PipeMapRed.java:326)
[2025-02-26T19:31:23.421+0000] {subprocess.py:93} INFO - 	at org.apache.hadoop.streaming.PipeMapRed.mapRedFinished(PipeMapRed.java:539)
[2025-02-26T19:31:23.438+0000] {subprocess.py:93} INFO - 	at org.apache.hadoop.streaming.PipeMapper.close(PipeMapper.java:130)
[2025-02-26T19:31:23.456+0000] {subprocess.py:93} INFO - 	at org.apache.hadoop.mapred.MapRunner.run(MapRunner.java:61)
[2025-02-26T19:31:23.474+0000] {subprocess.py:93} INFO - 	at org.apache.hadoop.streaming.PipeMapRunner.run(PipeMapRunner.java:34)
[2025-02-26T19:31:23.478+0000] {subprocess.py:93} INFO - 	at org.apache.hadoop.mapred.MapTask.runOldMapper(MapTask.java:465)
[2025-02-26T19:31:23.492+0000] {subprocess.py:93} INFO - 	at org.apache.hadoop.mapred.MapTask.run(MapTask.java:349)
[2025-02-26T19:31:23.499+0000] {subprocess.py:93} INFO - 	at org.apache.hadoop.mapred.LocalJobRunner$Job$MapTaskRunnable.run(LocalJobRunner.java:271)
[2025-02-26T19:31:23.525+0000] {subprocess.py:93} INFO - 	at java.util.concurrent.Executors$RunnableAdapter.call(Executors.java:511)
[2025-02-26T19:31:23.566+0000] {subprocess.py:93} INFO - 	at java.util.concurrent.FutureTask.run(FutureTask.java:266)
[2025-02-26T19:31:23.587+0000] {subprocess.py:93} INFO - 	at java.util.concurrent.ThreadPoolExecutor.runWorker(ThreadPoolExecutor.java:1149)
[2025-02-26T19:31:23.604+0000] {subprocess.py:93} INFO - 	at java.util.concurrent.ThreadPoolExecutor$Worker.run(ThreadPoolExecutor.java:624)
[2025-02-26T19:31:23.626+0000] {subprocess.py:93} INFO - 	at java.lang.Thread.run(Thread.java:748)
[2025-02-26T19:31:23.656+0000] {subprocess.py:93} INFO - 2025-02-26 19:31:23,538 INFO mapreduce.Job: Job job_local756349086_0001 failed with state FAILED due to: NA
[2025-02-26T19:31:24.245+0000] {subprocess.py:93} INFO - 2025-02-26 19:31:24,163 INFO mapreduce.Job: Counters: 0
[2025-02-26T19:31:24.280+0000] {subprocess.py:93} INFO - 2025-02-26 19:31:24,177 ERROR streaming.StreamJob: Job not successful!
[2025-02-26T19:31:24.296+0000] {subprocess.py:93} INFO - Streaming Command Failed!
[2025-02-26T19:31:26.291+0000] {subprocess.py:97} INFO - Command exited with return code 1
[2025-02-26T19:31:26.433+0000] {taskinstance.py:1943} ERROR - Task failed with exception
Traceback (most recent call last):
  File "/home/airflow/.local/lib/python3.8/site-packages/airflow/operators/bash.py", line 210, in execute
    raise AirflowException(
airflow.exceptions.AirflowException: Bash command failed. The command returned a non-zero exit code 1.
[2025-02-26T19:31:26.493+0000] {taskinstance.py:1400} INFO - Marking task as UP_FOR_RETRY. dag_id=yfinance_ingestion_and_process_dag, task_id=run_mapreduce, execution_date=20250119T000000, start_date=20250226T193021, end_date=20250226T193126
[2025-02-26T19:31:26.668+0000] {standard_task_runner.py:104} ERROR - Failed to execute job 332 for task run_mapreduce (Bash command failed. The command returned a non-zero exit code 1.; 662)
[2025-02-26T19:31:26.750+0000] {local_task_job_runner.py:228} INFO - Task exited with return code 1
[2025-02-26T19:31:26.877+0000] {taskinstance.py:2784} INFO - 0 downstream tasks scheduled from follow-on schedule check
