[2025-02-25T09:52:03.156+0000] {taskinstance.py:1159} INFO - Dependencies all met for dep_context=non-requeueable deps ti=<TaskInstance: yfinance_ingestion_dag.store_raw_data_in_hdfs scheduled__2025-02-22T00:00:00+00:00 [queued]>
[2025-02-25T09:52:03.196+0000] {taskinstance.py:1159} INFO - Dependencies all met for dep_context=requeueable deps ti=<TaskInstance: yfinance_ingestion_dag.store_raw_data_in_hdfs scheduled__2025-02-22T00:00:00+00:00 [queued]>
[2025-02-25T09:52:03.197+0000] {taskinstance.py:1361} INFO - Starting attempt 1 of 2
[2025-02-25T09:52:03.239+0000] {taskinstance.py:1382} INFO - Executing <Task(PythonOperator): store_raw_data_in_hdfs> on 2025-02-22 00:00:00+00:00
[2025-02-25T09:52:03.253+0000] {standard_task_runner.py:57} INFO - Started process 1510 to run task
[2025-02-25T09:52:03.261+0000] {standard_task_runner.py:84} INFO - Running: ['***', 'tasks', 'run', 'yfinance_ingestion_dag', 'store_raw_data_in_hdfs', 'scheduled__2025-02-22T00:00:00+00:00', '--job-id', '139', '--raw', '--subdir', 'DAGS_FOLDER/test_hello.py', '--cfg-path', '/tmp/tmpd_jjyntr']
[2025-02-25T09:52:03.266+0000] {standard_task_runner.py:85} INFO - Job 139: Subtask store_raw_data_in_hdfs
[2025-02-25T09:52:03.420+0000] {task_command.py:415} INFO - Running <TaskInstance: yfinance_ingestion_dag.store_raw_data_in_hdfs scheduled__2025-02-22T00:00:00+00:00 [running]> on host 6dbd75e48aaa
[2025-02-25T09:52:03.762+0000] {taskinstance.py:1660} INFO - Exporting env vars: AIRFLOW_CTX_DAG_OWNER='etudiant' AIRFLOW_CTX_DAG_ID='yfinance_ingestion_dag' AIRFLOW_CTX_TASK_ID='store_raw_data_in_hdfs' AIRFLOW_CTX_EXECUTION_DATE='2025-02-22T00:00:00+00:00' AIRFLOW_CTX_TRY_NUMBER='1' AIRFLOW_CTX_DAG_RUN_ID='scheduled__2025-02-22T00:00:00+00:00'
[2025-02-25T09:52:29.909+0000] {python.py:194} INFO - Done. Returned value was: None
[2025-02-25T09:52:29.927+0000] {taskinstance.py:1400} INFO - Marking task as SUCCESS. dag_id=yfinance_ingestion_dag, task_id=store_raw_data_in_hdfs, execution_date=20250222T000000, start_date=20250225T095203, end_date=20250225T095229
[2025-02-25T09:52:29.997+0000] {local_task_job_runner.py:228} INFO - Task exited with return code 0
[2025-02-25T09:52:30.055+0000] {taskinstance.py:2784} INFO - 0 downstream tasks scheduled from follow-on schedule check
[2025-02-26T20:47:04.791+0000] {taskinstance.py:1159} INFO - Dependencies all met for dep_context=non-requeueable deps ti=<TaskInstance: yfinance_ingestion_dag.store_raw_data_in_hdfs scheduled__2025-02-22T00:00:00+00:00 [queued]>
[2025-02-26T20:47:04.838+0000] {taskinstance.py:1159} INFO - Dependencies all met for dep_context=requeueable deps ti=<TaskInstance: yfinance_ingestion_dag.store_raw_data_in_hdfs scheduled__2025-02-22T00:00:00+00:00 [queued]>
[2025-02-26T20:47:04.867+0000] {taskinstance.py:1361} INFO - Starting attempt 1 of 2
[2025-02-26T20:47:04.958+0000] {taskinstance.py:1382} INFO - Executing <Task(PythonOperator): store_raw_data_in_hdfs> on 2025-02-22 00:00:00+00:00
[2025-02-26T20:47:04.973+0000] {standard_task_runner.py:57} INFO - Started process 3184 to run task
[2025-02-26T20:47:04.982+0000] {standard_task_runner.py:84} INFO - Running: ['***', 'tasks', 'run', 'yfinance_ingestion_dag', 'store_raw_data_in_hdfs', 'scheduled__2025-02-22T00:00:00+00:00', '--job-id', '428', '--raw', '--subdir', 'DAGS_FOLDER/pipeline.py', '--cfg-path', '/tmp/tmp0h0tvbmm']
[2025-02-26T20:47:05.059+0000] {standard_task_runner.py:85} INFO - Job 428: Subtask store_raw_data_in_hdfs
[2025-02-26T20:47:05.421+0000] {task_command.py:415} INFO - Running <TaskInstance: yfinance_ingestion_dag.store_raw_data_in_hdfs scheduled__2025-02-22T00:00:00+00:00 [running]> on host 3c0faf52b292
[2025-02-26T20:47:05.857+0000] {taskinstance.py:1660} INFO - Exporting env vars: AIRFLOW_CTX_DAG_OWNER='etudiant' AIRFLOW_CTX_DAG_ID='yfinance_ingestion_dag' AIRFLOW_CTX_TASK_ID='store_raw_data_in_hdfs' AIRFLOW_CTX_EXECUTION_DATE='2025-02-22T00:00:00+00:00' AIRFLOW_CTX_TRY_NUMBER='1' AIRFLOW_CTX_DAG_RUN_ID='scheduled__2025-02-22T00:00:00+00:00'
[2025-02-26T20:47:32.028+0000] {python.py:194} INFO - Done. Returned value was: None
[2025-02-26T20:47:32.105+0000] {taskinstance.py:1400} INFO - Marking task as SUCCESS. dag_id=yfinance_ingestion_dag, task_id=store_raw_data_in_hdfs, execution_date=20250222T000000, start_date=20250226T204704, end_date=20250226T204732
[2025-02-26T20:47:32.211+0000] {local_task_job_runner.py:228} INFO - Task exited with return code 0
[2025-02-26T20:47:32.328+0000] {taskinstance.py:2784} INFO - 1 downstream tasks scheduled from follow-on schedule check
