[2025-02-26T19:12:12.296+0000] {taskinstance.py:1159} INFO - Dependencies all met for dep_context=non-requeueable deps ti=<TaskInstance: yfinance_ingestion_and_process_dag.fetch_data scheduled__2025-01-08T00:00:00+00:00 [queued]>
[2025-02-26T19:12:12.352+0000] {taskinstance.py:1159} INFO - Dependencies all met for dep_context=requeueable deps ti=<TaskInstance: yfinance_ingestion_and_process_dag.fetch_data scheduled__2025-01-08T00:00:00+00:00 [queued]>
[2025-02-26T19:12:12.365+0000] {taskinstance.py:1361} INFO - Starting attempt 1 of 2
[2025-02-26T19:12:13.358+0000] {taskinstance.py:1382} INFO - Executing <Task(PythonOperator): fetch_data> on 2025-01-08 00:00:00+00:00
[2025-02-26T19:12:13.578+0000] {standard_task_runner.py:57} INFO - Started process 440 to run task
[2025-02-26T19:12:13.690+0000] {standard_task_runner.py:84} INFO - Running: ['***', 'tasks', 'run', 'yfinance_ingestion_and_process_dag', 'fetch_data', 'scheduled__2025-01-08T00:00:00+00:00', '--job-id', '259', '--raw', '--subdir', 'DAGS_FOLDER/pipeline.py', '--cfg-path', '/tmp/tmpvdot2dd4']
[2025-02-26T19:12:13.713+0000] {standard_task_runner.py:85} INFO - Job 259: Subtask fetch_data
[2025-02-26T19:12:14.633+0000] {task_command.py:415} INFO - Running <TaskInstance: yfinance_ingestion_and_process_dag.fetch_data scheduled__2025-01-08T00:00:00+00:00 [running]> on host 405afb11abaf
[2025-02-26T19:12:15.586+0000] {taskinstance.py:1660} INFO - Exporting env vars: AIRFLOW_CTX_DAG_OWNER='etudiant' AIRFLOW_CTX_DAG_ID='yfinance_ingestion_and_process_dag' AIRFLOW_CTX_TASK_ID='fetch_data' AIRFLOW_CTX_EXECUTION_DATE='2025-01-08T00:00:00+00:00' AIRFLOW_CTX_TRY_NUMBER='1' AIRFLOW_CTX_DAG_RUN_ID='scheduled__2025-01-08T00:00:00+00:00'
[2025-02-26T19:12:19.009+0000] {python.py:194} INFO - Done. Returned value was: None
[2025-02-26T19:12:19.066+0000] {taskinstance.py:1400} INFO - Marking task as SUCCESS. dag_id=yfinance_ingestion_and_process_dag, task_id=fetch_data, execution_date=20250108T000000, start_date=20250226T191212, end_date=20250226T191219
[2025-02-26T19:12:19.446+0000] {local_task_job_runner.py:228} INFO - Task exited with return code 0
[2025-02-26T19:12:19.629+0000] {taskinstance.py:2784} INFO - 1 downstream tasks scheduled from follow-on schedule check
[2025-02-26T20:04:44.768+0000] {taskinstance.py:1159} INFO - Dependencies all met for dep_context=non-requeueable deps ti=<TaskInstance: yfinance_ingestion_and_process_dag.fetch_data scheduled__2025-01-08T00:00:00+00:00 [queued]>
[2025-02-26T20:04:44.886+0000] {taskinstance.py:1159} INFO - Dependencies all met for dep_context=requeueable deps ti=<TaskInstance: yfinance_ingestion_and_process_dag.fetch_data scheduled__2025-01-08T00:00:00+00:00 [queued]>
[2025-02-26T20:04:44.909+0000] {taskinstance.py:1361} INFO - Starting attempt 1 of 2
[2025-02-26T20:04:45.074+0000] {taskinstance.py:1382} INFO - Executing <Task(PythonOperator): fetch_data> on 2025-01-08 00:00:00+00:00
[2025-02-26T20:04:45.191+0000] {standard_task_runner.py:57} INFO - Started process 232 to run task
[2025-02-26T20:04:45.265+0000] {standard_task_runner.py:84} INFO - Running: ['***', 'tasks', 'run', 'yfinance_ingestion_and_process_dag', 'fetch_data', 'scheduled__2025-01-08T00:00:00+00:00', '--job-id', '6', '--raw', '--subdir', 'DAGS_FOLDER/pipeline.py', '--cfg-path', '/tmp/tmp6esqqk5a']
[2025-02-26T20:04:45.305+0000] {standard_task_runner.py:85} INFO - Job 6: Subtask fetch_data
[2025-02-26T20:04:45.706+0000] {task_command.py:415} INFO - Running <TaskInstance: yfinance_ingestion_and_process_dag.fetch_data scheduled__2025-01-08T00:00:00+00:00 [running]> on host e304e68c626e
[2025-02-26T20:04:46.627+0000] {taskinstance.py:1660} INFO - Exporting env vars: AIRFLOW_CTX_DAG_OWNER='etudiant' AIRFLOW_CTX_DAG_ID='yfinance_ingestion_and_process_dag' AIRFLOW_CTX_TASK_ID='fetch_data' AIRFLOW_CTX_EXECUTION_DATE='2025-01-08T00:00:00+00:00' AIRFLOW_CTX_TRY_NUMBER='1' AIRFLOW_CTX_DAG_RUN_ID='scheduled__2025-01-08T00:00:00+00:00'
[2025-02-26T20:04:49.386+0000] {python.py:194} INFO - Done. Returned value was: None
[2025-02-26T20:04:49.435+0000] {taskinstance.py:1400} INFO - Marking task as SUCCESS. dag_id=yfinance_ingestion_and_process_dag, task_id=fetch_data, execution_date=20250108T000000, start_date=20250226T200444, end_date=20250226T200449
[2025-02-26T20:04:49.648+0000] {local_task_job_runner.py:228} INFO - Task exited with return code 0
[2025-02-26T20:04:49.833+0000] {taskinstance.py:2784} INFO - 1 downstream tasks scheduled from follow-on schedule check
