[2025-02-26T20:47:26.061+0000] {taskinstance.py:1159} INFO - Dependencies all met for dep_context=non-requeueable deps ti=<TaskInstance: yfinance_ingestion_dag.run_mapreduce scheduled__2025-02-16T00:00:00+00:00 [queued]>
[2025-02-26T20:47:26.199+0000] {taskinstance.py:1159} INFO - Dependencies all met for dep_context=requeueable deps ti=<TaskInstance: yfinance_ingestion_dag.run_mapreduce scheduled__2025-02-16T00:00:00+00:00 [queued]>
[2025-02-26T20:47:26.203+0000] {taskinstance.py:1361} INFO - Starting attempt 1 of 2
[2025-02-26T20:47:26.361+0000] {taskinstance.py:1382} INFO - Executing <Task(BashOperator): run_mapreduce> on 2025-02-16 00:00:00+00:00
[2025-02-26T20:47:26.412+0000] {standard_task_runner.py:57} INFO - Started process 3251 to run task
[2025-02-26T20:47:26.441+0000] {standard_task_runner.py:84} INFO - Running: ['***', 'tasks', 'run', 'yfinance_ingestion_dag', 'run_mapreduce', 'scheduled__2025-02-16T00:00:00+00:00', '--job-id', '431', '--raw', '--subdir', 'DAGS_FOLDER/pipeline.py', '--cfg-path', '/tmp/tmpwbf0z21a']
[2025-02-26T20:47:26.455+0000] {standard_task_runner.py:85} INFO - Job 431: Subtask run_mapreduce
[2025-02-26T20:47:26.675+0000] {task_command.py:415} INFO - Running <TaskInstance: yfinance_ingestion_dag.run_mapreduce scheduled__2025-02-16T00:00:00+00:00 [running]> on host 3c0faf52b292
[2025-02-26T20:47:27.066+0000] {taskinstance.py:1660} INFO - Exporting env vars: AIRFLOW_CTX_DAG_OWNER='etudiant' AIRFLOW_CTX_DAG_ID='yfinance_ingestion_dag' AIRFLOW_CTX_TASK_ID='run_mapreduce' AIRFLOW_CTX_EXECUTION_DATE='2025-02-16T00:00:00+00:00' AIRFLOW_CTX_TRY_NUMBER='1' AIRFLOW_CTX_DAG_RUN_ID='scheduled__2025-02-16T00:00:00+00:00'
[2025-02-26T20:47:27.073+0000] {subprocess.py:63} INFO - Tmp dir root location: /tmp
[2025-02-26T20:47:27.075+0000] {subprocess.py:75} INFO - Running command: ['/bin/bash', '-c', '\n        docker exec -i -u root namenode bash -c \'         cd /tmp &&         cp /mnt/hadoop_data/mapreduce/mapper.py . &&         cp /mnt/hadoop_data/mapreduce/reducer.py . &&         chmod +x mapper.py reducer.py &&         hdfs dfs -rm -r hdfs:///user/etudiant/crypto/processed/YYYY=2025/MM=02/DD=16 || true &&         hadoop jar /opt/hadoop-3.2.1/share/hadoop/tools/lib/hadoop-streaming-3.2.1.jar         -files mapper.py,reducer.py         -mapper "python mapper.py"         -reducer "python reducer.py"         -input hdfs:///user/etudiant/crypto/raw/YYYY=2025/MM=02/DD=16/yfinance_raw.json         -output hdfs:///user/etudiant/crypto/processed/YYYY=2025/MM=02/DD=16\'\n        ']
[2025-02-26T20:47:27.106+0000] {subprocess.py:86} INFO - Output:
[2025-02-26T20:47:37.018+0000] {subprocess.py:93} INFO - rm: `hdfs:///user/etudiant/crypto/processed/YYYY=2025/MM=02/DD=16': No such file or directory
[2025-02-26T20:47:51.934+0000] {subprocess.py:93} INFO - 2025-02-26 20:47:51,931 INFO impl.MetricsConfig: Loaded properties from hadoop-metrics2.properties
[2025-02-26T20:47:52.168+0000] {subprocess.py:93} INFO - 2025-02-26 20:47:52,165 INFO impl.MetricsSystemImpl: Scheduled Metric snapshot period at 10 second(s).
[2025-02-26T20:47:52.169+0000] {subprocess.py:93} INFO - 2025-02-26 20:47:52,166 INFO impl.MetricsSystemImpl: JobTracker metrics system started
[2025-02-26T20:47:52.235+0000] {subprocess.py:93} INFO - 2025-02-26 20:47:52,233 WARN impl.MetricsSystemImpl: JobTracker metrics system already initialized!
[2025-02-26T20:47:54.065+0000] {subprocess.py:93} INFO - 2025-02-26 20:47:54,061 INFO mapred.FileInputFormat: Total input files to process : 1
[2025-02-26T20:47:54.237+0000] {subprocess.py:93} INFO - 2025-02-26 20:47:54,235 INFO mapreduce.JobSubmitter: number of splits:1
[2025-02-26T20:47:54.932+0000] {subprocess.py:93} INFO - 2025-02-26 20:47:54,930 INFO mapreduce.JobSubmitter: Submitting tokens for job: job_local1404817621_0001
[2025-02-26T20:47:54.942+0000] {subprocess.py:93} INFO - 2025-02-26 20:47:54,940 INFO mapreduce.JobSubmitter: Executing with tokens: []
[2025-02-26T20:47:56.685+0000] {subprocess.py:93} INFO - 2025-02-26 20:47:56,585 INFO mapred.LocalDistributedCacheManager: Localized file:/tmp/mapper.py as file:/tmp/hadoop-root/mapred/local/job_local1404817621_0001_3f66e16e-442c-4e0e-9fc7-38e452ccd94f/mapper.py
[2025-02-26T20:47:56.882+0000] {subprocess.py:93} INFO - 2025-02-26 20:47:56,862 INFO mapred.LocalDistributedCacheManager: Localized file:/tmp/reducer.py as file:/tmp/hadoop-root/mapred/local/job_local1404817621_0001_95c1fe4f-af20-4192-a83e-846f9866e3c7/reducer.py
[2025-02-26T20:47:56.578+0000] {subprocess.py:93} INFO - 2025-02-26 20:47:56,577 INFO mapreduce.Job: The url to track the job: http://localhost:8080/
[2025-02-26T20:47:56.601+0000] {subprocess.py:93} INFO - 2025-02-26 20:47:56,584 INFO mapreduce.Job: Running job: job_local1404817621_0001
[2025-02-26T20:47:56.666+0000] {subprocess.py:93} INFO - 2025-02-26 20:47:56,651 INFO mapred.LocalJobRunner: OutputCommitter set in config null
[2025-02-26T20:47:56.690+0000] {subprocess.py:93} INFO - 2025-02-26 20:47:56,684 INFO mapred.LocalJobRunner: OutputCommitter is org.apache.hadoop.mapred.FileOutputCommitter
[2025-02-26T20:47:56.715+0000] {subprocess.py:93} INFO - 2025-02-26 20:47:56,714 INFO output.FileOutputCommitter: File Output Committer Algorithm version is 2
[2025-02-26T20:47:56.716+0000] {subprocess.py:93} INFO - 2025-02-26 20:47:56,714 INFO output.FileOutputCommitter: FileOutputCommitter skip cleanup _temporary folders under output directory:false, ignore cleanup failures: false
[2025-02-26T20:47:57.022+0000] {subprocess.py:93} INFO - 2025-02-26 20:47:57,019 INFO mapred.LocalJobRunner: Waiting for map tasks
[2025-02-26T20:47:57.090+0000] {subprocess.py:93} INFO - 2025-02-26 20:47:57,086 INFO mapred.LocalJobRunner: Starting task: attempt_local1404817621_0001_m_000000_0
[2025-02-26T20:47:57.395+0000] {subprocess.py:93} INFO - 2025-02-26 20:47:57,368 INFO output.FileOutputCommitter: File Output Committer Algorithm version is 2
[2025-02-26T20:47:57.397+0000] {subprocess.py:93} INFO - 2025-02-26 20:47:57,394 INFO output.FileOutputCommitter: FileOutputCommitter skip cleanup _temporary folders under output directory:false, ignore cleanup failures: false
[2025-02-26T20:47:57.669+0000] {subprocess.py:93} INFO - 2025-02-26 20:47:57,617 INFO mapreduce.Job: Job job_local1404817621_0001 running in uber mode : false
[2025-02-26T20:47:57.674+0000] {subprocess.py:93} INFO - 2025-02-26 20:47:57,619 INFO mapreduce.Job:  map 0% reduce 0%
[2025-02-26T20:47:57.678+0000] {subprocess.py:93} INFO - 2025-02-26 20:47:57,637 INFO mapred.Task:  Using ResourceCalculatorProcessTree : [ ]
[2025-02-26T20:47:57.709+0000] {subprocess.py:93} INFO - 2025-02-26 20:47:57,702 INFO mapred.MapTask: Processing split: hdfs://namenode:9000/user/etudiant/crypto/raw/YYYY=2025/MM=02/DD=16/yfinance_raw.json:0+19767
[2025-02-26T20:47:57.956+0000] {subprocess.py:93} INFO - 2025-02-26 20:47:57,943 INFO mapred.MapTask: numReduceTasks: 1
[2025-02-26T20:47:58.200+0000] {subprocess.py:93} INFO - 2025-02-26 20:47:58,198 INFO mapred.MapTask: (EQUATOR) 0 kvi 26214396(104857584)
[2025-02-26T20:47:58.215+0000] {subprocess.py:93} INFO - 2025-02-26 20:47:58,198 INFO mapred.MapTask: mapreduce.task.io.sort.mb: 100
[2025-02-26T20:47:58.216+0000] {subprocess.py:93} INFO - 2025-02-26 20:47:58,210 INFO mapred.MapTask: soft limit at 83886080
[2025-02-26T20:47:58.217+0000] {subprocess.py:93} INFO - 2025-02-26 20:47:58,212 INFO mapred.MapTask: bufstart = 0; bufvoid = 104857600
[2025-02-26T20:47:58.217+0000] {subprocess.py:93} INFO - 2025-02-26 20:47:58,214 INFO mapred.MapTask: kvstart = 26214396; length = 6553600
[2025-02-26T20:47:58.275+0000] {subprocess.py:93} INFO - 2025-02-26 20:47:58,272 INFO mapred.MapTask: Map output collector class = org.apache.hadoop.mapred.MapTask$MapOutputBuffer
[2025-02-26T20:47:58.474+0000] {subprocess.py:93} INFO - 2025-02-26 20:47:58,454 INFO streaming.PipeMapRed: PipeMapRed exec [/usr/bin/python, mapper.py]
[2025-02-26T20:47:58.507+0000] {subprocess.py:93} INFO - 2025-02-26 20:47:58,498 INFO Configuration.deprecation: mapred.work.output.dir is deprecated. Instead, use mapreduce.task.output.dir
[2025-02-26T20:47:58.508+0000] {subprocess.py:93} INFO - 2025-02-26 20:47:58,499 INFO Configuration.deprecation: map.input.start is deprecated. Instead, use mapreduce.map.input.start
[2025-02-26T20:47:58.509+0000] {subprocess.py:93} INFO - 2025-02-26 20:47:58,500 INFO Configuration.deprecation: mapred.task.is.map is deprecated. Instead, use mapreduce.task.ismap
[2025-02-26T20:47:58.510+0000] {subprocess.py:93} INFO - 2025-02-26 20:47:58,501 INFO Configuration.deprecation: mapred.task.id is deprecated. Instead, use mapreduce.task.attempt.id
[2025-02-26T20:47:58.521+0000] {subprocess.py:93} INFO - 2025-02-26 20:47:58,519 INFO Configuration.deprecation: mapred.tip.id is deprecated. Instead, use mapreduce.task.id
[2025-02-26T20:47:58.529+0000] {subprocess.py:93} INFO - 2025-02-26 20:47:58,524 INFO Configuration.deprecation: mapred.local.dir is deprecated. Instead, use mapreduce.cluster.local.dir
[2025-02-26T20:47:58.530+0000] {subprocess.py:93} INFO - 2025-02-26 20:47:58,524 INFO Configuration.deprecation: map.input.file is deprecated. Instead, use mapreduce.map.input.file
[2025-02-26T20:47:58.533+0000] {subprocess.py:93} INFO - 2025-02-26 20:47:58,526 INFO Configuration.deprecation: mapred.skip.on is deprecated. Instead, use mapreduce.job.skiprecords
[2025-02-26T20:47:58.534+0000] {subprocess.py:93} INFO - 2025-02-26 20:47:58,529 INFO Configuration.deprecation: map.input.length is deprecated. Instead, use mapreduce.map.input.length
[2025-02-26T20:47:58.543+0000] {subprocess.py:93} INFO - 2025-02-26 20:47:58,539 INFO Configuration.deprecation: mapred.job.id is deprecated. Instead, use mapreduce.job.id
[2025-02-26T20:47:58.550+0000] {subprocess.py:93} INFO - 2025-02-26 20:47:58,548 INFO Configuration.deprecation: user.name is deprecated. Instead, use mapreduce.job.user.name
[2025-02-26T20:47:58.555+0000] {subprocess.py:93} INFO - 2025-02-26 20:47:58,554 INFO Configuration.deprecation: mapred.task.partition is deprecated. Instead, use mapreduce.task.partition
[2025-02-26T20:47:58.862+0000] {subprocess.py:93} INFO - 2025-02-26 20:47:58,815 INFO sasl.SaslDataTransferClient: SASL encryption trust check: localHostTrusted = false, remoteHostTrusted = false
[2025-02-26T20:48:00.773+0000] {subprocess.py:93} INFO - 2025-02-26 20:48:00,771 INFO streaming.PipeMapRed: R/W/S=1/0/0 in:0=1/2 [rec/s] out:0=0/2 [rec/s]
[2025-02-26T20:48:00.776+0000] {subprocess.py:93} INFO - 2025-02-26 20:48:00,773 INFO streaming.PipeMapRed: R/W/S=10/0/0 in:5=10/2 [rec/s] out:0=0/2 [rec/s]
[2025-02-26T20:48:00.810+0000] {subprocess.py:93} INFO - 2025-02-26 20:48:00,802 INFO streaming.PipeMapRed: R/W/S=100/0/0 in:50=100/2 [rec/s] out:0=0/2 [rec/s]
[2025-02-26T20:48:00.971+0000] {subprocess.py:93} INFO - 2025-02-26 20:48:00,969 INFO streaming.PipeMapRed: MRErrorThread done
[2025-02-26T20:48:00.972+0000] {subprocess.py:93} INFO - 2025-02-26 20:48:00,969 INFO streaming.PipeMapRed: mapRedFinished
[2025-02-26T20:48:01.037+0000] {subprocess.py:93} INFO - 2025-02-26 20:48:01,035 INFO mapred.LocalJobRunner:
[2025-02-26T20:48:01.038+0000] {subprocess.py:93} INFO - 2025-02-26 20:48:01,036 INFO mapred.MapTask: Starting flush of map output
[2025-02-26T20:48:01.219+0000] {subprocess.py:93} INFO - 2025-02-26 20:48:01,218 INFO mapred.Task: Task:attempt_local1404817621_0001_m_000000_0 is done. And is in the process of committing
[2025-02-26T20:48:01.248+0000] {subprocess.py:93} INFO - 2025-02-26 20:48:01,246 INFO mapred.LocalJobRunner: hdfs://namenode:9000/user/etudiant/crypto/raw/YYYY=2025/MM=02/DD=16/yfinance_raw.json:0+19767
[2025-02-26T20:48:01.249+0000] {subprocess.py:93} INFO - 2025-02-26 20:48:01,246 INFO mapred.Task: Task 'attempt_local1404817621_0001_m_000000_0' done.
[2025-02-26T20:48:01.318+0000] {subprocess.py:93} INFO - 2025-02-26 20:48:01,316 INFO mapred.Task: Final Counters for attempt_local1404817621_0001_m_000000_0: Counters: 23
[2025-02-26T20:48:01.319+0000] {subprocess.py:93} INFO - 	File System Counters
[2025-02-26T20:48:01.320+0000] {subprocess.py:93} INFO - 		FILE: Number of bytes read=180665
[2025-02-26T20:48:01.321+0000] {subprocess.py:93} INFO - 		FILE: Number of bytes written=712295
[2025-02-26T20:48:01.322+0000] {subprocess.py:93} INFO - 		FILE: Number of read operations=0
[2025-02-26T20:48:01.323+0000] {subprocess.py:93} INFO - 		FILE: Number of large read operations=0
[2025-02-26T20:48:01.323+0000] {subprocess.py:93} INFO - 		FILE: Number of write operations=0
[2025-02-26T20:48:01.324+0000] {subprocess.py:93} INFO - 		HDFS: Number of bytes read=19767
[2025-02-26T20:48:01.324+0000] {subprocess.py:93} INFO - 		HDFS: Number of bytes written=0
[2025-02-26T20:48:01.325+0000] {subprocess.py:93} INFO - 		HDFS: Number of read operations=5
[2025-02-26T20:48:01.327+0000] {subprocess.py:93} INFO - 		HDFS: Number of large read operations=0
[2025-02-26T20:48:01.328+0000] {subprocess.py:93} INFO - 		HDFS: Number of write operations=1
[2025-02-26T20:48:01.330+0000] {subprocess.py:93} INFO - 		HDFS: Number of bytes read erasure-coded=0
[2025-02-26T20:48:01.330+0000] {subprocess.py:93} INFO - 	Map-Reduce Framework
[2025-02-26T20:48:01.331+0000] {subprocess.py:93} INFO - 		Map input records=677
[2025-02-26T20:48:01.331+0000] {subprocess.py:93} INFO - 		Map output records=0
[2025-02-26T20:48:01.332+0000] {subprocess.py:93} INFO - 		Map output bytes=0
[2025-02-26T20:48:01.333+0000] {subprocess.py:93} INFO - 		Map output materialized bytes=6
[2025-02-26T20:48:01.333+0000] {subprocess.py:93} INFO - 		Input split bytes=137
[2025-02-26T20:48:01.334+0000] {subprocess.py:93} INFO - 		Combine input records=0
[2025-02-26T20:48:01.334+0000] {subprocess.py:93} INFO - 		Spilled Records=0
[2025-02-26T20:48:01.335+0000] {subprocess.py:93} INFO - 		Failed Shuffles=0
[2025-02-26T20:48:01.335+0000] {subprocess.py:93} INFO - 		Merged Map outputs=0
[2025-02-26T20:48:01.336+0000] {subprocess.py:93} INFO - 		GC time elapsed (ms)=0
[2025-02-26T20:48:01.336+0000] {subprocess.py:93} INFO - 		Total committed heap usage (bytes)=281018368
[2025-02-26T20:48:01.337+0000] {subprocess.py:93} INFO - 	File Input Format Counters
[2025-02-26T20:48:01.338+0000] {subprocess.py:93} INFO - 		Bytes Read=19767
[2025-02-26T20:48:01.339+0000] {subprocess.py:93} INFO - 2025-02-26 20:48:01,325 INFO mapred.LocalJobRunner: Finishing task: attempt_local1404817621_0001_m_000000_0
[2025-02-26T20:48:01.339+0000] {subprocess.py:93} INFO - 2025-02-26 20:48:01,326 INFO mapred.LocalJobRunner: map task executor complete.
[2025-02-26T20:48:01.341+0000] {subprocess.py:93} INFO - 2025-02-26 20:48:01,339 INFO mapred.LocalJobRunner: Waiting for reduce tasks
[2025-02-26T20:48:01.345+0000] {subprocess.py:93} INFO - 2025-02-26 20:48:01,344 INFO mapred.LocalJobRunner: Starting task: attempt_local1404817621_0001_r_000000_0
[2025-02-26T20:48:01.439+0000] {subprocess.py:93} INFO - 2025-02-26 20:48:01,426 INFO output.FileOutputCommitter: File Output Committer Algorithm version is 2
[2025-02-26T20:48:01.440+0000] {subprocess.py:93} INFO - 2025-02-26 20:48:01,426 INFO output.FileOutputCommitter: FileOutputCommitter skip cleanup _temporary folders under output directory:false, ignore cleanup failures: false
[2025-02-26T20:48:01.446+0000] {subprocess.py:93} INFO - 2025-02-26 20:48:01,441 INFO mapred.Task:  Using ResourceCalculatorProcessTree : [ ]
[2025-02-26T20:48:01.489+0000] {subprocess.py:93} INFO - 2025-02-26 20:48:01,450 INFO mapred.ReduceTask: Using ShuffleConsumerPlugin: org.apache.hadoop.mapreduce.task.reduce.Shuffle@49c73575
[2025-02-26T20:48:01.520+0000] {subprocess.py:93} INFO - 2025-02-26 20:48:01,505 WARN impl.MetricsSystemImpl: JobTracker metrics system already initialized!
[2025-02-26T20:48:01.648+0000] {subprocess.py:93} INFO - 2025-02-26 20:48:01,628 INFO mapreduce.Job:  map 100% reduce 0%
[2025-02-26T20:48:01.683+0000] {subprocess.py:93} INFO - 2025-02-26 20:48:01,656 INFO reduce.MergeManagerImpl: MergerManager: memoryLimit=668309888, maxSingleShuffleLimit=167077472, mergeThreshold=441084544, ioSortFactor=10, memToMemMergeOutputsThreshold=10
[2025-02-26T20:48:01.860+0000] {subprocess.py:93} INFO - 2025-02-26 20:48:01,859 INFO reduce.EventFetcher: attempt_local1404817621_0001_r_000000_0 Thread started: EventFetcher for fetching Map Completion Events
[2025-02-26T20:48:01.964+0000] {subprocess.py:93} INFO - 2025-02-26 20:48:01,947 INFO reduce.LocalFetcher: localfetcher#1 about to shuffle output of map attempt_local1404817621_0001_m_000000_0 decomp: 2 len: 6 to MEMORY
[2025-02-26T20:48:02.046+0000] {subprocess.py:93} INFO - 2025-02-26 20:48:02,009 INFO reduce.InMemoryMapOutput: Read 2 bytes from map-output for attempt_local1404817621_0001_m_000000_0
[2025-02-26T20:48:02.047+0000] {subprocess.py:93} INFO - 2025-02-26 20:48:02,011 INFO reduce.MergeManagerImpl: closeInMemoryFile -> map-output of size: 2, inMemoryMapOutputs.size() -> 1, commitMemory -> 0, usedMemory ->2
[2025-02-26T20:48:02.048+0000] {subprocess.py:93} INFO - 2025-02-26 20:48:02,030 INFO reduce.EventFetcher: EventFetcher is interrupted.. Returning
[2025-02-26T20:48:02.059+0000] {subprocess.py:93} INFO - 2025-02-26 20:48:02,036 INFO mapred.LocalJobRunner: 1 / 1 copied.
[2025-02-26T20:48:02.063+0000] {subprocess.py:93} INFO - 2025-02-26 20:48:02,036 INFO reduce.MergeManagerImpl: finalMerge called with 1 in-memory map-outputs and 0 on-disk map-outputs
[2025-02-26T20:48:02.074+0000] {subprocess.py:93} INFO - 2025-02-26 20:48:02,072 INFO mapred.Merger: Merging 1 sorted segments
[2025-02-26T20:48:02.082+0000] {subprocess.py:93} INFO - 2025-02-26 20:48:02,079 INFO mapred.Merger: Down to the last merge-pass, with 0 segments left of total size: 0 bytes
[2025-02-26T20:48:02.120+0000] {subprocess.py:93} INFO - 2025-02-26 20:48:02,119 INFO reduce.MergeManagerImpl: Merged 1 segments, 2 bytes to disk to satisfy reduce memory limit
[2025-02-26T20:48:02.122+0000] {subprocess.py:93} INFO - 2025-02-26 20:48:02,120 INFO reduce.MergeManagerImpl: Merging 1 files, 6 bytes from disk
[2025-02-26T20:48:02.123+0000] {subprocess.py:93} INFO - 2025-02-26 20:48:02,122 INFO reduce.MergeManagerImpl: Merging 0 segments, 0 bytes from memory into reduce
[2025-02-26T20:48:02.130+0000] {subprocess.py:93} INFO - 2025-02-26 20:48:02,122 INFO mapred.Merger: Merging 1 sorted segments
[2025-02-26T20:48:02.138+0000] {subprocess.py:93} INFO - 2025-02-26 20:48:02,134 INFO mapred.Merger: Down to the last merge-pass, with 0 segments left of total size: 0 bytes
[2025-02-26T20:48:02.139+0000] {subprocess.py:93} INFO - 2025-02-26 20:48:02,135 INFO mapred.LocalJobRunner: 1 / 1 copied.
[2025-02-26T20:48:02.251+0000] {subprocess.py:93} INFO - 2025-02-26 20:48:02,249 INFO streaming.PipeMapRed: PipeMapRed exec [/usr/bin/python, reducer.py]
[2025-02-26T20:48:02.261+0000] {subprocess.py:93} INFO - 2025-02-26 20:48:02,259 INFO Configuration.deprecation: mapred.job.tracker is deprecated. Instead, use mapreduce.jobtracker.address
[2025-02-26T20:48:02.263+0000] {subprocess.py:93} INFO - 2025-02-26 20:48:02,261 INFO Configuration.deprecation: mapred.map.tasks is deprecated. Instead, use mapreduce.job.maps
[2025-02-26T20:48:02.786+0000] {subprocess.py:93} INFO - 2025-02-26 20:48:02,784 INFO streaming.PipeMapRed: MRErrorThread done
[2025-02-26T20:48:02.796+0000] {subprocess.py:93} INFO - 2025-02-26 20:48:02,793 INFO streaming.PipeMapRed: mapRedFinished
[2025-02-26T20:48:02.820+0000] {subprocess.py:93} INFO - 2025-02-26 20:48:02,817 INFO mapred.Task: Task:attempt_local1404817621_0001_r_000000_0 is done. And is in the process of committing
[2025-02-26T20:48:02.830+0000] {subprocess.py:93} INFO - 2025-02-26 20:48:02,828 INFO mapred.LocalJobRunner: 1 / 1 copied.
[2025-02-26T20:48:02.834+0000] {subprocess.py:93} INFO - 2025-02-26 20:48:02,831 INFO mapred.Task: Task attempt_local1404817621_0001_r_000000_0 is allowed to commit now
[2025-02-26T20:48:02.997+0000] {subprocess.py:93} INFO - 2025-02-26 20:48:02,995 INFO output.FileOutputCommitter: Saved output of task 'attempt_local1404817621_0001_r_000000_0' to hdfs://namenode:9000/user/etudiant/crypto/processed/YYYY=2025/MM=02/DD=16
[2025-02-26T20:48:03.041+0000] {subprocess.py:93} INFO - 2025-02-26 20:48:03,035 INFO mapred.LocalJobRunner: reduce > reduce
[2025-02-26T20:48:03.042+0000] {subprocess.py:93} INFO - 2025-02-26 20:48:03,036 INFO mapred.Task: Task 'attempt_local1404817621_0001_r_000000_0' done.
[2025-02-26T20:48:03.043+0000] {subprocess.py:93} INFO - 2025-02-26 20:48:03,036 INFO mapred.Task: Final Counters for attempt_local1404817621_0001_r_000000_0: Counters: 30
[2025-02-26T20:48:03.044+0000] {subprocess.py:93} INFO - 	File System Counters
[2025-02-26T20:48:03.044+0000] {subprocess.py:93} INFO - 		FILE: Number of bytes read=180709
[2025-02-26T20:48:03.045+0000] {subprocess.py:93} INFO - 		FILE: Number of bytes written=712301
[2025-02-26T20:48:03.045+0000] {subprocess.py:93} INFO - 		FILE: Number of read operations=0
[2025-02-26T20:48:03.046+0000] {subprocess.py:93} INFO - 		FILE: Number of large read operations=0
[2025-02-26T20:48:03.046+0000] {subprocess.py:93} INFO - 		FILE: Number of write operations=0
[2025-02-26T20:48:03.047+0000] {subprocess.py:93} INFO - 		HDFS: Number of bytes read=19767
[2025-02-26T20:48:03.047+0000] {subprocess.py:93} INFO - 		HDFS: Number of bytes written=0
[2025-02-26T20:48:03.052+0000] {subprocess.py:93} INFO - 		HDFS: Number of read operations=10
[2025-02-26T20:48:03.054+0000] {subprocess.py:93} INFO - 		HDFS: Number of large read operations=0
[2025-02-26T20:48:03.055+0000] {subprocess.py:93} INFO - 		HDFS: Number of write operations=3
[2025-02-26T20:48:03.060+0000] {subprocess.py:93} INFO - 		HDFS: Number of bytes read erasure-coded=0
[2025-02-26T20:48:03.061+0000] {subprocess.py:93} INFO - 	Map-Reduce Framework
[2025-02-26T20:48:03.062+0000] {subprocess.py:93} INFO - 		Combine input records=0
[2025-02-26T20:48:03.063+0000] {subprocess.py:93} INFO - 		Combine output records=0
[2025-02-26T20:48:03.063+0000] {subprocess.py:93} INFO - 		Reduce input groups=0
[2025-02-26T20:48:03.064+0000] {subprocess.py:93} INFO - 		Reduce shuffle bytes=6
[2025-02-26T20:48:03.064+0000] {subprocess.py:93} INFO - 		Reduce input records=0
[2025-02-26T20:48:03.065+0000] {subprocess.py:93} INFO - 		Reduce output records=0
[2025-02-26T20:48:03.065+0000] {subprocess.py:93} INFO - 		Spilled Records=0
[2025-02-26T20:48:03.066+0000] {subprocess.py:93} INFO - 		Shuffled Maps =1
[2025-02-26T20:48:03.066+0000] {subprocess.py:93} INFO - 		Failed Shuffles=0
[2025-02-26T20:48:03.067+0000] {subprocess.py:93} INFO - 		Merged Map outputs=1
[2025-02-26T20:48:03.071+0000] {subprocess.py:93} INFO - 		GC time elapsed (ms)=0
[2025-02-26T20:48:03.076+0000] {subprocess.py:93} INFO - 		Total committed heap usage (bytes)=281542656
[2025-02-26T20:48:03.077+0000] {subprocess.py:93} INFO - 	Shuffle Errors
[2025-02-26T20:48:03.078+0000] {subprocess.py:93} INFO - 		BAD_ID=0
[2025-02-26T20:48:03.078+0000] {subprocess.py:93} INFO - 		CONNECTION=0
[2025-02-26T20:48:03.079+0000] {subprocess.py:93} INFO - 		IO_ERROR=0
[2025-02-26T20:48:03.079+0000] {subprocess.py:93} INFO - 		WRONG_LENGTH=0
[2025-02-26T20:48:03.080+0000] {subprocess.py:93} INFO - 		WRONG_MAP=0
[2025-02-26T20:48:03.081+0000] {subprocess.py:93} INFO - 		WRONG_REDUCE=0
[2025-02-26T20:48:03.082+0000] {subprocess.py:93} INFO - 	File Output Format Counters
[2025-02-26T20:48:03.082+0000] {subprocess.py:93} INFO - 		Bytes Written=0
[2025-02-26T20:48:03.084+0000] {subprocess.py:93} INFO - 2025-02-26 20:48:03,045 INFO mapred.LocalJobRunner: Finishing task: attempt_local1404817621_0001_r_000000_0
[2025-02-26T20:48:03.086+0000] {subprocess.py:93} INFO - 2025-02-26 20:48:03,047 INFO mapred.LocalJobRunner: reduce task executor complete.
[2025-02-26T20:48:03.666+0000] {subprocess.py:93} INFO - 2025-02-26 20:48:03,632 INFO mapreduce.Job:  map 100% reduce 100%
[2025-02-26T20:48:03.682+0000] {subprocess.py:93} INFO - 2025-02-26 20:48:03,644 INFO mapreduce.Job: Job job_local1404817621_0001 completed successfully
[2025-02-26T20:48:03.783+0000] {subprocess.py:93} INFO - 2025-02-26 20:48:03,771 INFO mapreduce.Job: Counters: 36
[2025-02-26T20:48:03.785+0000] {subprocess.py:93} INFO - 	File System Counters
[2025-02-26T20:48:03.785+0000] {subprocess.py:93} INFO - 		FILE: Number of bytes read=361374
[2025-02-26T20:48:03.786+0000] {subprocess.py:93} INFO - 		FILE: Number of bytes written=1424596
[2025-02-26T20:48:03.787+0000] {subprocess.py:93} INFO - 		FILE: Number of read operations=0
[2025-02-26T20:48:03.798+0000] {subprocess.py:93} INFO - 		FILE: Number of large read operations=0
[2025-02-26T20:48:03.802+0000] {subprocess.py:93} INFO - 		FILE: Number of write operations=0
[2025-02-26T20:48:03.803+0000] {subprocess.py:93} INFO - 		HDFS: Number of bytes read=39534
[2025-02-26T20:48:03.803+0000] {subprocess.py:93} INFO - 		HDFS: Number of bytes written=0
[2025-02-26T20:48:03.804+0000] {subprocess.py:93} INFO - 		HDFS: Number of read operations=15
[2025-02-26T20:48:03.804+0000] {subprocess.py:93} INFO - 		HDFS: Number of large read operations=0
[2025-02-26T20:48:03.805+0000] {subprocess.py:93} INFO - 		HDFS: Number of write operations=4
[2025-02-26T20:48:03.813+0000] {subprocess.py:93} INFO - 		HDFS: Number of bytes read erasure-coded=0
[2025-02-26T20:48:03.817+0000] {subprocess.py:93} INFO - 	Map-Reduce Framework
[2025-02-26T20:48:03.818+0000] {subprocess.py:93} INFO - 		Map input records=677
[2025-02-26T20:48:03.819+0000] {subprocess.py:93} INFO - 		Map output records=0
[2025-02-26T20:48:03.819+0000] {subprocess.py:93} INFO - 		Map output bytes=0
[2025-02-26T20:48:03.820+0000] {subprocess.py:93} INFO - 		Map output materialized bytes=6
[2025-02-26T20:48:03.820+0000] {subprocess.py:93} INFO - 		Input split bytes=137
[2025-02-26T20:48:03.821+0000] {subprocess.py:93} INFO - 		Combine input records=0
[2025-02-26T20:48:03.821+0000] {subprocess.py:93} INFO - 		Combine output records=0
[2025-02-26T20:48:03.829+0000] {subprocess.py:93} INFO - 		Reduce input groups=0
[2025-02-26T20:48:03.833+0000] {subprocess.py:93} INFO - 		Reduce shuffle bytes=6
[2025-02-26T20:48:03.834+0000] {subprocess.py:93} INFO - 		Reduce input records=0
[2025-02-26T20:48:03.835+0000] {subprocess.py:93} INFO - 		Reduce output records=0
[2025-02-26T20:48:03.835+0000] {subprocess.py:93} INFO - 		Spilled Records=0
[2025-02-26T20:48:03.838+0000] {subprocess.py:93} INFO - 		Shuffled Maps =1
[2025-02-26T20:48:03.852+0000] {subprocess.py:93} INFO - 		Failed Shuffles=0
[2025-02-26T20:48:03.853+0000] {subprocess.py:93} INFO - 		Merged Map outputs=1
[2025-02-26T20:48:03.854+0000] {subprocess.py:93} INFO - 		GC time elapsed (ms)=0
[2025-02-26T20:48:03.855+0000] {subprocess.py:93} INFO - 		Total committed heap usage (bytes)=562561024
[2025-02-26T20:48:03.856+0000] {subprocess.py:93} INFO - 	Shuffle Errors
[2025-02-26T20:48:03.865+0000] {subprocess.py:93} INFO - 		BAD_ID=0
[2025-02-26T20:48:03.866+0000] {subprocess.py:93} INFO - 		CONNECTION=0
[2025-02-26T20:48:03.867+0000] {subprocess.py:93} INFO - 		IO_ERROR=0
[2025-02-26T20:48:03.870+0000] {subprocess.py:93} INFO - 		WRONG_LENGTH=0
[2025-02-26T20:48:03.875+0000] {subprocess.py:93} INFO - 		WRONG_MAP=0
[2025-02-26T20:48:03.894+0000] {subprocess.py:93} INFO - 		WRONG_REDUCE=0
[2025-02-26T20:48:03.897+0000] {subprocess.py:93} INFO - 	File Input Format Counters
[2025-02-26T20:48:03.899+0000] {subprocess.py:93} INFO - 		Bytes Read=19767
[2025-02-26T20:48:03.900+0000] {subprocess.py:93} INFO - 	File Output Format Counters
[2025-02-26T20:48:03.904+0000] {subprocess.py:93} INFO - 		Bytes Written=0
[2025-02-26T20:48:03.905+0000] {subprocess.py:93} INFO - 2025-02-26 20:48:03,772 INFO streaming.StreamJob: Output directory: hdfs:///user/etudiant/crypto/processed/YYYY=2025/MM=02/DD=16
[2025-02-26T20:48:04.436+0000] {subprocess.py:97} INFO - Command exited with return code 0
[2025-02-26T20:48:04.499+0000] {taskinstance.py:1400} INFO - Marking task as SUCCESS. dag_id=yfinance_ingestion_dag, task_id=run_mapreduce, execution_date=20250216T000000, start_date=20250226T204726, end_date=20250226T204804
[2025-02-26T20:48:04.594+0000] {local_task_job_runner.py:228} INFO - Task exited with return code 0
[2025-02-26T20:48:04.696+0000] {taskinstance.py:2784} INFO - 0 downstream tasks scheduled from follow-on schedule check
