[2025-02-25T09:48:28.538+0000] {taskinstance.py:1159} INFO - Dependencies all met for dep_context=non-requeueable deps ti=<TaskInstance: yfinance_ingestion_dag.fetch_data scheduled__2025-01-03T00:00:00+00:00 [queued]>
[2025-02-25T09:48:28.569+0000] {taskinstance.py:1159} INFO - Dependencies all met for dep_context=requeueable deps ti=<TaskInstance: yfinance_ingestion_dag.fetch_data scheduled__2025-01-03T00:00:00+00:00 [queued]>
[2025-02-25T09:48:28.576+0000] {taskinstance.py:1361} INFO - Starting attempt 1 of 2
[2025-02-25T09:48:28.633+0000] {taskinstance.py:1382} INFO - Executing <Task(PythonOperator): fetch_data> on 2025-01-03 00:00:00+00:00
[2025-02-25T09:48:28.664+0000] {standard_task_runner.py:57} INFO - Started process 282 to run task
[2025-02-25T09:48:28.680+0000] {standard_task_runner.py:84} INFO - Running: ['***', 'tasks', 'run', 'yfinance_ingestion_dag', 'fetch_data', 'scheduled__2025-01-03T00:00:00+00:00', '--job-id', '34', '--raw', '--subdir', 'DAGS_FOLDER/test_hello.py', '--cfg-path', '/tmp/tmppu6hu_de']
[2025-02-25T09:48:28.697+0000] {standard_task_runner.py:85} INFO - Job 34: Subtask fetch_data
[2025-02-25T09:48:29.132+0000] {task_command.py:415} INFO - Running <TaskInstance: yfinance_ingestion_dag.fetch_data scheduled__2025-01-03T00:00:00+00:00 [running]> on host 6dbd75e48aaa
[2025-02-25T09:48:29.759+0000] {taskinstance.py:1660} INFO - Exporting env vars: AIRFLOW_CTX_DAG_OWNER='etudiant' AIRFLOW_CTX_DAG_ID='yfinance_ingestion_dag' AIRFLOW_CTX_TASK_ID='fetch_data' AIRFLOW_CTX_EXECUTION_DATE='2025-01-03T00:00:00+00:00' AIRFLOW_CTX_TRY_NUMBER='1' AIRFLOW_CTX_DAG_RUN_ID='scheduled__2025-01-03T00:00:00+00:00'
[2025-02-25T09:48:31.059+0000] {history.py:247} ERROR - $TSLA: possibly delisted; no price data found  (1d 2025-01-03 -> 2025-01-03)
[2025-02-25T09:48:31.148+0000] {python.py:194} INFO - Done. Returned value was: None
[2025-02-25T09:48:31.227+0000] {taskinstance.py:1400} INFO - Marking task as SUCCESS. dag_id=yfinance_ingestion_dag, task_id=fetch_data, execution_date=20250103T000000, start_date=20250225T094828, end_date=20250225T094831
[2025-02-25T09:48:31.855+0000] {local_task_job_runner.py:228} INFO - Task exited with return code 0
[2025-02-25T09:48:31.991+0000] {taskinstance.py:2784} INFO - 1 downstream tasks scheduled from follow-on schedule check
[2025-02-26T20:10:44.296+0000] {taskinstance.py:1159} INFO - Dependencies all met for dep_context=non-requeueable deps ti=<TaskInstance: yfinance_ingestion_dag.fetch_data scheduled__2025-01-03T00:00:00+00:00 [queued]>
[2025-02-26T20:10:44.340+0000] {taskinstance.py:1159} INFO - Dependencies all met for dep_context=requeueable deps ti=<TaskInstance: yfinance_ingestion_dag.fetch_data scheduled__2025-01-03T00:00:00+00:00 [queued]>
[2025-02-26T20:10:44.342+0000] {taskinstance.py:1361} INFO - Starting attempt 1 of 2
[2025-02-26T20:10:44.412+0000] {taskinstance.py:1382} INFO - Executing <Task(PythonOperator): fetch_data> on 2025-01-03 00:00:00+00:00
[2025-02-26T20:10:44.445+0000] {standard_task_runner.py:57} INFO - Started process 471 to run task
[2025-02-26T20:10:44.458+0000] {standard_task_runner.py:84} INFO - Running: ['***', 'tasks', 'run', 'yfinance_ingestion_dag', 'fetch_data', 'scheduled__2025-01-03T00:00:00+00:00', '--job-id', '38', '--raw', '--subdir', 'DAGS_FOLDER/pipeline.py', '--cfg-path', '/tmp/tmpz26ia0w3']
[2025-02-26T20:10:44.490+0000] {standard_task_runner.py:85} INFO - Job 38: Subtask fetch_data
[2025-02-26T20:10:44.778+0000] {task_command.py:415} INFO - Running <TaskInstance: yfinance_ingestion_dag.fetch_data scheduled__2025-01-03T00:00:00+00:00 [running]> on host e304e68c626e
[2025-02-26T20:10:45.149+0000] {taskinstance.py:1660} INFO - Exporting env vars: AIRFLOW_CTX_DAG_OWNER='etudiant' AIRFLOW_CTX_DAG_ID='yfinance_ingestion_dag' AIRFLOW_CTX_TASK_ID='fetch_data' AIRFLOW_CTX_EXECUTION_DATE='2025-01-03T00:00:00+00:00' AIRFLOW_CTX_TRY_NUMBER='1' AIRFLOW_CTX_DAG_RUN_ID='scheduled__2025-01-03T00:00:00+00:00'
[2025-02-26T20:10:46.763+0000] {logging_mixin.py:151} INFO - [
    {
        "datetime": "2025-02-25T20:00:00.000Z",
        "open_price": 87816.71875,
        "high_price": 88873.140625,
        "low_price": 87594.2734375,
        "close_price": 88076.6484375,
        "volume": 0,
        "coin": "BTC"
    },
    {
        "datetime": "2025-02-25T21:00:00.000Z",
        "open_price": 88187.0859375,
        "high_price": 88637.609375,
        "low_price": 87775.640625,
        "close_price": 88598.2109375,
        "volume": 0,
        "coin": "BTC"
    },
    {
        "datetime": "2025-02-25T22:00:00.000Z",
        "open_price": 88692.203125,
        "high_price": 89344.90625,
        "low_price": 88446.0390625,
        "close_price": 88737.1953125,
        "volume": 102842368,
        "coin": "BTC"
    },
    {
        "datetime": "2025-02-25T23:00:00.000Z",
        "open_price": 88762.703125,
        "high_price": 89029.0390625,
        "low_price": 88623.359375,
        "close_price": 88701.9140625,
        "volume": 0,
        "coin": "BTC"
    },
    {
        "datetime": "2025-02-26T00:00:00.000Z",
        "open_price": 88491.3359375,
        "high_price": 88512.78125,
        "low_price": 88059.8046875,
        "close_price": 88059.8046875,
        "volume": 0,
        "coin": "BTC"
    }
]
[2025-02-26T20:10:46.801+0000] {python.py:194} INFO - Done. Returned value was: None
[2025-02-26T20:10:46.849+0000] {taskinstance.py:1400} INFO - Marking task as SUCCESS. dag_id=yfinance_ingestion_dag, task_id=fetch_data, execution_date=20250103T000000, start_date=20250226T201044, end_date=20250226T201046
[2025-02-26T20:10:47.181+0000] {local_task_job_runner.py:228} INFO - Task exited with return code 0
[2025-02-26T20:10:47.336+0000] {taskinstance.py:2784} INFO - 1 downstream tasks scheduled from follow-on schedule check
[2025-02-26T20:30:13.247+0000] {taskinstance.py:1159} INFO - Dependencies all met for dep_context=non-requeueable deps ti=<TaskInstance: yfinance_ingestion_dag.fetch_data scheduled__2025-01-03T00:00:00+00:00 [queued]>
[2025-02-26T20:30:13.283+0000] {taskinstance.py:1159} INFO - Dependencies all met for dep_context=requeueable deps ti=<TaskInstance: yfinance_ingestion_dag.fetch_data scheduled__2025-01-03T00:00:00+00:00 [queued]>
[2025-02-26T20:30:13.288+0000] {taskinstance.py:1361} INFO - Starting attempt 1 of 2
[2025-02-26T20:30:13.415+0000] {taskinstance.py:1382} INFO - Executing <Task(PythonOperator): fetch_data> on 2025-01-03 00:00:00+00:00
[2025-02-26T20:30:13.461+0000] {standard_task_runner.py:57} INFO - Started process 1636 to run task
[2025-02-26T20:30:13.472+0000] {standard_task_runner.py:84} INFO - Running: ['***', 'tasks', 'run', 'yfinance_ingestion_dag', 'fetch_data', 'scheduled__2025-01-03T00:00:00+00:00', '--job-id', '153', '--raw', '--subdir', 'DAGS_FOLDER/pipeline.py', '--cfg-path', '/tmp/tmpq176w1ap']
[2025-02-26T20:30:13.479+0000] {standard_task_runner.py:85} INFO - Job 153: Subtask fetch_data
[2025-02-26T20:30:13.798+0000] {task_command.py:415} INFO - Running <TaskInstance: yfinance_ingestion_dag.fetch_data scheduled__2025-01-03T00:00:00+00:00 [running]> on host c96a1011f5a3
[2025-02-26T20:30:14.158+0000] {taskinstance.py:1660} INFO - Exporting env vars: AIRFLOW_CTX_DAG_OWNER='etudiant' AIRFLOW_CTX_DAG_ID='yfinance_ingestion_dag' AIRFLOW_CTX_TASK_ID='fetch_data' AIRFLOW_CTX_EXECUTION_DATE='2025-01-03T00:00:00+00:00' AIRFLOW_CTX_TRY_NUMBER='1' AIRFLOW_CTX_DAG_RUN_ID='scheduled__2025-01-03T00:00:00+00:00'
[2025-02-26T20:30:14.729+0000] {logging_mixin.py:151} INFO - [
    {
        "datetime": "2025-02-25T20:00:00.000Z",
        "open_price": 87816.71875,
        "high_price": 88873.140625,
        "low_price": 87594.2734375,
        "close_price": 88076.6484375,
        "volume": 0,
        "coin": "BTC"
    },
    {
        "datetime": "2025-02-25T21:00:00.000Z",
        "open_price": 88187.0859375,
        "high_price": 88637.609375,
        "low_price": 87775.640625,
        "close_price": 88598.2109375,
        "volume": 0,
        "coin": "BTC"
    },
    {
        "datetime": "2025-02-25T22:00:00.000Z",
        "open_price": 88692.203125,
        "high_price": 89344.90625,
        "low_price": 88446.0390625,
        "close_price": 88737.1953125,
        "volume": 102842368,
        "coin": "BTC"
    },
    {
        "datetime": "2025-02-25T23:00:00.000Z",
        "open_price": 88762.703125,
        "high_price": 89029.0390625,
        "low_price": 88623.359375,
        "close_price": 88701.9140625,
        "volume": 0,
        "coin": "BTC"
    },
    {
        "datetime": "2025-02-26T00:00:00.000Z",
        "open_price": 88491.3359375,
        "high_price": 88512.78125,
        "low_price": 88059.8046875,
        "close_price": 88059.8046875,
        "volume": 0,
        "coin": "BTC"
    }
]
[2025-02-26T20:30:14.776+0000] {python.py:194} INFO - Done. Returned value was: None
[2025-02-26T20:30:14.803+0000] {taskinstance.py:1400} INFO - Marking task as SUCCESS. dag_id=yfinance_ingestion_dag, task_id=fetch_data, execution_date=20250103T000000, start_date=20250226T203013, end_date=20250226T203014
[2025-02-26T20:30:14.954+0000] {local_task_job_runner.py:228} INFO - Task exited with return code 0
[2025-02-26T20:30:15.122+0000] {taskinstance.py:2784} INFO - 1 downstream tasks scheduled from follow-on schedule check
[2025-02-26T20:40:00.875+0000] {taskinstance.py:1159} INFO - Dependencies all met for dep_context=non-requeueable deps ti=<TaskInstance: yfinance_ingestion_dag.fetch_data scheduled__2025-01-03T00:00:00+00:00 [queued]>
[2025-02-26T20:40:00.943+0000] {taskinstance.py:1159} INFO - Dependencies all met for dep_context=requeueable deps ti=<TaskInstance: yfinance_ingestion_dag.fetch_data scheduled__2025-01-03T00:00:00+00:00 [queued]>
[2025-02-26T20:40:00.945+0000] {taskinstance.py:1361} INFO - Starting attempt 1 of 2
[2025-02-26T20:40:00.999+0000] {taskinstance.py:1382} INFO - Executing <Task(PythonOperator): fetch_data> on 2025-01-03 00:00:00+00:00
[2025-02-26T20:40:01.009+0000] {standard_task_runner.py:57} INFO - Started process 1044 to run task
[2025-02-26T20:40:01.019+0000] {standard_task_runner.py:84} INFO - Running: ['***', 'tasks', 'run', 'yfinance_ingestion_dag', 'fetch_data', 'scheduled__2025-01-03T00:00:00+00:00', '--job-id', '266', '--raw', '--subdir', 'DAGS_FOLDER/pipeline.py', '--cfg-path', '/tmp/tmpr2u7yxhs']
[2025-02-26T20:40:01.034+0000] {standard_task_runner.py:85} INFO - Job 266: Subtask fetch_data
[2025-02-26T20:40:01.212+0000] {task_command.py:415} INFO - Running <TaskInstance: yfinance_ingestion_dag.fetch_data scheduled__2025-01-03T00:00:00+00:00 [running]> on host 3c0faf52b292
[2025-02-26T20:40:01.473+0000] {taskinstance.py:1660} INFO - Exporting env vars: AIRFLOW_CTX_DAG_OWNER='etudiant' AIRFLOW_CTX_DAG_ID='yfinance_ingestion_dag' AIRFLOW_CTX_TASK_ID='fetch_data' AIRFLOW_CTX_EXECUTION_DATE='2025-01-03T00:00:00+00:00' AIRFLOW_CTX_TRY_NUMBER='1' AIRFLOW_CTX_DAG_RUN_ID='scheduled__2025-01-03T00:00:00+00:00'
[2025-02-26T20:40:03.129+0000] {logging_mixin.py:151} INFO - [
    {
        "datetime": "2025-02-25T20:00:00.000Z",
        "open_price": 87816.71875,
        "high_price": 88873.140625,
        "low_price": 87594.2734375,
        "close_price": 88076.6484375,
        "volume": 0,
        "coin": "BTC"
    },
    {
        "datetime": "2025-02-25T21:00:00.000Z",
        "open_price": 88187.0859375,
        "high_price": 88637.609375,
        "low_price": 87775.640625,
        "close_price": 88598.2109375,
        "volume": 0,
        "coin": "BTC"
    },
    {
        "datetime": "2025-02-25T22:00:00.000Z",
        "open_price": 88692.203125,
        "high_price": 89344.90625,
        "low_price": 88446.0390625,
        "close_price": 88737.1953125,
        "volume": 102842368,
        "coin": "BTC"
    },
    {
        "datetime": "2025-02-25T23:00:00.000Z",
        "open_price": 88762.703125,
        "high_price": 89029.0390625,
        "low_price": 88623.359375,
        "close_price": 88701.9140625,
        "volume": 0,
        "coin": "BTC"
    },
    {
        "datetime": "2025-02-26T00:00:00.000Z",
        "open_price": 88491.3359375,
        "high_price": 88512.78125,
        "low_price": 88059.8046875,
        "close_price": 88059.8046875,
        "volume": 0,
        "coin": "BTC"
    }
]
[2025-02-26T20:40:03.193+0000] {python.py:194} INFO - Done. Returned value was: None
[2025-02-26T20:40:03.219+0000] {taskinstance.py:1400} INFO - Marking task as SUCCESS. dag_id=yfinance_ingestion_dag, task_id=fetch_data, execution_date=20250103T000000, start_date=20250226T204000, end_date=20250226T204003
[2025-02-26T20:40:03.292+0000] {local_task_job_runner.py:228} INFO - Task exited with return code 0
[2025-02-26T20:40:03.364+0000] {taskinstance.py:2784} INFO - 1 downstream tasks scheduled from follow-on schedule check
[2025-02-27T14:55:05.455+0000] {taskinstance.py:1157} INFO - Dependencies all met for dep_context=non-requeueable deps ti=<TaskInstance: yfinance_ingestion_dag.fetch_data scheduled__2025-01-03T00:00:00+00:00 [queued]>
[2025-02-27T14:55:05.594+0000] {taskinstance.py:1157} INFO - Dependencies all met for dep_context=requeueable deps ti=<TaskInstance: yfinance_ingestion_dag.fetch_data scheduled__2025-01-03T00:00:00+00:00 [queued]>
[2025-02-27T14:55:05.618+0000] {taskinstance.py:1359} INFO - Starting attempt 1 of 1
[2025-02-27T14:55:05.796+0000] {taskinstance.py:1380} INFO - Executing <Task(PythonOperator): fetch_data> on 2025-01-03 00:00:00+00:00
[2025-02-27T14:55:05.871+0000] {standard_task_runner.py:57} INFO - Started process 216 to run task
[2025-02-27T14:55:06.064+0000] {standard_task_runner.py:84} INFO - Running: ['***', 'tasks', 'run', 'yfinance_ingestion_dag', 'fetch_data', 'scheduled__2025-01-03T00:00:00+00:00', '--job-id', '6', '--raw', '--subdir', 'DAGS_FOLDER/pipeline.py', '--cfg-path', '/tmp/tmpwkt_ulme']
[2025-02-27T14:55:06.131+0000] {standard_task_runner.py:85} INFO - Job 6: Subtask fetch_data
[2025-02-27T14:55:06.431+0000] {task_command.py:415} INFO - Running <TaskInstance: yfinance_ingestion_dag.fetch_data scheduled__2025-01-03T00:00:00+00:00 [running]> on host a71f042480b6
[2025-02-27T14:55:06.879+0000] {taskinstance.py:1660} INFO - Exporting env vars: AIRFLOW_CTX_DAG_OWNER='etudiant' AIRFLOW_CTX_DAG_ID='yfinance_ingestion_dag' AIRFLOW_CTX_TASK_ID='fetch_data' AIRFLOW_CTX_EXECUTION_DATE='2025-01-03T00:00:00+00:00' AIRFLOW_CTX_TRY_NUMBER='1' AIRFLOW_CTX_DAG_RUN_ID='scheduled__2025-01-03T00:00:00+00:00'
[2025-02-27T14:55:06.963+0000] {logging_mixin.py:151} INFO - Erreur lors de la récupération de BTC-USD: database is locked
[2025-02-27T14:55:09.666+0000] {logging_mixin.py:151} INFO - [
    {
        "datetime": "2025-02-26T14:00:00.000Z",
        "open_price": 2414.09326171875,
        "high_price": 2429.480712890625,
        "low_price": 2370.431396484375,
        "close_price": 2427.158447265625,
        "volume": 0,
        "coin": "ETH"
    },
    {
        "datetime": "2025-02-26T15:00:00.000Z",
        "open_price": 2432.78662109375,
        "high_price": 2457.0185546875,
        "low_price": 2425.753662109375,
        "close_price": 2425.753662109375,
        "volume": 0,
        "coin": "ETH"
    },
    {
        "datetime": "2025-02-26T16:00:00.000Z",
        "open_price": 2426.072021484375,
        "high_price": 2428.357666015625,
        "low_price": 2386.56201171875,
        "close_price": 2396.559814453125,
        "volume": 0,
        "coin": "ETH"
    },
    {
        "datetime": "2025-02-26T17:00:00.000Z",
        "open_price": 2395.13525390625,
        "high_price": 2403.67578125,
        "low_price": 2356.054931640625,
        "close_price": 2356.054931640625,
        "volume": 0,
        "coin": "ETH"
    },
    {
        "datetime": "2025-02-26T18:00:00.000Z",
        "open_price": 2373.170654296875,
        "high_price": 2374.824462890625,
        "low_price": 2280.599365234375,
        "close_price": 2286.009033203125,
        "volume": 1601789952,
        "coin": "ETH"
    }
]
[2025-02-27T14:55:09.796+0000] {python.py:194} INFO - Done. Returned value was: None
[2025-02-27T14:55:09.845+0000] {taskinstance.py:1398} INFO - Marking task as SUCCESS. dag_id=yfinance_ingestion_dag, task_id=fetch_data, execution_date=20250103T000000, start_date=20250227T145505, end_date=20250227T145509
[2025-02-27T14:55:09.999+0000] {local_task_job_runner.py:228} INFO - Task exited with return code 0
[2025-02-27T14:55:10.412+0000] {taskinstance.py:2776} INFO - 0 downstream tasks scheduled from follow-on schedule check
