[2025-02-26T20:39:23.414+0000] {taskinstance.py:1159} INFO - Dependencies all met for dep_context=non-requeueable deps ti=<TaskInstance: yfinance_ingestion_dag.run_mapreduce scheduled__2025-01-27T00:00:00+00:00 [queued]>
[2025-02-26T20:39:23.464+0000] {taskinstance.py:1159} INFO - Dependencies all met for dep_context=requeueable deps ti=<TaskInstance: yfinance_ingestion_dag.run_mapreduce scheduled__2025-01-27T00:00:00+00:00 [queued]>
[2025-02-26T20:39:23.465+0000] {taskinstance.py:1361} INFO - Starting attempt 1 of 2
[2025-02-26T20:39:23.578+0000] {taskinstance.py:1382} INFO - Executing <Task(BashOperator): run_mapreduce> on 2025-01-27 00:00:00+00:00
[2025-02-26T20:39:23.590+0000] {standard_task_runner.py:57} INFO - Started process 915 to run task
[2025-02-26T20:39:23.610+0000] {standard_task_runner.py:84} INFO - Running: ['***', 'tasks', 'run', 'yfinance_ingestion_dag', 'run_mapreduce', 'scheduled__2025-01-27T00:00:00+00:00', '--job-id', '259', '--raw', '--subdir', 'DAGS_FOLDER/pipeline.py', '--cfg-path', '/tmp/tmp_31d3l7v']
[2025-02-26T20:39:23.619+0000] {standard_task_runner.py:85} INFO - Job 259: Subtask run_mapreduce
[2025-02-26T20:39:23.797+0000] {task_command.py:415} INFO - Running <TaskInstance: yfinance_ingestion_dag.run_mapreduce scheduled__2025-01-27T00:00:00+00:00 [running]> on host 3c0faf52b292
[2025-02-26T20:39:24.085+0000] {taskinstance.py:1660} INFO - Exporting env vars: AIRFLOW_CTX_DAG_OWNER='etudiant' AIRFLOW_CTX_DAG_ID='yfinance_ingestion_dag' AIRFLOW_CTX_TASK_ID='run_mapreduce' AIRFLOW_CTX_EXECUTION_DATE='2025-01-27T00:00:00+00:00' AIRFLOW_CTX_TRY_NUMBER='1' AIRFLOW_CTX_DAG_RUN_ID='scheduled__2025-01-27T00:00:00+00:00'
[2025-02-26T20:39:24.091+0000] {subprocess.py:63} INFO - Tmp dir root location: /tmp
[2025-02-26T20:39:24.098+0000] {subprocess.py:75} INFO - Running command: ['/bin/bash', '-c', '\n        docker exec -i -u root namenode bash -c \'         cd /tmp &&         cp /mnt/hadoop_data/mapreduce/mapper.py . &&         cp /mnt/hadoop_data/mapreduce/reducer.py . &&         chmod +x mapper.py reducer.py &&         hdfs dfs -rm -r hdfs:///user/etudiant/crypto/processed/YYYY=2025/MM=01/DD=27 || true &&         hadoop jar /opt/hadoop-3.2.1/share/hadoop/tools/lib/hadoop-streaming-3.2.1.jar         -files mapper.py,reducer.py         -mapper "python mapper.py"         -reducer "python reducer.py"         -input hdfs:///user/etudiant/crypto/raw/YYYY=2025/MM=01/DD=27/yfinance_raw.json         -output hdfs:///user/etudiant/crypto/processed/YYYY=2025/MM=01/DD=27\'\n        ']
[2025-02-26T20:39:24.135+0000] {subprocess.py:86} INFO - Output:
[2025-02-26T20:39:24.245+0000] {subprocess.py:93} INFO - Error response from daemon: container c068416616c3addcfecdcedaa4e27c1031cda688b8569312fe1d8d0a7228e11e is not running
[2025-02-26T20:39:24.251+0000] {subprocess.py:97} INFO - Command exited with return code 1
[2025-02-26T20:39:24.278+0000] {taskinstance.py:1943} ERROR - Task failed with exception
Traceback (most recent call last):
  File "/home/airflow/.local/lib/python3.8/site-packages/airflow/operators/bash.py", line 210, in execute
    raise AirflowException(
airflow.exceptions.AirflowException: Bash command failed. The command returned a non-zero exit code 1.
[2025-02-26T20:39:24.286+0000] {taskinstance.py:1400} INFO - Marking task as UP_FOR_RETRY. dag_id=yfinance_ingestion_dag, task_id=run_mapreduce, execution_date=20250127T000000, start_date=20250226T203923, end_date=20250226T203924
[2025-02-26T20:39:24.316+0000] {standard_task_runner.py:104} ERROR - Failed to execute job 259 for task run_mapreduce (Bash command failed. The command returned a non-zero exit code 1.; 915)
[2025-02-26T20:39:24.337+0000] {local_task_job_runner.py:228} INFO - Task exited with return code 1
[2025-02-26T20:39:24.464+0000] {taskinstance.py:2784} INFO - 0 downstream tasks scheduled from follow-on schedule check
[2025-02-26T20:43:34.984+0000] {taskinstance.py:1159} INFO - Dependencies all met for dep_context=non-requeueable deps ti=<TaskInstance: yfinance_ingestion_dag.run_mapreduce scheduled__2025-01-27T00:00:00+00:00 [queued]>
[2025-02-26T20:43:35.000+0000] {taskinstance.py:1159} INFO - Dependencies all met for dep_context=requeueable deps ti=<TaskInstance: yfinance_ingestion_dag.run_mapreduce scheduled__2025-01-27T00:00:00+00:00 [queued]>
[2025-02-26T20:43:35.001+0000] {taskinstance.py:1361} INFO - Starting attempt 1 of 2
[2025-02-26T20:43:35.025+0000] {taskinstance.py:1382} INFO - Executing <Task(BashOperator): run_mapreduce> on 2025-01-27 00:00:00+00:00
[2025-02-26T20:43:35.035+0000] {standard_task_runner.py:57} INFO - Started process 2121 to run task
[2025-02-26T20:43:35.040+0000] {standard_task_runner.py:84} INFO - Running: ['***', 'tasks', 'run', 'yfinance_ingestion_dag', 'run_mapreduce', 'scheduled__2025-01-27T00:00:00+00:00', '--job-id', '349', '--raw', '--subdir', 'DAGS_FOLDER/pipeline.py', '--cfg-path', '/tmp/tmpwbiagsp8']
[2025-02-26T20:43:35.044+0000] {standard_task_runner.py:85} INFO - Job 349: Subtask run_mapreduce
[2025-02-26T20:43:35.115+0000] {task_command.py:415} INFO - Running <TaskInstance: yfinance_ingestion_dag.run_mapreduce scheduled__2025-01-27T00:00:00+00:00 [running]> on host 3c0faf52b292
[2025-02-26T20:43:35.247+0000] {taskinstance.py:1660} INFO - Exporting env vars: AIRFLOW_CTX_DAG_OWNER='etudiant' AIRFLOW_CTX_DAG_ID='yfinance_ingestion_dag' AIRFLOW_CTX_TASK_ID='run_mapreduce' AIRFLOW_CTX_EXECUTION_DATE='2025-01-27T00:00:00+00:00' AIRFLOW_CTX_TRY_NUMBER='1' AIRFLOW_CTX_DAG_RUN_ID='scheduled__2025-01-27T00:00:00+00:00'
[2025-02-26T20:43:35.250+0000] {subprocess.py:63} INFO - Tmp dir root location: /tmp
[2025-02-26T20:43:35.253+0000] {subprocess.py:75} INFO - Running command: ['/bin/bash', '-c', '\n        docker exec -i -u root namenode bash -c \'         cd /tmp &&         cp /mnt/hadoop_data/mapreduce/mapper.py . &&         cp /mnt/hadoop_data/mapreduce/reducer.py . &&         chmod +x mapper.py reducer.py &&         hdfs dfs -rm -r hdfs:///user/etudiant/crypto/processed/YYYY=2025/MM=01/DD=27 || true &&         hadoop jar /opt/hadoop-3.2.1/share/hadoop/tools/lib/hadoop-streaming-3.2.1.jar         -files mapper.py,reducer.py         -mapper "python mapper.py"         -reducer "python reducer.py"         -input hdfs:///user/etudiant/crypto/raw/YYYY=2025/MM=01/DD=27/yfinance_raw.json         -output hdfs:///user/etudiant/crypto/processed/YYYY=2025/MM=01/DD=27\'\n        ']
[2025-02-26T20:43:35.272+0000] {subprocess.py:86} INFO - Output:
[2025-02-26T20:43:37.246+0000] {subprocess.py:93} INFO - rm: `hdfs:///user/etudiant/crypto/processed/YYYY=2025/MM=01/DD=27': No such file or directory
[2025-02-26T20:43:41.018+0000] {subprocess.py:93} INFO - 2025-02-26 20:43:41,011 INFO impl.MetricsConfig: Loaded properties from hadoop-metrics2.properties
[2025-02-26T20:43:41.115+0000] {subprocess.py:93} INFO - 2025-02-26 20:43:41,113 INFO impl.MetricsSystemImpl: Scheduled Metric snapshot period at 10 second(s).
[2025-02-26T20:43:41.116+0000] {subprocess.py:93} INFO - 2025-02-26 20:43:41,113 INFO impl.MetricsSystemImpl: JobTracker metrics system started
[2025-02-26T20:43:41.141+0000] {subprocess.py:93} INFO - 2025-02-26 20:43:41,138 WARN impl.MetricsSystemImpl: JobTracker metrics system already initialized!
[2025-02-26T20:43:41.827+0000] {subprocess.py:93} INFO - 2025-02-26 20:43:41,826 INFO mapred.FileInputFormat: Total input files to process : 1
[2025-02-26T20:43:41.883+0000] {subprocess.py:93} INFO - 2025-02-26 20:43:41,882 INFO mapreduce.JobSubmitter: number of splits:1
[2025-02-26T20:43:42.112+0000] {subprocess.py:93} INFO - 2025-02-26 20:43:42,108 INFO mapreduce.JobSubmitter: Submitting tokens for job: job_local336847137_0001
[2025-02-26T20:43:42.113+0000] {subprocess.py:93} INFO - 2025-02-26 20:43:42,109 INFO mapreduce.JobSubmitter: Executing with tokens: []
[2025-02-26T20:43:42.544+0000] {subprocess.py:93} INFO - 2025-02-26 20:43:42,543 INFO mapred.LocalDistributedCacheManager: Localized file:/tmp/mapper.py as file:/tmp/hadoop-root/mapred/local/job_local336847137_0001_e2e1a635-c392-49da-a494-6e28949cd26a/mapper.py
[2025-02-26T20:43:42.614+0000] {subprocess.py:93} INFO - 2025-02-26 20:43:42,608 INFO mapred.LocalDistributedCacheManager: Localized file:/tmp/reducer.py as file:/tmp/hadoop-root/mapred/local/job_local336847137_0001_27f2f593-501d-44db-b23f-bdfc9a0b3dfb/reducer.py
[2025-02-26T20:43:42.848+0000] {subprocess.py:93} INFO - 2025-02-26 20:43:42,847 INFO mapred.LocalJobRunner: OutputCommitter set in config null
[2025-02-26T20:43:42.851+0000] {subprocess.py:93} INFO - 2025-02-26 20:43:42,849 INFO mapreduce.Job: The url to track the job: http://localhost:8080/
[2025-02-26T20:43:42.859+0000] {subprocess.py:93} INFO - 2025-02-26 20:43:42,852 INFO mapreduce.Job: Running job: job_local336847137_0001
[2025-02-26T20:43:42.860+0000] {subprocess.py:93} INFO - 2025-02-26 20:43:42,853 INFO mapred.LocalJobRunner: OutputCommitter is org.apache.hadoop.mapred.FileOutputCommitter
[2025-02-26T20:43:42.872+0000] {subprocess.py:93} INFO - 2025-02-26 20:43:42,870 INFO output.FileOutputCommitter: File Output Committer Algorithm version is 2
[2025-02-26T20:43:42.874+0000] {subprocess.py:93} INFO - 2025-02-26 20:43:42,871 INFO output.FileOutputCommitter: FileOutputCommitter skip cleanup _temporary folders under output directory:false, ignore cleanup failures: false
[2025-02-26T20:43:42.980+0000] {subprocess.py:93} INFO - 2025-02-26 20:43:42,977 INFO mapred.LocalJobRunner: Waiting for map tasks
[2025-02-26T20:43:42.987+0000] {subprocess.py:93} INFO - 2025-02-26 20:43:42,985 INFO mapred.LocalJobRunner: Starting task: attempt_local336847137_0001_m_000000_0
[2025-02-26T20:43:43.066+0000] {subprocess.py:93} INFO - 2025-02-26 20:43:43,058 INFO output.FileOutputCommitter: File Output Committer Algorithm version is 2
[2025-02-26T20:43:43.067+0000] {subprocess.py:93} INFO - 2025-02-26 20:43:43,059 INFO output.FileOutputCommitter: FileOutputCommitter skip cleanup _temporary folders under output directory:false, ignore cleanup failures: false
[2025-02-26T20:43:43.104+0000] {subprocess.py:93} INFO - 2025-02-26 20:43:43,102 INFO mapred.Task:  Using ResourceCalculatorProcessTree : [ ]
[2025-02-26T20:43:43.124+0000] {subprocess.py:93} INFO - 2025-02-26 20:43:43,122 INFO mapred.MapTask: Processing split: hdfs://namenode:9000/user/etudiant/crypto/raw/YYYY=2025/MM=01/DD=27/yfinance_raw.json:0+19764
[2025-02-26T20:43:43.165+0000] {subprocess.py:93} INFO - 2025-02-26 20:43:43,163 INFO mapred.MapTask: numReduceTasks: 1
[2025-02-26T20:43:43.246+0000] {subprocess.py:93} INFO - 2025-02-26 20:43:43,236 INFO mapred.MapTask: (EQUATOR) 0 kvi 26214396(104857584)
[2025-02-26T20:43:43.246+0000] {subprocess.py:93} INFO - 2025-02-26 20:43:43,236 INFO mapred.MapTask: mapreduce.task.io.sort.mb: 100
[2025-02-26T20:43:43.247+0000] {subprocess.py:93} INFO - 2025-02-26 20:43:43,236 INFO mapred.MapTask: soft limit at 83886080
[2025-02-26T20:43:43.248+0000] {subprocess.py:93} INFO - 2025-02-26 20:43:43,236 INFO mapred.MapTask: bufstart = 0; bufvoid = 104857600
[2025-02-26T20:43:43.249+0000] {subprocess.py:93} INFO - 2025-02-26 20:43:43,236 INFO mapred.MapTask: kvstart = 26214396; length = 6553600
[2025-02-26T20:43:43.265+0000] {subprocess.py:93} INFO - 2025-02-26 20:43:43,251 INFO mapred.MapTask: Map output collector class = org.apache.hadoop.mapred.MapTask$MapOutputBuffer
[2025-02-26T20:43:43.280+0000] {subprocess.py:93} INFO - 2025-02-26 20:43:43,276 INFO streaming.PipeMapRed: PipeMapRed exec [/usr/bin/python, mapper.py]
[2025-02-26T20:43:43.297+0000] {subprocess.py:93} INFO - 2025-02-26 20:43:43,291 INFO Configuration.deprecation: mapred.work.output.dir is deprecated. Instead, use mapreduce.task.output.dir
[2025-02-26T20:43:43.298+0000] {subprocess.py:93} INFO - 2025-02-26 20:43:43,292 INFO Configuration.deprecation: map.input.start is deprecated. Instead, use mapreduce.map.input.start
[2025-02-26T20:43:43.299+0000] {subprocess.py:93} INFO - 2025-02-26 20:43:43,293 INFO Configuration.deprecation: mapred.task.is.map is deprecated. Instead, use mapreduce.task.ismap
[2025-02-26T20:43:43.300+0000] {subprocess.py:93} INFO - 2025-02-26 20:43:43,294 INFO Configuration.deprecation: mapred.task.id is deprecated. Instead, use mapreduce.task.attempt.id
[2025-02-26T20:43:43.318+0000] {subprocess.py:93} INFO - 2025-02-26 20:43:43,303 INFO Configuration.deprecation: mapred.tip.id is deprecated. Instead, use mapreduce.task.id
[2025-02-26T20:43:43.320+0000] {subprocess.py:93} INFO - 2025-02-26 20:43:43,306 INFO Configuration.deprecation: mapred.local.dir is deprecated. Instead, use mapreduce.cluster.local.dir
[2025-02-26T20:43:43.328+0000] {subprocess.py:93} INFO - 2025-02-26 20:43:43,306 INFO Configuration.deprecation: map.input.file is deprecated. Instead, use mapreduce.map.input.file
[2025-02-26T20:43:43.332+0000] {subprocess.py:93} INFO - 2025-02-26 20:43:43,307 INFO Configuration.deprecation: mapred.skip.on is deprecated. Instead, use mapreduce.job.skiprecords
[2025-02-26T20:43:43.333+0000] {subprocess.py:93} INFO - 2025-02-26 20:43:43,308 INFO Configuration.deprecation: map.input.length is deprecated. Instead, use mapreduce.map.input.length
[2025-02-26T20:43:43.334+0000] {subprocess.py:93} INFO - 2025-02-26 20:43:43,310 INFO Configuration.deprecation: mapred.job.id is deprecated. Instead, use mapreduce.job.id
[2025-02-26T20:43:43.334+0000] {subprocess.py:93} INFO - 2025-02-26 20:43:43,310 INFO Configuration.deprecation: user.name is deprecated. Instead, use mapreduce.job.user.name
[2025-02-26T20:43:43.336+0000] {subprocess.py:93} INFO - 2025-02-26 20:43:43,311 INFO Configuration.deprecation: mapred.task.partition is deprecated. Instead, use mapreduce.task.partition
[2025-02-26T20:43:43.434+0000] {subprocess.py:93} INFO - 2025-02-26 20:43:43,432 INFO sasl.SaslDataTransferClient: SASL encryption trust check: localHostTrusted = false, remoteHostTrusted = false
[2025-02-26T20:43:43.661+0000] {subprocess.py:93} INFO - 2025-02-26 20:43:43,658 INFO streaming.PipeMapRed: R/W/S=1/0/0 in:NA [rec/s] out:NA [rec/s]
[2025-02-26T20:43:43.664+0000] {subprocess.py:93} INFO - 2025-02-26 20:43:43,658 INFO streaming.PipeMapRed: R/W/S=10/0/0 in:NA [rec/s] out:NA [rec/s]
[2025-02-26T20:43:43.681+0000] {subprocess.py:93} INFO - 2025-02-26 20:43:43,660 INFO streaming.PipeMapRed: R/W/S=100/0/0 in:NA [rec/s] out:NA [rec/s]
[2025-02-26T20:43:43.698+0000] {subprocess.py:93} INFO - 2025-02-26 20:43:43,695 INFO streaming.PipeMapRed: MRErrorThread done
[2025-02-26T20:43:43.704+0000] {subprocess.py:93} INFO - 2025-02-26 20:43:43,702 INFO streaming.PipeMapRed: mapRedFinished
[2025-02-26T20:43:43.734+0000] {subprocess.py:93} INFO - 2025-02-26 20:43:43,719 INFO mapred.LocalJobRunner:
[2025-02-26T20:43:43.736+0000] {subprocess.py:93} INFO - 2025-02-26 20:43:43,720 INFO mapred.MapTask: Starting flush of map output
[2025-02-26T20:43:43.811+0000] {subprocess.py:93} INFO - 2025-02-26 20:43:43,799 INFO mapred.Task: Task:attempt_local336847137_0001_m_000000_0 is done. And is in the process of committing
[2025-02-26T20:43:43.840+0000] {subprocess.py:93} INFO - 2025-02-26 20:43:43,834 INFO mapred.LocalJobRunner: hdfs://namenode:9000/user/etudiant/crypto/raw/YYYY=2025/MM=01/DD=27/yfinance_raw.json:0+19764
[2025-02-26T20:43:43.841+0000] {subprocess.py:93} INFO - 2025-02-26 20:43:43,834 INFO mapred.Task: Task 'attempt_local336847137_0001_m_000000_0' done.
[2025-02-26T20:43:43.859+0000] {subprocess.py:93} INFO - 2025-02-26 20:43:43,858 INFO mapred.Task: Final Counters for attempt_local336847137_0001_m_000000_0: Counters: 23
[2025-02-26T20:43:43.861+0000] {subprocess.py:93} INFO - 	File System Counters
[2025-02-26T20:43:43.866+0000] {subprocess.py:93} INFO - 		FILE: Number of bytes read=180665
[2025-02-26T20:43:43.868+0000] {subprocess.py:93} INFO - 		FILE: Number of bytes written=709713
[2025-02-26T20:43:43.870+0000] {subprocess.py:93} INFO - 		FILE: Number of read operations=0
[2025-02-26T20:43:43.871+0000] {subprocess.py:93} INFO - 		FILE: Number of large read operations=0
[2025-02-26T20:43:43.872+0000] {subprocess.py:93} INFO - 		FILE: Number of write operations=0
[2025-02-26T20:43:43.873+0000] {subprocess.py:93} INFO - 		HDFS: Number of bytes read=19764
[2025-02-26T20:43:43.873+0000] {subprocess.py:93} INFO - 		HDFS: Number of bytes written=0
[2025-02-26T20:43:43.877+0000] {subprocess.py:93} INFO - 		HDFS: Number of read operations=5
[2025-02-26T20:43:43.879+0000] {subprocess.py:93} INFO - 		HDFS: Number of large read operations=0
[2025-02-26T20:43:43.880+0000] {subprocess.py:93} INFO - 		HDFS: Number of write operations=1
[2025-02-26T20:43:43.889+0000] {subprocess.py:93} INFO - 		HDFS: Number of bytes read erasure-coded=0
[2025-02-26T20:43:43.894+0000] {subprocess.py:93} INFO - 	Map-Reduce Framework
[2025-02-26T20:43:43.899+0000] {subprocess.py:93} INFO - 		Map input records=677
[2025-02-26T20:43:43.905+0000] {subprocess.py:93} INFO - 		Map output records=0
[2025-02-26T20:43:43.908+0000] {subprocess.py:93} INFO - 		Map output bytes=0
[2025-02-26T20:43:43.909+0000] {subprocess.py:93} INFO - 		Map output materialized bytes=6
[2025-02-26T20:43:43.911+0000] {subprocess.py:93} INFO - 		Input split bytes=137
[2025-02-26T20:43:43.914+0000] {subprocess.py:93} INFO - 		Combine input records=0
[2025-02-26T20:43:43.918+0000] {subprocess.py:93} INFO - 		Spilled Records=0
[2025-02-26T20:43:43.919+0000] {subprocess.py:93} INFO - 		Failed Shuffles=0
[2025-02-26T20:43:43.920+0000] {subprocess.py:93} INFO - 		Merged Map outputs=0
[2025-02-26T20:43:43.921+0000] {subprocess.py:93} INFO - 		GC time elapsed (ms)=0
[2025-02-26T20:43:43.921+0000] {subprocess.py:93} INFO - 		Total committed heap usage (bytes)=277872640
[2025-02-26T20:43:43.922+0000] {subprocess.py:93} INFO - 	File Input Format Counters
[2025-02-26T20:43:43.922+0000] {subprocess.py:93} INFO - 		Bytes Read=19764
[2025-02-26T20:43:43.923+0000] {subprocess.py:93} INFO - 2025-02-26 20:43:43,858 INFO mapred.LocalJobRunner: Finishing task: attempt_local336847137_0001_m_000000_0
[2025-02-26T20:43:43.924+0000] {subprocess.py:93} INFO - 2025-02-26 20:43:43,860 INFO mapred.LocalJobRunner: map task executor complete.
[2025-02-26T20:43:43.924+0000] {subprocess.py:93} INFO - 2025-02-26 20:43:43,867 INFO mapreduce.Job: Job job_local336847137_0001 running in uber mode : false
[2025-02-26T20:43:43.925+0000] {subprocess.py:93} INFO - 2025-02-26 20:43:43,869 INFO mapreduce.Job:  map 100% reduce 0%
[2025-02-26T20:43:43.925+0000] {subprocess.py:93} INFO - 2025-02-26 20:43:43,875 INFO mapred.LocalJobRunner: Waiting for reduce tasks
[2025-02-26T20:43:43.947+0000] {subprocess.py:93} INFO - 2025-02-26 20:43:43,943 INFO mapred.LocalJobRunner: Starting task: attempt_local336847137_0001_r_000000_0
[2025-02-26T20:43:44.004+0000] {subprocess.py:93} INFO - 2025-02-26 20:43:43,992 INFO output.FileOutputCommitter: File Output Committer Algorithm version is 2
[2025-02-26T20:43:44.017+0000] {subprocess.py:93} INFO - 2025-02-26 20:43:43,992 INFO output.FileOutputCommitter: FileOutputCommitter skip cleanup _temporary folders under output directory:false, ignore cleanup failures: false
[2025-02-26T20:43:44.028+0000] {subprocess.py:93} INFO - 2025-02-26 20:43:43,993 INFO mapred.Task:  Using ResourceCalculatorProcessTree : [ ]
[2025-02-26T20:43:44.044+0000] {subprocess.py:93} INFO - 2025-02-26 20:43:44,007 INFO mapred.ReduceTask: Using ShuffleConsumerPlugin: org.apache.hadoop.mapreduce.task.reduce.Shuffle@350328e3
[2025-02-26T20:43:44.045+0000] {subprocess.py:93} INFO - 2025-02-26 20:43:44,021 WARN impl.MetricsSystemImpl: JobTracker metrics system already initialized!
[2025-02-26T20:43:44.144+0000] {subprocess.py:93} INFO - 2025-02-26 20:43:44,142 INFO reduce.MergeManagerImpl: MergerManager: memoryLimit=668309888, maxSingleShuffleLimit=167077472, mergeThreshold=441084544, ioSortFactor=10, memToMemMergeOutputsThreshold=10
[2025-02-26T20:43:44.173+0000] {subprocess.py:93} INFO - 2025-02-26 20:43:44,170 INFO reduce.EventFetcher: attempt_local336847137_0001_r_000000_0 Thread started: EventFetcher for fetching Map Completion Events
[2025-02-26T20:43:44.264+0000] {subprocess.py:93} INFO - 2025-02-26 20:43:44,251 INFO reduce.LocalFetcher: localfetcher#1 about to shuffle output of map attempt_local336847137_0001_m_000000_0 decomp: 2 len: 6 to MEMORY
[2025-02-26T20:43:44.272+0000] {subprocess.py:93} INFO - 2025-02-26 20:43:44,267 INFO reduce.InMemoryMapOutput: Read 2 bytes from map-output for attempt_local336847137_0001_m_000000_0
[2025-02-26T20:43:44.279+0000] {subprocess.py:93} INFO - 2025-02-26 20:43:44,272 INFO reduce.MergeManagerImpl: closeInMemoryFile -> map-output of size: 2, inMemoryMapOutputs.size() -> 1, commitMemory -> 0, usedMemory ->2
[2025-02-26T20:43:44.282+0000] {subprocess.py:93} INFO - 2025-02-26 20:43:44,279 INFO reduce.EventFetcher: EventFetcher is interrupted.. Returning
[2025-02-26T20:43:44.283+0000] {subprocess.py:93} INFO - 2025-02-26 20:43:44,281 INFO mapred.LocalJobRunner: 1 / 1 copied.
[2025-02-26T20:43:44.285+0000] {subprocess.py:93} INFO - 2025-02-26 20:43:44,282 INFO reduce.MergeManagerImpl: finalMerge called with 1 in-memory map-outputs and 0 on-disk map-outputs
[2025-02-26T20:43:44.306+0000] {subprocess.py:93} INFO - 2025-02-26 20:43:44,304 INFO mapred.Merger: Merging 1 sorted segments
[2025-02-26T20:43:44.307+0000] {subprocess.py:93} INFO - 2025-02-26 20:43:44,305 INFO mapred.Merger: Down to the last merge-pass, with 0 segments left of total size: 0 bytes
[2025-02-26T20:43:44.309+0000] {subprocess.py:93} INFO - 2025-02-26 20:43:44,307 INFO reduce.MergeManagerImpl: Merged 1 segments, 2 bytes to disk to satisfy reduce memory limit
[2025-02-26T20:43:44.310+0000] {subprocess.py:93} INFO - 2025-02-26 20:43:44,309 INFO reduce.MergeManagerImpl: Merging 1 files, 6 bytes from disk
[2025-02-26T20:43:44.313+0000] {subprocess.py:93} INFO - 2025-02-26 20:43:44,312 INFO reduce.MergeManagerImpl: Merging 0 segments, 0 bytes from memory into reduce
[2025-02-26T20:43:44.315+0000] {subprocess.py:93} INFO - 2025-02-26 20:43:44,312 INFO mapred.Merger: Merging 1 sorted segments
[2025-02-26T20:43:44.318+0000] {subprocess.py:93} INFO - 2025-02-26 20:43:44,315 INFO mapred.Merger: Down to the last merge-pass, with 0 segments left of total size: 0 bytes
[2025-02-26T20:43:44.319+0000] {subprocess.py:93} INFO - 2025-02-26 20:43:44,316 INFO mapred.LocalJobRunner: 1 / 1 copied.
[2025-02-26T20:43:44.349+0000] {subprocess.py:93} INFO - 2025-02-26 20:43:44,342 INFO streaming.PipeMapRed: PipeMapRed exec [/usr/bin/python, reducer.py]
[2025-02-26T20:43:44.359+0000] {subprocess.py:93} INFO - 2025-02-26 20:43:44,352 INFO Configuration.deprecation: mapred.job.tracker is deprecated. Instead, use mapreduce.jobtracker.address
[2025-02-26T20:43:44.363+0000] {subprocess.py:93} INFO - 2025-02-26 20:43:44,355 INFO Configuration.deprecation: mapred.map.tasks is deprecated. Instead, use mapreduce.job.maps
[2025-02-26T20:43:44.450+0000] {subprocess.py:93} INFO - 2025-02-26 20:43:44,447 INFO streaming.PipeMapRed: MRErrorThread done
[2025-02-26T20:43:44.451+0000] {subprocess.py:93} INFO - 2025-02-26 20:43:44,448 INFO streaming.PipeMapRed: mapRedFinished
[2025-02-26T20:43:44.467+0000] {subprocess.py:93} INFO - 2025-02-26 20:43:44,464 INFO mapred.Task: Task:attempt_local336847137_0001_r_000000_0 is done. And is in the process of committing
[2025-02-26T20:43:44.479+0000] {subprocess.py:93} INFO - 2025-02-26 20:43:44,476 INFO mapred.LocalJobRunner: 1 / 1 copied.
[2025-02-26T20:43:44.481+0000] {subprocess.py:93} INFO - 2025-02-26 20:43:44,476 INFO mapred.Task: Task attempt_local336847137_0001_r_000000_0 is allowed to commit now
[2025-02-26T20:43:44.521+0000] {subprocess.py:93} INFO - 2025-02-26 20:43:44,520 INFO output.FileOutputCommitter: Saved output of task 'attempt_local336847137_0001_r_000000_0' to hdfs://namenode:9000/user/etudiant/crypto/processed/YYYY=2025/MM=01/DD=27
[2025-02-26T20:43:44.523+0000] {subprocess.py:93} INFO - 2025-02-26 20:43:44,522 INFO mapred.LocalJobRunner: reduce > reduce
[2025-02-26T20:43:44.525+0000] {subprocess.py:93} INFO - 2025-02-26 20:43:44,523 INFO mapred.Task: Task 'attempt_local336847137_0001_r_000000_0' done.
[2025-02-26T20:43:44.527+0000] {subprocess.py:93} INFO - 2025-02-26 20:43:44,526 INFO mapred.Task: Final Counters for attempt_local336847137_0001_r_000000_0: Counters: 30
[2025-02-26T20:43:44.529+0000] {subprocess.py:93} INFO - 	File System Counters
[2025-02-26T20:43:44.530+0000] {subprocess.py:93} INFO - 		FILE: Number of bytes read=180709
[2025-02-26T20:43:44.531+0000] {subprocess.py:93} INFO - 		FILE: Number of bytes written=709719
[2025-02-26T20:43:44.532+0000] {subprocess.py:93} INFO - 		FILE: Number of read operations=0
[2025-02-26T20:43:44.533+0000] {subprocess.py:93} INFO - 		FILE: Number of large read operations=0
[2025-02-26T20:43:44.533+0000] {subprocess.py:93} INFO - 		FILE: Number of write operations=0
[2025-02-26T20:43:44.534+0000] {subprocess.py:93} INFO - 		HDFS: Number of bytes read=19764
[2025-02-26T20:43:44.534+0000] {subprocess.py:93} INFO - 		HDFS: Number of bytes written=0
[2025-02-26T20:43:44.535+0000] {subprocess.py:93} INFO - 		HDFS: Number of read operations=10
[2025-02-26T20:43:44.536+0000] {subprocess.py:93} INFO - 		HDFS: Number of large read operations=0
[2025-02-26T20:43:44.536+0000] {subprocess.py:93} INFO - 		HDFS: Number of write operations=3
[2025-02-26T20:43:44.537+0000] {subprocess.py:93} INFO - 		HDFS: Number of bytes read erasure-coded=0
[2025-02-26T20:43:44.537+0000] {subprocess.py:93} INFO - 	Map-Reduce Framework
[2025-02-26T20:43:44.538+0000] {subprocess.py:93} INFO - 		Combine input records=0
[2025-02-26T20:43:44.538+0000] {subprocess.py:93} INFO - 		Combine output records=0
[2025-02-26T20:43:44.539+0000] {subprocess.py:93} INFO - 		Reduce input groups=0
[2025-02-26T20:43:44.540+0000] {subprocess.py:93} INFO - 		Reduce shuffle bytes=6
[2025-02-26T20:43:44.540+0000] {subprocess.py:93} INFO - 		Reduce input records=0
[2025-02-26T20:43:44.541+0000] {subprocess.py:93} INFO - 		Reduce output records=0
[2025-02-26T20:43:44.541+0000] {subprocess.py:93} INFO - 		Spilled Records=0
[2025-02-26T20:43:44.542+0000] {subprocess.py:93} INFO - 		Shuffled Maps =1
[2025-02-26T20:43:44.543+0000] {subprocess.py:93} INFO - 		Failed Shuffles=0
[2025-02-26T20:43:44.544+0000] {subprocess.py:93} INFO - 		Merged Map outputs=1
[2025-02-26T20:43:44.544+0000] {subprocess.py:93} INFO - 		GC time elapsed (ms)=0
[2025-02-26T20:43:44.545+0000] {subprocess.py:93} INFO - 		Total committed heap usage (bytes)=278921216
[2025-02-26T20:43:44.546+0000] {subprocess.py:93} INFO - 	Shuffle Errors
[2025-02-26T20:43:44.549+0000] {subprocess.py:93} INFO - 		BAD_ID=0
[2025-02-26T20:43:44.553+0000] {subprocess.py:93} INFO - 		CONNECTION=0
[2025-02-26T20:43:44.556+0000] {subprocess.py:93} INFO - 		IO_ERROR=0
[2025-02-26T20:43:44.557+0000] {subprocess.py:93} INFO - 		WRONG_LENGTH=0
[2025-02-26T20:43:44.558+0000] {subprocess.py:93} INFO - 		WRONG_MAP=0
[2025-02-26T20:43:44.559+0000] {subprocess.py:93} INFO - 		WRONG_REDUCE=0
[2025-02-26T20:43:44.560+0000] {subprocess.py:93} INFO - 	File Output Format Counters
[2025-02-26T20:43:44.561+0000] {subprocess.py:93} INFO - 		Bytes Written=0
[2025-02-26T20:43:44.562+0000] {subprocess.py:93} INFO - 2025-02-26 20:43:44,526 INFO mapred.LocalJobRunner: Finishing task: attempt_local336847137_0001_r_000000_0
[2025-02-26T20:43:44.563+0000] {subprocess.py:93} INFO - 2025-02-26 20:43:44,527 INFO mapred.LocalJobRunner: reduce task executor complete.
[2025-02-26T20:43:44.945+0000] {subprocess.py:93} INFO - 2025-02-26 20:43:44,943 INFO mapreduce.Job:  map 100% reduce 100%
[2025-02-26T20:43:44.946+0000] {subprocess.py:93} INFO - 2025-02-26 20:43:44,943 INFO mapreduce.Job: Job job_local336847137_0001 completed successfully
[2025-02-26T20:43:44.958+0000] {subprocess.py:93} INFO - 2025-02-26 20:43:44,956 INFO mapreduce.Job: Counters: 36
[2025-02-26T20:43:44.959+0000] {subprocess.py:93} INFO - 	File System Counters
[2025-02-26T20:43:44.960+0000] {subprocess.py:93} INFO - 		FILE: Number of bytes read=361374
[2025-02-26T20:43:44.961+0000] {subprocess.py:93} INFO - 		FILE: Number of bytes written=1419432
[2025-02-26T20:43:44.962+0000] {subprocess.py:93} INFO - 		FILE: Number of read operations=0
[2025-02-26T20:43:44.962+0000] {subprocess.py:93} INFO - 		FILE: Number of large read operations=0
[2025-02-26T20:43:44.963+0000] {subprocess.py:93} INFO - 		FILE: Number of write operations=0
[2025-02-26T20:43:44.963+0000] {subprocess.py:93} INFO - 		HDFS: Number of bytes read=39528
[2025-02-26T20:43:44.964+0000] {subprocess.py:93} INFO - 		HDFS: Number of bytes written=0
[2025-02-26T20:43:44.964+0000] {subprocess.py:93} INFO - 		HDFS: Number of read operations=15
[2025-02-26T20:43:44.965+0000] {subprocess.py:93} INFO - 		HDFS: Number of large read operations=0
[2025-02-26T20:43:44.966+0000] {subprocess.py:93} INFO - 		HDFS: Number of write operations=4
[2025-02-26T20:43:44.967+0000] {subprocess.py:93} INFO - 		HDFS: Number of bytes read erasure-coded=0
[2025-02-26T20:43:44.967+0000] {subprocess.py:93} INFO - 	Map-Reduce Framework
[2025-02-26T20:43:44.968+0000] {subprocess.py:93} INFO - 		Map input records=677
[2025-02-26T20:43:44.968+0000] {subprocess.py:93} INFO - 		Map output records=0
[2025-02-26T20:43:44.969+0000] {subprocess.py:93} INFO - 		Map output bytes=0
[2025-02-26T20:43:44.970+0000] {subprocess.py:93} INFO - 		Map output materialized bytes=6
[2025-02-26T20:43:44.970+0000] {subprocess.py:93} INFO - 		Input split bytes=137
[2025-02-26T20:43:44.971+0000] {subprocess.py:93} INFO - 		Combine input records=0
[2025-02-26T20:43:44.972+0000] {subprocess.py:93} INFO - 		Combine output records=0
[2025-02-26T20:43:44.973+0000] {subprocess.py:93} INFO - 		Reduce input groups=0
[2025-02-26T20:43:44.973+0000] {subprocess.py:93} INFO - 		Reduce shuffle bytes=6
[2025-02-26T20:43:44.974+0000] {subprocess.py:93} INFO - 		Reduce input records=0
[2025-02-26T20:43:44.975+0000] {subprocess.py:93} INFO - 		Reduce output records=0
[2025-02-26T20:43:44.976+0000] {subprocess.py:93} INFO - 		Spilled Records=0
[2025-02-26T20:43:44.976+0000] {subprocess.py:93} INFO - 		Shuffled Maps =1
[2025-02-26T20:43:44.977+0000] {subprocess.py:93} INFO - 		Failed Shuffles=0
[2025-02-26T20:43:44.977+0000] {subprocess.py:93} INFO - 		Merged Map outputs=1
[2025-02-26T20:43:44.977+0000] {subprocess.py:93} INFO - 		GC time elapsed (ms)=0
[2025-02-26T20:43:44.978+0000] {subprocess.py:93} INFO - 		Total committed heap usage (bytes)=556793856
[2025-02-26T20:43:44.978+0000] {subprocess.py:93} INFO - 	Shuffle Errors
[2025-02-26T20:43:44.979+0000] {subprocess.py:93} INFO - 		BAD_ID=0
[2025-02-26T20:43:44.979+0000] {subprocess.py:93} INFO - 		CONNECTION=0
[2025-02-26T20:43:44.980+0000] {subprocess.py:93} INFO - 		IO_ERROR=0
[2025-02-26T20:43:44.981+0000] {subprocess.py:93} INFO - 		WRONG_LENGTH=0
[2025-02-26T20:43:44.981+0000] {subprocess.py:93} INFO - 		WRONG_MAP=0
[2025-02-26T20:43:44.982+0000] {subprocess.py:93} INFO - 		WRONG_REDUCE=0
[2025-02-26T20:43:44.982+0000] {subprocess.py:93} INFO - 	File Input Format Counters
[2025-02-26T20:43:44.983+0000] {subprocess.py:93} INFO - 		Bytes Read=19764
[2025-02-26T20:43:44.983+0000] {subprocess.py:93} INFO - 	File Output Format Counters
[2025-02-26T20:43:44.983+0000] {subprocess.py:93} INFO - 		Bytes Written=0
[2025-02-26T20:43:44.984+0000] {subprocess.py:93} INFO - 2025-02-26 20:43:44,956 INFO streaming.StreamJob: Output directory: hdfs:///user/etudiant/crypto/processed/YYYY=2025/MM=01/DD=27
[2025-02-26T20:43:45.443+0000] {subprocess.py:97} INFO - Command exited with return code 0
[2025-02-26T20:43:45.476+0000] {taskinstance.py:1400} INFO - Marking task as SUCCESS. dag_id=yfinance_ingestion_dag, task_id=run_mapreduce, execution_date=20250127T000000, start_date=20250226T204334, end_date=20250226T204345
[2025-02-26T20:43:45.628+0000] {local_task_job_runner.py:228} INFO - Task exited with return code 0
[2025-02-26T20:43:45.649+0000] {taskinstance.py:2784} INFO - 0 downstream tasks scheduled from follow-on schedule check
