[2025-02-25T10:08:16.728+0000] {taskinstance.py:1159} INFO - Dependencies all met for dep_context=non-requeueable deps ti=<TaskInstance: yfinance_python_processing_dag.fetch_data scheduled__2024-11-01T00:00:00+00:00 [queued]>
[2025-02-25T10:08:16.853+0000] {taskinstance.py:1159} INFO - Dependencies all met for dep_context=requeueable deps ti=<TaskInstance: yfinance_python_processing_dag.fetch_data scheduled__2024-11-01T00:00:00+00:00 [queued]>
[2025-02-25T10:08:16.869+0000] {taskinstance.py:1361} INFO - Starting attempt 1 of 2
[2025-02-25T10:08:17.182+0000] {taskinstance.py:1382} INFO - Executing <Task(PythonOperator): fetch_data> on 2024-11-01 00:00:00+00:00
[2025-02-25T10:08:17.223+0000] {standard_task_runner.py:84} INFO - Running: ['***', 'tasks', 'run', 'yfinance_python_processing_dag', 'fetch_data', 'scheduled__2024-11-01T00:00:00+00:00', '--job-id', '156', '--raw', '--subdir', 'DAGS_FOLDER/test_hello.py', '--cfg-path', '/tmp/tmpyafmltev']
[2025-02-25T10:08:17.214+0000] {standard_task_runner.py:57} INFO - Started process 2105 to run task
[2025-02-25T10:08:17.243+0000] {standard_task_runner.py:85} INFO - Job 156: Subtask fetch_data
[2025-02-25T10:08:17.513+0000] {task_command.py:415} INFO - Running <TaskInstance: yfinance_python_processing_dag.fetch_data scheduled__2024-11-01T00:00:00+00:00 [running]> on host 6dbd75e48aaa
[2025-02-25T10:08:17.969+0000] {taskinstance.py:1660} INFO - Exporting env vars: AIRFLOW_CTX_DAG_OWNER='etudiant' AIRFLOW_CTX_DAG_ID='yfinance_python_processing_dag' AIRFLOW_CTX_TASK_ID='fetch_data' AIRFLOW_CTX_EXECUTION_DATE='2024-11-01T00:00:00+00:00' AIRFLOW_CTX_TRY_NUMBER='1' AIRFLOW_CTX_DAG_RUN_ID='scheduled__2024-11-01T00:00:00+00:00'
[2025-02-25T10:08:17.975+0000] {logging_mixin.py:151} INFO - Execution date: 2024-11-01
[2025-02-25T10:08:19.386+0000] {logging_mixin.py:151} INFO - Raw data from yfinance (from 2024-11-01 00:00:00 to 2024-11-30 00:00:00):                                  Open        High  ...  Dividends  Stock Splits
Date                                               ...                         
2024-11-01 00:00:00-04:00  252.039993  254.000000  ...        0.0           0.0
2024-11-04 00:00:00-05:00  244.559998  248.899994  ...        0.0           0.0
2024-11-05 00:00:00-05:00  247.339996  255.279999  ...        0.0           0.0
2024-11-06 00:00:00-05:00  284.670013  289.589996  ...        0.0           0.0
2024-11-07 00:00:00-05:00  288.890015  299.750000  ...        0.0           0.0
2024-11-08 00:00:00-05:00  299.140015  328.709991  ...        0.0           0.0
2024-11-11 00:00:00-05:00  346.299988  358.640015  ...        0.0           0.0
2024-11-12 00:00:00-05:00  342.739990  345.839996  ...        0.0           0.0
2024-11-13 00:00:00-05:00  335.850006  344.600006  ...        0.0           0.0
2024-11-14 00:00:00-05:00  327.690002  329.980011  ...        0.0           0.0
2024-11-15 00:00:00-05:00  310.570007  324.679993  ...        0.0           0.0
2024-11-18 00:00:00-05:00  340.730011  348.549988  ...        0.0           0.0
2024-11-19 00:00:00-05:00  335.760010  347.380005  ...        0.0           0.0
2024-11-20 00:00:00-05:00  345.000000  346.600006  ...        0.0           0.0
2024-11-21 00:00:00-05:00  343.809998  347.989990  ...        0.0           0.0
2024-11-22 00:00:00-05:00  341.089996  361.529999  ...        0.0           0.0
2024-11-25 00:00:00-05:00  360.140015  361.929993  ...        0.0           0.0
2024-11-26 00:00:00-05:00  341.000000  346.959991  ...        0.0           0.0
2024-11-27 00:00:00-05:00  341.799988  342.549988  ...        0.0           0.0
2024-11-29 00:00:00-05:00  336.079987  345.450012  ...        0.0           0.0

[20 rows x 7 columns]
[2025-02-25T10:08:19.391+0000] {logging_mixin.py:151} INFO - Serialized data: {'2024-11-01 00:00:00-04:00': {'Open': 252.0399932861328, 'High': 254.0, 'Low': 246.6300048828125, 'Close': 248.97999572753906, 'Volume': 57544800, 'Dividends': 0.0, 'Stock Splits': 0.0}, '2024-11-04 00:00:00-05:00': {'Open': 244.55999755859375, 'High': 248.89999389648438, 'Low': 238.8800048828125, 'Close': 242.83999633789062, 'Volume': 68802400, 'Dividends': 0.0, 'Stock Splits': 0.0}, '2024-11-05 00:00:00-05:00': {'Open': 247.33999633789062, 'High': 255.27999877929688, 'Low': 246.2100067138672, 'Close': 251.44000244140625, 'Volume': 69282500, 'Dividends': 0.0, 'Stock Splits': 0.0}, '2024-11-06 00:00:00-05:00': {'Open': 284.6700134277344, 'High': 289.5899963378906, 'Low': 275.6199951171875, 'Close': 288.5299987792969, 'Volume': 165228700, 'Dividends': 0.0, 'Stock Splits': 0.0}, '2024-11-07 00:00:00-05:00': {'Open': 288.8900146484375, 'High': 299.75, 'Low': 285.5199890136719, 'Close': 296.9100036621094, 'Volume': 117309200, 'Dividends': 0.0, 'Stock Splits': 0.0}, '2024-11-08 00:00:00-05:00': {'Open': 299.1400146484375, 'High': 328.7099914550781, 'Low': 297.6600036621094, 'Close': 321.2200012207031, 'Volume': 204782800, 'Dividends': 0.0, 'Stock Splits': 0.0}, '2024-11-11 00:00:00-05:00': {'Open': 346.29998779296875, 'High': 358.6400146484375, 'Low': 336.0, 'Close': 350.0, 'Volume': 210521600, 'Dividends': 0.0, 'Stock Splits': 0.0}, '2024-11-12 00:00:00-05:00': {'Open': 342.739990234375, 'High': 345.8399963378906, 'Low': 323.30999755859375, 'Close': 328.489990234375, 'Volume': 155726000, 'Dividends': 0.0, 'Stock Splits': 0.0}, '2024-11-13 00:00:00-05:00': {'Open': 335.8500061035156, 'High': 344.6000061035156, 'Low': 322.5, 'Close': 330.239990234375, 'Volume': 125405600, 'Dividends': 0.0, 'Stock Splits': 0.0}, '2024-11-14 00:00:00-05:00': {'Open': 327.69000244140625, 'High': 329.9800109863281, 'Low': 310.3699951171875, 'Close': 311.17999267578125, 'Volume': 120726100, 'Dividends': 0.0, 'Stock Splits': 0.0}, '2024-11-15 00:00:00-05:00': {'Open': 310.57000732421875, 'High': 324.67999267578125, 'Low': 309.2200012207031, 'Close': 320.7200012207031, 'Volume': 114440300, 'Dividends': 0.0, 'Stock Splits': 0.0}, '2024-11-18 00:00:00-05:00': {'Open': 340.7300109863281, 'High': 348.54998779296875, 'Low': 330.010009765625, 'Close': 338.739990234375, 'Volume': 126547500, 'Dividends': 0.0, 'Stock Splits': 0.0}, '2024-11-19 00:00:00-05:00': {'Open': 335.760009765625, 'High': 347.3800048828125, 'Low': 332.75, 'Close': 346.0, 'Volume': 88852500, 'Dividends': 0.0, 'Stock Splits': 0.0}, '2024-11-20 00:00:00-05:00': {'Open': 345.0, 'High': 346.6000061035156, 'Low': 334.29998779296875, 'Close': 342.0299987792969, 'Volume': 66340700, 'Dividends': 0.0, 'Stock Splits': 0.0}, '2024-11-21 00:00:00-05:00': {'Open': 343.80999755859375, 'High': 347.989990234375, 'Low': 335.2799987792969, 'Close': 339.6400146484375, 'Volume': 58011700, 'Dividends': 0.0, 'Stock Splits': 0.0}, '2024-11-22 00:00:00-05:00': {'Open': 341.0899963378906, 'High': 361.5299987792969, 'Low': 337.70001220703125, 'Close': 352.55999755859375, 'Volume': 89140700, 'Dividends': 0.0, 'Stock Splits': 0.0}, '2024-11-25 00:00:00-05:00': {'Open': 360.1400146484375, 'High': 361.92999267578125, 'Low': 338.20001220703125, 'Close': 338.5899963378906, 'Volume': 95890900, 'Dividends': 0.0, 'Stock Splits': 0.0}, '2024-11-26 00:00:00-05:00': {'Open': 341.0, 'High': 346.9599914550781, 'Low': 335.6600036621094, 'Close': 338.2300109863281, 'Volume': 62295900, 'Dividends': 0.0, 'Stock Splits': 0.0}, '2024-11-27 00:00:00-05:00': {'Open': 341.79998779296875, 'High': 342.54998779296875, 'Low': 326.5899963378906, 'Close': 332.8900146484375, 'Volume': 57896400, 'Dividends': 0.0, 'Stock Splits': 0.0}, '2024-11-29 00:00:00-05:00': {'Open': 336.0799865722656, 'High': 345.45001220703125, 'Low': 334.6499938964844, 'Close': 345.1600036621094, 'Volume': 37167600, 'Dividends': 0.0, 'Stock Splits': 0.0}}
[2025-02-25T10:08:19.457+0000] {python.py:194} INFO - Done. Returned value was: None
[2025-02-25T10:08:19.495+0000] {taskinstance.py:1400} INFO - Marking task as SUCCESS. dag_id=yfinance_python_processing_dag, task_id=fetch_data, execution_date=20241101T000000, start_date=20250225T100816, end_date=20250225T100819
[2025-02-25T10:08:19.583+0000] {local_task_job_runner.py:228} INFO - Task exited with return code 0
[2025-02-25T10:08:19.702+0000] {taskinstance.py:2784} INFO - 1 downstream tasks scheduled from follow-on schedule check
