[2025-02-26T19:12:14.261+0000] {taskinstance.py:1159} INFO - Dependencies all met for dep_context=non-requeueable deps ti=<TaskInstance: yfinance_ingestion_and_process_dag.fetch_data scheduled__2025-01-07T00:00:00+00:00 [queued]>
[2025-02-26T19:12:14.381+0000] {taskinstance.py:1159} INFO - Dependencies all met for dep_context=requeueable deps ti=<TaskInstance: yfinance_ingestion_and_process_dag.fetch_data scheduled__2025-01-07T00:00:00+00:00 [queued]>
[2025-02-26T19:12:14.398+0000] {taskinstance.py:1361} INFO - Starting attempt 1 of 2
[2025-02-26T19:12:14.538+0000] {taskinstance.py:1382} INFO - Executing <Task(PythonOperator): fetch_data> on 2025-01-07 00:00:00+00:00
[2025-02-26T19:12:14.664+0000] {standard_task_runner.py:57} INFO - Started process 435 to run task
[2025-02-26T19:12:13.726+0000] {standard_task_runner.py:84} INFO - Running: ['***', 'tasks', 'run', 'yfinance_ingestion_and_process_dag', 'fetch_data', 'scheduled__2025-01-07T00:00:00+00:00', '--job-id', '254', '--raw', '--subdir', 'DAGS_FOLDER/pipeline.py', '--cfg-path', '/tmp/tmpl4kk9v7i']
[2025-02-26T19:12:11.977+0000] {standard_task_runner.py:85} INFO - Job 254: Subtask fetch_data
[2025-02-26T19:12:12.534+0000] {task_command.py:415} INFO - Running <TaskInstance: yfinance_ingestion_and_process_dag.fetch_data scheduled__2025-01-07T00:00:00+00:00 [running]> on host 405afb11abaf
[2025-02-26T19:12:13.814+0000] {taskinstance.py:1660} INFO - Exporting env vars: AIRFLOW_CTX_DAG_OWNER='etudiant' AIRFLOW_CTX_DAG_ID='yfinance_ingestion_and_process_dag' AIRFLOW_CTX_TASK_ID='fetch_data' AIRFLOW_CTX_EXECUTION_DATE='2025-01-07T00:00:00+00:00' AIRFLOW_CTX_TRY_NUMBER='1' AIRFLOW_CTX_DAG_RUN_ID='scheduled__2025-01-07T00:00:00+00:00'
[2025-02-26T19:12:17.725+0000] {python.py:194} INFO - Done. Returned value was: None
[2025-02-26T19:12:17.797+0000] {taskinstance.py:1400} INFO - Marking task as SUCCESS. dag_id=yfinance_ingestion_and_process_dag, task_id=fetch_data, execution_date=20250107T000000, start_date=20250226T191214, end_date=20250226T191217
[2025-02-26T19:12:19.318+0000] {local_task_job_runner.py:228} INFO - Task exited with return code 0
[2025-02-26T19:12:19.633+0000] {taskinstance.py:2784} INFO - 1 downstream tasks scheduled from follow-on schedule check
[2025-02-26T20:04:44.327+0000] {taskinstance.py:1159} INFO - Dependencies all met for dep_context=non-requeueable deps ti=<TaskInstance: yfinance_ingestion_and_process_dag.fetch_data scheduled__2025-01-07T00:00:00+00:00 [queued]>
[2025-02-26T20:04:44.368+0000] {taskinstance.py:1159} INFO - Dependencies all met for dep_context=requeueable deps ti=<TaskInstance: yfinance_ingestion_and_process_dag.fetch_data scheduled__2025-01-07T00:00:00+00:00 [queued]>
[2025-02-26T20:04:44.373+0000] {taskinstance.py:1361} INFO - Starting attempt 1 of 2
[2025-02-26T20:04:45.590+0000] {taskinstance.py:1382} INFO - Executing <Task(PythonOperator): fetch_data> on 2025-01-07 00:00:00+00:00
[2025-02-26T20:04:45.803+0000] {standard_task_runner.py:57} INFO - Started process 237 to run task
[2025-02-26T20:04:45.832+0000] {standard_task_runner.py:84} INFO - Running: ['***', 'tasks', 'run', 'yfinance_ingestion_and_process_dag', 'fetch_data', 'scheduled__2025-01-07T00:00:00+00:00', '--job-id', '3', '--raw', '--subdir', 'DAGS_FOLDER/pipeline.py', '--cfg-path', '/tmp/tmp6y5j1pwl']
[2025-02-26T20:04:45.879+0000] {standard_task_runner.py:85} INFO - Job 3: Subtask fetch_data
[2025-02-26T20:04:46.484+0000] {task_command.py:415} INFO - Running <TaskInstance: yfinance_ingestion_and_process_dag.fetch_data scheduled__2025-01-07T00:00:00+00:00 [running]> on host e304e68c626e
[2025-02-26T20:04:47.091+0000] {taskinstance.py:1660} INFO - Exporting env vars: AIRFLOW_CTX_DAG_OWNER='etudiant' AIRFLOW_CTX_DAG_ID='yfinance_ingestion_and_process_dag' AIRFLOW_CTX_TASK_ID='fetch_data' AIRFLOW_CTX_EXECUTION_DATE='2025-01-07T00:00:00+00:00' AIRFLOW_CTX_TRY_NUMBER='1' AIRFLOW_CTX_DAG_RUN_ID='scheduled__2025-01-07T00:00:00+00:00'
[2025-02-26T20:04:49.443+0000] {python.py:194} INFO - Done. Returned value was: None
[2025-02-26T20:04:49.510+0000] {taskinstance.py:1400} INFO - Marking task as SUCCESS. dag_id=yfinance_ingestion_and_process_dag, task_id=fetch_data, execution_date=20250107T000000, start_date=20250226T200444, end_date=20250226T200449
[2025-02-26T20:04:49.775+0000] {local_task_job_runner.py:228} INFO - Task exited with return code 0
[2025-02-26T20:04:50.390+0000] {taskinstance.py:2784} INFO - 0 downstream tasks scheduled from follow-on schedule check
