[2025-02-25T09:49:55.488+0000] {taskinstance.py:1159} INFO - Dependencies all met for dep_context=non-requeueable deps ti=<TaskInstance: yfinance_ingestion_dag.store_raw_data_in_hdfs scheduled__2025-01-19T00:00:00+00:00 [queued]>
[2025-02-25T09:49:55.547+0000] {taskinstance.py:1159} INFO - Dependencies all met for dep_context=requeueable deps ti=<TaskInstance: yfinance_ingestion_dag.store_raw_data_in_hdfs scheduled__2025-01-19T00:00:00+00:00 [queued]>
[2025-02-25T09:49:55.548+0000] {taskinstance.py:1361} INFO - Starting attempt 1 of 2
[2025-02-25T09:49:56.067+0000] {taskinstance.py:1382} INFO - Executing <Task(PythonOperator): store_raw_data_in_hdfs> on 2025-01-19 00:00:00+00:00
[2025-02-25T09:49:56.107+0000] {standard_task_runner.py:57} INFO - Started process 757 to run task
[2025-02-25T09:49:56.111+0000] {standard_task_runner.py:84} INFO - Running: ['***', 'tasks', 'run', 'yfinance_ingestion_dag', 'store_raw_data_in_hdfs', 'scheduled__2025-01-19T00:00:00+00:00', '--job-id', '80', '--raw', '--subdir', 'DAGS_FOLDER/test_hello.py', '--cfg-path', '/tmp/tmprzhg9cmd']
[2025-02-25T09:49:56.124+0000] {standard_task_runner.py:85} INFO - Job 80: Subtask store_raw_data_in_hdfs
[2025-02-25T09:49:56.308+0000] {task_command.py:415} INFO - Running <TaskInstance: yfinance_ingestion_dag.store_raw_data_in_hdfs scheduled__2025-01-19T00:00:00+00:00 [running]> on host 6dbd75e48aaa
[2025-02-25T09:49:56.662+0000] {taskinstance.py:1660} INFO - Exporting env vars: AIRFLOW_CTX_DAG_OWNER='etudiant' AIRFLOW_CTX_DAG_ID='yfinance_ingestion_dag' AIRFLOW_CTX_TASK_ID='store_raw_data_in_hdfs' AIRFLOW_CTX_EXECUTION_DATE='2025-01-19T00:00:00+00:00' AIRFLOW_CTX_TRY_NUMBER='1' AIRFLOW_CTX_DAG_RUN_ID='scheduled__2025-01-19T00:00:00+00:00'
[2025-02-25T09:50:36.531+0000] {python.py:194} INFO - Done. Returned value was: None
[2025-02-25T09:50:36.594+0000] {taskinstance.py:1400} INFO - Marking task as SUCCESS. dag_id=yfinance_ingestion_dag, task_id=store_raw_data_in_hdfs, execution_date=20250119T000000, start_date=20250225T094955, end_date=20250225T095036
[2025-02-25T09:50:36.924+0000] {local_task_job_runner.py:228} INFO - Task exited with return code 0
[2025-02-25T09:50:36.991+0000] {taskinstance.py:2784} INFO - 0 downstream tasks scheduled from follow-on schedule check
[2025-02-26T20:25:23.967+0000] {taskinstance.py:1159} INFO - Dependencies all met for dep_context=non-requeueable deps ti=<TaskInstance: yfinance_ingestion_dag.store_raw_data_in_hdfs scheduled__2025-01-19T00:00:00+00:00 [queued]>
[2025-02-26T20:25:24.009+0000] {taskinstance.py:1159} INFO - Dependencies all met for dep_context=requeueable deps ti=<TaskInstance: yfinance_ingestion_dag.store_raw_data_in_hdfs scheduled__2025-01-19T00:00:00+00:00 [queued]>
[2025-02-26T20:25:24.013+0000] {taskinstance.py:1361} INFO - Starting attempt 1 of 2
[2025-02-26T20:25:24.095+0000] {taskinstance.py:1382} INFO - Executing <Task(PythonOperator): store_raw_data_in_hdfs> on 2025-01-19 00:00:00+00:00
[2025-02-26T20:25:24.200+0000] {standard_task_runner.py:57} INFO - Started process 1246 to run task
[2025-02-26T20:25:24.229+0000] {standard_task_runner.py:84} INFO - Running: ['***', 'tasks', 'run', 'yfinance_ingestion_dag', 'store_raw_data_in_hdfs', 'scheduled__2025-01-19T00:00:00+00:00', '--job-id', '136', '--raw', '--subdir', 'DAGS_FOLDER/pipeline.py', '--cfg-path', '/tmp/tmplrqdu0p2']
[2025-02-26T20:25:24.258+0000] {standard_task_runner.py:85} INFO - Job 136: Subtask store_raw_data_in_hdfs
[2025-02-26T20:25:24.514+0000] {task_command.py:415} INFO - Running <TaskInstance: yfinance_ingestion_dag.store_raw_data_in_hdfs scheduled__2025-01-19T00:00:00+00:00 [running]> on host c96a1011f5a3
[2025-02-26T20:25:24.059+0000] {taskinstance.py:1660} INFO - Exporting env vars: AIRFLOW_CTX_DAG_OWNER='etudiant' AIRFLOW_CTX_DAG_ID='yfinance_ingestion_dag' AIRFLOW_CTX_TASK_ID='store_raw_data_in_hdfs' AIRFLOW_CTX_EXECUTION_DATE='2025-01-19T00:00:00+00:00' AIRFLOW_CTX_TRY_NUMBER='1' AIRFLOW_CTX_DAG_RUN_ID='scheduled__2025-01-19T00:00:00+00:00'
[2025-02-26T20:25:57.760+0000] {python.py:194} INFO - Done. Returned value was: None
[2025-02-26T20:25:57.807+0000] {taskinstance.py:1400} INFO - Marking task as SUCCESS. dag_id=yfinance_ingestion_dag, task_id=store_raw_data_in_hdfs, execution_date=20250119T000000, start_date=20250226T202523, end_date=20250226T202557
[2025-02-26T20:25:57.901+0000] {local_task_job_runner.py:228} INFO - Task exited with return code 0
[2025-02-26T20:25:57.952+0000] {taskinstance.py:2784} INFO - 1 downstream tasks scheduled from follow-on schedule check
[2025-02-26T20:39:14.347+0000] {taskinstance.py:1159} INFO - Dependencies all met for dep_context=non-requeueable deps ti=<TaskInstance: yfinance_ingestion_dag.store_raw_data_in_hdfs scheduled__2025-01-19T00:00:00+00:00 [queued]>
[2025-02-26T20:39:14.384+0000] {taskinstance.py:1159} INFO - Dependencies all met for dep_context=requeueable deps ti=<TaskInstance: yfinance_ingestion_dag.store_raw_data_in_hdfs scheduled__2025-01-19T00:00:00+00:00 [queued]>
[2025-02-26T20:39:14.385+0000] {taskinstance.py:1361} INFO - Starting attempt 1 of 2
[2025-02-26T20:39:14.471+0000] {taskinstance.py:1382} INFO - Executing <Task(PythonOperator): store_raw_data_in_hdfs> on 2025-01-19 00:00:00+00:00
[2025-02-26T20:39:14.493+0000] {standard_task_runner.py:57} INFO - Started process 545 to run task
[2025-02-26T20:39:14.507+0000] {standard_task_runner.py:84} INFO - Running: ['***', 'tasks', 'run', 'yfinance_ingestion_dag', 'store_raw_data_in_hdfs', 'scheduled__2025-01-19T00:00:00+00:00', '--job-id', '240', '--raw', '--subdir', 'DAGS_FOLDER/pipeline.py', '--cfg-path', '/tmp/tmp8u8zo88k']
[2025-02-26T20:39:14.534+0000] {standard_task_runner.py:85} INFO - Job 240: Subtask store_raw_data_in_hdfs
[2025-02-26T20:39:14.761+0000] {task_command.py:415} INFO - Running <TaskInstance: yfinance_ingestion_dag.store_raw_data_in_hdfs scheduled__2025-01-19T00:00:00+00:00 [running]> on host 3c0faf52b292
[2025-02-26T20:39:14.226+0000] {taskinstance.py:1660} INFO - Exporting env vars: AIRFLOW_CTX_DAG_OWNER='etudiant' AIRFLOW_CTX_DAG_ID='yfinance_ingestion_dag' AIRFLOW_CTX_TASK_ID='store_raw_data_in_hdfs' AIRFLOW_CTX_EXECUTION_DATE='2025-01-19T00:00:00+00:00' AIRFLOW_CTX_TRY_NUMBER='1' AIRFLOW_CTX_DAG_RUN_ID='scheduled__2025-01-19T00:00:00+00:00'
[2025-02-26T20:39:14.661+0000] {python.py:194} INFO - Done. Returned value was: None
[2025-02-26T20:39:14.694+0000] {taskinstance.py:1400} INFO - Marking task as SUCCESS. dag_id=yfinance_ingestion_dag, task_id=store_raw_data_in_hdfs, execution_date=20250119T000000, start_date=20250226T203914, end_date=20250226T203914
[2025-02-26T20:39:14.775+0000] {local_task_job_runner.py:228} INFO - Task exited with return code 0
[2025-02-26T20:39:14.879+0000] {taskinstance.py:2784} INFO - 1 downstream tasks scheduled from follow-on schedule check
[2025-02-26T20:41:54.384+0000] {taskinstance.py:1159} INFO - Dependencies all met for dep_context=non-requeueable deps ti=<TaskInstance: yfinance_ingestion_dag.store_raw_data_in_hdfs scheduled__2025-01-19T00:00:00+00:00 [queued]>
[2025-02-26T20:41:54.399+0000] {taskinstance.py:1159} INFO - Dependencies all met for dep_context=requeueable deps ti=<TaskInstance: yfinance_ingestion_dag.store_raw_data_in_hdfs scheduled__2025-01-19T00:00:00+00:00 [queued]>
[2025-02-26T20:41:54.400+0000] {taskinstance.py:1361} INFO - Starting attempt 1 of 2
[2025-02-26T20:41:54.423+0000] {taskinstance.py:1382} INFO - Executing <Task(PythonOperator): store_raw_data_in_hdfs> on 2025-01-19 00:00:00+00:00
[2025-02-26T20:41:54.434+0000] {standard_task_runner.py:57} INFO - Started process 1684 to run task
[2025-02-26T20:41:54.439+0000] {standard_task_runner.py:84} INFO - Running: ['***', 'tasks', 'run', 'yfinance_ingestion_dag', 'store_raw_data_in_hdfs', 'scheduled__2025-01-19T00:00:00+00:00', '--job-id', '318', '--raw', '--subdir', 'DAGS_FOLDER/pipeline.py', '--cfg-path', '/tmp/tmphd9vhu9o']
[2025-02-26T20:41:54.446+0000] {standard_task_runner.py:85} INFO - Job 318: Subtask store_raw_data_in_hdfs
[2025-02-26T20:41:54.569+0000] {task_command.py:415} INFO - Running <TaskInstance: yfinance_ingestion_dag.store_raw_data_in_hdfs scheduled__2025-01-19T00:00:00+00:00 [running]> on host 3c0faf52b292
[2025-02-26T20:41:54.743+0000] {taskinstance.py:1660} INFO - Exporting env vars: AIRFLOW_CTX_DAG_OWNER='etudiant' AIRFLOW_CTX_DAG_ID='yfinance_ingestion_dag' AIRFLOW_CTX_TASK_ID='store_raw_data_in_hdfs' AIRFLOW_CTX_EXECUTION_DATE='2025-01-19T00:00:00+00:00' AIRFLOW_CTX_TRY_NUMBER='1' AIRFLOW_CTX_DAG_RUN_ID='scheduled__2025-01-19T00:00:00+00:00'
[2025-02-26T20:42:03.699+0000] {python.py:194} INFO - Done. Returned value was: None
[2025-02-26T20:42:03.719+0000] {taskinstance.py:1400} INFO - Marking task as SUCCESS. dag_id=yfinance_ingestion_dag, task_id=store_raw_data_in_hdfs, execution_date=20250119T000000, start_date=20250226T204154, end_date=20250226T204203
[2025-02-26T20:42:03.959+0000] {local_task_job_runner.py:228} INFO - Task exited with return code 0
[2025-02-26T20:42:04.003+0000] {taskinstance.py:2784} INFO - 1 downstream tasks scheduled from follow-on schedule check
[2025-02-27T14:55:38.208+0000] {taskinstance.py:1157} INFO - Dependencies all met for dep_context=non-requeueable deps ti=<TaskInstance: yfinance_ingestion_dag.store_raw_data_in_hdfs scheduled__2025-01-19T00:00:00+00:00 [queued]>
[2025-02-27T14:55:38.255+0000] {taskinstance.py:1157} INFO - Dependencies all met for dep_context=requeueable deps ti=<TaskInstance: yfinance_ingestion_dag.store_raw_data_in_hdfs scheduled__2025-01-19T00:00:00+00:00 [queued]>
[2025-02-27T14:55:38.269+0000] {taskinstance.py:1359} INFO - Starting attempt 1 of 1
[2025-02-27T14:55:38.337+0000] {taskinstance.py:1380} INFO - Executing <Task(PythonOperator): store_raw_data_in_hdfs> on 2025-01-19 00:00:00+00:00
[2025-02-27T14:55:38.352+0000] {standard_task_runner.py:57} INFO - Started process 358 to run task
[2025-02-27T14:55:38.388+0000] {standard_task_runner.py:84} INFO - Running: ['***', 'tasks', 'run', 'yfinance_ingestion_dag', 'store_raw_data_in_hdfs', 'scheduled__2025-01-19T00:00:00+00:00', '--job-id', '57', '--raw', '--subdir', 'DAGS_FOLDER/pipeline.py', '--cfg-path', '/tmp/tmpeglwt5dr']
[2025-02-27T14:55:38.408+0000] {standard_task_runner.py:85} INFO - Job 57: Subtask store_raw_data_in_hdfs
[2025-02-27T14:55:38.644+0000] {task_command.py:415} INFO - Running <TaskInstance: yfinance_ingestion_dag.store_raw_data_in_hdfs scheduled__2025-01-19T00:00:00+00:00 [running]> on host a71f042480b6
[2025-02-27T14:55:38.967+0000] {taskinstance.py:1660} INFO - Exporting env vars: AIRFLOW_CTX_DAG_OWNER='etudiant' AIRFLOW_CTX_DAG_ID='yfinance_ingestion_dag' AIRFLOW_CTX_TASK_ID='store_raw_data_in_hdfs' AIRFLOW_CTX_EXECUTION_DATE='2025-01-19T00:00:00+00:00' AIRFLOW_CTX_TRY_NUMBER='1' AIRFLOW_CTX_DAG_RUN_ID='scheduled__2025-01-19T00:00:00+00:00'
[2025-02-27T14:55:39.010+0000] {taskinstance.py:1935} ERROR - Task failed with exception
Traceback (most recent call last):
  File "/home/airflow/.local/lib/python3.8/site-packages/airflow/operators/python.py", line 192, in execute
    return_value = self.execute_callable()
  File "/home/airflow/.local/lib/python3.8/site-packages/airflow/operators/python.py", line 209, in execute_callable
    return self.python_callable(*self.op_args, **self.op_kwargs)
  File "/opt/airflow/dags/pipeline.py", line 82, in store_raw_data_in_hdfs
    with open(local_file, 'w') as f:
PermissionError: [Errno 13] Permission denied: '/mnt/hadoop_data/yfinance_raw.json'
[2025-02-27T14:55:39.047+0000] {taskinstance.py:1398} INFO - Marking task as FAILED. dag_id=yfinance_ingestion_dag, task_id=store_raw_data_in_hdfs, execution_date=20250119T000000, start_date=20250227T145538, end_date=20250227T145539
[2025-02-27T14:55:39.116+0000] {standard_task_runner.py:104} ERROR - Failed to execute job 57 for task store_raw_data_in_hdfs ([Errno 13] Permission denied: '/mnt/hadoop_data/yfinance_raw.json'; 358)
[2025-02-27T14:55:39.179+0000] {local_task_job_runner.py:228} INFO - Task exited with return code 1
[2025-02-27T14:55:39.245+0000] {taskinstance.py:2776} INFO - 0 downstream tasks scheduled from follow-on schedule check
