[2025-02-22T14:38:20.134+0000] {taskinstance.py:1159} INFO - Dependencies all met for dep_context=non-requeueable deps ti=<TaskInstance: coingecko_ingestion_dag.fetch_data manual__2025-02-22T14:38:12.119525+00:00 [queued]>
[2025-02-22T14:38:20.147+0000] {taskinstance.py:1159} INFO - Dependencies all met for dep_context=requeueable deps ti=<TaskInstance: coingecko_ingestion_dag.fetch_data manual__2025-02-22T14:38:12.119525+00:00 [queued]>
[2025-02-22T14:38:20.148+0000] {taskinstance.py:1361} INFO - Starting attempt 1 of 4
[2025-02-22T14:38:20.174+0000] {taskinstance.py:1382} INFO - Executing <Task(PythonOperator): fetch_data> on 2025-02-22 14:38:12.119525+00:00
[2025-02-22T14:38:20.178+0000] {standard_task_runner.py:57} INFO - Started process 1165 to run task
[2025-02-22T14:38:20.189+0000] {standard_task_runner.py:84} INFO - Running: ['***', 'tasks', 'run', 'coingecko_ingestion_dag', 'fetch_data', 'manual__2025-02-22T14:38:12.119525+00:00', '--job-id', '121', '--raw', '--subdir', 'DAGS_FOLDER/pipeline.py', '--cfg-path', '/tmp/tmpp5p6t8ri']
[2025-02-22T14:38:20.192+0000] {standard_task_runner.py:85} INFO - Job 121: Subtask fetch_data
[2025-02-22T14:38:20.264+0000] {task_command.py:415} INFO - Running <TaskInstance: coingecko_ingestion_dag.fetch_data manual__2025-02-22T14:38:12.119525+00:00 [running]> on host bc125bdcda04
[2025-02-22T14:38:20.370+0000] {taskinstance.py:1660} INFO - Exporting env vars: AIRFLOW_CTX_DAG_OWNER='***' AIRFLOW_CTX_DAG_ID='coingecko_ingestion_dag' AIRFLOW_CTX_TASK_ID='fetch_data' AIRFLOW_CTX_EXECUTION_DATE='2025-02-22T14:38:12.119525+00:00' AIRFLOW_CTX_TRY_NUMBER='1' AIRFLOW_CTX_DAG_RUN_ID='manual__2025-02-22T14:38:12.119525+00:00'
[2025-02-22T14:38:20.752+0000] {logging_mixin.py:151} INFO - Données récupérées : {
  "bitcoin": {
    "usd": 96570,
    "usd_market_cap": 1915737550113.8674,
    "usd_24h_vol": 44989221400.75694,
    "usd_24h_change": -1.8489835111511503
  }
}
[2025-02-22T14:38:20.756+0000] {python.py:194} INFO - Done. Returned value was: None
[2025-02-22T14:38:20.836+0000] {taskinstance.py:1400} INFO - Marking task as SUCCESS. dag_id=coingecko_ingestion_dag, task_id=fetch_data, execution_date=20250222T143812, start_date=20250222T143820, end_date=20250222T143820
[2025-02-22T14:38:20.877+0000] {local_task_job_runner.py:228} INFO - Task exited with return code 0
[2025-02-22T14:38:20.910+0000] {taskinstance.py:2784} INFO - 0 downstream tasks scheduled from follow-on schedule check
