[2025-02-25T10:08:14.975+0000] {taskinstance.py:1159} INFO - Dependencies all met for dep_context=non-requeueable deps ti=<TaskInstance: yfinance_python_processing_dag.fetch_data scheduled__2024-08-01T00:00:00+00:00 [queued]>
[2025-02-25T10:08:15.033+0000] {taskinstance.py:1159} INFO - Dependencies all met for dep_context=requeueable deps ti=<TaskInstance: yfinance_python_processing_dag.fetch_data scheduled__2024-08-01T00:00:00+00:00 [queued]>
[2025-02-25T10:08:15.035+0000] {taskinstance.py:1361} INFO - Starting attempt 1 of 2
[2025-02-25T10:08:15.114+0000] {taskinstance.py:1382} INFO - Executing <Task(PythonOperator): fetch_data> on 2024-08-01 00:00:00+00:00
[2025-02-25T10:08:15.135+0000] {standard_task_runner.py:57} INFO - Started process 2093 to run task
[2025-02-25T10:08:15.139+0000] {standard_task_runner.py:84} INFO - Running: ['***', 'tasks', 'run', 'yfinance_python_processing_dag', 'fetch_data', 'scheduled__2024-08-01T00:00:00+00:00', '--job-id', '154', '--raw', '--subdir', 'DAGS_FOLDER/test_hello.py', '--cfg-path', '/tmp/tmp0g7lhzmt']
[2025-02-25T10:08:15.148+0000] {standard_task_runner.py:85} INFO - Job 154: Subtask fetch_data
[2025-02-25T10:08:15.301+0000] {task_command.py:415} INFO - Running <TaskInstance: yfinance_python_processing_dag.fetch_data scheduled__2024-08-01T00:00:00+00:00 [running]> on host 6dbd75e48aaa
[2025-02-25T10:08:15.662+0000] {taskinstance.py:1660} INFO - Exporting env vars: AIRFLOW_CTX_DAG_OWNER='etudiant' AIRFLOW_CTX_DAG_ID='yfinance_python_processing_dag' AIRFLOW_CTX_TASK_ID='fetch_data' AIRFLOW_CTX_EXECUTION_DATE='2024-08-01T00:00:00+00:00' AIRFLOW_CTX_TRY_NUMBER='1' AIRFLOW_CTX_DAG_RUN_ID='scheduled__2024-08-01T00:00:00+00:00'
[2025-02-25T10:08:15.712+0000] {logging_mixin.py:151} INFO - Execution date: 2024-08-01
[2025-02-25T10:08:17.261+0000] {logging_mixin.py:151} INFO - Raw data from yfinance (from 2024-08-01 00:00:00 to 2024-08-31 00:00:00):                                  Open        High  ...  Dividends  Stock Splits
Date                                               ...                         
2024-08-01 00:00:00-04:00  227.690002  231.869995  ...        0.0           0.0
2024-08-02 00:00:00-04:00  214.880005  216.130005  ...        0.0           0.0
2024-08-05 00:00:00-04:00  185.220001  203.880005  ...        0.0           0.0
2024-08-06 00:00:00-04:00  200.750000  202.899994  ...        0.0           0.0
2024-08-07 00:00:00-04:00  200.770004  203.490005  ...        0.0           0.0
2024-08-08 00:00:00-04:00  195.699997  200.699997  ...        0.0           0.0
2024-08-09 00:00:00-04:00  197.050003  200.880005  ...        0.0           0.0
2024-08-12 00:00:00-04:00  199.020004  199.259995  ...        0.0           0.0
2024-08-13 00:00:00-04:00  198.470001  208.490005  ...        0.0           0.0
2024-08-14 00:00:00-04:00  207.389999  208.440002  ...        0.0           0.0
2024-08-15 00:00:00-04:00  205.020004  215.880005  ...        0.0           0.0
2024-08-16 00:00:00-04:00  211.149994  219.800003  ...        0.0           0.0
2024-08-19 00:00:00-04:00  217.070007  222.979996  ...        0.0           0.0
2024-08-20 00:00:00-04:00  224.880005  228.220001  ...        0.0           0.0
2024-08-21 00:00:00-04:00  222.669998  224.660004  ...        0.0           0.0
2024-08-22 00:00:00-04:00  223.820007  224.800003  ...        0.0           0.0
2024-08-23 00:00:00-04:00  214.460007  221.479996  ...        0.0           0.0
2024-08-26 00:00:00-04:00  218.750000  219.089996  ...        0.0           0.0
2024-08-27 00:00:00-04:00  213.250000  215.660004  ...        0.0           0.0
2024-08-28 00:00:00-04:00  209.720001  211.839996  ...        0.0           0.0
2024-08-29 00:00:00-04:00  209.800003  214.889999  ...        0.0           0.0
2024-08-30 00:00:00-04:00  208.630005  214.570007  ...        0.0           0.0

[22 rows x 7 columns]
[2025-02-25T10:08:17.278+0000] {logging_mixin.py:151} INFO - Serialized data: {'2024-08-01 00:00:00-04:00': {'Open': 227.69000244140625, 'High': 231.8699951171875, 'Low': 214.3300018310547, 'Close': 216.86000061035156, 'Volume': 83861900, 'Dividends': 0.0, 'Stock Splits': 0.0}, '2024-08-02 00:00:00-04:00': {'Open': 214.8800048828125, 'High': 216.1300048828125, 'Low': 205.77999877929688, 'Close': 207.6699981689453, 'Volume': 82880100, 'Dividends': 0.0, 'Stock Splits': 0.0}, '2024-08-05 00:00:00-04:00': {'Open': 185.22000122070312, 'High': 203.8800048828125, 'Low': 182.0, 'Close': 198.8800048828125, 'Volume': 100308800, 'Dividends': 0.0, 'Stock Splits': 0.0}, '2024-08-06 00:00:00-04:00': {'Open': 200.75, 'High': 202.89999389648438, 'Low': 192.6699981689453, 'Close': 200.63999938964844, 'Volume': 73783900, 'Dividends': 0.0, 'Stock Splits': 0.0}, '2024-08-07 00:00:00-04:00': {'Open': 200.77000427246094, 'High': 203.49000549316406, 'Low': 191.47999572753906, 'Close': 191.75999450683594, 'Volume': 71159800, 'Dividends': 0.0, 'Stock Splits': 0.0}, '2024-08-08 00:00:00-04:00': {'Open': 195.6999969482422, 'High': 200.6999969482422, 'Low': 192.0399932861328, 'Close': 198.83999633789062, 'Volume': 65033900, 'Dividends': 0.0, 'Stock Splits': 0.0}, '2024-08-09 00:00:00-04:00': {'Open': 197.0500030517578, 'High': 200.8800048828125, 'Low': 195.11000061035156, 'Close': 200.0, 'Volume': 58648300, 'Dividends': 0.0, 'Stock Splits': 0.0}, '2024-08-12 00:00:00-04:00': {'Open': 199.02000427246094, 'High': 199.25999450683594, 'Low': 194.6699981689453, 'Close': 197.49000549316406, 'Volume': 64044900, 'Dividends': 0.0, 'Stock Splits': 0.0}, '2024-08-13 00:00:00-04:00': {'Open': 198.47000122070312, 'High': 208.49000549316406, 'Low': 197.05999755859375, 'Close': 207.8300018310547, 'Volume': 76247400, 'Dividends': 0.0, 'Stock Splits': 0.0}, '2024-08-14 00:00:00-04:00': {'Open': 207.38999938964844, 'High': 208.44000244140625, 'Low': 198.75, 'Close': 201.3800048828125, 'Volume': 70250000, 'Dividends': 0.0, 'Stock Splits': 0.0}, '2024-08-15 00:00:00-04:00': {'Open': 205.02000427246094, 'High': 215.8800048828125, 'Low': 204.82000732421875, 'Close': 214.13999938964844, 'Volume': 89848500, 'Dividends': 0.0, 'Stock Splits': 0.0}, '2024-08-16 00:00:00-04:00': {'Open': 211.14999389648438, 'High': 219.8000030517578, 'Low': 210.8000030517578, 'Close': 216.1199951171875, 'Volume': 88765100, 'Dividends': 0.0, 'Stock Splits': 0.0}, '2024-08-19 00:00:00-04:00': {'Open': 217.07000732421875, 'High': 222.97999572753906, 'Low': 214.08999633789062, 'Close': 222.72000122070312, 'Volume': 76435200, 'Dividends': 0.0, 'Stock Splits': 0.0}, '2024-08-20 00:00:00-04:00': {'Open': 224.8800048828125, 'High': 228.22000122070312, 'Low': 219.55999755859375, 'Close': 221.10000610351562, 'Volume': 74001200, 'Dividends': 0.0, 'Stock Splits': 0.0}, '2024-08-21 00:00:00-04:00': {'Open': 222.6699981689453, 'High': 224.66000366210938, 'Low': 218.86000061035156, 'Close': 223.27000427246094, 'Volume': 70146000, 'Dividends': 0.0, 'Stock Splits': 0.0}, '2024-08-22 00:00:00-04:00': {'Open': 223.82000732421875, 'High': 224.8000030517578, 'Low': 210.32000732421875, 'Close': 210.66000366210938, 'Volume': 79514500, 'Dividends': 0.0, 'Stock Splits': 0.0}, '2024-08-23 00:00:00-04:00': {'Open': 214.4600067138672, 'High': 221.47999572753906, 'Low': 214.2100067138672, 'Close': 220.32000732421875, 'Volume': 81525200, 'Dividends': 0.0, 'Stock Splits': 0.0}, '2024-08-26 00:00:00-04:00': {'Open': 218.75, 'High': 219.08999633789062, 'Low': 211.00999450683594, 'Close': 213.2100067138672, 'Volume': 59301200, 'Dividends': 0.0, 'Stock Splits': 0.0}, '2024-08-27 00:00:00-04:00': {'Open': 213.25, 'High': 215.66000366210938, 'Low': 206.94000244140625, 'Close': 209.2100067138672, 'Volume': 62821400, 'Dividends': 0.0, 'Stock Splits': 0.0}, '2024-08-28 00:00:00-04:00': {'Open': 209.72000122070312, 'High': 211.83999633789062, 'Low': 202.58999633789062, 'Close': 205.75, 'Volume': 64116400, 'Dividends': 0.0, 'Stock Splits': 0.0}, '2024-08-29 00:00:00-04:00': {'Open': 209.8000030517578, 'High': 214.88999938964844, 'Low': 205.97000122070312, 'Close': 206.27999877929688, 'Volume': 62308800, 'Dividends': 0.0, 'Stock Splits': 0.0}, '2024-08-30 00:00:00-04:00': {'Open': 208.6300048828125, 'High': 214.57000732421875, 'Low': 207.02999877929688, 'Close': 214.11000061035156, 'Volume': 63370600, 'Dividends': 0.0, 'Stock Splits': 0.0}}
[2025-02-25T10:08:17.360+0000] {python.py:194} INFO - Done. Returned value was: None
[2025-02-25T10:08:17.428+0000] {taskinstance.py:1400} INFO - Marking task as SUCCESS. dag_id=yfinance_python_processing_dag, task_id=fetch_data, execution_date=20240801T000000, start_date=20250225T100814, end_date=20250225T100817
[2025-02-25T10:08:17.546+0000] {local_task_job_runner.py:228} INFO - Task exited with return code 0
[2025-02-25T10:08:17.696+0000] {taskinstance.py:2784} INFO - 1 downstream tasks scheduled from follow-on schedule check
