[2025-02-26T20:18:09.801+0000] {taskinstance.py:1159} INFO - Dependencies all met for dep_context=non-requeueable deps ti=<TaskInstance: yfinance_ingestion_dag.run_mapreduce scheduled__2025-01-09T00:00:00+00:00 [queued]>
[2025-02-26T20:18:09.854+0000] {taskinstance.py:1159} INFO - Dependencies all met for dep_context=requeueable deps ti=<TaskInstance: yfinance_ingestion_dag.run_mapreduce scheduled__2025-01-09T00:00:00+00:00 [queued]>
[2025-02-26T20:18:09.868+0000] {taskinstance.py:1361} INFO - Starting attempt 1 of 2
[2025-02-26T20:18:09.983+0000] {taskinstance.py:1382} INFO - Executing <Task(BashOperator): run_mapreduce> on 2025-01-09 00:00:00+00:00
[2025-02-26T20:18:10.000+0000] {standard_task_runner.py:57} INFO - Started process 598 to run task
[2025-02-26T20:18:10.035+0000] {standard_task_runner.py:84} INFO - Running: ['***', 'tasks', 'run', 'yfinance_ingestion_dag', 'run_mapreduce', 'scheduled__2025-01-09T00:00:00+00:00', '--job-id', '93', '--raw', '--subdir', 'DAGS_FOLDER/pipeline.py', '--cfg-path', '/tmp/tmp220d4u03']
[2025-02-26T20:18:10.065+0000] {standard_task_runner.py:85} INFO - Job 93: Subtask run_mapreduce
[2025-02-26T20:18:10.688+0000] {task_command.py:415} INFO - Running <TaskInstance: yfinance_ingestion_dag.run_mapreduce scheduled__2025-01-09T00:00:00+00:00 [running]> on host c96a1011f5a3
[2025-02-26T20:18:11.465+0000] {taskinstance.py:1660} INFO - Exporting env vars: AIRFLOW_CTX_DAG_OWNER='etudiant' AIRFLOW_CTX_DAG_ID='yfinance_ingestion_dag' AIRFLOW_CTX_TASK_ID='run_mapreduce' AIRFLOW_CTX_EXECUTION_DATE='2025-01-09T00:00:00+00:00' AIRFLOW_CTX_TRY_NUMBER='1' AIRFLOW_CTX_DAG_RUN_ID='scheduled__2025-01-09T00:00:00+00:00'
[2025-02-26T20:18:11.497+0000] {subprocess.py:63} INFO - Tmp dir root location: /tmp
[2025-02-26T20:18:11.534+0000] {subprocess.py:75} INFO - Running command: ['/bin/bash', '-c', '\n        docker exec -i -u root namenode bash -c \'         cd /tmp &&         cp /mnt/hadoop_data/mapreduce/mapper.py . &&         cp /mnt/hadoop_data/mapreduce/reducer.py . &&         chmod +x mapper.py reducer.py &&         hdfs dfs -rm -r hdfs:///user/etudiant/crypto/processed/YYYY=2025/MM=01/DD=09 || true &&         hadoop jar /opt/hadoop-3.2.1/share/hadoop/tools/lib/hadoop-streaming-3.2.1.jar         -files mapper.py,reducer.py         -mapper "python mapper.py"         -reducer "python reducer.py"         -input hdfs:///user/etudiant/crypto/raw/YYYY=2025/MM=01/DD=09/yfinance_raw.json         -output hdfs:///user/etudiant/crypto/processed/YYYY=2025/MM=01/DD=09\'\n        ']
[2025-02-26T20:18:11.664+0000] {subprocess.py:86} INFO - Output:
[2025-02-26T20:18:28.843+0000] {subprocess.py:93} INFO - rm: `hdfs:///user/etudiant/crypto/processed/YYYY=2025/MM=01/DD=09': No such file or directory
[2025-02-26T20:18:52.031+0000] {subprocess.py:93} INFO - 2025-02-26 20:18:52,027 INFO impl.MetricsConfig: Loaded properties from hadoop-metrics2.properties
[2025-02-26T20:18:52.589+0000] {subprocess.py:93} INFO - 2025-02-26 20:18:52,586 INFO impl.MetricsSystemImpl: Scheduled Metric snapshot period at 10 second(s).
[2025-02-26T20:18:52.617+0000] {subprocess.py:93} INFO - 2025-02-26 20:18:52,587 INFO impl.MetricsSystemImpl: JobTracker metrics system started
[2025-02-26T20:18:52.718+0000] {subprocess.py:93} INFO - 2025-02-26 20:18:52,710 WARN impl.MetricsSystemImpl: JobTracker metrics system already initialized!
[2025-02-26T20:18:56.678+0000] {subprocess.py:93} INFO - 2025-02-26 20:18:56,675 INFO mapred.FileInputFormat: Total input files to process : 1
[2025-02-26T20:18:57.301+0000] {subprocess.py:93} INFO - 2025-02-26 20:18:57,286 INFO mapreduce.JobSubmitter: number of splits:1
[2025-02-26T20:18:59.787+0000] {subprocess.py:93} INFO - 2025-02-26 20:18:59,785 INFO mapreduce.JobSubmitter: Submitting tokens for job: job_local624408337_0001
[2025-02-26T20:18:59.788+0000] {subprocess.py:93} INFO - 2025-02-26 20:18:59,785 INFO mapreduce.JobSubmitter: Executing with tokens: []
[2025-02-26T20:19:04.313+0000] {subprocess.py:93} INFO - 2025-02-26 20:19:04,311 INFO mapred.LocalDistributedCacheManager: Localized file:/tmp/mapper.py as file:/tmp/hadoop-root/mapred/local/job_local624408337_0001_b174908a-ce58-4fe6-acc1-3cf248a9d9b2/mapper.py
[2025-02-26T20:19:04.781+0000] {subprocess.py:93} INFO - 2025-02-26 20:19:04,779 INFO mapred.LocalDistributedCacheManager: Localized file:/tmp/reducer.py as file:/tmp/hadoop-root/mapred/local/job_local624408337_0001_5ee26dee-fb52-42ea-b661-63b9e15c1774/reducer.py
[2025-02-26T20:19:05.846+0000] {subprocess.py:93} INFO - 2025-02-26 20:19:05,813 INFO mapreduce.Job: The url to track the job: http://localhost:8080/
[2025-02-26T20:19:05.850+0000] {subprocess.py:93} INFO - 2025-02-26 20:19:05,820 INFO mapreduce.Job: Running job: job_local624408337_0001
[2025-02-26T20:19:06.009+0000] {subprocess.py:93} INFO - 2025-02-26 20:19:06,000 INFO mapred.LocalJobRunner: OutputCommitter set in config null
[2025-02-26T20:19:06.031+0000] {subprocess.py:93} INFO - 2025-02-26 20:19:06,029 INFO mapred.LocalJobRunner: OutputCommitter is org.apache.hadoop.mapred.FileOutputCommitter
[2025-02-26T20:19:06.089+0000] {subprocess.py:93} INFO - 2025-02-26 20:19:06,087 INFO output.FileOutputCommitter: File Output Committer Algorithm version is 2
[2025-02-26T20:19:06.091+0000] {subprocess.py:93} INFO - 2025-02-26 20:19:06,088 INFO output.FileOutputCommitter: FileOutputCommitter skip cleanup _temporary folders under output directory:false, ignore cleanup failures: false
[2025-02-26T20:19:05.775+0000] {subprocess.py:93} INFO - 2025-02-26 20:19:05,773 INFO mapred.LocalJobRunner: Waiting for map tasks
[2025-02-26T20:19:05.790+0000] {subprocess.py:93} INFO - 2025-02-26 20:19:05,787 INFO mapred.LocalJobRunner: Starting task: attempt_local624408337_0001_m_000000_0
[2025-02-26T20:19:05.997+0000] {subprocess.py:93} INFO - 2025-02-26 20:19:05,975 INFO output.FileOutputCommitter: File Output Committer Algorithm version is 2
[2025-02-26T20:19:06.001+0000] {subprocess.py:93} INFO - 2025-02-26 20:19:05,989 INFO output.FileOutputCommitter: FileOutputCommitter skip cleanup _temporary folders under output directory:false, ignore cleanup failures: false
[2025-02-26T20:19:06.168+0000] {subprocess.py:93} INFO - 2025-02-26 20:19:06,166 INFO mapreduce.Job: Job job_local624408337_0001 running in uber mode : false
[2025-02-26T20:19:06.169+0000] {subprocess.py:93} INFO - 2025-02-26 20:19:06,168 INFO mapreduce.Job:  map 0% reduce 0%
[2025-02-26T20:19:06.297+0000] {subprocess.py:93} INFO - 2025-02-26 20:19:06,295 INFO mapred.Task:  Using ResourceCalculatorProcessTree : [ ]
[2025-02-26T20:19:06.478+0000] {subprocess.py:93} INFO - 2025-02-26 20:19:06,476 INFO mapred.MapTask: Processing split: hdfs://namenode:9000/user/etudiant/crypto/raw/YYYY=2025/MM=01/DD=09/yfinance_raw.json:0+19761
[2025-02-26T20:19:06.530+0000] {subprocess.py:93} INFO - 2025-02-26 20:19:06,529 INFO mapred.MapTask: numReduceTasks: 1
[2025-02-26T20:19:06.635+0000] {subprocess.py:93} INFO - 2025-02-26 20:19:06,631 INFO mapred.MapTask: (EQUATOR) 0 kvi 26214396(104857584)
[2025-02-26T20:19:06.636+0000] {subprocess.py:93} INFO - 2025-02-26 20:19:06,631 INFO mapred.MapTask: mapreduce.task.io.sort.mb: 100
[2025-02-26T20:19:06.641+0000] {subprocess.py:93} INFO - 2025-02-26 20:19:06,631 INFO mapred.MapTask: soft limit at 83886080
[2025-02-26T20:19:06.643+0000] {subprocess.py:93} INFO - 2025-02-26 20:19:06,631 INFO mapred.MapTask: bufstart = 0; bufvoid = 104857600
[2025-02-26T20:19:06.651+0000] {subprocess.py:93} INFO - 2025-02-26 20:19:06,631 INFO mapred.MapTask: kvstart = 26214396; length = 6553600
[2025-02-26T20:19:06.653+0000] {subprocess.py:93} INFO - 2025-02-26 20:19:06,639 INFO mapred.MapTask: Map output collector class = org.apache.hadoop.mapred.MapTask$MapOutputBuffer
[2025-02-26T20:19:06.675+0000] {subprocess.py:93} INFO - 2025-02-26 20:19:06,673 INFO streaming.PipeMapRed: PipeMapRed exec [/usr/bin/python, mapper.py]
[2025-02-26T20:19:06.685+0000] {subprocess.py:93} INFO - 2025-02-26 20:19:06,684 INFO Configuration.deprecation: mapred.work.output.dir is deprecated. Instead, use mapreduce.task.output.dir
[2025-02-26T20:19:06.689+0000] {subprocess.py:93} INFO - 2025-02-26 20:19:06,686 INFO Configuration.deprecation: map.input.start is deprecated. Instead, use mapreduce.map.input.start
[2025-02-26T20:19:06.696+0000] {subprocess.py:93} INFO - 2025-02-26 20:19:06,693 INFO Configuration.deprecation: mapred.task.is.map is deprecated. Instead, use mapreduce.task.ismap
[2025-02-26T20:19:06.700+0000] {subprocess.py:93} INFO - 2025-02-26 20:19:06,696 INFO Configuration.deprecation: mapred.task.id is deprecated. Instead, use mapreduce.task.attempt.id
[2025-02-26T20:19:06.709+0000] {subprocess.py:93} INFO - 2025-02-26 20:19:06,707 INFO Configuration.deprecation: mapred.tip.id is deprecated. Instead, use mapreduce.task.id
[2025-02-26T20:19:06.710+0000] {subprocess.py:93} INFO - 2025-02-26 20:19:06,707 INFO Configuration.deprecation: mapred.local.dir is deprecated. Instead, use mapreduce.cluster.local.dir
[2025-02-26T20:19:06.719+0000] {subprocess.py:93} INFO - 2025-02-26 20:19:06,708 INFO Configuration.deprecation: map.input.file is deprecated. Instead, use mapreduce.map.input.file
[2025-02-26T20:19:06.720+0000] {subprocess.py:93} INFO - 2025-02-26 20:19:06,709 INFO Configuration.deprecation: mapred.skip.on is deprecated. Instead, use mapreduce.job.skiprecords
[2025-02-26T20:19:06.721+0000] {subprocess.py:93} INFO - 2025-02-26 20:19:06,710 INFO Configuration.deprecation: map.input.length is deprecated. Instead, use mapreduce.map.input.length
[2025-02-26T20:19:06.722+0000] {subprocess.py:93} INFO - 2025-02-26 20:19:06,713 INFO Configuration.deprecation: mapred.job.id is deprecated. Instead, use mapreduce.job.id
[2025-02-26T20:19:06.722+0000] {subprocess.py:93} INFO - 2025-02-26 20:19:06,713 INFO Configuration.deprecation: user.name is deprecated. Instead, use mapreduce.job.user.name
[2025-02-26T20:19:06.724+0000] {subprocess.py:93} INFO - 2025-02-26 20:19:06,722 INFO Configuration.deprecation: mapred.task.partition is deprecated. Instead, use mapreduce.task.partition
[2025-02-26T20:19:06.942+0000] {subprocess.py:93} INFO -   File "mapper.py", line 27
[2025-02-26T20:19:06.945+0000] {subprocess.py:93} INFO -     print(f"{coin}\t{json.dumps(metrics)}")
[2025-02-26T20:19:06.948+0000] {subprocess.py:93} INFO -                                          ^
[2025-02-26T20:19:06.953+0000] {subprocess.py:93} INFO - SyntaxError: invalid syntax
[2025-02-26T20:19:06.956+0000] {subprocess.py:93} INFO - 2025-02-26 20:19:06,938 INFO streaming.PipeMapRed: MRErrorThread done
[2025-02-26T20:19:07.048+0000] {subprocess.py:93} INFO - 2025-02-26 20:19:07,028 INFO sasl.SaslDataTransferClient: SASL encryption trust check: localHostTrusted = false, remoteHostTrusted = false
[2025-02-26T20:19:08.381+0000] {subprocess.py:93} INFO - 2025-02-26 20:19:08,159 INFO streaming.PipeMapRed: R/W/S=1/0/0 in:1=1/1 [rec/s] out:0=0/1 [rec/s]
[2025-02-26T20:19:08.383+0000] {subprocess.py:93} INFO - 2025-02-26 20:19:08,162 INFO streaming.PipeMapRed: R/W/S=10/0/0 in:10=10/1 [rec/s] out:0=0/1 [rec/s]
[2025-02-26T20:19:08.387+0000] {subprocess.py:93} INFO - 2025-02-26 20:19:08,168 INFO streaming.PipeMapRed: R/W/S=100/0/0 in:100=100/1 [rec/s] out:0=0/1 [rec/s]
[2025-02-26T20:19:08.389+0000] {subprocess.py:93} INFO - 2025-02-26 20:19:08,195 WARN streaming.PipeMapRed: {}
[2025-02-26T20:19:08.392+0000] {subprocess.py:93} INFO - java.io.IOException: Stream closed
[2025-02-26T20:19:08.396+0000] {subprocess.py:93} INFO - 	at java.lang.ProcessBuilder$NullOutputStream.write(ProcessBuilder.java:433)
[2025-02-26T20:19:08.399+0000] {subprocess.py:93} INFO - 	at java.io.OutputStream.write(OutputStream.java:116)
[2025-02-26T20:19:08.415+0000] {subprocess.py:93} INFO - 	at java.io.BufferedOutputStream.write(BufferedOutputStream.java:122)
[2025-02-26T20:19:08.417+0000] {subprocess.py:93} INFO - 	at java.io.BufferedOutputStream.flushBuffer(BufferedOutputStream.java:82)
[2025-02-26T20:19:08.420+0000] {subprocess.py:93} INFO - 	at java.io.BufferedOutputStream.flush(BufferedOutputStream.java:140)
[2025-02-26T20:19:08.421+0000] {subprocess.py:93} INFO - 	at java.io.DataOutputStream.flush(DataOutputStream.java:123)
[2025-02-26T20:19:08.424+0000] {subprocess.py:93} INFO - 	at org.apache.hadoop.streaming.PipeMapRed.mapRedFinished(PipeMapRed.java:532)
[2025-02-26T20:19:08.426+0000] {subprocess.py:93} INFO - 	at org.apache.hadoop.streaming.PipeMapper.close(PipeMapper.java:130)
[2025-02-26T20:19:08.429+0000] {subprocess.py:93} INFO - 	at org.apache.hadoop.mapred.MapRunner.run(MapRunner.java:61)
[2025-02-26T20:19:08.452+0000] {subprocess.py:93} INFO - 	at org.apache.hadoop.streaming.PipeMapRunner.run(PipeMapRunner.java:34)
[2025-02-26T20:19:08.474+0000] {subprocess.py:93} INFO - 	at org.apache.hadoop.mapred.MapTask.runOldMapper(MapTask.java:465)
[2025-02-26T20:19:08.475+0000] {subprocess.py:93} INFO - 	at org.apache.hadoop.mapred.MapTask.run(MapTask.java:349)
[2025-02-26T20:19:08.481+0000] {subprocess.py:93} INFO - 	at org.apache.hadoop.mapred.LocalJobRunner$Job$MapTaskRunnable.run(LocalJobRunner.java:271)
[2025-02-26T20:19:08.500+0000] {subprocess.py:93} INFO - 	at java.util.concurrent.Executors$RunnableAdapter.call(Executors.java:511)
[2025-02-26T20:19:08.503+0000] {subprocess.py:93} INFO - 	at java.util.concurrent.FutureTask.run(FutureTask.java:266)
[2025-02-26T20:19:08.508+0000] {subprocess.py:93} INFO - 	at java.util.concurrent.ThreadPoolExecutor.runWorker(ThreadPoolExecutor.java:1149)
[2025-02-26T20:19:08.509+0000] {subprocess.py:93} INFO - 	at java.util.concurrent.ThreadPoolExecutor$Worker.run(ThreadPoolExecutor.java:624)
[2025-02-26T20:19:08.517+0000] {subprocess.py:93} INFO - 	at java.lang.Thread.run(Thread.java:748)
[2025-02-26T20:19:08.523+0000] {subprocess.py:93} INFO - 2025-02-26 20:19:08,200 INFO streaming.PipeMapRed: PipeMapRed failed!
[2025-02-26T20:19:08.534+0000] {subprocess.py:93} INFO - java.lang.RuntimeException: PipeMapRed.waitOutputThreads(): subprocess failed with code 1
[2025-02-26T20:19:08.544+0000] {subprocess.py:93} INFO - 	at org.apache.hadoop.streaming.PipeMapRed.waitOutputThreads(PipeMapRed.java:326)
[2025-02-26T20:19:08.568+0000] {subprocess.py:93} INFO - 	at org.apache.hadoop.streaming.PipeMapRed.mapRedFinished(PipeMapRed.java:539)
[2025-02-26T20:19:08.571+0000] {subprocess.py:93} INFO - 	at org.apache.hadoop.streaming.PipeMapper.close(PipeMapper.java:130)
[2025-02-26T20:19:08.577+0000] {subprocess.py:93} INFO - 	at org.apache.hadoop.mapred.MapRunner.run(MapRunner.java:61)
[2025-02-26T20:19:08.581+0000] {subprocess.py:93} INFO - 	at org.apache.hadoop.streaming.PipeMapRunner.run(PipeMapRunner.java:34)
[2025-02-26T20:19:08.609+0000] {subprocess.py:93} INFO - 	at org.apache.hadoop.mapred.MapTask.runOldMapper(MapTask.java:465)
[2025-02-26T20:19:08.625+0000] {subprocess.py:93} INFO - 	at org.apache.hadoop.mapred.MapTask.run(MapTask.java:349)
[2025-02-26T20:19:08.633+0000] {subprocess.py:93} INFO - 	at org.apache.hadoop.mapred.LocalJobRunner$Job$MapTaskRunnable.run(LocalJobRunner.java:271)
[2025-02-26T20:19:08.640+0000] {subprocess.py:93} INFO - 	at java.util.concurrent.Executors$RunnableAdapter.call(Executors.java:511)
[2025-02-26T20:19:08.652+0000] {subprocess.py:93} INFO - 	at java.util.concurrent.FutureTask.run(FutureTask.java:266)
[2025-02-26T20:19:08.660+0000] {subprocess.py:93} INFO - 	at java.util.concurrent.ThreadPoolExecutor.runWorker(ThreadPoolExecutor.java:1149)
[2025-02-26T20:19:08.673+0000] {subprocess.py:93} INFO - 	at java.util.concurrent.ThreadPoolExecutor$Worker.run(ThreadPoolExecutor.java:624)
[2025-02-26T20:19:08.677+0000] {subprocess.py:93} INFO - 	at java.lang.Thread.run(Thread.java:748)
[2025-02-26T20:19:08.690+0000] {subprocess.py:93} INFO - 2025-02-26 20:19:08,222 INFO mapred.LocalJobRunner: map task executor complete.
[2025-02-26T20:19:08.693+0000] {subprocess.py:93} INFO - 2025-02-26 20:19:08,289 WARN mapred.LocalJobRunner: job_local624408337_0001
[2025-02-26T20:19:08.693+0000] {subprocess.py:93} INFO - java.lang.Exception: java.lang.RuntimeException: PipeMapRed.waitOutputThreads(): subprocess failed with code 1
[2025-02-26T20:19:08.694+0000] {subprocess.py:93} INFO - 	at org.apache.hadoop.mapred.LocalJobRunner$Job.runTasks(LocalJobRunner.java:492)
[2025-02-26T20:19:08.694+0000] {subprocess.py:93} INFO - 	at org.apache.hadoop.mapred.LocalJobRunner$Job.run(LocalJobRunner.java:552)
[2025-02-26T20:19:08.695+0000] {subprocess.py:93} INFO - Caused by: java.lang.RuntimeException: PipeMapRed.waitOutputThreads(): subprocess failed with code 1
[2025-02-26T20:19:08.696+0000] {subprocess.py:93} INFO - 	at org.apache.hadoop.streaming.PipeMapRed.waitOutputThreads(PipeMapRed.java:326)
[2025-02-26T20:19:08.697+0000] {subprocess.py:93} INFO - 	at org.apache.hadoop.streaming.PipeMapRed.mapRedFinished(PipeMapRed.java:539)
[2025-02-26T20:19:08.698+0000] {subprocess.py:93} INFO - 	at org.apache.hadoop.streaming.PipeMapper.close(PipeMapper.java:130)
[2025-02-26T20:19:08.698+0000] {subprocess.py:93} INFO - 	at org.apache.hadoop.mapred.MapRunner.run(MapRunner.java:61)
[2025-02-26T20:19:08.702+0000] {subprocess.py:93} INFO - 	at org.apache.hadoop.streaming.PipeMapRunner.run(PipeMapRunner.java:34)
[2025-02-26T20:19:08.705+0000] {subprocess.py:93} INFO - 	at org.apache.hadoop.mapred.MapTask.runOldMapper(MapTask.java:465)
[2025-02-26T20:19:08.713+0000] {subprocess.py:93} INFO - 	at org.apache.hadoop.mapred.MapTask.run(MapTask.java:349)
[2025-02-26T20:19:08.714+0000] {subprocess.py:93} INFO - 	at org.apache.hadoop.mapred.LocalJobRunner$Job$MapTaskRunnable.run(LocalJobRunner.java:271)
[2025-02-26T20:19:08.716+0000] {subprocess.py:93} INFO - 	at java.util.concurrent.Executors$RunnableAdapter.call(Executors.java:511)
[2025-02-26T20:19:08.721+0000] {subprocess.py:93} INFO - 	at java.util.concurrent.FutureTask.run(FutureTask.java:266)
[2025-02-26T20:19:08.724+0000] {subprocess.py:93} INFO - 	at java.util.concurrent.ThreadPoolExecutor.runWorker(ThreadPoolExecutor.java:1149)
[2025-02-26T20:19:08.726+0000] {subprocess.py:93} INFO - 	at java.util.concurrent.ThreadPoolExecutor$Worker.run(ThreadPoolExecutor.java:624)
[2025-02-26T20:19:08.727+0000] {subprocess.py:93} INFO - 	at java.lang.Thread.run(Thread.java:748)
[2025-02-26T20:19:09.184+0000] {subprocess.py:93} INFO - 2025-02-26 20:19:09,179 INFO mapreduce.Job: Job job_local624408337_0001 failed with state FAILED due to: NA
[2025-02-26T20:19:09.198+0000] {subprocess.py:93} INFO - 2025-02-26 20:19:09,195 INFO mapreduce.Job: Counters: 0
[2025-02-26T20:19:09.199+0000] {subprocess.py:93} INFO - 2025-02-26 20:19:09,196 ERROR streaming.StreamJob: Job not successful!
[2025-02-26T20:19:09.200+0000] {subprocess.py:93} INFO - Streaming Command Failed!
[2025-02-26T20:19:09.856+0000] {subprocess.py:97} INFO - Command exited with return code 1
[2025-02-26T20:19:09.925+0000] {taskinstance.py:1943} ERROR - Task failed with exception
Traceback (most recent call last):
  File "/home/airflow/.local/lib/python3.8/site-packages/airflow/operators/bash.py", line 210, in execute
    raise AirflowException(
airflow.exceptions.AirflowException: Bash command failed. The command returned a non-zero exit code 1.
[2025-02-26T20:19:09.965+0000] {taskinstance.py:1400} INFO - Marking task as UP_FOR_RETRY. dag_id=yfinance_ingestion_dag, task_id=run_mapreduce, execution_date=20250109T000000, start_date=20250226T201809, end_date=20250226T201909
[2025-02-26T20:19:10.101+0000] {standard_task_runner.py:104} ERROR - Failed to execute job 93 for task run_mapreduce (Bash command failed. The command returned a non-zero exit code 1.; 598)
[2025-02-26T20:19:10.888+0000] {local_task_job_runner.py:228} INFO - Task exited with return code 1
[2025-02-26T20:19:10.989+0000] {taskinstance.py:2784} INFO - 0 downstream tasks scheduled from follow-on schedule check
[2025-02-26T20:31:10.830+0000] {taskinstance.py:1159} INFO - Dependencies all met for dep_context=non-requeueable deps ti=<TaskInstance: yfinance_ingestion_dag.run_mapreduce scheduled__2025-01-09T00:00:00+00:00 [queued]>
[2025-02-26T20:31:11.022+0000] {taskinstance.py:1159} INFO - Dependencies all met for dep_context=requeueable deps ti=<TaskInstance: yfinance_ingestion_dag.run_mapreduce scheduled__2025-01-09T00:00:00+00:00 [queued]>
[2025-02-26T20:31:11.029+0000] {taskinstance.py:1361} INFO - Starting attempt 1 of 2
[2025-02-26T20:31:11.149+0000] {taskinstance.py:1382} INFO - Executing <Task(BashOperator): run_mapreduce> on 2025-01-09 00:00:00+00:00
[2025-02-26T20:31:11.189+0000] {standard_task_runner.py:57} INFO - Started process 2073 to run task
[2025-02-26T20:31:11.259+0000] {standard_task_runner.py:84} INFO - Running: ['***', 'tasks', 'run', 'yfinance_ingestion_dag', 'run_mapreduce', 'scheduled__2025-01-09T00:00:00+00:00', '--job-id', '188', '--raw', '--subdir', 'DAGS_FOLDER/pipeline.py', '--cfg-path', '/tmp/tmpa5oi66hc']
[2025-02-26T20:31:11.300+0000] {standard_task_runner.py:85} INFO - Job 188: Subtask run_mapreduce
[2025-02-26T20:31:11.670+0000] {task_command.py:415} INFO - Running <TaskInstance: yfinance_ingestion_dag.run_mapreduce scheduled__2025-01-09T00:00:00+00:00 [running]> on host c96a1011f5a3
[2025-02-26T20:31:12.424+0000] {taskinstance.py:1660} INFO - Exporting env vars: AIRFLOW_CTX_DAG_OWNER='etudiant' AIRFLOW_CTX_DAG_ID='yfinance_ingestion_dag' AIRFLOW_CTX_TASK_ID='run_mapreduce' AIRFLOW_CTX_EXECUTION_DATE='2025-01-09T00:00:00+00:00' AIRFLOW_CTX_TRY_NUMBER='1' AIRFLOW_CTX_DAG_RUN_ID='scheduled__2025-01-09T00:00:00+00:00'
[2025-02-26T20:31:12.442+0000] {subprocess.py:63} INFO - Tmp dir root location: /tmp
[2025-02-26T20:31:12.450+0000] {subprocess.py:75} INFO - Running command: ['/bin/bash', '-c', '\n        docker exec -i -u root namenode bash -c \'         cd /tmp &&         cp /mnt/hadoop_data/mapreduce/mapper.py . &&         cp /mnt/hadoop_data/mapreduce/reducer.py . &&         chmod +x mapper.py reducer.py &&         hdfs dfs -rm -r hdfs:///user/etudiant/crypto/processed/YYYY=2025/MM=01/DD=09 || true &&         hadoop jar /opt/hadoop-3.2.1/share/hadoop/tools/lib/hadoop-streaming-3.2.1.jar         -files mapper.py,reducer.py         -mapper "python mapper.py"         -reducer "python reducer.py"         -input hdfs:///user/etudiant/crypto/raw/YYYY=2025/MM=01/DD=09/yfinance_raw.json         -output hdfs:///user/etudiant/crypto/processed/YYYY=2025/MM=01/DD=09\'\n        ']
[2025-02-26T20:31:12.531+0000] {subprocess.py:86} INFO - Output:
[2025-02-26T20:31:32.753+0000] {subprocess.py:93} INFO - rm: `hdfs:///user/etudiant/crypto/processed/YYYY=2025/MM=01/DD=09': No such file or directory
[2025-02-26T20:31:56.948+0000] {subprocess.py:93} INFO - 2025-02-26 20:31:56,868 INFO impl.MetricsConfig: Loaded properties from hadoop-metrics2.properties
[2025-02-26T20:31:58.028+0000] {subprocess.py:93} INFO - 2025-02-26 20:31:58,026 INFO impl.MetricsSystemImpl: Scheduled Metric snapshot period at 10 second(s).
[2025-02-26T20:31:58.031+0000] {subprocess.py:93} INFO - 2025-02-26 20:31:58,027 INFO impl.MetricsSystemImpl: JobTracker metrics system started
[2025-02-26T20:31:58.345+0000] {subprocess.py:93} INFO - 2025-02-26 20:31:58,344 WARN impl.MetricsSystemImpl: JobTracker metrics system already initialized!
[2025-02-26T20:32:02.547+0000] {subprocess.py:93} INFO - 2025-02-26 20:32:02,545 INFO mapred.FileInputFormat: Total input files to process : 1
[2025-02-26T20:32:13.322+0000] {subprocess.py:93} INFO - 2025-02-26 20:32:03,541 INFO mapreduce.JobSubmitter: number of splits:1
[2025-02-26T20:32:14.223+0000] {subprocess.py:97} INFO - Command exited with return code 137
[2025-02-26T20:32:14.326+0000] {taskinstance.py:1943} ERROR - Task failed with exception
Traceback (most recent call last):
  File "/home/airflow/.local/lib/python3.8/site-packages/airflow/operators/bash.py", line 210, in execute
    raise AirflowException(
airflow.exceptions.AirflowException: Bash command failed. The command returned a non-zero exit code 137.
[2025-02-26T20:32:14.375+0000] {taskinstance.py:1400} INFO - Marking task as UP_FOR_RETRY. dag_id=yfinance_ingestion_dag, task_id=run_mapreduce, execution_date=20250109T000000, start_date=20250226T203110, end_date=20250226T203214
[2025-02-26T20:32:14.929+0000] {standard_task_runner.py:104} ERROR - Failed to execute job 188 for task run_mapreduce (Bash command failed. The command returned a non-zero exit code 137.; 2073)
[2025-02-26T20:32:15.363+0000] {local_task_job_runner.py:228} INFO - Task exited with return code 1
[2025-02-26T20:32:15.767+0000] {taskinstance.py:2784} INFO - 0 downstream tasks scheduled from follow-on schedule check
[2025-02-26T20:41:03.234+0000] {taskinstance.py:1159} INFO - Dependencies all met for dep_context=non-requeueable deps ti=<TaskInstance: yfinance_ingestion_dag.run_mapreduce scheduled__2025-01-09T00:00:00+00:00 [queued]>
[2025-02-26T20:41:03.315+0000] {taskinstance.py:1159} INFO - Dependencies all met for dep_context=requeueable deps ti=<TaskInstance: yfinance_ingestion_dag.run_mapreduce scheduled__2025-01-09T00:00:00+00:00 [queued]>
[2025-02-26T20:41:03.317+0000] {taskinstance.py:1361} INFO - Starting attempt 1 of 2
[2025-02-26T20:41:03.357+0000] {taskinstance.py:1382} INFO - Executing <Task(BashOperator): run_mapreduce> on 2025-01-09 00:00:00+00:00
[2025-02-26T20:41:03.369+0000] {standard_task_runner.py:57} INFO - Started process 1510 to run task
[2025-02-26T20:41:03.377+0000] {standard_task_runner.py:84} INFO - Running: ['***', 'tasks', 'run', 'yfinance_ingestion_dag', 'run_mapreduce', 'scheduled__2025-01-09T00:00:00+00:00', '--job-id', '305', '--raw', '--subdir', 'DAGS_FOLDER/pipeline.py', '--cfg-path', '/tmp/tmp_g65b7v7']
[2025-02-26T20:41:03.387+0000] {standard_task_runner.py:85} INFO - Job 305: Subtask run_mapreduce
[2025-02-26T20:41:03.527+0000] {task_command.py:415} INFO - Running <TaskInstance: yfinance_ingestion_dag.run_mapreduce scheduled__2025-01-09T00:00:00+00:00 [running]> on host 3c0faf52b292
[2025-02-26T20:41:03.777+0000] {taskinstance.py:1660} INFO - Exporting env vars: AIRFLOW_CTX_DAG_OWNER='etudiant' AIRFLOW_CTX_DAG_ID='yfinance_ingestion_dag' AIRFLOW_CTX_TASK_ID='run_mapreduce' AIRFLOW_CTX_EXECUTION_DATE='2025-01-09T00:00:00+00:00' AIRFLOW_CTX_TRY_NUMBER='1' AIRFLOW_CTX_DAG_RUN_ID='scheduled__2025-01-09T00:00:00+00:00'
[2025-02-26T20:41:03.782+0000] {subprocess.py:63} INFO - Tmp dir root location: /tmp
[2025-02-26T20:41:03.786+0000] {subprocess.py:75} INFO - Running command: ['/bin/bash', '-c', '\n        docker exec -i -u root namenode bash -c \'         cd /tmp &&         cp /mnt/hadoop_data/mapreduce/mapper.py . &&         cp /mnt/hadoop_data/mapreduce/reducer.py . &&         chmod +x mapper.py reducer.py &&         hdfs dfs -rm -r hdfs:///user/etudiant/crypto/processed/YYYY=2025/MM=01/DD=09 || true &&         hadoop jar /opt/hadoop-3.2.1/share/hadoop/tools/lib/hadoop-streaming-3.2.1.jar         -files mapper.py,reducer.py         -mapper "python mapper.py"         -reducer "python reducer.py"         -input hdfs:///user/etudiant/crypto/raw/YYYY=2025/MM=01/DD=09/yfinance_raw.json         -output hdfs:///user/etudiant/crypto/processed/YYYY=2025/MM=01/DD=09\'\n        ']
[2025-02-26T20:41:03.826+0000] {subprocess.py:86} INFO - Output:
[2025-02-26T20:41:12.469+0000] {subprocess.py:93} INFO - rm: Cannot delete /user/etudiant/crypto/processed/YYYY=2025/MM=01/DD=09. Name node is in safe mode.
[2025-02-26T20:41:26.778+0000] {subprocess.py:93} INFO - 2025-02-26 20:41:26,768 INFO impl.MetricsConfig: Loaded properties from hadoop-metrics2.properties
[2025-02-26T20:41:27.432+0000] {subprocess.py:93} INFO - 2025-02-26 20:41:27,428 INFO impl.MetricsSystemImpl: Scheduled Metric snapshot period at 10 second(s).
[2025-02-26T20:41:27.433+0000] {subprocess.py:93} INFO - 2025-02-26 20:41:27,429 INFO impl.MetricsSystemImpl: JobTracker metrics system started
[2025-02-26T20:41:27.579+0000] {subprocess.py:93} INFO - 2025-02-26 20:41:27,546 WARN impl.MetricsSystemImpl: JobTracker metrics system already initialized!
[2025-02-26T20:41:29.237+0000] {subprocess.py:93} INFO - 2025-02-26 20:41:29,188 ERROR streaming.StreamJob: Error Launching job : Output directory hdfs://namenode:9000/user/etudiant/crypto/processed/YYYY=2025/MM=01/DD=09 already exists
[2025-02-26T20:41:29.253+0000] {subprocess.py:93} INFO - Streaming Command Failed!
[2025-02-26T20:41:30.152+0000] {subprocess.py:97} INFO - Command exited with return code 5
[2025-02-26T20:41:30.187+0000] {taskinstance.py:1943} ERROR - Task failed with exception
Traceback (most recent call last):
  File "/home/airflow/.local/lib/python3.8/site-packages/airflow/operators/bash.py", line 210, in execute
    raise AirflowException(
airflow.exceptions.AirflowException: Bash command failed. The command returned a non-zero exit code 5.
[2025-02-26T20:41:30.199+0000] {taskinstance.py:1400} INFO - Marking task as UP_FOR_RETRY. dag_id=yfinance_ingestion_dag, task_id=run_mapreduce, execution_date=20250109T000000, start_date=20250226T204103, end_date=20250226T204130
[2025-02-26T20:41:30.259+0000] {standard_task_runner.py:104} ERROR - Failed to execute job 305 for task run_mapreduce (Bash command failed. The command returned a non-zero exit code 5.; 1510)
[2025-02-26T20:41:30.310+0000] {local_task_job_runner.py:228} INFO - Task exited with return code 1
[2025-02-26T20:41:30.364+0000] {taskinstance.py:2784} INFO - 0 downstream tasks scheduled from follow-on schedule check
