[2025-02-25T09:48:44.133+0000] {taskinstance.py:1159} INFO - Dependencies all met for dep_context=non-requeueable deps ti=<TaskInstance: yfinance_ingestion_dag.store_raw_data_in_hdfs scheduled__2025-01-13T00:00:00+00:00 [queued]>
[2025-02-25T09:48:44.169+0000] {taskinstance.py:1159} INFO - Dependencies all met for dep_context=requeueable deps ti=<TaskInstance: yfinance_ingestion_dag.store_raw_data_in_hdfs scheduled__2025-01-13T00:00:00+00:00 [queued]>
[2025-02-25T09:48:44.178+0000] {taskinstance.py:1361} INFO - Starting attempt 1 of 2
[2025-02-25T09:48:44.426+0000] {taskinstance.py:1382} INFO - Executing <Task(PythonOperator): store_raw_data_in_hdfs> on 2025-01-13 00:00:00+00:00
[2025-02-25T09:48:44.441+0000] {standard_task_runner.py:57} INFO - Started process 333 to run task
[2025-02-25T09:48:44.471+0000] {standard_task_runner.py:84} INFO - Running: ['***', 'tasks', 'run', 'yfinance_ingestion_dag', 'store_raw_data_in_hdfs', 'scheduled__2025-01-13T00:00:00+00:00', '--job-id', '54', '--raw', '--subdir', 'DAGS_FOLDER/test_hello.py', '--cfg-path', '/tmp/tmpqt_4d1ii']
[2025-02-25T09:48:44.477+0000] {standard_task_runner.py:85} INFO - Job 54: Subtask store_raw_data_in_hdfs
[2025-02-25T09:48:44.831+0000] {task_command.py:415} INFO - Running <TaskInstance: yfinance_ingestion_dag.store_raw_data_in_hdfs scheduled__2025-01-13T00:00:00+00:00 [running]> on host 6dbd75e48aaa
[2025-02-25T09:48:45.262+0000] {taskinstance.py:1660} INFO - Exporting env vars: AIRFLOW_CTX_DAG_OWNER='etudiant' AIRFLOW_CTX_DAG_ID='yfinance_ingestion_dag' AIRFLOW_CTX_TASK_ID='store_raw_data_in_hdfs' AIRFLOW_CTX_EXECUTION_DATE='2025-01-13T00:00:00+00:00' AIRFLOW_CTX_TRY_NUMBER='1' AIRFLOW_CTX_DAG_RUN_ID='scheduled__2025-01-13T00:00:00+00:00'
[2025-02-25T09:49:38.033+0000] {python.py:194} INFO - Done. Returned value was: None
[2025-02-25T09:49:38.225+0000] {taskinstance.py:1400} INFO - Marking task as SUCCESS. dag_id=yfinance_ingestion_dag, task_id=store_raw_data_in_hdfs, execution_date=20250113T000000, start_date=20250225T094844, end_date=20250225T094938
[2025-02-25T09:49:38.465+0000] {local_task_job_runner.py:228} INFO - Task exited with return code 0
[2025-02-25T09:49:38.685+0000] {taskinstance.py:2784} INFO - 0 downstream tasks scheduled from follow-on schedule check
[2025-02-26T20:10:58.276+0000] {taskinstance.py:1159} INFO - Dependencies all met for dep_context=non-requeueable deps ti=<TaskInstance: yfinance_ingestion_dag.store_raw_data_in_hdfs scheduled__2025-01-13T00:00:00+00:00 [queued]>
[2025-02-26T20:10:58.295+0000] {taskinstance.py:1159} INFO - Dependencies all met for dep_context=requeueable deps ti=<TaskInstance: yfinance_ingestion_dag.store_raw_data_in_hdfs scheduled__2025-01-13T00:00:00+00:00 [queued]>
[2025-02-26T20:10:58.296+0000] {taskinstance.py:1361} INFO - Starting attempt 1 of 2
[2025-02-26T20:10:58.321+0000] {taskinstance.py:1382} INFO - Executing <Task(PythonOperator): store_raw_data_in_hdfs> on 2025-01-13 00:00:00+00:00
[2025-02-26T20:10:58.330+0000] {standard_task_runner.py:57} INFO - Started process 540 to run task
[2025-02-26T20:10:58.335+0000] {standard_task_runner.py:84} INFO - Running: ['***', 'tasks', 'run', 'yfinance_ingestion_dag', 'store_raw_data_in_hdfs', 'scheduled__2025-01-13T00:00:00+00:00', '--job-id', '63', '--raw', '--subdir', 'DAGS_FOLDER/pipeline.py', '--cfg-path', '/tmp/tmp3l5de_fb']
[2025-02-26T20:10:58.341+0000] {standard_task_runner.py:85} INFO - Job 63: Subtask store_raw_data_in_hdfs
[2025-02-26T20:10:58.413+0000] {task_command.py:415} INFO - Running <TaskInstance: yfinance_ingestion_dag.store_raw_data_in_hdfs scheduled__2025-01-13T00:00:00+00:00 [running]> on host e304e68c626e
[2025-02-26T20:10:58.531+0000] {taskinstance.py:1660} INFO - Exporting env vars: AIRFLOW_CTX_DAG_OWNER='etudiant' AIRFLOW_CTX_DAG_ID='yfinance_ingestion_dag' AIRFLOW_CTX_TASK_ID='store_raw_data_in_hdfs' AIRFLOW_CTX_EXECUTION_DATE='2025-01-13T00:00:00+00:00' AIRFLOW_CTX_TRY_NUMBER='1' AIRFLOW_CTX_DAG_RUN_ID='scheduled__2025-01-13T00:00:00+00:00'
[2025-02-26T20:10:58.551+0000] {taskinstance.py:1943} ERROR - Task failed with exception
Traceback (most recent call last):
  File "/home/airflow/.local/lib/python3.8/site-packages/airflow/operators/python.py", line 192, in execute
    return_value = self.execute_callable()
  File "/home/airflow/.local/lib/python3.8/site-packages/airflow/operators/python.py", line 209, in execute_callable
    return self.python_callable(*self.op_args, **self.op_kwargs)
  File "/opt/airflow/dags/pipeline.py", line 84, in store_raw_data_in_hdfs
    with open(local_file, 'w') as f:
PermissionError: [Errno 13] Permission denied: '/mnt/hadoop_data/yfinance_raw.json'
[2025-02-26T20:10:58.567+0000] {taskinstance.py:1400} INFO - Marking task as UP_FOR_RETRY. dag_id=yfinance_ingestion_dag, task_id=store_raw_data_in_hdfs, execution_date=20250113T000000, start_date=20250226T201058, end_date=20250226T201058
[2025-02-26T20:10:58.585+0000] {standard_task_runner.py:104} ERROR - Failed to execute job 63 for task store_raw_data_in_hdfs ([Errno 13] Permission denied: '/mnt/hadoop_data/yfinance_raw.json'; 540)
[2025-02-26T20:10:58.630+0000] {local_task_job_runner.py:228} INFO - Task exited with return code 1
[2025-02-26T20:10:58.670+0000] {taskinstance.py:2784} INFO - 0 downstream tasks scheduled from follow-on schedule check
[2025-02-26T20:30:32.624+0000] {taskinstance.py:1159} INFO - Dependencies all met for dep_context=non-requeueable deps ti=<TaskInstance: yfinance_ingestion_dag.store_raw_data_in_hdfs scheduled__2025-01-13T00:00:00+00:00 [queued]>
[2025-02-26T20:30:32.662+0000] {taskinstance.py:1159} INFO - Dependencies all met for dep_context=requeueable deps ti=<TaskInstance: yfinance_ingestion_dag.store_raw_data_in_hdfs scheduled__2025-01-13T00:00:00+00:00 [queued]>
[2025-02-26T20:30:32.665+0000] {taskinstance.py:1361} INFO - Starting attempt 1 of 2
[2025-02-26T20:30:32.892+0000] {taskinstance.py:1382} INFO - Executing <Task(PythonOperator): store_raw_data_in_hdfs> on 2025-01-13 00:00:00+00:00
[2025-02-26T20:30:32.906+0000] {standard_task_runner.py:57} INFO - Started process 1826 to run task
[2025-02-26T20:30:32.920+0000] {standard_task_runner.py:84} INFO - Running: ['***', 'tasks', 'run', 'yfinance_ingestion_dag', 'store_raw_data_in_hdfs', 'scheduled__2025-01-13T00:00:00+00:00', '--job-id', '179', '--raw', '--subdir', 'DAGS_FOLDER/pipeline.py', '--cfg-path', '/tmp/tmp_wgzioe3']
[2025-02-26T20:30:32.950+0000] {standard_task_runner.py:85} INFO - Job 179: Subtask store_raw_data_in_hdfs
[2025-02-26T20:30:33.235+0000] {task_command.py:415} INFO - Running <TaskInstance: yfinance_ingestion_dag.store_raw_data_in_hdfs scheduled__2025-01-13T00:00:00+00:00 [running]> on host c96a1011f5a3
[2025-02-26T20:30:33.655+0000] {taskinstance.py:1660} INFO - Exporting env vars: AIRFLOW_CTX_DAG_OWNER='etudiant' AIRFLOW_CTX_DAG_ID='yfinance_ingestion_dag' AIRFLOW_CTX_TASK_ID='store_raw_data_in_hdfs' AIRFLOW_CTX_EXECUTION_DATE='2025-01-13T00:00:00+00:00' AIRFLOW_CTX_TRY_NUMBER='1' AIRFLOW_CTX_DAG_RUN_ID='scheduled__2025-01-13T00:00:00+00:00'
[2025-02-26T20:31:03.090+0000] {python.py:194} INFO - Done. Returned value was: None
[2025-02-26T20:31:03.149+0000] {taskinstance.py:1400} INFO - Marking task as SUCCESS. dag_id=yfinance_ingestion_dag, task_id=store_raw_data_in_hdfs, execution_date=20250113T000000, start_date=20250226T203032, end_date=20250226T203103
[2025-02-26T20:31:03.477+0000] {local_task_job_runner.py:228} INFO - Task exited with return code 0
[2025-02-26T20:31:03.554+0000] {taskinstance.py:2784} INFO - 1 downstream tasks scheduled from follow-on schedule check
[2025-02-26T20:40:14.347+0000] {taskinstance.py:1159} INFO - Dependencies all met for dep_context=non-requeueable deps ti=<TaskInstance: yfinance_ingestion_dag.store_raw_data_in_hdfs scheduled__2025-01-13T00:00:00+00:00 [queued]>
[2025-02-26T20:40:14.394+0000] {taskinstance.py:1159} INFO - Dependencies all met for dep_context=requeueable deps ti=<TaskInstance: yfinance_ingestion_dag.store_raw_data_in_hdfs scheduled__2025-01-13T00:00:00+00:00 [queued]>
[2025-02-26T20:40:14.395+0000] {taskinstance.py:1361} INFO - Starting attempt 1 of 2
[2025-02-26T20:40:14.454+0000] {taskinstance.py:1382} INFO - Executing <Task(PythonOperator): store_raw_data_in_hdfs> on 2025-01-13 00:00:00+00:00
[2025-02-26T20:40:14.470+0000] {standard_task_runner.py:57} INFO - Started process 1268 to run task
[2025-02-26T20:40:14.488+0000] {standard_task_runner.py:84} INFO - Running: ['***', 'tasks', 'run', 'yfinance_ingestion_dag', 'store_raw_data_in_hdfs', 'scheduled__2025-01-13T00:00:00+00:00', '--job-id', '291', '--raw', '--subdir', 'DAGS_FOLDER/pipeline.py', '--cfg-path', '/tmp/tmpjef7ybn2']
[2025-02-26T20:40:14.503+0000] {standard_task_runner.py:85} INFO - Job 291: Subtask store_raw_data_in_hdfs
[2025-02-26T20:40:14.696+0000] {task_command.py:415} INFO - Running <TaskInstance: yfinance_ingestion_dag.store_raw_data_in_hdfs scheduled__2025-01-13T00:00:00+00:00 [running]> on host 3c0faf52b292
[2025-02-26T20:40:15.112+0000] {taskinstance.py:1660} INFO - Exporting env vars: AIRFLOW_CTX_DAG_OWNER='etudiant' AIRFLOW_CTX_DAG_ID='yfinance_ingestion_dag' AIRFLOW_CTX_TASK_ID='store_raw_data_in_hdfs' AIRFLOW_CTX_EXECUTION_DATE='2025-01-13T00:00:00+00:00' AIRFLOW_CTX_TRY_NUMBER='1' AIRFLOW_CTX_DAG_RUN_ID='scheduled__2025-01-13T00:00:00+00:00'
[2025-02-26T20:40:54.113+0000] {python.py:194} INFO - Done. Returned value was: None
[2025-02-26T20:40:54.149+0000] {taskinstance.py:1400} INFO - Marking task as SUCCESS. dag_id=yfinance_ingestion_dag, task_id=store_raw_data_in_hdfs, execution_date=20250113T000000, start_date=20250226T204014, end_date=20250226T204054
[2025-02-26T20:40:54.246+0000] {local_task_job_runner.py:228} INFO - Task exited with return code 0
[2025-02-26T20:40:54.372+0000] {taskinstance.py:2784} INFO - 1 downstream tasks scheduled from follow-on schedule check
