[2025-02-26T19:12:14.294+0000] {taskinstance.py:1159} INFO - Dependencies all met for dep_context=non-requeueable deps ti=<TaskInstance: yfinance_ingestion_and_process_dag.fetch_data scheduled__2025-01-04T00:00:00+00:00 [queued]>
[2025-02-26T19:12:14.402+0000] {taskinstance.py:1159} INFO - Dependencies all met for dep_context=requeueable deps ti=<TaskInstance: yfinance_ingestion_and_process_dag.fetch_data scheduled__2025-01-04T00:00:00+00:00 [queued]>
[2025-02-26T19:12:14.437+0000] {taskinstance.py:1361} INFO - Starting attempt 1 of 2
[2025-02-26T19:12:13.359+0000] {taskinstance.py:1382} INFO - Executing <Task(PythonOperator): fetch_data> on 2025-01-04 00:00:00+00:00
[2025-02-26T19:12:13.503+0000] {standard_task_runner.py:57} INFO - Started process 439 to run task
[2025-02-26T19:12:13.657+0000] {standard_task_runner.py:84} INFO - Running: ['***', 'tasks', 'run', 'yfinance_ingestion_and_process_dag', 'fetch_data', 'scheduled__2025-01-04T00:00:00+00:00', '--job-id', '258', '--raw', '--subdir', 'DAGS_FOLDER/pipeline.py', '--cfg-path', '/tmp/tmpsaqhjynw']
[2025-02-26T19:12:13.753+0000] {standard_task_runner.py:85} INFO - Job 258: Subtask fetch_data
[2025-02-26T19:12:14.614+0000] {task_command.py:415} INFO - Running <TaskInstance: yfinance_ingestion_and_process_dag.fetch_data scheduled__2025-01-04T00:00:00+00:00 [running]> on host 405afb11abaf
[2025-02-26T19:12:15.680+0000] {taskinstance.py:1660} INFO - Exporting env vars: AIRFLOW_CTX_DAG_OWNER='etudiant' AIRFLOW_CTX_DAG_ID='yfinance_ingestion_and_process_dag' AIRFLOW_CTX_TASK_ID='fetch_data' AIRFLOW_CTX_EXECUTION_DATE='2025-01-04T00:00:00+00:00' AIRFLOW_CTX_TRY_NUMBER='1' AIRFLOW_CTX_DAG_RUN_ID='scheduled__2025-01-04T00:00:00+00:00'
[2025-02-26T19:12:20.474+0000] {python.py:194} INFO - Done. Returned value was: None
[2025-02-26T19:12:20.571+0000] {taskinstance.py:1400} INFO - Marking task as SUCCESS. dag_id=yfinance_ingestion_and_process_dag, task_id=fetch_data, execution_date=20250104T000000, start_date=20250226T191214, end_date=20250226T191220
[2025-02-26T19:12:21.641+0000] {local_task_job_runner.py:228} INFO - Task exited with return code 0
[2025-02-26T19:12:21.823+0000] {taskinstance.py:2784} INFO - 1 downstream tasks scheduled from follow-on schedule check
[2025-02-26T20:04:44.936+0000] {taskinstance.py:1159} INFO - Dependencies all met for dep_context=non-requeueable deps ti=<TaskInstance: yfinance_ingestion_and_process_dag.fetch_data scheduled__2025-01-04T00:00:00+00:00 [queued]>
[2025-02-26T20:04:45.006+0000] {taskinstance.py:1159} INFO - Dependencies all met for dep_context=requeueable deps ti=<TaskInstance: yfinance_ingestion_and_process_dag.fetch_data scheduled__2025-01-04T00:00:00+00:00 [queued]>
[2025-02-26T20:04:45.040+0000] {taskinstance.py:1361} INFO - Starting attempt 1 of 2
[2025-02-26T20:04:45.645+0000] {taskinstance.py:1382} INFO - Executing <Task(PythonOperator): fetch_data> on 2025-01-04 00:00:00+00:00
[2025-02-26T20:04:45.766+0000] {standard_task_runner.py:57} INFO - Started process 238 to run task
[2025-02-26T20:04:45.863+0000] {standard_task_runner.py:84} INFO - Running: ['***', 'tasks', 'run', 'yfinance_ingestion_and_process_dag', 'fetch_data', 'scheduled__2025-01-04T00:00:00+00:00', '--job-id', '4', '--raw', '--subdir', 'DAGS_FOLDER/pipeline.py', '--cfg-path', '/tmp/tmp1_0s9e7i']
[2025-02-26T20:04:45.893+0000] {standard_task_runner.py:85} INFO - Job 4: Subtask fetch_data
[2025-02-26T20:04:46.312+0000] {task_command.py:415} INFO - Running <TaskInstance: yfinance_ingestion_and_process_dag.fetch_data scheduled__2025-01-04T00:00:00+00:00 [running]> on host e304e68c626e
[2025-02-26T20:04:46.702+0000] {taskinstance.py:1660} INFO - Exporting env vars: AIRFLOW_CTX_DAG_OWNER='etudiant' AIRFLOW_CTX_DAG_ID='yfinance_ingestion_and_process_dag' AIRFLOW_CTX_TASK_ID='fetch_data' AIRFLOW_CTX_EXECUTION_DATE='2025-01-04T00:00:00+00:00' AIRFLOW_CTX_TRY_NUMBER='1' AIRFLOW_CTX_DAG_RUN_ID='scheduled__2025-01-04T00:00:00+00:00'
[2025-02-26T20:04:49.441+0000] {python.py:194} INFO - Done. Returned value was: None
[2025-02-26T20:04:49.481+0000] {taskinstance.py:1400} INFO - Marking task as SUCCESS. dag_id=yfinance_ingestion_and_process_dag, task_id=fetch_data, execution_date=20250104T000000, start_date=20250226T200444, end_date=20250226T200449
[2025-02-26T20:04:49.647+0000] {local_task_job_runner.py:228} INFO - Task exited with return code 0
[2025-02-26T20:04:49.882+0000] {taskinstance.py:2784} INFO - 1 downstream tasks scheduled from follow-on schedule check
