[2025-02-26T19:30:23.661+0000] {taskinstance.py:1159} INFO - Dependencies all met for dep_context=non-requeueable deps ti=<TaskInstance: yfinance_ingestion_and_process_dag.run_mapreduce scheduled__2025-01-23T00:00:00+00:00 [queued]>
[2025-02-26T19:30:23.715+0000] {taskinstance.py:1159} INFO - Dependencies all met for dep_context=requeueable deps ti=<TaskInstance: yfinance_ingestion_and_process_dag.run_mapreduce scheduled__2025-01-23T00:00:00+00:00 [queued]>
[2025-02-26T19:30:23.716+0000] {taskinstance.py:1361} INFO - Starting attempt 1 of 2
[2025-02-26T19:30:24.598+0000] {taskinstance.py:1382} INFO - Executing <Task(BashOperator): run_mapreduce> on 2025-01-23 00:00:00+00:00
[2025-02-26T19:30:24.748+0000] {standard_task_runner.py:57} INFO - Started process 748 to run task
[2025-02-26T19:30:24.767+0000] {standard_task_runner.py:84} INFO - Running: ['***', 'tasks', 'run', 'yfinance_ingestion_and_process_dag', 'run_mapreduce', 'scheduled__2025-01-23T00:00:00+00:00', '--job-id', '344', '--raw', '--subdir', 'DAGS_FOLDER/pipeline.py', '--cfg-path', '/tmp/tmp6xrt3r0a']
[2025-02-26T19:30:24.793+0000] {standard_task_runner.py:85} INFO - Job 344: Subtask run_mapreduce
[2025-02-26T19:30:25.317+0000] {task_command.py:415} INFO - Running <TaskInstance: yfinance_ingestion_and_process_dag.run_mapreduce scheduled__2025-01-23T00:00:00+00:00 [running]> on host fc9f30cfdaf1
[2025-02-26T19:30:26.049+0000] {taskinstance.py:1660} INFO - Exporting env vars: AIRFLOW_CTX_DAG_OWNER='etudiant' AIRFLOW_CTX_DAG_ID='yfinance_ingestion_and_process_dag' AIRFLOW_CTX_TASK_ID='run_mapreduce' AIRFLOW_CTX_EXECUTION_DATE='2025-01-23T00:00:00+00:00' AIRFLOW_CTX_TRY_NUMBER='1' AIRFLOW_CTX_DAG_RUN_ID='scheduled__2025-01-23T00:00:00+00:00'
[2025-02-26T19:30:26.056+0000] {subprocess.py:63} INFO - Tmp dir root location: /tmp
[2025-02-26T19:30:26.058+0000] {subprocess.py:75} INFO - Running command: ['/bin/bash', '-c', '\n        docker exec -i -u root namenode bash -c \'         cd /tmp &&         cp /mnt/hadoop_data/mapreduce/mapper.py . &&         cp /mnt/hadoop_data/mapreduce/reducer.py . &&         chmod +x mapper.py reducer.py &&         hdfs dfs -rm -r hdfs:///user/etudiant/crypto/processed/YYYY=2025/MM=01/DD=23 || true &&         hadoop jar /opt/hadoop-3.2.1/share/hadoop/tools/lib/hadoop-streaming-3.2.1.jar         -files mapper.py,reducer.py         -mapper "python mapper.py"         -reducer "python reducer.py"         -input hdfs:///user/etudiant/crypto/raw/YYYY=2025/MM=01/DD=23/yfinance_raw.json         -output hdfs:///user/etudiant/crypto/processed/YYYY=2025/MM=01/DD=23\'\n        ']
[2025-02-26T19:30:26.097+0000] {subprocess.py:86} INFO - Output:
[2025-02-26T19:30:45.387+0000] {subprocess.py:93} INFO - rm: `hdfs:///user/etudiant/crypto/processed/YYYY=2025/MM=01/DD=23': No such file or directory
[2025-02-26T19:31:06.648+0000] {subprocess.py:93} INFO - 2025-02-26 19:31:06,638 INFO impl.MetricsConfig: Loaded properties from hadoop-metrics2.properties
[2025-02-26T19:31:07.437+0000] {subprocess.py:93} INFO - 2025-02-26 19:31:07,422 INFO impl.MetricsSystemImpl: Scheduled Metric snapshot period at 10 second(s).
[2025-02-26T19:31:07.441+0000] {subprocess.py:93} INFO - 2025-02-26 19:31:07,423 INFO impl.MetricsSystemImpl: JobTracker metrics system started
[2025-02-26T19:31:07.639+0000] {subprocess.py:93} INFO - 2025-02-26 19:31:07,586 WARN impl.MetricsSystemImpl: JobTracker metrics system already initialized!
[2025-02-26T19:31:10.531+0000] {subprocess.py:93} INFO - 2025-02-26 19:31:10,516 INFO mapred.FileInputFormat: Total input files to process : 1
[2025-02-26T19:31:11.076+0000] {subprocess.py:93} INFO - 2025-02-26 19:31:11,047 INFO mapreduce.JobSubmitter: number of splits:1
[2025-02-26T19:31:12.836+0000] {subprocess.py:93} INFO - 2025-02-26 19:31:12,819 INFO mapreduce.JobSubmitter: Submitting tokens for job: job_local131866700_0001
[2025-02-26T19:31:12.858+0000] {subprocess.py:93} INFO - 2025-02-26 19:31:12,819 INFO mapreduce.JobSubmitter: Executing with tokens: []
[2025-02-26T19:31:16.750+0000] {subprocess.py:93} INFO - 2025-02-26 19:31:16,729 INFO mapred.LocalDistributedCacheManager: Localized file:/tmp/mapper.py as file:/tmp/hadoop-root/mapred/local/job_local131866700_0001_37357a3c-d56f-4226-b83e-59dd78b94518/mapper.py
[2025-02-26T19:31:17.076+0000] {subprocess.py:93} INFO - 2025-02-26 19:31:17,073 INFO mapred.LocalDistributedCacheManager: Localized file:/tmp/reducer.py as file:/tmp/hadoop-root/mapred/local/job_local131866700_0001_9060a83d-d092-4af9-a187-0b800fdcdb9e/reducer.py
[2025-02-26T19:31:18.804+0000] {subprocess.py:93} INFO - 2025-02-26 19:31:18,802 INFO mapreduce.Job: The url to track the job: http://localhost:8080/
[2025-02-26T19:31:18.831+0000] {subprocess.py:93} INFO - 2025-02-26 19:31:18,807 INFO mapreduce.Job: Running job: job_local131866700_0001
[2025-02-26T19:31:18.835+0000] {subprocess.py:93} INFO - 2025-02-26 19:31:18,808 INFO mapred.LocalJobRunner: OutputCommitter set in config null
[2025-02-26T19:31:18.844+0000] {subprocess.py:93} INFO - 2025-02-26 19:31:18,816 INFO mapred.LocalJobRunner: OutputCommitter is org.apache.hadoop.mapred.FileOutputCommitter
[2025-02-26T19:31:19.146+0000] {subprocess.py:93} INFO - 2025-02-26 19:31:19,089 INFO output.FileOutputCommitter: File Output Committer Algorithm version is 2
[2025-02-26T19:31:19.165+0000] {subprocess.py:93} INFO - 2025-02-26 19:31:19,089 INFO output.FileOutputCommitter: FileOutputCommitter skip cleanup _temporary folders under output directory:false, ignore cleanup failures: false
[2025-02-26T19:31:19.900+0000] {subprocess.py:93} INFO - 2025-02-26 19:31:19,865 INFO mapreduce.Job: Job job_local131866700_0001 running in uber mode : false
[2025-02-26T19:31:19.904+0000] {subprocess.py:93} INFO - 2025-02-26 19:31:19,867 INFO mapreduce.Job:  map 0% reduce 0%
[2025-02-26T19:31:20.352+0000] {subprocess.py:93} INFO - 2025-02-26 19:31:20,335 INFO mapred.LocalJobRunner: Waiting for map tasks
[2025-02-26T19:31:20.556+0000] {subprocess.py:93} INFO - 2025-02-26 19:31:20,455 INFO mapred.LocalJobRunner: Starting task: attempt_local131866700_0001_m_000000_0
[2025-02-26T19:31:21.238+0000] {subprocess.py:93} INFO - 2025-02-26 19:31:21,132 INFO output.FileOutputCommitter: File Output Committer Algorithm version is 2
[2025-02-26T19:31:21.254+0000] {subprocess.py:93} INFO - 2025-02-26 19:31:21,147 INFO output.FileOutputCommitter: FileOutputCommitter skip cleanup _temporary folders under output directory:false, ignore cleanup failures: false
[2025-02-26T19:31:21.377+0000] {subprocess.py:93} INFO - 2025-02-26 19:31:21,363 INFO mapred.Task:  Using ResourceCalculatorProcessTree : [ ]
[2025-02-26T19:31:21.484+0000] {subprocess.py:93} INFO - 2025-02-26 19:31:21,473 INFO mapred.MapTask: Processing split: hdfs://namenode:9000/user/etudiant/crypto/raw/YYYY=2025/MM=01/DD=23/yfinance_raw.json:0+23882
[2025-02-26T19:31:22.081+0000] {subprocess.py:93} INFO - 2025-02-26 19:31:22,078 INFO mapred.MapTask: numReduceTasks: 1
[2025-02-26T19:31:25.758+0000] {subprocess.py:93} INFO - 2025-02-26 19:31:25,716 INFO mapred.MapTask: (EQUATOR) 0 kvi 26214396(104857584)
[2025-02-26T19:31:25.767+0000] {subprocess.py:93} INFO - 2025-02-26 19:31:25,717 INFO mapred.MapTask: mapreduce.task.io.sort.mb: 100
[2025-02-26T19:31:25.786+0000] {subprocess.py:93} INFO - 2025-02-26 19:31:25,717 INFO mapred.MapTask: soft limit at 83886080
[2025-02-26T19:31:25.821+0000] {subprocess.py:93} INFO - 2025-02-26 19:31:25,718 INFO mapred.MapTask: bufstart = 0; bufvoid = 104857600
[2025-02-26T19:31:25.838+0000] {subprocess.py:93} INFO - 2025-02-26 19:31:25,718 INFO mapred.MapTask: kvstart = 26214396; length = 6553600
[2025-02-26T19:31:25.852+0000] {subprocess.py:93} INFO - 2025-02-26 19:31:25,819 INFO mapred.MapTask: Map output collector class = org.apache.hadoop.mapred.MapTask$MapOutputBuffer
[2025-02-26T19:31:25.995+0000] {subprocess.py:93} INFO - 2025-02-26 19:31:25,985 INFO streaming.PipeMapRed: PipeMapRed exec [/usr/bin/python, mapper.py]
[2025-02-26T19:31:26.056+0000] {subprocess.py:93} INFO - 2025-02-26 19:31:26,040 INFO Configuration.deprecation: mapred.work.output.dir is deprecated. Instead, use mapreduce.task.output.dir
[2025-02-26T19:31:26.057+0000] {subprocess.py:93} INFO - 2025-02-26 19:31:26,042 INFO Configuration.deprecation: map.input.start is deprecated. Instead, use mapreduce.map.input.start
[2025-02-26T19:31:26.059+0000] {subprocess.py:93} INFO - 2025-02-26 19:31:26,044 INFO Configuration.deprecation: mapred.task.is.map is deprecated. Instead, use mapreduce.task.ismap
[2025-02-26T19:31:26.060+0000] {subprocess.py:93} INFO - 2025-02-26 19:31:26,044 INFO Configuration.deprecation: mapred.task.id is deprecated. Instead, use mapreduce.task.attempt.id
[2025-02-26T19:31:26.060+0000] {subprocess.py:93} INFO - 2025-02-26 19:31:26,047 INFO Configuration.deprecation: mapred.tip.id is deprecated. Instead, use mapreduce.task.id
[2025-02-26T19:31:26.061+0000] {subprocess.py:93} INFO - 2025-02-26 19:31:26,047 INFO Configuration.deprecation: mapred.local.dir is deprecated. Instead, use mapreduce.cluster.local.dir
[2025-02-26T19:31:26.063+0000] {subprocess.py:93} INFO - 2025-02-26 19:31:26,048 INFO Configuration.deprecation: map.input.file is deprecated. Instead, use mapreduce.map.input.file
[2025-02-26T19:31:26.067+0000] {subprocess.py:93} INFO - 2025-02-26 19:31:26,052 INFO Configuration.deprecation: mapred.skip.on is deprecated. Instead, use mapreduce.job.skiprecords
[2025-02-26T19:31:26.069+0000] {subprocess.py:93} INFO - 2025-02-26 19:31:26,052 INFO Configuration.deprecation: map.input.length is deprecated. Instead, use mapreduce.map.input.length
[2025-02-26T19:31:26.071+0000] {subprocess.py:93} INFO - 2025-02-26 19:31:26,056 INFO Configuration.deprecation: mapred.job.id is deprecated. Instead, use mapreduce.job.id
[2025-02-26T19:31:26.072+0000] {subprocess.py:93} INFO - 2025-02-26 19:31:26,057 INFO Configuration.deprecation: user.name is deprecated. Instead, use mapreduce.job.user.name
[2025-02-26T19:31:26.076+0000] {subprocess.py:93} INFO - 2025-02-26 19:31:26,057 INFO Configuration.deprecation: mapred.task.partition is deprecated. Instead, use mapreduce.task.partition
[2025-02-26T19:31:26.666+0000] {subprocess.py:93} INFO - 2025-02-26 19:31:26,659 INFO sasl.SaslDataTransferClient: SASL encryption trust check: localHostTrusted = false, remoteHostTrusted = false
[2025-02-26T19:31:26.739+0000] {subprocess.py:93} INFO -   File "mapper.py", line 27
[2025-02-26T19:31:26.742+0000] {subprocess.py:93} INFO -     print(f"{coin}\t{json.dumps(metrics)}")
[2025-02-26T19:31:26.743+0000] {subprocess.py:93} INFO -                                          ^
[2025-02-26T19:31:26.757+0000] {subprocess.py:93} INFO - SyntaxError: invalid syntax
[2025-02-26T19:31:26.805+0000] {subprocess.py:93} INFO - 2025-02-26 19:31:26,775 INFO streaming.PipeMapRed: MRErrorThread done
[2025-02-26T19:31:28.141+0000] {subprocess.py:93} INFO - 2025-02-26 19:31:28,126 INFO streaming.PipeMapRed: R/W/S=1/0/0 in:1=1/1 [rec/s] out:0=0/1 [rec/s]
[2025-02-26T19:31:28.150+0000] {subprocess.py:93} INFO - 2025-02-26 19:31:28,127 INFO streaming.PipeMapRed: R/W/S=10/0/0 in:10=10/1 [rec/s] out:0=0/1 [rec/s]
[2025-02-26T19:31:28.151+0000] {subprocess.py:93} INFO - 2025-02-26 19:31:28,129 INFO streaming.PipeMapRed: R/W/S=100/0/0 in:100=100/1 [rec/s] out:0=0/1 [rec/s]
[2025-02-26T19:31:28.246+0000] {subprocess.py:93} INFO - 2025-02-26 19:31:28,190 WARN streaming.PipeMapRed: {}
[2025-02-26T19:31:28.249+0000] {subprocess.py:93} INFO - java.io.IOException: Stream closed
[2025-02-26T19:31:28.250+0000] {subprocess.py:93} INFO - 	at java.lang.ProcessBuilder$NullOutputStream.write(ProcessBuilder.java:433)
[2025-02-26T19:31:28.260+0000] {subprocess.py:93} INFO - 	at java.io.OutputStream.write(OutputStream.java:116)
[2025-02-26T19:31:28.270+0000] {subprocess.py:93} INFO - 	at java.io.BufferedOutputStream.write(BufferedOutputStream.java:122)
[2025-02-26T19:31:28.287+0000] {subprocess.py:93} INFO - 	at java.io.BufferedOutputStream.flushBuffer(BufferedOutputStream.java:82)
[2025-02-26T19:31:28.288+0000] {subprocess.py:93} INFO - 	at java.io.BufferedOutputStream.flush(BufferedOutputStream.java:140)
[2025-02-26T19:31:28.290+0000] {subprocess.py:93} INFO - 	at java.io.DataOutputStream.flush(DataOutputStream.java:123)
[2025-02-26T19:31:28.297+0000] {subprocess.py:93} INFO - 	at org.apache.hadoop.streaming.PipeMapRed.mapRedFinished(PipeMapRed.java:532)
[2025-02-26T19:31:28.299+0000] {subprocess.py:93} INFO - 	at org.apache.hadoop.streaming.PipeMapper.close(PipeMapper.java:130)
[2025-02-26T19:31:28.302+0000] {subprocess.py:93} INFO - 	at org.apache.hadoop.mapred.MapRunner.run(MapRunner.java:61)
[2025-02-26T19:31:28.304+0000] {subprocess.py:93} INFO - 	at org.apache.hadoop.streaming.PipeMapRunner.run(PipeMapRunner.java:34)
[2025-02-26T19:31:28.305+0000] {subprocess.py:93} INFO - 	at org.apache.hadoop.mapred.MapTask.runOldMapper(MapTask.java:465)
[2025-02-26T19:31:28.305+0000] {subprocess.py:93} INFO - 	at org.apache.hadoop.mapred.MapTask.run(MapTask.java:349)
[2025-02-26T19:31:28.308+0000] {subprocess.py:93} INFO - 	at org.apache.hadoop.mapred.LocalJobRunner$Job$MapTaskRunnable.run(LocalJobRunner.java:271)
[2025-02-26T19:31:28.331+0000] {subprocess.py:93} INFO - 	at java.util.concurrent.Executors$RunnableAdapter.call(Executors.java:511)
[2025-02-26T19:31:28.333+0000] {subprocess.py:93} INFO - 	at java.util.concurrent.FutureTask.run(FutureTask.java:266)
[2025-02-26T19:31:28.334+0000] {subprocess.py:93} INFO - 	at java.util.concurrent.ThreadPoolExecutor.runWorker(ThreadPoolExecutor.java:1149)
[2025-02-26T19:31:28.352+0000] {subprocess.py:93} INFO - 	at java.util.concurrent.ThreadPoolExecutor$Worker.run(ThreadPoolExecutor.java:624)
[2025-02-26T19:31:28.366+0000] {subprocess.py:93} INFO - 	at java.lang.Thread.run(Thread.java:748)
[2025-02-26T19:31:28.368+0000] {subprocess.py:93} INFO - 2025-02-26 19:31:28,212 INFO streaming.PipeMapRed: PipeMapRed failed!
[2025-02-26T19:31:28.369+0000] {subprocess.py:93} INFO - java.lang.RuntimeException: PipeMapRed.waitOutputThreads(): subprocess failed with code 1
[2025-02-26T19:31:28.370+0000] {subprocess.py:93} INFO - 	at org.apache.hadoop.streaming.PipeMapRed.waitOutputThreads(PipeMapRed.java:326)
[2025-02-26T19:31:28.376+0000] {subprocess.py:93} INFO - 	at org.apache.hadoop.streaming.PipeMapRed.mapRedFinished(PipeMapRed.java:539)
[2025-02-26T19:31:28.381+0000] {subprocess.py:93} INFO - 	at org.apache.hadoop.streaming.PipeMapper.close(PipeMapper.java:130)
[2025-02-26T19:31:28.382+0000] {subprocess.py:93} INFO - 	at org.apache.hadoop.mapred.MapRunner.run(MapRunner.java:61)
[2025-02-26T19:31:28.384+0000] {subprocess.py:93} INFO - 	at org.apache.hadoop.streaming.PipeMapRunner.run(PipeMapRunner.java:34)
[2025-02-26T19:31:28.385+0000] {subprocess.py:93} INFO - 	at org.apache.hadoop.mapred.MapTask.runOldMapper(MapTask.java:465)
[2025-02-26T19:31:28.386+0000] {subprocess.py:93} INFO - 	at org.apache.hadoop.mapred.MapTask.run(MapTask.java:349)
[2025-02-26T19:31:28.386+0000] {subprocess.py:93} INFO - 	at org.apache.hadoop.mapred.LocalJobRunner$Job$MapTaskRunnable.run(LocalJobRunner.java:271)
[2025-02-26T19:31:28.387+0000] {subprocess.py:93} INFO - 	at java.util.concurrent.Executors$RunnableAdapter.call(Executors.java:511)
[2025-02-26T19:31:28.388+0000] {subprocess.py:93} INFO - 	at java.util.concurrent.FutureTask.run(FutureTask.java:266)
[2025-02-26T19:31:28.389+0000] {subprocess.py:93} INFO - 	at java.util.concurrent.ThreadPoolExecutor.runWorker(ThreadPoolExecutor.java:1149)
[2025-02-26T19:31:28.395+0000] {subprocess.py:93} INFO - 	at java.util.concurrent.ThreadPoolExecutor$Worker.run(ThreadPoolExecutor.java:624)
[2025-02-26T19:31:28.400+0000] {subprocess.py:93} INFO - 	at java.lang.Thread.run(Thread.java:748)
[2025-02-26T19:31:28.402+0000] {subprocess.py:93} INFO - 2025-02-26 19:31:28,240 INFO mapred.LocalJobRunner: map task executor complete.
[2025-02-26T19:31:28.790+0000] {subprocess.py:93} INFO - 2025-02-26 19:31:28,755 WARN mapred.LocalJobRunner: job_local131866700_0001
[2025-02-26T19:31:28.800+0000] {subprocess.py:93} INFO - java.lang.Exception: java.lang.RuntimeException: PipeMapRed.waitOutputThreads(): subprocess failed with code 1
[2025-02-26T19:31:28.801+0000] {subprocess.py:93} INFO - 	at org.apache.hadoop.mapred.LocalJobRunner$Job.runTasks(LocalJobRunner.java:492)
[2025-02-26T19:31:28.802+0000] {subprocess.py:93} INFO - 	at org.apache.hadoop.mapred.LocalJobRunner$Job.run(LocalJobRunner.java:552)
[2025-02-26T19:31:28.802+0000] {subprocess.py:93} INFO - Caused by: java.lang.RuntimeException: PipeMapRed.waitOutputThreads(): subprocess failed with code 1
[2025-02-26T19:31:28.803+0000] {subprocess.py:93} INFO - 	at org.apache.hadoop.streaming.PipeMapRed.waitOutputThreads(PipeMapRed.java:326)
[2025-02-26T19:31:28.803+0000] {subprocess.py:93} INFO - 	at org.apache.hadoop.streaming.PipeMapRed.mapRedFinished(PipeMapRed.java:539)
[2025-02-26T19:31:28.804+0000] {subprocess.py:93} INFO - 	at org.apache.hadoop.streaming.PipeMapper.close(PipeMapper.java:130)
[2025-02-26T19:31:28.804+0000] {subprocess.py:93} INFO - 	at org.apache.hadoop.mapred.MapRunner.run(MapRunner.java:61)
[2025-02-26T19:31:28.804+0000] {subprocess.py:93} INFO - 	at org.apache.hadoop.streaming.PipeMapRunner.run(PipeMapRunner.java:34)
[2025-02-26T19:31:28.805+0000] {subprocess.py:93} INFO - 	at org.apache.hadoop.mapred.MapTask.runOldMapper(MapTask.java:465)
[2025-02-26T19:31:28.805+0000] {subprocess.py:93} INFO - 	at org.apache.hadoop.mapred.MapTask.run(MapTask.java:349)
[2025-02-26T19:31:28.806+0000] {subprocess.py:93} INFO - 	at org.apache.hadoop.mapred.LocalJobRunner$Job$MapTaskRunnable.run(LocalJobRunner.java:271)
[2025-02-26T19:31:28.806+0000] {subprocess.py:93} INFO - 	at java.util.concurrent.Executors$RunnableAdapter.call(Executors.java:511)
[2025-02-26T19:31:28.807+0000] {subprocess.py:93} INFO - 	at java.util.concurrent.FutureTask.run(FutureTask.java:266)
[2025-02-26T19:31:28.807+0000] {subprocess.py:93} INFO - 	at java.util.concurrent.ThreadPoolExecutor.runWorker(ThreadPoolExecutor.java:1149)
[2025-02-26T19:31:28.808+0000] {subprocess.py:93} INFO - 	at java.util.concurrent.ThreadPoolExecutor$Worker.run(ThreadPoolExecutor.java:624)
[2025-02-26T19:31:28.809+0000] {subprocess.py:93} INFO - 	at java.lang.Thread.run(Thread.java:748)
[2025-02-26T19:31:29.749+0000] {subprocess.py:93} INFO - 2025-02-26 19:31:29,732 INFO mapreduce.Job: Job job_local131866700_0001 failed with state FAILED due to: NA
[2025-02-26T19:31:29.952+0000] {subprocess.py:93} INFO - 2025-02-26 19:31:29,910 INFO mapreduce.Job: Counters: 0
[2025-02-26T19:31:29.965+0000] {subprocess.py:93} INFO - 2025-02-26 19:31:29,924 ERROR streaming.StreamJob: Job not successful!
[2025-02-26T19:31:29.975+0000] {subprocess.py:93} INFO - Streaming Command Failed!
[2025-02-26T19:31:31.606+0000] {subprocess.py:97} INFO - Command exited with return code 1
[2025-02-26T19:31:31.721+0000] {taskinstance.py:1943} ERROR - Task failed with exception
Traceback (most recent call last):
  File "/home/airflow/.local/lib/python3.8/site-packages/airflow/operators/bash.py", line 210, in execute
    raise AirflowException(
airflow.exceptions.AirflowException: Bash command failed. The command returned a non-zero exit code 1.
[2025-02-26T19:31:31.748+0000] {taskinstance.py:1400} INFO - Marking task as UP_FOR_RETRY. dag_id=yfinance_ingestion_and_process_dag, task_id=run_mapreduce, execution_date=20250123T000000, start_date=20250226T193023, end_date=20250226T193131
[2025-02-26T19:31:31.832+0000] {standard_task_runner.py:104} ERROR - Failed to execute job 344 for task run_mapreduce (Bash command failed. The command returned a non-zero exit code 1.; 748)
[2025-02-26T19:31:31.875+0000] {local_task_job_runner.py:228} INFO - Task exited with return code 1
[2025-02-26T19:31:31.935+0000] {taskinstance.py:2784} INFO - 0 downstream tasks scheduled from follow-on schedule check
