[2025-02-25T09:52:02.700+0000] {taskinstance.py:1159} INFO - Dependencies all met for dep_context=non-requeueable deps ti=<TaskInstance: yfinance_ingestion_dag.store_raw_data_in_hdfs scheduled__2025-02-18T00:00:00+00:00 [queued]>
[2025-02-25T09:52:02.730+0000] {taskinstance.py:1159} INFO - Dependencies all met for dep_context=requeueable deps ti=<TaskInstance: yfinance_ingestion_dag.store_raw_data_in_hdfs scheduled__2025-02-18T00:00:00+00:00 [queued]>
[2025-02-25T09:52:02.731+0000] {taskinstance.py:1361} INFO - Starting attempt 1 of 2
[2025-02-25T09:52:02.793+0000] {taskinstance.py:1382} INFO - Executing <Task(PythonOperator): store_raw_data_in_hdfs> on 2025-02-18 00:00:00+00:00
[2025-02-25T09:52:02.819+0000] {standard_task_runner.py:57} INFO - Started process 1495 to run task
[2025-02-25T09:52:02.829+0000] {standard_task_runner.py:84} INFO - Running: ['***', 'tasks', 'run', 'yfinance_ingestion_dag', 'store_raw_data_in_hdfs', 'scheduled__2025-02-18T00:00:00+00:00', '--job-id', '136', '--raw', '--subdir', 'DAGS_FOLDER/test_hello.py', '--cfg-path', '/tmp/tmp03x6qwn0']
[2025-02-25T09:52:02.840+0000] {standard_task_runner.py:85} INFO - Job 136: Subtask store_raw_data_in_hdfs
[2025-02-25T09:52:03.016+0000] {task_command.py:415} INFO - Running <TaskInstance: yfinance_ingestion_dag.store_raw_data_in_hdfs scheduled__2025-02-18T00:00:00+00:00 [running]> on host 6dbd75e48aaa
[2025-02-25T09:52:03.391+0000] {taskinstance.py:1660} INFO - Exporting env vars: AIRFLOW_CTX_DAG_OWNER='etudiant' AIRFLOW_CTX_DAG_ID='yfinance_ingestion_dag' AIRFLOW_CTX_TASK_ID='store_raw_data_in_hdfs' AIRFLOW_CTX_EXECUTION_DATE='2025-02-18T00:00:00+00:00' AIRFLOW_CTX_TRY_NUMBER='1' AIRFLOW_CTX_DAG_RUN_ID='scheduled__2025-02-18T00:00:00+00:00'
[2025-02-25T09:52:28.894+0000] {python.py:194} INFO - Done. Returned value was: None
[2025-02-25T09:52:29.010+0000] {taskinstance.py:1400} INFO - Marking task as SUCCESS. dag_id=yfinance_ingestion_dag, task_id=store_raw_data_in_hdfs, execution_date=20250218T000000, start_date=20250225T095202, end_date=20250225T095229
[2025-02-25T09:52:29.762+0000] {local_task_job_runner.py:228} INFO - Task exited with return code 0
[2025-02-25T09:52:29.796+0000] {taskinstance.py:2784} INFO - 0 downstream tasks scheduled from follow-on schedule check
[2025-02-26T20:46:43.883+0000] {taskinstance.py:1159} INFO - Dependencies all met for dep_context=non-requeueable deps ti=<TaskInstance: yfinance_ingestion_dag.store_raw_data_in_hdfs scheduled__2025-02-18T00:00:00+00:00 [queued]>
[2025-02-26T20:46:43.965+0000] {taskinstance.py:1159} INFO - Dependencies all met for dep_context=requeueable deps ti=<TaskInstance: yfinance_ingestion_dag.store_raw_data_in_hdfs scheduled__2025-02-18T00:00:00+00:00 [queued]>
[2025-02-26T20:46:43.977+0000] {taskinstance.py:1361} INFO - Starting attempt 1 of 2
[2025-02-26T20:46:44.165+0000] {taskinstance.py:1382} INFO - Executing <Task(PythonOperator): store_raw_data_in_hdfs> on 2025-02-18 00:00:00+00:00
[2025-02-26T20:46:44.200+0000] {standard_task_runner.py:57} INFO - Started process 3023 to run task
[2025-02-26T20:46:44.228+0000] {standard_task_runner.py:84} INFO - Running: ['***', 'tasks', 'run', 'yfinance_ingestion_dag', 'store_raw_data_in_hdfs', 'scheduled__2025-02-18T00:00:00+00:00', '--job-id', '420', '--raw', '--subdir', 'DAGS_FOLDER/pipeline.py', '--cfg-path', '/tmp/tmpp3jnc8wt']
[2025-02-26T20:46:44.247+0000] {standard_task_runner.py:85} INFO - Job 420: Subtask store_raw_data_in_hdfs
[2025-02-26T20:46:44.543+0000] {task_command.py:415} INFO - Running <TaskInstance: yfinance_ingestion_dag.store_raw_data_in_hdfs scheduled__2025-02-18T00:00:00+00:00 [running]> on host 3c0faf52b292
[2025-02-26T20:46:45.039+0000] {taskinstance.py:1660} INFO - Exporting env vars: AIRFLOW_CTX_DAG_OWNER='etudiant' AIRFLOW_CTX_DAG_ID='yfinance_ingestion_dag' AIRFLOW_CTX_TASK_ID='store_raw_data_in_hdfs' AIRFLOW_CTX_EXECUTION_DATE='2025-02-18T00:00:00+00:00' AIRFLOW_CTX_TRY_NUMBER='1' AIRFLOW_CTX_DAG_RUN_ID='scheduled__2025-02-18T00:00:00+00:00'
[2025-02-26T20:47:18.434+0000] {python.py:194} INFO - Done. Returned value was: None
[2025-02-26T20:47:18.466+0000] {taskinstance.py:1400} INFO - Marking task as SUCCESS. dag_id=yfinance_ingestion_dag, task_id=store_raw_data_in_hdfs, execution_date=20250218T000000, start_date=20250226T204643, end_date=20250226T204718
[2025-02-26T20:47:18.544+0000] {local_task_job_runner.py:228} INFO - Task exited with return code 0
[2025-02-26T20:47:18.610+0000] {taskinstance.py:2784} INFO - 1 downstream tasks scheduled from follow-on schedule check
[2025-02-27T14:56:27.449+0000] {taskinstance.py:1157} INFO - Dependencies all met for dep_context=non-requeueable deps ti=<TaskInstance: yfinance_ingestion_dag.store_raw_data_in_hdfs scheduled__2025-02-18T00:00:00+00:00 [queued]>
[2025-02-27T14:56:27.510+0000] {taskinstance.py:1157} INFO - Dependencies all met for dep_context=requeueable deps ti=<TaskInstance: yfinance_ingestion_dag.store_raw_data_in_hdfs scheduled__2025-02-18T00:00:00+00:00 [queued]>
[2025-02-27T14:56:27.512+0000] {taskinstance.py:1359} INFO - Starting attempt 1 of 1
[2025-02-27T14:56:28.096+0000] {taskinstance.py:1380} INFO - Executing <Task(PythonOperator): store_raw_data_in_hdfs> on 2025-02-18 00:00:00+00:00
[2025-02-27T14:56:28.133+0000] {standard_task_runner.py:57} INFO - Started process 525 to run task
[2025-02-27T14:56:28.171+0000] {standard_task_runner.py:84} INFO - Running: ['***', 'tasks', 'run', 'yfinance_ingestion_dag', 'store_raw_data_in_hdfs', 'scheduled__2025-02-18T00:00:00+00:00', '--job-id', '109', '--raw', '--subdir', 'DAGS_FOLDER/pipeline.py', '--cfg-path', '/tmp/tmp7nf2llke']
[2025-02-27T14:56:28.184+0000] {standard_task_runner.py:85} INFO - Job 109: Subtask store_raw_data_in_hdfs
[2025-02-27T14:56:28.685+0000] {task_command.py:415} INFO - Running <TaskInstance: yfinance_ingestion_dag.store_raw_data_in_hdfs scheduled__2025-02-18T00:00:00+00:00 [running]> on host a71f042480b6
[2025-02-27T14:56:29.584+0000] {taskinstance.py:1660} INFO - Exporting env vars: AIRFLOW_CTX_DAG_OWNER='etudiant' AIRFLOW_CTX_DAG_ID='yfinance_ingestion_dag' AIRFLOW_CTX_TASK_ID='store_raw_data_in_hdfs' AIRFLOW_CTX_EXECUTION_DATE='2025-02-18T00:00:00+00:00' AIRFLOW_CTX_TRY_NUMBER='1' AIRFLOW_CTX_DAG_RUN_ID='scheduled__2025-02-18T00:00:00+00:00'
[2025-02-27T14:56:29.689+0000] {taskinstance.py:1935} ERROR - Task failed with exception
Traceback (most recent call last):
  File "/home/airflow/.local/lib/python3.8/site-packages/airflow/operators/python.py", line 192, in execute
    return_value = self.execute_callable()
  File "/home/airflow/.local/lib/python3.8/site-packages/airflow/operators/python.py", line 209, in execute_callable
    return self.python_callable(*self.op_args, **self.op_kwargs)
  File "/opt/airflow/dags/pipeline.py", line 82, in store_raw_data_in_hdfs
    with open(local_file, 'w') as f:
PermissionError: [Errno 13] Permission denied: '/mnt/hadoop_data/yfinance_raw.json'
[2025-02-27T14:56:28.176+0000] {taskinstance.py:1398} INFO - Marking task as FAILED. dag_id=yfinance_ingestion_dag, task_id=store_raw_data_in_hdfs, execution_date=20250218T000000, start_date=20250227T145627, end_date=20250227T145628
[2025-02-27T14:56:28.263+0000] {standard_task_runner.py:104} ERROR - Failed to execute job 109 for task store_raw_data_in_hdfs ([Errno 13] Permission denied: '/mnt/hadoop_data/yfinance_raw.json'; 525)
[2025-02-27T14:56:28.368+0000] {local_task_job_runner.py:228} INFO - Task exited with return code 1
[2025-02-27T14:56:29.062+0000] {taskinstance.py:2776} INFO - 0 downstream tasks scheduled from follow-on schedule check
