[2025-02-26T20:48:12.318+0000] {taskinstance.py:1159} INFO - Dependencies all met for dep_context=non-requeueable deps ti=<TaskInstance: yfinance_ingestion_dag.run_mapreduce scheduled__2025-02-23T00:00:00+00:00 [queued]>
[2025-02-26T20:48:12.340+0000] {taskinstance.py:1159} INFO - Dependencies all met for dep_context=requeueable deps ti=<TaskInstance: yfinance_ingestion_dag.run_mapreduce scheduled__2025-02-23T00:00:00+00:00 [queued]>
[2025-02-26T20:48:12.341+0000] {taskinstance.py:1361} INFO - Starting attempt 1 of 2
[2025-02-26T20:48:12.404+0000] {taskinstance.py:1382} INFO - Executing <Task(BashOperator): run_mapreduce> on 2025-02-23 00:00:00+00:00
[2025-02-26T20:48:12.426+0000] {standard_task_runner.py:57} INFO - Started process 3406 to run task
[2025-02-26T20:48:12.445+0000] {standard_task_runner.py:84} INFO - Running: ['***', 'tasks', 'run', 'yfinance_ingestion_dag', 'run_mapreduce', 'scheduled__2025-02-23T00:00:00+00:00', '--job-id', '445', '--raw', '--subdir', 'DAGS_FOLDER/pipeline.py', '--cfg-path', '/tmp/tmppfwhnopd']
[2025-02-26T20:48:12.461+0000] {standard_task_runner.py:85} INFO - Job 445: Subtask run_mapreduce
[2025-02-26T20:48:12.590+0000] {task_command.py:415} INFO - Running <TaskInstance: yfinance_ingestion_dag.run_mapreduce scheduled__2025-02-23T00:00:00+00:00 [running]> on host 3c0faf52b292
[2025-02-26T20:48:12.740+0000] {taskinstance.py:1660} INFO - Exporting env vars: AIRFLOW_CTX_DAG_OWNER='etudiant' AIRFLOW_CTX_DAG_ID='yfinance_ingestion_dag' AIRFLOW_CTX_TASK_ID='run_mapreduce' AIRFLOW_CTX_EXECUTION_DATE='2025-02-23T00:00:00+00:00' AIRFLOW_CTX_TRY_NUMBER='1' AIRFLOW_CTX_DAG_RUN_ID='scheduled__2025-02-23T00:00:00+00:00'
[2025-02-26T20:48:12.743+0000] {subprocess.py:63} INFO - Tmp dir root location: /tmp
[2025-02-26T20:48:12.746+0000] {subprocess.py:75} INFO - Running command: ['/bin/bash', '-c', '\n        docker exec -i -u root namenode bash -c \'         cd /tmp &&         cp /mnt/hadoop_data/mapreduce/mapper.py . &&         cp /mnt/hadoop_data/mapreduce/reducer.py . &&         chmod +x mapper.py reducer.py &&         hdfs dfs -rm -r hdfs:///user/etudiant/crypto/processed/YYYY=2025/MM=02/DD=23 || true &&         hadoop jar /opt/hadoop-3.2.1/share/hadoop/tools/lib/hadoop-streaming-3.2.1.jar         -files mapper.py,reducer.py         -mapper "python mapper.py"         -reducer "python reducer.py"         -input hdfs:///user/etudiant/crypto/raw/YYYY=2025/MM=02/DD=23/yfinance_raw.json         -output hdfs:///user/etudiant/crypto/processed/YYYY=2025/MM=02/DD=23\'\n        ']
[2025-02-26T20:48:12.769+0000] {subprocess.py:86} INFO - Output:
[2025-02-26T20:48:16.756+0000] {subprocess.py:93} INFO - rm: `hdfs:///user/etudiant/crypto/processed/YYYY=2025/MM=02/DD=23': No such file or directory
[2025-02-26T20:48:19.796+0000] {subprocess.py:93} INFO - 2025-02-26 20:48:19,790 INFO impl.MetricsConfig: Loaded properties from hadoop-metrics2.properties
[2025-02-26T20:48:19.883+0000] {subprocess.py:93} INFO - 2025-02-26 20:48:19,882 INFO impl.MetricsSystemImpl: Scheduled Metric snapshot period at 10 second(s).
[2025-02-26T20:48:19.884+0000] {subprocess.py:93} INFO - 2025-02-26 20:48:19,882 INFO impl.MetricsSystemImpl: JobTracker metrics system started
[2025-02-26T20:48:19.909+0000] {subprocess.py:93} INFO - 2025-02-26 20:48:19,907 WARN impl.MetricsSystemImpl: JobTracker metrics system already initialized!
[2025-02-26T20:48:20.380+0000] {subprocess.py:93} INFO - 2025-02-26 20:48:20,379 INFO mapred.FileInputFormat: Total input files to process : 1
[2025-02-26T20:48:20.459+0000] {subprocess.py:93} INFO - 2025-02-26 20:48:20,455 INFO mapreduce.JobSubmitter: number of splits:1
[2025-02-26T20:48:20.735+0000] {subprocess.py:93} INFO - 2025-02-26 20:48:20,733 INFO mapreduce.JobSubmitter: Submitting tokens for job: job_local1261953572_0001
[2025-02-26T20:48:20.736+0000] {subprocess.py:93} INFO - 2025-02-26 20:48:20,733 INFO mapreduce.JobSubmitter: Executing with tokens: []
[2025-02-26T20:48:21.050+0000] {subprocess.py:93} INFO - 2025-02-26 20:48:21,049 INFO mapred.LocalDistributedCacheManager: Localized file:/tmp/mapper.py as file:/tmp/hadoop-root/mapred/local/job_local1261953572_0001_b57ea9d3-ff95-4782-a158-4a42c463f301/mapper.py
[2025-02-26T20:48:21.072+0000] {subprocess.py:93} INFO - 2025-02-26 20:48:21,070 INFO mapred.LocalDistributedCacheManager: Localized file:/tmp/reducer.py as file:/tmp/hadoop-root/mapred/local/job_local1261953572_0001_f66d2939-bf76-4139-813a-6222e81f5e12/reducer.py
[2025-02-26T20:48:21.167+0000] {subprocess.py:93} INFO - 2025-02-26 20:48:21,165 INFO mapreduce.Job: The url to track the job: http://localhost:8080/
[2025-02-26T20:48:21.174+0000] {subprocess.py:93} INFO - 2025-02-26 20:48:21,169 INFO mapreduce.Job: Running job: job_local1261953572_0001
[2025-02-26T20:48:21.199+0000] {subprocess.py:93} INFO - 2025-02-26 20:48:21,182 INFO mapred.LocalJobRunner: OutputCommitter set in config null
[2025-02-26T20:48:21.253+0000] {subprocess.py:93} INFO - 2025-02-26 20:48:21,191 INFO mapred.LocalJobRunner: OutputCommitter is org.apache.hadoop.mapred.FileOutputCommitter
[2025-02-26T20:48:21.270+0000] {subprocess.py:93} INFO - 2025-02-26 20:48:21,239 INFO output.FileOutputCommitter: File Output Committer Algorithm version is 2
[2025-02-26T20:48:21.272+0000] {subprocess.py:93} INFO - 2025-02-26 20:48:21,251 INFO output.FileOutputCommitter: FileOutputCommitter skip cleanup _temporary folders under output directory:false, ignore cleanup failures: false
[2025-02-26T20:48:21.363+0000] {subprocess.py:93} INFO - 2025-02-26 20:48:21,361 INFO mapred.LocalJobRunner: Waiting for map tasks
[2025-02-26T20:48:21.369+0000] {subprocess.py:93} INFO - 2025-02-26 20:48:21,367 INFO mapred.LocalJobRunner: Starting task: attempt_local1261953572_0001_m_000000_0
[2025-02-26T20:48:21.410+0000] {subprocess.py:93} INFO - 2025-02-26 20:48:21,408 INFO output.FileOutputCommitter: File Output Committer Algorithm version is 2
[2025-02-26T20:48:21.411+0000] {subprocess.py:93} INFO - 2025-02-26 20:48:21,409 INFO output.FileOutputCommitter: FileOutputCommitter skip cleanup _temporary folders under output directory:false, ignore cleanup failures: false
[2025-02-26T20:48:21.477+0000] {subprocess.py:93} INFO - 2025-02-26 20:48:21,465 INFO mapred.Task:  Using ResourceCalculatorProcessTree : [ ]
[2025-02-26T20:48:21.498+0000] {subprocess.py:93} INFO - 2025-02-26 20:48:21,485 INFO mapred.MapTask: Processing split: hdfs://namenode:9000/user/etudiant/crypto/raw/YYYY=2025/MM=02/DD=23/yfinance_raw.json:0+19767
[2025-02-26T20:48:21.529+0000] {subprocess.py:93} INFO - 2025-02-26 20:48:21,527 INFO mapred.MapTask: numReduceTasks: 1
[2025-02-26T20:48:21.604+0000] {subprocess.py:93} INFO - 2025-02-26 20:48:21,602 INFO mapred.MapTask: (EQUATOR) 0 kvi 26214396(104857584)
[2025-02-26T20:48:21.605+0000] {subprocess.py:93} INFO - 2025-02-26 20:48:21,603 INFO mapred.MapTask: mapreduce.task.io.sort.mb: 100
[2025-02-26T20:48:21.606+0000] {subprocess.py:93} INFO - 2025-02-26 20:48:21,603 INFO mapred.MapTask: soft limit at 83886080
[2025-02-26T20:48:21.611+0000] {subprocess.py:93} INFO - 2025-02-26 20:48:21,603 INFO mapred.MapTask: bufstart = 0; bufvoid = 104857600
[2025-02-26T20:48:21.617+0000] {subprocess.py:93} INFO - 2025-02-26 20:48:21,603 INFO mapred.MapTask: kvstart = 26214396; length = 6553600
[2025-02-26T20:48:21.618+0000] {subprocess.py:93} INFO - 2025-02-26 20:48:21,609 INFO mapred.MapTask: Map output collector class = org.apache.hadoop.mapred.MapTask$MapOutputBuffer
[2025-02-26T20:48:21.633+0000] {subprocess.py:93} INFO - 2025-02-26 20:48:21,625 INFO streaming.PipeMapRed: PipeMapRed exec [/usr/bin/python, mapper.py]
[2025-02-26T20:48:21.642+0000] {subprocess.py:93} INFO - 2025-02-26 20:48:21,639 INFO Configuration.deprecation: mapred.work.output.dir is deprecated. Instead, use mapreduce.task.output.dir
[2025-02-26T20:48:21.644+0000] {subprocess.py:93} INFO - 2025-02-26 20:48:21,640 INFO Configuration.deprecation: map.input.start is deprecated. Instead, use mapreduce.map.input.start
[2025-02-26T20:48:21.645+0000] {subprocess.py:93} INFO - 2025-02-26 20:48:21,640 INFO Configuration.deprecation: mapred.task.is.map is deprecated. Instead, use mapreduce.task.ismap
[2025-02-26T20:48:21.646+0000] {subprocess.py:93} INFO - 2025-02-26 20:48:21,641 INFO Configuration.deprecation: mapred.task.id is deprecated. Instead, use mapreduce.task.attempt.id
[2025-02-26T20:48:21.650+0000] {subprocess.py:93} INFO - 2025-02-26 20:48:21,641 INFO Configuration.deprecation: mapred.tip.id is deprecated. Instead, use mapreduce.task.id
[2025-02-26T20:48:21.653+0000] {subprocess.py:93} INFO - 2025-02-26 20:48:21,641 INFO Configuration.deprecation: mapred.local.dir is deprecated. Instead, use mapreduce.cluster.local.dir
[2025-02-26T20:48:21.657+0000] {subprocess.py:93} INFO - 2025-02-26 20:48:21,642 INFO Configuration.deprecation: map.input.file is deprecated. Instead, use mapreduce.map.input.file
[2025-02-26T20:48:21.658+0000] {subprocess.py:93} INFO - 2025-02-26 20:48:21,642 INFO Configuration.deprecation: mapred.skip.on is deprecated. Instead, use mapreduce.job.skiprecords
[2025-02-26T20:48:21.658+0000] {subprocess.py:93} INFO - 2025-02-26 20:48:21,642 INFO Configuration.deprecation: map.input.length is deprecated. Instead, use mapreduce.map.input.length
[2025-02-26T20:48:21.659+0000] {subprocess.py:93} INFO - 2025-02-26 20:48:21,643 INFO Configuration.deprecation: mapred.job.id is deprecated. Instead, use mapreduce.job.id
[2025-02-26T20:48:21.660+0000] {subprocess.py:93} INFO - 2025-02-26 20:48:21,643 INFO Configuration.deprecation: user.name is deprecated. Instead, use mapreduce.job.user.name
[2025-02-26T20:48:21.660+0000] {subprocess.py:93} INFO - 2025-02-26 20:48:21,644 INFO Configuration.deprecation: mapred.task.partition is deprecated. Instead, use mapreduce.task.partition
[2025-02-26T20:48:21.712+0000] {subprocess.py:93} INFO - 2025-02-26 20:48:21,710 INFO sasl.SaslDataTransferClient: SASL encryption trust check: localHostTrusted = false, remoteHostTrusted = false
[2025-02-26T20:48:21.905+0000] {subprocess.py:93} INFO - 2025-02-26 20:48:21,902 INFO streaming.PipeMapRed: R/W/S=1/0/0 in:NA [rec/s] out:NA [rec/s]
[2025-02-26T20:48:21.906+0000] {subprocess.py:93} INFO - 2025-02-26 20:48:21,902 INFO streaming.PipeMapRed: R/W/S=10/0/0 in:NA [rec/s] out:NA [rec/s]
[2025-02-26T20:48:21.908+0000] {subprocess.py:93} INFO - 2025-02-26 20:48:21,904 INFO streaming.PipeMapRed: R/W/S=100/0/0 in:NA [rec/s] out:NA [rec/s]
[2025-02-26T20:48:21.932+0000] {subprocess.py:93} INFO - 2025-02-26 20:48:21,930 INFO streaming.PipeMapRed: MRErrorThread done
[2025-02-26T20:48:21.940+0000] {subprocess.py:93} INFO - 2025-02-26 20:48:21,938 INFO streaming.PipeMapRed: mapRedFinished
[2025-02-26T20:48:21.947+0000] {subprocess.py:93} INFO - 2025-02-26 20:48:21,945 INFO mapred.LocalJobRunner:
[2025-02-26T20:48:21.948+0000] {subprocess.py:93} INFO - 2025-02-26 20:48:21,945 INFO mapred.MapTask: Starting flush of map output
[2025-02-26T20:48:21.982+0000] {subprocess.py:93} INFO - 2025-02-26 20:48:21,974 INFO mapred.Task: Task:attempt_local1261953572_0001_m_000000_0 is done. And is in the process of committing
[2025-02-26T20:48:21.986+0000] {subprocess.py:93} INFO - 2025-02-26 20:48:21,984 INFO mapred.LocalJobRunner: hdfs://namenode:9000/user/etudiant/crypto/raw/YYYY=2025/MM=02/DD=23/yfinance_raw.json:0+19767
[2025-02-26T20:48:21.987+0000] {subprocess.py:93} INFO - 2025-02-26 20:48:21,984 INFO mapred.Task: Task 'attempt_local1261953572_0001_m_000000_0' done.
[2025-02-26T20:48:22.007+0000] {subprocess.py:93} INFO - 2025-02-26 20:48:22,005 INFO mapred.Task: Final Counters for attempt_local1261953572_0001_m_000000_0: Counters: 23
[2025-02-26T20:48:22.008+0000] {subprocess.py:93} INFO - 	File System Counters
[2025-02-26T20:48:22.009+0000] {subprocess.py:93} INFO - 		FILE: Number of bytes read=180665
[2025-02-26T20:48:22.010+0000] {subprocess.py:93} INFO - 		FILE: Number of bytes written=712295
[2025-02-26T20:48:22.011+0000] {subprocess.py:93} INFO - 		FILE: Number of read operations=0
[2025-02-26T20:48:22.011+0000] {subprocess.py:93} INFO - 		FILE: Number of large read operations=0
[2025-02-26T20:48:22.012+0000] {subprocess.py:93} INFO - 		FILE: Number of write operations=0
[2025-02-26T20:48:22.013+0000] {subprocess.py:93} INFO - 		HDFS: Number of bytes read=19767
[2025-02-26T20:48:22.013+0000] {subprocess.py:93} INFO - 		HDFS: Number of bytes written=0
[2025-02-26T20:48:22.014+0000] {subprocess.py:93} INFO - 		HDFS: Number of read operations=5
[2025-02-26T20:48:22.015+0000] {subprocess.py:93} INFO - 		HDFS: Number of large read operations=0
[2025-02-26T20:48:22.015+0000] {subprocess.py:93} INFO - 		HDFS: Number of write operations=1
[2025-02-26T20:48:22.016+0000] {subprocess.py:93} INFO - 		HDFS: Number of bytes read erasure-coded=0
[2025-02-26T20:48:22.017+0000] {subprocess.py:93} INFO - 	Map-Reduce Framework
[2025-02-26T20:48:22.018+0000] {subprocess.py:93} INFO - 		Map input records=677
[2025-02-26T20:48:22.019+0000] {subprocess.py:93} INFO - 		Map output records=0
[2025-02-26T20:48:22.020+0000] {subprocess.py:93} INFO - 		Map output bytes=0
[2025-02-26T20:48:22.022+0000] {subprocess.py:93} INFO - 		Map output materialized bytes=6
[2025-02-26T20:48:22.023+0000] {subprocess.py:93} INFO - 		Input split bytes=137
[2025-02-26T20:48:22.024+0000] {subprocess.py:93} INFO - 		Combine input records=0
[2025-02-26T20:48:22.025+0000] {subprocess.py:93} INFO - 		Spilled Records=0
[2025-02-26T20:48:22.025+0000] {subprocess.py:93} INFO - 		Failed Shuffles=0
[2025-02-26T20:48:22.026+0000] {subprocess.py:93} INFO - 		Merged Map outputs=0
[2025-02-26T20:48:22.026+0000] {subprocess.py:93} INFO - 		GC time elapsed (ms)=0
[2025-02-26T20:48:22.027+0000] {subprocess.py:93} INFO - 		Total committed heap usage (bytes)=278921216
[2025-02-26T20:48:22.027+0000] {subprocess.py:93} INFO - 	File Input Format Counters
[2025-02-26T20:48:22.028+0000] {subprocess.py:93} INFO - 		Bytes Read=19767
[2025-02-26T20:48:22.028+0000] {subprocess.py:93} INFO - 2025-02-26 20:48:22,005 INFO mapred.LocalJobRunner: Finishing task: attempt_local1261953572_0001_m_000000_0
[2025-02-26T20:48:22.029+0000] {subprocess.py:93} INFO - 2025-02-26 20:48:22,008 INFO mapred.LocalJobRunner: map task executor complete.
[2025-02-26T20:48:22.029+0000] {subprocess.py:93} INFO - 2025-02-26 20:48:22,014 INFO mapred.LocalJobRunner: Waiting for reduce tasks
[2025-02-26T20:48:22.029+0000] {subprocess.py:93} INFO - 2025-02-26 20:48:22,016 INFO mapred.LocalJobRunner: Starting task: attempt_local1261953572_0001_r_000000_0
[2025-02-26T20:48:22.054+0000] {subprocess.py:93} INFO - 2025-02-26 20:48:22,052 INFO output.FileOutputCommitter: File Output Committer Algorithm version is 2
[2025-02-26T20:48:22.055+0000] {subprocess.py:93} INFO - 2025-02-26 20:48:22,052 INFO output.FileOutputCommitter: FileOutputCommitter skip cleanup _temporary folders under output directory:false, ignore cleanup failures: false
[2025-02-26T20:48:22.058+0000] {subprocess.py:93} INFO - 2025-02-26 20:48:22,053 INFO mapred.Task:  Using ResourceCalculatorProcessTree : [ ]
[2025-02-26T20:48:22.090+0000] {subprocess.py:93} INFO - 2025-02-26 20:48:22,065 INFO mapred.ReduceTask: Using ShuffleConsumerPlugin: org.apache.hadoop.mapreduce.task.reduce.Shuffle@146ddb91
[2025-02-26T20:48:22.093+0000] {subprocess.py:93} INFO - 2025-02-26 20:48:22,074 WARN impl.MetricsSystemImpl: JobTracker metrics system already initialized!
[2025-02-26T20:48:22.137+0000] {subprocess.py:93} INFO - 2025-02-26 20:48:22,133 INFO reduce.MergeManagerImpl: MergerManager: memoryLimit=668309888, maxSingleShuffleLimit=167077472, mergeThreshold=441084544, ioSortFactor=10, memToMemMergeOutputsThreshold=10
[2025-02-26T20:48:22.146+0000] {subprocess.py:93} INFO - 2025-02-26 20:48:22,144 INFO reduce.EventFetcher: attempt_local1261953572_0001_r_000000_0 Thread started: EventFetcher for fetching Map Completion Events
[2025-02-26T20:48:22.207+0000] {subprocess.py:93} INFO - 2025-02-26 20:48:22,200 INFO mapreduce.Job: Job job_local1261953572_0001 running in uber mode : false
[2025-02-26T20:48:22.209+0000] {subprocess.py:93} INFO - 2025-02-26 20:48:22,206 INFO mapreduce.Job:  map 100% reduce 0%
[2025-02-26T20:48:22.227+0000] {subprocess.py:93} INFO - 2025-02-26 20:48:22,225 INFO reduce.LocalFetcher: localfetcher#1 about to shuffle output of map attempt_local1261953572_0001_m_000000_0 decomp: 2 len: 6 to MEMORY
[2025-02-26T20:48:22.233+0000] {subprocess.py:93} INFO - 2025-02-26 20:48:22,231 INFO reduce.InMemoryMapOutput: Read 2 bytes from map-output for attempt_local1261953572_0001_m_000000_0
[2025-02-26T20:48:22.236+0000] {subprocess.py:93} INFO - 2025-02-26 20:48:22,233 INFO reduce.MergeManagerImpl: closeInMemoryFile -> map-output of size: 2, inMemoryMapOutputs.size() -> 1, commitMemory -> 0, usedMemory ->2
[2025-02-26T20:48:22.241+0000] {subprocess.py:93} INFO - 2025-02-26 20:48:22,237 INFO reduce.EventFetcher: EventFetcher is interrupted.. Returning
[2025-02-26T20:48:22.250+0000] {subprocess.py:93} INFO - 2025-02-26 20:48:22,241 INFO mapred.LocalJobRunner: 1 / 1 copied.
[2025-02-26T20:48:22.252+0000] {subprocess.py:93} INFO - 2025-02-26 20:48:22,241 INFO reduce.MergeManagerImpl: finalMerge called with 1 in-memory map-outputs and 0 on-disk map-outputs
[2025-02-26T20:48:22.259+0000] {subprocess.py:93} INFO - 2025-02-26 20:48:22,256 INFO mapred.Merger: Merging 1 sorted segments
[2025-02-26T20:48:22.261+0000] {subprocess.py:93} INFO - 2025-02-26 20:48:22,258 INFO mapred.Merger: Down to the last merge-pass, with 0 segments left of total size: 0 bytes
[2025-02-26T20:48:22.262+0000] {subprocess.py:93} INFO - 2025-02-26 20:48:22,260 INFO reduce.MergeManagerImpl: Merged 1 segments, 2 bytes to disk to satisfy reduce memory limit
[2025-02-26T20:48:22.265+0000] {subprocess.py:93} INFO - 2025-02-26 20:48:22,261 INFO reduce.MergeManagerImpl: Merging 1 files, 6 bytes from disk
[2025-02-26T20:48:22.266+0000] {subprocess.py:93} INFO - 2025-02-26 20:48:22,262 INFO reduce.MergeManagerImpl: Merging 0 segments, 0 bytes from memory into reduce
[2025-02-26T20:48:22.267+0000] {subprocess.py:93} INFO - 2025-02-26 20:48:22,262 INFO mapred.Merger: Merging 1 sorted segments
[2025-02-26T20:48:22.268+0000] {subprocess.py:93} INFO - 2025-02-26 20:48:22,264 INFO mapred.Merger: Down to the last merge-pass, with 0 segments left of total size: 0 bytes
[2025-02-26T20:48:22.269+0000] {subprocess.py:93} INFO - 2025-02-26 20:48:22,264 INFO mapred.LocalJobRunner: 1 / 1 copied.
[2025-02-26T20:48:22.300+0000] {subprocess.py:93} INFO - 2025-02-26 20:48:22,286 INFO streaming.PipeMapRed: PipeMapRed exec [/usr/bin/python, reducer.py]
[2025-02-26T20:48:22.301+0000] {subprocess.py:93} INFO - 2025-02-26 20:48:22,290 INFO Configuration.deprecation: mapred.job.tracker is deprecated. Instead, use mapreduce.jobtracker.address
[2025-02-26T20:48:22.302+0000] {subprocess.py:93} INFO - 2025-02-26 20:48:22,291 INFO Configuration.deprecation: mapred.map.tasks is deprecated. Instead, use mapreduce.job.maps
[2025-02-26T20:48:22.449+0000] {subprocess.py:93} INFO - 2025-02-26 20:48:22,447 INFO streaming.PipeMapRed: MRErrorThread done
[2025-02-26T20:48:22.450+0000] {subprocess.py:93} INFO - 2025-02-26 20:48:22,448 INFO streaming.PipeMapRed: mapRedFinished
[2025-02-26T20:48:22.465+0000] {subprocess.py:93} INFO - 2025-02-26 20:48:22,463 INFO mapred.Task: Task:attempt_local1261953572_0001_r_000000_0 is done. And is in the process of committing
[2025-02-26T20:48:22.470+0000] {subprocess.py:93} INFO - 2025-02-26 20:48:22,468 INFO mapred.LocalJobRunner: 1 / 1 copied.
[2025-02-26T20:48:22.471+0000] {subprocess.py:93} INFO - 2025-02-26 20:48:22,468 INFO mapred.Task: Task attempt_local1261953572_0001_r_000000_0 is allowed to commit now
[2025-02-26T20:48:22.498+0000] {subprocess.py:93} INFO - 2025-02-26 20:48:22,496 INFO output.FileOutputCommitter: Saved output of task 'attempt_local1261953572_0001_r_000000_0' to hdfs://namenode:9000/user/etudiant/crypto/processed/YYYY=2025/MM=02/DD=23
[2025-02-26T20:48:22.500+0000] {subprocess.py:93} INFO - 2025-02-26 20:48:22,498 INFO mapred.LocalJobRunner: reduce > reduce
[2025-02-26T20:48:22.501+0000] {subprocess.py:93} INFO - 2025-02-26 20:48:22,498 INFO mapred.Task: Task 'attempt_local1261953572_0001_r_000000_0' done.
[2025-02-26T20:48:22.503+0000] {subprocess.py:93} INFO - 2025-02-26 20:48:22,500 INFO mapred.Task: Final Counters for attempt_local1261953572_0001_r_000000_0: Counters: 30
[2025-02-26T20:48:22.505+0000] {subprocess.py:93} INFO - 	File System Counters
[2025-02-26T20:48:22.507+0000] {subprocess.py:93} INFO - 		FILE: Number of bytes read=180709
[2025-02-26T20:48:22.518+0000] {subprocess.py:93} INFO - 		FILE: Number of bytes written=712301
[2025-02-26T20:48:22.520+0000] {subprocess.py:93} INFO - 		FILE: Number of read operations=0
[2025-02-26T20:48:22.521+0000] {subprocess.py:93} INFO - 		FILE: Number of large read operations=0
[2025-02-26T20:48:22.522+0000] {subprocess.py:93} INFO - 		FILE: Number of write operations=0
[2025-02-26T20:48:22.523+0000] {subprocess.py:93} INFO - 		HDFS: Number of bytes read=19767
[2025-02-26T20:48:22.524+0000] {subprocess.py:93} INFO - 		HDFS: Number of bytes written=0
[2025-02-26T20:48:22.524+0000] {subprocess.py:93} INFO - 		HDFS: Number of read operations=10
[2025-02-26T20:48:22.525+0000] {subprocess.py:93} INFO - 		HDFS: Number of large read operations=0
[2025-02-26T20:48:22.526+0000] {subprocess.py:93} INFO - 		HDFS: Number of write operations=3
[2025-02-26T20:48:22.526+0000] {subprocess.py:93} INFO - 		HDFS: Number of bytes read erasure-coded=0
[2025-02-26T20:48:22.527+0000] {subprocess.py:93} INFO - 	Map-Reduce Framework
[2025-02-26T20:48:22.527+0000] {subprocess.py:93} INFO - 		Combine input records=0
[2025-02-26T20:48:22.528+0000] {subprocess.py:93} INFO - 		Combine output records=0
[2025-02-26T20:48:22.529+0000] {subprocess.py:93} INFO - 		Reduce input groups=0
[2025-02-26T20:48:22.529+0000] {subprocess.py:93} INFO - 		Reduce shuffle bytes=6
[2025-02-26T20:48:22.530+0000] {subprocess.py:93} INFO - 		Reduce input records=0
[2025-02-26T20:48:22.531+0000] {subprocess.py:93} INFO - 		Reduce output records=0
[2025-02-26T20:48:22.533+0000] {subprocess.py:93} INFO - 		Spilled Records=0
[2025-02-26T20:48:22.534+0000] {subprocess.py:93} INFO - 		Shuffled Maps =1
[2025-02-26T20:48:22.535+0000] {subprocess.py:93} INFO - 		Failed Shuffles=0
[2025-02-26T20:48:22.544+0000] {subprocess.py:93} INFO - 		Merged Map outputs=1
[2025-02-26T20:48:22.545+0000] {subprocess.py:93} INFO - 		GC time elapsed (ms)=0
[2025-02-26T20:48:22.546+0000] {subprocess.py:93} INFO - 		Total committed heap usage (bytes)=279445504
[2025-02-26T20:48:22.550+0000] {subprocess.py:93} INFO - 	Shuffle Errors
[2025-02-26T20:48:22.551+0000] {subprocess.py:93} INFO - 		BAD_ID=0
[2025-02-26T20:48:22.551+0000] {subprocess.py:93} INFO - 		CONNECTION=0
[2025-02-26T20:48:22.552+0000] {subprocess.py:93} INFO - 		IO_ERROR=0
[2025-02-26T20:48:22.553+0000] {subprocess.py:93} INFO - 		WRONG_LENGTH=0
[2025-02-26T20:48:22.553+0000] {subprocess.py:93} INFO - 		WRONG_MAP=0
[2025-02-26T20:48:22.554+0000] {subprocess.py:93} INFO - 		WRONG_REDUCE=0
[2025-02-26T20:48:22.555+0000] {subprocess.py:93} INFO - 	File Output Format Counters
[2025-02-26T20:48:22.555+0000] {subprocess.py:93} INFO - 		Bytes Written=0
[2025-02-26T20:48:22.556+0000] {subprocess.py:93} INFO - 2025-02-26 20:48:22,500 INFO mapred.LocalJobRunner: Finishing task: attempt_local1261953572_0001_r_000000_0
[2025-02-26T20:48:22.556+0000] {subprocess.py:93} INFO - 2025-02-26 20:48:22,500 INFO mapred.LocalJobRunner: reduce task executor complete.
[2025-02-26T20:48:23.211+0000] {subprocess.py:93} INFO - 2025-02-26 20:48:23,209 INFO mapreduce.Job:  map 100% reduce 100%
[2025-02-26T20:48:23.212+0000] {subprocess.py:93} INFO - 2025-02-26 20:48:23,210 INFO mapreduce.Job: Job job_local1261953572_0001 completed successfully
[2025-02-26T20:48:23.230+0000] {subprocess.py:93} INFO - 2025-02-26 20:48:23,228 INFO mapreduce.Job: Counters: 36
[2025-02-26T20:48:23.231+0000] {subprocess.py:93} INFO - 	File System Counters
[2025-02-26T20:48:23.232+0000] {subprocess.py:93} INFO - 		FILE: Number of bytes read=361374
[2025-02-26T20:48:23.233+0000] {subprocess.py:93} INFO - 		FILE: Number of bytes written=1424596
[2025-02-26T20:48:23.234+0000] {subprocess.py:93} INFO - 		FILE: Number of read operations=0
[2025-02-26T20:48:23.234+0000] {subprocess.py:93} INFO - 		FILE: Number of large read operations=0
[2025-02-26T20:48:23.235+0000] {subprocess.py:93} INFO - 		FILE: Number of write operations=0
[2025-02-26T20:48:23.236+0000] {subprocess.py:93} INFO - 		HDFS: Number of bytes read=39534
[2025-02-26T20:48:23.237+0000] {subprocess.py:93} INFO - 		HDFS: Number of bytes written=0
[2025-02-26T20:48:23.237+0000] {subprocess.py:93} INFO - 		HDFS: Number of read operations=15
[2025-02-26T20:48:23.238+0000] {subprocess.py:93} INFO - 		HDFS: Number of large read operations=0
[2025-02-26T20:48:23.239+0000] {subprocess.py:93} INFO - 		HDFS: Number of write operations=4
[2025-02-26T20:48:23.240+0000] {subprocess.py:93} INFO - 		HDFS: Number of bytes read erasure-coded=0
[2025-02-26T20:48:23.241+0000] {subprocess.py:93} INFO - 	Map-Reduce Framework
[2025-02-26T20:48:23.242+0000] {subprocess.py:93} INFO - 		Map input records=677
[2025-02-26T20:48:23.243+0000] {subprocess.py:93} INFO - 		Map output records=0
[2025-02-26T20:48:23.244+0000] {subprocess.py:93} INFO - 		Map output bytes=0
[2025-02-26T20:48:23.245+0000] {subprocess.py:93} INFO - 		Map output materialized bytes=6
[2025-02-26T20:48:23.246+0000] {subprocess.py:93} INFO - 		Input split bytes=137
[2025-02-26T20:48:23.246+0000] {subprocess.py:93} INFO - 		Combine input records=0
[2025-02-26T20:48:23.247+0000] {subprocess.py:93} INFO - 		Combine output records=0
[2025-02-26T20:48:23.248+0000] {subprocess.py:93} INFO - 		Reduce input groups=0
[2025-02-26T20:48:23.248+0000] {subprocess.py:93} INFO - 		Reduce shuffle bytes=6
[2025-02-26T20:48:23.249+0000] {subprocess.py:93} INFO - 		Reduce input records=0
[2025-02-26T20:48:23.249+0000] {subprocess.py:93} INFO - 		Reduce output records=0
[2025-02-26T20:48:23.250+0000] {subprocess.py:93} INFO - 		Spilled Records=0
[2025-02-26T20:48:23.250+0000] {subprocess.py:93} INFO - 		Shuffled Maps =1
[2025-02-26T20:48:23.251+0000] {subprocess.py:93} INFO - 		Failed Shuffles=0
[2025-02-26T20:48:23.252+0000] {subprocess.py:93} INFO - 		Merged Map outputs=1
[2025-02-26T20:48:23.252+0000] {subprocess.py:93} INFO - 		GC time elapsed (ms)=0
[2025-02-26T20:48:23.253+0000] {subprocess.py:93} INFO - 		Total committed heap usage (bytes)=558366720
[2025-02-26T20:48:23.254+0000] {subprocess.py:93} INFO - 	Shuffle Errors
[2025-02-26T20:48:23.254+0000] {subprocess.py:93} INFO - 		BAD_ID=0
[2025-02-26T20:48:23.255+0000] {subprocess.py:93} INFO - 		CONNECTION=0
[2025-02-26T20:48:23.256+0000] {subprocess.py:93} INFO - 		IO_ERROR=0
[2025-02-26T20:48:23.256+0000] {subprocess.py:93} INFO - 		WRONG_LENGTH=0
[2025-02-26T20:48:23.257+0000] {subprocess.py:93} INFO - 		WRONG_MAP=0
[2025-02-26T20:48:23.257+0000] {subprocess.py:93} INFO - 		WRONG_REDUCE=0
[2025-02-26T20:48:23.258+0000] {subprocess.py:93} INFO - 	File Input Format Counters
[2025-02-26T20:48:23.258+0000] {subprocess.py:93} INFO - 		Bytes Read=19767
[2025-02-26T20:48:23.259+0000] {subprocess.py:93} INFO - 	File Output Format Counters
[2025-02-26T20:48:23.260+0000] {subprocess.py:93} INFO - 		Bytes Written=0
[2025-02-26T20:48:23.260+0000] {subprocess.py:93} INFO - 2025-02-26 20:48:23,228 INFO streaming.StreamJob: Output directory: hdfs:///user/etudiant/crypto/processed/YYYY=2025/MM=02/DD=23
[2025-02-26T20:48:23.713+0000] {subprocess.py:97} INFO - Command exited with return code 0
[2025-02-26T20:48:23.747+0000] {taskinstance.py:1400} INFO - Marking task as SUCCESS. dag_id=yfinance_ingestion_dag, task_id=run_mapreduce, execution_date=20250223T000000, start_date=20250226T204812, end_date=20250226T204823
[2025-02-26T20:48:23.843+0000] {local_task_job_runner.py:228} INFO - Task exited with return code 0
[2025-02-26T20:48:23.869+0000] {taskinstance.py:2784} INFO - 0 downstream tasks scheduled from follow-on schedule check
