[2025-02-25T09:49:54.289+0000] {taskinstance.py:1159} INFO - Dependencies all met for dep_context=non-requeueable deps ti=<TaskInstance: yfinance_ingestion_dag.fetch_data scheduled__2025-01-31T00:00:00+00:00 [queued]>
[2025-02-25T09:49:54.324+0000] {taskinstance.py:1159} INFO - Dependencies all met for dep_context=requeueable deps ti=<TaskInstance: yfinance_ingestion_dag.fetch_data scheduled__2025-01-31T00:00:00+00:00 [queued]>
[2025-02-25T09:49:54.325+0000] {taskinstance.py:1361} INFO - Starting attempt 1 of 2
[2025-02-25T09:49:54.446+0000] {taskinstance.py:1382} INFO - Executing <Task(PythonOperator): fetch_data> on 2025-01-31 00:00:00+00:00
[2025-02-25T09:49:54.470+0000] {standard_task_runner.py:57} INFO - Started process 737 to run task
[2025-02-25T09:49:54.479+0000] {standard_task_runner.py:84} INFO - Running: ['***', 'tasks', 'run', 'yfinance_ingestion_dag', 'fetch_data', 'scheduled__2025-01-31T00:00:00+00:00', '--job-id', '77', '--raw', '--subdir', 'DAGS_FOLDER/test_hello.py', '--cfg-path', '/tmp/tmphlns9j6m']
[2025-02-25T09:49:54.485+0000] {standard_task_runner.py:85} INFO - Job 77: Subtask fetch_data
[2025-02-25T09:49:54.657+0000] {task_command.py:415} INFO - Running <TaskInstance: yfinance_ingestion_dag.fetch_data scheduled__2025-01-31T00:00:00+00:00 [running]> on host 6dbd75e48aaa
[2025-02-25T09:49:55.062+0000] {taskinstance.py:1660} INFO - Exporting env vars: AIRFLOW_CTX_DAG_OWNER='etudiant' AIRFLOW_CTX_DAG_ID='yfinance_ingestion_dag' AIRFLOW_CTX_TASK_ID='fetch_data' AIRFLOW_CTX_EXECUTION_DATE='2025-01-31T00:00:00+00:00' AIRFLOW_CTX_TRY_NUMBER='1' AIRFLOW_CTX_DAG_RUN_ID='scheduled__2025-01-31T00:00:00+00:00'
[2025-02-25T09:49:56.339+0000] {history.py:247} ERROR - $TSLA: possibly delisted; no price data found  (1d 2025-01-31 -> 2025-01-31)
[2025-02-25T09:49:56.390+0000] {python.py:194} INFO - Done. Returned value was: None
[2025-02-25T09:49:56.431+0000] {taskinstance.py:1400} INFO - Marking task as SUCCESS. dag_id=yfinance_ingestion_dag, task_id=fetch_data, execution_date=20250131T000000, start_date=20250225T094954, end_date=20250225T094956
[2025-02-25T09:49:56.863+0000] {local_task_job_runner.py:228} INFO - Task exited with return code 0
[2025-02-25T09:49:56.980+0000] {taskinstance.py:2784} INFO - 1 downstream tasks scheduled from follow-on schedule check
[2025-02-26T20:39:07.028+0000] {taskinstance.py:1159} INFO - Dependencies all met for dep_context=non-requeueable deps ti=<TaskInstance: yfinance_ingestion_dag.fetch_data scheduled__2025-01-31T00:00:00+00:00 [queued]>
[2025-02-26T20:39:07.041+0000] {taskinstance.py:1159} INFO - Dependencies all met for dep_context=requeueable deps ti=<TaskInstance: yfinance_ingestion_dag.fetch_data scheduled__2025-01-31T00:00:00+00:00 [queued]>
[2025-02-26T20:39:07.042+0000] {taskinstance.py:1361} INFO - Starting attempt 1 of 2
[2025-02-26T20:39:07.056+0000] {taskinstance.py:1382} INFO - Executing <Task(PythonOperator): fetch_data> on 2025-01-31 00:00:00+00:00
[2025-02-26T20:39:07.061+0000] {standard_task_runner.py:57} INFO - Started process 480 to run task
[2025-02-26T20:39:07.067+0000] {standard_task_runner.py:84} INFO - Running: ['***', 'tasks', 'run', 'yfinance_ingestion_dag', 'fetch_data', 'scheduled__2025-01-31T00:00:00+00:00', '--job-id', '230', '--raw', '--subdir', 'DAGS_FOLDER/pipeline.py', '--cfg-path', '/tmp/tmp660nms3i']
[2025-02-26T20:39:07.071+0000] {standard_task_runner.py:85} INFO - Job 230: Subtask fetch_data
[2025-02-26T20:39:07.128+0000] {task_command.py:415} INFO - Running <TaskInstance: yfinance_ingestion_dag.fetch_data scheduled__2025-01-31T00:00:00+00:00 [running]> on host 3c0faf52b292
[2025-02-26T20:39:07.212+0000] {taskinstance.py:1660} INFO - Exporting env vars: AIRFLOW_CTX_DAG_OWNER='etudiant' AIRFLOW_CTX_DAG_ID='yfinance_ingestion_dag' AIRFLOW_CTX_TASK_ID='fetch_data' AIRFLOW_CTX_EXECUTION_DATE='2025-01-31T00:00:00+00:00' AIRFLOW_CTX_TRY_NUMBER='1' AIRFLOW_CTX_DAG_RUN_ID='scheduled__2025-01-31T00:00:00+00:00'
[2025-02-26T20:39:08.861+0000] {logging_mixin.py:151} INFO - [
    {
        "datetime": "2025-02-25T20:00:00.000Z",
        "open_price": 87816.71875,
        "high_price": 88873.140625,
        "low_price": 87594.2734375,
        "close_price": 88076.6484375,
        "volume": 0,
        "coin": "BTC"
    },
    {
        "datetime": "2025-02-25T21:00:00.000Z",
        "open_price": 88187.0859375,
        "high_price": 88637.609375,
        "low_price": 87775.640625,
        "close_price": 88598.2109375,
        "volume": 0,
        "coin": "BTC"
    },
    {
        "datetime": "2025-02-25T22:00:00.000Z",
        "open_price": 88692.203125,
        "high_price": 89344.90625,
        "low_price": 88446.0390625,
        "close_price": 88737.1953125,
        "volume": 102842368,
        "coin": "BTC"
    },
    {
        "datetime": "2025-02-25T23:00:00.000Z",
        "open_price": 88762.703125,
        "high_price": 89029.0390625,
        "low_price": 88623.359375,
        "close_price": 88701.9140625,
        "volume": 0,
        "coin": "BTC"
    },
    {
        "datetime": "2025-02-26T00:00:00.000Z",
        "open_price": 88491.3359375,
        "high_price": 88512.78125,
        "low_price": 88059.8046875,
        "close_price": 88059.8046875,
        "volume": 0,
        "coin": "BTC"
    }
]
[2025-02-26T20:39:08.937+0000] {python.py:194} INFO - Done. Returned value was: None
[2025-02-26T20:39:08.989+0000] {taskinstance.py:1400} INFO - Marking task as SUCCESS. dag_id=yfinance_ingestion_dag, task_id=fetch_data, execution_date=20250131T000000, start_date=20250226T203907, end_date=20250226T203908
[2025-02-26T20:39:09.088+0000] {local_task_job_runner.py:228} INFO - Task exited with return code 0
[2025-02-26T20:39:09.220+0000] {taskinstance.py:2784} INFO - 1 downstream tasks scheduled from follow-on schedule check
[2025-02-26T20:43:51.484+0000] {taskinstance.py:1159} INFO - Dependencies all met for dep_context=non-requeueable deps ti=<TaskInstance: yfinance_ingestion_dag.fetch_data scheduled__2025-01-31T00:00:00+00:00 [queued]>
[2025-02-26T20:43:51.508+0000] {taskinstance.py:1159} INFO - Dependencies all met for dep_context=requeueable deps ti=<TaskInstance: yfinance_ingestion_dag.fetch_data scheduled__2025-01-31T00:00:00+00:00 [queued]>
[2025-02-26T20:43:51.509+0000] {taskinstance.py:1361} INFO - Starting attempt 1 of 2
[2025-02-26T20:43:51.548+0000] {taskinstance.py:1382} INFO - Executing <Task(PythonOperator): fetch_data> on 2025-01-31 00:00:00+00:00
[2025-02-26T20:43:51.557+0000] {standard_task_runner.py:57} INFO - Started process 2167 to run task
[2025-02-26T20:43:51.562+0000] {standard_task_runner.py:84} INFO - Running: ['***', 'tasks', 'run', 'yfinance_ingestion_dag', 'fetch_data', 'scheduled__2025-01-31T00:00:00+00:00', '--job-id', '352', '--raw', '--subdir', 'DAGS_FOLDER/pipeline.py', '--cfg-path', '/tmp/tmpua6jmbpd']
[2025-02-26T20:43:51.565+0000] {standard_task_runner.py:85} INFO - Job 352: Subtask fetch_data
[2025-02-26T20:43:51.625+0000] {task_command.py:415} INFO - Running <TaskInstance: yfinance_ingestion_dag.fetch_data scheduled__2025-01-31T00:00:00+00:00 [running]> on host 3c0faf52b292
[2025-02-26T20:43:51.743+0000] {taskinstance.py:1660} INFO - Exporting env vars: AIRFLOW_CTX_DAG_OWNER='etudiant' AIRFLOW_CTX_DAG_ID='yfinance_ingestion_dag' AIRFLOW_CTX_TASK_ID='fetch_data' AIRFLOW_CTX_EXECUTION_DATE='2025-01-31T00:00:00+00:00' AIRFLOW_CTX_TRY_NUMBER='1' AIRFLOW_CTX_DAG_RUN_ID='scheduled__2025-01-31T00:00:00+00:00'
[2025-02-26T20:43:52.802+0000] {logging_mixin.py:151} INFO - [
    {
        "datetime": "2025-02-25T20:00:00.000Z",
        "open_price": 87816.71875,
        "high_price": 88873.140625,
        "low_price": 87594.2734375,
        "close_price": 88076.6484375,
        "volume": 0,
        "coin": "BTC"
    },
    {
        "datetime": "2025-02-25T21:00:00.000Z",
        "open_price": 88187.0859375,
        "high_price": 88637.609375,
        "low_price": 87775.640625,
        "close_price": 88598.2109375,
        "volume": 0,
        "coin": "BTC"
    },
    {
        "datetime": "2025-02-25T22:00:00.000Z",
        "open_price": 88692.203125,
        "high_price": 89344.90625,
        "low_price": 88446.0390625,
        "close_price": 88737.1953125,
        "volume": 102842368,
        "coin": "BTC"
    },
    {
        "datetime": "2025-02-25T23:00:00.000Z",
        "open_price": 88762.703125,
        "high_price": 89029.0390625,
        "low_price": 88623.359375,
        "close_price": 88701.9140625,
        "volume": 0,
        "coin": "BTC"
    },
    {
        "datetime": "2025-02-26T00:00:00.000Z",
        "open_price": 88491.3359375,
        "high_price": 88512.78125,
        "low_price": 88059.8046875,
        "close_price": 88059.8046875,
        "volume": 0,
        "coin": "BTC"
    }
]
[2025-02-26T20:43:52.829+0000] {python.py:194} INFO - Done. Returned value was: None
[2025-02-26T20:43:52.842+0000] {taskinstance.py:1400} INFO - Marking task as SUCCESS. dag_id=yfinance_ingestion_dag, task_id=fetch_data, execution_date=20250131T000000, start_date=20250226T204351, end_date=20250226T204352
[2025-02-26T20:43:53.075+0000] {local_task_job_runner.py:228} INFO - Task exited with return code 0
[2025-02-26T20:43:53.109+0000] {taskinstance.py:2784} INFO - 1 downstream tasks scheduled from follow-on schedule check
[2025-02-27T14:55:50.560+0000] {taskinstance.py:1157} INFO - Dependencies all met for dep_context=non-requeueable deps ti=<TaskInstance: yfinance_ingestion_dag.fetch_data scheduled__2025-01-31T00:00:00+00:00 [queued]>
[2025-02-27T14:55:50.618+0000] {taskinstance.py:1157} INFO - Dependencies all met for dep_context=requeueable deps ti=<TaskInstance: yfinance_ingestion_dag.fetch_data scheduled__2025-01-31T00:00:00+00:00 [queued]>
[2025-02-27T14:55:50.626+0000] {taskinstance.py:1359} INFO - Starting attempt 1 of 1
[2025-02-27T14:55:50.931+0000] {taskinstance.py:1380} INFO - Executing <Task(PythonOperator): fetch_data> on 2025-01-31 00:00:00+00:00
[2025-02-27T14:55:50.949+0000] {standard_task_runner.py:57} INFO - Started process 388 to run task
[2025-02-27T14:55:50.978+0000] {standard_task_runner.py:84} INFO - Running: ['***', 'tasks', 'run', 'yfinance_ingestion_dag', 'fetch_data', 'scheduled__2025-01-31T00:00:00+00:00', '--job-id', '66', '--raw', '--subdir', 'DAGS_FOLDER/pipeline.py', '--cfg-path', '/tmp/tmp4s1rr9hj']
[2025-02-27T14:55:50.984+0000] {standard_task_runner.py:85} INFO - Job 66: Subtask fetch_data
[2025-02-27T14:55:51.253+0000] {task_command.py:415} INFO - Running <TaskInstance: yfinance_ingestion_dag.fetch_data scheduled__2025-01-31T00:00:00+00:00 [running]> on host a71f042480b6
[2025-02-27T14:55:51.723+0000] {taskinstance.py:1660} INFO - Exporting env vars: AIRFLOW_CTX_DAG_OWNER='etudiant' AIRFLOW_CTX_DAG_ID='yfinance_ingestion_dag' AIRFLOW_CTX_TASK_ID='fetch_data' AIRFLOW_CTX_EXECUTION_DATE='2025-01-31T00:00:00+00:00' AIRFLOW_CTX_TRY_NUMBER='1' AIRFLOW_CTX_DAG_RUN_ID='scheduled__2025-01-31T00:00:00+00:00'
[2025-02-27T14:55:54.041+0000] {logging_mixin.py:151} INFO - [
    {
        "datetime": "2025-02-26T14:00:00.000Z",
        "open_price": 87072.828125,
        "high_price": 87563.078125,
        "low_price": 85422.9375,
        "close_price": 87432.484375,
        "volume": 0,
        "coin": "BTC"
    },
    {
        "datetime": "2025-02-26T15:00:00.000Z",
        "open_price": 87661.421875,
        "high_price": 88288.6484375,
        "low_price": 87374.875,
        "close_price": 87413.8359375,
        "volume": 0,
        "coin": "BTC"
    },
    {
        "datetime": "2025-02-26T16:00:00.000Z",
        "open_price": 87454.171875,
        "high_price": 87614.5078125,
        "low_price": 86253.3046875,
        "close_price": 86805.0390625,
        "volume": 0,
        "coin": "BTC"
    },
    {
        "datetime": "2025-02-26T17:00:00.000Z",
        "open_price": 86723.578125,
        "high_price": 87145.1328125,
        "low_price": 85626.4609375,
        "close_price": 85626.4609375,
        "volume": 0,
        "coin": "BTC"
    },
    {
        "datetime": "2025-02-26T18:00:00.000Z",
        "open_price": 86165.1171875,
        "high_price": 86317.1484375,
        "low_price": 83829.2109375,
        "close_price": 83982.5859375,
        "volume": 4174999552,
        "coin": "BTC"
    }
]
[2025-02-27T14:55:54.158+0000] {python.py:194} INFO - Done. Returned value was: None
[2025-02-27T14:55:54.293+0000] {taskinstance.py:1398} INFO - Marking task as SUCCESS. dag_id=yfinance_ingestion_dag, task_id=fetch_data, execution_date=20250131T000000, start_date=20250227T145550, end_date=20250227T145554
[2025-02-27T14:55:54.497+0000] {local_task_job_runner.py:228} INFO - Task exited with return code 0
[2025-02-27T14:55:54.585+0000] {taskinstance.py:2776} INFO - 1 downstream tasks scheduled from follow-on schedule check
