[2025-02-27T09:30:50.152+0000] {taskinstance.py:1159} INFO - Dependencies all met for dep_context=non-requeueable deps ti=<TaskInstance: yfinance_ingestion_dag.run_mapreduce manual__2025-02-27T09:30:34.203031+00:00 [queued]>
[2025-02-27T09:30:50.168+0000] {taskinstance.py:1159} INFO - Dependencies all met for dep_context=requeueable deps ti=<TaskInstance: yfinance_ingestion_dag.run_mapreduce manual__2025-02-27T09:30:34.203031+00:00 [queued]>
[2025-02-27T09:30:50.169+0000] {taskinstance.py:1361} INFO - Starting attempt 1 of 1
[2025-02-27T09:30:50.191+0000] {taskinstance.py:1382} INFO - Executing <Task(BashOperator): run_mapreduce> on 2025-02-27 09:30:34.203031+00:00
[2025-02-27T09:30:50.196+0000] {standard_task_runner.py:57} INFO - Started process 4503 to run task
[2025-02-27T09:30:50.199+0000] {standard_task_runner.py:84} INFO - Running: ['***', 'tasks', 'run', 'yfinance_ingestion_dag', 'run_mapreduce', 'manual__2025-02-27T09:30:34.203031+00:00', '--job-id', '457', '--raw', '--subdir', 'DAGS_FOLDER/pipeline.py', '--cfg-path', '/tmp/tmpt4hbb7ty']
[2025-02-27T09:30:50.202+0000] {standard_task_runner.py:85} INFO - Job 457: Subtask run_mapreduce
[2025-02-27T09:30:50.264+0000] {task_command.py:415} INFO - Running <TaskInstance: yfinance_ingestion_dag.run_mapreduce manual__2025-02-27T09:30:34.203031+00:00 [running]> on host 09ff8bd65149
[2025-02-27T09:30:50.371+0000] {taskinstance.py:1660} INFO - Exporting env vars: AIRFLOW_CTX_DAG_OWNER='etudiant' AIRFLOW_CTX_DAG_ID='yfinance_ingestion_dag' AIRFLOW_CTX_TASK_ID='run_mapreduce' AIRFLOW_CTX_EXECUTION_DATE='2025-02-27T09:30:34.203031+00:00' AIRFLOW_CTX_TRY_NUMBER='1' AIRFLOW_CTX_DAG_RUN_ID='manual__2025-02-27T09:30:34.203031+00:00'
[2025-02-27T09:30:50.375+0000] {subprocess.py:63} INFO - Tmp dir root location: /tmp
[2025-02-27T09:30:50.376+0000] {subprocess.py:75} INFO - Running command: ['/bin/bash', '-c', '\n        docker exec -i -u root namenode bash -c \'         cd /tmp &&         cp /mnt/hadoop_data/mapreduce/mapper.py . &&         cp /mnt/hadoop_data/mapreduce/reducer.py . &&         chmod +x mapper.py reducer.py &&         hdfs dfs -rm -r hdfs:///user/etudiant/crypto/processed/YYYY=2025/MM=02/DD=27 || true &&         hadoop jar /opt/hadoop-3.2.1/share/hadoop/tools/lib/hadoop-streaming-3.2.1.jar         -files mapper.py,reducer.py         -mapper "python mapper.py"         -reducer "python reducer.py"         -input hdfs:///user/etudiant/crypto/raw/YYYY=2025/MM=02/DD=27/yfinance_raw.json         -output hdfs:///user/etudiant/crypto/processed/YYYY=2025/MM=02/DD=27\'\n        ']
[2025-02-27T09:30:50.395+0000] {subprocess.py:86} INFO - Output:
[2025-02-27T09:30:52.082+0000] {subprocess.py:93} INFO - rm: `hdfs:///user/etudiant/crypto/processed/YYYY=2025/MM=02/DD=27': No such file or directory
[2025-02-27T09:30:54.221+0000] {subprocess.py:93} INFO - 2025-02-27 09:30:54,218 INFO impl.MetricsConfig: Loaded properties from hadoop-metrics2.properties
[2025-02-27T09:30:54.319+0000] {subprocess.py:93} INFO - 2025-02-27 09:30:54,317 INFO impl.MetricsSystemImpl: Scheduled Metric snapshot period at 10 second(s).
[2025-02-27T09:30:54.321+0000] {subprocess.py:93} INFO - 2025-02-27 09:30:54,317 INFO impl.MetricsSystemImpl: JobTracker metrics system started
[2025-02-27T09:30:54.346+0000] {subprocess.py:93} INFO - 2025-02-27 09:30:54,344 WARN impl.MetricsSystemImpl: JobTracker metrics system already initialized!
[2025-02-27T09:30:54.645+0000] {subprocess.py:93} INFO - 2025-02-27 09:30:54,643 INFO mapred.FileInputFormat: Total input files to process : 1
[2025-02-27T09:30:54.690+0000] {subprocess.py:93} INFO - 2025-02-27 09:30:54,688 INFO mapreduce.JobSubmitter: number of splits:1
[2025-02-27T09:30:54.868+0000] {subprocess.py:93} INFO - 2025-02-27 09:30:54,866 INFO mapreduce.JobSubmitter: Submitting tokens for job: job_local2017493414_0001
[2025-02-27T09:30:54.870+0000] {subprocess.py:93} INFO - 2025-02-27 09:30:54,866 INFO mapreduce.JobSubmitter: Executing with tokens: []
[2025-02-27T09:30:55.068+0000] {subprocess.py:93} INFO - 2025-02-27 09:30:55,066 INFO mapred.LocalDistributedCacheManager: Localized file:/tmp/mapper.py as file:/tmp/hadoop-root/mapred/local/job_local2017493414_0001_acbaeb28-0c5d-4e96-a16f-2c58df751a5e/mapper.py
[2025-02-27T09:30:55.097+0000] {subprocess.py:93} INFO - 2025-02-27 09:30:55,095 INFO mapred.LocalDistributedCacheManager: Localized file:/tmp/reducer.py as file:/tmp/hadoop-root/mapred/local/job_local2017493414_0001_78d1cfb8-2f8e-48cc-aaa2-a593fbd1be02/reducer.py
[2025-02-27T09:30:55.191+0000] {subprocess.py:93} INFO - 2025-02-27 09:30:55,189 INFO mapreduce.Job: The url to track the job: http://localhost:8080/
[2025-02-27T09:30:55.194+0000] {subprocess.py:93} INFO - 2025-02-27 09:30:55,191 INFO mapred.LocalJobRunner: OutputCommitter set in config null
[2025-02-27T09:30:55.196+0000] {subprocess.py:93} INFO - 2025-02-27 09:30:55,191 INFO mapreduce.Job: Running job: job_local2017493414_0001
[2025-02-27T09:30:55.197+0000] {subprocess.py:93} INFO - 2025-02-27 09:30:55,195 INFO mapred.LocalJobRunner: OutputCommitter is org.apache.hadoop.mapred.FileOutputCommitter
[2025-02-27T09:30:55.207+0000] {subprocess.py:93} INFO - 2025-02-27 09:30:55,204 INFO output.FileOutputCommitter: File Output Committer Algorithm version is 2
[2025-02-27T09:30:55.208+0000] {subprocess.py:93} INFO - 2025-02-27 09:30:55,205 INFO output.FileOutputCommitter: FileOutputCommitter skip cleanup _temporary folders under output directory:false, ignore cleanup failures: false
[2025-02-27T09:30:55.267+0000] {subprocess.py:93} INFO - 2025-02-27 09:30:55,265 INFO mapred.LocalJobRunner: Waiting for map tasks
[2025-02-27T09:30:55.273+0000] {subprocess.py:93} INFO - 2025-02-27 09:30:55,271 INFO mapred.LocalJobRunner: Starting task: attempt_local2017493414_0001_m_000000_0
[2025-02-27T09:30:55.303+0000] {subprocess.py:93} INFO - 2025-02-27 09:30:55,300 INFO output.FileOutputCommitter: File Output Committer Algorithm version is 2
[2025-02-27T09:30:55.304+0000] {subprocess.py:93} INFO - 2025-02-27 09:30:55,300 INFO output.FileOutputCommitter: FileOutputCommitter skip cleanup _temporary folders under output directory:false, ignore cleanup failures: false
[2025-02-27T09:30:55.324+0000] {subprocess.py:93} INFO - 2025-02-27 09:30:55,323 INFO mapred.Task:  Using ResourceCalculatorProcessTree : [ ]
[2025-02-27T09:30:55.331+0000] {subprocess.py:93} INFO - 2025-02-27 09:30:55,329 INFO mapred.MapTask: Processing split: hdfs://namenode:9000/user/etudiant/crypto/raw/YYYY=2025/MM=02/DD=27/yfinance_raw.json:0+14962
[2025-02-27T09:30:55.347+0000] {subprocess.py:93} INFO - 2025-02-27 09:30:55,346 INFO mapred.MapTask: numReduceTasks: 1
[2025-02-27T09:30:55.405+0000] {subprocess.py:93} INFO - 2025-02-27 09:30:55,403 INFO mapred.MapTask: (EQUATOR) 0 kvi 26214396(104857584)
[2025-02-27T09:30:55.406+0000] {subprocess.py:93} INFO - 2025-02-27 09:30:55,404 INFO mapred.MapTask: mapreduce.task.io.sort.mb: 100
[2025-02-27T09:30:55.407+0000] {subprocess.py:93} INFO - 2025-02-27 09:30:55,404 INFO mapred.MapTask: soft limit at 83886080
[2025-02-27T09:30:55.408+0000] {subprocess.py:93} INFO - 2025-02-27 09:30:55,404 INFO mapred.MapTask: bufstart = 0; bufvoid = 104857600
[2025-02-27T09:30:55.409+0000] {subprocess.py:93} INFO - 2025-02-27 09:30:55,404 INFO mapred.MapTask: kvstart = 26214396; length = 6553600
[2025-02-27T09:30:55.410+0000] {subprocess.py:93} INFO - 2025-02-27 09:30:55,408 INFO mapred.MapTask: Map output collector class = org.apache.hadoop.mapred.MapTask$MapOutputBuffer
[2025-02-27T09:30:55.417+0000] {subprocess.py:93} INFO - 2025-02-27 09:30:55,415 INFO streaming.PipeMapRed: PipeMapRed exec [/usr/bin/python, mapper.py]
[2025-02-27T09:30:55.422+0000] {subprocess.py:93} INFO - 2025-02-27 09:30:55,420 INFO Configuration.deprecation: mapred.work.output.dir is deprecated. Instead, use mapreduce.task.output.dir
[2025-02-27T09:30:55.423+0000] {subprocess.py:93} INFO - 2025-02-27 09:30:55,420 INFO Configuration.deprecation: map.input.start is deprecated. Instead, use mapreduce.map.input.start
[2025-02-27T09:30:55.424+0000] {subprocess.py:93} INFO - 2025-02-27 09:30:55,421 INFO Configuration.deprecation: mapred.task.is.map is deprecated. Instead, use mapreduce.task.ismap
[2025-02-27T09:30:55.425+0000] {subprocess.py:93} INFO - 2025-02-27 09:30:55,421 INFO Configuration.deprecation: mapred.task.id is deprecated. Instead, use mapreduce.task.attempt.id
[2025-02-27T09:30:55.426+0000] {subprocess.py:93} INFO - 2025-02-27 09:30:55,422 INFO Configuration.deprecation: mapred.tip.id is deprecated. Instead, use mapreduce.task.id
[2025-02-27T09:30:55.427+0000] {subprocess.py:93} INFO - 2025-02-27 09:30:55,422 INFO Configuration.deprecation: mapred.local.dir is deprecated. Instead, use mapreduce.cluster.local.dir
[2025-02-27T09:30:55.427+0000] {subprocess.py:93} INFO - 2025-02-27 09:30:55,422 INFO Configuration.deprecation: map.input.file is deprecated. Instead, use mapreduce.map.input.file
[2025-02-27T09:30:55.428+0000] {subprocess.py:93} INFO - 2025-02-27 09:30:55,423 INFO Configuration.deprecation: mapred.skip.on is deprecated. Instead, use mapreduce.job.skiprecords
[2025-02-27T09:30:55.429+0000] {subprocess.py:93} INFO - 2025-02-27 09:30:55,424 INFO Configuration.deprecation: map.input.length is deprecated. Instead, use mapreduce.map.input.length
[2025-02-27T09:30:55.429+0000] {subprocess.py:93} INFO - 2025-02-27 09:30:55,426 INFO Configuration.deprecation: mapred.job.id is deprecated. Instead, use mapreduce.job.id
[2025-02-27T09:30:55.430+0000] {subprocess.py:93} INFO - 2025-02-27 09:30:55,426 INFO Configuration.deprecation: user.name is deprecated. Instead, use mapreduce.job.user.name
[2025-02-27T09:30:55.430+0000] {subprocess.py:93} INFO - 2025-02-27 09:30:55,427 INFO Configuration.deprecation: mapred.task.partition is deprecated. Instead, use mapreduce.task.partition
[2025-02-27T09:30:55.459+0000] {subprocess.py:93} INFO - 2025-02-27 09:30:55,458 INFO sasl.SaslDataTransferClient: SASL encryption trust check: localHostTrusted = false, remoteHostTrusted = false
[2025-02-27T09:30:55.548+0000] {subprocess.py:93} INFO - 2025-02-27 09:30:55,546 INFO streaming.PipeMapRed: R/W/S=1/0/0 in:NA [rec/s] out:NA [rec/s]
[2025-02-27T09:30:55.549+0000] {subprocess.py:93} INFO - 2025-02-27 09:30:55,547 INFO streaming.PipeMapRed: R/W/S=10/0/0 in:NA [rec/s] out:NA [rec/s]
[2025-02-27T09:30:55.563+0000] {subprocess.py:93} INFO - DEBUG: Received line: {"datetime": "2025-02-26T09:00:00.000Z", "open_price": 88422.328125, "high_price": 89208.5078125, "low_price": 88422.328125, "close_price": 89055.546875, "volume": 0, "coin": "BTC"}
[2025-02-27T09:30:55.565+0000] {subprocess.py:93} INFO - DEBUG: Parsed record: {"close_price": 89055.546875, "open_price": 88422.328125, "high_price": 89208.5078125, "volume": 0, "low_price": 88422.328125, "coin": "BTC", "datetime": "2025-02-26T09:00:00.000Z"}
[2025-02-27T09:30:55.567+0000] {subprocess.py:93} INFO - DEBUG: Emitted: BTC	{"close_price": 89055.546875, "volume": 0.0, "high_price": 89208.5078125, "open_price": 88422.328125, "low_price": 88422.328125, "timestamp": "2025-02-26T09:00:00.000Z"}
[2025-02-27T09:30:55.570+0000] {subprocess.py:93} INFO - DEBUG: Received line: {"datetime": "2025-02-26T10:00:00.000Z", "open_price": 89059.828125, "high_price": 89222.5390625, "low_price": 88848.34375, "close_price": 89222.5390625, "volume": 0, "coin": "BTC"}
[2025-02-27T09:30:55.571+0000] {subprocess.py:93} INFO - DEBUG: Parsed record: {"close_price": 89222.5390625, "open_price": 89059.828125, "high_price": 89222.5390625, "volume": 0, "low_price": 88848.34375, "coin": "BTC", "datetime": "2025-02-26T10:00:00.000Z"}
[2025-02-27T09:30:55.572+0000] {subprocess.py:93} INFO - DEBUG: Emitted: BTC	{"close_price": 89222.5390625, "volume": 0.0, "high_price": 89222.5390625, "open_price": 89059.828125, "low_price": 88848.34375, "timestamp": "2025-02-26T10:00:00.000Z"}
[2025-02-27T09:30:55.573+0000] {subprocess.py:93} INFO - DEBUG: Received line: {"datetime": "2025-02-26T11:00:00.000Z", "open_price": 89193.125, "high_price": 89193.125, "low_price": 88611.8515625, "close_price": 88611.8515625, "volume": 0, "coin": "BTC"}
[2025-02-27T09:30:55.574+0000] {subprocess.py:93} INFO - DEBUG: Parsed record: {"close_price": 88611.8515625, "open_price": 89193.125, "high_price": 89193.125, "volume": 0, "low_price": 88611.8515625, "coin": "BTC", "datetime": "2025-02-26T11:00:00.000Z"}
[2025-02-27T09:30:55.574+0000] {subprocess.py:93} INFO - DEBUG: Emitted: BTC	{"close_price": 88611.8515625, "volume": 0.0, "high_price": 89193.125, "open_price": 89193.125, "low_price": 88611.8515625, "timestamp": "2025-02-26T11:00:00.000Z"}
[2025-02-27T09:30:55.575+0000] {subprocess.py:93} INFO - DEBUG: Received line: {"datetime": "2025-02-26T12:00:00.000Z", "open_price": 88550.4609375, "high_price": 88573.2265625, "low_price": 87584.6796875, "close_price": 87811.6484375, "volume": 0, "coin": "BTC"}
[2025-02-27T09:30:55.575+0000] {subprocess.py:93} INFO - DEBUG: Parsed record: {"close_price": 87811.6484375, "open_price": 88550.4609375, "high_price": 88573.2265625, "volume": 0, "low_price": 87584.6796875, "coin": "BTC", "datetime": "2025-02-26T12:00:00.000Z"}
[2025-02-27T09:30:55.576+0000] {subprocess.py:93} INFO - DEBUG: Emitted: BTC	{"close_price": 87811.6484375, "volume": 0.0, "high_price": 88573.2265625, "open_price": 88550.4609375, "low_price": 87584.6796875, "timestamp": "2025-02-26T12:00:00.000Z"}
[2025-02-27T09:30:55.576+0000] {subprocess.py:93} INFO - DEBUG: Received line: {"datetime": "2025-02-26T13:00:00.000Z", "open_price": 87886.1875, "high_price": 87940.3203125, "low_price": 87053.234375, "close_price": 87053.234375, "volume": 0, "coin": "BTC"}
[2025-02-27T09:30:55.577+0000] {subprocess.py:93} INFO - DEBUG: Parsed record: {"close_price": 87053.234375, "open_price": 87886.1875, "high_price": 87940.3203125, "volume": 0, "low_price": 87053.234375, "coin": "BTC", "datetime": "2025-02-26T13:00:00.000Z"}
[2025-02-27T09:30:55.577+0000] {subprocess.py:93} INFO - DEBUG: Emitted: BTC	{"close_price": 87053.234375, "volume": 0.0, "high_price": 87940.3203125, "open_price": 87886.1875, "low_price": 87053.234375, "timestamp": "2025-02-26T13:00:00.000Z"}
[2025-02-27T09:30:55.578+0000] {subprocess.py:93} INFO - DEBUG: Received line: {"datetime": "2025-02-26T14:00:00.000Z", "open_price": 87072.828125, "high_price": 87563.078125, "low_price": 85422.9375, "close_price": 87432.484375, "volume": 1632796672, "coin": "BTC"}
[2025-02-27T09:30:55.578+0000] {subprocess.py:93} INFO - DEBUG: Parsed record: {"close_price": 87432.484375, "open_price": 87072.828125, "high_price": 87563.078125, "volume": 1632796672, "low_price": 85422.9375, "coin": "BTC", "datetime": "2025-02-26T14:00:00.000Z"}
[2025-02-27T09:30:55.578+0000] {subprocess.py:93} INFO - DEBUG: Emitted: BTC	{"close_price": 87432.484375, "volume": 1632796672.0, "high_price": 87563.078125, "open_price": 87072.828125, "low_price": 85422.9375, "timestamp": "2025-02-26T14:00:00.000Z"}
[2025-02-27T09:30:55.579+0000] {subprocess.py:93} INFO - DEBUG: Received line: {"datetime": "2025-02-26T15:00:00.000Z", "open_price": 87661.421875, "high_price": 88288.6484375, "low_price": 87374.875, "close_price": 87413.8359375, "volume": 0, "coin": "BTC"}
[2025-02-27T09:30:55.579+0000] {subprocess.py:93} INFO - DEBUG: Parsed record: {"close_price": 87413.8359375, "open_price": 87661.421875, "high_price": 88288.6484375, "volume": 0, "low_price": 87374.875, "coin": "BTC", "datetime": "2025-02-26T15:00:00.000Z"}
[2025-02-27T09:30:55.580+0000] {subprocess.py:93} INFO - DEBUG: Emitted: BTC	{"close_price": 87413.8359375, "volume": 0.0, "high_price": 88288.6484375, "open_price": 87661.421875, "low_price": 87374.875, "timestamp": "2025-02-26T15:00:00.000Z"}
[2025-02-27T09:30:55.580+0000] {subprocess.py:93} INFO - DEBUG: Received line: {"datetime": "2025-02-26T16:00:00.000Z", "open_price": 87454.171875, "high_price": 87614.5078125, "low_price": 86253.3046875, "close_price": 86805.0390625, "volume": 0, "coin": "BTC"}
[2025-02-27T09:30:55.581+0000] {subprocess.py:93} INFO - DEBUG: Parsed record: {"close_price": 86805.0390625, "open_price": 87454.171875, "high_price": 87614.5078125, "volume": 0, "low_price": 86253.3046875, "coin": "BTC", "datetime": "2025-02-26T16:00:00.000Z"}
[2025-02-27T09:30:55.581+0000] {subprocess.py:93} INFO - DEBUG: Emitted: BTC	{"close_price": 86805.0390625, "volume": 0.0, "high_price": 87614.5078125, "open_price": 87454.171875, "low_price": 86253.3046875, "timestamp": "2025-02-26T16:00:00.000Z"}
[2025-02-27T09:30:55.582+0000] {subprocess.py:93} INFO - DEBUG: Received line: {"datetime": "2025-02-26T17:00:00.000Z", "open_price": 86723.578125, "high_price": 87145.1328125, "low_price": 85626.4609375, "close_price": 85626.4609375, "volume": 0, "coin": "BTC"}
[2025-02-27T09:30:55.583+0000] {subprocess.py:93} INFO - DEBUG: Parsed record: {"close_price": 85626.4609375, "open_price": 86723.578125, "high_price": 87145.1328125, "volume": 0, "low_price": 85626.4609375, "coin": "BTC", "datetime": "2025-02-26T17:00:00.000Z"}
[2025-02-27T09:30:55.584+0000] {subprocess.py:93} INFO - DEBUG: Emitted: BTC	{"close_price": 85626.4609375, "volume": 0.0, "high_price": 87145.1328125, "open_price": 86723.578125, "low_price": 85626.4609375, "timestamp": "2025-02-26T17:00:00.000Z"}
[2025-02-27T09:30:55.585+0000] {subprocess.py:93} INFO - DEBUG: Received line: {"datetime": "2025-02-26T18:00:00.000Z", "open_price": 86165.1171875, "high_price": 86317.1484375, "low_price": 83829.2109375, "close_price": 83982.5859375, "volume": 4174999552, "coin": "BTC"}
[2025-02-27T09:30:55.586+0000] {subprocess.py:93} INFO - DEBUG: Parsed record: {"close_price": 83982.5859375, "open_price": 86165.1171875, "high_price": 86317.1484375, "volume": 4174999552, "low_price": 83829.2109375, "coin": "BTC", "datetime": "2025-02-26T18:00:00.000Z"}
[2025-02-27T09:30:55.587+0000] {subprocess.py:93} INFO - DEBUG: Emitted: BTC	{"close_price": 83982.5859375, "volume": 4174999552.0, "high_price": 86317.1484375, "open_price": 86165.1171875, "low_price": 83829.2109375, "timestamp": "2025-02-26T18:00:00.000Z"}
[2025-02-27T09:30:55.588+0000] {subprocess.py:93} INFO - DEBUG: Received line: {"datetime": "2025-02-26T19:00:00.000Z", "open_price": 84084.6640625, "high_price": 84843.0703125, "low_price": 83683.5703125, "close_price": 83755.3671875, "volume": 4787310592, "coin": "BTC"}
[2025-02-27T09:30:55.588+0000] {subprocess.py:93} INFO - DEBUG: Parsed record: {"close_price": 83755.3671875, "open_price": 84084.6640625, "high_price": 84843.0703125, "volume": 4787310592, "low_price": 83683.5703125, "coin": "BTC", "datetime": "2025-02-26T19:00:00.000Z"}
[2025-02-27T09:30:55.589+0000] {subprocess.py:93} INFO - DEBUG: Emitted: BTC	{"close_price": 83755.3671875, "volume": 4787310592.0, "high_price": 84843.0703125, "open_price": 84084.6640625, "low_price": 83683.5703125, "timestamp": "2025-02-26T19:00:00.000Z"}
[2025-02-27T09:30:55.590+0000] {subprocess.py:93} INFO - DEBUG: Received line: {"datetime": "2025-02-26T20:00:00.000Z", "open_price": 83783.140625, "high_price": 84402.953125, "low_price": 82242.9921875, "close_price": 84382.9453125, "volume": 0, "coin": "BTC"}
[2025-02-27T09:30:55.590+0000] {subprocess.py:93} INFO - DEBUG: Parsed record: {"close_price": 84382.9453125, "open_price": 83783.140625, "high_price": 84402.953125, "volume": 0, "low_price": 82242.9921875, "coin": "BTC", "datetime": "2025-02-26T20:00:00.000Z"}
[2025-02-27T09:30:55.591+0000] {subprocess.py:93} INFO - DEBUG: Emitted: BTC	{"close_price": 84382.9453125, "volume": 0.0, "high_price": 84402.953125, "open_price": 83783.140625, "low_price": 82242.9921875, "timestamp": "2025-02-26T20:00:00.000Z"}
[2025-02-27T09:30:55.591+0000] {subprocess.py:93} INFO - DEBUG: Received line: {"datetime": "2025-02-26T21:00:00.000Z", "open_price": 84272.078125, "high_price": 84807.203125, "low_price": 83421.3359375, "close_price": 84336.375, "volume": 3264200704, "coin": "BTC"}
[2025-02-27T09:30:55.592+0000] {subprocess.py:93} INFO - DEBUG: Parsed record: {"close_price": 84336.375, "open_price": 84272.078125, "high_price": 84807.203125, "volume": 3264200704, "low_price": 83421.3359375, "coin": "BTC", "datetime": "2025-02-26T21:00:00.000Z"}
[2025-02-27T09:30:55.593+0000] {subprocess.py:93} INFO - DEBUG: Emitted: BTC	{"close_price": 84336.375, "volume": 3264200704.0, "high_price": 84807.203125, "open_price": 84272.078125, "low_price": 83421.3359375, "timestamp": "2025-02-26T21:00:00.000Z"}
[2025-02-27T09:30:55.593+0000] {subprocess.py:93} INFO - DEBUG: Received line: {"datetime": "2025-02-26T22:00:00.000Z", "open_price": 84439.328125, "high_price": 85122.9375, "low_price": 84123.4375, "close_price": 84275.34375, "volume": 2340999168, "coin": "BTC"}
[2025-02-27T09:30:55.594+0000] {subprocess.py:93} INFO - DEBUG: Parsed record: {"close_price": 84275.34375, "open_price": 84439.328125, "high_price": 85122.9375, "volume": 2340999168, "low_price": 84123.4375, "coin": "BTC", "datetime": "2025-02-26T22:00:00.000Z"}
[2025-02-27T09:30:55.594+0000] {subprocess.py:93} INFO - DEBUG: Emitted: BTC	{"close_price": 84275.34375, "volume": 2340999168.0, "high_price": 85122.9375, "open_price": 84439.328125, "low_price": 84123.4375, "timestamp": "2025-02-26T22:00:00.000Z"}
[2025-02-27T09:30:55.595+0000] {subprocess.py:93} INFO - DEBUG: Received line: {"datetime": "2025-02-26T23:00:00.000Z", "open_price": 84375.5703125, "high_price": 84621.8359375, "low_price": 83836.8515625, "close_price": 83993.6328125, "volume": 0, "coin": "BTC"}
[2025-02-27T09:30:55.596+0000] {subprocess.py:93} INFO - DEBUG: Parsed record: {"close_price": 83993.6328125, "open_price": 84375.5703125, "high_price": 84621.8359375, "volume": 0, "low_price": 83836.8515625, "coin": "BTC", "datetime": "2025-02-26T23:00:00.000Z"}
[2025-02-27T09:30:55.596+0000] {subprocess.py:93} INFO - DEBUG: Emitted: BTC	{"close_price": 83993.6328125, "volume": 0.0, "high_price": 84621.8359375, "open_price": 84375.5703125, "low_price": 83836.8515625, "timestamp": "2025-02-26T23:00:00.000Z"}
[2025-02-27T09:30:55.597+0000] {subprocess.py:93} INFO - DEBUG: Received line: {"datetime": "2025-02-27T00:00:00.000Z", "open_price": 84136.3046875, "high_price": 84648.640625, "low_price": 83977.671875, "close_price": 84642.90625, "volume": 1022881792, "coin": "BTC"}
[2025-02-27T09:30:55.597+0000] {subprocess.py:93} INFO - DEBUG: Parsed record: {"close_price": 84642.90625, "open_price": 84136.3046875, "high_price": 84648.640625, "volume": 1022881792, "low_price": 83977.671875, "coin": "BTC", "datetime": "2025-02-27T00:00:00.000Z"}
[2025-02-27T09:30:55.598+0000] {subprocess.py:93} INFO - DEBUG: Emitted: BTC	{"close_price": 84642.90625, "volume": 1022881792.0, "high_price": 84648.640625, "open_price": 84136.3046875, "low_price": 83977.671875, "timestamp": "2025-02-27T00:00:00.000Z"}
[2025-02-27T09:30:55.598+0000] {subprocess.py:93} INFO - DEBUG: Received line: {"datetime": "2025-02-27T01:00:00.000Z", "open_price": 84582.4140625, "high_price": 85265.8984375, "low_price": 84278.9609375, "close_price": 84706.546875, "volume": 2845286400, "coin": "BTC"}
[2025-02-27T09:30:55.599+0000] {subprocess.py:93} INFO - DEBUG: Parsed record: {"close_price": 84706.546875, "open_price": 84582.4140625, "high_price": 85265.8984375, "volume": 2845286400, "low_price": 84278.9609375, "coin": "BTC", "datetime": "2025-02-27T01:00:00.000Z"}
[2025-02-27T09:30:55.599+0000] {subprocess.py:93} INFO - DEBUG: Emitted: BTC	{"close_price": 84706.546875, "volume": 2845286400.0, "high_price": 85265.8984375, "open_price": 84582.4140625, "low_price": 84278.9609375, "timestamp": "2025-02-27T01:00:00.000Z"}
[2025-02-27T09:30:55.600+0000] {subprocess.py:93} INFO - DEBUG: Received line: {"datetime": "2025-02-27T02:00:00.000Z", "open_price": 84641.421875, "high_price": 85040.5625, "low_price": 84233.265625, "close_price": 84233.265625, "volume": 0, "coin": "BTC"}
[2025-02-27T09:30:55.600+0000] {subprocess.py:93} INFO - DEBUG: Parsed record: {"close_price": 84233.265625, "open_price": 84641.421875, "high_price": 85040.5625, "volume": 0, "low_price": 84233.265625, "coin": "BTC", "datetime": "2025-02-27T02:00:00.000Z"}
[2025-02-27T09:30:55.600+0000] {subprocess.py:93} INFO - DEBUG: Emitted: BTC	{"close_price": 84233.265625, "volume": 0.0, "high_price": 85040.5625, "open_price": 84641.421875, "low_price": 84233.265625, "timestamp": "2025-02-27T02:00:00.000Z"}
[2025-02-27T09:30:55.601+0000] {subprocess.py:93} INFO - DEBUG: Received line: {"datetime": "2025-02-27T03:00:00.000Z", "open_price": 84222.7578125, "high_price": 85228.046875, "low_price": 84222.7578125, "close_price": 85164.9921875, "volume": 2459906048, "coin": "BTC"}
[2025-02-27T09:30:55.601+0000] {subprocess.py:93} INFO - DEBUG: Parsed record: {"close_price": 85164.9921875, "open_price": 84222.7578125, "high_price": 85228.046875, "volume": 2459906048, "low_price": 84222.7578125, "coin": "BTC", "datetime": "2025-02-27T03:00:00.000Z"}
[2025-02-27T09:30:55.603+0000] {subprocess.py:93} INFO - DEBUG: Emitted: BTC	{"close_price": 85164.9921875, "volume": 2459906048.0, "high_price": 85228.046875, "open_price": 84222.7578125, "low_price": 84222.7578125, "timestamp": "2025-02-27T03:00:00.000Z"}
[2025-02-27T09:30:55.603+0000] {subprocess.py:93} INFO - DEBUG: Received line: {"datetime": "2025-02-27T04:00:00.000Z", "open_price": 85134.2265625, "high_price": 85212.8828125, "low_price": 84637.1875, "close_price": 85017.7109375, "volume": 12867338240, "coin": "BTC"}
[2025-02-27T09:30:55.604+0000] {subprocess.py:93} INFO - DEBUG: Parsed record: {"close_price": 85017.7109375, "open_price": 85134.2265625, "high_price": 85212.8828125, "volume": 12867338240, "low_price": 84637.1875, "coin": "BTC", "datetime": "2025-02-27T04:00:00.000Z"}
[2025-02-27T09:30:55.605+0000] {subprocess.py:93} INFO - DEBUG: Emitted: BTC	{"close_price": 85017.7109375, "volume": 12867338240.0, "high_price": 85212.8828125, "open_price": 85134.2265625, "low_price": 84637.1875, "timestamp": "2025-02-27T04:00:00.000Z"}
[2025-02-27T09:30:55.605+0000] {subprocess.py:93} INFO - DEBUG: Received line: {"datetime": "2025-02-27T05:00:00.000Z", "open_price": 85047.5703125, "high_price": 85825.984375, "low_price": 85011.8125, "close_price": 85825.984375, "volume": 23485448192, "coin": "BTC"}
[2025-02-27T09:30:55.606+0000] {subprocess.py:93} INFO - DEBUG: Parsed record: {"close_price": 85825.984375, "open_price": 85047.5703125, "high_price": 85825.984375, "volume": 23485448192, "low_price": 85011.8125, "coin": "BTC", "datetime": "2025-02-27T05:00:00.000Z"}
[2025-02-27T09:30:55.606+0000] {subprocess.py:93} INFO - DEBUG: Emitted: BTC	{"close_price": 85825.984375, "volume": 23485448192.0, "high_price": 85825.984375, "open_price": 85047.5703125, "low_price": 85011.8125, "timestamp": "2025-02-27T05:00:00.000Z"}
[2025-02-27T09:30:55.607+0000] {subprocess.py:93} INFO - DEBUG: Received line: {"datetime": "2025-02-27T06:00:00.000Z", "open_price": 85809.0703125, "high_price": 86478.65625, "low_price": 85646.515625, "close_price": 86169.8125, "volume": 22188630016, "coin": "BTC"}
[2025-02-27T09:30:55.607+0000] {subprocess.py:93} INFO - DEBUG: Parsed record: {"close_price": 86169.8125, "open_price": 85809.0703125, "high_price": 86478.65625, "volume": 22188630016, "low_price": 85646.515625, "coin": "BTC", "datetime": "2025-02-27T06:00:00.000Z"}
[2025-02-27T09:30:55.608+0000] {subprocess.py:93} INFO - DEBUG: Emitted: BTC	{"close_price": 86169.8125, "volume": 22188630016.0, "high_price": 86478.65625, "open_price": 85809.0703125, "low_price": 85646.515625, "timestamp": "2025-02-27T06:00:00.000Z"}
[2025-02-27T09:30:55.608+0000] {subprocess.py:93} INFO - DEBUG: Received line: {"datetime": "2025-02-27T07:00:00.000Z", "open_price": 86189.9453125, "high_price": 86472.0, "low_price": 86064.96875, "close_price": 86256.140625, "volume": 16320290816, "coin": "BTC"}
[2025-02-27T09:30:55.609+0000] {subprocess.py:93} INFO - DEBUG: Parsed record: {"close_price": 86256.140625, "open_price": 86189.9453125, "high_price": 86472.0, "volume": 16320290816, "low_price": 86064.96875, "coin": "BTC", "datetime": "2025-02-27T07:00:00.000Z"}
[2025-02-27T09:30:55.609+0000] {subprocess.py:93} INFO - DEBUG: Emitted: BTC	{"close_price": 86256.140625, "volume": 16320290816.0, "high_price": 86472.0, "open_price": 86189.9453125, "low_price": 86064.96875, "timestamp": "2025-02-27T07:00:00.000Z"}
[2025-02-27T09:30:55.610+0000] {subprocess.py:93} INFO - DEBUG: Received line: {"datetime": "2025-02-27T08:00:00.000Z", "open_price": 86210.6171875, "high_price": 86354.3515625, "low_price": 85866.421875, "close_price": 85981.296875, "volume": 10363691008, "coin": "BTC"}
[2025-02-27T09:30:55.610+0000] {subprocess.py:93} INFO - DEBUG: Parsed record: {"close_price": 85981.296875, "open_price": 86210.6171875, "high_price": 86354.3515625, "volume": 10363691008, "low_price": 85866.421875, "coin": "BTC", "datetime": "2025-02-27T08:00:00.000Z"}
[2025-02-27T09:30:55.611+0000] {subprocess.py:93} INFO - DEBUG: Emitted: BTC	{"close_price": 85981.296875, "volume": 10363691008.0, "high_price": 86354.3515625, "open_price": 86210.6171875, "low_price": 85866.421875, "timestamp": "2025-02-27T08:00:00.000Z"}
[2025-02-27T09:30:55.611+0000] {subprocess.py:93} INFO - DEBUG: Received line: {"datetime": "2025-02-27T09:00:00.000Z", "open_price": 85997.0234375, "high_price": 86227.46875, "low_price": 85848.9609375, "close_price": 86044.65625, "volume": 4886904832, "coin": "BTC"}
[2025-02-27T09:30:55.612+0000] {subprocess.py:93} INFO - DEBUG: Parsed record: {"close_price": 86044.65625, "open_price": 85997.0234375, "high_price": 86227.46875, "volume": 4886904832, "low_price": 85848.9609375, "coin": "BTC", "datetime": "2025-02-27T09:00:00.000Z"}
[2025-02-27T09:30:55.612+0000] {subprocess.py:93} INFO - DEBUG: Emitted: BTC	{"close_price": 86044.65625, "volume": 4886904832.0, "high_price": 86227.46875, "open_price": 85997.0234375, "low_price": 85848.9609375, "timestamp": "2025-02-27T09:00:00.000Z"}
[2025-02-27T09:30:55.612+0000] {subprocess.py:93} INFO - DEBUG: Received line: {"datetime": "2025-02-26T09:00:00.000Z", "open_price": 2463.039306640625, "high_price": 2491.718505859375, "low_price": 2463.039306640625, "close_price": 2487.95751953125, "volume": 0, "coin": "ETH"}
[2025-02-27T09:30:55.613+0000] {subprocess.py:93} INFO - DEBUG: Parsed record: {"close_price": 2487.95751953125, "open_price": 2463.039306640625, "high_price": 2491.718505859375, "volume": 0, "low_price": 2463.039306640625, "coin": "ETH", "datetime": "2025-02-26T09:00:00.000Z"}
[2025-02-27T09:30:55.613+0000] {subprocess.py:93} INFO - DEBUG: Emitted: ETH	{"close_price": 2487.95751953125, "volume": 0.0, "high_price": 2491.718505859375, "open_price": 2463.039306640625, "low_price": 2463.039306640625, "timestamp": "2025-02-26T09:00:00.000Z"}
[2025-02-27T09:30:55.614+0000] {subprocess.py:93} INFO - DEBUG: Received line: {"datetime": "2025-02-26T10:00:00.000Z", "open_price": 2488.56298828125, "high_price": 2493.3564453125, "low_price": 2477.736083984375, "close_price": 2493.3564453125, "volume": 0, "coin": "ETH"}
[2025-02-27T09:30:55.615+0000] {subprocess.py:93} INFO - DEBUG: Parsed record: {"close_price": 2493.3564453125, "open_price": 2488.56298828125, "high_price": 2493.3564453125, "volume": 0, "low_price": 2477.736083984375, "coin": "ETH", "datetime": "2025-02-26T10:00:00.000Z"}
[2025-02-27T09:30:55.616+0000] {subprocess.py:93} INFO - DEBUG: Emitted: ETH	{"close_price": 2493.3564453125, "volume": 0.0, "high_price": 2493.3564453125, "open_price": 2488.56298828125, "low_price": 2477.736083984375, "timestamp": "2025-02-26T10:00:00.000Z"}
[2025-02-27T09:30:55.616+0000] {subprocess.py:93} INFO - DEBUG: Received line: {"datetime": "2025-02-26T11:00:00.000Z", "open_price": 2490.75439453125, "high_price": 2493.138671875, "low_price": 2463.705322265625, "close_price": 2463.705322265625, "volume": 0, "coin": "ETH"}
[2025-02-27T09:30:55.617+0000] {subprocess.py:93} INFO - DEBUG: Parsed record: {"close_price": 2463.705322265625, "open_price": 2490.75439453125, "high_price": 2493.138671875, "volume": 0, "low_price": 2463.705322265625, "coin": "ETH", "datetime": "2025-02-26T11:00:00.000Z"}
[2025-02-27T09:30:55.621+0000] {subprocess.py:93} INFO - DEBUG: Emitted: ETH	{"close_price": 2463.705322265625, "volume": 0.0, "high_price": 2493.138671875, "open_price": 2490.75439453125, "low_price": 2463.705322265625, "timestamp": "2025-02-26T11:00:00.000Z"}
[2025-02-27T09:30:55.622+0000] {subprocess.py:93} INFO - DEBUG: Received line: {"datetime": "2025-02-26T12:00:00.000Z", "open_price": 2463.039306640625, "high_price": 2463.494140625, "low_price": 2422.73291015625, "close_price": 2430.748779296875, "volume": 0, "coin": "ETH"}
[2025-02-27T09:30:55.622+0000] {subprocess.py:93} INFO - DEBUG: Parsed record: {"close_price": 2430.748779296875, "open_price": 2463.039306640625, "high_price": 2463.494140625, "volume": 0, "low_price": 2422.73291015625, "coin": "ETH", "datetime": "2025-02-26T12:00:00.000Z"}
[2025-02-27T09:30:55.623+0000] {subprocess.py:93} INFO - DEBUG: Emitted: ETH	{"close_price": 2430.748779296875, "volume": 0.0, "high_price": 2463.494140625, "open_price": 2463.039306640625, "low_price": 2422.73291015625, "timestamp": "2025-02-26T12:00:00.000Z"}
[2025-02-27T09:30:55.623+0000] {subprocess.py:93} INFO - DEBUG: Received line: {"datetime": "2025-02-26T13:00:00.000Z", "open_price": 2431.559814453125, "high_price": 2436.929443359375, "low_price": 2412.598876953125, "close_price": 2412.598876953125, "volume": 93186048, "coin": "ETH"}
[2025-02-27T09:30:55.624+0000] {subprocess.py:93} INFO - DEBUG: Parsed record: {"close_price": 2412.598876953125, "open_price": 2431.559814453125, "high_price": 2436.929443359375, "volume": 93186048, "low_price": 2412.598876953125, "coin": "ETH", "datetime": "2025-02-26T13:00:00.000Z"}
[2025-02-27T09:30:55.624+0000] {subprocess.py:93} INFO - DEBUG: Emitted: ETH	{"close_price": 2412.598876953125, "volume": 93186048.0, "high_price": 2436.929443359375, "open_price": 2431.559814453125, "low_price": 2412.598876953125, "timestamp": "2025-02-26T13:00:00.000Z"}
[2025-02-27T09:30:55.625+0000] {subprocess.py:93} INFO - DEBUG: Received line: {"datetime": "2025-02-26T14:00:00.000Z", "open_price": 2414.09326171875, "high_price": 2429.480712890625, "low_price": 2370.431396484375, "close_price": 2427.158447265625, "volume": 33951744, "coin": "ETH"}
[2025-02-27T09:30:55.625+0000] {subprocess.py:93} INFO - DEBUG: Parsed record: {"close_price": 2427.158447265625, "open_price": 2414.09326171875, "high_price": 2429.480712890625, "volume": 33951744, "low_price": 2370.431396484375, "coin": "ETH", "datetime": "2025-02-26T14:00:00.000Z"}
[2025-02-27T09:30:55.625+0000] {subprocess.py:93} INFO - DEBUG: Emitted: ETH	{"close_price": 2427.158447265625, "volume": 33951744.0, "high_price": 2429.480712890625, "open_price": 2414.09326171875, "low_price": 2370.431396484375, "timestamp": "2025-02-26T14:00:00.000Z"}
[2025-02-27T09:30:55.626+0000] {subprocess.py:93} INFO - DEBUG: Received line: {"datetime": "2025-02-26T15:00:00.000Z", "open_price": 2432.78662109375, "high_price": 2457.0185546875, "low_price": 2425.753662109375, "close_price": 2425.753662109375, "volume": 0, "coin": "ETH"}
[2025-02-27T09:30:55.626+0000] {subprocess.py:93} INFO - DEBUG: Parsed record: {"close_price": 2425.753662109375, "open_price": 2432.78662109375, "high_price": 2457.0185546875, "volume": 0, "low_price": 2425.753662109375, "coin": "ETH", "datetime": "2025-02-26T15:00:00.000Z"}
[2025-02-27T09:30:55.627+0000] {subprocess.py:93} INFO - DEBUG: Emitted: ETH	{"close_price": 2425.753662109375, "volume": 0.0, "high_price": 2457.0185546875, "open_price": 2432.78662109375, "low_price": 2425.753662109375, "timestamp": "2025-02-26T15:00:00.000Z"}
[2025-02-27T09:30:55.628+0000] {subprocess.py:93} INFO - DEBUG: Received line: {"datetime": "2025-02-26T16:00:00.000Z", "open_price": 2426.072021484375, "high_price": 2428.357666015625, "low_price": 2386.56201171875, "close_price": 2396.559814453125, "volume": 0, "coin": "ETH"}
[2025-02-27T09:30:55.628+0000] {subprocess.py:93} INFO - DEBUG: Parsed record: {"close_price": 2396.559814453125, "open_price": 2426.072021484375, "high_price": 2428.357666015625, "volume": 0, "low_price": 2386.56201171875, "coin": "ETH", "datetime": "2025-02-26T16:00:00.000Z"}
[2025-02-27T09:30:55.629+0000] {subprocess.py:93} INFO - DEBUG: Emitted: ETH	{"close_price": 2396.559814453125, "volume": 0.0, "high_price": 2428.357666015625, "open_price": 2426.072021484375, "low_price": 2386.56201171875, "timestamp": "2025-02-26T16:00:00.000Z"}
[2025-02-27T09:30:55.629+0000] {subprocess.py:93} INFO - DEBUG: Received line: {"datetime": "2025-02-26T17:00:00.000Z", "open_price": 2395.13525390625, "high_price": 2403.67578125, "low_price": 2356.054931640625, "close_price": 2356.054931640625, "volume": 0, "coin": "ETH"}
[2025-02-27T09:30:55.630+0000] {subprocess.py:93} INFO - DEBUG: Parsed record: {"close_price": 2356.054931640625, "open_price": 2395.13525390625, "high_price": 2403.67578125, "volume": 0, "low_price": 2356.054931640625, "coin": "ETH", "datetime": "2025-02-26T17:00:00.000Z"}
[2025-02-27T09:30:55.630+0000] {subprocess.py:93} INFO - DEBUG: Emitted: ETH	{"close_price": 2356.054931640625, "volume": 0.0, "high_price": 2403.67578125, "open_price": 2395.13525390625, "low_price": 2356.054931640625, "timestamp": "2025-02-26T17:00:00.000Z"}
[2025-02-27T09:30:55.631+0000] {subprocess.py:93} INFO - DEBUG: Received line: {"datetime": "2025-02-26T18:00:00.000Z", "open_price": 2373.170654296875, "high_price": 2374.824462890625, "low_price": 2280.599365234375, "close_price": 2286.009033203125, "volume": 1601789952, "coin": "ETH"}
[2025-02-27T09:30:55.631+0000] {subprocess.py:93} INFO - DEBUG: Parsed record: {"close_price": 2286.009033203125, "open_price": 2373.170654296875, "high_price": 2374.824462890625, "volume": 1601789952, "low_price": 2280.599365234375, "coin": "ETH", "datetime": "2025-02-26T18:00:00.000Z"}
[2025-02-27T09:30:55.632+0000] {subprocess.py:93} INFO - DEBUG: Emitted: ETH	{"close_price": 2286.009033203125, "volume": 1601789952.0, "high_price": 2374.824462890625, "open_price": 2373.170654296875, "low_price": 2280.599365234375, "timestamp": "2025-02-26T18:00:00.000Z"}
[2025-02-27T09:30:55.632+0000] {subprocess.py:93} INFO - DEBUG: Received line: {"datetime": "2025-02-26T19:00:00.000Z", "open_price": 2290.748046875, "high_price": 2314.3095703125, "low_price": 2279.65673828125, "close_price": 2293.515380859375, "volume": 2607962112, "coin": "ETH"}
[2025-02-27T09:30:55.633+0000] {subprocess.py:93} INFO - DEBUG: Parsed record: {"close_price": 2293.515380859375, "open_price": 2290.748046875, "high_price": 2314.3095703125, "volume": 2607962112, "low_price": 2279.65673828125, "coin": "ETH", "datetime": "2025-02-26T19:00:00.000Z"}
[2025-02-27T09:30:55.633+0000] {subprocess.py:93} INFO - DEBUG: Emitted: ETH	{"close_price": 2293.515380859375, "volume": 2607962112.0, "high_price": 2314.3095703125, "open_price": 2290.748046875, "low_price": 2279.65673828125, "timestamp": "2025-02-26T19:00:00.000Z"}
[2025-02-27T09:30:55.634+0000] {subprocess.py:93} INFO - DEBUG: Received line: {"datetime": "2025-02-26T20:00:00.000Z", "open_price": 2293.345458984375, "high_price": 2329.70263671875, "low_price": 2259.767333984375, "close_price": 2329.70263671875, "volume": 0, "coin": "ETH"}
[2025-02-27T09:30:55.634+0000] {subprocess.py:93} INFO - DEBUG: Parsed record: {"close_price": 2329.70263671875, "open_price": 2293.345458984375, "high_price": 2329.70263671875, "volume": 0, "low_price": 2259.767333984375, "coin": "ETH", "datetime": "2025-02-26T20:00:00.000Z"}
[2025-02-27T09:30:55.635+0000] {subprocess.py:93} INFO - DEBUG: Emitted: ETH	{"close_price": 2329.70263671875, "volume": 0.0, "high_price": 2329.70263671875, "open_price": 2293.345458984375, "low_price": 2259.767333984375, "timestamp": "2025-02-26T20:00:00.000Z"}
[2025-02-27T09:30:55.636+0000] {subprocess.py:93} INFO - DEBUG: Received line: {"datetime": "2025-02-26T21:00:00.000Z", "open_price": 2325.755615234375, "high_price": 2341.589599609375, "low_price": 2300.758544921875, "close_price": 2331.079345703125, "volume": 1882243072, "coin": "ETH"}
[2025-02-27T09:30:55.637+0000] {subprocess.py:93} INFO - DEBUG: Parsed record: {"close_price": 2331.079345703125, "open_price": 2325.755615234375, "high_price": 2341.589599609375, "volume": 1882243072, "low_price": 2300.758544921875, "coin": "ETH", "datetime": "2025-02-26T21:00:00.000Z"}
[2025-02-27T09:30:55.638+0000] {subprocess.py:93} INFO - DEBUG: Emitted: ETH	{"close_price": 2331.079345703125, "volume": 1882243072.0, "high_price": 2341.589599609375, "open_price": 2325.755615234375, "low_price": 2300.758544921875, "timestamp": "2025-02-26T21:00:00.000Z"}
[2025-02-27T09:30:55.638+0000] {subprocess.py:93} INFO - DEBUG: Received line: {"datetime": "2025-02-26T22:00:00.000Z", "open_price": 2338.066162109375, "high_price": 2377.204345703125, "low_price": 2338.066162109375, "close_price": 2349.76806640625, "volume": 432113664, "coin": "ETH"}
[2025-02-27T09:30:55.639+0000] {subprocess.py:93} INFO - DEBUG: Parsed record: {"close_price": 2349.76806640625, "open_price": 2338.066162109375, "high_price": 2377.204345703125, "volume": 432113664, "low_price": 2338.066162109375, "coin": "ETH", "datetime": "2025-02-26T22:00:00.000Z"}
[2025-02-27T09:30:55.639+0000] {subprocess.py:93} INFO - DEBUG: Emitted: ETH	{"close_price": 2349.76806640625, "volume": 432113664.0, "high_price": 2377.204345703125, "open_price": 2338.066162109375, "low_price": 2338.066162109375, "timestamp": "2025-02-26T22:00:00.000Z"}
[2025-02-27T09:30:55.639+0000] {subprocess.py:93} INFO - DEBUG: Received line: {"datetime": "2025-02-26T23:00:00.000Z", "open_price": 2345.394775390625, "high_price": 2353.857421875, "low_price": 2323.77978515625, "close_price": 2328.45166015625, "volume": 528183296, "coin": "ETH"}
[2025-02-27T09:30:55.640+0000] {subprocess.py:93} INFO - DEBUG: Parsed record: {"close_price": 2328.45166015625, "open_price": 2345.394775390625, "high_price": 2353.857421875, "volume": 528183296, "low_price": 2323.77978515625, "coin": "ETH", "datetime": "2025-02-26T23:00:00.000Z"}
[2025-02-27T09:30:55.640+0000] {subprocess.py:93} INFO - DEBUG: Emitted: ETH	{"close_price": 2328.45166015625, "volume": 528183296.0, "high_price": 2353.857421875, "open_price": 2345.394775390625, "low_price": 2323.77978515625, "timestamp": "2025-02-26T23:00:00.000Z"}
[2025-02-27T09:30:55.641+0000] {subprocess.py:93} INFO - DEBUG: Received line: {"datetime": "2025-02-27T00:00:00.000Z", "open_price": 2332.532470703125, "high_price": 2344.32080078125, "low_price": 2320.07080078125, "close_price": 2338.199462890625, "volume": 356386816, "coin": "ETH"}
[2025-02-27T09:30:55.641+0000] {subprocess.py:93} INFO - DEBUG: Parsed record: {"close_price": 2338.199462890625, "open_price": 2332.532470703125, "high_price": 2344.32080078125, "volume": 356386816, "low_price": 2320.07080078125, "coin": "ETH", "datetime": "2025-02-27T00:00:00.000Z"}
[2025-02-27T09:30:55.641+0000] {subprocess.py:93} INFO - DEBUG: Emitted: ETH	{"close_price": 2338.199462890625, "volume": 356386816.0, "high_price": 2344.32080078125, "open_price": 2332.532470703125, "low_price": 2320.07080078125, "timestamp": "2025-02-27T00:00:00.000Z"}
[2025-02-27T09:30:55.642+0000] {subprocess.py:93} INFO - DEBUG: Received line: {"datetime": "2025-02-27T01:00:00.000Z", "open_price": 2332.826904296875, "high_price": 2360.077880859375, "low_price": 2316.406005859375, "close_price": 2343.615478515625, "volume": 1208475648, "coin": "ETH"}
[2025-02-27T09:30:55.642+0000] {subprocess.py:93} INFO - DEBUG: Parsed record: {"close_price": 2343.615478515625, "open_price": 2332.826904296875, "high_price": 2360.077880859375, "volume": 1208475648, "low_price": 2316.406005859375, "coin": "ETH", "datetime": "2025-02-27T01:00:00.000Z"}
[2025-02-27T09:30:55.643+0000] {subprocess.py:93} INFO - DEBUG: Emitted: ETH	{"close_price": 2343.615478515625, "volume": 1208475648.0, "high_price": 2360.077880859375, "open_price": 2332.826904296875, "low_price": 2316.406005859375, "timestamp": "2025-02-27T01:00:00.000Z"}
[2025-02-27T09:30:55.643+0000] {subprocess.py:93} INFO - DEBUG: Received line: {"datetime": "2025-02-27T02:00:00.000Z", "open_price": 2342.919677734375, "high_price": 2364.8291015625, "low_price": 2328.0986328125, "close_price": 2331.468994140625, "volume": 64030720, "coin": "ETH"}
[2025-02-27T09:30:55.644+0000] {subprocess.py:93} INFO - DEBUG: Parsed record: {"close_price": 2331.468994140625, "open_price": 2342.919677734375, "high_price": 2364.8291015625, "volume": 64030720, "low_price": 2328.0986328125, "coin": "ETH", "datetime": "2025-02-27T02:00:00.000Z"}
[2025-02-27T09:30:55.644+0000] {subprocess.py:93} INFO - DEBUG: Emitted: ETH	{"close_price": 2331.468994140625, "volume": 64030720.0, "high_price": 2364.8291015625, "open_price": 2342.919677734375, "low_price": 2328.0986328125, "timestamp": "2025-02-27T02:00:00.000Z"}
[2025-02-27T09:30:55.645+0000] {subprocess.py:93} INFO - DEBUG: Received line: {"datetime": "2025-02-27T03:00:00.000Z", "open_price": 2331.52587890625, "high_price": 2343.66748046875, "low_price": 2322.52490234375, "close_price": 2332.2900390625, "volume": 310413312, "coin": "ETH"}
[2025-02-27T09:30:55.645+0000] {subprocess.py:93} INFO - DEBUG: Parsed record: {"close_price": 2332.2900390625, "open_price": 2331.52587890625, "high_price": 2343.66748046875, "volume": 310413312, "low_price": 2322.52490234375, "coin": "ETH", "datetime": "2025-02-27T03:00:00.000Z"}
[2025-02-27T09:30:55.645+0000] {subprocess.py:93} INFO - DEBUG: Emitted: ETH	{"close_price": 2332.2900390625, "volume": 310413312.0, "high_price": 2343.66748046875, "open_price": 2331.52587890625, "low_price": 2322.52490234375, "timestamp": "2025-02-27T03:00:00.000Z"}
[2025-02-27T09:30:55.646+0000] {subprocess.py:93} INFO - DEBUG: Received line: {"datetime": "2025-02-27T04:00:00.000Z", "open_price": 2329.899169921875, "high_price": 2337.529541015625, "low_price": 2303.400390625, "close_price": 2308.365234375, "volume": 4017367040, "coin": "ETH"}
[2025-02-27T09:30:55.646+0000] {subprocess.py:93} INFO - DEBUG: Parsed record: {"close_price": 2308.365234375, "open_price": 2329.899169921875, "high_price": 2337.529541015625, "volume": 4017367040, "low_price": 2303.400390625, "coin": "ETH", "datetime": "2025-02-27T04:00:00.000Z"}
[2025-02-27T09:30:55.647+0000] {subprocess.py:93} INFO - DEBUG: Emitted: ETH	{"close_price": 2308.365234375, "volume": 4017367040.0, "high_price": 2337.529541015625, "open_price": 2329.899169921875, "low_price": 2303.400390625, "timestamp": "2025-02-27T04:00:00.000Z"}
[2025-02-27T09:30:55.647+0000] {subprocess.py:93} INFO - DEBUG: Received line: {"datetime": "2025-02-27T05:00:00.000Z", "open_price": 2308.843017578125, "high_price": 2340.91748046875, "low_price": 2308.551513671875, "close_price": 2340.91748046875, "volume": 10481674240, "coin": "ETH"}
[2025-02-27T09:30:55.648+0000] {subprocess.py:93} INFO - DEBUG: Parsed record: {"close_price": 2340.91748046875, "open_price": 2308.843017578125, "high_price": 2340.91748046875, "volume": 10481674240, "low_price": 2308.551513671875, "coin": "ETH", "datetime": "2025-02-27T05:00:00.000Z"}
[2025-02-27T09:30:55.648+0000] {subprocess.py:93} INFO - DEBUG: Emitted: ETH	{"close_price": 2340.91748046875, "volume": 10481674240.0, "high_price": 2340.91748046875, "open_price": 2308.843017578125, "low_price": 2308.551513671875, "timestamp": "2025-02-27T05:00:00.000Z"}
[2025-02-27T09:30:55.649+0000] {subprocess.py:93} INFO - DEBUG: Received line: {"datetime": "2025-02-27T06:00:00.000Z", "open_price": 2339.3505859375, "high_price": 2357.8662109375, "low_price": 2333.531005859375, "close_price": 2346.425537109375, "volume": 8062777344, "coin": "ETH"}
[2025-02-27T09:30:55.649+0000] {subprocess.py:93} INFO - DEBUG: Parsed record: {"close_price": 2346.425537109375, "open_price": 2339.3505859375, "high_price": 2357.8662109375, "volume": 8062777344, "low_price": 2333.531005859375, "coin": "ETH", "datetime": "2025-02-27T06:00:00.000Z"}
[2025-02-27T09:30:55.650+0000] {subprocess.py:93} INFO - DEBUG: Emitted: ETH	{"close_price": 2346.425537109375, "volume": 8062777344.0, "high_price": 2357.8662109375, "open_price": 2339.3505859375, "low_price": 2333.531005859375, "timestamp": "2025-02-27T06:00:00.000Z"}
[2025-02-27T09:30:55.650+0000] {subprocess.py:93} INFO - DEBUG: Received line: {"datetime": "2025-02-27T07:00:00.000Z", "open_price": 2348.233154296875, "high_price": 2366.92529296875, "low_price": 2346.927978515625, "close_price": 2356.70654296875, "volume": 9913180160, "coin": "ETH"}
[2025-02-27T09:30:55.651+0000] {subprocess.py:93} INFO - DEBUG: Parsed record: {"close_price": 2356.70654296875, "open_price": 2348.233154296875, "high_price": 2366.92529296875, "volume": 9913180160, "low_price": 2346.927978515625, "coin": "ETH", "datetime": "2025-02-27T07:00:00.000Z"}
[2025-02-27T09:30:55.652+0000] {subprocess.py:93} INFO - DEBUG: Emitted: ETH	{"close_price": 2356.70654296875, "volume": 9913180160.0, "high_price": 2366.92529296875, "open_price": 2348.233154296875, "low_price": 2346.927978515625, "timestamp": "2025-02-27T07:00:00.000Z"}
[2025-02-27T09:30:55.653+0000] {subprocess.py:93} INFO - DEBUG: Received line: {"datetime": "2025-02-27T08:00:00.000Z", "open_price": 2354.98291015625, "high_price": 2358.557861328125, "low_price": 2344.286865234375, "close_price": 2349.9755859375, "volume": 10735052800, "coin": "ETH"}
[2025-02-27T09:30:55.654+0000] {subprocess.py:93} INFO - DEBUG: Parsed record: {"close_price": 2349.9755859375, "open_price": 2354.98291015625, "high_price": 2358.557861328125, "volume": 10735052800, "low_price": 2344.286865234375, "coin": "ETH", "datetime": "2025-02-27T08:00:00.000Z"}
[2025-02-27T09:30:55.654+0000] {subprocess.py:93} INFO - DEBUG: Emitted: ETH	{"close_price": 2349.9755859375, "volume": 10735052800.0, "high_price": 2358.557861328125, "open_price": 2354.98291015625, "low_price": 2344.286865234375, "timestamp": "2025-02-27T08:00:00.000Z"}
[2025-02-27T09:30:55.654+0000] {subprocess.py:93} INFO - DEBUG: Received line: {"datetime": "2025-02-27T09:00:00.000Z", "open_price": 2349.812744140625, "high_price": 2357.5341796875, "low_price": 2346.044677734375, "close_price": 2352.4423828125, "volume": 3464316928, "coin": "ETH"}
[2025-02-27T09:30:55.655+0000] {subprocess.py:93} INFO - DEBUG: Parsed record: {"close_price": 2352.4423828125, "open_price": 2349.812744140625, "high_price": 2357.5341796875, "volume": 3464316928, "low_price": 2346.044677734375, "coin": "ETH", "datetime": "2025-02-27T09:00:00.000Z"}
[2025-02-27T09:30:55.655+0000] {subprocess.py:93} INFO - DEBUG: Emitted: ETH	{"close_price": 2352.4423828125, "volume": 3464316928.0, "high_price": 2357.5341796875, "open_price": 2349.812744140625, "low_price": 2346.044677734375, "timestamp": "2025-02-27T09:00:00.000Z"}
[2025-02-27T09:30:55.656+0000] {subprocess.py:93} INFO - DEBUG: Received line: {"datetime": "2025-02-26T09:00:00.000Z", "open_price": 140.27041625976562, "high_price": 141.9154052734375, "low_price": 140.27041625976562, "close_price": 141.71800231933594, "volume": 0, "coin": "SOL"}
[2025-02-27T09:30:55.656+0000] {subprocess.py:93} INFO - DEBUG: Parsed record: {"close_price": 141.71800231933594, "open_price": 140.27041625976562, "high_price": 141.9154052734375, "volume": 0, "low_price": 140.27041625976562, "coin": "SOL", "datetime": "2025-02-26T09:00:00.000Z"}
[2025-02-27T09:30:55.656+0000] {subprocess.py:93} INFO - DEBUG: Emitted: SOL	{"close_price": 141.71800231933594, "volume": 0.0, "high_price": 141.9154052734375, "open_price": 140.27041625976562, "low_price": 140.27041625976562, "timestamp": "2025-02-26T09:00:00.000Z"}
[2025-02-27T09:30:55.657+0000] {subprocess.py:93} INFO - DEBUG: Received line: {"datetime": "2025-02-26T10:00:00.000Z", "open_price": 141.7708740234375, "high_price": 141.7708740234375, "low_price": 140.39100646972656, "close_price": 140.70901489257812, "volume": 0, "coin": "SOL"}
[2025-02-27T09:30:55.658+0000] {subprocess.py:93} INFO - DEBUG: Parsed record: {"close_price": 140.70901489257812, "open_price": 141.7708740234375, "high_price": 141.7708740234375, "volume": 0, "low_price": 140.39100646972656, "coin": "SOL", "datetime": "2025-02-26T10:00:00.000Z"}
[2025-02-27T09:30:55.658+0000] {subprocess.py:93} INFO - DEBUG: Emitted: SOL	{"close_price": 140.70901489257812, "volume": 0.0, "high_price": 141.7708740234375, "open_price": 141.7708740234375, "low_price": 140.39100646972656, "timestamp": "2025-02-26T10:00:00.000Z"}
[2025-02-27T09:30:55.659+0000] {subprocess.py:93} INFO - DEBUG: Received line: {"datetime": "2025-02-26T11:00:00.000Z", "open_price": 140.7000732421875, "high_price": 140.7000732421875, "low_price": 138.20883178710938, "close_price": 138.20883178710938, "volume": 0, "coin": "SOL"}
[2025-02-27T09:30:55.660+0000] {subprocess.py:93} INFO - DEBUG: Parsed record: {"close_price": 138.20883178710938, "open_price": 140.7000732421875, "high_price": 140.7000732421875, "volume": 0, "low_price": 138.20883178710938, "coin": "SOL", "datetime": "2025-02-26T11:00:00.000Z"}
[2025-02-27T09:30:55.660+0000] {subprocess.py:93} INFO - DEBUG: Emitted: SOL	{"close_price": 138.20883178710938, "volume": 0.0, "high_price": 140.7000732421875, "open_price": 140.7000732421875, "low_price": 138.20883178710938, "timestamp": "2025-02-26T11:00:00.000Z"}
[2025-02-27T09:30:55.661+0000] {subprocess.py:93} INFO - DEBUG: Received line: {"datetime": "2025-02-26T12:00:00.000Z", "open_price": 138.19442749023438, "high_price": 138.2832489013672, "low_price": 136.5651397705078, "close_price": 136.77403259277344, "volume": 0, "coin": "SOL"}
[2025-02-27T09:30:55.662+0000] {subprocess.py:93} INFO - DEBUG: Parsed record: {"close_price": 136.77403259277344, "open_price": 138.19442749023438, "high_price": 138.2832489013672, "volume": 0, "low_price": 136.5651397705078, "coin": "SOL", "datetime": "2025-02-26T12:00:00.000Z"}
[2025-02-27T09:30:55.662+0000] {subprocess.py:93} INFO - DEBUG: Emitted: SOL	{"close_price": 136.77403259277344, "volume": 0.0, "high_price": 138.2832489013672, "open_price": 138.19442749023438, "low_price": 136.5651397705078, "timestamp": "2025-02-26T12:00:00.000Z"}
[2025-02-27T09:30:55.663+0000] {subprocess.py:93} INFO - DEBUG: Received line: {"datetime": "2025-02-26T13:00:00.000Z", "open_price": 136.83505249023438, "high_price": 137.1586456298828, "low_price": 136.21665954589844, "close_price": 136.21665954589844, "volume": 0, "coin": "SOL"}
[2025-02-27T09:30:55.663+0000] {subprocess.py:93} INFO - DEBUG: Parsed record: {"close_price": 136.21665954589844, "open_price": 136.83505249023438, "high_price": 137.1586456298828, "volume": 0, "low_price": 136.21665954589844, "coin": "SOL", "datetime": "2025-02-26T13:00:00.000Z"}
[2025-02-27T09:30:55.664+0000] {subprocess.py:93} INFO - DEBUG: Emitted: SOL	{"close_price": 136.21665954589844, "volume": 0.0, "high_price": 137.1586456298828, "open_price": 136.83505249023438, "low_price": 136.21665954589844, "timestamp": "2025-02-26T13:00:00.000Z"}
[2025-02-27T09:30:55.664+0000] {subprocess.py:93} INFO - DEBUG: Received line: {"datetime": "2025-02-26T14:00:00.000Z", "open_price": 136.28858947753906, "high_price": 137.7576904296875, "low_price": 134.89793395996094, "close_price": 137.7576904296875, "volume": 149466624, "coin": "SOL"}
[2025-02-27T09:30:55.665+0000] {subprocess.py:93} INFO - DEBUG: Parsed record: {"close_price": 137.7576904296875, "open_price": 136.28858947753906, "high_price": 137.7576904296875, "volume": 149466624, "low_price": 134.89793395996094, "coin": "SOL", "datetime": "2025-02-26T14:00:00.000Z"}
[2025-02-27T09:30:55.665+0000] {subprocess.py:93} INFO - DEBUG: Emitted: SOL	{"close_price": 137.7576904296875, "volume": 149466624.0, "high_price": 137.7576904296875, "open_price": 136.28858947753906, "low_price": 134.89793395996094, "timestamp": "2025-02-26T14:00:00.000Z"}
[2025-02-27T09:30:55.666+0000] {subprocess.py:93} INFO - DEBUG: Received line: {"datetime": "2025-02-26T15:00:00.000Z", "open_price": 137.93052673339844, "high_price": 140.07113647460938, "low_price": 137.93052673339844, "close_price": 138.89273071289062, "volume": 0, "coin": "SOL"}
[2025-02-27T09:30:55.666+0000] {subprocess.py:93} INFO - DEBUG: Parsed record: {"close_price": 138.89273071289062, "open_price": 137.93052673339844, "high_price": 140.07113647460938, "volume": 0, "low_price": 137.93052673339844, "coin": "SOL", "datetime": "2025-02-26T15:00:00.000Z"}
[2025-02-27T09:30:55.667+0000] {subprocess.py:93} INFO - DEBUG: Emitted: SOL	{"close_price": 138.89273071289062, "volume": 0.0, "high_price": 140.07113647460938, "open_price": 137.93052673339844, "low_price": 137.93052673339844, "timestamp": "2025-02-26T15:00:00.000Z"}
[2025-02-27T09:30:55.667+0000] {subprocess.py:93} INFO - DEBUG: Received line: {"datetime": "2025-02-26T16:00:00.000Z", "open_price": 138.94024658203125, "high_price": 139.10919189453125, "low_price": 137.30711364746094, "close_price": 137.3600616455078, "volume": 0, "coin": "SOL"}
[2025-02-27T09:30:55.668+0000] {subprocess.py:93} INFO - DEBUG: Parsed record: {"close_price": 137.3600616455078, "open_price": 138.94024658203125, "high_price": 139.10919189453125, "volume": 0, "low_price": 137.30711364746094, "coin": "SOL", "datetime": "2025-02-26T16:00:00.000Z"}
[2025-02-27T09:30:55.669+0000] {subprocess.py:93} INFO - DEBUG: Emitted: SOL	{"close_price": 137.3600616455078, "volume": 0.0, "high_price": 139.10919189453125, "open_price": 138.94024658203125, "low_price": 137.30711364746094, "timestamp": "2025-02-26T16:00:00.000Z"}
[2025-02-27T09:30:55.670+0000] {subprocess.py:93} INFO - DEBUG: Received line: {"datetime": "2025-02-26T17:00:00.000Z", "open_price": 137.30311584472656, "high_price": 137.37725830078125, "low_price": 133.35707092285156, "close_price": 133.35707092285156, "volume": 0, "coin": "SOL"}
[2025-02-27T09:30:55.671+0000] {subprocess.py:93} INFO - DEBUG: Parsed record: {"close_price": 133.35707092285156, "open_price": 137.30311584472656, "high_price": 137.37725830078125, "volume": 0, "low_price": 133.35707092285156, "coin": "SOL", "datetime": "2025-02-26T17:00:00.000Z"}
[2025-02-27T09:30:55.671+0000] {subprocess.py:93} INFO - DEBUG: Emitted: SOL	{"close_price": 133.35707092285156, "volume": 0.0, "high_price": 137.37725830078125, "open_price": 137.30311584472656, "low_price": 133.35707092285156, "timestamp": "2025-02-26T17:00:00.000Z"}
[2025-02-27T09:30:55.672+0000] {subprocess.py:93} INFO - DEBUG: Received line: {"datetime": "2025-02-26T18:00:00.000Z", "open_price": 133.4832763671875, "high_price": 134.28997802734375, "low_price": 130.7115020751953, "close_price": 130.77430725097656, "volume": 315484928, "coin": "SOL"}
[2025-02-27T09:30:55.672+0000] {subprocess.py:93} INFO - DEBUG: Parsed record: {"close_price": 130.77430725097656, "open_price": 133.4832763671875, "high_price": 134.28997802734375, "volume": 315484928, "low_price": 130.7115020751953, "coin": "SOL", "datetime": "2025-02-26T18:00:00.000Z"}
[2025-02-27T09:30:55.673+0000] {subprocess.py:93} INFO - DEBUG: Emitted: SOL	{"close_price": 130.77430725097656, "volume": 315484928.0, "high_price": 134.28997802734375, "open_price": 133.4832763671875, "low_price": 130.7115020751953, "timestamp": "2025-02-26T18:00:00.000Z"}
[2025-02-27T09:30:55.674+0000] {subprocess.py:93} INFO - DEBUG: Received line: {"datetime": "2025-02-26T19:00:00.000Z", "open_price": 130.93914794921875, "high_price": 133.0337677001953, "low_price": 130.91722106933594, "close_price": 131.86093139648438, "volume": 241394176, "coin": "SOL"}
[2025-02-27T09:30:55.674+0000] {subprocess.py:93} INFO - DEBUG: Parsed record: {"close_price": 131.86093139648438, "open_price": 130.93914794921875, "high_price": 133.0337677001953, "volume": 241394176, "low_price": 130.91722106933594, "coin": "SOL", "datetime": "2025-02-26T19:00:00.000Z"}
[2025-02-27T09:30:55.675+0000] {subprocess.py:93} INFO - DEBUG: Emitted: SOL	{"close_price": 131.86093139648438, "volume": 241394176.0, "high_price": 133.0337677001953, "open_price": 130.93914794921875, "low_price": 130.91722106933594, "timestamp": "2025-02-26T19:00:00.000Z"}
[2025-02-27T09:30:55.675+0000] {subprocess.py:93} INFO - DEBUG: Received line: {"datetime": "2025-02-26T20:00:00.000Z", "open_price": 131.83303833007812, "high_price": 135.1509552001953, "low_price": 131.3743896484375, "close_price": 135.09347534179688, "volume": 174727168, "coin": "SOL"}
[2025-02-27T09:30:55.676+0000] {subprocess.py:93} INFO - DEBUG: Parsed record: {"close_price": 135.09347534179688, "open_price": 131.83303833007812, "high_price": 135.1509552001953, "volume": 174727168, "low_price": 131.3743896484375, "coin": "SOL", "datetime": "2025-02-26T20:00:00.000Z"}
[2025-02-27T09:30:55.676+0000] {subprocess.py:93} INFO - DEBUG: Emitted: SOL	{"close_price": 135.09347534179688, "volume": 174727168.0, "high_price": 135.1509552001953, "open_price": 131.83303833007812, "low_price": 131.3743896484375, "timestamp": "2025-02-26T20:00:00.000Z"}
[2025-02-27T09:30:55.676+0000] {subprocess.py:93} INFO - DEBUG: Received line: {"datetime": "2025-02-26T21:00:00.000Z", "open_price": 135.04331970214844, "high_price": 136.1850128173828, "low_price": 134.13272094726562, "close_price": 135.0355682373047, "volume": 132695040, "coin": "SOL"}
[2025-02-27T09:30:55.677+0000] {subprocess.py:93} INFO - 2025-02-27 09:30:55,572 INFO streaming.PipeMapRed: Records R/W=75/1
[2025-02-27T09:30:55.677+0000] {subprocess.py:93} INFO - DEBUG: Parsed record: {"close_price": 135.0355682373047, "open_price": 135.04331970214844, "high_price": 136.1850128173828, "volume": 132695040, "low_price": 134.13272094726562, "coin": "SOL", "datetime": "2025-02-26T21:00:00.000Z"}
[2025-02-27T09:30:55.678+0000] {subprocess.py:93} INFO - DEBUG: Emitted: SOL	{"close_price": 135.0355682373047, "volume": 132695040.0, "high_price": 136.1850128173828, "open_price": 135.04331970214844, "low_price": 134.13272094726562, "timestamp": "2025-02-26T21:00:00.000Z"}
[2025-02-27T09:30:55.678+0000] {subprocess.py:93} INFO - DEBUG: Received line: {"datetime": "2025-02-26T22:00:00.000Z", "open_price": 135.3206329345703, "high_price": 137.2047576904297, "low_price": 135.3206329345703, "close_price": 135.83172607421875, "volume": 32930816, "coin": "SOL"}
[2025-02-27T09:30:55.678+0000] {subprocess.py:93} INFO - DEBUG: Parsed record: {"close_price": 135.83172607421875, "open_price": 135.3206329345703, "high_price": 137.2047576904297, "volume": 32930816, "low_price": 135.3206329345703, "coin": "SOL", "datetime": "2025-02-26T22:00:00.000Z"}
[2025-02-27T09:30:55.679+0000] {subprocess.py:93} INFO - DEBUG: Emitted: SOL	{"close_price": 135.83172607421875, "volume": 32930816.0, "high_price": 137.2047576904297, "open_price": 135.3206329345703, "low_price": 135.3206329345703, "timestamp": "2025-02-26T22:00:00.000Z"}
[2025-02-27T09:30:55.679+0000] {subprocess.py:93} INFO - DEBUG: Received line: {"datetime": "2025-02-26T23:00:00.000Z", "open_price": 135.82211303710938, "high_price": 136.26834106445312, "low_price": 134.5944366455078, "close_price": 134.8170928955078, "volume": 0, "coin": "SOL"}
[2025-02-27T09:30:55.680+0000] {subprocess.py:93} INFO - DEBUG: Parsed record: {"close_price": 134.8170928955078, "open_price": 135.82211303710938, "high_price": 136.26834106445312, "volume": 0, "low_price": 134.5944366455078, "coin": "SOL", "datetime": "2025-02-26T23:00:00.000Z"}
[2025-02-27T09:30:55.680+0000] {subprocess.py:93} INFO - DEBUG: Emitted: SOL	{"close_price": 134.8170928955078, "volume": 0.0, "high_price": 136.26834106445312, "open_price": 135.82211303710938, "low_price": 134.5944366455078, "timestamp": "2025-02-26T23:00:00.000Z"}
[2025-02-27T09:30:55.681+0000] {subprocess.py:93} INFO - DEBUG: Received line: {"datetime": "2025-02-27T00:00:00.000Z", "open_price": 134.8675079345703, "high_price": 136.7035369873047, "low_price": 134.8675079345703, "close_price": 136.60684204101562, "volume": 45371904, "coin": "SOL"}
[2025-02-27T09:30:55.681+0000] {subprocess.py:93} INFO - DEBUG: Parsed record: {"close_price": 136.60684204101562, "open_price": 134.8675079345703, "high_price": 136.7035369873047, "volume": 45371904, "low_price": 134.8675079345703, "coin": "SOL", "datetime": "2025-02-27T00:00:00.000Z"}
[2025-02-27T09:30:55.682+0000] {subprocess.py:93} INFO - DEBUG: Emitted: SOL	{"close_price": 136.60684204101562, "volume": 45371904.0, "high_price": 136.7035369873047, "open_price": 134.8675079345703, "low_price": 134.8675079345703, "timestamp": "2025-02-27T00:00:00.000Z"}
[2025-02-27T09:30:55.683+0000] {subprocess.py:93} INFO - DEBUG: Received line: {"datetime": "2025-02-27T01:00:00.000Z", "open_price": 135.97393798828125, "high_price": 137.99508666992188, "low_price": 135.15660095214844, "close_price": 137.19895935058594, "volume": 73223680, "coin": "SOL"}
[2025-02-27T09:30:55.683+0000] {subprocess.py:93} INFO - DEBUG: Parsed record: {"close_price": 137.19895935058594, "open_price": 135.97393798828125, "high_price": 137.99508666992188, "volume": 73223680, "low_price": 135.15660095214844, "coin": "SOL", "datetime": "2025-02-27T01:00:00.000Z"}
[2025-02-27T09:30:55.684+0000] {subprocess.py:93} INFO - DEBUG: Emitted: SOL	{"close_price": 137.19895935058594, "volume": 73223680.0, "high_price": 137.99508666992188, "open_price": 135.97393798828125, "low_price": 135.15660095214844, "timestamp": "2025-02-27T01:00:00.000Z"}
[2025-02-27T09:30:55.685+0000] {subprocess.py:93} INFO - DEBUG: Received line: {"datetime": "2025-02-27T02:00:00.000Z", "open_price": 136.93316650390625, "high_price": 137.830322265625, "low_price": 135.6988983154297, "close_price": 135.6988983154297, "volume": 28258816, "coin": "SOL"}
[2025-02-27T09:30:55.686+0000] {subprocess.py:93} INFO - DEBUG: Parsed record: {"close_price": 135.6988983154297, "open_price": 136.93316650390625, "high_price": 137.830322265625, "volume": 28258816, "low_price": 135.6988983154297, "coin": "SOL", "datetime": "2025-02-27T02:00:00.000Z"}
[2025-02-27T09:30:55.687+0000] {subprocess.py:93} INFO - DEBUG: Emitted: SOL	{"close_price": 135.6988983154297, "volume": 28258816.0, "high_price": 137.830322265625, "open_price": 136.93316650390625, "low_price": 135.6988983154297, "timestamp": "2025-02-27T02:00:00.000Z"}
[2025-02-27T09:30:55.688+0000] {subprocess.py:93} INFO - DEBUG: Received line: {"datetime": "2025-02-27T03:00:00.000Z", "open_price": 135.64569091796875, "high_price": 138.7979736328125, "low_price": 135.6219940185547, "close_price": 138.6937713623047, "volume": 26070528, "coin": "SOL"}
[2025-02-27T09:30:55.688+0000] {subprocess.py:93} INFO - DEBUG: Parsed record: {"close_price": 138.6937713623047, "open_price": 135.64569091796875, "high_price": 138.7979736328125, "volume": 26070528, "low_price": 135.6219940185547, "coin": "SOL", "datetime": "2025-02-27T03:00:00.000Z"}
[2025-02-27T09:30:55.688+0000] {subprocess.py:93} INFO - DEBUG: Emitted: SOL	{"close_price": 138.6937713623047, "volume": 26070528.0, "high_price": 138.7979736328125, "open_price": 135.64569091796875, "low_price": 135.6219940185547, "timestamp": "2025-02-27T03:00:00.000Z"}
[2025-02-27T09:30:55.689+0000] {subprocess.py:93} INFO - DEBUG: Received line: {"datetime": "2025-02-27T04:00:00.000Z", "open_price": 138.6573486328125, "high_price": 139.0325469970703, "low_price": 137.0433349609375, "close_price": 137.8291015625, "volume": 15990784, "coin": "SOL"}
[2025-02-27T09:30:55.690+0000] {subprocess.py:93} INFO - DEBUG: Parsed record: {"close_price": 137.8291015625, "open_price": 138.6573486328125, "high_price": 139.0325469970703, "volume": 15990784, "low_price": 137.0433349609375, "coin": "SOL", "datetime": "2025-02-27T04:00:00.000Z"}
[2025-02-27T09:30:55.690+0000] {subprocess.py:93} INFO - DEBUG: Emitted: SOL	{"close_price": 137.8291015625, "volume": 15990784.0, "high_price": 139.0325469970703, "open_price": 138.6573486328125, "low_price": 137.0433349609375, "timestamp": "2025-02-27T04:00:00.000Z"}
[2025-02-27T09:30:55.691+0000] {subprocess.py:93} INFO - DEBUG: Received line: {"datetime": "2025-02-27T05:00:00.000Z", "open_price": 137.84889221191406, "high_price": 139.6351776123047, "low_price": 137.71023559570312, "close_price": 139.6247100830078, "volume": 79792128, "coin": "SOL"}
[2025-02-27T09:30:55.692+0000] {subprocess.py:93} INFO - DEBUG: Parsed record: {"close_price": 139.6247100830078, "open_price": 137.84889221191406, "high_price": 139.6351776123047, "volume": 79792128, "low_price": 137.71023559570312, "coin": "SOL", "datetime": "2025-02-27T05:00:00.000Z"}
[2025-02-27T09:30:55.693+0000] {subprocess.py:93} INFO - DEBUG: Emitted: SOL	{"close_price": 139.6247100830078, "volume": 79792128.0, "high_price": 139.6351776123047, "open_price": 137.84889221191406, "low_price": 137.71023559570312, "timestamp": "2025-02-27T05:00:00.000Z"}
[2025-02-27T09:30:55.693+0000] {subprocess.py:93} INFO - DEBUG: Received line: {"datetime": "2025-02-27T06:00:00.000Z", "open_price": 139.59181213378906, "high_price": 142.12982177734375, "low_price": 139.59181213378906, "close_price": 142.00355529785156, "volume": 174837248, "coin": "SOL"}
[2025-02-27T09:30:55.694+0000] {subprocess.py:93} INFO - DEBUG: Parsed record: {"close_price": 142.00355529785156, "open_price": 139.59181213378906, "high_price": 142.12982177734375, "volume": 174837248, "low_price": 139.59181213378906, "coin": "SOL", "datetime": "2025-02-27T06:00:00.000Z"}
[2025-02-27T09:30:55.694+0000] {subprocess.py:93} INFO - DEBUG: Emitted: SOL	{"close_price": 142.00355529785156, "volume": 174837248.0, "high_price": 142.12982177734375, "open_price": 139.59181213378906, "low_price": 139.59181213378906, "timestamp": "2025-02-27T06:00:00.000Z"}
[2025-02-27T09:30:55.695+0000] {subprocess.py:93} INFO - DEBUG: Received line: {"datetime": "2025-02-27T07:00:00.000Z", "open_price": 142.04039001464844, "high_price": 142.04039001464844, "low_price": 141.14935302734375, "close_price": 141.29470825195312, "volume": 51646464, "coin": "SOL"}
[2025-02-27T09:30:55.696+0000] {subprocess.py:93} INFO - DEBUG: Parsed record: {"close_price": 141.29470825195312, "open_price": 142.04039001464844, "high_price": 142.04039001464844, "volume": 51646464, "low_price": 141.14935302734375, "coin": "SOL", "datetime": "2025-02-27T07:00:00.000Z"}
[2025-02-27T09:30:55.696+0000] {subprocess.py:93} INFO - DEBUG: Emitted: SOL	{"close_price": 141.29470825195312, "volume": 51646464.0, "high_price": 142.04039001464844, "open_price": 142.04039001464844, "low_price": 141.14935302734375, "timestamp": "2025-02-27T07:00:00.000Z"}
[2025-02-27T09:30:55.697+0000] {subprocess.py:93} INFO - DEBUG: Received line: {"datetime": "2025-02-27T08:00:00.000Z", "open_price": 141.2582244873047, "high_price": 141.2582244873047, "low_price": 139.2867431640625, "close_price": 139.32542419433594, "volume": 23737856, "coin": "SOL"}
[2025-02-27T09:30:55.697+0000] {subprocess.py:93} INFO - DEBUG: Parsed record: {"close_price": 139.32542419433594, "open_price": 141.2582244873047, "high_price": 141.2582244873047, "volume": 23737856, "low_price": 139.2867431640625, "coin": "SOL", "datetime": "2025-02-27T08:00:00.000Z"}
[2025-02-27T09:30:55.698+0000] {subprocess.py:93} INFO - DEBUG: Emitted: SOL	{"close_price": 139.32542419433594, "volume": 23737856.0, "high_price": 141.2582244873047, "open_price": 141.2582244873047, "low_price": 139.2867431640625, "timestamp": "2025-02-27T08:00:00.000Z"}
[2025-02-27T09:30:55.699+0000] {subprocess.py:93} INFO - DEBUG: Received line: {"datetime": "2025-02-27T09:00:00.000Z", "open_price": 139.32424926757812, "high_price": 140.081787109375, "low_price": 139.32424926757812, "close_price": 139.95921325683594, "volume": 14529536, "coin": "SOL"}
[2025-02-27T09:30:55.699+0000] {subprocess.py:93} INFO - DEBUG: Parsed record: {"close_price": 139.95921325683594, "open_price": 139.32424926757812, "high_price": 140.081787109375, "volume": 14529536, "low_price": 139.32424926757812, "coin": "SOL", "datetime": "2025-02-27T09:00:00.000Z"}
[2025-02-27T09:30:55.699+0000] {subprocess.py:93} INFO - DEBUG: Emitted: SOL	{"close_price": 139.95921325683594, "volume": 14529536.0, "high_price": 140.081787109375, "open_price": 139.32424926757812, "low_price": 139.32424926757812, "timestamp": "2025-02-27T09:00:00.000Z"}
[2025-02-27T09:30:55.700+0000] {subprocess.py:93} INFO - 2025-02-27 09:30:55,573 INFO streaming.PipeMapRed: MRErrorThread done
[2025-02-27T09:30:55.701+0000] {subprocess.py:93} INFO - 2025-02-27 09:30:55,575 INFO streaming.PipeMapRed: mapRedFinished
[2025-02-27T09:30:55.702+0000] {subprocess.py:93} INFO - 2025-02-27 09:30:55,579 INFO mapred.LocalJobRunner:
[2025-02-27T09:30:55.703+0000] {subprocess.py:93} INFO - 2025-02-27 09:30:55,580 INFO mapred.MapTask: Starting flush of map output
[2025-02-27T09:30:55.703+0000] {subprocess.py:93} INFO - 2025-02-27 09:30:55,580 INFO mapred.MapTask: Spilling map output
[2025-02-27T09:30:55.704+0000] {subprocess.py:93} INFO - 2025-02-27 09:30:55,580 INFO mapred.MapTask: bufstart = 0; bufend = 14437; bufvoid = 104857600
[2025-02-27T09:30:55.705+0000] {subprocess.py:93} INFO - 2025-02-27 09:30:55,580 INFO mapred.MapTask: kvstart = 26214396(104857584); kvend = 26214100(104856400); length = 297/6553600
[2025-02-27T09:30:55.705+0000] {subprocess.py:93} INFO - 2025-02-27 09:30:55,596 INFO mapred.MapTask: Finished spill 0
[2025-02-27T09:30:55.706+0000] {subprocess.py:93} INFO - 2025-02-27 09:30:55,628 INFO mapred.Task: Task:attempt_local2017493414_0001_m_000000_0 is done. And is in the process of committing
[2025-02-27T09:30:55.707+0000] {subprocess.py:93} INFO - 2025-02-27 09:30:55,635 INFO mapred.LocalJobRunner: Records R/W=75/1
[2025-02-27T09:30:55.707+0000] {subprocess.py:93} INFO - 2025-02-27 09:30:55,636 INFO mapred.Task: Task 'attempt_local2017493414_0001_m_000000_0' done.
[2025-02-27T09:30:55.708+0000] {subprocess.py:93} INFO - 2025-02-27 09:30:55,646 INFO mapred.Task: Final Counters for attempt_local2017493414_0001_m_000000_0: Counters: 23
[2025-02-27T09:30:55.708+0000] {subprocess.py:93} INFO - 	File System Counters
[2025-02-27T09:30:55.709+0000] {subprocess.py:93} INFO - 		FILE: Number of bytes read=180901
[2025-02-27T09:30:55.710+0000] {subprocess.py:93} INFO - 		FILE: Number of bytes written=727193
[2025-02-27T09:30:55.710+0000] {subprocess.py:93} INFO - 		FILE: Number of read operations=0
[2025-02-27T09:30:55.711+0000] {subprocess.py:93} INFO - 		FILE: Number of large read operations=0
[2025-02-27T09:30:55.711+0000] {subprocess.py:93} INFO - 		FILE: Number of write operations=0
[2025-02-27T09:30:55.712+0000] {subprocess.py:93} INFO - 		HDFS: Number of bytes read=14962
[2025-02-27T09:30:55.712+0000] {subprocess.py:93} INFO - 		HDFS: Number of bytes written=0
[2025-02-27T09:30:55.713+0000] {subprocess.py:93} INFO - 		HDFS: Number of read operations=5
[2025-02-27T09:30:55.713+0000] {subprocess.py:93} INFO - 		HDFS: Number of large read operations=0
[2025-02-27T09:30:55.714+0000] {subprocess.py:93} INFO - 		HDFS: Number of write operations=1
[2025-02-27T09:30:55.714+0000] {subprocess.py:93} INFO - 		HDFS: Number of bytes read erasure-coded=0
[2025-02-27T09:30:55.715+0000] {subprocess.py:93} INFO - 	Map-Reduce Framework
[2025-02-27T09:30:55.715+0000] {subprocess.py:93} INFO - 		Map input records=75
[2025-02-27T09:30:55.716+0000] {subprocess.py:93} INFO - 		Map output records=75
[2025-02-27T09:30:55.716+0000] {subprocess.py:93} INFO - 		Map output bytes=14437
[2025-02-27T09:30:55.716+0000] {subprocess.py:93} INFO - 		Map output materialized bytes=14668
[2025-02-27T09:30:55.717+0000] {subprocess.py:93} INFO - 		Input split bytes=137
[2025-02-27T09:30:55.717+0000] {subprocess.py:93} INFO - 		Combine input records=0
[2025-02-27T09:30:55.719+0000] {subprocess.py:93} INFO - 		Spilled Records=75
[2025-02-27T09:30:55.720+0000] {subprocess.py:93} INFO - 		Failed Shuffles=0
[2025-02-27T09:30:55.720+0000] {subprocess.py:93} INFO - 		Merged Map outputs=0
[2025-02-27T09:30:55.721+0000] {subprocess.py:93} INFO - 		GC time elapsed (ms)=10
[2025-02-27T09:30:55.721+0000] {subprocess.py:93} INFO - 		Total committed heap usage (bytes)=278921216
[2025-02-27T09:30:55.722+0000] {subprocess.py:93} INFO - 	File Input Format Counters
[2025-02-27T09:30:55.722+0000] {subprocess.py:93} INFO - 		Bytes Read=14962
[2025-02-27T09:30:55.722+0000] {subprocess.py:93} INFO - 2025-02-27 09:30:55,646 INFO mapred.LocalJobRunner: Finishing task: attempt_local2017493414_0001_m_000000_0
[2025-02-27T09:30:55.723+0000] {subprocess.py:93} INFO - 2025-02-27 09:30:55,646 INFO mapred.LocalJobRunner: map task executor complete.
[2025-02-27T09:30:55.723+0000] {subprocess.py:93} INFO - 2025-02-27 09:30:55,649 INFO mapred.LocalJobRunner: Waiting for reduce tasks
[2025-02-27T09:30:55.723+0000] {subprocess.py:93} INFO - 2025-02-27 09:30:55,650 INFO mapred.LocalJobRunner: Starting task: attempt_local2017493414_0001_r_000000_0
[2025-02-27T09:30:55.724+0000] {subprocess.py:93} INFO - 2025-02-27 09:30:55,659 INFO output.FileOutputCommitter: File Output Committer Algorithm version is 2
[2025-02-27T09:30:55.724+0000] {subprocess.py:93} INFO - 2025-02-27 09:30:55,659 INFO output.FileOutputCommitter: FileOutputCommitter skip cleanup _temporary folders under output directory:false, ignore cleanup failures: false
[2025-02-27T09:30:55.724+0000] {subprocess.py:93} INFO - 2025-02-27 09:30:55,660 INFO mapred.Task:  Using ResourceCalculatorProcessTree : [ ]
[2025-02-27T09:30:55.725+0000] {subprocess.py:93} INFO - 2025-02-27 09:30:55,665 INFO mapred.ReduceTask: Using ShuffleConsumerPlugin: org.apache.hadoop.mapreduce.task.reduce.Shuffle@5ab8d224
[2025-02-27T09:30:55.725+0000] {subprocess.py:93} INFO - 2025-02-27 09:30:55,669 WARN impl.MetricsSystemImpl: JobTracker metrics system already initialized!
[2025-02-27T09:30:55.726+0000] {subprocess.py:93} INFO - 2025-02-27 09:30:55,698 INFO reduce.MergeManagerImpl: MergerManager: memoryLimit=668309888, maxSingleShuffleLimit=167077472, mergeThreshold=441084544, ioSortFactor=10, memToMemMergeOutputsThreshold=10
[2025-02-27T09:30:55.726+0000] {subprocess.py:93} INFO - 2025-02-27 09:30:55,705 INFO reduce.EventFetcher: attempt_local2017493414_0001_r_000000_0 Thread started: EventFetcher for fetching Map Completion Events
[2025-02-27T09:30:55.739+0000] {subprocess.py:93} INFO - 2025-02-27 09:30:55,737 INFO reduce.LocalFetcher: localfetcher#1 about to shuffle output of map attempt_local2017493414_0001_m_000000_0 decomp: 14664 len: 14668 to MEMORY
[2025-02-27T09:30:55.743+0000] {subprocess.py:93} INFO - 2025-02-27 09:30:55,742 INFO reduce.InMemoryMapOutput: Read 14664 bytes from map-output for attempt_local2017493414_0001_m_000000_0
[2025-02-27T09:30:55.746+0000] {subprocess.py:93} INFO - 2025-02-27 09:30:55,744 INFO reduce.MergeManagerImpl: closeInMemoryFile -> map-output of size: 14664, inMemoryMapOutputs.size() -> 1, commitMemory -> 0, usedMemory ->14664
[2025-02-27T09:30:55.747+0000] {subprocess.py:93} INFO - 2025-02-27 09:30:55,746 INFO reduce.EventFetcher: EventFetcher is interrupted.. Returning
[2025-02-27T09:30:55.748+0000] {subprocess.py:93} INFO - 2025-02-27 09:30:55,747 INFO mapred.LocalJobRunner: 1 / 1 copied.
[2025-02-27T09:30:55.749+0000] {subprocess.py:93} INFO - 2025-02-27 09:30:55,747 INFO reduce.MergeManagerImpl: finalMerge called with 1 in-memory map-outputs and 0 on-disk map-outputs
[2025-02-27T09:30:55.758+0000] {subprocess.py:93} INFO - 2025-02-27 09:30:55,757 INFO mapred.Merger: Merging 1 sorted segments
[2025-02-27T09:30:55.759+0000] {subprocess.py:93} INFO - 2025-02-27 09:30:55,757 INFO mapred.Merger: Down to the last merge-pass, with 1 segments left of total size: 14657 bytes
[2025-02-27T09:30:55.760+0000] {subprocess.py:93} INFO - 2025-02-27 09:30:55,759 INFO reduce.MergeManagerImpl: Merged 1 segments, 14664 bytes to disk to satisfy reduce memory limit
[2025-02-27T09:30:55.761+0000] {subprocess.py:93} INFO - 2025-02-27 09:30:55,760 INFO reduce.MergeManagerImpl: Merging 1 files, 14668 bytes from disk
[2025-02-27T09:30:55.762+0000] {subprocess.py:93} INFO - 2025-02-27 09:30:55,761 INFO reduce.MergeManagerImpl: Merging 0 segments, 0 bytes from memory into reduce
[2025-02-27T09:30:55.763+0000] {subprocess.py:93} INFO - 2025-02-27 09:30:55,761 INFO mapred.Merger: Merging 1 sorted segments
[2025-02-27T09:30:55.764+0000] {subprocess.py:93} INFO - 2025-02-27 09:30:55,763 INFO mapred.Merger: Down to the last merge-pass, with 1 segments left of total size: 14657 bytes
[2025-02-27T09:30:55.764+0000] {subprocess.py:93} INFO - 2025-02-27 09:30:55,763 INFO mapred.LocalJobRunner: 1 / 1 copied.
[2025-02-27T09:30:55.771+0000] {subprocess.py:93} INFO - 2025-02-27 09:30:55,769 INFO streaming.PipeMapRed: PipeMapRed exec [/usr/bin/python, reducer.py]
[2025-02-27T09:30:55.772+0000] {subprocess.py:93} INFO - 2025-02-27 09:30:55,771 INFO Configuration.deprecation: mapred.job.tracker is deprecated. Instead, use mapreduce.jobtracker.address
[2025-02-27T09:30:55.773+0000] {subprocess.py:93} INFO - 2025-02-27 09:30:55,772 INFO Configuration.deprecation: mapred.map.tasks is deprecated. Instead, use mapreduce.job.maps
[2025-02-27T09:30:55.823+0000] {subprocess.py:93} INFO - 2025-02-27 09:30:55,820 INFO streaming.PipeMapRed: R/W/S=1/0/0 in:NA [rec/s] out:NA [rec/s]
[2025-02-27T09:30:55.824+0000] {subprocess.py:93} INFO - 2025-02-27 09:30:55,821 INFO streaming.PipeMapRed: R/W/S=10/0/0 in:NA [rec/s] out:NA [rec/s]
[2025-02-27T09:30:55.832+0000] {subprocess.py:93} INFO - 2025-02-27 09:30:55,830 INFO streaming.PipeMapRed: Records R/W=75/1
[2025-02-27T09:30:55.839+0000] {subprocess.py:93} INFO - 2025-02-27 09:30:55,837 INFO streaming.PipeMapRed: MRErrorThread done
[2025-02-27T09:30:55.840+0000] {subprocess.py:93} INFO - 2025-02-27 09:30:55,838 INFO streaming.PipeMapRed: mapRedFinished
[2025-02-27T09:30:55.871+0000] {subprocess.py:93} INFO - 2025-02-27 09:30:55,868 INFO sasl.SaslDataTransferClient: SASL encryption trust check: localHostTrusted = false, remoteHostTrusted = false
[2025-02-27T09:30:56.210+0000] {subprocess.py:93} INFO - 2025-02-27 09:30:56,207 INFO mapreduce.Job: Job job_local2017493414_0001 running in uber mode : false
[2025-02-27T09:30:56.211+0000] {subprocess.py:93} INFO - 2025-02-27 09:30:56,209 INFO mapreduce.Job:  map 100% reduce 0%
[2025-02-27T09:30:56.312+0000] {subprocess.py:93} INFO - 2025-02-27 09:30:56,310 INFO mapred.Task: Task:attempt_local2017493414_0001_r_000000_0 is done. And is in the process of committing
[2025-02-27T09:30:56.315+0000] {subprocess.py:93} INFO - 2025-02-27 09:30:56,313 INFO mapred.LocalJobRunner: 1 / 1 copied.
[2025-02-27T09:30:56.315+0000] {subprocess.py:93} INFO - 2025-02-27 09:30:56,313 INFO mapred.Task: Task attempt_local2017493414_0001_r_000000_0 is allowed to commit now
[2025-02-27T09:30:56.346+0000] {subprocess.py:93} INFO - 2025-02-27 09:30:56,343 INFO output.FileOutputCommitter: Saved output of task 'attempt_local2017493414_0001_r_000000_0' to hdfs://namenode:9000/user/etudiant/crypto/processed/YYYY=2025/MM=02/DD=27
[2025-02-27T09:30:56.347+0000] {subprocess.py:93} INFO - 2025-02-27 09:30:56,344 INFO mapred.LocalJobRunner: Records R/W=75/1 > reduce
[2025-02-27T09:30:56.348+0000] {subprocess.py:93} INFO - 2025-02-27 09:30:56,344 INFO mapred.Task: Task 'attempt_local2017493414_0001_r_000000_0' done.
[2025-02-27T09:30:56.348+0000] {subprocess.py:93} INFO - 2025-02-27 09:30:56,345 INFO mapred.Task: Final Counters for attempt_local2017493414_0001_r_000000_0: Counters: 30
[2025-02-27T09:30:56.349+0000] {subprocess.py:93} INFO - 	File System Counters
[2025-02-27T09:30:56.350+0000] {subprocess.py:93} INFO - 		FILE: Number of bytes read=210269
[2025-02-27T09:30:56.352+0000] {subprocess.py:93} INFO - 		FILE: Number of bytes written=741861
[2025-02-27T09:30:56.353+0000] {subprocess.py:93} INFO - 		FILE: Number of read operations=0
[2025-02-27T09:30:56.354+0000] {subprocess.py:93} INFO - 		FILE: Number of large read operations=0
[2025-02-27T09:30:56.355+0000] {subprocess.py:93} INFO - 		FILE: Number of write operations=0
[2025-02-27T09:30:56.355+0000] {subprocess.py:93} INFO - 		HDFS: Number of bytes read=14962
[2025-02-27T09:30:56.356+0000] {subprocess.py:93} INFO - 		HDFS: Number of bytes written=565
[2025-02-27T09:30:56.356+0000] {subprocess.py:93} INFO - 		HDFS: Number of read operations=10
[2025-02-27T09:30:56.357+0000] {subprocess.py:93} INFO - 		HDFS: Number of large read operations=0
[2025-02-27T09:30:56.358+0000] {subprocess.py:93} INFO - 		HDFS: Number of write operations=3
[2025-02-27T09:30:56.358+0000] {subprocess.py:93} INFO - 		HDFS: Number of bytes read erasure-coded=0
[2025-02-27T09:30:56.359+0000] {subprocess.py:93} INFO - 	Map-Reduce Framework
[2025-02-27T09:30:56.360+0000] {subprocess.py:93} INFO - 		Combine input records=0
[2025-02-27T09:30:56.360+0000] {subprocess.py:93} INFO - 		Combine output records=0
[2025-02-27T09:30:56.361+0000] {subprocess.py:93} INFO - 		Reduce input groups=3
[2025-02-27T09:30:56.362+0000] {subprocess.py:93} INFO - 		Reduce shuffle bytes=14668
[2025-02-27T09:30:56.363+0000] {subprocess.py:93} INFO - 		Reduce input records=75
[2025-02-27T09:30:56.363+0000] {subprocess.py:93} INFO - 		Reduce output records=3
[2025-02-27T09:30:56.364+0000] {subprocess.py:93} INFO - 		Spilled Records=75
[2025-02-27T09:30:56.364+0000] {subprocess.py:93} INFO - 		Shuffled Maps =1
[2025-02-27T09:30:56.366+0000] {subprocess.py:93} INFO - 		Failed Shuffles=0
[2025-02-27T09:30:56.367+0000] {subprocess.py:93} INFO - 		Merged Map outputs=1
[2025-02-27T09:30:56.368+0000] {subprocess.py:93} INFO - 		GC time elapsed (ms)=0
[2025-02-27T09:30:56.369+0000] {subprocess.py:93} INFO - 		Total committed heap usage (bytes)=278921216
[2025-02-27T09:30:56.370+0000] {subprocess.py:93} INFO - 	Shuffle Errors
[2025-02-27T09:30:56.371+0000] {subprocess.py:93} INFO - 		BAD_ID=0
[2025-02-27T09:30:56.371+0000] {subprocess.py:93} INFO - 		CONNECTION=0
[2025-02-27T09:30:56.372+0000] {subprocess.py:93} INFO - 		IO_ERROR=0
[2025-02-27T09:30:56.372+0000] {subprocess.py:93} INFO - 		WRONG_LENGTH=0
[2025-02-27T09:30:56.373+0000] {subprocess.py:93} INFO - 		WRONG_MAP=0
[2025-02-27T09:30:56.374+0000] {subprocess.py:93} INFO - 		WRONG_REDUCE=0
[2025-02-27T09:30:56.374+0000] {subprocess.py:93} INFO - 	File Output Format Counters
[2025-02-27T09:30:56.375+0000] {subprocess.py:93} INFO - 		Bytes Written=565
[2025-02-27T09:30:56.376+0000] {subprocess.py:93} INFO - 2025-02-27 09:30:56,345 INFO mapred.LocalJobRunner: Finishing task: attempt_local2017493414_0001_r_000000_0
[2025-02-27T09:30:56.376+0000] {subprocess.py:93} INFO - 2025-02-27 09:30:56,345 INFO mapred.LocalJobRunner: reduce task executor complete.
[2025-02-27T09:30:57.213+0000] {subprocess.py:93} INFO - 2025-02-27 09:30:57,210 INFO mapreduce.Job:  map 100% reduce 100%
[2025-02-27T09:30:57.213+0000] {subprocess.py:93} INFO - 2025-02-27 09:30:57,211 INFO mapreduce.Job: Job job_local2017493414_0001 completed successfully
[2025-02-27T09:30:57.220+0000] {subprocess.py:93} INFO - 2025-02-27 09:30:57,219 INFO mapreduce.Job: Counters: 36
[2025-02-27T09:30:57.221+0000] {subprocess.py:93} INFO - 	File System Counters
[2025-02-27T09:30:57.222+0000] {subprocess.py:93} INFO - 		FILE: Number of bytes read=391170
[2025-02-27T09:30:57.223+0000] {subprocess.py:93} INFO - 		FILE: Number of bytes written=1469054
[2025-02-27T09:30:57.223+0000] {subprocess.py:93} INFO - 		FILE: Number of read operations=0
[2025-02-27T09:30:57.224+0000] {subprocess.py:93} INFO - 		FILE: Number of large read operations=0
[2025-02-27T09:30:57.225+0000] {subprocess.py:93} INFO - 		FILE: Number of write operations=0
[2025-02-27T09:30:57.226+0000] {subprocess.py:93} INFO - 		HDFS: Number of bytes read=29924
[2025-02-27T09:30:57.227+0000] {subprocess.py:93} INFO - 		HDFS: Number of bytes written=565
[2025-02-27T09:30:57.227+0000] {subprocess.py:93} INFO - 		HDFS: Number of read operations=15
[2025-02-27T09:30:57.228+0000] {subprocess.py:93} INFO - 		HDFS: Number of large read operations=0
[2025-02-27T09:30:57.229+0000] {subprocess.py:93} INFO - 		HDFS: Number of write operations=4
[2025-02-27T09:30:57.230+0000] {subprocess.py:93} INFO - 		HDFS: Number of bytes read erasure-coded=0
[2025-02-27T09:30:57.230+0000] {subprocess.py:93} INFO - 	Map-Reduce Framework
[2025-02-27T09:30:57.231+0000] {subprocess.py:93} INFO - 		Map input records=75
[2025-02-27T09:30:57.232+0000] {subprocess.py:93} INFO - 		Map output records=75
[2025-02-27T09:30:57.233+0000] {subprocess.py:93} INFO - 		Map output bytes=14437
[2025-02-27T09:30:57.234+0000] {subprocess.py:93} INFO - 		Map output materialized bytes=14668
[2025-02-27T09:30:57.234+0000] {subprocess.py:93} INFO - 		Input split bytes=137
[2025-02-27T09:30:57.235+0000] {subprocess.py:93} INFO - 		Combine input records=0
[2025-02-27T09:30:57.236+0000] {subprocess.py:93} INFO - 		Combine output records=0
[2025-02-27T09:30:57.237+0000] {subprocess.py:93} INFO - 		Reduce input groups=3
[2025-02-27T09:30:57.237+0000] {subprocess.py:93} INFO - 		Reduce shuffle bytes=14668
[2025-02-27T09:30:57.238+0000] {subprocess.py:93} INFO - 		Reduce input records=75
[2025-02-27T09:30:57.239+0000] {subprocess.py:93} INFO - 		Reduce output records=3
[2025-02-27T09:30:57.239+0000] {subprocess.py:93} INFO - 		Spilled Records=150
[2025-02-27T09:30:57.240+0000] {subprocess.py:93} INFO - 		Shuffled Maps =1
[2025-02-27T09:30:57.241+0000] {subprocess.py:93} INFO - 		Failed Shuffles=0
[2025-02-27T09:30:57.242+0000] {subprocess.py:93} INFO - 		Merged Map outputs=1
[2025-02-27T09:30:57.243+0000] {subprocess.py:93} INFO - 		GC time elapsed (ms)=10
[2025-02-27T09:30:57.243+0000] {subprocess.py:93} INFO - 		Total committed heap usage (bytes)=557842432
[2025-02-27T09:30:57.244+0000] {subprocess.py:93} INFO - 	Shuffle Errors
[2025-02-27T09:30:57.245+0000] {subprocess.py:93} INFO - 		BAD_ID=0
[2025-02-27T09:30:57.246+0000] {subprocess.py:93} INFO - 		CONNECTION=0
[2025-02-27T09:30:57.247+0000] {subprocess.py:93} INFO - 		IO_ERROR=0
[2025-02-27T09:30:57.247+0000] {subprocess.py:93} INFO - 		WRONG_LENGTH=0
[2025-02-27T09:30:57.248+0000] {subprocess.py:93} INFO - 		WRONG_MAP=0
[2025-02-27T09:30:57.249+0000] {subprocess.py:93} INFO - 		WRONG_REDUCE=0
[2025-02-27T09:30:57.249+0000] {subprocess.py:93} INFO - 	File Input Format Counters
[2025-02-27T09:30:57.250+0000] {subprocess.py:93} INFO - 		Bytes Read=14962
[2025-02-27T09:30:57.251+0000] {subprocess.py:93} INFO - 	File Output Format Counters
[2025-02-27T09:30:57.251+0000] {subprocess.py:93} INFO - 		Bytes Written=565
[2025-02-27T09:30:57.252+0000] {subprocess.py:93} INFO - 2025-02-27 09:30:57,219 INFO streaming.StreamJob: Output directory: hdfs:///user/etudiant/crypto/processed/YYYY=2025/MM=02/DD=27
[2025-02-27T09:30:57.686+0000] {subprocess.py:97} INFO - Command exited with return code 0
[2025-02-27T09:30:57.724+0000] {taskinstance.py:1400} INFO - Marking task as SUCCESS. dag_id=yfinance_ingestion_dag, task_id=run_mapreduce, execution_date=20250227T093034, start_date=20250227T093050, end_date=20250227T093057
[2025-02-27T09:30:57.751+0000] {local_task_job_runner.py:228} INFO - Task exited with return code 0
[2025-02-27T09:30:57.771+0000] {taskinstance.py:2784} INFO - 0 downstream tasks scheduled from follow-on schedule check
