[2025-02-26T19:35:03.828+0000] {taskinstance.py:1159} INFO - Dependencies all met for dep_context=non-requeueable deps ti=<TaskInstance: yfinance_ingestion_and_process_dag.run_mapreduce scheduled__2025-01-16T00:00:00+00:00 [queued]>
[2025-02-26T19:35:03.842+0000] {taskinstance.py:1159} INFO - Dependencies all met for dep_context=requeueable deps ti=<TaskInstance: yfinance_ingestion_and_process_dag.run_mapreduce scheduled__2025-01-16T00:00:00+00:00 [queued]>
[2025-02-26T19:35:03.843+0000] {taskinstance.py:1361} INFO - Starting attempt 2 of 2
[2025-02-26T19:35:03.861+0000] {taskinstance.py:1382} INFO - Executing <Task(BashOperator): run_mapreduce> on 2025-01-16 00:00:00+00:00
[2025-02-26T19:35:03.869+0000] {standard_task_runner.py:57} INFO - Started process 920 to run task
[2025-02-26T19:35:03.875+0000] {standard_task_runner.py:84} INFO - Running: ['***', 'tasks', 'run', 'yfinance_ingestion_and_process_dag', 'run_mapreduce', 'scheduled__2025-01-16T00:00:00+00:00', '--job-id', '345', '--raw', '--subdir', 'DAGS_FOLDER/pipeline.py', '--cfg-path', '/tmp/tmpq6yntsj4']
[2025-02-26T19:35:03.879+0000] {standard_task_runner.py:85} INFO - Job 345: Subtask run_mapreduce
[2025-02-26T19:35:03.949+0000] {task_command.py:415} INFO - Running <TaskInstance: yfinance_ingestion_and_process_dag.run_mapreduce scheduled__2025-01-16T00:00:00+00:00 [running]> on host fc9f30cfdaf1
[2025-02-26T19:35:04.095+0000] {taskinstance.py:1660} INFO - Exporting env vars: AIRFLOW_CTX_DAG_OWNER='etudiant' AIRFLOW_CTX_DAG_ID='yfinance_ingestion_and_process_dag' AIRFLOW_CTX_TASK_ID='run_mapreduce' AIRFLOW_CTX_EXECUTION_DATE='2025-01-16T00:00:00+00:00' AIRFLOW_CTX_TRY_NUMBER='2' AIRFLOW_CTX_DAG_RUN_ID='scheduled__2025-01-16T00:00:00+00:00'
[2025-02-26T19:35:04.118+0000] {subprocess.py:63} INFO - Tmp dir root location: /tmp
[2025-02-26T19:35:04.120+0000] {subprocess.py:75} INFO - Running command: ['/bin/bash', '-c', '\n        docker exec -i -u root namenode bash -c \'         cd /tmp &&         cp /mnt/hadoop_data/mapreduce/mapper.py . &&         cp /mnt/hadoop_data/mapreduce/reducer.py . &&         chmod +x mapper.py reducer.py &&         hdfs dfs -rm -r hdfs:///user/etudiant/crypto/processed/YYYY=2025/MM=01/DD=16 || true &&         hadoop jar /opt/hadoop-3.2.1/share/hadoop/tools/lib/hadoop-streaming-3.2.1.jar         -files mapper.py,reducer.py         -mapper "python mapper.py"         -reducer "python reducer.py"         -input hdfs:///user/etudiant/crypto/raw/YYYY=2025/MM=01/DD=16/yfinance_raw.json         -output hdfs:///user/etudiant/crypto/processed/YYYY=2025/MM=01/DD=16\'\n        ']
[2025-02-26T19:35:04.136+0000] {subprocess.py:86} INFO - Output:
[2025-02-26T19:35:07.176+0000] {subprocess.py:93} INFO - rm: `hdfs:///user/etudiant/crypto/processed/YYYY=2025/MM=01/DD=16': No such file or directory
[2025-02-26T19:35:09.558+0000] {subprocess.py:93} INFO - 2025-02-26 19:35:09,556 INFO impl.MetricsConfig: Loaded properties from hadoop-metrics2.properties
[2025-02-26T19:35:09.686+0000] {subprocess.py:93} INFO - 2025-02-26 19:35:09,684 INFO impl.MetricsSystemImpl: Scheduled Metric snapshot period at 10 second(s).
[2025-02-26T19:35:09.687+0000] {subprocess.py:93} INFO - 2025-02-26 19:35:09,684 INFO impl.MetricsSystemImpl: JobTracker metrics system started
[2025-02-26T19:35:09.725+0000] {subprocess.py:93} INFO - 2025-02-26 19:35:09,723 WARN impl.MetricsSystemImpl: JobTracker metrics system already initialized!
[2025-02-26T19:35:10.203+0000] {subprocess.py:93} INFO - 2025-02-26 19:35:10,200 INFO mapreduce.JobSubmitter: Cleaning up the staging area file:/tmp/hadoop/mapred/staging/root1754097485/.staging/job_local1754097485_0001
[2025-02-26T19:35:10.208+0000] {subprocess.py:93} INFO - 2025-02-26 19:35:10,203 ERROR streaming.StreamJob: Error Launching job : Input path does not exist: hdfs:/user/etudiant/crypto/raw/YYYY=2025/MM=01/DD=16/yfinance_raw.json
[2025-02-26T19:35:10.209+0000] {subprocess.py:93} INFO - Streaming Command Failed!
[2025-02-26T19:35:10.691+0000] {subprocess.py:97} INFO - Command exited with return code 5
[2025-02-26T19:35:10.706+0000] {taskinstance.py:1943} ERROR - Task failed with exception
Traceback (most recent call last):
  File "/home/airflow/.local/lib/python3.8/site-packages/airflow/operators/bash.py", line 210, in execute
    raise AirflowException(
airflow.exceptions.AirflowException: Bash command failed. The command returned a non-zero exit code 5.
[2025-02-26T19:35:10.711+0000] {taskinstance.py:1400} INFO - Marking task as FAILED. dag_id=yfinance_ingestion_and_process_dag, task_id=run_mapreduce, execution_date=20250116T000000, start_date=20250226T193503, end_date=20250226T193510
[2025-02-26T19:35:10.730+0000] {standard_task_runner.py:104} ERROR - Failed to execute job 345 for task run_mapreduce (Bash command failed. The command returned a non-zero exit code 5.; 920)
[2025-02-26T19:35:10.763+0000] {local_task_job_runner.py:228} INFO - Task exited with return code 1
[2025-02-26T19:35:10.786+0000] {taskinstance.py:2784} INFO - 0 downstream tasks scheduled from follow-on schedule check
