[2025-02-26T19:28:50.795+0000] {taskinstance.py:1159} INFO - Dependencies all met for dep_context=non-requeueable deps ti=<TaskInstance: yfinance_ingestion_and_process_dag.run_mapreduce scheduled__2025-01-16T00:00:00+00:00 [queued]>
[2025-02-26T19:28:50.919+0000] {taskinstance.py:1159} INFO - Dependencies all met for dep_context=requeueable deps ti=<TaskInstance: yfinance_ingestion_and_process_dag.run_mapreduce scheduled__2025-01-16T00:00:00+00:00 [queued]>
[2025-02-26T19:28:50.922+0000] {taskinstance.py:1361} INFO - Starting attempt 1 of 2
[2025-02-26T19:28:51.162+0000] {taskinstance.py:1382} INFO - Executing <Task(BashOperator): run_mapreduce> on 2025-01-16 00:00:00+00:00
[2025-02-26T19:28:51.299+0000] {standard_task_runner.py:57} INFO - Started process 296 to run task
[2025-02-26T19:28:51.261+0000] {standard_task_runner.py:84} INFO - Running: ['***', 'tasks', 'run', 'yfinance_ingestion_and_process_dag', 'run_mapreduce', 'scheduled__2025-01-16T00:00:00+00:00', '--job-id', '316', '--raw', '--subdir', 'DAGS_FOLDER/pipeline.py', '--cfg-path', '/tmp/tmpgtkzuyax']
[2025-02-26T19:28:51.318+0000] {standard_task_runner.py:85} INFO - Job 316: Subtask run_mapreduce
[2025-02-26T19:28:51.882+0000] {task_command.py:415} INFO - Running <TaskInstance: yfinance_ingestion_and_process_dag.run_mapreduce scheduled__2025-01-16T00:00:00+00:00 [running]> on host fc9f30cfdaf1
[2025-02-26T19:28:52.613+0000] {taskinstance.py:1660} INFO - Exporting env vars: AIRFLOW_CTX_DAG_OWNER='etudiant' AIRFLOW_CTX_DAG_ID='yfinance_ingestion_and_process_dag' AIRFLOW_CTX_TASK_ID='run_mapreduce' AIRFLOW_CTX_EXECUTION_DATE='2025-01-16T00:00:00+00:00' AIRFLOW_CTX_TRY_NUMBER='1' AIRFLOW_CTX_DAG_RUN_ID='scheduled__2025-01-16T00:00:00+00:00'
[2025-02-26T19:28:52.617+0000] {subprocess.py:63} INFO - Tmp dir root location: /tmp
[2025-02-26T19:28:52.622+0000] {subprocess.py:75} INFO - Running command: ['/bin/bash', '-c', '\n        docker exec -i -u root namenode bash -c \'         cd /tmp &&         cp /mnt/hadoop_data/mapreduce/mapper.py . &&         cp /mnt/hadoop_data/mapreduce/reducer.py . &&         chmod +x mapper.py reducer.py &&         hdfs dfs -rm -r hdfs:///user/etudiant/crypto/processed/YYYY=2025/MM=01/DD=16 || true &&         hadoop jar /opt/hadoop-3.2.1/share/hadoop/tools/lib/hadoop-streaming-3.2.1.jar         -files mapper.py,reducer.py         -mapper "python mapper.py"         -reducer "python reducer.py"         -input hdfs:///user/etudiant/crypto/raw/YYYY=2025/MM=01/DD=16/yfinance_raw.json         -output hdfs:///user/etudiant/crypto/processed/YYYY=2025/MM=01/DD=16\'\n        ']
[2025-02-26T19:28:52.693+0000] {subprocess.py:86} INFO - Output:
[2025-02-26T19:28:59.858+0000] {subprocess.py:93} INFO - rm: `hdfs:///user/etudiant/crypto/processed/YYYY=2025/MM=01/DD=16': No such file or directory
[2025-02-26T19:29:26.343+0000] {subprocess.py:93} INFO - 2025-02-26 19:29:26,320 INFO impl.MetricsConfig: Loaded properties from hadoop-metrics2.properties
[2025-02-26T19:29:28.018+0000] {subprocess.py:93} INFO - 2025-02-26 19:29:28,008 INFO impl.MetricsSystemImpl: Scheduled Metric snapshot period at 10 second(s).
[2025-02-26T19:29:28.027+0000] {subprocess.py:93} INFO - 2025-02-26 19:29:28,008 INFO impl.MetricsSystemImpl: JobTracker metrics system started
[2025-02-26T19:29:28.726+0000] {subprocess.py:93} INFO - 2025-02-26 19:29:28,697 WARN impl.MetricsSystemImpl: JobTracker metrics system already initialized!
[2025-02-26T19:29:35.164+0000] {subprocess.py:93} INFO - 2025-02-26 19:29:35,145 INFO mapred.FileInputFormat: Total input files to process : 1
[2025-02-26T19:29:42.336+0000] {subprocess.py:93} INFO - 2025-02-26 19:29:42,318 INFO mapreduce.JobSubmitter: number of splits:1
[2025-02-26T19:29:44.217+0000] {subprocess.py:93} INFO - 2025-02-26 19:29:44,186 INFO mapreduce.JobSubmitter: Submitting tokens for job: job_local1820692438_0001
[2025-02-26T19:29:44.218+0000] {subprocess.py:93} INFO - 2025-02-26 19:29:44,196 INFO mapreduce.JobSubmitter: Executing with tokens: []
[2025-02-26T19:29:47.092+0000] {subprocess.py:93} INFO - 2025-02-26 19:29:47,064 INFO mapred.LocalDistributedCacheManager: Localized file:/tmp/mapper.py as file:/tmp/hadoop-root/mapred/local/job_local1820692438_0001_22bc6192-0972-4c28-ae29-5301aac9ffee/mapper.py
[2025-02-26T19:29:47.449+0000] {subprocess.py:93} INFO - 2025-02-26 19:29:47,436 INFO mapred.LocalDistributedCacheManager: Localized file:/tmp/reducer.py as file:/tmp/hadoop-root/mapred/local/job_local1820692438_0001_6eee68bb-5163-4141-9674-942e5aecf55c/reducer.py
[2025-02-26T19:29:48.585+0000] {subprocess.py:93} INFO - 2025-02-26 19:29:48,576 INFO mapreduce.Job: The url to track the job: http://localhost:8080/
[2025-02-26T19:29:48.586+0000] {subprocess.py:93} INFO - 2025-02-26 19:29:48,582 INFO mapreduce.Job: Running job: job_local1820692438_0001
[2025-02-26T19:29:48.649+0000] {subprocess.py:93} INFO - 2025-02-26 19:29:48,642 INFO mapred.LocalJobRunner: OutputCommitter set in config null
[2025-02-26T19:29:48.673+0000] {subprocess.py:93} INFO - 2025-02-26 19:29:48,662 INFO mapred.LocalJobRunner: OutputCommitter is org.apache.hadoop.mapred.FileOutputCommitter
[2025-02-26T19:29:48.718+0000] {subprocess.py:93} INFO - 2025-02-26 19:29:48,715 INFO output.FileOutputCommitter: File Output Committer Algorithm version is 2
[2025-02-26T19:29:48.720+0000] {subprocess.py:93} INFO - 2025-02-26 19:29:48,716 INFO output.FileOutputCommitter: FileOutputCommitter skip cleanup _temporary folders under output directory:false, ignore cleanup failures: false
[2025-02-26T19:29:49.148+0000] {subprocess.py:93} INFO - 2025-02-26 19:29:49,115 INFO mapred.LocalJobRunner: Waiting for map tasks
[2025-02-26T19:29:49.162+0000] {subprocess.py:93} INFO - 2025-02-26 19:29:49,133 INFO mapred.LocalJobRunner: Starting task: attempt_local1820692438_0001_m_000000_0
[2025-02-26T19:29:46.794+0000] {subprocess.py:93} INFO - 2025-02-26 19:29:46,792 INFO output.FileOutputCommitter: File Output Committer Algorithm version is 2
[2025-02-26T19:29:46.795+0000] {subprocess.py:93} INFO - 2025-02-26 19:29:46,793 INFO output.FileOutputCommitter: FileOutputCommitter skip cleanup _temporary folders under output directory:false, ignore cleanup failures: false
[2025-02-26T19:29:47.022+0000] {subprocess.py:93} INFO - 2025-02-26 19:29:47,017 INFO mapreduce.Job: Job job_local1820692438_0001 running in uber mode : false
[2025-02-26T19:29:47.029+0000] {subprocess.py:93} INFO - 2025-02-26 19:29:47,024 INFO mapreduce.Job:  map 0% reduce 0%
[2025-02-26T19:29:47.040+0000] {subprocess.py:93} INFO - 2025-02-26 19:29:47,027 INFO mapred.Task:  Using ResourceCalculatorProcessTree : [ ]
[2025-02-26T19:29:47.264+0000] {subprocess.py:93} INFO - 2025-02-26 19:29:47,263 INFO mapred.MapTask: Processing split: hdfs://namenode:9000/user/etudiant/crypto/raw/YYYY=2025/MM=01/DD=16/yfinance_raw.json:0+23879
[2025-02-26T19:29:47.640+0000] {subprocess.py:93} INFO - 2025-02-26 19:29:47,596 INFO mapred.MapTask: numReduceTasks: 1
[2025-02-26T19:29:50.849+0000] {subprocess.py:93} INFO - 2025-02-26 19:29:50,823 INFO mapred.MapTask: (EQUATOR) 0 kvi 26214396(104857584)
[2025-02-26T19:29:50.859+0000] {subprocess.py:93} INFO - 2025-02-26 19:29:50,837 INFO mapred.MapTask: mapreduce.task.io.sort.mb: 100
[2025-02-26T19:29:50.891+0000] {subprocess.py:93} INFO - 2025-02-26 19:29:50,837 INFO mapred.MapTask: soft limit at 83886080
[2025-02-26T19:29:50.894+0000] {subprocess.py:93} INFO - 2025-02-26 19:29:50,837 INFO mapred.MapTask: bufstart = 0; bufvoid = 104857600
[2025-02-26T19:29:50.921+0000] {subprocess.py:93} INFO - 2025-02-26 19:29:50,837 INFO mapred.MapTask: kvstart = 26214396; length = 6553600
[2025-02-26T19:29:50.954+0000] {subprocess.py:93} INFO - 2025-02-26 19:29:50,872 INFO mapred.MapTask: Map output collector class = org.apache.hadoop.mapred.MapTask$MapOutputBuffer
[2025-02-26T19:29:51.033+0000] {subprocess.py:93} INFO - 2025-02-26 19:29:51,027 INFO streaming.PipeMapRed: PipeMapRed exec [/usr/bin/python, mapper.py]
[2025-02-26T19:29:51.121+0000] {subprocess.py:93} INFO - 2025-02-26 19:29:51,049 INFO Configuration.deprecation: mapred.work.output.dir is deprecated. Instead, use mapreduce.task.output.dir
[2025-02-26T19:29:51.122+0000] {subprocess.py:93} INFO - 2025-02-26 19:29:51,097 INFO Configuration.deprecation: map.input.start is deprecated. Instead, use mapreduce.map.input.start
[2025-02-26T19:29:51.123+0000] {subprocess.py:93} INFO - 2025-02-26 19:29:51,098 INFO Configuration.deprecation: mapred.task.is.map is deprecated. Instead, use mapreduce.task.ismap
[2025-02-26T19:29:51.130+0000] {subprocess.py:93} INFO - 2025-02-26 19:29:51,104 INFO Configuration.deprecation: mapred.task.id is deprecated. Instead, use mapreduce.task.attempt.id
[2025-02-26T19:29:51.138+0000] {subprocess.py:93} INFO - 2025-02-26 19:29:51,106 INFO Configuration.deprecation: mapred.tip.id is deprecated. Instead, use mapreduce.task.id
[2025-02-26T19:29:51.140+0000] {subprocess.py:93} INFO - 2025-02-26 19:29:51,110 INFO Configuration.deprecation: mapred.local.dir is deprecated. Instead, use mapreduce.cluster.local.dir
[2025-02-26T19:29:51.141+0000] {subprocess.py:93} INFO - 2025-02-26 19:29:51,111 INFO Configuration.deprecation: map.input.file is deprecated. Instead, use mapreduce.map.input.file
[2025-02-26T19:29:51.160+0000] {subprocess.py:93} INFO - 2025-02-26 19:29:51,143 INFO Configuration.deprecation: mapred.skip.on is deprecated. Instead, use mapreduce.job.skiprecords
[2025-02-26T19:29:51.170+0000] {subprocess.py:93} INFO - 2025-02-26 19:29:51,148 INFO Configuration.deprecation: map.input.length is deprecated. Instead, use mapreduce.map.input.length
[2025-02-26T19:29:51.180+0000] {subprocess.py:93} INFO - 2025-02-26 19:29:51,150 INFO Configuration.deprecation: mapred.job.id is deprecated. Instead, use mapreduce.job.id
[2025-02-26T19:29:51.181+0000] {subprocess.py:93} INFO - 2025-02-26 19:29:51,150 INFO Configuration.deprecation: user.name is deprecated. Instead, use mapreduce.job.user.name
[2025-02-26T19:29:51.236+0000] {subprocess.py:93} INFO - 2025-02-26 19:29:51,211 INFO Configuration.deprecation: mapred.task.partition is deprecated. Instead, use mapreduce.task.partition
[2025-02-26T19:29:51.679+0000] {subprocess.py:93} INFO - 2025-02-26 19:29:51,651 INFO sasl.SaslDataTransferClient: SASL encryption trust check: localHostTrusted = false, remoteHostTrusted = false
[2025-02-26T19:29:51.867+0000] {subprocess.py:93} INFO -   File "mapper.py", line 27
[2025-02-26T19:29:51.887+0000] {subprocess.py:93} INFO -     print(f"{coin}\t{json.dumps(metrics)}")
[2025-02-26T19:29:51.918+0000] {subprocess.py:93} INFO -                                          ^
[2025-02-26T19:29:51.924+0000] {subprocess.py:93} INFO - SyntaxError: invalid syntax
[2025-02-26T19:29:51.950+0000] {subprocess.py:93} INFO - 2025-02-26 19:29:51,914 INFO streaming.PipeMapRed: MRErrorThread done
[2025-02-26T19:29:55.756+0000] {subprocess.py:93} INFO - 2025-02-26 19:29:55,743 INFO streaming.PipeMapRed: R/W/S=1/0/0 in:0=1/4 [rec/s] out:0=0/4 [rec/s]
[2025-02-26T19:29:55.780+0000] {subprocess.py:93} INFO - 2025-02-26 19:29:55,747 INFO streaming.PipeMapRed: R/W/S=10/0/0 in:2=10/4 [rec/s] out:0=0/4 [rec/s]
[2025-02-26T19:29:55.792+0000] {subprocess.py:93} INFO - 2025-02-26 19:29:55,756 INFO streaming.PipeMapRed: R/W/S=100/0/0 in:25=100/4 [rec/s] out:0=0/4 [rec/s]
[2025-02-26T19:29:56.004+0000] {subprocess.py:93} INFO - 2025-02-26 19:29:55,989 WARN streaming.PipeMapRed: {}
[2025-02-26T19:29:56.005+0000] {subprocess.py:93} INFO - java.io.IOException: Stream closed
[2025-02-26T19:29:56.006+0000] {subprocess.py:93} INFO - 	at java.lang.ProcessBuilder$NullOutputStream.write(ProcessBuilder.java:433)
[2025-02-26T19:29:56.007+0000] {subprocess.py:93} INFO - 	at java.io.OutputStream.write(OutputStream.java:116)
[2025-02-26T19:29:56.008+0000] {subprocess.py:93} INFO - 	at java.io.BufferedOutputStream.write(BufferedOutputStream.java:122)
[2025-02-26T19:29:56.011+0000] {subprocess.py:93} INFO - 	at java.io.BufferedOutputStream.flushBuffer(BufferedOutputStream.java:82)
[2025-02-26T19:29:56.017+0000] {subprocess.py:93} INFO - 	at java.io.BufferedOutputStream.flush(BufferedOutputStream.java:140)
[2025-02-26T19:29:56.024+0000] {subprocess.py:93} INFO - 	at java.io.DataOutputStream.flush(DataOutputStream.java:123)
[2025-02-26T19:29:56.025+0000] {subprocess.py:93} INFO - 	at org.apache.hadoop.streaming.PipeMapRed.mapRedFinished(PipeMapRed.java:532)
[2025-02-26T19:29:56.026+0000] {subprocess.py:93} INFO - 	at org.apache.hadoop.streaming.PipeMapper.close(PipeMapper.java:130)
[2025-02-26T19:29:56.027+0000] {subprocess.py:93} INFO - 	at org.apache.hadoop.mapred.MapRunner.run(MapRunner.java:61)
[2025-02-26T19:29:56.027+0000] {subprocess.py:93} INFO - 	at org.apache.hadoop.streaming.PipeMapRunner.run(PipeMapRunner.java:34)
[2025-02-26T19:29:56.028+0000] {subprocess.py:93} INFO - 	at org.apache.hadoop.mapred.MapTask.runOldMapper(MapTask.java:465)
[2025-02-26T19:29:56.028+0000] {subprocess.py:93} INFO - 	at org.apache.hadoop.mapred.MapTask.run(MapTask.java:349)
[2025-02-26T19:29:56.032+0000] {subprocess.py:93} INFO - 	at org.apache.hadoop.mapred.LocalJobRunner$Job$MapTaskRunnable.run(LocalJobRunner.java:271)
[2025-02-26T19:29:56.033+0000] {subprocess.py:93} INFO - 	at java.util.concurrent.Executors$RunnableAdapter.call(Executors.java:511)
[2025-02-26T19:29:56.034+0000] {subprocess.py:93} INFO - 	at java.util.concurrent.FutureTask.run(FutureTask.java:266)
[2025-02-26T19:29:56.035+0000] {subprocess.py:93} INFO - 	at java.util.concurrent.ThreadPoolExecutor.runWorker(ThreadPoolExecutor.java:1149)
[2025-02-26T19:29:56.036+0000] {subprocess.py:93} INFO - 	at java.util.concurrent.ThreadPoolExecutor$Worker.run(ThreadPoolExecutor.java:624)
[2025-02-26T19:29:56.036+0000] {subprocess.py:93} INFO - 	at java.lang.Thread.run(Thread.java:748)
[2025-02-26T19:29:56.037+0000] {subprocess.py:93} INFO - 2025-02-26 19:29:56,000 INFO streaming.PipeMapRed: PipeMapRed failed!
[2025-02-26T19:29:56.038+0000] {subprocess.py:93} INFO - java.lang.RuntimeException: PipeMapRed.waitOutputThreads(): subprocess failed with code 1
[2025-02-26T19:29:56.040+0000] {subprocess.py:93} INFO - 	at org.apache.hadoop.streaming.PipeMapRed.waitOutputThreads(PipeMapRed.java:326)
[2025-02-26T19:29:56.044+0000] {subprocess.py:93} INFO - 	at org.apache.hadoop.streaming.PipeMapRed.mapRedFinished(PipeMapRed.java:539)
[2025-02-26T19:29:56.045+0000] {subprocess.py:93} INFO - 	at org.apache.hadoop.streaming.PipeMapper.close(PipeMapper.java:130)
[2025-02-26T19:29:56.047+0000] {subprocess.py:93} INFO - 	at org.apache.hadoop.mapred.MapRunner.run(MapRunner.java:61)
[2025-02-26T19:29:56.050+0000] {subprocess.py:93} INFO - 	at org.apache.hadoop.streaming.PipeMapRunner.run(PipeMapRunner.java:34)
[2025-02-26T19:29:56.053+0000] {subprocess.py:93} INFO - 	at org.apache.hadoop.mapred.MapTask.runOldMapper(MapTask.java:465)
[2025-02-26T19:29:56.054+0000] {subprocess.py:93} INFO - 	at org.apache.hadoop.mapred.MapTask.run(MapTask.java:349)
[2025-02-26T19:29:56.054+0000] {subprocess.py:93} INFO - 	at org.apache.hadoop.mapred.LocalJobRunner$Job$MapTaskRunnable.run(LocalJobRunner.java:271)
[2025-02-26T19:29:56.055+0000] {subprocess.py:93} INFO - 	at java.util.concurrent.Executors$RunnableAdapter.call(Executors.java:511)
[2025-02-26T19:29:56.056+0000] {subprocess.py:93} INFO - 	at java.util.concurrent.FutureTask.run(FutureTask.java:266)
[2025-02-26T19:29:56.061+0000] {subprocess.py:93} INFO - 	at java.util.concurrent.ThreadPoolExecutor.runWorker(ThreadPoolExecutor.java:1149)
[2025-02-26T19:29:56.062+0000] {subprocess.py:93} INFO - 	at java.util.concurrent.ThreadPoolExecutor$Worker.run(ThreadPoolExecutor.java:624)
[2025-02-26T19:29:56.063+0000] {subprocess.py:93} INFO - 	at java.lang.Thread.run(Thread.java:748)
[2025-02-26T19:29:56.099+0000] {subprocess.py:93} INFO - 2025-02-26 19:29:56,087 INFO mapred.LocalJobRunner: map task executor complete.
[2025-02-26T19:29:56.198+0000] {subprocess.py:93} INFO - 2025-02-26 19:29:56,188 WARN mapred.LocalJobRunner: job_local1820692438_0001
[2025-02-26T19:29:56.200+0000] {subprocess.py:93} INFO - java.lang.Exception: java.lang.RuntimeException: PipeMapRed.waitOutputThreads(): subprocess failed with code 1
[2025-02-26T19:29:56.201+0000] {subprocess.py:93} INFO - 	at org.apache.hadoop.mapred.LocalJobRunner$Job.runTasks(LocalJobRunner.java:492)
[2025-02-26T19:29:56.202+0000] {subprocess.py:93} INFO - 	at org.apache.hadoop.mapred.LocalJobRunner$Job.run(LocalJobRunner.java:552)
[2025-02-26T19:29:56.202+0000] {subprocess.py:93} INFO - Caused by: java.lang.RuntimeException: PipeMapRed.waitOutputThreads(): subprocess failed with code 1
[2025-02-26T19:29:56.203+0000] {subprocess.py:93} INFO - 	at org.apache.hadoop.streaming.PipeMapRed.waitOutputThreads(PipeMapRed.java:326)
[2025-02-26T19:29:56.203+0000] {subprocess.py:93} INFO - 	at org.apache.hadoop.streaming.PipeMapRed.mapRedFinished(PipeMapRed.java:539)
[2025-02-26T19:29:56.204+0000] {subprocess.py:93} INFO - 	at org.apache.hadoop.streaming.PipeMapper.close(PipeMapper.java:130)
[2025-02-26T19:29:56.206+0000] {subprocess.py:93} INFO - 	at org.apache.hadoop.mapred.MapRunner.run(MapRunner.java:61)
[2025-02-26T19:29:56.216+0000] {subprocess.py:93} INFO - 	at org.apache.hadoop.streaming.PipeMapRunner.run(PipeMapRunner.java:34)
[2025-02-26T19:29:56.221+0000] {subprocess.py:93} INFO - 	at org.apache.hadoop.mapred.MapTask.runOldMapper(MapTask.java:465)
[2025-02-26T19:29:56.222+0000] {subprocess.py:93} INFO - 	at org.apache.hadoop.mapred.MapTask.run(MapTask.java:349)
[2025-02-26T19:29:56.224+0000] {subprocess.py:93} INFO - 	at org.apache.hadoop.mapred.LocalJobRunner$Job$MapTaskRunnable.run(LocalJobRunner.java:271)
[2025-02-26T19:29:56.232+0000] {subprocess.py:93} INFO - 	at java.util.concurrent.Executors$RunnableAdapter.call(Executors.java:511)
[2025-02-26T19:29:56.234+0000] {subprocess.py:93} INFO - 	at java.util.concurrent.FutureTask.run(FutureTask.java:266)
[2025-02-26T19:29:56.239+0000] {subprocess.py:93} INFO - 	at java.util.concurrent.ThreadPoolExecutor.runWorker(ThreadPoolExecutor.java:1149)
[2025-02-26T19:29:56.251+0000] {subprocess.py:93} INFO - 	at java.util.concurrent.ThreadPoolExecutor$Worker.run(ThreadPoolExecutor.java:624)
[2025-02-26T19:29:56.253+0000] {subprocess.py:93} INFO - 	at java.lang.Thread.run(Thread.java:748)
[2025-02-26T19:29:57.136+0000] {subprocess.py:93} INFO - 2025-02-26 19:29:57,121 INFO mapreduce.Job: Job job_local1820692438_0001 failed with state FAILED due to: NA
[2025-02-26T19:29:57.292+0000] {subprocess.py:93} INFO - 2025-02-26 19:29:57,270 INFO mapreduce.Job: Counters: 0
[2025-02-26T19:29:57.295+0000] {subprocess.py:93} INFO - 2025-02-26 19:29:57,270 ERROR streaming.StreamJob: Job not successful!
[2025-02-26T19:29:57.296+0000] {subprocess.py:93} INFO - Streaming Command Failed!
[2025-02-26T19:29:58.762+0000] {subprocess.py:97} INFO - Command exited with return code 1
[2025-02-26T19:29:58.985+0000] {taskinstance.py:1943} ERROR - Task failed with exception
Traceback (most recent call last):
  File "/home/airflow/.local/lib/python3.8/site-packages/airflow/operators/bash.py", line 210, in execute
    raise AirflowException(
airflow.exceptions.AirflowException: Bash command failed. The command returned a non-zero exit code 1.
[2025-02-26T19:29:59.254+0000] {taskinstance.py:1400} INFO - Marking task as UP_FOR_RETRY. dag_id=yfinance_ingestion_and_process_dag, task_id=run_mapreduce, execution_date=20250116T000000, start_date=20250226T192850, end_date=20250226T192959
[2025-02-26T19:29:59.597+0000] {standard_task_runner.py:104} ERROR - Failed to execute job 316 for task run_mapreduce (Bash command failed. The command returned a non-zero exit code 1.; 296)
[2025-02-26T19:29:59.907+0000] {local_task_job_runner.py:228} INFO - Task exited with return code 1
[2025-02-26T19:30:00.783+0000] {taskinstance.py:2784} INFO - 0 downstream tasks scheduled from follow-on schedule check
