[2025-02-26T20:04:59.539+0000] {taskinstance.py:1159} INFO - Dependencies all met for dep_context=non-requeueable deps ti=<TaskInstance: yfinance_ingestion_and_process_dag.store_raw_data_in_hdfs scheduled__2025-01-15T00:00:00+00:00 [queued]>
[2025-02-26T20:04:59.652+0000] {taskinstance.py:1159} INFO - Dependencies all met for dep_context=requeueable deps ti=<TaskInstance: yfinance_ingestion_and_process_dag.store_raw_data_in_hdfs scheduled__2025-01-15T00:00:00+00:00 [queued]>
[2025-02-26T20:04:59.660+0000] {taskinstance.py:1361} INFO - Starting attempt 1 of 2
[2025-02-26T20:04:59.795+0000] {taskinstance.py:1382} INFO - Executing <Task(PythonOperator): store_raw_data_in_hdfs> on 2025-01-15 00:00:00+00:00
[2025-02-26T20:04:59.877+0000] {standard_task_runner.py:57} INFO - Started process 292 to run task
[2025-02-26T20:04:59.914+0000] {standard_task_runner.py:84} INFO - Running: ['***', 'tasks', 'run', 'yfinance_ingestion_and_process_dag', 'store_raw_data_in_hdfs', 'scheduled__2025-01-15T00:00:00+00:00', '--job-id', '29', '--raw', '--subdir', 'DAGS_FOLDER/pipeline.py', '--cfg-path', '/tmp/tmpx119g0bk']
[2025-02-26T20:04:59.947+0000] {standard_task_runner.py:85} INFO - Job 29: Subtask store_raw_data_in_hdfs
[2025-02-26T20:05:00.257+0000] {task_command.py:415} INFO - Running <TaskInstance: yfinance_ingestion_and_process_dag.store_raw_data_in_hdfs scheduled__2025-01-15T00:00:00+00:00 [running]> on host e304e68c626e
[2025-02-26T20:05:00.752+0000] {taskinstance.py:1660} INFO - Exporting env vars: AIRFLOW_CTX_DAG_OWNER='etudiant' AIRFLOW_CTX_DAG_ID='yfinance_ingestion_and_process_dag' AIRFLOW_CTX_TASK_ID='store_raw_data_in_hdfs' AIRFLOW_CTX_EXECUTION_DATE='2025-01-15T00:00:00+00:00' AIRFLOW_CTX_TRY_NUMBER='1' AIRFLOW_CTX_DAG_RUN_ID='scheduled__2025-01-15T00:00:00+00:00'
[2025-02-26T20:05:00.807+0000] {taskinstance.py:1943} ERROR - Task failed with exception
Traceback (most recent call last):
  File "/home/airflow/.local/lib/python3.8/site-packages/airflow/operators/python.py", line 192, in execute
    return_value = self.execute_callable()
  File "/home/airflow/.local/lib/python3.8/site-packages/airflow/operators/python.py", line 209, in execute_callable
    return self.python_callable(*self.op_args, **self.op_kwargs)
  File "/opt/airflow/dags/pipeline.py", line 55, in store_raw_data_in_hdfs
    with open(local_file, 'w') as f:
PermissionError: [Errno 13] Permission denied: '/mnt/hadoop_data/yfinance_raw.json'
[2025-02-26T20:05:00.877+0000] {taskinstance.py:1400} INFO - Marking task as UP_FOR_RETRY. dag_id=yfinance_ingestion_and_process_dag, task_id=store_raw_data_in_hdfs, execution_date=20250115T000000, start_date=20250226T200459, end_date=20250226T200500
[2025-02-26T20:05:00.952+0000] {standard_task_runner.py:104} ERROR - Failed to execute job 29 for task store_raw_data_in_hdfs ([Errno 13] Permission denied: '/mnt/hadoop_data/yfinance_raw.json'; 292)
[2025-02-26T20:05:00.997+0000] {local_task_job_runner.py:228} INFO - Task exited with return code 1
[2025-02-26T20:05:01.088+0000] {taskinstance.py:2784} INFO - 0 downstream tasks scheduled from follow-on schedule check
