[2025-02-26T19:12:14.363+0000] {taskinstance.py:1159} INFO - Dependencies all met for dep_context=non-requeueable deps ti=<TaskInstance: yfinance_ingestion_and_process_dag.fetch_data scheduled__2025-01-06T00:00:00+00:00 [queued]>
[2025-02-26T19:12:12.041+0000] {taskinstance.py:1159} INFO - Dependencies all met for dep_context=requeueable deps ti=<TaskInstance: yfinance_ingestion_and_process_dag.fetch_data scheduled__2025-01-06T00:00:00+00:00 [queued]>
[2025-02-26T19:12:12.069+0000] {taskinstance.py:1361} INFO - Starting attempt 1 of 2
[2025-02-26T19:12:13.356+0000] {taskinstance.py:1382} INFO - Executing <Task(PythonOperator): fetch_data> on 2025-01-06 00:00:00+00:00
[2025-02-26T19:12:13.408+0000] {standard_task_runner.py:57} INFO - Started process 437 to run task
[2025-02-26T19:12:13.512+0000] {standard_task_runner.py:84} INFO - Running: ['***', 'tasks', 'run', 'yfinance_ingestion_and_process_dag', 'fetch_data', 'scheduled__2025-01-06T00:00:00+00:00', '--job-id', '257', '--raw', '--subdir', 'DAGS_FOLDER/pipeline.py', '--cfg-path', '/tmp/tmpw7je0ovn']
[2025-02-26T19:12:13.564+0000] {standard_task_runner.py:85} INFO - Job 257: Subtask fetch_data
[2025-02-26T19:12:14.546+0000] {task_command.py:415} INFO - Running <TaskInstance: yfinance_ingestion_and_process_dag.fetch_data scheduled__2025-01-06T00:00:00+00:00 [running]> on host 405afb11abaf
[2025-02-26T19:12:15.426+0000] {taskinstance.py:1660} INFO - Exporting env vars: AIRFLOW_CTX_DAG_OWNER='etudiant' AIRFLOW_CTX_DAG_ID='yfinance_ingestion_and_process_dag' AIRFLOW_CTX_TASK_ID='fetch_data' AIRFLOW_CTX_EXECUTION_DATE='2025-01-06T00:00:00+00:00' AIRFLOW_CTX_TRY_NUMBER='1' AIRFLOW_CTX_DAG_RUN_ID='scheduled__2025-01-06T00:00:00+00:00'
[2025-02-26T19:12:19.569+0000] {python.py:194} INFO - Done. Returned value was: None
[2025-02-26T19:12:19.631+0000] {taskinstance.py:1400} INFO - Marking task as SUCCESS. dag_id=yfinance_ingestion_and_process_dag, task_id=fetch_data, execution_date=20250106T000000, start_date=20250226T191214, end_date=20250226T191219
[2025-02-26T19:12:19.844+0000] {local_task_job_runner.py:228} INFO - Task exited with return code 0
[2025-02-26T19:12:20.085+0000] {taskinstance.py:2784} INFO - 1 downstream tasks scheduled from follow-on schedule check
[2025-02-26T20:04:45.167+0000] {taskinstance.py:1159} INFO - Dependencies all met for dep_context=non-requeueable deps ti=<TaskInstance: yfinance_ingestion_and_process_dag.fetch_data scheduled__2025-01-06T00:00:00+00:00 [queued]>
[2025-02-26T20:04:45.239+0000] {taskinstance.py:1159} INFO - Dependencies all met for dep_context=requeueable deps ti=<TaskInstance: yfinance_ingestion_and_process_dag.fetch_data scheduled__2025-01-06T00:00:00+00:00 [queued]>
[2025-02-26T20:04:45.244+0000] {taskinstance.py:1361} INFO - Starting attempt 1 of 2
[2025-02-26T20:04:45.483+0000] {taskinstance.py:1382} INFO - Executing <Task(PythonOperator): fetch_data> on 2025-01-06 00:00:00+00:00
[2025-02-26T20:04:45.596+0000] {standard_task_runner.py:57} INFO - Started process 236 to run task
[2025-02-26T20:04:45.667+0000] {standard_task_runner.py:84} INFO - Running: ['***', 'tasks', 'run', 'yfinance_ingestion_and_process_dag', 'fetch_data', 'scheduled__2025-01-06T00:00:00+00:00', '--job-id', '10', '--raw', '--subdir', 'DAGS_FOLDER/pipeline.py', '--cfg-path', '/tmp/tmpaj9ogat6']
[2025-02-26T20:04:45.748+0000] {standard_task_runner.py:85} INFO - Job 10: Subtask fetch_data
[2025-02-26T20:04:46.372+0000] {task_command.py:415} INFO - Running <TaskInstance: yfinance_ingestion_and_process_dag.fetch_data scheduled__2025-01-06T00:00:00+00:00 [running]> on host e304e68c626e
[2025-02-26T20:04:46.987+0000] {taskinstance.py:1660} INFO - Exporting env vars: AIRFLOW_CTX_DAG_OWNER='etudiant' AIRFLOW_CTX_DAG_ID='yfinance_ingestion_and_process_dag' AIRFLOW_CTX_TASK_ID='fetch_data' AIRFLOW_CTX_EXECUTION_DATE='2025-01-06T00:00:00+00:00' AIRFLOW_CTX_TRY_NUMBER='1' AIRFLOW_CTX_DAG_RUN_ID='scheduled__2025-01-06T00:00:00+00:00'
[2025-02-26T20:04:49.283+0000] {python.py:194} INFO - Done. Returned value was: None
[2025-02-26T20:04:49.337+0000] {taskinstance.py:1400} INFO - Marking task as SUCCESS. dag_id=yfinance_ingestion_and_process_dag, task_id=fetch_data, execution_date=20250106T000000, start_date=20250226T200445, end_date=20250226T200449
[2025-02-26T20:04:49.589+0000] {local_task_job_runner.py:228} INFO - Task exited with return code 0
[2025-02-26T20:04:49.903+0000] {taskinstance.py:2784} INFO - 1 downstream tasks scheduled from follow-on schedule check
