[2025-02-26T19:07:04.996+0000] {taskinstance.py:1159} INFO - Dependencies all met for dep_context=non-requeueable deps ti=<TaskInstance: yfinance_ingestion_dag.fetch_data manual__2025-02-26T19:06:56.028398+00:00 [queued]>
[2025-02-26T19:07:05.028+0000] {taskinstance.py:1159} INFO - Dependencies all met for dep_context=requeueable deps ti=<TaskInstance: yfinance_ingestion_dag.fetch_data manual__2025-02-26T19:06:56.028398+00:00 [queued]>
[2025-02-26T19:07:05.029+0000] {taskinstance.py:1361} INFO - Starting attempt 1 of 2
[2025-02-26T19:07:05.057+0000] {taskinstance.py:1382} INFO - Executing <Task(PythonOperator): fetch_data> on 2025-02-26 19:06:56.028398+00:00
[2025-02-26T19:07:05.070+0000] {standard_task_runner.py:57} INFO - Started process 252 to run task
[2025-02-26T19:07:05.088+0000] {standard_task_runner.py:84} INFO - Running: ['***', 'tasks', 'run', 'yfinance_ingestion_dag', 'fetch_data', 'manual__2025-02-26T19:06:56.028398+00:00', '--job-id', '248', '--raw', '--subdir', 'DAGS_FOLDER/pipeline.py', '--cfg-path', '/tmp/tmp83fu1tcg']
[2025-02-26T19:07:05.103+0000] {standard_task_runner.py:85} INFO - Job 248: Subtask fetch_data
[2025-02-26T19:07:05.241+0000] {task_command.py:415} INFO - Running <TaskInstance: yfinance_ingestion_dag.fetch_data manual__2025-02-26T19:06:56.028398+00:00 [running]> on host 405afb11abaf
[2025-02-26T19:07:05.520+0000] {taskinstance.py:1660} INFO - Exporting env vars: AIRFLOW_CTX_DAG_OWNER='etudiant' AIRFLOW_CTX_DAG_ID='yfinance_ingestion_dag' AIRFLOW_CTX_TASK_ID='fetch_data' AIRFLOW_CTX_EXECUTION_DATE='2025-02-26T19:06:56.028398+00:00' AIRFLOW_CTX_TRY_NUMBER='1' AIRFLOW_CTX_DAG_RUN_ID='manual__2025-02-26T19:06:56.028398+00:00'
[2025-02-26T19:07:07.997+0000] {logging_mixin.py:151} INFO - [
    {
        "datetime": "2025-02-25T19:00:00.000Z",
        "open_price": 86978.359375,
        "high_price": 87924.3828125,
        "low_price": 86448.5078125,
        "close_price": 87863.0859375,
        "volume": 0,
        "coin": "BTC"
    },
    {
        "datetime": "2025-02-25T20:00:00.000Z",
        "open_price": 87816.71875,
        "high_price": 88873.140625,
        "low_price": 87594.2734375,
        "close_price": 88076.6484375,
        "volume": 2607030272,
        "coin": "BTC"
    },
    {
        "datetime": "2025-02-25T21:00:00.000Z",
        "open_price": 88187.0859375,
        "high_price": 88637.609375,
        "low_price": 87775.640625,
        "close_price": 88598.2109375,
        "volume": 0,
        "coin": "BTC"
    },
    {
        "datetime": "2025-02-25T22:00:00.000Z",
        "open_price": 88692.203125,
        "high_price": 89344.90625,
        "low_price": 88446.0390625,
        "close_price": 88737.1953125,
        "volume": 102842368,
        "coin": "BTC"
    },
    {
        "datetime": "2025-02-25T23:00:00.000Z",
        "open_price": 88762.703125,
        "high_price": 89029.0390625,
        "low_price": 88623.359375,
        "close_price": 88701.9140625,
        "volume": 0,
        "coin": "BTC"
    }
]
[2025-02-26T19:07:08.036+0000] {python.py:194} INFO - Done. Returned value was: None
[2025-02-26T19:07:08.060+0000] {taskinstance.py:1400} INFO - Marking task as SUCCESS. dag_id=yfinance_ingestion_dag, task_id=fetch_data, execution_date=20250226T190656, start_date=20250226T190704, end_date=20250226T190708
[2025-02-26T19:07:08.134+0000] {local_task_job_runner.py:228} INFO - Task exited with return code 0
[2025-02-26T19:07:08.241+0000] {taskinstance.py:2784} INFO - 1 downstream tasks scheduled from follow-on schedule check
