[2025-02-24T12:03:55.789+0000] {taskinstance.py:1159} INFO - Dependencies all met for dep_context=non-requeueable deps ti=<TaskInstance: coingecko_ingestion_dag.store_raw_data_in_hdfs manual__2025-02-24T12:03:52.287707+00:00 [queued]>
[2025-02-24T12:03:55.799+0000] {taskinstance.py:1159} INFO - Dependencies all met for dep_context=requeueable deps ti=<TaskInstance: coingecko_ingestion_dag.store_raw_data_in_hdfs manual__2025-02-24T12:03:52.287707+00:00 [queued]>
[2025-02-24T12:03:55.800+0000] {taskinstance.py:1361} INFO - Starting attempt 1 of 2
[2025-02-24T12:03:55.815+0000] {taskinstance.py:1382} INFO - Executing <Task(PythonOperator): store_raw_data_in_hdfs> on 2025-02-24 12:03:52.287707+00:00
[2025-02-24T12:03:55.820+0000] {standard_task_runner.py:57} INFO - Started process 470 to run task
[2025-02-24T12:03:55.823+0000] {standard_task_runner.py:84} INFO - Running: ['***', 'tasks', 'run', 'coingecko_ingestion_dag', 'store_raw_data_in_hdfs', 'manual__2025-02-24T12:03:52.287707+00:00', '--job-id', '68', '--raw', '--subdir', 'DAGS_FOLDER/pipeline.py', '--cfg-path', '/tmp/tmprlixvjrk']
[2025-02-24T12:03:55.825+0000] {standard_task_runner.py:85} INFO - Job 68: Subtask store_raw_data_in_hdfs
[2025-02-24T12:03:55.872+0000] {task_command.py:415} INFO - Running <TaskInstance: coingecko_ingestion_dag.store_raw_data_in_hdfs manual__2025-02-24T12:03:52.287707+00:00 [running]> on host 82ebb00a972e
[2025-02-24T12:03:55.951+0000] {taskinstance.py:1660} INFO - Exporting env vars: AIRFLOW_CTX_DAG_OWNER='etudiant' AIRFLOW_CTX_DAG_ID='coingecko_ingestion_dag' AIRFLOW_CTX_TASK_ID='store_raw_data_in_hdfs' AIRFLOW_CTX_EXECUTION_DATE='2025-02-24T12:03:52.287707+00:00' AIRFLOW_CTX_TRY_NUMBER='1' AIRFLOW_CTX_DAG_RUN_ID='manual__2025-02-24T12:03:52.287707+00:00'
[2025-02-24T12:03:55.960+0000] {taskinstance.py:1943} ERROR - Task failed with exception
Traceback (most recent call last):
  File "/home/airflow/.local/lib/python3.8/site-packages/airflow/operators/python.py", line 192, in execute
    return_value = self.execute_callable()
  File "/home/airflow/.local/lib/python3.8/site-packages/airflow/operators/python.py", line 209, in execute_callable
    return self.python_callable(*self.op_args, **self.op_kwargs)
  File "/opt/airflow/dags/pipeline.py", line 66, in store_raw_data_in_hdfs
    if not os.path.exists(local_file):
  File "/usr/local/lib/python3.8/genericpath.py", line 19, in exists
    os.stat(path)
TypeError: stat: path should be string, bytes, os.PathLike or integer, not NoneType
[2025-02-24T12:03:55.972+0000] {taskinstance.py:1400} INFO - Marking task as UP_FOR_RETRY. dag_id=coingecko_ingestion_dag, task_id=store_raw_data_in_hdfs, execution_date=20250224T120352, start_date=20250224T120355, end_date=20250224T120355
[2025-02-24T12:03:55.986+0000] {standard_task_runner.py:104} ERROR - Failed to execute job 68 for task store_raw_data_in_hdfs (stat: path should be string, bytes, os.PathLike or integer, not NoneType; 470)
[2025-02-24T12:03:55.997+0000] {local_task_job_runner.py:228} INFO - Task exited with return code 1
[2025-02-24T12:03:56.018+0000] {taskinstance.py:2784} INFO - 0 downstream tasks scheduled from follow-on schedule check
