[2025-02-21T22:19:07.672+0000] {taskinstance.py:1159} INFO - Dependencies all met for dep_context=non-requeueable deps ti=<TaskInstance: gold_data_dag.runer manual__2025-02-21T22:19:03.549867+00:00 [queued]>
[2025-02-21T22:19:07.680+0000] {taskinstance.py:1159} INFO - Dependencies all met for dep_context=requeueable deps ti=<TaskInstance: gold_data_dag.runer manual__2025-02-21T22:19:03.549867+00:00 [queued]>
[2025-02-21T22:19:07.681+0000] {taskinstance.py:1361} INFO - Starting attempt 1 of 1
[2025-02-21T22:19:07.761+0000] {taskinstance.py:1382} INFO - Executing <Task(BashOperator): runer> on 2025-02-21 22:19:03.549867+00:00
[2025-02-21T22:19:07.767+0000] {standard_task_runner.py:57} INFO - Started process 93 to run task
[2025-02-21T22:19:07.771+0000] {standard_task_runner.py:84} INFO - Running: ['***', 'tasks', 'run', 'gold_data_dag', 'runer', 'manual__2025-02-21T22:19:03.549867+00:00', '--job-id', '12', '--raw', '--subdir', 'DAGS_FOLDER/pipeline.py', '--cfg-path', '/tmp/tmpyzduia0t']
[2025-02-21T22:19:07.775+0000] {standard_task_runner.py:85} INFO - Job 12: Subtask runer
[2025-02-21T22:19:07.835+0000] {task_command.py:415} INFO - Running <TaskInstance: gold_data_dag.runer manual__2025-02-21T22:19:03.549867+00:00 [running]> on host 7c80cef5d079
[2025-02-21T22:19:07.914+0000] {taskinstance.py:1660} INFO - Exporting env vars: AIRFLOW_CTX_DAG_OWNER='***' AIRFLOW_CTX_DAG_ID='gold_data_dag' AIRFLOW_CTX_TASK_ID='runer' AIRFLOW_CTX_EXECUTION_DATE='2025-02-21T22:19:03.549867+00:00' AIRFLOW_CTX_TRY_NUMBER='1' AIRFLOW_CTX_DAG_RUN_ID='manual__2025-02-21T22:19:03.549867+00:00'
[2025-02-21T22:19:07.916+0000] {subprocess.py:63} INFO - Tmp dir root location: /tmp
[2025-02-21T22:19:07.917+0000] {subprocess.py:75} INFO - Running command: ['/bin/bash', '-c', 'docker run --name scraper -d big_data_projet-scraper']
[2025-02-21T22:19:07.925+0000] {subprocess.py:86} INFO - Output:
[2025-02-21T22:19:08.003+0000] {subprocess.py:93} INFO - docker: Error response from daemon: Conflict. The container name "/scraper" is already in use by container "be5ac2ab9a1747d9b046d73ae6a58cd375888da975799ad4901c291385ce34c7". You have to remove (or rename) that container to be able to reuse that name.
[2025-02-21T22:19:08.004+0000] {subprocess.py:93} INFO - See 'docker run --help'.
[2025-02-21T22:19:08.005+0000] {subprocess.py:97} INFO - Command exited with return code 125
[2025-02-21T22:19:08.022+0000] {taskinstance.py:1943} ERROR - Task failed with exception
Traceback (most recent call last):
  File "/home/airflow/.local/lib/python3.8/site-packages/airflow/operators/bash.py", line 210, in execute
    raise AirflowException(
airflow.exceptions.AirflowException: Bash command failed. The command returned a non-zero exit code 125.
[2025-02-21T22:19:08.027+0000] {taskinstance.py:1400} INFO - Marking task as FAILED. dag_id=gold_data_dag, task_id=runer, execution_date=20250221T221903, start_date=20250221T221907, end_date=20250221T221908
[2025-02-21T22:19:08.042+0000] {standard_task_runner.py:104} ERROR - Failed to execute job 12 for task runer (Bash command failed. The command returned a non-zero exit code 125.; 93)
[2025-02-21T22:19:08.066+0000] {local_task_job_runner.py:228} INFO - Task exited with return code 1
[2025-02-21T22:19:08.089+0000] {taskinstance.py:2784} INFO - 0 downstream tasks scheduled from follow-on schedule check
