[2025-02-25T10:08:11.551+0000] {taskinstance.py:1159} INFO - Dependencies all met for dep_context=non-requeueable deps ti=<TaskInstance: yfinance_python_processing_dag.fetch_data scheduled__2024-02-01T00:00:00+00:00 [queued]>
[2025-02-25T10:08:11.641+0000] {taskinstance.py:1159} INFO - Dependencies all met for dep_context=requeueable deps ti=<TaskInstance: yfinance_python_processing_dag.fetch_data scheduled__2024-02-01T00:00:00+00:00 [queued]>
[2025-02-25T10:08:11.671+0000] {taskinstance.py:1361} INFO - Starting attempt 1 of 2
[2025-02-25T10:08:11.746+0000] {taskinstance.py:1382} INFO - Executing <Task(PythonOperator): fetch_data> on 2024-02-01 00:00:00+00:00
[2025-02-25T10:08:11.774+0000] {standard_task_runner.py:57} INFO - Started process 2074 to run task
[2025-02-25T10:08:11.787+0000] {standard_task_runner.py:84} INFO - Running: ['***', 'tasks', 'run', 'yfinance_python_processing_dag', 'fetch_data', 'scheduled__2024-02-01T00:00:00+00:00', '--job-id', '147', '--raw', '--subdir', 'DAGS_FOLDER/test_hello.py', '--cfg-path', '/tmp/tmpvv4xkdvo']
[2025-02-25T10:08:11.823+0000] {standard_task_runner.py:85} INFO - Job 147: Subtask fetch_data
[2025-02-25T10:08:12.036+0000] {task_command.py:415} INFO - Running <TaskInstance: yfinance_python_processing_dag.fetch_data scheduled__2024-02-01T00:00:00+00:00 [running]> on host 6dbd75e48aaa
[2025-02-25T10:08:12.443+0000] {taskinstance.py:1660} INFO - Exporting env vars: AIRFLOW_CTX_DAG_OWNER='etudiant' AIRFLOW_CTX_DAG_ID='yfinance_python_processing_dag' AIRFLOW_CTX_TASK_ID='fetch_data' AIRFLOW_CTX_EXECUTION_DATE='2024-02-01T00:00:00+00:00' AIRFLOW_CTX_TRY_NUMBER='1' AIRFLOW_CTX_DAG_RUN_ID='scheduled__2024-02-01T00:00:00+00:00'
[2025-02-25T10:08:12.474+0000] {logging_mixin.py:151} INFO - Execution date: 2024-02-01
[2025-02-25T10:08:13.893+0000] {logging_mixin.py:151} INFO - Raw data from yfinance (from 2024-02-01 00:00:00 to 2024-02-29 00:00:00):                                  Open        High  ...  Dividends  Stock Splits
Date                                               ...                         
2024-02-01 00:00:00-05:00  188.500000  189.880005  ...        0.0           0.0
2024-02-02 00:00:00-05:00  185.039993  188.690002  ...        0.0           0.0
2024-02-05 00:00:00-05:00  184.259995  184.679993  ...        0.0           0.0
2024-02-06 00:00:00-05:00  177.210007  186.490005  ...        0.0           0.0
2024-02-07 00:00:00-05:00  188.179993  189.789993  ...        0.0           0.0
2024-02-08 00:00:00-05:00  189.000000  191.619995  ...        0.0           0.0
2024-02-09 00:00:00-05:00  190.179993  194.119995  ...        0.0           0.0
2024-02-12 00:00:00-05:00  192.110001  194.729996  ...        0.0           0.0
2024-02-13 00:00:00-05:00  183.990005  187.259995  ...        0.0           0.0
2024-02-14 00:00:00-05:00  185.300003  188.889999  ...        0.0           0.0
2024-02-15 00:00:00-05:00  189.160004  200.880005  ...        0.0           0.0
2024-02-16 00:00:00-05:00  202.059998  203.169998  ...        0.0           0.0
2024-02-20 00:00:00-05:00  196.130005  198.600006  ...        0.0           0.0
2024-02-21 00:00:00-05:00  193.360001  199.440002  ...        0.0           0.0
2024-02-22 00:00:00-05:00  194.000000  198.320007  ...        0.0           0.0
2024-02-23 00:00:00-05:00  195.309998  197.570007  ...        0.0           0.0
2024-02-26 00:00:00-05:00  192.289993  201.779999  ...        0.0           0.0
2024-02-27 00:00:00-05:00  204.039993  205.600006  ...        0.0           0.0
2024-02-28 00:00:00-05:00  200.419998  205.300003  ...        0.0           0.0

[19 rows x 7 columns]
[2025-02-25T10:08:13.921+0000] {logging_mixin.py:151} INFO - Serialized data: {'2024-02-01 00:00:00-05:00': {'Open': 188.5, 'High': 189.8800048828125, 'Low': 184.27999877929688, 'Close': 188.86000061035156, 'Volume': 91843300, 'Dividends': 0.0, 'Stock Splits': 0.0}, '2024-02-02 00:00:00-05:00': {'Open': 185.0399932861328, 'High': 188.69000244140625, 'Low': 182.0, 'Close': 187.91000366210938, 'Volume': 110505100, 'Dividends': 0.0, 'Stock Splits': 0.0}, '2024-02-05 00:00:00-05:00': {'Open': 184.25999450683594, 'High': 184.67999267578125, 'Low': 175.00999450683594, 'Close': 181.05999755859375, 'Volume': 134294400, 'Dividends': 0.0, 'Stock Splits': 0.0}, '2024-02-06 00:00:00-05:00': {'Open': 177.2100067138672, 'High': 186.49000549316406, 'Low': 177.11000061035156, 'Close': 185.10000610351562, 'Volume': 122676000, 'Dividends': 0.0, 'Stock Splits': 0.0}, '2024-02-07 00:00:00-05:00': {'Open': 188.17999267578125, 'High': 189.7899932861328, 'Low': 182.67999267578125, 'Close': 187.5800018310547, 'Volume': 111535200, 'Dividends': 0.0, 'Stock Splits': 0.0}, '2024-02-08 00:00:00-05:00': {'Open': 189.0, 'High': 191.6199951171875, 'Low': 185.5800018310547, 'Close': 189.55999755859375, 'Volume': 83034000, 'Dividends': 0.0, 'Stock Splits': 0.0}, '2024-02-09 00:00:00-05:00': {'Open': 190.17999267578125, 'High': 194.1199951171875, 'Low': 189.47999572753906, 'Close': 193.57000732421875, 'Volume': 84476300, 'Dividends': 0.0, 'Stock Splits': 0.0}, '2024-02-12 00:00:00-05:00': {'Open': 192.11000061035156, 'High': 194.72999572753906, 'Low': 187.27999877929688, 'Close': 188.1300048828125, 'Volume': 95498600, 'Dividends': 0.0, 'Stock Splits': 0.0}, '2024-02-13 00:00:00-05:00': {'Open': 183.99000549316406, 'High': 187.25999450683594, 'Low': 182.11000061035156, 'Close': 184.02000427246094, 'Volume': 86759500, 'Dividends': 0.0, 'Stock Splits': 0.0}, '2024-02-14 00:00:00-05:00': {'Open': 185.3000030517578, 'High': 188.88999938964844, 'Low': 183.35000610351562, 'Close': 188.7100067138672, 'Volume': 81203000, 'Dividends': 0.0, 'Stock Splits': 0.0}, '2024-02-15 00:00:00-05:00': {'Open': 189.16000366210938, 'High': 200.8800048828125, 'Low': 188.86000061035156, 'Close': 200.4499969482422, 'Volume': 120831800, 'Dividends': 0.0, 'Stock Splits': 0.0}, '2024-02-16 00:00:00-05:00': {'Open': 202.05999755859375, 'High': 203.1699981689453, 'Low': 197.39999389648438, 'Close': 199.9499969482422, 'Volume': 111173600, 'Dividends': 0.0, 'Stock Splits': 0.0}, '2024-02-20 00:00:00-05:00': {'Open': 196.1300048828125, 'High': 198.60000610351562, 'Low': 189.1300048828125, 'Close': 193.75999450683594, 'Volume': 104545800, 'Dividends': 0.0, 'Stock Splits': 0.0}, '2024-02-21 00:00:00-05:00': {'Open': 193.36000061035156, 'High': 199.44000244140625, 'Low': 191.9499969482422, 'Close': 194.77000427246094, 'Volume': 103844000, 'Dividends': 0.0, 'Stock Splits': 0.0}, '2024-02-22 00:00:00-05:00': {'Open': 194.0, 'High': 198.32000732421875, 'Low': 191.36000061035156, 'Close': 197.41000366210938, 'Volume': 92739500, 'Dividends': 0.0, 'Stock Splits': 0.0}, '2024-02-23 00:00:00-05:00': {'Open': 195.30999755859375, 'High': 197.57000732421875, 'Low': 191.5, 'Close': 191.97000122070312, 'Volume': 78841900, 'Dividends': 0.0, 'Stock Splits': 0.0}, '2024-02-26 00:00:00-05:00': {'Open': 192.2899932861328, 'High': 201.77999877929688, 'Low': 192.0, 'Close': 199.39999389648438, 'Volume': 111747100, 'Dividends': 0.0, 'Stock Splits': 0.0}, '2024-02-27 00:00:00-05:00': {'Open': 204.0399932861328, 'High': 205.60000610351562, 'Low': 198.25999450683594, 'Close': 199.72999572753906, 'Volume': 108645400, 'Dividends': 0.0, 'Stock Splits': 0.0}, '2024-02-28 00:00:00-05:00': {'Open': 200.4199981689453, 'High': 205.3000030517578, 'Low': 198.44000244140625, 'Close': 202.0399932861328, 'Volume': 99806200, 'Dividends': 0.0, 'Stock Splits': 0.0}}
[2025-02-25T10:08:13.982+0000] {python.py:194} INFO - Done. Returned value was: None
[2025-02-25T10:08:14.031+0000] {taskinstance.py:1400} INFO - Marking task as SUCCESS. dag_id=yfinance_python_processing_dag, task_id=fetch_data, execution_date=20240201T000000, start_date=20250225T100811, end_date=20250225T100814
[2025-02-25T10:08:14.151+0000] {local_task_job_runner.py:228} INFO - Task exited with return code 0
[2025-02-25T10:08:14.230+0000] {taskinstance.py:2784} INFO - 1 downstream tasks scheduled from follow-on schedule check
