[2025-02-25T10:08:15.373+0000] {taskinstance.py:1159} INFO - Dependencies all met for dep_context=non-requeueable deps ti=<TaskInstance: yfinance_python_processing_dag.fetch_data scheduled__2024-09-01T00:00:00+00:00 [queued]>
[2025-02-25T10:08:15.426+0000] {taskinstance.py:1159} INFO - Dependencies all met for dep_context=requeueable deps ti=<TaskInstance: yfinance_python_processing_dag.fetch_data scheduled__2024-09-01T00:00:00+00:00 [queued]>
[2025-02-25T10:08:15.428+0000] {taskinstance.py:1361} INFO - Starting attempt 1 of 2
[2025-02-25T10:08:15.481+0000] {taskinstance.py:1382} INFO - Executing <Task(PythonOperator): fetch_data> on 2024-09-01 00:00:00+00:00
[2025-02-25T10:08:15.507+0000] {standard_task_runner.py:57} INFO - Started process 2099 to run task
[2025-02-25T10:08:15.537+0000] {standard_task_runner.py:84} INFO - Running: ['***', 'tasks', 'run', 'yfinance_python_processing_dag', 'fetch_data', 'scheduled__2024-09-01T00:00:00+00:00', '--job-id', '155', '--raw', '--subdir', 'DAGS_FOLDER/test_hello.py', '--cfg-path', '/tmp/tmp1xlmhynz']
[2025-02-25T10:08:15.554+0000] {standard_task_runner.py:85} INFO - Job 155: Subtask fetch_data
[2025-02-25T10:08:15.928+0000] {task_command.py:415} INFO - Running <TaskInstance: yfinance_python_processing_dag.fetch_data scheduled__2024-09-01T00:00:00+00:00 [running]> on host 6dbd75e48aaa
[2025-02-25T10:08:16.257+0000] {taskinstance.py:1660} INFO - Exporting env vars: AIRFLOW_CTX_DAG_OWNER='etudiant' AIRFLOW_CTX_DAG_ID='yfinance_python_processing_dag' AIRFLOW_CTX_TASK_ID='fetch_data' AIRFLOW_CTX_EXECUTION_DATE='2024-09-01T00:00:00+00:00' AIRFLOW_CTX_TRY_NUMBER='1' AIRFLOW_CTX_DAG_RUN_ID='scheduled__2024-09-01T00:00:00+00:00'
[2025-02-25T10:08:16.271+0000] {logging_mixin.py:151} INFO - Execution date: 2024-09-01
[2025-02-25T10:08:17.898+0000] {logging_mixin.py:151} INFO - Raw data from yfinance (from 2024-09-01 00:00:00 to 2024-09-30 00:00:00):                                  Open        High  ...  Dividends  Stock Splits
Date                                               ...                         
2024-09-03 00:00:00-04:00  215.259995  219.899994  ...        0.0           0.0
2024-09-04 00:00:00-04:00  210.589996  222.220001  ...        0.0           0.0
2024-09-05 00:00:00-04:00  223.490005  235.000000  ...        0.0           0.0
2024-09-06 00:00:00-04:00  232.600006  233.600006  ...        0.0           0.0
2024-09-09 00:00:00-04:00  216.199997  219.869995  ...        0.0           0.0
2024-09-10 00:00:00-04:00  220.070007  226.399994  ...        0.0           0.0
2024-09-11 00:00:00-04:00  224.550003  228.470001  ...        0.0           0.0
2024-09-12 00:00:00-04:00  224.660004  231.449997  ...        0.0           0.0
2024-09-13 00:00:00-04:00  228.000000  232.669998  ...        0.0           0.0
2024-09-16 00:00:00-04:00  229.300003  229.960007  ...        0.0           0.0
2024-09-17 00:00:00-04:00  229.449997  234.570007  ...        0.0           0.0
2024-09-18 00:00:00-04:00  230.089996  235.679993  ...        0.0           0.0
2024-09-19 00:00:00-04:00  234.000000  244.240005  ...        0.0           0.0
2024-09-20 00:00:00-04:00  241.520004  243.990005  ...        0.0           0.0
2024-09-23 00:00:00-04:00  242.610001  250.000000  ...        0.0           0.0
2024-09-24 00:00:00-04:00  254.080002  257.190002  ...        0.0           0.0
2024-09-25 00:00:00-04:00  252.539993  257.049988  ...        0.0           0.0
2024-09-26 00:00:00-04:00  260.600006  261.750000  ...        0.0           0.0
2024-09-27 00:00:00-04:00  257.380005  260.700012  ...        0.0           0.0

[19 rows x 7 columns]
[2025-02-25T10:08:17.911+0000] {logging_mixin.py:151} INFO - Serialized data: {'2024-09-03 00:00:00-04:00': {'Open': 215.25999450683594, 'High': 219.89999389648438, 'Low': 209.63999938964844, 'Close': 210.60000610351562, 'Volume': 76714200, 'Dividends': 0.0, 'Stock Splits': 0.0}, '2024-09-04 00:00:00-04:00': {'Open': 210.58999633789062, 'High': 222.22000122070312, 'Low': 210.57000732421875, 'Close': 219.41000366210938, 'Volume': 80651800, 'Dividends': 0.0, 'Stock Splits': 0.0}, '2024-09-05 00:00:00-04:00': {'Open': 223.49000549316406, 'High': 235.0, 'Low': 222.25, 'Close': 230.1699981689453, 'Volume': 119355000, 'Dividends': 0.0, 'Stock Splits': 0.0}, '2024-09-06 00:00:00-04:00': {'Open': 232.60000610351562, 'High': 233.60000610351562, 'Low': 210.50999450683594, 'Close': 210.72999572753906, 'Volume': 112177000, 'Dividends': 0.0, 'Stock Splits': 0.0}, '2024-09-09 00:00:00-04:00': {'Open': 216.1999969482422, 'High': 219.8699951171875, 'Low': 213.6699981689453, 'Close': 216.27000427246094, 'Volume': 67443500, 'Dividends': 0.0, 'Stock Splits': 0.0}, '2024-09-10 00:00:00-04:00': {'Open': 220.07000732421875, 'High': 226.39999389648438, 'Low': 218.63999938964844, 'Close': 226.1699981689453, 'Volume': 78891100, 'Dividends': 0.0, 'Stock Splits': 0.0}, '2024-09-11 00:00:00-04:00': {'Open': 224.5500030517578, 'High': 228.47000122070312, 'Low': 216.8000030517578, 'Close': 228.1300048828125, 'Volume': 83548600, 'Dividends': 0.0, 'Stock Splits': 0.0}, '2024-09-12 00:00:00-04:00': {'Open': 224.66000366210938, 'High': 231.4499969482422, 'Low': 223.8300018310547, 'Close': 229.80999755859375, 'Volume': 72020000, 'Dividends': 0.0, 'Stock Splits': 0.0}, '2024-09-13 00:00:00-04:00': {'Open': 228.0, 'High': 232.6699981689453, 'Low': 226.32000732421875, 'Close': 230.2899932861328, 'Volume': 59515100, 'Dividends': 0.0, 'Stock Splits': 0.0}, '2024-09-16 00:00:00-04:00': {'Open': 229.3000030517578, 'High': 229.9600067138672, 'Low': 223.52999877929688, 'Close': 226.77999877929688, 'Volume': 54323000, 'Dividends': 0.0, 'Stock Splits': 0.0}, '2024-09-17 00:00:00-04:00': {'Open': 229.4499969482422, 'High': 234.57000732421875, 'Low': 226.5500030517578, 'Close': 227.8699951171875, 'Volume': 66761600, 'Dividends': 0.0, 'Stock Splits': 0.0}, '2024-09-18 00:00:00-04:00': {'Open': 230.08999633789062, 'High': 235.67999267578125, 'Low': 226.8800048828125, 'Close': 227.1999969482422, 'Volume': 78010200, 'Dividends': 0.0, 'Stock Splits': 0.0}, '2024-09-19 00:00:00-04:00': {'Open': 234.0, 'High': 244.24000549316406, 'Low': 232.1300048828125, 'Close': 243.9199981689453, 'Volume': 102694600, 'Dividends': 0.0, 'Stock Splits': 0.0}, '2024-09-20 00:00:00-04:00': {'Open': 241.52000427246094, 'High': 243.99000549316406, 'Low': 235.9199981689453, 'Close': 238.25, 'Volume': 99879100, 'Dividends': 0.0, 'Stock Splits': 0.0}, '2024-09-23 00:00:00-04:00': {'Open': 242.61000061035156, 'High': 250.0, 'Low': 241.9199981689453, 'Close': 250.0, 'Volume': 86927200, 'Dividends': 0.0, 'Stock Splits': 0.0}, '2024-09-24 00:00:00-04:00': {'Open': 254.0800018310547, 'High': 257.19000244140625, 'Low': 249.0500030517578, 'Close': 254.27000427246094, 'Volume': 88491000, 'Dividends': 0.0, 'Stock Splits': 0.0}, '2024-09-25 00:00:00-04:00': {'Open': 252.5399932861328, 'High': 257.04998779296875, 'Low': 252.27999877929688, 'Close': 257.0199890136719, 'Volume': 65034300, 'Dividends': 0.0, 'Stock Splits': 0.0}, '2024-09-26 00:00:00-04:00': {'Open': 260.6000061035156, 'High': 261.75, 'Low': 251.52999877929688, 'Close': 254.22000122070312, 'Volume': 67142200, 'Dividends': 0.0, 'Stock Splits': 0.0}, '2024-09-27 00:00:00-04:00': {'Open': 257.3800048828125, 'High': 260.70001220703125, 'Low': 254.1199951171875, 'Close': 260.4599914550781, 'Volume': 70988100, 'Dividends': 0.0, 'Stock Splits': 0.0}}
[2025-02-25T10:08:17.954+0000] {python.py:194} INFO - Done. Returned value was: None
[2025-02-25T10:08:17.996+0000] {taskinstance.py:1400} INFO - Marking task as SUCCESS. dag_id=yfinance_python_processing_dag, task_id=fetch_data, execution_date=20240901T000000, start_date=20250225T100815, end_date=20250225T100817
[2025-02-25T10:08:18.115+0000] {local_task_job_runner.py:228} INFO - Task exited with return code 0
[2025-02-25T10:08:18.203+0000] {taskinstance.py:2784} INFO - 1 downstream tasks scheduled from follow-on schedule check
