[2025-02-25T09:50:59.186+0000] {taskinstance.py:1159} INFO - Dependencies all met for dep_context=non-requeueable deps ti=<TaskInstance: yfinance_ingestion_dag.store_raw_data_in_hdfs scheduled__2025-02-13T00:00:00+00:00 [queued]>
[2025-02-25T09:50:59.237+0000] {taskinstance.py:1159} INFO - Dependencies all met for dep_context=requeueable deps ti=<TaskInstance: yfinance_ingestion_dag.store_raw_data_in_hdfs scheduled__2025-02-13T00:00:00+00:00 [queued]>
[2025-02-25T09:50:59.252+0000] {taskinstance.py:1361} INFO - Starting attempt 1 of 2
[2025-02-25T09:50:59.386+0000] {taskinstance.py:1382} INFO - Executing <Task(PythonOperator): store_raw_data_in_hdfs> on 2025-02-13 00:00:00+00:00
[2025-02-25T09:50:59.402+0000] {standard_task_runner.py:57} INFO - Started process 1158 to run task
[2025-02-25T09:50:59.408+0000] {standard_task_runner.py:84} INFO - Running: ['***', 'tasks', 'run', 'yfinance_ingestion_dag', 'store_raw_data_in_hdfs', 'scheduled__2025-02-13T00:00:00+00:00', '--job-id', '118', '--raw', '--subdir', 'DAGS_FOLDER/test_hello.py', '--cfg-path', '/tmp/tmpso181nz8']
[2025-02-25T09:50:59.423+0000] {standard_task_runner.py:85} INFO - Job 118: Subtask store_raw_data_in_hdfs
[2025-02-25T09:50:59.624+0000] {task_command.py:415} INFO - Running <TaskInstance: yfinance_ingestion_dag.store_raw_data_in_hdfs scheduled__2025-02-13T00:00:00+00:00 [running]> on host 6dbd75e48aaa
[2025-02-25T09:51:00.154+0000] {taskinstance.py:1660} INFO - Exporting env vars: AIRFLOW_CTX_DAG_OWNER='etudiant' AIRFLOW_CTX_DAG_ID='yfinance_ingestion_dag' AIRFLOW_CTX_TASK_ID='store_raw_data_in_hdfs' AIRFLOW_CTX_EXECUTION_DATE='2025-02-13T00:00:00+00:00' AIRFLOW_CTX_TRY_NUMBER='1' AIRFLOW_CTX_DAG_RUN_ID='scheduled__2025-02-13T00:00:00+00:00'
[2025-02-25T09:51:38.423+0000] {python.py:194} INFO - Done. Returned value was: None
[2025-02-25T09:51:38.571+0000] {taskinstance.py:1400} INFO - Marking task as SUCCESS. dag_id=yfinance_ingestion_dag, task_id=store_raw_data_in_hdfs, execution_date=20250213T000000, start_date=20250225T095059, end_date=20250225T095138
[2025-02-25T09:51:39.052+0000] {local_task_job_runner.py:228} INFO - Task exited with return code 0
[2025-02-25T09:51:39.187+0000] {taskinstance.py:2784} INFO - 0 downstream tasks scheduled from follow-on schedule check
[2025-02-26T20:46:27.112+0000] {taskinstance.py:1159} INFO - Dependencies all met for dep_context=non-requeueable deps ti=<TaskInstance: yfinance_ingestion_dag.store_raw_data_in_hdfs scheduled__2025-02-13T00:00:00+00:00 [queued]>
[2025-02-26T20:46:27.129+0000] {taskinstance.py:1159} INFO - Dependencies all met for dep_context=requeueable deps ti=<TaskInstance: yfinance_ingestion_dag.store_raw_data_in_hdfs scheduled__2025-02-13T00:00:00+00:00 [queued]>
[2025-02-26T20:46:27.131+0000] {taskinstance.py:1361} INFO - Starting attempt 1 of 2
[2025-02-26T20:46:27.153+0000] {taskinstance.py:1382} INFO - Executing <Task(PythonOperator): store_raw_data_in_hdfs> on 2025-02-13 00:00:00+00:00
[2025-02-26T20:46:27.165+0000] {standard_task_runner.py:57} INFO - Started process 2867 to run task
[2025-02-26T20:46:27.170+0000] {standard_task_runner.py:84} INFO - Running: ['***', 'tasks', 'run', 'yfinance_ingestion_dag', 'store_raw_data_in_hdfs', 'scheduled__2025-02-13T00:00:00+00:00', '--job-id', '402', '--raw', '--subdir', 'DAGS_FOLDER/pipeline.py', '--cfg-path', '/tmp/tmpnw8q43hr']
[2025-02-26T20:46:27.175+0000] {standard_task_runner.py:85} INFO - Job 402: Subtask store_raw_data_in_hdfs
[2025-02-26T20:46:27.243+0000] {task_command.py:415} INFO - Running <TaskInstance: yfinance_ingestion_dag.store_raw_data_in_hdfs scheduled__2025-02-13T00:00:00+00:00 [running]> on host 3c0faf52b292
[2025-02-26T20:46:27.347+0000] {taskinstance.py:1660} INFO - Exporting env vars: AIRFLOW_CTX_DAG_OWNER='etudiant' AIRFLOW_CTX_DAG_ID='yfinance_ingestion_dag' AIRFLOW_CTX_TASK_ID='store_raw_data_in_hdfs' AIRFLOW_CTX_EXECUTION_DATE='2025-02-13T00:00:00+00:00' AIRFLOW_CTX_TRY_NUMBER='1' AIRFLOW_CTX_DAG_RUN_ID='scheduled__2025-02-13T00:00:00+00:00'
[2025-02-26T20:46:38.278+0000] {python.py:194} INFO - Done. Returned value was: None
[2025-02-26T20:46:38.311+0000] {taskinstance.py:1400} INFO - Marking task as SUCCESS. dag_id=yfinance_ingestion_dag, task_id=store_raw_data_in_hdfs, execution_date=20250213T000000, start_date=20250226T204627, end_date=20250226T204638
[2025-02-26T20:46:38.764+0000] {local_task_job_runner.py:228} INFO - Task exited with return code 0
[2025-02-26T20:46:38.896+0000] {taskinstance.py:2784} INFO - 1 downstream tasks scheduled from follow-on schedule check
