[2025-02-25T09:48:44.428+0000] {taskinstance.py:1159} INFO - Dependencies all met for dep_context=non-requeueable deps ti=<TaskInstance: yfinance_ingestion_dag.store_raw_data_in_hdfs scheduled__2025-01-15T00:00:00+00:00 [queued]>
[2025-02-25T09:48:44.469+0000] {taskinstance.py:1159} INFO - Dependencies all met for dep_context=requeueable deps ti=<TaskInstance: yfinance_ingestion_dag.store_raw_data_in_hdfs scheduled__2025-01-15T00:00:00+00:00 [queued]>
[2025-02-25T09:48:44.476+0000] {taskinstance.py:1361} INFO - Starting attempt 1 of 2
[2025-02-25T09:48:44.657+0000] {taskinstance.py:1382} INFO - Executing <Task(PythonOperator): store_raw_data_in_hdfs> on 2025-01-15 00:00:00+00:00
[2025-02-25T09:48:44.678+0000] {standard_task_runner.py:57} INFO - Started process 339 to run task
[2025-02-25T09:48:44.693+0000] {standard_task_runner.py:84} INFO - Running: ['***', 'tasks', 'run', 'yfinance_ingestion_dag', 'store_raw_data_in_hdfs', 'scheduled__2025-01-15T00:00:00+00:00', '--job-id', '56', '--raw', '--subdir', 'DAGS_FOLDER/test_hello.py', '--cfg-path', '/tmp/tmpmyv_flev']
[2025-02-25T09:48:44.698+0000] {standard_task_runner.py:85} INFO - Job 56: Subtask store_raw_data_in_hdfs
[2025-02-25T09:48:45.122+0000] {task_command.py:415} INFO - Running <TaskInstance: yfinance_ingestion_dag.store_raw_data_in_hdfs scheduled__2025-01-15T00:00:00+00:00 [running]> on host 6dbd75e48aaa
[2025-02-25T09:48:45.641+0000] {taskinstance.py:1660} INFO - Exporting env vars: AIRFLOW_CTX_DAG_OWNER='etudiant' AIRFLOW_CTX_DAG_ID='yfinance_ingestion_dag' AIRFLOW_CTX_TASK_ID='store_raw_data_in_hdfs' AIRFLOW_CTX_EXECUTION_DATE='2025-01-15T00:00:00+00:00' AIRFLOW_CTX_TRY_NUMBER='1' AIRFLOW_CTX_DAG_RUN_ID='scheduled__2025-01-15T00:00:00+00:00'
[2025-02-25T09:49:37.791+0000] {python.py:194} INFO - Done. Returned value was: None
[2025-02-25T09:49:37.885+0000] {taskinstance.py:1400} INFO - Marking task as SUCCESS. dag_id=yfinance_ingestion_dag, task_id=store_raw_data_in_hdfs, execution_date=20250115T000000, start_date=20250225T094844, end_date=20250225T094937
[2025-02-25T09:49:38.174+0000] {local_task_job_runner.py:228} INFO - Task exited with return code 0
[2025-02-25T09:49:38.405+0000] {taskinstance.py:2784} INFO - 0 downstream tasks scheduled from follow-on schedule check
[2025-02-26T20:10:58.588+0000] {taskinstance.py:1159} INFO - Dependencies all met for dep_context=non-requeueable deps ti=<TaskInstance: yfinance_ingestion_dag.store_raw_data_in_hdfs scheduled__2025-01-15T00:00:00+00:00 [queued]>
[2025-02-26T20:10:58.607+0000] {taskinstance.py:1159} INFO - Dependencies all met for dep_context=requeueable deps ti=<TaskInstance: yfinance_ingestion_dag.store_raw_data_in_hdfs scheduled__2025-01-15T00:00:00+00:00 [queued]>
[2025-02-26T20:10:58.608+0000] {taskinstance.py:1361} INFO - Starting attempt 1 of 2
[2025-02-26T20:10:58.625+0000] {taskinstance.py:1382} INFO - Executing <Task(PythonOperator): store_raw_data_in_hdfs> on 2025-01-15 00:00:00+00:00
[2025-02-26T20:10:58.634+0000] {standard_task_runner.py:57} INFO - Started process 542 to run task
[2025-02-26T20:10:58.638+0000] {standard_task_runner.py:84} INFO - Running: ['***', 'tasks', 'run', 'yfinance_ingestion_dag', 'store_raw_data_in_hdfs', 'scheduled__2025-01-15T00:00:00+00:00', '--job-id', '66', '--raw', '--subdir', 'DAGS_FOLDER/pipeline.py', '--cfg-path', '/tmp/tmpcphl64fj']
[2025-02-26T20:10:58.643+0000] {standard_task_runner.py:85} INFO - Job 66: Subtask store_raw_data_in_hdfs
[2025-02-26T20:10:58.725+0000] {task_command.py:415} INFO - Running <TaskInstance: yfinance_ingestion_dag.store_raw_data_in_hdfs scheduled__2025-01-15T00:00:00+00:00 [running]> on host e304e68c626e
[2025-02-26T20:10:58.832+0000] {taskinstance.py:1660} INFO - Exporting env vars: AIRFLOW_CTX_DAG_OWNER='etudiant' AIRFLOW_CTX_DAG_ID='yfinance_ingestion_dag' AIRFLOW_CTX_TASK_ID='store_raw_data_in_hdfs' AIRFLOW_CTX_EXECUTION_DATE='2025-01-15T00:00:00+00:00' AIRFLOW_CTX_TRY_NUMBER='1' AIRFLOW_CTX_DAG_RUN_ID='scheduled__2025-01-15T00:00:00+00:00'
[2025-02-26T20:10:58.848+0000] {taskinstance.py:1943} ERROR - Task failed with exception
Traceback (most recent call last):
  File "/home/airflow/.local/lib/python3.8/site-packages/airflow/operators/python.py", line 192, in execute
    return_value = self.execute_callable()
  File "/home/airflow/.local/lib/python3.8/site-packages/airflow/operators/python.py", line 209, in execute_callable
    return self.python_callable(*self.op_args, **self.op_kwargs)
  File "/opt/airflow/dags/pipeline.py", line 84, in store_raw_data_in_hdfs
    with open(local_file, 'w') as f:
PermissionError: [Errno 13] Permission denied: '/mnt/hadoop_data/yfinance_raw.json'
[2025-02-26T20:10:58.862+0000] {taskinstance.py:1400} INFO - Marking task as UP_FOR_RETRY. dag_id=yfinance_ingestion_dag, task_id=store_raw_data_in_hdfs, execution_date=20250115T000000, start_date=20250226T201058, end_date=20250226T201058
[2025-02-26T20:10:58.884+0000] {standard_task_runner.py:104} ERROR - Failed to execute job 66 for task store_raw_data_in_hdfs ([Errno 13] Permission denied: '/mnt/hadoop_data/yfinance_raw.json'; 542)
[2025-02-26T20:10:58.934+0000] {local_task_job_runner.py:228} INFO - Task exited with return code 1
[2025-02-26T20:10:58.997+0000] {taskinstance.py:2784} INFO - 0 downstream tasks scheduled from follow-on schedule check
[2025-02-26T20:30:33.455+0000] {taskinstance.py:1159} INFO - Dependencies all met for dep_context=non-requeueable deps ti=<TaskInstance: yfinance_ingestion_dag.store_raw_data_in_hdfs scheduled__2025-01-15T00:00:00+00:00 [queued]>
[2025-02-26T20:30:33.487+0000] {taskinstance.py:1159} INFO - Dependencies all met for dep_context=requeueable deps ti=<TaskInstance: yfinance_ingestion_dag.store_raw_data_in_hdfs scheduled__2025-01-15T00:00:00+00:00 [queued]>
[2025-02-26T20:30:33.492+0000] {taskinstance.py:1361} INFO - Starting attempt 1 of 2
[2025-02-26T20:30:33.531+0000] {taskinstance.py:1382} INFO - Executing <Task(PythonOperator): store_raw_data_in_hdfs> on 2025-01-15 00:00:00+00:00
[2025-02-26T20:30:33.555+0000] {standard_task_runner.py:57} INFO - Started process 1827 to run task
[2025-02-26T20:30:33.567+0000] {standard_task_runner.py:84} INFO - Running: ['***', 'tasks', 'run', 'yfinance_ingestion_dag', 'store_raw_data_in_hdfs', 'scheduled__2025-01-15T00:00:00+00:00', '--job-id', '181', '--raw', '--subdir', 'DAGS_FOLDER/pipeline.py', '--cfg-path', '/tmp/tmp4ic5dh1v']
[2025-02-26T20:30:33.580+0000] {standard_task_runner.py:85} INFO - Job 181: Subtask store_raw_data_in_hdfs
[2025-02-26T20:30:33.919+0000] {task_command.py:415} INFO - Running <TaskInstance: yfinance_ingestion_dag.store_raw_data_in_hdfs scheduled__2025-01-15T00:00:00+00:00 [running]> on host c96a1011f5a3
[2025-02-26T20:30:34.378+0000] {taskinstance.py:1660} INFO - Exporting env vars: AIRFLOW_CTX_DAG_OWNER='etudiant' AIRFLOW_CTX_DAG_ID='yfinance_ingestion_dag' AIRFLOW_CTX_TASK_ID='store_raw_data_in_hdfs' AIRFLOW_CTX_EXECUTION_DATE='2025-01-15T00:00:00+00:00' AIRFLOW_CTX_TRY_NUMBER='1' AIRFLOW_CTX_DAG_RUN_ID='scheduled__2025-01-15T00:00:00+00:00'
[2025-02-26T20:31:04.781+0000] {python.py:194} INFO - Done. Returned value was: None
[2025-02-26T20:31:04.847+0000] {taskinstance.py:1400} INFO - Marking task as SUCCESS. dag_id=yfinance_ingestion_dag, task_id=store_raw_data_in_hdfs, execution_date=20250115T000000, start_date=20250226T203033, end_date=20250226T203104
[2025-02-26T20:31:05.306+0000] {local_task_job_runner.py:228} INFO - Task exited with return code 0
[2025-02-26T20:31:05.389+0000] {taskinstance.py:2784} INFO - 1 downstream tasks scheduled from follow-on schedule check
[2025-02-26T20:40:16.908+0000] {taskinstance.py:1159} INFO - Dependencies all met for dep_context=non-requeueable deps ti=<TaskInstance: yfinance_ingestion_dag.store_raw_data_in_hdfs scheduled__2025-01-15T00:00:00+00:00 [queued]>
[2025-02-26T20:40:16.946+0000] {taskinstance.py:1159} INFO - Dependencies all met for dep_context=requeueable deps ti=<TaskInstance: yfinance_ingestion_dag.store_raw_data_in_hdfs scheduled__2025-01-15T00:00:00+00:00 [queued]>
[2025-02-26T20:40:16.948+0000] {taskinstance.py:1361} INFO - Starting attempt 1 of 2
[2025-02-26T20:40:17.003+0000] {taskinstance.py:1382} INFO - Executing <Task(PythonOperator): store_raw_data_in_hdfs> on 2025-01-15 00:00:00+00:00
[2025-02-26T20:40:17.014+0000] {standard_task_runner.py:57} INFO - Started process 1308 to run task
[2025-02-26T20:40:17.026+0000] {standard_task_runner.py:84} INFO - Running: ['***', 'tasks', 'run', 'yfinance_ingestion_dag', 'store_raw_data_in_hdfs', 'scheduled__2025-01-15T00:00:00+00:00', '--job-id', '297', '--raw', '--subdir', 'DAGS_FOLDER/pipeline.py', '--cfg-path', '/tmp/tmpql9o8r99']
[2025-02-26T20:40:17.042+0000] {standard_task_runner.py:85} INFO - Job 297: Subtask store_raw_data_in_hdfs
[2025-02-26T20:40:17.420+0000] {task_command.py:415} INFO - Running <TaskInstance: yfinance_ingestion_dag.store_raw_data_in_hdfs scheduled__2025-01-15T00:00:00+00:00 [running]> on host 3c0faf52b292
[2025-02-26T20:40:17.756+0000] {taskinstance.py:1660} INFO - Exporting env vars: AIRFLOW_CTX_DAG_OWNER='etudiant' AIRFLOW_CTX_DAG_ID='yfinance_ingestion_dag' AIRFLOW_CTX_TASK_ID='store_raw_data_in_hdfs' AIRFLOW_CTX_EXECUTION_DATE='2025-01-15T00:00:00+00:00' AIRFLOW_CTX_TRY_NUMBER='1' AIRFLOW_CTX_DAG_RUN_ID='scheduled__2025-01-15T00:00:00+00:00'
[2025-02-26T20:40:55.061+0000] {python.py:194} INFO - Done. Returned value was: None
[2025-02-26T20:40:55.110+0000] {taskinstance.py:1400} INFO - Marking task as SUCCESS. dag_id=yfinance_ingestion_dag, task_id=store_raw_data_in_hdfs, execution_date=20250115T000000, start_date=20250226T204016, end_date=20250226T204055
[2025-02-26T20:40:55.221+0000] {local_task_job_runner.py:228} INFO - Task exited with return code 0
[2025-02-26T20:40:55.598+0000] {taskinstance.py:2784} INFO - 0 downstream tasks scheduled from follow-on schedule check
[2025-02-27T14:55:21.343+0000] {taskinstance.py:1157} INFO - Dependencies all met for dep_context=non-requeueable deps ti=<TaskInstance: yfinance_ingestion_dag.store_raw_data_in_hdfs scheduled__2025-01-15T00:00:00+00:00 [queued]>
[2025-02-27T14:55:21.366+0000] {taskinstance.py:1157} INFO - Dependencies all met for dep_context=requeueable deps ti=<TaskInstance: yfinance_ingestion_dag.store_raw_data_in_hdfs scheduled__2025-01-15T00:00:00+00:00 [queued]>
[2025-02-27T14:55:21.368+0000] {taskinstance.py:1359} INFO - Starting attempt 1 of 1
[2025-02-27T14:55:21.403+0000] {taskinstance.py:1380} INFO - Executing <Task(PythonOperator): store_raw_data_in_hdfs> on 2025-01-15 00:00:00+00:00
[2025-02-27T14:55:21.413+0000] {standard_task_runner.py:57} INFO - Started process 278 to run task
[2025-02-27T14:55:21.419+0000] {standard_task_runner.py:84} INFO - Running: ['***', 'tasks', 'run', 'yfinance_ingestion_dag', 'store_raw_data_in_hdfs', 'scheduled__2025-01-15T00:00:00+00:00', '--job-id', '35', '--raw', '--subdir', 'DAGS_FOLDER/pipeline.py', '--cfg-path', '/tmp/tmpozhcfn3c']
[2025-02-27T14:55:21.425+0000] {standard_task_runner.py:85} INFO - Job 35: Subtask store_raw_data_in_hdfs
[2025-02-27T14:55:21.520+0000] {task_command.py:415} INFO - Running <TaskInstance: yfinance_ingestion_dag.store_raw_data_in_hdfs scheduled__2025-01-15T00:00:00+00:00 [running]> on host a71f042480b6
[2025-02-27T14:55:21.763+0000] {taskinstance.py:1660} INFO - Exporting env vars: AIRFLOW_CTX_DAG_OWNER='etudiant' AIRFLOW_CTX_DAG_ID='yfinance_ingestion_dag' AIRFLOW_CTX_TASK_ID='store_raw_data_in_hdfs' AIRFLOW_CTX_EXECUTION_DATE='2025-01-15T00:00:00+00:00' AIRFLOW_CTX_TRY_NUMBER='1' AIRFLOW_CTX_DAG_RUN_ID='scheduled__2025-01-15T00:00:00+00:00'
[2025-02-27T14:55:21.787+0000] {taskinstance.py:1935} ERROR - Task failed with exception
Traceback (most recent call last):
  File "/home/airflow/.local/lib/python3.8/site-packages/airflow/operators/python.py", line 192, in execute
    return_value = self.execute_callable()
  File "/home/airflow/.local/lib/python3.8/site-packages/airflow/operators/python.py", line 209, in execute_callable
    return self.python_callable(*self.op_args, **self.op_kwargs)
  File "/opt/airflow/dags/pipeline.py", line 82, in store_raw_data_in_hdfs
    with open(local_file, 'w') as f:
PermissionError: [Errno 13] Permission denied: '/mnt/hadoop_data/yfinance_raw.json'
[2025-02-27T14:55:21.805+0000] {taskinstance.py:1398} INFO - Marking task as FAILED. dag_id=yfinance_ingestion_dag, task_id=store_raw_data_in_hdfs, execution_date=20250115T000000, start_date=20250227T145521, end_date=20250227T145521
[2025-02-27T14:55:21.826+0000] {standard_task_runner.py:104} ERROR - Failed to execute job 35 for task store_raw_data_in_hdfs ([Errno 13] Permission denied: '/mnt/hadoop_data/yfinance_raw.json'; 278)
[2025-02-27T14:55:21.844+0000] {local_task_job_runner.py:228} INFO - Task exited with return code 1
[2025-02-27T14:55:21.873+0000] {taskinstance.py:2776} INFO - 0 downstream tasks scheduled from follow-on schedule check
