[2025-02-26T20:45:32.877+0000] {taskinstance.py:1159} INFO - Dependencies all met for dep_context=non-requeueable deps ti=<TaskInstance: yfinance_ingestion_dag.run_mapreduce scheduled__2025-02-09T00:00:00+00:00 [queued]>
[2025-02-26T20:45:32.900+0000] {taskinstance.py:1159} INFO - Dependencies all met for dep_context=requeueable deps ti=<TaskInstance: yfinance_ingestion_dag.run_mapreduce scheduled__2025-02-09T00:00:00+00:00 [queued]>
[2025-02-26T20:45:32.901+0000] {taskinstance.py:1361} INFO - Starting attempt 1 of 2
[2025-02-26T20:45:32.929+0000] {taskinstance.py:1382} INFO - Executing <Task(BashOperator): run_mapreduce> on 2025-02-09 00:00:00+00:00
[2025-02-26T20:45:32.939+0000] {standard_task_runner.py:57} INFO - Started process 2628 to run task
[2025-02-26T20:45:32.948+0000] {standard_task_runner.py:84} INFO - Running: ['***', 'tasks', 'run', 'yfinance_ingestion_dag', 'run_mapreduce', 'scheduled__2025-02-09T00:00:00+00:00', '--job-id', '385', '--raw', '--subdir', 'DAGS_FOLDER/pipeline.py', '--cfg-path', '/tmp/tmp2rd1mmv1']
[2025-02-26T20:45:32.954+0000] {standard_task_runner.py:85} INFO - Job 385: Subtask run_mapreduce
[2025-02-26T20:45:33.047+0000] {task_command.py:415} INFO - Running <TaskInstance: yfinance_ingestion_dag.run_mapreduce scheduled__2025-02-09T00:00:00+00:00 [running]> on host 3c0faf52b292
[2025-02-26T20:45:33.191+0000] {taskinstance.py:1660} INFO - Exporting env vars: AIRFLOW_CTX_DAG_OWNER='etudiant' AIRFLOW_CTX_DAG_ID='yfinance_ingestion_dag' AIRFLOW_CTX_TASK_ID='run_mapreduce' AIRFLOW_CTX_EXECUTION_DATE='2025-02-09T00:00:00+00:00' AIRFLOW_CTX_TRY_NUMBER='1' AIRFLOW_CTX_DAG_RUN_ID='scheduled__2025-02-09T00:00:00+00:00'
[2025-02-26T20:45:33.194+0000] {subprocess.py:63} INFO - Tmp dir root location: /tmp
[2025-02-26T20:45:33.196+0000] {subprocess.py:75} INFO - Running command: ['/bin/bash', '-c', '\n        docker exec -i -u root namenode bash -c \'         cd /tmp &&         cp /mnt/hadoop_data/mapreduce/mapper.py . &&         cp /mnt/hadoop_data/mapreduce/reducer.py . &&         chmod +x mapper.py reducer.py &&         hdfs dfs -rm -r hdfs:///user/etudiant/crypto/processed/YYYY=2025/MM=02/DD=09 || true &&         hadoop jar /opt/hadoop-3.2.1/share/hadoop/tools/lib/hadoop-streaming-3.2.1.jar         -files mapper.py,reducer.py         -mapper "python mapper.py"         -reducer "python reducer.py"         -input hdfs:///user/etudiant/crypto/raw/YYYY=2025/MM=02/DD=09/yfinance_raw.json         -output hdfs:///user/etudiant/crypto/processed/YYYY=2025/MM=02/DD=09\'\n        ']
[2025-02-26T20:45:33.213+0000] {subprocess.py:86} INFO - Output:
[2025-02-26T20:45:36.091+0000] {subprocess.py:93} INFO - rm: `hdfs:///user/etudiant/crypto/processed/YYYY=2025/MM=02/DD=09': No such file or directory
[2025-02-26T20:45:40.498+0000] {subprocess.py:93} INFO - 2025-02-26 20:45:40,495 INFO impl.MetricsConfig: Loaded properties from hadoop-metrics2.properties
[2025-02-26T20:45:40.615+0000] {subprocess.py:93} INFO - 2025-02-26 20:45:40,613 INFO impl.MetricsSystemImpl: Scheduled Metric snapshot period at 10 second(s).
[2025-02-26T20:45:40.616+0000] {subprocess.py:93} INFO - 2025-02-26 20:45:40,613 INFO impl.MetricsSystemImpl: JobTracker metrics system started
[2025-02-26T20:45:40.641+0000] {subprocess.py:93} INFO - 2025-02-26 20:45:40,640 WARN impl.MetricsSystemImpl: JobTracker metrics system already initialized!
[2025-02-26T20:45:41.133+0000] {subprocess.py:93} INFO - 2025-02-26 20:45:41,131 INFO mapred.FileInputFormat: Total input files to process : 1
[2025-02-26T20:45:41.218+0000] {subprocess.py:93} INFO - 2025-02-26 20:45:41,216 INFO mapreduce.JobSubmitter: number of splits:1
[2025-02-26T20:45:41.397+0000] {subprocess.py:93} INFO - 2025-02-26 20:45:41,394 INFO mapreduce.JobSubmitter: Submitting tokens for job: job_local611597448_0001
[2025-02-26T20:45:41.398+0000] {subprocess.py:93} INFO - 2025-02-26 20:45:41,394 INFO mapreduce.JobSubmitter: Executing with tokens: []
[2025-02-26T20:45:41.736+0000] {subprocess.py:93} INFO - 2025-02-26 20:45:41,726 INFO mapred.LocalDistributedCacheManager: Localized file:/tmp/mapper.py as file:/tmp/hadoop-root/mapred/local/job_local611597448_0001_1c02ca90-3864-44e8-812a-909cd8d4e7e3/mapper.py
[2025-02-26T20:45:41.760+0000] {subprocess.py:93} INFO - 2025-02-26 20:45:41,757 INFO mapred.LocalDistributedCacheManager: Localized file:/tmp/reducer.py as file:/tmp/hadoop-root/mapred/local/job_local611597448_0001_25ba3c63-63f6-4e19-a5ca-f0e0802d60ec/reducer.py
[2025-02-26T20:45:41.846+0000] {subprocess.py:93} INFO - 2025-02-26 20:45:41,844 INFO mapreduce.Job: The url to track the job: http://localhost:8080/
[2025-02-26T20:45:41.851+0000] {subprocess.py:93} INFO - 2025-02-26 20:45:41,846 INFO mapred.LocalJobRunner: OutputCommitter set in config null
[2025-02-26T20:45:41.854+0000] {subprocess.py:93} INFO - 2025-02-26 20:45:41,847 INFO mapreduce.Job: Running job: job_local611597448_0001
[2025-02-26T20:45:41.859+0000] {subprocess.py:93} INFO - 2025-02-26 20:45:41,850 INFO mapred.LocalJobRunner: OutputCommitter is org.apache.hadoop.mapred.FileOutputCommitter
[2025-02-26T20:45:41.865+0000] {subprocess.py:93} INFO - 2025-02-26 20:45:41,863 INFO output.FileOutputCommitter: File Output Committer Algorithm version is 2
[2025-02-26T20:45:41.866+0000] {subprocess.py:93} INFO - 2025-02-26 20:45:41,863 INFO output.FileOutputCommitter: FileOutputCommitter skip cleanup _temporary folders under output directory:false, ignore cleanup failures: false
[2025-02-26T20:45:41.939+0000] {subprocess.py:93} INFO - 2025-02-26 20:45:41,936 INFO mapred.LocalJobRunner: Waiting for map tasks
[2025-02-26T20:45:41.949+0000] {subprocess.py:93} INFO - 2025-02-26 20:45:41,947 INFO mapred.LocalJobRunner: Starting task: attempt_local611597448_0001_m_000000_0
[2025-02-26T20:45:42.023+0000] {subprocess.py:93} INFO - 2025-02-26 20:45:42,011 INFO output.FileOutputCommitter: File Output Committer Algorithm version is 2
[2025-02-26T20:45:42.025+0000] {subprocess.py:93} INFO - 2025-02-26 20:45:42,013 INFO output.FileOutputCommitter: FileOutputCommitter skip cleanup _temporary folders under output directory:false, ignore cleanup failures: false
[2025-02-26T20:45:42.046+0000] {subprocess.py:93} INFO - 2025-02-26 20:45:42,044 INFO mapred.Task:  Using ResourceCalculatorProcessTree : [ ]
[2025-02-26T20:45:42.059+0000] {subprocess.py:93} INFO - 2025-02-26 20:45:42,056 INFO mapred.MapTask: Processing split: hdfs://namenode:9000/user/etudiant/crypto/raw/YYYY=2025/MM=02/DD=09/yfinance_raw.json:0+19761
[2025-02-26T20:45:42.090+0000] {subprocess.py:93} INFO - 2025-02-26 20:45:42,088 INFO mapred.MapTask: numReduceTasks: 1
[2025-02-26T20:45:42.136+0000] {subprocess.py:93} INFO - 2025-02-26 20:45:42,134 INFO mapred.MapTask: (EQUATOR) 0 kvi 26214396(104857584)
[2025-02-26T20:45:42.138+0000] {subprocess.py:93} INFO - 2025-02-26 20:45:42,135 INFO mapred.MapTask: mapreduce.task.io.sort.mb: 100
[2025-02-26T20:45:42.138+0000] {subprocess.py:93} INFO - 2025-02-26 20:45:42,135 INFO mapred.MapTask: soft limit at 83886080
[2025-02-26T20:45:42.139+0000] {subprocess.py:93} INFO - 2025-02-26 20:45:42,135 INFO mapred.MapTask: bufstart = 0; bufvoid = 104857600
[2025-02-26T20:45:42.140+0000] {subprocess.py:93} INFO - 2025-02-26 20:45:42,135 INFO mapred.MapTask: kvstart = 26214396; length = 6553600
[2025-02-26T20:45:42.141+0000] {subprocess.py:93} INFO - 2025-02-26 20:45:42,139 INFO mapred.MapTask: Map output collector class = org.apache.hadoop.mapred.MapTask$MapOutputBuffer
[2025-02-26T20:45:42.151+0000] {subprocess.py:93} INFO - 2025-02-26 20:45:42,149 INFO streaming.PipeMapRed: PipeMapRed exec [/usr/bin/python, mapper.py]
[2025-02-26T20:45:42.191+0000] {subprocess.py:93} INFO - 2025-02-26 20:45:42,176 INFO Configuration.deprecation: mapred.work.output.dir is deprecated. Instead, use mapreduce.task.output.dir
[2025-02-26T20:45:42.193+0000] {subprocess.py:93} INFO - 2025-02-26 20:45:42,176 INFO Configuration.deprecation: map.input.start is deprecated. Instead, use mapreduce.map.input.start
[2025-02-26T20:45:42.194+0000] {subprocess.py:93} INFO - 2025-02-26 20:45:42,177 INFO Configuration.deprecation: mapred.task.is.map is deprecated. Instead, use mapreduce.task.ismap
[2025-02-26T20:45:42.195+0000] {subprocess.py:93} INFO - 2025-02-26 20:45:42,177 INFO Configuration.deprecation: mapred.task.id is deprecated. Instead, use mapreduce.task.attempt.id
[2025-02-26T20:45:42.197+0000] {subprocess.py:93} INFO - 2025-02-26 20:45:42,177 INFO Configuration.deprecation: mapred.tip.id is deprecated. Instead, use mapreduce.task.id
[2025-02-26T20:45:42.197+0000] {subprocess.py:93} INFO - 2025-02-26 20:45:42,178 INFO Configuration.deprecation: mapred.local.dir is deprecated. Instead, use mapreduce.cluster.local.dir
[2025-02-26T20:45:42.198+0000] {subprocess.py:93} INFO - 2025-02-26 20:45:42,178 INFO Configuration.deprecation: map.input.file is deprecated. Instead, use mapreduce.map.input.file
[2025-02-26T20:45:42.199+0000] {subprocess.py:93} INFO - 2025-02-26 20:45:42,178 INFO Configuration.deprecation: mapred.skip.on is deprecated. Instead, use mapreduce.job.skiprecords
[2025-02-26T20:45:42.199+0000] {subprocess.py:93} INFO - 2025-02-26 20:45:42,178 INFO Configuration.deprecation: map.input.length is deprecated. Instead, use mapreduce.map.input.length
[2025-02-26T20:45:42.200+0000] {subprocess.py:93} INFO - 2025-02-26 20:45:42,179 INFO Configuration.deprecation: mapred.job.id is deprecated. Instead, use mapreduce.job.id
[2025-02-26T20:45:42.201+0000] {subprocess.py:93} INFO - 2025-02-26 20:45:42,179 INFO Configuration.deprecation: user.name is deprecated. Instead, use mapreduce.job.user.name
[2025-02-26T20:45:42.201+0000] {subprocess.py:93} INFO - 2025-02-26 20:45:42,180 INFO Configuration.deprecation: mapred.task.partition is deprecated. Instead, use mapreduce.task.partition
[2025-02-26T20:45:42.255+0000] {subprocess.py:93} INFO - 2025-02-26 20:45:42,254 INFO sasl.SaslDataTransferClient: SASL encryption trust check: localHostTrusted = false, remoteHostTrusted = false
[2025-02-26T20:45:42.391+0000] {subprocess.py:93} INFO - 2025-02-26 20:45:42,390 INFO streaming.PipeMapRed: R/W/S=1/0/0 in:NA [rec/s] out:NA [rec/s]
[2025-02-26T20:45:42.393+0000] {subprocess.py:93} INFO - 2025-02-26 20:45:42,390 INFO streaming.PipeMapRed: R/W/S=10/0/0 in:NA [rec/s] out:NA [rec/s]
[2025-02-26T20:45:42.394+0000] {subprocess.py:93} INFO - 2025-02-26 20:45:42,391 INFO streaming.PipeMapRed: R/W/S=100/0/0 in:NA [rec/s] out:NA [rec/s]
[2025-02-26T20:45:42.412+0000] {subprocess.py:93} INFO - 2025-02-26 20:45:42,409 INFO streaming.PipeMapRed: MRErrorThread done
[2025-02-26T20:45:42.413+0000] {subprocess.py:93} INFO - 2025-02-26 20:45:42,410 INFO streaming.PipeMapRed: mapRedFinished
[2025-02-26T20:45:42.416+0000] {subprocess.py:93} INFO - 2025-02-26 20:45:42,415 INFO mapred.LocalJobRunner:
[2025-02-26T20:45:42.417+0000] {subprocess.py:93} INFO - 2025-02-26 20:45:42,415 INFO mapred.MapTask: Starting flush of map output
[2025-02-26T20:45:42.444+0000] {subprocess.py:93} INFO - 2025-02-26 20:45:42,442 INFO mapred.Task: Task:attempt_local611597448_0001_m_000000_0 is done. And is in the process of committing
[2025-02-26T20:45:42.452+0000] {subprocess.py:93} INFO - 2025-02-26 20:45:42,450 INFO mapred.LocalJobRunner: hdfs://namenode:9000/user/etudiant/crypto/raw/YYYY=2025/MM=02/DD=09/yfinance_raw.json:0+19761
[2025-02-26T20:45:42.453+0000] {subprocess.py:93} INFO - 2025-02-26 20:45:42,451 INFO mapred.Task: Task 'attempt_local611597448_0001_m_000000_0' done.
[2025-02-26T20:45:42.463+0000] {subprocess.py:93} INFO - 2025-02-26 20:45:42,462 INFO mapred.Task: Final Counters for attempt_local611597448_0001_m_000000_0: Counters: 23
[2025-02-26T20:45:42.465+0000] {subprocess.py:93} INFO - 	File System Counters
[2025-02-26T20:45:42.465+0000] {subprocess.py:93} INFO - 		FILE: Number of bytes read=180665
[2025-02-26T20:45:42.466+0000] {subprocess.py:93} INFO - 		FILE: Number of bytes written=709713
[2025-02-26T20:45:42.467+0000] {subprocess.py:93} INFO - 		FILE: Number of read operations=0
[2025-02-26T20:45:42.467+0000] {subprocess.py:93} INFO - 		FILE: Number of large read operations=0
[2025-02-26T20:45:42.468+0000] {subprocess.py:93} INFO - 		FILE: Number of write operations=0
[2025-02-26T20:45:42.469+0000] {subprocess.py:93} INFO - 		HDFS: Number of bytes read=19761
[2025-02-26T20:45:42.470+0000] {subprocess.py:93} INFO - 		HDFS: Number of bytes written=0
[2025-02-26T20:45:42.471+0000] {subprocess.py:93} INFO - 		HDFS: Number of read operations=5
[2025-02-26T20:45:42.472+0000] {subprocess.py:93} INFO - 		HDFS: Number of large read operations=0
[2025-02-26T20:45:42.477+0000] {subprocess.py:93} INFO - 		HDFS: Number of write operations=1
[2025-02-26T20:45:42.477+0000] {subprocess.py:93} INFO - 		HDFS: Number of bytes read erasure-coded=0
[2025-02-26T20:45:42.478+0000] {subprocess.py:93} INFO - 	Map-Reduce Framework
[2025-02-26T20:45:42.481+0000] {subprocess.py:93} INFO - 		Map input records=677
[2025-02-26T20:45:42.481+0000] {subprocess.py:93} INFO - 		Map output records=0
[2025-02-26T20:45:42.481+0000] {subprocess.py:93} INFO - 		Map output bytes=0
[2025-02-26T20:45:42.482+0000] {subprocess.py:93} INFO - 		Map output materialized bytes=6
[2025-02-26T20:45:42.483+0000] {subprocess.py:93} INFO - 		Input split bytes=137
[2025-02-26T20:45:42.483+0000] {subprocess.py:93} INFO - 		Combine input records=0
[2025-02-26T20:45:42.483+0000] {subprocess.py:93} INFO - 		Spilled Records=0
[2025-02-26T20:45:42.484+0000] {subprocess.py:93} INFO - 		Failed Shuffles=0
[2025-02-26T20:45:42.484+0000] {subprocess.py:93} INFO - 		Merged Map outputs=0
[2025-02-26T20:45:42.484+0000] {subprocess.py:93} INFO - 		GC time elapsed (ms)=0
[2025-02-26T20:45:42.485+0000] {subprocess.py:93} INFO - 		Total committed heap usage (bytes)=277348352
[2025-02-26T20:45:42.486+0000] {subprocess.py:93} INFO - 	File Input Format Counters
[2025-02-26T20:45:42.486+0000] {subprocess.py:93} INFO - 		Bytes Read=19761
[2025-02-26T20:45:42.488+0000] {subprocess.py:93} INFO - 2025-02-26 20:45:42,462 INFO mapred.LocalJobRunner: Finishing task: attempt_local611597448_0001_m_000000_0
[2025-02-26T20:45:42.488+0000] {subprocess.py:93} INFO - 2025-02-26 20:45:42,463 INFO mapred.LocalJobRunner: map task executor complete.
[2025-02-26T20:45:42.489+0000] {subprocess.py:93} INFO - 2025-02-26 20:45:42,468 INFO mapred.LocalJobRunner: Waiting for reduce tasks
[2025-02-26T20:45:42.491+0000] {subprocess.py:93} INFO - 2025-02-26 20:45:42,490 INFO mapred.LocalJobRunner: Starting task: attempt_local611597448_0001_r_000000_0
[2025-02-26T20:45:42.524+0000] {subprocess.py:93} INFO - 2025-02-26 20:45:42,523 INFO output.FileOutputCommitter: File Output Committer Algorithm version is 2
[2025-02-26T20:45:42.525+0000] {subprocess.py:93} INFO - 2025-02-26 20:45:42,523 INFO output.FileOutputCommitter: FileOutputCommitter skip cleanup _temporary folders under output directory:false, ignore cleanup failures: false
[2025-02-26T20:45:42.528+0000] {subprocess.py:93} INFO - 2025-02-26 20:45:42,526 INFO mapred.Task:  Using ResourceCalculatorProcessTree : [ ]
[2025-02-26T20:45:42.534+0000] {subprocess.py:93} INFO - 2025-02-26 20:45:42,531 INFO mapred.ReduceTask: Using ShuffleConsumerPlugin: org.apache.hadoop.mapreduce.task.reduce.Shuffle@3fa0a040
[2025-02-26T20:45:42.537+0000] {subprocess.py:93} INFO - 2025-02-26 20:45:42,534 WARN impl.MetricsSystemImpl: JobTracker metrics system already initialized!
[2025-02-26T20:45:42.561+0000] {subprocess.py:93} INFO - 2025-02-26 20:45:42,560 INFO reduce.MergeManagerImpl: MergerManager: memoryLimit=668309888, maxSingleShuffleLimit=167077472, mergeThreshold=441084544, ioSortFactor=10, memToMemMergeOutputsThreshold=10
[2025-02-26T20:45:42.566+0000] {subprocess.py:93} INFO - 2025-02-26 20:45:42,564 INFO reduce.EventFetcher: attempt_local611597448_0001_r_000000_0 Thread started: EventFetcher for fetching Map Completion Events
[2025-02-26T20:45:42.597+0000] {subprocess.py:93} INFO - 2025-02-26 20:45:42,596 INFO reduce.LocalFetcher: localfetcher#1 about to shuffle output of map attempt_local611597448_0001_m_000000_0 decomp: 2 len: 6 to MEMORY
[2025-02-26T20:45:42.603+0000] {subprocess.py:93} INFO - 2025-02-26 20:45:42,602 INFO reduce.InMemoryMapOutput: Read 2 bytes from map-output for attempt_local611597448_0001_m_000000_0
[2025-02-26T20:45:42.607+0000] {subprocess.py:93} INFO - 2025-02-26 20:45:42,605 INFO reduce.MergeManagerImpl: closeInMemoryFile -> map-output of size: 2, inMemoryMapOutputs.size() -> 1, commitMemory -> 0, usedMemory ->2
[2025-02-26T20:45:42.610+0000] {subprocess.py:93} INFO - 2025-02-26 20:45:42,608 INFO reduce.EventFetcher: EventFetcher is interrupted.. Returning
[2025-02-26T20:45:42.611+0000] {subprocess.py:93} INFO - 2025-02-26 20:45:42,610 INFO mapred.LocalJobRunner: 1 / 1 copied.
[2025-02-26T20:45:42.612+0000] {subprocess.py:93} INFO - 2025-02-26 20:45:42,611 INFO reduce.MergeManagerImpl: finalMerge called with 1 in-memory map-outputs and 0 on-disk map-outputs
[2025-02-26T20:45:42.622+0000] {subprocess.py:93} INFO - 2025-02-26 20:45:42,621 INFO mapred.Merger: Merging 1 sorted segments
[2025-02-26T20:45:42.623+0000] {subprocess.py:93} INFO - 2025-02-26 20:45:42,621 INFO mapred.Merger: Down to the last merge-pass, with 0 segments left of total size: 0 bytes
[2025-02-26T20:45:42.624+0000] {subprocess.py:93} INFO - 2025-02-26 20:45:42,622 INFO reduce.MergeManagerImpl: Merged 1 segments, 2 bytes to disk to satisfy reduce memory limit
[2025-02-26T20:45:42.624+0000] {subprocess.py:93} INFO - 2025-02-26 20:45:42,623 INFO reduce.MergeManagerImpl: Merging 1 files, 6 bytes from disk
[2025-02-26T20:45:42.626+0000] {subprocess.py:93} INFO - 2025-02-26 20:45:42,624 INFO reduce.MergeManagerImpl: Merging 0 segments, 0 bytes from memory into reduce
[2025-02-26T20:45:42.627+0000] {subprocess.py:93} INFO - 2025-02-26 20:45:42,625 INFO mapred.Merger: Merging 1 sorted segments
[2025-02-26T20:45:42.628+0000] {subprocess.py:93} INFO - 2025-02-26 20:45:42,626 INFO mapred.Merger: Down to the last merge-pass, with 0 segments left of total size: 0 bytes
[2025-02-26T20:45:42.628+0000] {subprocess.py:93} INFO - 2025-02-26 20:45:42,627 INFO mapred.LocalJobRunner: 1 / 1 copied.
[2025-02-26T20:45:42.634+0000] {subprocess.py:93} INFO - 2025-02-26 20:45:42,632 INFO streaming.PipeMapRed: PipeMapRed exec [/usr/bin/python, reducer.py]
[2025-02-26T20:45:42.636+0000] {subprocess.py:93} INFO - 2025-02-26 20:45:42,634 INFO Configuration.deprecation: mapred.job.tracker is deprecated. Instead, use mapreduce.jobtracker.address
[2025-02-26T20:45:42.637+0000] {subprocess.py:93} INFO - 2025-02-26 20:45:42,635 INFO Configuration.deprecation: mapred.map.tasks is deprecated. Instead, use mapreduce.job.maps
[2025-02-26T20:45:42.683+0000] {subprocess.py:93} INFO - 2025-02-26 20:45:42,681 INFO streaming.PipeMapRed: MRErrorThread done
[2025-02-26T20:45:42.684+0000] {subprocess.py:93} INFO - 2025-02-26 20:45:42,682 INFO streaming.PipeMapRed: mapRedFinished
[2025-02-26T20:45:42.694+0000] {subprocess.py:93} INFO - 2025-02-26 20:45:42,693 INFO mapred.Task: Task:attempt_local611597448_0001_r_000000_0 is done. And is in the process of committing
[2025-02-26T20:45:42.698+0000] {subprocess.py:93} INFO - 2025-02-26 20:45:42,696 INFO mapred.LocalJobRunner: 1 / 1 copied.
[2025-02-26T20:45:42.699+0000] {subprocess.py:93} INFO - 2025-02-26 20:45:42,696 INFO mapred.Task: Task attempt_local611597448_0001_r_000000_0 is allowed to commit now
[2025-02-26T20:45:42.718+0000] {subprocess.py:93} INFO - 2025-02-26 20:45:42,716 INFO output.FileOutputCommitter: Saved output of task 'attempt_local611597448_0001_r_000000_0' to hdfs://namenode:9000/user/etudiant/crypto/processed/YYYY=2025/MM=02/DD=09
[2025-02-26T20:45:42.720+0000] {subprocess.py:93} INFO - 2025-02-26 20:45:42,718 INFO mapred.LocalJobRunner: reduce > reduce
[2025-02-26T20:45:42.721+0000] {subprocess.py:93} INFO - 2025-02-26 20:45:42,718 INFO mapred.Task: Task 'attempt_local611597448_0001_r_000000_0' done.
[2025-02-26T20:45:42.722+0000] {subprocess.py:93} INFO - 2025-02-26 20:45:42,720 INFO mapred.Task: Final Counters for attempt_local611597448_0001_r_000000_0: Counters: 30
[2025-02-26T20:45:42.723+0000] {subprocess.py:93} INFO - 	File System Counters
[2025-02-26T20:45:42.724+0000] {subprocess.py:93} INFO - 		FILE: Number of bytes read=180709
[2025-02-26T20:45:42.724+0000] {subprocess.py:93} INFO - 		FILE: Number of bytes written=709719
[2025-02-26T20:45:42.725+0000] {subprocess.py:93} INFO - 		FILE: Number of read operations=0
[2025-02-26T20:45:42.725+0000] {subprocess.py:93} INFO - 		FILE: Number of large read operations=0
[2025-02-26T20:45:42.726+0000] {subprocess.py:93} INFO - 		FILE: Number of write operations=0
[2025-02-26T20:45:42.727+0000] {subprocess.py:93} INFO - 		HDFS: Number of bytes read=19761
[2025-02-26T20:45:42.727+0000] {subprocess.py:93} INFO - 		HDFS: Number of bytes written=0
[2025-02-26T20:45:42.728+0000] {subprocess.py:93} INFO - 		HDFS: Number of read operations=10
[2025-02-26T20:45:42.729+0000] {subprocess.py:93} INFO - 		HDFS: Number of large read operations=0
[2025-02-26T20:45:42.731+0000] {subprocess.py:93} INFO - 		HDFS: Number of write operations=3
[2025-02-26T20:45:42.732+0000] {subprocess.py:93} INFO - 		HDFS: Number of bytes read erasure-coded=0
[2025-02-26T20:45:42.733+0000] {subprocess.py:93} INFO - 	Map-Reduce Framework
[2025-02-26T20:45:42.734+0000] {subprocess.py:93} INFO - 		Combine input records=0
[2025-02-26T20:45:42.734+0000] {subprocess.py:93} INFO - 		Combine output records=0
[2025-02-26T20:45:42.735+0000] {subprocess.py:93} INFO - 		Reduce input groups=0
[2025-02-26T20:45:42.735+0000] {subprocess.py:93} INFO - 		Reduce shuffle bytes=6
[2025-02-26T20:45:42.736+0000] {subprocess.py:93} INFO - 		Reduce input records=0
[2025-02-26T20:45:42.736+0000] {subprocess.py:93} INFO - 		Reduce output records=0
[2025-02-26T20:45:42.737+0000] {subprocess.py:93} INFO - 		Spilled Records=0
[2025-02-26T20:45:42.737+0000] {subprocess.py:93} INFO - 		Shuffled Maps =1
[2025-02-26T20:45:42.738+0000] {subprocess.py:93} INFO - 		Failed Shuffles=0
[2025-02-26T20:45:42.739+0000] {subprocess.py:93} INFO - 		Merged Map outputs=1
[2025-02-26T20:45:42.739+0000] {subprocess.py:93} INFO - 		GC time elapsed (ms)=0
[2025-02-26T20:45:42.740+0000] {subprocess.py:93} INFO - 		Total committed heap usage (bytes)=278396928
[2025-02-26T20:45:42.740+0000] {subprocess.py:93} INFO - 	Shuffle Errors
[2025-02-26T20:45:42.741+0000] {subprocess.py:93} INFO - 		BAD_ID=0
[2025-02-26T20:45:42.741+0000] {subprocess.py:93} INFO - 		CONNECTION=0
[2025-02-26T20:45:42.742+0000] {subprocess.py:93} INFO - 		IO_ERROR=0
[2025-02-26T20:45:42.742+0000] {subprocess.py:93} INFO - 		WRONG_LENGTH=0
[2025-02-26T20:45:42.743+0000] {subprocess.py:93} INFO - 		WRONG_MAP=0
[2025-02-26T20:45:42.743+0000] {subprocess.py:93} INFO - 		WRONG_REDUCE=0
[2025-02-26T20:45:42.744+0000] {subprocess.py:93} INFO - 	File Output Format Counters
[2025-02-26T20:45:42.744+0000] {subprocess.py:93} INFO - 		Bytes Written=0
[2025-02-26T20:45:42.745+0000] {subprocess.py:93} INFO - 2025-02-26 20:45:42,720 INFO mapred.LocalJobRunner: Finishing task: attempt_local611597448_0001_r_000000_0
[2025-02-26T20:45:42.746+0000] {subprocess.py:93} INFO - 2025-02-26 20:45:42,720 INFO mapred.LocalJobRunner: reduce task executor complete.
[2025-02-26T20:45:42.868+0000] {subprocess.py:93} INFO - 2025-02-26 20:45:42,865 INFO mapreduce.Job: Job job_local611597448_0001 running in uber mode : false
[2025-02-26T20:45:42.869+0000] {subprocess.py:93} INFO - 2025-02-26 20:45:42,866 INFO mapreduce.Job:  map 100% reduce 100%
[2025-02-26T20:45:42.870+0000] {subprocess.py:93} INFO - 2025-02-26 20:45:42,868 INFO mapreduce.Job: Job job_local611597448_0001 completed successfully
[2025-02-26T20:45:42.884+0000] {subprocess.py:93} INFO - 2025-02-26 20:45:42,882 INFO mapreduce.Job: Counters: 36
[2025-02-26T20:45:42.885+0000] {subprocess.py:93} INFO - 	File System Counters
[2025-02-26T20:45:42.886+0000] {subprocess.py:93} INFO - 		FILE: Number of bytes read=361374
[2025-02-26T20:45:42.887+0000] {subprocess.py:93} INFO - 		FILE: Number of bytes written=1419432
[2025-02-26T20:45:42.887+0000] {subprocess.py:93} INFO - 		FILE: Number of read operations=0
[2025-02-26T20:45:42.888+0000] {subprocess.py:93} INFO - 		FILE: Number of large read operations=0
[2025-02-26T20:45:42.888+0000] {subprocess.py:93} INFO - 		FILE: Number of write operations=0
[2025-02-26T20:45:42.889+0000] {subprocess.py:93} INFO - 		HDFS: Number of bytes read=39522
[2025-02-26T20:45:42.890+0000] {subprocess.py:93} INFO - 		HDFS: Number of bytes written=0
[2025-02-26T20:45:42.890+0000] {subprocess.py:93} INFO - 		HDFS: Number of read operations=15
[2025-02-26T20:45:42.891+0000] {subprocess.py:93} INFO - 		HDFS: Number of large read operations=0
[2025-02-26T20:45:42.891+0000] {subprocess.py:93} INFO - 		HDFS: Number of write operations=4
[2025-02-26T20:45:42.892+0000] {subprocess.py:93} INFO - 		HDFS: Number of bytes read erasure-coded=0
[2025-02-26T20:45:42.892+0000] {subprocess.py:93} INFO - 	Map-Reduce Framework
[2025-02-26T20:45:42.893+0000] {subprocess.py:93} INFO - 		Map input records=677
[2025-02-26T20:45:42.894+0000] {subprocess.py:93} INFO - 		Map output records=0
[2025-02-26T20:45:42.895+0000] {subprocess.py:93} INFO - 		Map output bytes=0
[2025-02-26T20:45:42.895+0000] {subprocess.py:93} INFO - 		Map output materialized bytes=6
[2025-02-26T20:45:42.896+0000] {subprocess.py:93} INFO - 		Input split bytes=137
[2025-02-26T20:45:42.897+0000] {subprocess.py:93} INFO - 		Combine input records=0
[2025-02-26T20:45:42.897+0000] {subprocess.py:93} INFO - 		Combine output records=0
[2025-02-26T20:45:42.898+0000] {subprocess.py:93} INFO - 		Reduce input groups=0
[2025-02-26T20:45:42.899+0000] {subprocess.py:93} INFO - 		Reduce shuffle bytes=6
[2025-02-26T20:45:42.900+0000] {subprocess.py:93} INFO - 		Reduce input records=0
[2025-02-26T20:45:42.900+0000] {subprocess.py:93} INFO - 		Reduce output records=0
[2025-02-26T20:45:42.901+0000] {subprocess.py:93} INFO - 		Spilled Records=0
[2025-02-26T20:45:42.901+0000] {subprocess.py:93} INFO - 		Shuffled Maps =1
[2025-02-26T20:45:42.902+0000] {subprocess.py:93} INFO - 		Failed Shuffles=0
[2025-02-26T20:45:42.903+0000] {subprocess.py:93} INFO - 		Merged Map outputs=1
[2025-02-26T20:45:42.904+0000] {subprocess.py:93} INFO - 		GC time elapsed (ms)=0
[2025-02-26T20:45:42.904+0000] {subprocess.py:93} INFO - 		Total committed heap usage (bytes)=555745280
[2025-02-26T20:45:42.905+0000] {subprocess.py:93} INFO - 	Shuffle Errors
[2025-02-26T20:45:42.906+0000] {subprocess.py:93} INFO - 		BAD_ID=0
[2025-02-26T20:45:42.906+0000] {subprocess.py:93} INFO - 		CONNECTION=0
[2025-02-26T20:45:42.907+0000] {subprocess.py:93} INFO - 		IO_ERROR=0
[2025-02-26T20:45:42.908+0000] {subprocess.py:93} INFO - 		WRONG_LENGTH=0
[2025-02-26T20:45:42.908+0000] {subprocess.py:93} INFO - 		WRONG_MAP=0
[2025-02-26T20:45:42.909+0000] {subprocess.py:93} INFO - 		WRONG_REDUCE=0
[2025-02-26T20:45:42.910+0000] {subprocess.py:93} INFO - 	File Input Format Counters
[2025-02-26T20:45:42.911+0000] {subprocess.py:93} INFO - 		Bytes Read=19761
[2025-02-26T20:45:42.911+0000] {subprocess.py:93} INFO - 	File Output Format Counters
[2025-02-26T20:45:42.912+0000] {subprocess.py:93} INFO - 		Bytes Written=0
[2025-02-26T20:45:42.912+0000] {subprocess.py:93} INFO - 2025-02-26 20:45:42,882 INFO streaming.StreamJob: Output directory: hdfs:///user/etudiant/crypto/processed/YYYY=2025/MM=02/DD=09
[2025-02-26T20:45:43.351+0000] {subprocess.py:97} INFO - Command exited with return code 0
[2025-02-26T20:45:43.381+0000] {taskinstance.py:1400} INFO - Marking task as SUCCESS. dag_id=yfinance_ingestion_dag, task_id=run_mapreduce, execution_date=20250209T000000, start_date=20250226T204532, end_date=20250226T204543
[2025-02-26T20:45:43.437+0000] {local_task_job_runner.py:228} INFO - Task exited with return code 0
[2025-02-26T20:45:43.453+0000] {taskinstance.py:2784} INFO - 0 downstream tasks scheduled from follow-on schedule check
