[2025-02-25T09:50:49.453+0000] {taskinstance.py:1159} INFO - Dependencies all met for dep_context=non-requeueable deps ti=<TaskInstance: yfinance_ingestion_dag.fetch_data scheduled__2025-02-03T00:00:00+00:00 [queued]>
[2025-02-25T09:50:49.518+0000] {taskinstance.py:1159} INFO - Dependencies all met for dep_context=requeueable deps ti=<TaskInstance: yfinance_ingestion_dag.fetch_data scheduled__2025-02-03T00:00:00+00:00 [queued]>
[2025-02-25T09:50:49.522+0000] {taskinstance.py:1361} INFO - Starting attempt 1 of 2
[2025-02-25T09:50:49.617+0000] {taskinstance.py:1382} INFO - Executing <Task(PythonOperator): fetch_data> on 2025-02-03 00:00:00+00:00
[2025-02-25T09:50:49.631+0000] {standard_task_runner.py:57} INFO - Started process 1096 to run task
[2025-02-25T09:50:49.650+0000] {standard_task_runner.py:84} INFO - Running: ['***', 'tasks', 'run', 'yfinance_ingestion_dag', 'fetch_data', 'scheduled__2025-02-03T00:00:00+00:00', '--job-id', '98', '--raw', '--subdir', 'DAGS_FOLDER/test_hello.py', '--cfg-path', '/tmp/tmphi_pcbby']
[2025-02-25T09:50:49.655+0000] {standard_task_runner.py:85} INFO - Job 98: Subtask fetch_data
[2025-02-25T09:50:49.921+0000] {task_command.py:415} INFO - Running <TaskInstance: yfinance_ingestion_dag.fetch_data scheduled__2025-02-03T00:00:00+00:00 [running]> on host 6dbd75e48aaa
[2025-02-25T09:50:50.439+0000] {taskinstance.py:1660} INFO - Exporting env vars: AIRFLOW_CTX_DAG_OWNER='etudiant' AIRFLOW_CTX_DAG_ID='yfinance_ingestion_dag' AIRFLOW_CTX_TASK_ID='fetch_data' AIRFLOW_CTX_EXECUTION_DATE='2025-02-03T00:00:00+00:00' AIRFLOW_CTX_TRY_NUMBER='1' AIRFLOW_CTX_DAG_RUN_ID='scheduled__2025-02-03T00:00:00+00:00'
[2025-02-25T09:50:51.570+0000] {history.py:247} ERROR - $TSLA: possibly delisted; no price data found  (1d 2025-02-03 -> 2025-02-03)
[2025-02-25T09:50:51.628+0000] {python.py:194} INFO - Done. Returned value was: None
[2025-02-25T09:50:51.667+0000] {taskinstance.py:1400} INFO - Marking task as SUCCESS. dag_id=yfinance_ingestion_dag, task_id=fetch_data, execution_date=20250203T000000, start_date=20250225T095049, end_date=20250225T095051
[2025-02-25T09:50:51.764+0000] {local_task_job_runner.py:228} INFO - Task exited with return code 0
[2025-02-25T09:50:52.046+0000] {taskinstance.py:2784} INFO - 0 downstream tasks scheduled from follow-on schedule check
[2025-02-26T20:44:19.655+0000] {taskinstance.py:1159} INFO - Dependencies all met for dep_context=non-requeueable deps ti=<TaskInstance: yfinance_ingestion_dag.fetch_data scheduled__2025-02-03T00:00:00+00:00 [queued]>
[2025-02-26T20:44:19.669+0000] {taskinstance.py:1159} INFO - Dependencies all met for dep_context=requeueable deps ti=<TaskInstance: yfinance_ingestion_dag.fetch_data scheduled__2025-02-03T00:00:00+00:00 [queued]>
[2025-02-26T20:44:19.670+0000] {taskinstance.py:1361} INFO - Starting attempt 1 of 2
[2025-02-26T20:44:19.691+0000] {taskinstance.py:1382} INFO - Executing <Task(PythonOperator): fetch_data> on 2025-02-03 00:00:00+00:00
[2025-02-26T20:44:19.701+0000] {standard_task_runner.py:57} INFO - Started process 2295 to run task
[2025-02-26T20:44:19.705+0000] {standard_task_runner.py:84} INFO - Running: ['***', 'tasks', 'run', 'yfinance_ingestion_dag', 'fetch_data', 'scheduled__2025-02-03T00:00:00+00:00', '--job-id', '361', '--raw', '--subdir', 'DAGS_FOLDER/pipeline.py', '--cfg-path', '/tmp/tmpmka_7268']
[2025-02-26T20:44:19.708+0000] {standard_task_runner.py:85} INFO - Job 361: Subtask fetch_data
[2025-02-26T20:44:19.770+0000] {task_command.py:415} INFO - Running <TaskInstance: yfinance_ingestion_dag.fetch_data scheduled__2025-02-03T00:00:00+00:00 [running]> on host 3c0faf52b292
[2025-02-26T20:44:19.887+0000] {taskinstance.py:1660} INFO - Exporting env vars: AIRFLOW_CTX_DAG_OWNER='etudiant' AIRFLOW_CTX_DAG_ID='yfinance_ingestion_dag' AIRFLOW_CTX_TASK_ID='fetch_data' AIRFLOW_CTX_EXECUTION_DATE='2025-02-03T00:00:00+00:00' AIRFLOW_CTX_TRY_NUMBER='1' AIRFLOW_CTX_DAG_RUN_ID='scheduled__2025-02-03T00:00:00+00:00'
[2025-02-26T20:44:20.963+0000] {logging_mixin.py:151} INFO - [
    {
        "datetime": "2025-02-25T20:00:00.000Z",
        "open_price": 87816.71875,
        "high_price": 88873.140625,
        "low_price": 87594.2734375,
        "close_price": 88076.6484375,
        "volume": 0,
        "coin": "BTC"
    },
    {
        "datetime": "2025-02-25T21:00:00.000Z",
        "open_price": 88187.0859375,
        "high_price": 88637.609375,
        "low_price": 87775.640625,
        "close_price": 88598.2109375,
        "volume": 0,
        "coin": "BTC"
    },
    {
        "datetime": "2025-02-25T22:00:00.000Z",
        "open_price": 88692.203125,
        "high_price": 89344.90625,
        "low_price": 88446.0390625,
        "close_price": 88737.1953125,
        "volume": 102842368,
        "coin": "BTC"
    },
    {
        "datetime": "2025-02-25T23:00:00.000Z",
        "open_price": 88762.703125,
        "high_price": 89029.0390625,
        "low_price": 88623.359375,
        "close_price": 88701.9140625,
        "volume": 0,
        "coin": "BTC"
    },
    {
        "datetime": "2025-02-26T00:00:00.000Z",
        "open_price": 88491.3359375,
        "high_price": 88512.78125,
        "low_price": 88059.8046875,
        "close_price": 88059.8046875,
        "volume": 0,
        "coin": "BTC"
    }
]
[2025-02-26T20:44:20.983+0000] {python.py:194} INFO - Done. Returned value was: None
[2025-02-26T20:44:20.998+0000] {taskinstance.py:1400} INFO - Marking task as SUCCESS. dag_id=yfinance_ingestion_dag, task_id=fetch_data, execution_date=20250203T000000, start_date=20250226T204419, end_date=20250226T204420
[2025-02-26T20:44:21.048+0000] {local_task_job_runner.py:228} INFO - Task exited with return code 0
[2025-02-26T20:44:21.081+0000] {taskinstance.py:2784} INFO - 1 downstream tasks scheduled from follow-on schedule check
[2025-02-27T14:55:52.150+0000] {taskinstance.py:1157} INFO - Dependencies all met for dep_context=non-requeueable deps ti=<TaskInstance: yfinance_ingestion_dag.fetch_data scheduled__2025-02-03T00:00:00+00:00 [queued]>
[2025-02-27T14:55:52.233+0000] {taskinstance.py:1157} INFO - Dependencies all met for dep_context=requeueable deps ti=<TaskInstance: yfinance_ingestion_dag.fetch_data scheduled__2025-02-03T00:00:00+00:00 [queued]>
[2025-02-27T14:55:52.245+0000] {taskinstance.py:1359} INFO - Starting attempt 1 of 1
[2025-02-27T14:55:53.188+0000] {taskinstance.py:1380} INFO - Executing <Task(PythonOperator): fetch_data> on 2025-02-03 00:00:00+00:00
[2025-02-27T14:55:53.275+0000] {standard_task_runner.py:57} INFO - Started process 399 to run task
[2025-02-27T14:55:53.306+0000] {standard_task_runner.py:84} INFO - Running: ['***', 'tasks', 'run', 'yfinance_ingestion_dag', 'fetch_data', 'scheduled__2025-02-03T00:00:00+00:00', '--job-id', '68', '--raw', '--subdir', 'DAGS_FOLDER/pipeline.py', '--cfg-path', '/tmp/tmpk7b7wm20']
[2025-02-27T14:55:53.343+0000] {standard_task_runner.py:85} INFO - Job 68: Subtask fetch_data
[2025-02-27T14:55:53.798+0000] {task_command.py:415} INFO - Running <TaskInstance: yfinance_ingestion_dag.fetch_data scheduled__2025-02-03T00:00:00+00:00 [running]> on host a71f042480b6
[2025-02-27T14:55:54.323+0000] {taskinstance.py:1660} INFO - Exporting env vars: AIRFLOW_CTX_DAG_OWNER='etudiant' AIRFLOW_CTX_DAG_ID='yfinance_ingestion_dag' AIRFLOW_CTX_TASK_ID='fetch_data' AIRFLOW_CTX_EXECUTION_DATE='2025-02-03T00:00:00+00:00' AIRFLOW_CTX_TRY_NUMBER='1' AIRFLOW_CTX_DAG_RUN_ID='scheduled__2025-02-03T00:00:00+00:00'
[2025-02-27T14:55:56.217+0000] {logging_mixin.py:151} INFO - [
    {
        "datetime": "2025-02-26T14:00:00.000Z",
        "open_price": 87072.828125,
        "high_price": 87563.078125,
        "low_price": 85422.9375,
        "close_price": 87432.484375,
        "volume": 0,
        "coin": "BTC"
    },
    {
        "datetime": "2025-02-26T15:00:00.000Z",
        "open_price": 87661.421875,
        "high_price": 88288.6484375,
        "low_price": 87374.875,
        "close_price": 87413.8359375,
        "volume": 0,
        "coin": "BTC"
    },
    {
        "datetime": "2025-02-26T16:00:00.000Z",
        "open_price": 87454.171875,
        "high_price": 87614.5078125,
        "low_price": 86253.3046875,
        "close_price": 86805.0390625,
        "volume": 0,
        "coin": "BTC"
    },
    {
        "datetime": "2025-02-26T17:00:00.000Z",
        "open_price": 86723.578125,
        "high_price": 87145.1328125,
        "low_price": 85626.4609375,
        "close_price": 85626.4609375,
        "volume": 0,
        "coin": "BTC"
    },
    {
        "datetime": "2025-02-26T18:00:00.000Z",
        "open_price": 86165.1171875,
        "high_price": 86317.1484375,
        "low_price": 83829.2109375,
        "close_price": 83982.5859375,
        "volume": 4174999552,
        "coin": "BTC"
    }
]
[2025-02-27T14:55:56.377+0000] {python.py:194} INFO - Done. Returned value was: None
[2025-02-27T14:55:56.430+0000] {taskinstance.py:1398} INFO - Marking task as SUCCESS. dag_id=yfinance_ingestion_dag, task_id=fetch_data, execution_date=20250203T000000, start_date=20250227T145552, end_date=20250227T145556
[2025-02-27T14:55:56.994+0000] {local_task_job_runner.py:228} INFO - Task exited with return code 0
[2025-02-27T14:55:57.174+0000] {taskinstance.py:2776} INFO - 1 downstream tasks scheduled from follow-on schedule check
