[2025-02-26T20:18:10.461+0000] {taskinstance.py:1159} INFO - Dependencies all met for dep_context=non-requeueable deps ti=<TaskInstance: yfinance_ingestion_dag.run_mapreduce manual__2025-02-26T20:10:39.616487+00:00 [queued]>
[2025-02-26T20:18:10.558+0000] {taskinstance.py:1159} INFO - Dependencies all met for dep_context=requeueable deps ti=<TaskInstance: yfinance_ingestion_dag.run_mapreduce manual__2025-02-26T20:10:39.616487+00:00 [queued]>
[2025-02-26T20:18:10.567+0000] {taskinstance.py:1361} INFO - Starting attempt 1 of 2
[2025-02-26T20:18:11.508+0000] {taskinstance.py:1382} INFO - Executing <Task(BashOperator): run_mapreduce> on 2025-02-26 20:10:39.616487+00:00
[2025-02-26T20:18:11.564+0000] {standard_task_runner.py:57} INFO - Started process 640 to run task
[2025-02-26T20:18:11.564+0000] {standard_task_runner.py:84} INFO - Running: ['***', 'tasks', 'run', 'yfinance_ingestion_dag', 'run_mapreduce', 'manual__2025-02-26T20:10:39.616487+00:00', '--job-id', '95', '--raw', '--subdir', 'DAGS_FOLDER/pipeline.py', '--cfg-path', '/tmp/tmpl84qkt4v']
[2025-02-26T20:18:11.578+0000] {standard_task_runner.py:85} INFO - Job 95: Subtask run_mapreduce
[2025-02-26T20:18:11.895+0000] {task_command.py:415} INFO - Running <TaskInstance: yfinance_ingestion_dag.run_mapreduce manual__2025-02-26T20:10:39.616487+00:00 [running]> on host c96a1011f5a3
[2025-02-26T20:18:12.292+0000] {taskinstance.py:1660} INFO - Exporting env vars: AIRFLOW_CTX_DAG_OWNER='etudiant' AIRFLOW_CTX_DAG_ID='yfinance_ingestion_dag' AIRFLOW_CTX_TASK_ID='run_mapreduce' AIRFLOW_CTX_EXECUTION_DATE='2025-02-26T20:10:39.616487+00:00' AIRFLOW_CTX_TRY_NUMBER='1' AIRFLOW_CTX_DAG_RUN_ID='manual__2025-02-26T20:10:39.616487+00:00'
[2025-02-26T20:18:12.306+0000] {subprocess.py:63} INFO - Tmp dir root location: /tmp
[2025-02-26T20:18:12.309+0000] {subprocess.py:75} INFO - Running command: ['/bin/bash', '-c', '\n        docker exec -i -u root namenode bash -c \'         cd /tmp &&         cp /mnt/hadoop_data/mapreduce/mapper.py . &&         cp /mnt/hadoop_data/mapreduce/reducer.py . &&         chmod +x mapper.py reducer.py &&         hdfs dfs -rm -r hdfs:///user/etudiant/crypto/processed/YYYY=2025/MM=02/DD=26 || true &&         hadoop jar /opt/hadoop-3.2.1/share/hadoop/tools/lib/hadoop-streaming-3.2.1.jar         -files mapper.py,reducer.py         -mapper "python mapper.py"         -reducer "python reducer.py"         -input hdfs:///user/etudiant/crypto/raw/YYYY=2025/MM=02/DD=26/yfinance_raw.json         -output hdfs:///user/etudiant/crypto/processed/YYYY=2025/MM=02/DD=26\'\n        ']
[2025-02-26T20:18:12.364+0000] {subprocess.py:86} INFO - Output:
[2025-02-26T20:18:30.498+0000] {subprocess.py:93} INFO - rm: `hdfs:///user/etudiant/crypto/processed/YYYY=2025/MM=02/DD=26': No such file or directory
[2025-02-26T20:18:54.767+0000] {subprocess.py:93} INFO - 2025-02-26 20:18:54,763 INFO impl.MetricsConfig: Loaded properties from hadoop-metrics2.properties
[2025-02-26T20:18:55.718+0000] {subprocess.py:93} INFO - 2025-02-26 20:18:55,715 INFO impl.MetricsSystemImpl: Scheduled Metric snapshot period at 10 second(s).
[2025-02-26T20:18:55.719+0000] {subprocess.py:93} INFO - 2025-02-26 20:18:55,716 INFO impl.MetricsSystemImpl: JobTracker metrics system started
[2025-02-26T20:18:56.143+0000] {subprocess.py:93} INFO - 2025-02-26 20:18:56,141 WARN impl.MetricsSystemImpl: JobTracker metrics system already initialized!
[2025-02-26T20:18:59.734+0000] {subprocess.py:93} INFO - 2025-02-26 20:18:59,732 INFO mapred.FileInputFormat: Total input files to process : 1
[2025-02-26T20:19:01.630+0000] {subprocess.py:93} INFO - 2025-02-26 20:19:01,624 INFO mapreduce.JobSubmitter: number of splits:1
[2025-02-26T20:19:03.470+0000] {subprocess.py:93} INFO - 2025-02-26 20:19:03,468 INFO mapreduce.JobSubmitter: Submitting tokens for job: job_local433600793_0001
[2025-02-26T20:19:03.492+0000] {subprocess.py:93} INFO - 2025-02-26 20:19:03,491 INFO mapreduce.JobSubmitter: Executing with tokens: []
[2025-02-26T20:19:05.655+0000] {subprocess.py:93} INFO - 2025-02-26 20:19:05,639 INFO mapred.LocalDistributedCacheManager: Localized file:/tmp/mapper.py as file:/tmp/hadoop-root/mapred/local/job_local433600793_0001_4a605848-5dd8-4fb9-8df0-afa2abcefcd8/mapper.py
[2025-02-26T20:19:05.993+0000] {subprocess.py:93} INFO - 2025-02-26 20:19:05,991 INFO mapred.LocalDistributedCacheManager: Localized file:/tmp/reducer.py as file:/tmp/hadoop-root/mapred/local/job_local433600793_0001_66bf1524-81ba-4dd7-85b3-068563121f2b/reducer.py
[2025-02-26T20:19:05.766+0000] {subprocess.py:93} INFO - 2025-02-26 20:19:05,763 INFO mapreduce.Job: The url to track the job: http://localhost:8080/
[2025-02-26T20:19:05.775+0000] {subprocess.py:93} INFO - 2025-02-26 20:19:05,771 INFO mapreduce.Job: Running job: job_local433600793_0001
[2025-02-26T20:19:05.783+0000] {subprocess.py:93} INFO - 2025-02-26 20:19:05,779 INFO mapred.LocalJobRunner: OutputCommitter set in config null
[2025-02-26T20:19:05.809+0000] {subprocess.py:93} INFO - 2025-02-26 20:19:05,803 INFO mapred.LocalJobRunner: OutputCommitter is org.apache.hadoop.mapred.FileOutputCommitter
[2025-02-26T20:19:05.830+0000] {subprocess.py:93} INFO - 2025-02-26 20:19:05,825 INFO output.FileOutputCommitter: File Output Committer Algorithm version is 2
[2025-02-26T20:19:05.831+0000] {subprocess.py:93} INFO - 2025-02-26 20:19:05,829 INFO output.FileOutputCommitter: FileOutputCommitter skip cleanup _temporary folders under output directory:false, ignore cleanup failures: false
[2025-02-26T20:19:06.211+0000] {subprocess.py:93} INFO - 2025-02-26 20:19:06,207 INFO mapred.LocalJobRunner: Waiting for map tasks
[2025-02-26T20:19:06.225+0000] {subprocess.py:93} INFO - 2025-02-26 20:19:06,221 INFO mapred.LocalJobRunner: Starting task: attempt_local433600793_0001_m_000000_0
[2025-02-26T20:19:06.488+0000] {subprocess.py:93} INFO - 2025-02-26 20:19:06,483 INFO output.FileOutputCommitter: File Output Committer Algorithm version is 2
[2025-02-26T20:19:06.491+0000] {subprocess.py:93} INFO - 2025-02-26 20:19:06,484 INFO output.FileOutputCommitter: FileOutputCommitter skip cleanup _temporary folders under output directory:false, ignore cleanup failures: false
[2025-02-26T20:19:06.580+0000] {subprocess.py:93} INFO - 2025-02-26 20:19:06,578 INFO mapred.Task:  Using ResourceCalculatorProcessTree : [ ]
[2025-02-26T20:19:06.685+0000] {subprocess.py:93} INFO - 2025-02-26 20:19:06,683 INFO mapred.MapTask: Processing split: hdfs://namenode:9000/user/etudiant/crypto/raw/YYYY=2025/MM=02/DD=26/yfinance_raw.json:0+19761
[2025-02-26T20:19:06.821+0000] {subprocess.py:93} INFO - 2025-02-26 20:19:06,810 INFO mapreduce.Job: Job job_local433600793_0001 running in uber mode : false
[2025-02-26T20:19:06.824+0000] {subprocess.py:93} INFO - 2025-02-26 20:19:06,820 INFO mapreduce.Job:  map 0% reduce 0%
[2025-02-26T20:19:06.936+0000] {subprocess.py:93} INFO - 2025-02-26 20:19:06,932 INFO mapred.MapTask: numReduceTasks: 1
[2025-02-26T20:19:07.478+0000] {subprocess.py:93} INFO - 2025-02-26 20:19:07,471 INFO mapred.MapTask: (EQUATOR) 0 kvi 26214396(104857584)
[2025-02-26T20:19:07.486+0000] {subprocess.py:93} INFO - 2025-02-26 20:19:07,471 INFO mapred.MapTask: mapreduce.task.io.sort.mb: 100
[2025-02-26T20:19:07.492+0000] {subprocess.py:93} INFO - 2025-02-26 20:19:07,471 INFO mapred.MapTask: soft limit at 83886080
[2025-02-26T20:19:07.494+0000] {subprocess.py:93} INFO - 2025-02-26 20:19:07,471 INFO mapred.MapTask: bufstart = 0; bufvoid = 104857600
[2025-02-26T20:19:07.512+0000] {subprocess.py:93} INFO - 2025-02-26 20:19:07,471 INFO mapred.MapTask: kvstart = 26214396; length = 6553600
[2025-02-26T20:19:07.528+0000] {subprocess.py:93} INFO - 2025-02-26 20:19:07,517 INFO mapred.MapTask: Map output collector class = org.apache.hadoop.mapred.MapTask$MapOutputBuffer
[2025-02-26T20:19:07.684+0000] {subprocess.py:93} INFO - 2025-02-26 20:19:07,680 INFO streaming.PipeMapRed: PipeMapRed exec [/usr/bin/python, mapper.py]
[2025-02-26T20:19:07.699+0000] {subprocess.py:93} INFO - 2025-02-26 20:19:07,697 INFO Configuration.deprecation: mapred.work.output.dir is deprecated. Instead, use mapreduce.task.output.dir
[2025-02-26T20:19:07.703+0000] {subprocess.py:93} INFO - 2025-02-26 20:19:07,701 INFO Configuration.deprecation: map.input.start is deprecated. Instead, use mapreduce.map.input.start
[2025-02-26T20:19:07.714+0000] {subprocess.py:93} INFO - 2025-02-26 20:19:07,713 INFO Configuration.deprecation: mapred.task.is.map is deprecated. Instead, use mapreduce.task.ismap
[2025-02-26T20:19:07.719+0000] {subprocess.py:93} INFO - 2025-02-26 20:19:07,713 INFO Configuration.deprecation: mapred.task.id is deprecated. Instead, use mapreduce.task.attempt.id
[2025-02-26T20:19:07.727+0000] {subprocess.py:93} INFO - 2025-02-26 20:19:07,715 INFO Configuration.deprecation: mapred.tip.id is deprecated. Instead, use mapreduce.task.id
[2025-02-26T20:19:07.728+0000] {subprocess.py:93} INFO - 2025-02-26 20:19:07,716 INFO Configuration.deprecation: mapred.local.dir is deprecated. Instead, use mapreduce.cluster.local.dir
[2025-02-26T20:19:07.730+0000] {subprocess.py:93} INFO - 2025-02-26 20:19:07,719 INFO Configuration.deprecation: map.input.file is deprecated. Instead, use mapreduce.map.input.file
[2025-02-26T20:19:07.741+0000] {subprocess.py:93} INFO - 2025-02-26 20:19:07,734 INFO Configuration.deprecation: mapred.skip.on is deprecated. Instead, use mapreduce.job.skiprecords
[2025-02-26T20:19:07.743+0000] {subprocess.py:93} INFO - 2025-02-26 20:19:07,734 INFO Configuration.deprecation: map.input.length is deprecated. Instead, use mapreduce.map.input.length
[2025-02-26T20:19:07.744+0000] {subprocess.py:93} INFO - 2025-02-26 20:19:07,735 INFO Configuration.deprecation: mapred.job.id is deprecated. Instead, use mapreduce.job.id
[2025-02-26T20:19:07.746+0000] {subprocess.py:93} INFO - 2025-02-26 20:19:07,735 INFO Configuration.deprecation: user.name is deprecated. Instead, use mapreduce.job.user.name
[2025-02-26T20:19:07.748+0000] {subprocess.py:93} INFO - 2025-02-26 20:19:07,736 INFO Configuration.deprecation: mapred.task.partition is deprecated. Instead, use mapreduce.task.partition
[2025-02-26T20:19:07.851+0000] {subprocess.py:93} INFO -   File "mapper.py", line 27
[2025-02-26T20:19:07.892+0000] {subprocess.py:93} INFO -     print(f"{coin}\t{json.dumps(metrics)}")
[2025-02-26T20:19:07.896+0000] {subprocess.py:93} INFO -                                          ^
[2025-02-26T20:19:07.902+0000] {subprocess.py:93} INFO - SyntaxError: invalid syntax
[2025-02-26T20:19:07.905+0000] {subprocess.py:93} INFO - 2025-02-26 20:19:07,901 INFO streaming.PipeMapRed: MRErrorThread done
[2025-02-26T20:19:07.942+0000] {subprocess.py:93} INFO - 2025-02-26 20:19:07,938 INFO sasl.SaslDataTransferClient: SASL encryption trust check: localHostTrusted = false, remoteHostTrusted = false
[2025-02-26T20:19:08.370+0000] {subprocess.py:93} INFO - 2025-02-26 20:19:08,331 INFO streaming.PipeMapRed: R/W/S=1/0/0 in:NA [rec/s] out:NA [rec/s]
[2025-02-26T20:19:08.383+0000] {subprocess.py:93} INFO - 2025-02-26 20:19:08,332 INFO streaming.PipeMapRed: R/W/S=10/0/0 in:NA [rec/s] out:NA [rec/s]
[2025-02-26T20:19:08.384+0000] {subprocess.py:93} INFO - 2025-02-26 20:19:08,347 INFO streaming.PipeMapRed: R/W/S=100/0/0 in:NA [rec/s] out:NA [rec/s]
[2025-02-26T20:19:08.495+0000] {subprocess.py:93} INFO - 2025-02-26 20:19:08,465 WARN streaming.PipeMapRed: {}
[2025-02-26T20:19:08.498+0000] {subprocess.py:93} INFO - java.io.IOException: Stream closed
[2025-02-26T20:19:08.503+0000] {subprocess.py:93} INFO - 	at java.lang.ProcessBuilder$NullOutputStream.write(ProcessBuilder.java:433)
[2025-02-26T20:19:08.507+0000] {subprocess.py:93} INFO - 	at java.io.OutputStream.write(OutputStream.java:116)
[2025-02-26T20:19:08.511+0000] {subprocess.py:93} INFO - 	at java.io.BufferedOutputStream.write(BufferedOutputStream.java:122)
[2025-02-26T20:19:08.516+0000] {subprocess.py:93} INFO - 	at java.io.BufferedOutputStream.flushBuffer(BufferedOutputStream.java:82)
[2025-02-26T20:19:08.523+0000] {subprocess.py:93} INFO - 	at java.io.BufferedOutputStream.flush(BufferedOutputStream.java:140)
[2025-02-26T20:19:08.534+0000] {subprocess.py:93} INFO - 	at java.io.DataOutputStream.flush(DataOutputStream.java:123)
[2025-02-26T20:19:08.542+0000] {subprocess.py:93} INFO - 	at org.apache.hadoop.streaming.PipeMapRed.mapRedFinished(PipeMapRed.java:532)
[2025-02-26T20:19:08.559+0000] {subprocess.py:93} INFO - 	at org.apache.hadoop.streaming.PipeMapper.close(PipeMapper.java:130)
[2025-02-26T20:19:08.562+0000] {subprocess.py:93} INFO - 	at org.apache.hadoop.mapred.MapRunner.run(MapRunner.java:61)
[2025-02-26T20:19:08.591+0000] {subprocess.py:93} INFO - 	at org.apache.hadoop.streaming.PipeMapRunner.run(PipeMapRunner.java:34)
[2025-02-26T20:19:08.592+0000] {subprocess.py:93} INFO - 	at org.apache.hadoop.mapred.MapTask.runOldMapper(MapTask.java:465)
[2025-02-26T20:19:08.593+0000] {subprocess.py:93} INFO - 	at org.apache.hadoop.mapred.MapTask.run(MapTask.java:349)
[2025-02-26T20:19:08.594+0000] {subprocess.py:93} INFO - 	at org.apache.hadoop.mapred.LocalJobRunner$Job$MapTaskRunnable.run(LocalJobRunner.java:271)
[2025-02-26T20:19:08.596+0000] {subprocess.py:93} INFO - 	at java.util.concurrent.Executors$RunnableAdapter.call(Executors.java:511)
[2025-02-26T20:19:08.610+0000] {subprocess.py:93} INFO - 	at java.util.concurrent.FutureTask.run(FutureTask.java:266)
[2025-02-26T20:19:08.614+0000] {subprocess.py:93} INFO - 	at java.util.concurrent.ThreadPoolExecutor.runWorker(ThreadPoolExecutor.java:1149)
[2025-02-26T20:19:08.627+0000] {subprocess.py:93} INFO - 	at java.util.concurrent.ThreadPoolExecutor$Worker.run(ThreadPoolExecutor.java:624)
[2025-02-26T20:19:08.633+0000] {subprocess.py:93} INFO - 	at java.lang.Thread.run(Thread.java:748)
[2025-02-26T20:19:08.641+0000] {subprocess.py:93} INFO - 2025-02-26 20:19:08,472 INFO streaming.PipeMapRed: PipeMapRed failed!
[2025-02-26T20:19:08.651+0000] {subprocess.py:93} INFO - java.lang.RuntimeException: PipeMapRed.waitOutputThreads(): subprocess failed with code 1
[2025-02-26T20:19:08.658+0000] {subprocess.py:93} INFO - 	at org.apache.hadoop.streaming.PipeMapRed.waitOutputThreads(PipeMapRed.java:326)
[2025-02-26T20:19:08.672+0000] {subprocess.py:93} INFO - 	at org.apache.hadoop.streaming.PipeMapRed.mapRedFinished(PipeMapRed.java:539)
[2025-02-26T20:19:08.681+0000] {subprocess.py:93} INFO - 	at org.apache.hadoop.streaming.PipeMapper.close(PipeMapper.java:130)
[2025-02-26T20:19:08.686+0000] {subprocess.py:93} INFO - 	at org.apache.hadoop.mapred.MapRunner.run(MapRunner.java:61)
[2025-02-26T20:19:08.688+0000] {subprocess.py:93} INFO - 	at org.apache.hadoop.streaming.PipeMapRunner.run(PipeMapRunner.java:34)
[2025-02-26T20:19:08.692+0000] {subprocess.py:93} INFO - 	at org.apache.hadoop.mapred.MapTask.runOldMapper(MapTask.java:465)
[2025-02-26T20:19:08.700+0000] {subprocess.py:93} INFO - 	at org.apache.hadoop.mapred.MapTask.run(MapTask.java:349)
[2025-02-26T20:19:08.707+0000] {subprocess.py:93} INFO - 	at org.apache.hadoop.mapred.LocalJobRunner$Job$MapTaskRunnable.run(LocalJobRunner.java:271)
[2025-02-26T20:19:08.713+0000] {subprocess.py:93} INFO - 	at java.util.concurrent.Executors$RunnableAdapter.call(Executors.java:511)
[2025-02-26T20:19:08.714+0000] {subprocess.py:93} INFO - 	at java.util.concurrent.FutureTask.run(FutureTask.java:266)
[2025-02-26T20:19:08.715+0000] {subprocess.py:93} INFO - 	at java.util.concurrent.ThreadPoolExecutor.runWorker(ThreadPoolExecutor.java:1149)
[2025-02-26T20:19:08.718+0000] {subprocess.py:93} INFO - 	at java.util.concurrent.ThreadPoolExecutor$Worker.run(ThreadPoolExecutor.java:624)
[2025-02-26T20:19:08.723+0000] {subprocess.py:93} INFO - 	at java.lang.Thread.run(Thread.java:748)
[2025-02-26T20:19:08.727+0000] {subprocess.py:93} INFO - 2025-02-26 20:19:08,649 INFO mapred.LocalJobRunner: map task executor complete.
[2025-02-26T20:19:08.732+0000] {subprocess.py:93} INFO - 2025-02-26 20:19:08,692 WARN mapred.LocalJobRunner: job_local433600793_0001
[2025-02-26T20:19:08.742+0000] {subprocess.py:93} INFO - java.lang.Exception: java.lang.RuntimeException: PipeMapRed.waitOutputThreads(): subprocess failed with code 1
[2025-02-26T20:19:08.753+0000] {subprocess.py:93} INFO - 	at org.apache.hadoop.mapred.LocalJobRunner$Job.runTasks(LocalJobRunner.java:492)
[2025-02-26T20:19:08.771+0000] {subprocess.py:93} INFO - 	at org.apache.hadoop.mapred.LocalJobRunner$Job.run(LocalJobRunner.java:552)
[2025-02-26T20:19:08.774+0000] {subprocess.py:93} INFO - Caused by: java.lang.RuntimeException: PipeMapRed.waitOutputThreads(): subprocess failed with code 1
[2025-02-26T20:19:08.780+0000] {subprocess.py:93} INFO - 	at org.apache.hadoop.streaming.PipeMapRed.waitOutputThreads(PipeMapRed.java:326)
[2025-02-26T20:19:08.791+0000] {subprocess.py:93} INFO - 	at org.apache.hadoop.streaming.PipeMapRed.mapRedFinished(PipeMapRed.java:539)
[2025-02-26T20:19:08.801+0000] {subprocess.py:93} INFO - 	at org.apache.hadoop.streaming.PipeMapper.close(PipeMapper.java:130)
[2025-02-26T20:19:08.811+0000] {subprocess.py:93} INFO - 	at org.apache.hadoop.mapred.MapRunner.run(MapRunner.java:61)
[2025-02-26T20:19:08.812+0000] {subprocess.py:93} INFO - 	at org.apache.hadoop.streaming.PipeMapRunner.run(PipeMapRunner.java:34)
[2025-02-26T20:19:08.813+0000] {subprocess.py:93} INFO - 	at org.apache.hadoop.mapred.MapTask.runOldMapper(MapTask.java:465)
[2025-02-26T20:19:08.814+0000] {subprocess.py:93} INFO - 	at org.apache.hadoop.mapred.MapTask.run(MapTask.java:349)
[2025-02-26T20:19:08.815+0000] {subprocess.py:93} INFO - 	at org.apache.hadoop.mapred.LocalJobRunner$Job$MapTaskRunnable.run(LocalJobRunner.java:271)
[2025-02-26T20:19:08.816+0000] {subprocess.py:93} INFO - 	at java.util.concurrent.Executors$RunnableAdapter.call(Executors.java:511)
[2025-02-26T20:19:08.817+0000] {subprocess.py:93} INFO - 	at java.util.concurrent.FutureTask.run(FutureTask.java:266)
[2025-02-26T20:19:08.818+0000] {subprocess.py:93} INFO - 	at java.util.concurrent.ThreadPoolExecutor.runWorker(ThreadPoolExecutor.java:1149)
[2025-02-26T20:19:08.820+0000] {subprocess.py:93} INFO - 	at java.util.concurrent.ThreadPoolExecutor$Worker.run(ThreadPoolExecutor.java:624)
[2025-02-26T20:19:08.821+0000] {subprocess.py:93} INFO - 	at java.lang.Thread.run(Thread.java:748)
[2025-02-26T20:19:08.854+0000] {subprocess.py:93} INFO - 2025-02-26 20:19:08,840 INFO mapreduce.Job: Job job_local433600793_0001 failed with state FAILED due to: NA
[2025-02-26T20:19:08.860+0000] {subprocess.py:93} INFO - 2025-02-26 20:19:08,858 INFO mapreduce.Job: Counters: 0
[2025-02-26T20:19:08.862+0000] {subprocess.py:93} INFO - 2025-02-26 20:19:08,858 ERROR streaming.StreamJob: Job not successful!
[2025-02-26T20:19:08.863+0000] {subprocess.py:93} INFO - Streaming Command Failed!
[2025-02-26T20:19:09.572+0000] {subprocess.py:97} INFO - Command exited with return code 1
[2025-02-26T20:19:09.731+0000] {taskinstance.py:1943} ERROR - Task failed with exception
Traceback (most recent call last):
  File "/home/airflow/.local/lib/python3.8/site-packages/airflow/operators/bash.py", line 210, in execute
    raise AirflowException(
airflow.exceptions.AirflowException: Bash command failed. The command returned a non-zero exit code 1.
[2025-02-26T20:19:09.770+0000] {taskinstance.py:1400} INFO - Marking task as UP_FOR_RETRY. dag_id=yfinance_ingestion_dag, task_id=run_mapreduce, execution_date=20250226T201039, start_date=20250226T201810, end_date=20250226T201909
[2025-02-26T20:19:10.102+0000] {standard_task_runner.py:104} ERROR - Failed to execute job 95 for task run_mapreduce (Bash command failed. The command returned a non-zero exit code 1.; 640)
[2025-02-26T20:19:10.160+0000] {local_task_job_runner.py:228} INFO - Task exited with return code 1
[2025-02-26T20:19:10.296+0000] {taskinstance.py:2784} INFO - 0 downstream tasks scheduled from follow-on schedule check
