[2025-02-22T14:21:04.066+0000] {taskinstance.py:1159} INFO - Dependencies all met for dep_context=non-requeueable deps ti=<TaskInstance: gold_data_dag.traiter manual__2025-02-22T14:20:49.905058+00:00 [queued]>
[2025-02-22T14:21:04.075+0000] {taskinstance.py:1159} INFO - Dependencies all met for dep_context=requeueable deps ti=<TaskInstance: gold_data_dag.traiter manual__2025-02-22T14:20:49.905058+00:00 [queued]>
[2025-02-22T14:21:04.076+0000] {taskinstance.py:1361} INFO - Starting attempt 1 of 1
[2025-02-22T14:21:04.154+0000] {taskinstance.py:1382} INFO - Executing <Task(BashOperator): traiter> on 2025-02-22 14:20:49.905058+00:00
[2025-02-22T14:21:04.161+0000] {standard_task_runner.py:57} INFO - Started process 62 to run task
[2025-02-22T14:21:04.164+0000] {standard_task_runner.py:84} INFO - Running: ['***', 'tasks', 'run', 'gold_data_dag', 'traiter', 'manual__2025-02-22T14:20:49.905058+00:00', '--job-id', '15', '--raw', '--subdir', 'DAGS_FOLDER/pipeline.py', '--cfg-path', '/tmp/tmpr2n9j6co']
[2025-02-22T14:21:04.166+0000] {standard_task_runner.py:85} INFO - Job 15: Subtask traiter
[2025-02-22T14:21:04.222+0000] {task_command.py:415} INFO - Running <TaskInstance: gold_data_dag.traiter manual__2025-02-22T14:20:49.905058+00:00 [running]> on host bc125bdcda04
[2025-02-22T14:21:04.315+0000] {taskinstance.py:1660} INFO - Exporting env vars: AIRFLOW_CTX_DAG_OWNER='***' AIRFLOW_CTX_DAG_ID='gold_data_dag' AIRFLOW_CTX_TASK_ID='traiter' AIRFLOW_CTX_EXECUTION_DATE='2025-02-22T14:20:49.905058+00:00' AIRFLOW_CTX_TRY_NUMBER='1' AIRFLOW_CTX_DAG_RUN_ID='manual__2025-02-22T14:20:49.905058+00:00'
[2025-02-22T14:21:04.317+0000] {subprocess.py:63} INFO - Tmp dir root location: /tmp
[2025-02-22T14:21:04.318+0000] {subprocess.py:75} INFO - Running command: ['/bin/bash', '-c', 'docker run big_data_projet-mapreduce bash -c "python /app/mapper.py"']
[2025-02-22T14:21:04.327+0000] {subprocess.py:86} INFO - Output:
[2025-02-22T14:21:06.282+0000] {subprocess.py:93} INFO -                        Price              Close  ... BB_High BB_Low
[2025-02-22T14:21:06.283+0000] {subprocess.py:93} INFO - 0                     Ticker               GC=F  ...     NaN    NaN
[2025-02-22T14:21:06.284+0000] {subprocess.py:93} INFO - 1                   Datetime                NaN  ...     NaN    NaN
[2025-02-22T14:21:06.285+0000] {subprocess.py:93} INFO - 2  2024-01-02 05:00:00+00:00  2083.199951171875  ...     NaN    NaN
[2025-02-22T14:21:06.285+0000] {subprocess.py:93} INFO - 3  2024-01-02 06:00:00+00:00  2082.699951171875  ...     NaN    NaN
[2025-02-22T14:21:06.287+0000] {subprocess.py:93} INFO - 4  2024-01-02 07:00:00+00:00   2082.10009765625  ...     NaN    NaN
[2025-02-22T14:21:06.287+0000] {subprocess.py:93} INFO - 
[2025-02-22T14:21:06.288+0000] {subprocess.py:93} INFO - [5 rows x 12 columns]
[2025-02-22T14:21:06.828+0000] {subprocess.py:97} INFO - Command exited with return code 0
[2025-02-22T14:21:06.883+0000] {taskinstance.py:1400} INFO - Marking task as SUCCESS. dag_id=gold_data_dag, task_id=traiter, execution_date=20250222T142049, start_date=20250222T142104, end_date=20250222T142106
[2025-02-22T14:21:06.921+0000] {local_task_job_runner.py:228} INFO - Task exited with return code 0
[2025-02-22T14:21:06.944+0000] {taskinstance.py:2784} INFO - 0 downstream tasks scheduled from follow-on schedule check
