[2025-02-25T09:50:01.645+0000] {taskinstance.py:1159} INFO - Dependencies all met for dep_context=non-requeueable deps ti=<TaskInstance: yfinance_ingestion_dag.store_raw_data_in_hdfs scheduled__2025-01-28T00:00:00+00:00 [queued]>
[2025-02-25T09:50:01.701+0000] {taskinstance.py:1159} INFO - Dependencies all met for dep_context=requeueable deps ti=<TaskInstance: yfinance_ingestion_dag.store_raw_data_in_hdfs scheduled__2025-01-28T00:00:00+00:00 [queued]>
[2025-02-25T09:50:01.708+0000] {taskinstance.py:1361} INFO - Starting attempt 1 of 2
[2025-02-25T09:50:01.785+0000] {taskinstance.py:1382} INFO - Executing <Task(PythonOperator): store_raw_data_in_hdfs> on 2025-01-28 00:00:00+00:00
[2025-02-25T09:50:01.806+0000] {standard_task_runner.py:57} INFO - Started process 839 to run task
[2025-02-25T09:50:01.856+0000] {standard_task_runner.py:84} INFO - Running: ['***', 'tasks', 'run', 'yfinance_ingestion_dag', 'store_raw_data_in_hdfs', 'scheduled__2025-01-28T00:00:00+00:00', '--job-id', '90', '--raw', '--subdir', 'DAGS_FOLDER/test_hello.py', '--cfg-path', '/tmp/tmp8lwrscc9']
[2025-02-25T09:50:01.878+0000] {standard_task_runner.py:85} INFO - Job 90: Subtask store_raw_data_in_hdfs
[2025-02-25T09:50:02.186+0000] {task_command.py:415} INFO - Running <TaskInstance: yfinance_ingestion_dag.store_raw_data_in_hdfs scheduled__2025-01-28T00:00:00+00:00 [running]> on host 6dbd75e48aaa
[2025-02-25T09:50:02.606+0000] {taskinstance.py:1660} INFO - Exporting env vars: AIRFLOW_CTX_DAG_OWNER='etudiant' AIRFLOW_CTX_DAG_ID='yfinance_ingestion_dag' AIRFLOW_CTX_TASK_ID='store_raw_data_in_hdfs' AIRFLOW_CTX_EXECUTION_DATE='2025-01-28T00:00:00+00:00' AIRFLOW_CTX_TRY_NUMBER='1' AIRFLOW_CTX_DAG_RUN_ID='scheduled__2025-01-28T00:00:00+00:00'
[2025-02-25T09:50:40.809+0000] {python.py:194} INFO - Done. Returned value was: None
[2025-02-25T09:50:40.829+0000] {taskinstance.py:1400} INFO - Marking task as SUCCESS. dag_id=yfinance_ingestion_dag, task_id=store_raw_data_in_hdfs, execution_date=20250128T000000, start_date=20250225T095001, end_date=20250225T095040
[2025-02-25T09:50:40.876+0000] {local_task_job_runner.py:228} INFO - Task exited with return code 0
[2025-02-25T09:50:40.943+0000] {taskinstance.py:2784} INFO - 0 downstream tasks scheduled from follow-on schedule check
[2025-02-26T20:25:32.529+0000] {taskinstance.py:1159} INFO - Dependencies all met for dep_context=non-requeueable deps ti=<TaskInstance: yfinance_ingestion_dag.store_raw_data_in_hdfs scheduled__2025-01-28T00:00:00+00:00 [queued]>
[2025-02-26T20:25:32.636+0000] {taskinstance.py:1159} INFO - Dependencies all met for dep_context=requeueable deps ti=<TaskInstance: yfinance_ingestion_dag.store_raw_data_in_hdfs scheduled__2025-01-28T00:00:00+00:00 [queued]>
[2025-02-26T20:25:32.663+0000] {taskinstance.py:1361} INFO - Starting attempt 1 of 2
[2025-02-26T20:25:32.730+0000] {taskinstance.py:1382} INFO - Executing <Task(PythonOperator): store_raw_data_in_hdfs> on 2025-01-28 00:00:00+00:00
[2025-02-26T20:25:32.746+0000] {standard_task_runner.py:57} INFO - Started process 1355 to run task
[2025-02-26T20:25:32.749+0000] {standard_task_runner.py:84} INFO - Running: ['***', 'tasks', 'run', 'yfinance_ingestion_dag', 'store_raw_data_in_hdfs', 'scheduled__2025-01-28T00:00:00+00:00', '--job-id', '146', '--raw', '--subdir', 'DAGS_FOLDER/pipeline.py', '--cfg-path', '/tmp/tmp0oijvn2m']
[2025-02-26T20:25:32.762+0000] {standard_task_runner.py:85} INFO - Job 146: Subtask store_raw_data_in_hdfs
[2025-02-26T20:25:32.949+0000] {task_command.py:415} INFO - Running <TaskInstance: yfinance_ingestion_dag.store_raw_data_in_hdfs scheduled__2025-01-28T00:00:00+00:00 [running]> on host c96a1011f5a3
[2025-02-26T20:25:33.379+0000] {taskinstance.py:1660} INFO - Exporting env vars: AIRFLOW_CTX_DAG_OWNER='etudiant' AIRFLOW_CTX_DAG_ID='yfinance_ingestion_dag' AIRFLOW_CTX_TASK_ID='store_raw_data_in_hdfs' AIRFLOW_CTX_EXECUTION_DATE='2025-01-28T00:00:00+00:00' AIRFLOW_CTX_TRY_NUMBER='1' AIRFLOW_CTX_DAG_RUN_ID='scheduled__2025-01-28T00:00:00+00:00'
[2025-02-26T20:26:04.997+0000] {python.py:194} INFO - Done. Returned value was: None
[2025-02-26T20:26:05.011+0000] {taskinstance.py:1400} INFO - Marking task as SUCCESS. dag_id=yfinance_ingestion_dag, task_id=store_raw_data_in_hdfs, execution_date=20250128T000000, start_date=20250226T202532, end_date=20250226T202605
[2025-02-26T20:26:05.059+0000] {local_task_job_runner.py:228} INFO - Task exited with return code 0
[2025-02-26T20:26:05.100+0000] {taskinstance.py:2784} INFO - 1 downstream tasks scheduled from follow-on schedule check
[2025-02-26T20:39:13.326+0000] {taskinstance.py:1159} INFO - Dependencies all met for dep_context=non-requeueable deps ti=<TaskInstance: yfinance_ingestion_dag.store_raw_data_in_hdfs scheduled__2025-01-28T00:00:00+00:00 [queued]>
[2025-02-26T20:39:13.366+0000] {taskinstance.py:1159} INFO - Dependencies all met for dep_context=requeueable deps ti=<TaskInstance: yfinance_ingestion_dag.store_raw_data_in_hdfs scheduled__2025-01-28T00:00:00+00:00 [queued]>
[2025-02-26T20:39:13.367+0000] {taskinstance.py:1361} INFO - Starting attempt 1 of 2
[2025-02-26T20:39:13.422+0000] {taskinstance.py:1382} INFO - Executing <Task(PythonOperator): store_raw_data_in_hdfs> on 2025-01-28 00:00:00+00:00
[2025-02-26T20:39:13.454+0000] {standard_task_runner.py:57} INFO - Started process 512 to run task
[2025-02-26T20:39:13.468+0000] {standard_task_runner.py:84} INFO - Running: ['***', 'tasks', 'run', 'yfinance_ingestion_dag', 'store_raw_data_in_hdfs', 'scheduled__2025-01-28T00:00:00+00:00', '--job-id', '233', '--raw', '--subdir', 'DAGS_FOLDER/pipeline.py', '--cfg-path', '/tmp/tmphq9b3gru']
[2025-02-26T20:39:13.475+0000] {standard_task_runner.py:85} INFO - Job 233: Subtask store_raw_data_in_hdfs
[2025-02-26T20:39:13.677+0000] {task_command.py:415} INFO - Running <TaskInstance: yfinance_ingestion_dag.store_raw_data_in_hdfs scheduled__2025-01-28T00:00:00+00:00 [running]> on host 3c0faf52b292
[2025-02-26T20:39:14.018+0000] {taskinstance.py:1660} INFO - Exporting env vars: AIRFLOW_CTX_DAG_OWNER='etudiant' AIRFLOW_CTX_DAG_ID='yfinance_ingestion_dag' AIRFLOW_CTX_TASK_ID='store_raw_data_in_hdfs' AIRFLOW_CTX_EXECUTION_DATE='2025-01-28T00:00:00+00:00' AIRFLOW_CTX_TRY_NUMBER='1' AIRFLOW_CTX_DAG_RUN_ID='scheduled__2025-01-28T00:00:00+00:00'
[2025-02-26T20:39:13.844+0000] {python.py:194} INFO - Done. Returned value was: None
[2025-02-26T20:39:13.882+0000] {taskinstance.py:1400} INFO - Marking task as SUCCESS. dag_id=yfinance_ingestion_dag, task_id=store_raw_data_in_hdfs, execution_date=20250128T000000, start_date=20250226T203913, end_date=20250226T203913
[2025-02-26T20:39:14.051+0000] {local_task_job_runner.py:228} INFO - Task exited with return code 0
[2025-02-26T20:39:14.187+0000] {taskinstance.py:2784} INFO - 1 downstream tasks scheduled from follow-on schedule check
[2025-02-26T20:43:24.674+0000] {taskinstance.py:1159} INFO - Dependencies all met for dep_context=non-requeueable deps ti=<TaskInstance: yfinance_ingestion_dag.store_raw_data_in_hdfs scheduled__2025-01-28T00:00:00+00:00 [queued]>
[2025-02-26T20:43:24.695+0000] {taskinstance.py:1159} INFO - Dependencies all met for dep_context=requeueable deps ti=<TaskInstance: yfinance_ingestion_dag.store_raw_data_in_hdfs scheduled__2025-01-28T00:00:00+00:00 [queued]>
[2025-02-26T20:43:24.696+0000] {taskinstance.py:1361} INFO - Starting attempt 1 of 2
[2025-02-26T20:43:24.724+0000] {taskinstance.py:1382} INFO - Executing <Task(PythonOperator): store_raw_data_in_hdfs> on 2025-01-28 00:00:00+00:00
[2025-02-26T20:43:24.736+0000] {standard_task_runner.py:57} INFO - Started process 2051 to run task
[2025-02-26T20:43:24.741+0000] {standard_task_runner.py:84} INFO - Running: ['***', 'tasks', 'run', 'yfinance_ingestion_dag', 'store_raw_data_in_hdfs', 'scheduled__2025-01-28T00:00:00+00:00', '--job-id', '346', '--raw', '--subdir', 'DAGS_FOLDER/pipeline.py', '--cfg-path', '/tmp/tmpkh9_yr6m']
[2025-02-26T20:43:24.748+0000] {standard_task_runner.py:85} INFO - Job 346: Subtask store_raw_data_in_hdfs
[2025-02-26T20:43:24.831+0000] {task_command.py:415} INFO - Running <TaskInstance: yfinance_ingestion_dag.store_raw_data_in_hdfs scheduled__2025-01-28T00:00:00+00:00 [running]> on host 3c0faf52b292
[2025-02-26T20:43:24.985+0000] {taskinstance.py:1660} INFO - Exporting env vars: AIRFLOW_CTX_DAG_OWNER='etudiant' AIRFLOW_CTX_DAG_ID='yfinance_ingestion_dag' AIRFLOW_CTX_TASK_ID='store_raw_data_in_hdfs' AIRFLOW_CTX_EXECUTION_DATE='2025-01-28T00:00:00+00:00' AIRFLOW_CTX_TRY_NUMBER='1' AIRFLOW_CTX_DAG_RUN_ID='scheduled__2025-01-28T00:00:00+00:00'
[2025-02-26T20:43:32.757+0000] {python.py:194} INFO - Done. Returned value was: None
[2025-02-26T20:43:32.771+0000] {taskinstance.py:1400} INFO - Marking task as SUCCESS. dag_id=yfinance_ingestion_dag, task_id=store_raw_data_in_hdfs, execution_date=20250128T000000, start_date=20250226T204324, end_date=20250226T204332
[2025-02-26T20:43:32.826+0000] {local_task_job_runner.py:228} INFO - Task exited with return code 0
[2025-02-26T20:43:32.867+0000] {taskinstance.py:2784} INFO - 1 downstream tasks scheduled from follow-on schedule check
[2025-02-27T14:55:41.013+0000] {taskinstance.py:1157} INFO - Dependencies all met for dep_context=non-requeueable deps ti=<TaskInstance: yfinance_ingestion_dag.store_raw_data_in_hdfs scheduled__2025-01-28T00:00:00+00:00 [queued]>
[2025-02-27T14:55:41.050+0000] {taskinstance.py:1157} INFO - Dependencies all met for dep_context=requeueable deps ti=<TaskInstance: yfinance_ingestion_dag.store_raw_data_in_hdfs scheduled__2025-01-28T00:00:00+00:00 [queued]>
[2025-02-27T14:55:41.052+0000] {taskinstance.py:1359} INFO - Starting attempt 1 of 1
[2025-02-27T14:55:41.098+0000] {taskinstance.py:1380} INFO - Executing <Task(PythonOperator): store_raw_data_in_hdfs> on 2025-01-28 00:00:00+00:00
[2025-02-27T14:55:41.114+0000] {standard_task_runner.py:57} INFO - Started process 368 to run task
[2025-02-27T14:55:41.121+0000] {standard_task_runner.py:84} INFO - Running: ['***', 'tasks', 'run', 'yfinance_ingestion_dag', 'store_raw_data_in_hdfs', 'scheduled__2025-01-28T00:00:00+00:00', '--job-id', '63', '--raw', '--subdir', 'DAGS_FOLDER/pipeline.py', '--cfg-path', '/tmp/tmpcjrjl9oh']
[2025-02-27T14:55:41.125+0000] {standard_task_runner.py:85} INFO - Job 63: Subtask store_raw_data_in_hdfs
[2025-02-27T14:55:41.262+0000] {task_command.py:415} INFO - Running <TaskInstance: yfinance_ingestion_dag.store_raw_data_in_hdfs scheduled__2025-01-28T00:00:00+00:00 [running]> on host a71f042480b6
[2025-02-27T14:55:41.422+0000] {taskinstance.py:1660} INFO - Exporting env vars: AIRFLOW_CTX_DAG_OWNER='etudiant' AIRFLOW_CTX_DAG_ID='yfinance_ingestion_dag' AIRFLOW_CTX_TASK_ID='store_raw_data_in_hdfs' AIRFLOW_CTX_EXECUTION_DATE='2025-01-28T00:00:00+00:00' AIRFLOW_CTX_TRY_NUMBER='1' AIRFLOW_CTX_DAG_RUN_ID='scheduled__2025-01-28T00:00:00+00:00'
[2025-02-27T14:55:41.443+0000] {taskinstance.py:1935} ERROR - Task failed with exception
Traceback (most recent call last):
  File "/home/airflow/.local/lib/python3.8/site-packages/airflow/operators/python.py", line 192, in execute
    return_value = self.execute_callable()
  File "/home/airflow/.local/lib/python3.8/site-packages/airflow/operators/python.py", line 209, in execute_callable
    return self.python_callable(*self.op_args, **self.op_kwargs)
  File "/opt/airflow/dags/pipeline.py", line 82, in store_raw_data_in_hdfs
    with open(local_file, 'w') as f:
PermissionError: [Errno 13] Permission denied: '/mnt/hadoop_data/yfinance_raw.json'
[2025-02-27T14:55:41.461+0000] {taskinstance.py:1398} INFO - Marking task as FAILED. dag_id=yfinance_ingestion_dag, task_id=store_raw_data_in_hdfs, execution_date=20250128T000000, start_date=20250227T145541, end_date=20250227T145541
[2025-02-27T14:55:41.480+0000] {standard_task_runner.py:104} ERROR - Failed to execute job 63 for task store_raw_data_in_hdfs ([Errno 13] Permission denied: '/mnt/hadoop_data/yfinance_raw.json'; 368)
[2025-02-27T14:55:41.500+0000] {local_task_job_runner.py:228} INFO - Task exited with return code 1
[2025-02-27T14:55:41.538+0000] {taskinstance.py:2776} INFO - 0 downstream tasks scheduled from follow-on schedule check
