[2025-02-24T10:00:09.667+0000] {taskinstance.py:1157} INFO - Dependencies all met for dep_context=non-requeueable deps ti=<TaskInstance: coingecko_ingestion_dag.store_raw_data_in_hdfs manual__2025-02-24T10:00:05.906033+00:00 [queued]>
[2025-02-24T10:00:09.678+0000] {taskinstance.py:1157} INFO - Dependencies all met for dep_context=requeueable deps ti=<TaskInstance: coingecko_ingestion_dag.store_raw_data_in_hdfs manual__2025-02-24T10:00:05.906033+00:00 [queued]>
[2025-02-24T10:00:09.679+0000] {taskinstance.py:1359} INFO - Starting attempt 1 of 2
[2025-02-24T10:00:09.697+0000] {taskinstance.py:1380} INFO - Executing <Task(PythonOperator): store_raw_data_in_hdfs> on 2025-02-24 10:00:05.906033+00:00
[2025-02-24T10:00:09.702+0000] {standard_task_runner.py:57} INFO - Started process 594 to run task
[2025-02-24T10:00:09.704+0000] {standard_task_runner.py:84} INFO - Running: ['***', 'tasks', 'run', 'coingecko_ingestion_dag', 'store_raw_data_in_hdfs', 'manual__2025-02-24T10:00:05.906033+00:00', '--job-id', '10', '--raw', '--subdir', 'DAGS_FOLDER/pipeline.py', '--cfg-path', '/tmp/tmp0ovdyamw']
[2025-02-24T10:00:09.712+0000] {standard_task_runner.py:85} INFO - Job 10: Subtask store_raw_data_in_hdfs
[2025-02-24T10:00:09.780+0000] {task_command.py:415} INFO - Running <TaskInstance: coingecko_ingestion_dag.store_raw_data_in_hdfs manual__2025-02-24T10:00:05.906033+00:00 [running]> on host 5a79a95162ce
[2025-02-24T10:00:09.878+0000] {taskinstance.py:1660} INFO - Exporting env vars: AIRFLOW_CTX_DAG_OWNER='etudiant' AIRFLOW_CTX_DAG_ID='coingecko_ingestion_dag' AIRFLOW_CTX_TASK_ID='store_raw_data_in_hdfs' AIRFLOW_CTX_EXECUTION_DATE='2025-02-24T10:00:05.906033+00:00' AIRFLOW_CTX_TRY_NUMBER='1' AIRFLOW_CTX_DAG_RUN_ID='manual__2025-02-24T10:00:05.906033+00:00'
[2025-02-24T10:00:09.938+0000] {taskinstance.py:1935} ERROR - Task failed with exception
Traceback (most recent call last):
  File "/home/airflow/.local/lib/python3.8/site-packages/airflow/operators/python.py", line 192, in execute
    return_value = self.execute_callable()
  File "/home/airflow/.local/lib/python3.8/site-packages/airflow/operators/python.py", line 209, in execute_callable
    return self.python_callable(*self.op_args, **self.op_kwargs)
  File "/opt/airflow/dags/pipeline.py", line 95, in store_raw_data_in_hdfs
    subprocess.run(["docker", "exec", "namenode", "hdfs", "dfs", "-mkdir", f"-p {hdfs_dir}","&&","hdfs","dfs","-put",f"-f {local_file} {hdfs_file_path}"],check=True)
  File "/usr/local/lib/python3.8/subprocess.py", line 516, in run
    raise CalledProcessError(retcode, process.args,
subprocess.CalledProcessError: Command '['docker', 'exec', 'namenode', 'hdfs', 'dfs', '-mkdir', '-p /user/etudiant/crypto/raw/YYYY=2025/MM=02/DD=24', '&&', 'hdfs', 'dfs', '-put', '-f /tmp/coingecko_raw.json /user/etudiant/crypto/raw/YYYY=2025/MM=02/DD=24/coingecko_raw.json']' returned non-zero exit status 1.
[2025-02-24T10:00:09.958+0000] {taskinstance.py:1398} INFO - Marking task as UP_FOR_RETRY. dag_id=coingecko_ingestion_dag, task_id=store_raw_data_in_hdfs, execution_date=20250224T100005, start_date=20250224T100009, end_date=20250224T100009
[2025-02-24T10:00:09.974+0000] {standard_task_runner.py:104} ERROR - Failed to execute job 10 for task store_raw_data_in_hdfs (Command '['docker', 'exec', 'namenode', 'hdfs', 'dfs', '-mkdir', '-p /user/etudiant/crypto/raw/YYYY=2025/MM=02/DD=24', '&&', 'hdfs', 'dfs', '-put', '-f /tmp/coingecko_raw.json /user/etudiant/crypto/raw/YYYY=2025/MM=02/DD=24/coingecko_raw.json']' returned non-zero exit status 1.; 594)
[2025-02-24T10:00:09.999+0000] {local_task_job_runner.py:228} INFO - Task exited with return code 1
[2025-02-24T10:00:10.017+0000] {taskinstance.py:2776} INFO - 0 downstream tasks scheduled from follow-on schedule check
