[2025-02-25T09:48:44.937+0000] {taskinstance.py:1159} INFO - Dependencies all met for dep_context=non-requeueable deps ti=<TaskInstance: yfinance_ingestion_dag.store_raw_data_in_hdfs scheduled__2025-01-12T00:00:00+00:00 [queued]>
[2025-02-25T09:48:45.080+0000] {taskinstance.py:1159} INFO - Dependencies all met for dep_context=requeueable deps ti=<TaskInstance: yfinance_ingestion_dag.store_raw_data_in_hdfs scheduled__2025-01-12T00:00:00+00:00 [queued]>
[2025-02-25T09:48:45.081+0000] {taskinstance.py:1361} INFO - Starting attempt 1 of 2
[2025-02-25T09:48:45.165+0000] {taskinstance.py:1382} INFO - Executing <Task(PythonOperator): store_raw_data_in_hdfs> on 2025-01-12 00:00:00+00:00
[2025-02-25T09:48:45.209+0000] {standard_task_runner.py:57} INFO - Started process 347 to run task
[2025-02-25T09:48:45.234+0000] {standard_task_runner.py:84} INFO - Running: ['***', 'tasks', 'run', 'yfinance_ingestion_dag', 'store_raw_data_in_hdfs', 'scheduled__2025-01-12T00:00:00+00:00', '--job-id', '60', '--raw', '--subdir', 'DAGS_FOLDER/test_hello.py', '--cfg-path', '/tmp/tmp8r1gxxr3']
[2025-02-25T09:48:45.267+0000] {standard_task_runner.py:85} INFO - Job 60: Subtask store_raw_data_in_hdfs
[2025-02-25T09:48:45.607+0000] {task_command.py:415} INFO - Running <TaskInstance: yfinance_ingestion_dag.store_raw_data_in_hdfs scheduled__2025-01-12T00:00:00+00:00 [running]> on host 6dbd75e48aaa
[2025-02-25T09:48:46.039+0000] {taskinstance.py:1660} INFO - Exporting env vars: AIRFLOW_CTX_DAG_OWNER='etudiant' AIRFLOW_CTX_DAG_ID='yfinance_ingestion_dag' AIRFLOW_CTX_TASK_ID='store_raw_data_in_hdfs' AIRFLOW_CTX_EXECUTION_DATE='2025-01-12T00:00:00+00:00' AIRFLOW_CTX_TRY_NUMBER='1' AIRFLOW_CTX_DAG_RUN_ID='scheduled__2025-01-12T00:00:00+00:00'
[2025-02-25T09:49:37.922+0000] {python.py:194} INFO - Done. Returned value was: None
[2025-02-25T09:49:38.170+0000] {taskinstance.py:1400} INFO - Marking task as SUCCESS. dag_id=yfinance_ingestion_dag, task_id=store_raw_data_in_hdfs, execution_date=20250112T000000, start_date=20250225T094844, end_date=20250225T094938
[2025-02-25T09:49:38.492+0000] {local_task_job_runner.py:228} INFO - Task exited with return code 0
[2025-02-25T09:49:38.711+0000] {taskinstance.py:2784} INFO - 0 downstream tasks scheduled from follow-on schedule check
[2025-02-26T20:10:58.266+0000] {taskinstance.py:1159} INFO - Dependencies all met for dep_context=non-requeueable deps ti=<TaskInstance: yfinance_ingestion_dag.store_raw_data_in_hdfs scheduled__2025-01-12T00:00:00+00:00 [queued]>
[2025-02-26T20:10:58.290+0000] {taskinstance.py:1159} INFO - Dependencies all met for dep_context=requeueable deps ti=<TaskInstance: yfinance_ingestion_dag.store_raw_data_in_hdfs scheduled__2025-01-12T00:00:00+00:00 [queued]>
[2025-02-26T20:10:58.291+0000] {taskinstance.py:1361} INFO - Starting attempt 1 of 2
[2025-02-26T20:10:58.312+0000] {taskinstance.py:1382} INFO - Executing <Task(PythonOperator): store_raw_data_in_hdfs> on 2025-01-12 00:00:00+00:00
[2025-02-26T20:10:58.322+0000] {standard_task_runner.py:57} INFO - Started process 539 to run task
[2025-02-26T20:10:58.326+0000] {standard_task_runner.py:84} INFO - Running: ['***', 'tasks', 'run', 'yfinance_ingestion_dag', 'store_raw_data_in_hdfs', 'scheduled__2025-01-12T00:00:00+00:00', '--job-id', '65', '--raw', '--subdir', 'DAGS_FOLDER/pipeline.py', '--cfg-path', '/tmp/tmpjaargqvw']
[2025-02-26T20:10:58.332+0000] {standard_task_runner.py:85} INFO - Job 65: Subtask store_raw_data_in_hdfs
[2025-02-26T20:10:58.405+0000] {task_command.py:415} INFO - Running <TaskInstance: yfinance_ingestion_dag.store_raw_data_in_hdfs scheduled__2025-01-12T00:00:00+00:00 [running]> on host e304e68c626e
[2025-02-26T20:10:58.530+0000] {taskinstance.py:1660} INFO - Exporting env vars: AIRFLOW_CTX_DAG_OWNER='etudiant' AIRFLOW_CTX_DAG_ID='yfinance_ingestion_dag' AIRFLOW_CTX_TASK_ID='store_raw_data_in_hdfs' AIRFLOW_CTX_EXECUTION_DATE='2025-01-12T00:00:00+00:00' AIRFLOW_CTX_TRY_NUMBER='1' AIRFLOW_CTX_DAG_RUN_ID='scheduled__2025-01-12T00:00:00+00:00'
[2025-02-26T20:10:58.549+0000] {taskinstance.py:1943} ERROR - Task failed with exception
Traceback (most recent call last):
  File "/home/airflow/.local/lib/python3.8/site-packages/airflow/operators/python.py", line 192, in execute
    return_value = self.execute_callable()
  File "/home/airflow/.local/lib/python3.8/site-packages/airflow/operators/python.py", line 209, in execute_callable
    return self.python_callable(*self.op_args, **self.op_kwargs)
  File "/opt/airflow/dags/pipeline.py", line 84, in store_raw_data_in_hdfs
    with open(local_file, 'w') as f:
PermissionError: [Errno 13] Permission denied: '/mnt/hadoop_data/yfinance_raw.json'
[2025-02-26T20:10:58.564+0000] {taskinstance.py:1400} INFO - Marking task as UP_FOR_RETRY. dag_id=yfinance_ingestion_dag, task_id=store_raw_data_in_hdfs, execution_date=20250112T000000, start_date=20250226T201058, end_date=20250226T201058
[2025-02-26T20:10:58.584+0000] {standard_task_runner.py:104} ERROR - Failed to execute job 65 for task store_raw_data_in_hdfs ([Errno 13] Permission denied: '/mnt/hadoop_data/yfinance_raw.json'; 539)
[2025-02-26T20:10:58.621+0000] {local_task_job_runner.py:228} INFO - Task exited with return code 1
[2025-02-26T20:10:58.659+0000] {taskinstance.py:2784} INFO - 0 downstream tasks scheduled from follow-on schedule check
[2025-02-26T20:30:28.426+0000] {taskinstance.py:1159} INFO - Dependencies all met for dep_context=non-requeueable deps ti=<TaskInstance: yfinance_ingestion_dag.store_raw_data_in_hdfs scheduled__2025-01-12T00:00:00+00:00 [queued]>
[2025-02-26T20:30:28.465+0000] {taskinstance.py:1159} INFO - Dependencies all met for dep_context=requeueable deps ti=<TaskInstance: yfinance_ingestion_dag.store_raw_data_in_hdfs scheduled__2025-01-12T00:00:00+00:00 [queued]>
[2025-02-26T20:30:28.466+0000] {taskinstance.py:1361} INFO - Starting attempt 1 of 2
[2025-02-26T20:30:28.545+0000] {taskinstance.py:1382} INFO - Executing <Task(PythonOperator): store_raw_data_in_hdfs> on 2025-01-12 00:00:00+00:00
[2025-02-26T20:30:28.596+0000] {standard_task_runner.py:57} INFO - Started process 1795 to run task
[2025-02-26T20:30:28.602+0000] {standard_task_runner.py:84} INFO - Running: ['***', 'tasks', 'run', 'yfinance_ingestion_dag', 'store_raw_data_in_hdfs', 'scheduled__2025-01-12T00:00:00+00:00', '--job-id', '177', '--raw', '--subdir', 'DAGS_FOLDER/pipeline.py', '--cfg-path', '/tmp/tmpvt1pm4c4']
[2025-02-26T20:30:28.643+0000] {standard_task_runner.py:85} INFO - Job 177: Subtask store_raw_data_in_hdfs
[2025-02-26T20:30:28.930+0000] {task_command.py:415} INFO - Running <TaskInstance: yfinance_ingestion_dag.store_raw_data_in_hdfs scheduled__2025-01-12T00:00:00+00:00 [running]> on host c96a1011f5a3
[2025-02-26T20:30:29.521+0000] {taskinstance.py:1660} INFO - Exporting env vars: AIRFLOW_CTX_DAG_OWNER='etudiant' AIRFLOW_CTX_DAG_ID='yfinance_ingestion_dag' AIRFLOW_CTX_TASK_ID='store_raw_data_in_hdfs' AIRFLOW_CTX_EXECUTION_DATE='2025-01-12T00:00:00+00:00' AIRFLOW_CTX_TRY_NUMBER='1' AIRFLOW_CTX_DAG_RUN_ID='scheduled__2025-01-12T00:00:00+00:00'
[2025-02-26T20:31:02.478+0000] {python.py:194} INFO - Done. Returned value was: None
[2025-02-26T20:31:02.511+0000] {taskinstance.py:1400} INFO - Marking task as SUCCESS. dag_id=yfinance_ingestion_dag, task_id=store_raw_data_in_hdfs, execution_date=20250112T000000, start_date=20250226T203028, end_date=20250226T203102
[2025-02-26T20:31:02.937+0000] {local_task_job_runner.py:228} INFO - Task exited with return code 0
[2025-02-26T20:31:02.996+0000] {taskinstance.py:2784} INFO - 1 downstream tasks scheduled from follow-on schedule check
[2025-02-26T20:40:14.056+0000] {taskinstance.py:1159} INFO - Dependencies all met for dep_context=non-requeueable deps ti=<TaskInstance: yfinance_ingestion_dag.store_raw_data_in_hdfs scheduled__2025-01-12T00:00:00+00:00 [queued]>
[2025-02-26T20:40:14.107+0000] {taskinstance.py:1159} INFO - Dependencies all met for dep_context=requeueable deps ti=<TaskInstance: yfinance_ingestion_dag.store_raw_data_in_hdfs scheduled__2025-01-12T00:00:00+00:00 [queued]>
[2025-02-26T20:40:14.110+0000] {taskinstance.py:1361} INFO - Starting attempt 1 of 2
[2025-02-26T20:40:14.197+0000] {taskinstance.py:1382} INFO - Executing <Task(PythonOperator): store_raw_data_in_hdfs> on 2025-01-12 00:00:00+00:00
[2025-02-26T20:40:14.217+0000] {standard_task_runner.py:57} INFO - Started process 1266 to run task
[2025-02-26T20:40:14.244+0000] {standard_task_runner.py:84} INFO - Running: ['***', 'tasks', 'run', 'yfinance_ingestion_dag', 'store_raw_data_in_hdfs', 'scheduled__2025-01-12T00:00:00+00:00', '--job-id', '292', '--raw', '--subdir', 'DAGS_FOLDER/pipeline.py', '--cfg-path', '/tmp/tmp6k8i2jtb']
[2025-02-26T20:40:14.257+0000] {standard_task_runner.py:85} INFO - Job 292: Subtask store_raw_data_in_hdfs
[2025-02-26T20:40:14.461+0000] {task_command.py:415} INFO - Running <TaskInstance: yfinance_ingestion_dag.store_raw_data_in_hdfs scheduled__2025-01-12T00:00:00+00:00 [running]> on host 3c0faf52b292
[2025-02-26T20:40:14.730+0000] {taskinstance.py:1660} INFO - Exporting env vars: AIRFLOW_CTX_DAG_OWNER='etudiant' AIRFLOW_CTX_DAG_ID='yfinance_ingestion_dag' AIRFLOW_CTX_TASK_ID='store_raw_data_in_hdfs' AIRFLOW_CTX_EXECUTION_DATE='2025-01-12T00:00:00+00:00' AIRFLOW_CTX_TRY_NUMBER='1' AIRFLOW_CTX_DAG_RUN_ID='scheduled__2025-01-12T00:00:00+00:00'
[2025-02-26T20:40:54.615+0000] {python.py:194} INFO - Done. Returned value was: None
[2025-02-26T20:40:54.659+0000] {taskinstance.py:1400} INFO - Marking task as SUCCESS. dag_id=yfinance_ingestion_dag, task_id=store_raw_data_in_hdfs, execution_date=20250112T000000, start_date=20250226T204014, end_date=20250226T204054
[2025-02-26T20:40:55.056+0000] {local_task_job_runner.py:228} INFO - Task exited with return code 0
[2025-02-26T20:40:55.136+0000] {taskinstance.py:2784} INFO - 1 downstream tasks scheduled from follow-on schedule check
[2025-02-27T14:55:20.468+0000] {taskinstance.py:1157} INFO - Dependencies all met for dep_context=non-requeueable deps ti=<TaskInstance: yfinance_ingestion_dag.store_raw_data_in_hdfs scheduled__2025-01-12T00:00:00+00:00 [queued]>
[2025-02-27T14:55:20.507+0000] {taskinstance.py:1157} INFO - Dependencies all met for dep_context=requeueable deps ti=<TaskInstance: yfinance_ingestion_dag.store_raw_data_in_hdfs scheduled__2025-01-12T00:00:00+00:00 [queued]>
[2025-02-27T14:55:20.508+0000] {taskinstance.py:1359} INFO - Starting attempt 1 of 1
[2025-02-27T14:55:20.606+0000] {taskinstance.py:1380} INFO - Executing <Task(PythonOperator): store_raw_data_in_hdfs> on 2025-01-12 00:00:00+00:00
[2025-02-27T14:55:20.629+0000] {standard_task_runner.py:57} INFO - Started process 274 to run task
[2025-02-27T14:55:20.642+0000] {standard_task_runner.py:84} INFO - Running: ['***', 'tasks', 'run', 'yfinance_ingestion_dag', 'store_raw_data_in_hdfs', 'scheduled__2025-01-12T00:00:00+00:00', '--job-id', '31', '--raw', '--subdir', 'DAGS_FOLDER/pipeline.py', '--cfg-path', '/tmp/tmp40vx34xt']
[2025-02-27T14:55:20.647+0000] {standard_task_runner.py:85} INFO - Job 31: Subtask store_raw_data_in_hdfs
[2025-02-27T14:55:20.833+0000] {task_command.py:415} INFO - Running <TaskInstance: yfinance_ingestion_dag.store_raw_data_in_hdfs scheduled__2025-01-12T00:00:00+00:00 [running]> on host a71f042480b6
[2025-02-27T14:55:21.088+0000] {taskinstance.py:1660} INFO - Exporting env vars: AIRFLOW_CTX_DAG_OWNER='etudiant' AIRFLOW_CTX_DAG_ID='yfinance_ingestion_dag' AIRFLOW_CTX_TASK_ID='store_raw_data_in_hdfs' AIRFLOW_CTX_EXECUTION_DATE='2025-01-12T00:00:00+00:00' AIRFLOW_CTX_TRY_NUMBER='1' AIRFLOW_CTX_DAG_RUN_ID='scheduled__2025-01-12T00:00:00+00:00'
[2025-02-27T14:55:21.135+0000] {taskinstance.py:1935} ERROR - Task failed with exception
Traceback (most recent call last):
  File "/home/airflow/.local/lib/python3.8/site-packages/airflow/operators/python.py", line 192, in execute
    return_value = self.execute_callable()
  File "/home/airflow/.local/lib/python3.8/site-packages/airflow/operators/python.py", line 209, in execute_callable
    return self.python_callable(*self.op_args, **self.op_kwargs)
  File "/opt/airflow/dags/pipeline.py", line 82, in store_raw_data_in_hdfs
    with open(local_file, 'w') as f:
PermissionError: [Errno 13] Permission denied: '/mnt/hadoop_data/yfinance_raw.json'
[2025-02-27T14:55:21.173+0000] {taskinstance.py:1398} INFO - Marking task as FAILED. dag_id=yfinance_ingestion_dag, task_id=store_raw_data_in_hdfs, execution_date=20250112T000000, start_date=20250227T145520, end_date=20250227T145521
[2025-02-27T14:55:21.216+0000] {standard_task_runner.py:104} ERROR - Failed to execute job 31 for task store_raw_data_in_hdfs ([Errno 13] Permission denied: '/mnt/hadoop_data/yfinance_raw.json'; 274)
[2025-02-27T14:55:21.281+0000] {local_task_job_runner.py:228} INFO - Task exited with return code 1
[2025-02-27T14:55:21.694+0000] {taskinstance.py:2776} INFO - 0 downstream tasks scheduled from follow-on schedule check
