[2025-02-27T09:30:37.568+0000] {taskinstance.py:1159} INFO - Dependencies all met for dep_context=non-requeueable deps ti=<TaskInstance: yfinance_ingestion_dag.fetch_data manual__2025-02-27T09:30:34.203031+00:00 [queued]>
[2025-02-27T09:30:37.581+0000] {taskinstance.py:1159} INFO - Dependencies all met for dep_context=requeueable deps ti=<TaskInstance: yfinance_ingestion_dag.fetch_data manual__2025-02-27T09:30:34.203031+00:00 [queued]>
[2025-02-27T09:30:37.582+0000] {taskinstance.py:1361} INFO - Starting attempt 1 of 1
[2025-02-27T09:30:37.600+0000] {taskinstance.py:1382} INFO - Executing <Task(PythonOperator): fetch_data> on 2025-02-27 09:30:34.203031+00:00
[2025-02-27T09:30:37.613+0000] {standard_task_runner.py:57} INFO - Started process 4476 to run task
[2025-02-27T09:30:37.617+0000] {standard_task_runner.py:84} INFO - Running: ['***', 'tasks', 'run', 'yfinance_ingestion_dag', 'fetch_data', 'manual__2025-02-27T09:30:34.203031+00:00', '--job-id', '455', '--raw', '--subdir', 'DAGS_FOLDER/pipeline.py', '--cfg-path', '/tmp/tmpsiqzm2ye']
[2025-02-27T09:30:37.622+0000] {standard_task_runner.py:85} INFO - Job 455: Subtask fetch_data
[2025-02-27T09:30:37.691+0000] {task_command.py:415} INFO - Running <TaskInstance: yfinance_ingestion_dag.fetch_data manual__2025-02-27T09:30:34.203031+00:00 [running]> on host 09ff8bd65149
[2025-02-27T09:30:37.815+0000] {taskinstance.py:1660} INFO - Exporting env vars: AIRFLOW_CTX_DAG_OWNER='etudiant' AIRFLOW_CTX_DAG_ID='yfinance_ingestion_dag' AIRFLOW_CTX_TASK_ID='fetch_data' AIRFLOW_CTX_EXECUTION_DATE='2025-02-27T09:30:34.203031+00:00' AIRFLOW_CTX_TRY_NUMBER='1' AIRFLOW_CTX_DAG_RUN_ID='manual__2025-02-27T09:30:34.203031+00:00'
[2025-02-27T09:30:39.181+0000] {logging_mixin.py:151} INFO - [
    {
        "datetime": "2025-02-26T09:00:00.000Z",
        "open_price": 88422.328125,
        "high_price": 89208.5078125,
        "low_price": 88422.328125,
        "close_price": 89055.546875,
        "volume": 0,
        "coin": "BTC"
    },
    {
        "datetime": "2025-02-26T10:00:00.000Z",
        "open_price": 89059.828125,
        "high_price": 89222.5390625,
        "low_price": 88848.34375,
        "close_price": 89222.5390625,
        "volume": 0,
        "coin": "BTC"
    },
    {
        "datetime": "2025-02-26T11:00:00.000Z",
        "open_price": 89193.125,
        "high_price": 89193.125,
        "low_price": 88611.8515625,
        "close_price": 88611.8515625,
        "volume": 0,
        "coin": "BTC"
    },
    {
        "datetime": "2025-02-26T12:00:00.000Z",
        "open_price": 88550.4609375,
        "high_price": 88573.2265625,
        "low_price": 87584.6796875,
        "close_price": 87811.6484375,
        "volume": 0,
        "coin": "BTC"
    },
    {
        "datetime": "2025-02-26T13:00:00.000Z",
        "open_price": 87886.1875,
        "high_price": 87940.3203125,
        "low_price": 87053.234375,
        "close_price": 87053.234375,
        "volume": 0,
        "coin": "BTC"
    }
]
[2025-02-27T09:30:39.206+0000] {python.py:194} INFO - Done. Returned value was: None
[2025-02-27T09:30:39.220+0000] {taskinstance.py:1400} INFO - Marking task as SUCCESS. dag_id=yfinance_ingestion_dag, task_id=fetch_data, execution_date=20250227T093034, start_date=20250227T093037, end_date=20250227T093039
[2025-02-27T09:30:39.281+0000] {local_task_job_runner.py:228} INFO - Task exited with return code 0
[2025-02-27T09:30:39.331+0000] {taskinstance.py:2784} INFO - 1 downstream tasks scheduled from follow-on schedule check
