[2025-02-26T20:54:46.811+0000] {taskinstance.py:1159} INFO - Dependencies all met for dep_context=non-requeueable deps ti=<TaskInstance: yfinance_ingestion_dag.run_mapreduce manual__2025-02-26T20:54:32.263808+00:00 [queued]>
[2025-02-26T20:54:46.819+0000] {taskinstance.py:1159} INFO - Dependencies all met for dep_context=requeueable deps ti=<TaskInstance: yfinance_ingestion_dag.run_mapreduce manual__2025-02-26T20:54:32.263808+00:00 [queued]>
[2025-02-26T20:54:46.820+0000] {taskinstance.py:1361} INFO - Starting attempt 1 of 1
[2025-02-26T20:54:46.834+0000] {taskinstance.py:1382} INFO - Executing <Task(BashOperator): run_mapreduce> on 2025-02-26 20:54:32.263808+00:00
[2025-02-26T20:54:46.839+0000] {standard_task_runner.py:57} INFO - Started process 216 to run task
[2025-02-26T20:54:46.842+0000] {standard_task_runner.py:84} INFO - Running: ['***', 'tasks', 'run', 'yfinance_ingestion_dag', 'run_mapreduce', 'manual__2025-02-26T20:54:32.263808+00:00', '--job-id', '453', '--raw', '--subdir', 'DAGS_FOLDER/pipeline.py', '--cfg-path', '/tmp/tmp7zxo266l']
[2025-02-26T20:54:46.844+0000] {standard_task_runner.py:85} INFO - Job 453: Subtask run_mapreduce
[2025-02-26T20:54:46.892+0000] {task_command.py:415} INFO - Running <TaskInstance: yfinance_ingestion_dag.run_mapreduce manual__2025-02-26T20:54:32.263808+00:00 [running]> on host 09ff8bd65149
[2025-02-26T20:54:46.975+0000] {taskinstance.py:1660} INFO - Exporting env vars: AIRFLOW_CTX_DAG_OWNER='etudiant' AIRFLOW_CTX_DAG_ID='yfinance_ingestion_dag' AIRFLOW_CTX_TASK_ID='run_mapreduce' AIRFLOW_CTX_EXECUTION_DATE='2025-02-26T20:54:32.263808+00:00' AIRFLOW_CTX_TRY_NUMBER='1' AIRFLOW_CTX_DAG_RUN_ID='manual__2025-02-26T20:54:32.263808+00:00'
[2025-02-26T20:54:46.977+0000] {subprocess.py:63} INFO - Tmp dir root location: /tmp
[2025-02-26T20:54:46.978+0000] {subprocess.py:75} INFO - Running command: ['/bin/bash', '-c', '\n        docker exec -i -u root namenode bash -c \'         cd /tmp &&         cp /mnt/hadoop_data/mapreduce/mapper.py . &&         cp /mnt/hadoop_data/mapreduce/reducer.py . &&         chmod +x mapper.py reducer.py &&         hdfs dfs -rm -r hdfs:///user/etudiant/crypto/processed/YYYY=2025/MM=02/DD=26 || true &&         hadoop jar /opt/hadoop-3.2.1/share/hadoop/tools/lib/hadoop-streaming-3.2.1.jar         -files mapper.py,reducer.py         -mapper "python mapper.py"         -reducer "python reducer.py"         -input hdfs:///user/etudiant/crypto/raw/YYYY=2025/MM=02/DD=26/yfinance_raw.json         -output hdfs:///user/etudiant/crypto/processed/YYYY=2025/MM=02/DD=26\'\n        ']
[2025-02-26T20:54:46.987+0000] {subprocess.py:86} INFO - Output:
[2025-02-26T20:54:48.586+0000] {subprocess.py:93} INFO - rm: `hdfs:///user/etudiant/crypto/processed/YYYY=2025/MM=02/DD=26': No such file or directory
[2025-02-26T20:54:50.676+0000] {subprocess.py:93} INFO - 2025-02-26 20:54:50,674 INFO impl.MetricsConfig: Loaded properties from hadoop-metrics2.properties
[2025-02-26T20:54:50.757+0000] {subprocess.py:93} INFO - 2025-02-26 20:54:50,755 INFO impl.MetricsSystemImpl: Scheduled Metric snapshot period at 10 second(s).
[2025-02-26T20:54:50.758+0000] {subprocess.py:93} INFO - 2025-02-26 20:54:50,755 INFO impl.MetricsSystemImpl: JobTracker metrics system started
[2025-02-26T20:54:50.775+0000] {subprocess.py:93} INFO - 2025-02-26 20:54:50,774 WARN impl.MetricsSystemImpl: JobTracker metrics system already initialized!
[2025-02-26T20:54:51.043+0000] {subprocess.py:93} INFO - 2025-02-26 20:54:51,041 INFO mapred.FileInputFormat: Total input files to process : 1
[2025-02-26T20:54:51.088+0000] {subprocess.py:93} INFO - 2025-02-26 20:54:51,086 INFO mapreduce.JobSubmitter: number of splits:1
[2025-02-26T20:54:51.211+0000] {subprocess.py:93} INFO - 2025-02-26 20:54:51,209 INFO mapreduce.JobSubmitter: Submitting tokens for job: job_local970822383_0001
[2025-02-26T20:54:51.212+0000] {subprocess.py:93} INFO - 2025-02-26 20:54:51,209 INFO mapreduce.JobSubmitter: Executing with tokens: []
[2025-02-26T20:54:51.385+0000] {subprocess.py:93} INFO - 2025-02-26 20:54:51,383 INFO mapred.LocalDistributedCacheManager: Localized file:/tmp/mapper.py as file:/tmp/hadoop-root/mapred/local/job_local970822383_0001_9daa7818-c69c-4631-aa91-c3dd5acc8272/mapper.py
[2025-02-26T20:54:51.399+0000] {subprocess.py:93} INFO - 2025-02-26 20:54:51,397 INFO mapred.LocalDistributedCacheManager: Localized file:/tmp/reducer.py as file:/tmp/hadoop-root/mapred/local/job_local970822383_0001_b3644068-c79f-4646-bc99-0969682787fe/reducer.py
[2025-02-26T20:54:51.452+0000] {subprocess.py:93} INFO - 2025-02-26 20:54:51,450 INFO mapreduce.Job: The url to track the job: http://localhost:8080/
[2025-02-26T20:54:51.454+0000] {subprocess.py:93} INFO - 2025-02-26 20:54:51,452 INFO mapreduce.Job: Running job: job_local970822383_0001
[2025-02-26T20:54:51.455+0000] {subprocess.py:93} INFO - 2025-02-26 20:54:51,452 INFO mapred.LocalJobRunner: OutputCommitter set in config null
[2025-02-26T20:54:51.456+0000] {subprocess.py:93} INFO - 2025-02-26 20:54:51,454 INFO mapred.LocalJobRunner: OutputCommitter is org.apache.hadoop.mapred.FileOutputCommitter
[2025-02-26T20:54:51.462+0000] {subprocess.py:93} INFO - 2025-02-26 20:54:51,460 INFO output.FileOutputCommitter: File Output Committer Algorithm version is 2
[2025-02-26T20:54:51.463+0000] {subprocess.py:93} INFO - 2025-02-26 20:54:51,460 INFO output.FileOutputCommitter: FileOutputCommitter skip cleanup _temporary folders under output directory:false, ignore cleanup failures: false
[2025-02-26T20:54:51.502+0000] {subprocess.py:93} INFO - 2025-02-26 20:54:51,500 INFO mapred.LocalJobRunner: Waiting for map tasks
[2025-02-26T20:54:51.507+0000] {subprocess.py:93} INFO - 2025-02-26 20:54:51,505 INFO mapred.LocalJobRunner: Starting task: attempt_local970822383_0001_m_000000_0
[2025-02-26T20:54:51.529+0000] {subprocess.py:93} INFO - 2025-02-26 20:54:51,527 INFO output.FileOutputCommitter: File Output Committer Algorithm version is 2
[2025-02-26T20:54:51.530+0000] {subprocess.py:93} INFO - 2025-02-26 20:54:51,527 INFO output.FileOutputCommitter: FileOutputCommitter skip cleanup _temporary folders under output directory:false, ignore cleanup failures: false
[2025-02-26T20:54:51.545+0000] {subprocess.py:93} INFO - 2025-02-26 20:54:51,542 INFO mapred.Task:  Using ResourceCalculatorProcessTree : [ ]
[2025-02-26T20:54:51.554+0000] {subprocess.py:93} INFO - 2025-02-26 20:54:51,552 INFO mapred.MapTask: Processing split: hdfs://namenode:9000/user/etudiant/crypto/raw/YYYY=2025/MM=02/DD=26/yfinance_raw.json:0+14736
[2025-02-26T20:54:51.575+0000] {subprocess.py:93} INFO - 2025-02-26 20:54:51,573 INFO mapred.MapTask: numReduceTasks: 1
[2025-02-26T20:54:51.611+0000] {subprocess.py:93} INFO - 2025-02-26 20:54:51,609 INFO mapred.MapTask: (EQUATOR) 0 kvi 26214396(104857584)
[2025-02-26T20:54:51.612+0000] {subprocess.py:93} INFO - 2025-02-26 20:54:51,609 INFO mapred.MapTask: mapreduce.task.io.sort.mb: 100
[2025-02-26T20:54:51.613+0000] {subprocess.py:93} INFO - 2025-02-26 20:54:51,609 INFO mapred.MapTask: soft limit at 83886080
[2025-02-26T20:54:51.613+0000] {subprocess.py:93} INFO - 2025-02-26 20:54:51,609 INFO mapred.MapTask: bufstart = 0; bufvoid = 104857600
[2025-02-26T20:54:51.614+0000] {subprocess.py:93} INFO - 2025-02-26 20:54:51,609 INFO mapred.MapTask: kvstart = 26214396; length = 6553600
[2025-02-26T20:54:51.615+0000] {subprocess.py:93} INFO - 2025-02-26 20:54:51,612 INFO mapred.MapTask: Map output collector class = org.apache.hadoop.mapred.MapTask$MapOutputBuffer
[2025-02-26T20:54:51.620+0000] {subprocess.py:93} INFO - 2025-02-26 20:54:51,618 INFO streaming.PipeMapRed: PipeMapRed exec [/usr/bin/python, mapper.py]
[2025-02-26T20:54:51.624+0000] {subprocess.py:93} INFO - 2025-02-26 20:54:51,622 INFO Configuration.deprecation: mapred.work.output.dir is deprecated. Instead, use mapreduce.task.output.dir
[2025-02-26T20:54:51.626+0000] {subprocess.py:93} INFO - 2025-02-26 20:54:51,624 INFO Configuration.deprecation: map.input.start is deprecated. Instead, use mapreduce.map.input.start
[2025-02-26T20:54:51.627+0000] {subprocess.py:93} INFO - 2025-02-26 20:54:51,624 INFO Configuration.deprecation: mapred.task.is.map is deprecated. Instead, use mapreduce.task.ismap
[2025-02-26T20:54:51.627+0000] {subprocess.py:93} INFO - 2025-02-26 20:54:51,624 INFO Configuration.deprecation: mapred.task.id is deprecated. Instead, use mapreduce.task.attempt.id
[2025-02-26T20:54:51.628+0000] {subprocess.py:93} INFO - 2025-02-26 20:54:51,625 INFO Configuration.deprecation: mapred.tip.id is deprecated. Instead, use mapreduce.task.id
[2025-02-26T20:54:51.629+0000] {subprocess.py:93} INFO - 2025-02-26 20:54:51,625 INFO Configuration.deprecation: mapred.local.dir is deprecated. Instead, use mapreduce.cluster.local.dir
[2025-02-26T20:54:51.629+0000] {subprocess.py:93} INFO - 2025-02-26 20:54:51,626 INFO Configuration.deprecation: map.input.file is deprecated. Instead, use mapreduce.map.input.file
[2025-02-26T20:54:51.630+0000] {subprocess.py:93} INFO - 2025-02-26 20:54:51,626 INFO Configuration.deprecation: mapred.skip.on is deprecated. Instead, use mapreduce.job.skiprecords
[2025-02-26T20:54:51.631+0000] {subprocess.py:93} INFO - 2025-02-26 20:54:51,626 INFO Configuration.deprecation: map.input.length is deprecated. Instead, use mapreduce.map.input.length
[2025-02-26T20:54:51.631+0000] {subprocess.py:93} INFO - 2025-02-26 20:54:51,627 INFO Configuration.deprecation: mapred.job.id is deprecated. Instead, use mapreduce.job.id
[2025-02-26T20:54:51.633+0000] {subprocess.py:93} INFO - 2025-02-26 20:54:51,627 INFO Configuration.deprecation: user.name is deprecated. Instead, use mapreduce.job.user.name
[2025-02-26T20:54:51.633+0000] {subprocess.py:93} INFO - 2025-02-26 20:54:51,627 INFO Configuration.deprecation: mapred.task.partition is deprecated. Instead, use mapreduce.task.partition
[2025-02-26T20:54:51.660+0000] {subprocess.py:93} INFO - 2025-02-26 20:54:51,658 INFO sasl.SaslDataTransferClient: SASL encryption trust check: localHostTrusted = false, remoteHostTrusted = false
[2025-02-26T20:54:51.754+0000] {subprocess.py:93} INFO - 2025-02-26 20:54:51,752 INFO streaming.PipeMapRed: R/W/S=1/0/0 in:NA [rec/s] out:NA [rec/s]
[2025-02-26T20:54:51.755+0000] {subprocess.py:93} INFO - 2025-02-26 20:54:51,753 INFO streaming.PipeMapRed: R/W/S=10/0/0 in:NA [rec/s] out:NA [rec/s]
[2025-02-26T20:54:51.763+0000] {subprocess.py:93} INFO - DEBUG: Received line: {"datetime": "2025-02-25T20:00:00.000Z", "open_price": 87816.71875, "high_price": 88873.140625, "low_price": 87594.2734375, "close_price": 88076.6484375, "volume": 0, "coin": "BTC"}
[2025-02-26T20:54:51.764+0000] {subprocess.py:93} INFO - DEBUG: Parsed record: {"close_price": 88076.6484375, "open_price": 87816.71875, "datetime": "2025-02-25T20:00:00.000Z", "coin": "BTC", "volume": 0, "high_price": 88873.140625, "low_price": 87594.2734375}
[2025-02-26T20:54:51.768+0000] {subprocess.py:93} INFO - DEBUG: Emitted: BTC	{"close_price": 88076.6484375, "open_price": 87816.71875, "volume": 0.0, "high_price": 88873.140625, "low_price": 87594.2734375, "timestamp": "2025-02-25T20:00:00.000Z"}
[2025-02-26T20:54:51.769+0000] {subprocess.py:93} INFO - DEBUG: Received line: {"datetime": "2025-02-25T21:00:00.000Z", "open_price": 88187.0859375, "high_price": 88637.609375, "low_price": 87775.640625, "close_price": 88598.2109375, "volume": 0, "coin": "BTC"}
[2025-02-26T20:54:51.771+0000] {subprocess.py:93} INFO - DEBUG: Parsed record: {"close_price": 88598.2109375, "open_price": 88187.0859375, "datetime": "2025-02-25T21:00:00.000Z", "coin": "BTC", "volume": 0, "high_price": 88637.609375, "low_price": 87775.640625}
[2025-02-26T20:54:51.772+0000] {subprocess.py:93} INFO - DEBUG: Emitted: BTC	{"close_price": 88598.2109375, "open_price": 88187.0859375, "volume": 0.0, "high_price": 88637.609375, "low_price": 87775.640625, "timestamp": "2025-02-25T21:00:00.000Z"}
[2025-02-26T20:54:51.774+0000] {subprocess.py:93} INFO - DEBUG: Received line: {"datetime": "2025-02-25T22:00:00.000Z", "open_price": 88692.203125, "high_price": 89344.90625, "low_price": 88446.0390625, "close_price": 88737.1953125, "volume": 102842368, "coin": "BTC"}
[2025-02-26T20:54:51.776+0000] {subprocess.py:93} INFO - DEBUG: Parsed record: {"close_price": 88737.1953125, "open_price": 88692.203125, "datetime": "2025-02-25T22:00:00.000Z", "coin": "BTC", "volume": 102842368, "high_price": 89344.90625, "low_price": 88446.0390625}
[2025-02-26T20:54:51.777+0000] {subprocess.py:93} INFO - DEBUG: Emitted: BTC	{"close_price": 88737.1953125, "open_price": 88692.203125, "volume": 102842368.0, "high_price": 89344.90625, "low_price": 88446.0390625, "timestamp": "2025-02-25T22:00:00.000Z"}
[2025-02-26T20:54:51.778+0000] {subprocess.py:93} INFO - DEBUG: Received line: {"datetime": "2025-02-25T23:00:00.000Z", "open_price": 88762.703125, "high_price": 89029.0390625, "low_price": 88623.359375, "close_price": 88701.9140625, "volume": 0, "coin": "BTC"}
[2025-02-26T20:54:51.778+0000] {subprocess.py:93} INFO - DEBUG: Parsed record: {"close_price": 88701.9140625, "open_price": 88762.703125, "datetime": "2025-02-25T23:00:00.000Z", "coin": "BTC", "volume": 0, "high_price": 89029.0390625, "low_price": 88623.359375}
[2025-02-26T20:54:51.779+0000] {subprocess.py:93} INFO - DEBUG: Emitted: BTC	{"close_price": 88701.9140625, "open_price": 88762.703125, "volume": 0.0, "high_price": 89029.0390625, "low_price": 88623.359375, "timestamp": "2025-02-25T23:00:00.000Z"}
[2025-02-26T20:54:51.780+0000] {subprocess.py:93} INFO - DEBUG: Received line: {"datetime": "2025-02-26T00:00:00.000Z", "open_price": 88491.3359375, "high_price": 88512.78125, "low_price": 88059.8046875, "close_price": 88059.8046875, "volume": 0, "coin": "BTC"}
[2025-02-26T20:54:51.781+0000] {subprocess.py:93} INFO - DEBUG: Parsed record: {"close_price": 88059.8046875, "open_price": 88491.3359375, "datetime": "2025-02-26T00:00:00.000Z", "coin": "BTC", "volume": 0, "high_price": 88512.78125, "low_price": 88059.8046875}
[2025-02-26T20:54:51.782+0000] {subprocess.py:93} INFO - DEBUG: Emitted: BTC	{"close_price": 88059.8046875, "open_price": 88491.3359375, "volume": 0.0, "high_price": 88512.78125, "low_price": 88059.8046875, "timestamp": "2025-02-26T00:00:00.000Z"}
[2025-02-26T20:54:51.783+0000] {subprocess.py:93} INFO - DEBUG: Received line: {"datetime": "2025-02-26T01:00:00.000Z", "open_price": 88054.53125, "high_price": 88711.40625, "low_price": 88054.53125, "close_price": 88691.546875, "volume": 0, "coin": "BTC"}
[2025-02-26T20:54:51.784+0000] {subprocess.py:93} INFO - DEBUG: Parsed record: {"close_price": 88691.546875, "open_price": 88054.53125, "datetime": "2025-02-26T01:00:00.000Z", "coin": "BTC", "volume": 0, "high_price": 88711.40625, "low_price": 88054.53125}
[2025-02-26T20:54:51.785+0000] {subprocess.py:93} INFO - DEBUG: Emitted: BTC	{"close_price": 88691.546875, "open_price": 88054.53125, "volume": 0.0, "high_price": 88711.40625, "low_price": 88054.53125, "timestamp": "2025-02-26T01:00:00.000Z"}
[2025-02-26T20:54:51.785+0000] {subprocess.py:93} INFO - DEBUG: Received line: {"datetime": "2025-02-26T02:00:00.000Z", "open_price": 88609.4140625, "high_price": 89044.21875, "low_price": 88355.8828125, "close_price": 88931.640625, "volume": 0, "coin": "BTC"}
[2025-02-26T20:54:51.786+0000] {subprocess.py:93} INFO - DEBUG: Parsed record: {"close_price": 88931.640625, "open_price": 88609.4140625, "datetime": "2025-02-26T02:00:00.000Z", "coin": "BTC", "volume": 0, "high_price": 89044.21875, "low_price": 88355.8828125}
[2025-02-26T20:54:51.787+0000] {subprocess.py:93} INFO - DEBUG: Emitted: BTC	{"close_price": 88931.640625, "open_price": 88609.4140625, "volume": 0.0, "high_price": 89044.21875, "low_price": 88355.8828125, "timestamp": "2025-02-26T02:00:00.000Z"}
[2025-02-26T20:54:51.787+0000] {subprocess.py:93} INFO - DEBUG: Received line: {"datetime": "2025-02-26T03:00:00.000Z", "open_price": 88974.78125, "high_price": 89260.65625, "low_price": 88822.1015625, "close_price": 88822.1015625, "volume": 133988352, "coin": "BTC"}
[2025-02-26T20:54:51.788+0000] {subprocess.py:93} INFO - DEBUG: Parsed record: {"close_price": 88822.1015625, "open_price": 88974.78125, "datetime": "2025-02-26T03:00:00.000Z", "coin": "BTC", "volume": 133988352, "high_price": 89260.65625, "low_price": 88822.1015625}
[2025-02-26T20:54:51.788+0000] {subprocess.py:93} INFO - DEBUG: Emitted: BTC	{"close_price": 88822.1015625, "open_price": 88974.78125, "volume": 133988352.0, "high_price": 89260.65625, "low_price": 88822.1015625, "timestamp": "2025-02-26T03:00:00.000Z"}
[2025-02-26T20:54:51.789+0000] {subprocess.py:93} INFO - DEBUG: Received line: {"datetime": "2025-02-26T04:00:00.000Z", "open_price": 88797.0390625, "high_price": 89089.84375, "low_price": 88727.5390625, "close_price": 88737.6328125, "volume": 0, "coin": "BTC"}
[2025-02-26T20:54:51.790+0000] {subprocess.py:93} INFO - DEBUG: Parsed record: {"close_price": 88737.6328125, "open_price": 88797.0390625, "datetime": "2025-02-26T04:00:00.000Z", "coin": "BTC", "volume": 0, "high_price": 89089.84375, "low_price": 88727.5390625}
[2025-02-26T20:54:51.791+0000] {subprocess.py:93} INFO - DEBUG: Emitted: BTC	{"close_price": 88737.6328125, "open_price": 88797.0390625, "volume": 0.0, "high_price": 89089.84375, "low_price": 88727.5390625, "timestamp": "2025-02-26T04:00:00.000Z"}
[2025-02-26T20:54:51.791+0000] {subprocess.py:93} INFO - DEBUG: Received line: {"datetime": "2025-02-26T05:00:00.000Z", "open_price": 88609.8515625, "high_price": 88772.2109375, "low_price": 88421.0546875, "close_price": 88421.0546875, "volume": 0, "coin": "BTC"}
[2025-02-26T20:54:51.792+0000] {subprocess.py:93} INFO - DEBUG: Parsed record: {"close_price": 88421.0546875, "open_price": 88609.8515625, "datetime": "2025-02-26T05:00:00.000Z", "coin": "BTC", "volume": 0, "high_price": 88772.2109375, "low_price": 88421.0546875}
[2025-02-26T20:54:51.792+0000] {subprocess.py:93} INFO - DEBUG: Emitted: BTC	{"close_price": 88421.0546875, "open_price": 88609.8515625, "volume": 0.0, "high_price": 88772.2109375, "low_price": 88421.0546875, "timestamp": "2025-02-26T05:00:00.000Z"}
[2025-02-26T20:54:51.792+0000] {subprocess.py:93} INFO - DEBUG: Received line: {"datetime": "2025-02-26T06:00:00.000Z", "open_price": 88345.0234375, "high_price": 88800.7734375, "low_price": 88345.0234375, "close_price": 88800.7734375, "volume": 2232434688, "coin": "BTC"}
[2025-02-26T20:54:51.793+0000] {subprocess.py:93} INFO - DEBUG: Parsed record: {"close_price": 88800.7734375, "open_price": 88345.0234375, "datetime": "2025-02-26T06:00:00.000Z", "coin": "BTC", "volume": 2232434688, "high_price": 88800.7734375, "low_price": 88345.0234375}
[2025-02-26T20:54:51.793+0000] {subprocess.py:93} INFO - DEBUG: Emitted: BTC	{"close_price": 88800.7734375, "open_price": 88345.0234375, "volume": 2232434688.0, "high_price": 88800.7734375, "low_price": 88345.0234375, "timestamp": "2025-02-26T06:00:00.000Z"}
[2025-02-26T20:54:51.794+0000] {subprocess.py:93} INFO - DEBUG: Received line: {"datetime": "2025-02-26T07:00:00.000Z", "open_price": 88814.6875, "high_price": 89015.40625, "low_price": 88388.1953125, "close_price": 88659.96875, "volume": 0, "coin": "BTC"}
[2025-02-26T20:54:51.795+0000] {subprocess.py:93} INFO - DEBUG: Parsed record: {"close_price": 88659.96875, "open_price": 88814.6875, "datetime": "2025-02-26T07:00:00.000Z", "coin": "BTC", "volume": 0, "high_price": 89015.40625, "low_price": 88388.1953125}
[2025-02-26T20:54:51.795+0000] {subprocess.py:93} INFO - DEBUG: Emitted: BTC	{"close_price": 88659.96875, "open_price": 88814.6875, "volume": 0.0, "high_price": 89015.40625, "low_price": 88388.1953125, "timestamp": "2025-02-26T07:00:00.000Z"}
[2025-02-26T20:54:51.796+0000] {subprocess.py:93} INFO - DEBUG: Received line: {"datetime": "2025-02-26T08:00:00.000Z", "open_price": 88641.875, "high_price": 88705.78125, "low_price": 88178.828125, "close_price": 88450.0390625, "volume": 0, "coin": "BTC"}
[2025-02-26T20:54:51.796+0000] {subprocess.py:93} INFO - DEBUG: Parsed record: {"close_price": 88450.0390625, "open_price": 88641.875, "datetime": "2025-02-26T08:00:00.000Z", "coin": "BTC", "volume": 0, "high_price": 88705.78125, "low_price": 88178.828125}
[2025-02-26T20:54:51.797+0000] {subprocess.py:93} INFO - DEBUG: Emitted: BTC	{"close_price": 88450.0390625, "open_price": 88641.875, "volume": 0.0, "high_price": 88705.78125, "low_price": 88178.828125, "timestamp": "2025-02-26T08:00:00.000Z"}
[2025-02-26T20:54:51.797+0000] {subprocess.py:93} INFO - DEBUG: Received line: {"datetime": "2025-02-26T09:00:00.000Z", "open_price": 88422.328125, "high_price": 89208.5078125, "low_price": 88422.328125, "close_price": 89055.546875, "volume": 0, "coin": "BTC"}
[2025-02-26T20:54:51.798+0000] {subprocess.py:93} INFO - DEBUG: Parsed record: {"close_price": 89055.546875, "open_price": 88422.328125, "datetime": "2025-02-26T09:00:00.000Z", "coin": "BTC", "volume": 0, "high_price": 89208.5078125, "low_price": 88422.328125}
[2025-02-26T20:54:51.799+0000] {subprocess.py:93} INFO - DEBUG: Emitted: BTC	{"close_price": 89055.546875, "open_price": 88422.328125, "volume": 0.0, "high_price": 89208.5078125, "low_price": 88422.328125, "timestamp": "2025-02-26T09:00:00.000Z"}
[2025-02-26T20:54:51.800+0000] {subprocess.py:93} INFO - DEBUG: Received line: {"datetime": "2025-02-26T10:00:00.000Z", "open_price": 89059.828125, "high_price": 89222.5390625, "low_price": 88848.34375, "close_price": 89222.5390625, "volume": 0, "coin": "BTC"}
[2025-02-26T20:54:51.800+0000] {subprocess.py:93} INFO - DEBUG: Parsed record: {"close_price": 89222.5390625, "open_price": 89059.828125, "datetime": "2025-02-26T10:00:00.000Z", "coin": "BTC", "volume": 0, "high_price": 89222.5390625, "low_price": 88848.34375}
[2025-02-26T20:54:51.801+0000] {subprocess.py:93} INFO - DEBUG: Emitted: BTC	{"close_price": 89222.5390625, "open_price": 89059.828125, "volume": 0.0, "high_price": 89222.5390625, "low_price": 88848.34375, "timestamp": "2025-02-26T10:00:00.000Z"}
[2025-02-26T20:54:51.802+0000] {subprocess.py:93} INFO - DEBUG: Received line: {"datetime": "2025-02-26T11:00:00.000Z", "open_price": 89193.125, "high_price": 89193.125, "low_price": 88611.8515625, "close_price": 88611.8515625, "volume": 0, "coin": "BTC"}
[2025-02-26T20:54:51.803+0000] {subprocess.py:93} INFO - DEBUG: Parsed record: {"close_price": 88611.8515625, "open_price": 89193.125, "datetime": "2025-02-26T11:00:00.000Z", "coin": "BTC", "volume": 0, "high_price": 89193.125, "low_price": 88611.8515625}
[2025-02-26T20:54:51.803+0000] {subprocess.py:93} INFO - DEBUG: Emitted: BTC	{"close_price": 88611.8515625, "open_price": 89193.125, "volume": 0.0, "high_price": 89193.125, "low_price": 88611.8515625, "timestamp": "2025-02-26T11:00:00.000Z"}
[2025-02-26T20:54:51.804+0000] {subprocess.py:93} INFO - 2025-02-26 20:54:51,761 INFO streaming.PipeMapRed: Records R/W=75/1
[2025-02-26T20:54:51.805+0000] {subprocess.py:93} INFO - DEBUG: Received line: {"datetime": "2025-02-26T12:00:00.000Z", "open_price": 88550.4609375, "high_price": 88573.2265625, "low_price": 87584.6796875, "close_price": 87811.6484375, "volume": 0, "coin": "BTC"}
[2025-02-26T20:54:51.805+0000] {subprocess.py:93} INFO - DEBUG: Parsed record: {"close_price": 87811.6484375, "open_price": 88550.4609375, "datetime": "2025-02-26T12:00:00.000Z", "coin": "BTC", "volume": 0, "high_price": 88573.2265625, "low_price": 87584.6796875}
[2025-02-26T20:54:51.809+0000] {subprocess.py:93} INFO - DEBUG: Emitted: BTC	{"close_price": 87811.6484375, "open_price": 88550.4609375, "volume": 0.0, "high_price": 88573.2265625, "low_price": 87584.6796875, "timestamp": "2025-02-26T12:00:00.000Z"}
[2025-02-26T20:54:51.811+0000] {subprocess.py:93} INFO - DEBUG: Received line: {"datetime": "2025-02-26T13:00:00.000Z", "open_price": 87886.1875, "high_price": 87940.3203125, "low_price": 87053.234375, "close_price": 87053.234375, "volume": 0, "coin": "BTC"}
[2025-02-26T20:54:51.812+0000] {subprocess.py:93} INFO - DEBUG: Parsed record: {"close_price": 87053.234375, "open_price": 87886.1875, "datetime": "2025-02-26T13:00:00.000Z", "coin": "BTC", "volume": 0, "high_price": 87940.3203125, "low_price": 87053.234375}
[2025-02-26T20:54:51.812+0000] {subprocess.py:93} INFO - DEBUG: Emitted: BTC	{"close_price": 87053.234375, "open_price": 87886.1875, "volume": 0.0, "high_price": 87940.3203125, "low_price": 87053.234375, "timestamp": "2025-02-26T13:00:00.000Z"}
[2025-02-26T20:54:51.813+0000] {subprocess.py:93} INFO - DEBUG: Received line: {"datetime": "2025-02-26T14:00:00.000Z", "open_price": 87072.828125, "high_price": 87563.078125, "low_price": 85422.9375, "close_price": 87432.484375, "volume": 1632796672, "coin": "BTC"}
[2025-02-26T20:54:51.813+0000] {subprocess.py:93} INFO - DEBUG: Parsed record: {"close_price": 87432.484375, "open_price": 87072.828125, "datetime": "2025-02-26T14:00:00.000Z", "coin": "BTC", "volume": 1632796672, "high_price": 87563.078125, "low_price": 85422.9375}
[2025-02-26T20:54:51.814+0000] {subprocess.py:93} INFO - DEBUG: Emitted: BTC	{"close_price": 87432.484375, "open_price": 87072.828125, "volume": 1632796672.0, "high_price": 87563.078125, "low_price": 85422.9375, "timestamp": "2025-02-26T14:00:00.000Z"}
[2025-02-26T20:54:51.814+0000] {subprocess.py:93} INFO - DEBUG: Received line: {"datetime": "2025-02-26T15:00:00.000Z", "open_price": 87661.421875, "high_price": 88288.6484375, "low_price": 87374.875, "close_price": 87413.8359375, "volume": 0, "coin": "BTC"}
[2025-02-26T20:54:51.815+0000] {subprocess.py:93} INFO - DEBUG: Parsed record: {"close_price": 87413.8359375, "open_price": 87661.421875, "datetime": "2025-02-26T15:00:00.000Z", "coin": "BTC", "volume": 0, "high_price": 88288.6484375, "low_price": 87374.875}
[2025-02-26T20:54:51.815+0000] {subprocess.py:93} INFO - DEBUG: Emitted: BTC	{"close_price": 87413.8359375, "open_price": 87661.421875, "volume": 0.0, "high_price": 88288.6484375, "low_price": 87374.875, "timestamp": "2025-02-26T15:00:00.000Z"}
[2025-02-26T20:54:51.816+0000] {subprocess.py:93} INFO - DEBUG: Received line: {"datetime": "2025-02-26T16:00:00.000Z", "open_price": 87454.171875, "high_price": 87614.5078125, "low_price": 86253.3046875, "close_price": 86805.0390625, "volume": 0, "coin": "BTC"}
[2025-02-26T20:54:51.816+0000] {subprocess.py:93} INFO - DEBUG: Parsed record: {"close_price": 86805.0390625, "open_price": 87454.171875, "datetime": "2025-02-26T16:00:00.000Z", "coin": "BTC", "volume": 0, "high_price": 87614.5078125, "low_price": 86253.3046875}
[2025-02-26T20:54:51.817+0000] {subprocess.py:93} INFO - DEBUG: Emitted: BTC	{"close_price": 86805.0390625, "open_price": 87454.171875, "volume": 0.0, "high_price": 87614.5078125, "low_price": 86253.3046875, "timestamp": "2025-02-26T16:00:00.000Z"}
[2025-02-26T20:54:51.817+0000] {subprocess.py:93} INFO - DEBUG: Received line: {"datetime": "2025-02-26T17:00:00.000Z", "open_price": 86723.578125, "high_price": 87145.1328125, "low_price": 85626.4609375, "close_price": 85626.4609375, "volume": 0, "coin": "BTC"}
[2025-02-26T20:54:51.818+0000] {subprocess.py:93} INFO - DEBUG: Parsed record: {"close_price": 85626.4609375, "open_price": 86723.578125, "datetime": "2025-02-26T17:00:00.000Z", "coin": "BTC", "volume": 0, "high_price": 87145.1328125, "low_price": 85626.4609375}
[2025-02-26T20:54:51.818+0000] {subprocess.py:93} INFO - DEBUG: Emitted: BTC	{"close_price": 85626.4609375, "open_price": 86723.578125, "volume": 0.0, "high_price": 87145.1328125, "low_price": 85626.4609375, "timestamp": "2025-02-26T17:00:00.000Z"}
[2025-02-26T20:54:51.819+0000] {subprocess.py:93} INFO - DEBUG: Received line: {"datetime": "2025-02-26T18:00:00.000Z", "open_price": 86165.1171875, "high_price": 86317.1484375, "low_price": 83829.2109375, "close_price": 83982.5859375, "volume": 10336780288, "coin": "BTC"}
[2025-02-26T20:54:51.819+0000] {subprocess.py:93} INFO - DEBUG: Parsed record: {"close_price": 83982.5859375, "open_price": 86165.1171875, "datetime": "2025-02-26T18:00:00.000Z", "coin": "BTC", "volume": 10336780288, "high_price": 86317.1484375, "low_price": 83829.2109375}
[2025-02-26T20:54:51.819+0000] {subprocess.py:93} INFO - DEBUG: Emitted: BTC	{"close_price": 83982.5859375, "open_price": 86165.1171875, "volume": 10336780288.0, "high_price": 86317.1484375, "low_price": 83829.2109375, "timestamp": "2025-02-26T18:00:00.000Z"}
[2025-02-26T20:54:51.820+0000] {subprocess.py:93} INFO - DEBUG: Received line: {"datetime": "2025-02-26T19:00:00.000Z", "open_price": 84084.6640625, "high_price": 84843.0703125, "low_price": 83683.5703125, "close_price": 83755.3671875, "volume": 24960974848, "coin": "BTC"}
[2025-02-26T20:54:51.820+0000] {subprocess.py:93} INFO - DEBUG: Parsed record: {"close_price": 83755.3671875, "open_price": 84084.6640625, "datetime": "2025-02-26T19:00:00.000Z", "coin": "BTC", "volume": 24960974848, "high_price": 84843.0703125, "low_price": 83683.5703125}
[2025-02-26T20:54:51.821+0000] {subprocess.py:93} INFO - DEBUG: Emitted: BTC	{"close_price": 83755.3671875, "open_price": 84084.6640625, "volume": 24960974848.0, "high_price": 84843.0703125, "low_price": 83683.5703125, "timestamp": "2025-02-26T19:00:00.000Z"}
[2025-02-26T20:54:51.821+0000] {subprocess.py:93} INFO - DEBUG: Received line: {"datetime": "2025-02-26T20:00:00.000Z", "open_price": 83783.140625, "high_price": 84329.8359375, "low_price": 82242.9921875, "close_price": 84228.359375, "volume": 17303265280, "coin": "BTC"}
[2025-02-26T20:54:51.822+0000] {subprocess.py:93} INFO - DEBUG: Parsed record: {"close_price": 84228.359375, "open_price": 83783.140625, "datetime": "2025-02-26T20:00:00.000Z", "coin": "BTC", "volume": 17303265280, "high_price": 84329.8359375, "low_price": 82242.9921875}
[2025-02-26T20:54:51.822+0000] {subprocess.py:93} INFO - DEBUG: Emitted: BTC	{"close_price": 84228.359375, "open_price": 83783.140625, "volume": 17303265280.0, "high_price": 84329.8359375, "low_price": 82242.9921875, "timestamp": "2025-02-26T20:00:00.000Z"}
[2025-02-26T20:54:51.823+0000] {subprocess.py:93} INFO - DEBUG: Received line: {"datetime": "2025-02-25T20:00:00.000Z", "open_price": 2468.35107421875, "high_price": 2511.4140625, "low_price": 2456.604736328125, "close_price": 2493.507080078125, "volume": 0, "coin": "ETH"}
[2025-02-26T20:54:51.824+0000] {subprocess.py:93} INFO - DEBUG: Parsed record: {"close_price": 2493.507080078125, "open_price": 2468.35107421875, "datetime": "2025-02-25T20:00:00.000Z", "coin": "ETH", "volume": 0, "high_price": 2511.4140625, "low_price": 2456.604736328125}
[2025-02-26T20:54:51.824+0000] {subprocess.py:93} INFO - DEBUG: Emitted: ETH	{"close_price": 2493.507080078125, "open_price": 2468.35107421875, "volume": 0.0, "high_price": 2511.4140625, "low_price": 2456.604736328125, "timestamp": "2025-02-25T20:00:00.000Z"}
[2025-02-26T20:54:51.825+0000] {subprocess.py:93} INFO - DEBUG: Received line: {"datetime": "2025-02-25T21:00:00.000Z", "open_price": 2493.57861328125, "high_price": 2510.375, "low_price": 2482.9833984375, "close_price": 2510.375, "volume": 0, "coin": "ETH"}
[2025-02-26T20:54:51.826+0000] {subprocess.py:93} INFO - DEBUG: Parsed record: {"close_price": 2510.375, "open_price": 2493.57861328125, "datetime": "2025-02-25T21:00:00.000Z", "coin": "ETH", "volume": 0, "high_price": 2510.375, "low_price": 2482.9833984375}
[2025-02-26T20:54:51.826+0000] {subprocess.py:93} INFO - DEBUG: Emitted: ETH	{"close_price": 2510.375, "open_price": 2493.57861328125, "volume": 0.0, "high_price": 2510.375, "low_price": 2482.9833984375, "timestamp": "2025-02-25T21:00:00.000Z"}
[2025-02-26T20:54:51.827+0000] {subprocess.py:93} INFO - DEBUG: Received line: {"datetime": "2025-02-25T22:00:00.000Z", "open_price": 2509.412109375, "high_price": 2529.016357421875, "low_price": 2498.484619140625, "close_price": 2506.037109375, "volume": 0, "coin": "ETH"}
[2025-02-26T20:54:51.827+0000] {subprocess.py:93} INFO - DEBUG: Parsed record: {"close_price": 2506.037109375, "open_price": 2509.412109375, "datetime": "2025-02-25T22:00:00.000Z", "coin": "ETH", "volume": 0, "high_price": 2529.016357421875, "low_price": 2498.484619140625}
[2025-02-26T20:54:51.828+0000] {subprocess.py:93} INFO - DEBUG: Emitted: ETH	{"close_price": 2506.037109375, "open_price": 2509.412109375, "volume": 0.0, "high_price": 2529.016357421875, "low_price": 2498.484619140625, "timestamp": "2025-02-25T22:00:00.000Z"}
[2025-02-26T20:54:51.828+0000] {subprocess.py:93} INFO - DEBUG: Received line: {"datetime": "2025-02-25T23:00:00.000Z", "open_price": 2508.420654296875, "high_price": 2518.598876953125, "low_price": 2493.240966796875, "close_price": 2493.444091796875, "volume": 0, "coin": "ETH"}
[2025-02-26T20:54:51.829+0000] {subprocess.py:93} INFO - DEBUG: Parsed record: {"close_price": 2493.444091796875, "open_price": 2508.420654296875, "datetime": "2025-02-25T23:00:00.000Z", "coin": "ETH", "volume": 0, "high_price": 2518.598876953125, "low_price": 2493.240966796875}
[2025-02-26T20:54:51.830+0000] {subprocess.py:93} INFO - DEBUG: Emitted: ETH	{"close_price": 2493.444091796875, "open_price": 2508.420654296875, "volume": 0.0, "high_price": 2518.598876953125, "low_price": 2493.240966796875, "timestamp": "2025-02-25T23:00:00.000Z"}
[2025-02-26T20:54:51.830+0000] {subprocess.py:93} INFO - DEBUG: Received line: {"datetime": "2025-02-26T00:00:00.000Z", "open_price": 2492.661376953125, "high_price": 2494.851806640625, "low_price": 2471.173095703125, "close_price": 2473.521240234375, "volume": 0, "coin": "ETH"}
[2025-02-26T20:54:51.831+0000] {subprocess.py:93} INFO - DEBUG: Parsed record: {"close_price": 2473.521240234375, "open_price": 2492.661376953125, "datetime": "2025-02-26T00:00:00.000Z", "coin": "ETH", "volume": 0, "high_price": 2494.851806640625, "low_price": 2471.173095703125}
[2025-02-26T20:54:51.832+0000] {subprocess.py:93} INFO - DEBUG: Emitted: ETH	{"close_price": 2473.521240234375, "open_price": 2492.661376953125, "volume": 0.0, "high_price": 2494.851806640625, "low_price": 2471.173095703125, "timestamp": "2025-02-26T00:00:00.000Z"}
[2025-02-26T20:54:51.833+0000] {subprocess.py:93} INFO - DEBUG: Received line: {"datetime": "2025-02-26T01:00:00.000Z", "open_price": 2475.77978515625, "high_price": 2487.9794921875, "low_price": 2474.272705078125, "close_price": 2484.123779296875, "volume": 0, "coin": "ETH"}
[2025-02-26T20:54:51.834+0000] {subprocess.py:93} INFO - DEBUG: Parsed record: {"close_price": 2484.123779296875, "open_price": 2475.77978515625, "datetime": "2025-02-26T01:00:00.000Z", "coin": "ETH", "volume": 0, "high_price": 2487.9794921875, "low_price": 2474.272705078125}
[2025-02-26T20:54:51.834+0000] {subprocess.py:93} INFO - DEBUG: Emitted: ETH	{"close_price": 2484.123779296875, "open_price": 2475.77978515625, "volume": 0.0, "high_price": 2487.9794921875, "low_price": 2474.272705078125, "timestamp": "2025-02-26T01:00:00.000Z"}
[2025-02-26T20:54:51.835+0000] {subprocess.py:93} INFO - DEBUG: Received line: {"datetime": "2025-02-26T02:00:00.000Z", "open_price": 2483.86572265625, "high_price": 2498.056884765625, "low_price": 2474.716796875, "close_price": 2498.056884765625, "volume": 0, "coin": "ETH"}
[2025-02-26T20:54:51.836+0000] {subprocess.py:93} INFO - DEBUG: Parsed record: {"close_price": 2498.056884765625, "open_price": 2483.86572265625, "datetime": "2025-02-26T02:00:00.000Z", "coin": "ETH", "volume": 0, "high_price": 2498.056884765625, "low_price": 2474.716796875}
[2025-02-26T20:54:51.836+0000] {subprocess.py:93} INFO - DEBUG: Emitted: ETH	{"close_price": 2498.056884765625, "open_price": 2483.86572265625, "volume": 0.0, "high_price": 2498.056884765625, "low_price": 2474.716796875, "timestamp": "2025-02-26T02:00:00.000Z"}
[2025-02-26T20:54:51.837+0000] {subprocess.py:93} INFO - DEBUG: Received line: {"datetime": "2025-02-26T03:00:00.000Z", "open_price": 2495.35400390625, "high_price": 2501.72119140625, "low_price": 2487.88818359375, "close_price": 2487.963623046875, "volume": 966582272, "coin": "ETH"}
[2025-02-26T20:54:51.838+0000] {subprocess.py:93} INFO - DEBUG: Parsed record: {"close_price": 2487.963623046875, "open_price": 2495.35400390625, "datetime": "2025-02-26T03:00:00.000Z", "coin": "ETH", "volume": 966582272, "high_price": 2501.72119140625, "low_price": 2487.88818359375}
[2025-02-26T20:54:51.838+0000] {subprocess.py:93} INFO - DEBUG: Emitted: ETH	{"close_price": 2487.963623046875, "open_price": 2495.35400390625, "volume": 966582272.0, "high_price": 2501.72119140625, "low_price": 2487.88818359375, "timestamp": "2025-02-26T03:00:00.000Z"}
[2025-02-26T20:54:51.839+0000] {subprocess.py:93} INFO - DEBUG: Received line: {"datetime": "2025-02-26T04:00:00.000Z", "open_price": 2488.93017578125, "high_price": 2497.048095703125, "low_price": 2484.749755859375, "close_price": 2488.26220703125, "volume": 0, "coin": "ETH"}
[2025-02-26T20:54:51.840+0000] {subprocess.py:93} INFO - DEBUG: Parsed record: {"close_price": 2488.26220703125, "open_price": 2488.93017578125, "datetime": "2025-02-26T04:00:00.000Z", "coin": "ETH", "volume": 0, "high_price": 2497.048095703125, "low_price": 2484.749755859375}
[2025-02-26T20:54:51.842+0000] {subprocess.py:93} INFO - DEBUG: Emitted: ETH	{"close_price": 2488.26220703125, "open_price": 2488.93017578125, "volume": 0.0, "high_price": 2497.048095703125, "low_price": 2484.749755859375, "timestamp": "2025-02-26T04:00:00.000Z"}
[2025-02-26T20:54:51.843+0000] {subprocess.py:93} INFO - DEBUG: Received line: {"datetime": "2025-02-26T05:00:00.000Z", "open_price": 2487.26904296875, "high_price": 2490.321533203125, "low_price": 2475.987548828125, "close_price": 2475.987548828125, "volume": 0, "coin": "ETH"}
[2025-02-26T20:54:51.843+0000] {subprocess.py:93} INFO - DEBUG: Parsed record: {"close_price": 2475.987548828125, "open_price": 2487.26904296875, "datetime": "2025-02-26T05:00:00.000Z", "coin": "ETH", "volume": 0, "high_price": 2490.321533203125, "low_price": 2475.987548828125}
[2025-02-26T20:54:51.844+0000] {subprocess.py:93} INFO - DEBUG: Emitted: ETH	{"close_price": 2475.987548828125, "open_price": 2487.26904296875, "volume": 0.0, "high_price": 2490.321533203125, "low_price": 2475.987548828125, "timestamp": "2025-02-26T05:00:00.000Z"}
[2025-02-26T20:54:51.844+0000] {subprocess.py:93} INFO - DEBUG: Received line: {"datetime": "2025-02-26T06:00:00.000Z", "open_price": 2473.6884765625, "high_price": 2497.743896484375, "low_price": 2473.6884765625, "close_price": 2497.743896484375, "volume": 456026112, "coin": "ETH"}
[2025-02-26T20:54:51.845+0000] {subprocess.py:93} INFO - DEBUG: Parsed record: {"close_price": 2497.743896484375, "open_price": 2473.6884765625, "datetime": "2025-02-26T06:00:00.000Z", "coin": "ETH", "volume": 456026112, "high_price": 2497.743896484375, "low_price": 2473.6884765625}
[2025-02-26T20:54:51.845+0000] {subprocess.py:93} INFO - DEBUG: Emitted: ETH	{"close_price": 2497.743896484375, "open_price": 2473.6884765625, "volume": 456026112.0, "high_price": 2497.743896484375, "low_price": 2473.6884765625, "timestamp": "2025-02-26T06:00:00.000Z"}
[2025-02-26T20:54:51.846+0000] {subprocess.py:93} INFO - DEBUG: Received line: {"datetime": "2025-02-26T07:00:00.000Z", "open_price": 2497.974853515625, "high_price": 2501.006591796875, "low_price": 2475.898193359375, "close_price": 2483.80419921875, "volume": 0, "coin": "ETH"}
[2025-02-26T20:54:51.846+0000] {subprocess.py:93} INFO - DEBUG: Parsed record: {"close_price": 2483.80419921875, "open_price": 2497.974853515625, "datetime": "2025-02-26T07:00:00.000Z", "coin": "ETH", "volume": 0, "high_price": 2501.006591796875, "low_price": 2475.898193359375}
[2025-02-26T20:54:51.847+0000] {subprocess.py:93} INFO - DEBUG: Emitted: ETH	{"close_price": 2483.80419921875, "open_price": 2497.974853515625, "volume": 0.0, "high_price": 2501.006591796875, "low_price": 2475.898193359375, "timestamp": "2025-02-26T07:00:00.000Z"}
[2025-02-26T20:54:51.847+0000] {subprocess.py:93} INFO - DEBUG: Received line: {"datetime": "2025-02-26T08:00:00.000Z", "open_price": 2482.266845703125, "high_price": 2484.87158203125, "low_price": 2458.59912109375, "close_price": 2463.79541015625, "volume": 67452928, "coin": "ETH"}
[2025-02-26T20:54:51.848+0000] {subprocess.py:93} INFO - DEBUG: Parsed record: {"close_price": 2463.79541015625, "open_price": 2482.266845703125, "datetime": "2025-02-26T08:00:00.000Z", "coin": "ETH", "volume": 67452928, "high_price": 2484.87158203125, "low_price": 2458.59912109375}
[2025-02-26T20:54:51.848+0000] {subprocess.py:93} INFO - DEBUG: Emitted: ETH	{"close_price": 2463.79541015625, "open_price": 2482.266845703125, "volume": 67452928.0, "high_price": 2484.87158203125, "low_price": 2458.59912109375, "timestamp": "2025-02-26T08:00:00.000Z"}
[2025-02-26T20:54:51.850+0000] {subprocess.py:93} INFO - DEBUG: Received line: {"datetime": "2025-02-26T09:00:00.000Z", "open_price": 2463.039306640625, "high_price": 2491.718505859375, "low_price": 2463.039306640625, "close_price": 2487.95751953125, "volume": 0, "coin": "ETH"}
[2025-02-26T20:54:51.850+0000] {subprocess.py:93} INFO - DEBUG: Parsed record: {"close_price": 2487.95751953125, "open_price": 2463.039306640625, "datetime": "2025-02-26T09:00:00.000Z", "coin": "ETH", "volume": 0, "high_price": 2491.718505859375, "low_price": 2463.039306640625}
[2025-02-26T20:54:51.851+0000] {subprocess.py:93} INFO - DEBUG: Emitted: ETH	{"close_price": 2487.95751953125, "open_price": 2463.039306640625, "volume": 0.0, "high_price": 2491.718505859375, "low_price": 2463.039306640625, "timestamp": "2025-02-26T09:00:00.000Z"}
[2025-02-26T20:54:51.852+0000] {subprocess.py:93} INFO - DEBUG: Received line: {"datetime": "2025-02-26T10:00:00.000Z", "open_price": 2488.56298828125, "high_price": 2493.3564453125, "low_price": 2477.736083984375, "close_price": 2493.3564453125, "volume": 0, "coin": "ETH"}
[2025-02-26T20:54:51.852+0000] {subprocess.py:93} INFO - DEBUG: Parsed record: {"close_price": 2493.3564453125, "open_price": 2488.56298828125, "datetime": "2025-02-26T10:00:00.000Z", "coin": "ETH", "volume": 0, "high_price": 2493.3564453125, "low_price": 2477.736083984375}
[2025-02-26T20:54:51.853+0000] {subprocess.py:93} INFO - DEBUG: Emitted: ETH	{"close_price": 2493.3564453125, "open_price": 2488.56298828125, "volume": 0.0, "high_price": 2493.3564453125, "low_price": 2477.736083984375, "timestamp": "2025-02-26T10:00:00.000Z"}
[2025-02-26T20:54:51.853+0000] {subprocess.py:93} INFO - DEBUG: Received line: {"datetime": "2025-02-26T11:00:00.000Z", "open_price": 2490.75439453125, "high_price": 2493.138671875, "low_price": 2463.705322265625, "close_price": 2463.705322265625, "volume": 0, "coin": "ETH"}
[2025-02-26T20:54:51.854+0000] {subprocess.py:93} INFO - DEBUG: Parsed record: {"close_price": 2463.705322265625, "open_price": 2490.75439453125, "datetime": "2025-02-26T11:00:00.000Z", "coin": "ETH", "volume": 0, "high_price": 2493.138671875, "low_price": 2463.705322265625}
[2025-02-26T20:54:51.854+0000] {subprocess.py:93} INFO - DEBUG: Emitted: ETH	{"close_price": 2463.705322265625, "open_price": 2490.75439453125, "volume": 0.0, "high_price": 2493.138671875, "low_price": 2463.705322265625, "timestamp": "2025-02-26T11:00:00.000Z"}
[2025-02-26T20:54:51.855+0000] {subprocess.py:93} INFO - DEBUG: Received line: {"datetime": "2025-02-26T12:00:00.000Z", "open_price": 2463.039306640625, "high_price": 2463.494140625, "low_price": 2422.73291015625, "close_price": 2430.748779296875, "volume": 0, "coin": "ETH"}
[2025-02-26T20:54:51.856+0000] {subprocess.py:93} INFO - DEBUG: Parsed record: {"close_price": 2430.748779296875, "open_price": 2463.039306640625, "datetime": "2025-02-26T12:00:00.000Z", "coin": "ETH", "volume": 0, "high_price": 2463.494140625, "low_price": 2422.73291015625}
[2025-02-26T20:54:51.856+0000] {subprocess.py:93} INFO - DEBUG: Emitted: ETH	{"close_price": 2430.748779296875, "open_price": 2463.039306640625, "volume": 0.0, "high_price": 2463.494140625, "low_price": 2422.73291015625, "timestamp": "2025-02-26T12:00:00.000Z"}
[2025-02-26T20:54:51.857+0000] {subprocess.py:93} INFO - DEBUG: Received line: {"datetime": "2025-02-26T13:00:00.000Z", "open_price": 2431.559814453125, "high_price": 2436.929443359375, "low_price": 2412.598876953125, "close_price": 2412.598876953125, "volume": 93186048, "coin": "ETH"}
[2025-02-26T20:54:51.858+0000] {subprocess.py:93} INFO - DEBUG: Parsed record: {"close_price": 2412.598876953125, "open_price": 2431.559814453125, "datetime": "2025-02-26T13:00:00.000Z", "coin": "ETH", "volume": 93186048, "high_price": 2436.929443359375, "low_price": 2412.598876953125}
[2025-02-26T20:54:51.859+0000] {subprocess.py:93} INFO - DEBUG: Emitted: ETH	{"close_price": 2412.598876953125, "open_price": 2431.559814453125, "volume": 93186048.0, "high_price": 2436.929443359375, "low_price": 2412.598876953125, "timestamp": "2025-02-26T13:00:00.000Z"}
[2025-02-26T20:54:51.859+0000] {subprocess.py:93} INFO - DEBUG: Received line: {"datetime": "2025-02-26T14:00:00.000Z", "open_price": 2414.09326171875, "high_price": 2429.480712890625, "low_price": 2370.431396484375, "close_price": 2427.158447265625, "volume": 33951744, "coin": "ETH"}
[2025-02-26T20:54:51.860+0000] {subprocess.py:93} INFO - DEBUG: Parsed record: {"close_price": 2427.158447265625, "open_price": 2414.09326171875, "datetime": "2025-02-26T14:00:00.000Z", "coin": "ETH", "volume": 33951744, "high_price": 2429.480712890625, "low_price": 2370.431396484375}
[2025-02-26T20:54:51.861+0000] {subprocess.py:93} INFO - DEBUG: Emitted: ETH	{"close_price": 2427.158447265625, "open_price": 2414.09326171875, "volume": 33951744.0, "high_price": 2429.480712890625, "low_price": 2370.431396484375, "timestamp": "2025-02-26T14:00:00.000Z"}
[2025-02-26T20:54:51.861+0000] {subprocess.py:93} INFO - DEBUG: Received line: {"datetime": "2025-02-26T15:00:00.000Z", "open_price": 2432.78662109375, "high_price": 2457.0185546875, "low_price": 2425.753662109375, "close_price": 2425.753662109375, "volume": 0, "coin": "ETH"}
[2025-02-26T20:54:51.862+0000] {subprocess.py:93} INFO - DEBUG: Parsed record: {"close_price": 2425.753662109375, "open_price": 2432.78662109375, "datetime": "2025-02-26T15:00:00.000Z", "coin": "ETH", "volume": 0, "high_price": 2457.0185546875, "low_price": 2425.753662109375}
[2025-02-26T20:54:51.862+0000] {subprocess.py:93} INFO - DEBUG: Emitted: ETH	{"close_price": 2425.753662109375, "open_price": 2432.78662109375, "volume": 0.0, "high_price": 2457.0185546875, "low_price": 2425.753662109375, "timestamp": "2025-02-26T15:00:00.000Z"}
[2025-02-26T20:54:51.863+0000] {subprocess.py:93} INFO - DEBUG: Received line: {"datetime": "2025-02-26T16:00:00.000Z", "open_price": 2426.072021484375, "high_price": 2428.357666015625, "low_price": 2386.56201171875, "close_price": 2396.559814453125, "volume": 0, "coin": "ETH"}
[2025-02-26T20:54:51.864+0000] {subprocess.py:93} INFO - DEBUG: Parsed record: {"close_price": 2396.559814453125, "open_price": 2426.072021484375, "datetime": "2025-02-26T16:00:00.000Z", "coin": "ETH", "volume": 0, "high_price": 2428.357666015625, "low_price": 2386.56201171875}
[2025-02-26T20:54:51.864+0000] {subprocess.py:93} INFO - DEBUG: Emitted: ETH	{"close_price": 2396.559814453125, "open_price": 2426.072021484375, "volume": 0.0, "high_price": 2428.357666015625, "low_price": 2386.56201171875, "timestamp": "2025-02-26T16:00:00.000Z"}
[2025-02-26T20:54:51.865+0000] {subprocess.py:93} INFO - DEBUG: Received line: {"datetime": "2025-02-26T17:00:00.000Z", "open_price": 2395.13525390625, "high_price": 2403.67578125, "low_price": 2356.054931640625, "close_price": 2356.054931640625, "volume": 0, "coin": "ETH"}
[2025-02-26T20:54:51.866+0000] {subprocess.py:93} INFO - DEBUG: Parsed record: {"close_price": 2356.054931640625, "open_price": 2395.13525390625, "datetime": "2025-02-26T17:00:00.000Z", "coin": "ETH", "volume": 0, "high_price": 2403.67578125, "low_price": 2356.054931640625}
[2025-02-26T20:54:51.866+0000] {subprocess.py:93} INFO - DEBUG: Emitted: ETH	{"close_price": 2356.054931640625, "open_price": 2395.13525390625, "volume": 0.0, "high_price": 2403.67578125, "low_price": 2356.054931640625, "timestamp": "2025-02-26T17:00:00.000Z"}
[2025-02-26T20:54:51.867+0000] {subprocess.py:93} INFO - DEBUG: Received line: {"datetime": "2025-02-26T18:00:00.000Z", "open_price": 2373.170654296875, "high_price": 2374.824462890625, "low_price": 2280.599365234375, "close_price": 2286.009033203125, "volume": 8363116544, "coin": "ETH"}
[2025-02-26T20:54:51.868+0000] {subprocess.py:93} INFO - DEBUG: Parsed record: {"close_price": 2286.009033203125, "open_price": 2373.170654296875, "datetime": "2025-02-26T18:00:00.000Z", "coin": "ETH", "volume": 8363116544, "high_price": 2374.824462890625, "low_price": 2280.599365234375}
[2025-02-26T20:54:51.868+0000] {subprocess.py:93} INFO - DEBUG: Emitted: ETH	{"close_price": 2286.009033203125, "open_price": 2373.170654296875, "volume": 8363116544.0, "high_price": 2374.824462890625, "low_price": 2280.599365234375, "timestamp": "2025-02-26T18:00:00.000Z"}
[2025-02-26T20:54:51.869+0000] {subprocess.py:93} INFO - DEBUG: Received line: {"datetime": "2025-02-26T19:00:00.000Z", "open_price": 2290.748046875, "high_price": 2314.3095703125, "low_price": 2279.65673828125, "close_price": 2293.515380859375, "volume": 13623564288, "coin": "ETH"}
[2025-02-26T20:54:51.870+0000] {subprocess.py:93} INFO - DEBUG: Parsed record: {"close_price": 2293.515380859375, "open_price": 2290.748046875, "datetime": "2025-02-26T19:00:00.000Z", "coin": "ETH", "volume": 13623564288, "high_price": 2314.3095703125, "low_price": 2279.65673828125}
[2025-02-26T20:54:51.870+0000] {subprocess.py:93} INFO - DEBUG: Emitted: ETH	{"close_price": 2293.515380859375, "open_price": 2290.748046875, "volume": 13623564288.0, "high_price": 2314.3095703125, "low_price": 2279.65673828125, "timestamp": "2025-02-26T19:00:00.000Z"}
[2025-02-26T20:54:51.871+0000] {subprocess.py:93} INFO - DEBUG: Received line: {"datetime": "2025-02-26T20:00:00.000Z", "open_price": 2293.345458984375, "high_price": 2329.30908203125, "low_price": 2259.767333984375, "close_price": 2329.30908203125, "volume": 10856519680, "coin": "ETH"}
[2025-02-26T20:54:51.872+0000] {subprocess.py:93} INFO - DEBUG: Parsed record: {"close_price": 2329.30908203125, "open_price": 2293.345458984375, "datetime": "2025-02-26T20:00:00.000Z", "coin": "ETH", "volume": 10856519680, "high_price": 2329.30908203125, "low_price": 2259.767333984375}
[2025-02-26T20:54:51.873+0000] {subprocess.py:93} INFO - DEBUG: Emitted: ETH	{"close_price": 2329.30908203125, "open_price": 2293.345458984375, "volume": 10856519680.0, "high_price": 2329.30908203125, "low_price": 2259.767333984375, "timestamp": "2025-02-26T20:00:00.000Z"}
[2025-02-26T20:54:51.874+0000] {subprocess.py:93} INFO - DEBUG: Received line: {"datetime": "2025-02-25T20:00:00.000Z", "open_price": 144.9764862060547, "high_price": 145.63772583007812, "low_price": 143.59152221679688, "close_price": 144.50656127929688, "volume": 0, "coin": "SOL"}
[2025-02-26T20:54:51.874+0000] {subprocess.py:93} INFO - DEBUG: Parsed record: {"close_price": 144.50656127929688, "open_price": 144.9764862060547, "datetime": "2025-02-25T20:00:00.000Z", "coin": "SOL", "volume": 0, "high_price": 145.63772583007812, "low_price": 143.59152221679688}
[2025-02-26T20:54:51.875+0000] {subprocess.py:93} INFO - DEBUG: Emitted: SOL	{"close_price": 144.50656127929688, "open_price": 144.9764862060547, "volume": 0.0, "high_price": 145.63772583007812, "low_price": 143.59152221679688, "timestamp": "2025-02-25T20:00:00.000Z"}
[2025-02-26T20:54:51.876+0000] {subprocess.py:93} INFO - DEBUG: Received line: {"datetime": "2025-02-25T21:00:00.000Z", "open_price": 144.4572296142578, "high_price": 145.543701171875, "low_price": 143.42391967773438, "close_price": 145.543701171875, "volume": 0, "coin": "SOL"}
[2025-02-26T20:54:51.877+0000] {subprocess.py:93} INFO - DEBUG: Parsed record: {"close_price": 145.543701171875, "open_price": 144.4572296142578, "datetime": "2025-02-25T21:00:00.000Z", "coin": "SOL", "volume": 0, "high_price": 145.543701171875, "low_price": 143.42391967773438}
[2025-02-26T20:54:51.877+0000] {subprocess.py:93} INFO - DEBUG: Emitted: SOL	{"close_price": 145.543701171875, "open_price": 144.4572296142578, "volume": 0.0, "high_price": 145.543701171875, "low_price": 143.42391967773438, "timestamp": "2025-02-25T21:00:00.000Z"}
[2025-02-26T20:54:51.878+0000] {subprocess.py:93} INFO - DEBUG: Received line: {"datetime": "2025-02-25T22:00:00.000Z", "open_price": 145.565185546875, "high_price": 146.7364959716797, "low_price": 143.84332275390625, "close_price": 144.9207763671875, "volume": 0, "coin": "SOL"}
[2025-02-26T20:54:51.879+0000] {subprocess.py:93} INFO - DEBUG: Parsed record: {"close_price": 144.9207763671875, "open_price": 145.565185546875, "datetime": "2025-02-25T22:00:00.000Z", "coin": "SOL", "volume": 0, "high_price": 146.7364959716797, "low_price": 143.84332275390625}
[2025-02-26T20:54:51.879+0000] {subprocess.py:93} INFO - DEBUG: Emitted: SOL	{"close_price": 144.9207763671875, "open_price": 145.565185546875, "volume": 0.0, "high_price": 146.7364959716797, "low_price": 143.84332275390625, "timestamp": "2025-02-25T22:00:00.000Z"}
[2025-02-26T20:54:51.880+0000] {subprocess.py:93} INFO - DEBUG: Received line: {"datetime": "2025-02-25T23:00:00.000Z", "open_price": 144.8729248046875, "high_price": 145.53961181640625, "low_price": 144.11041259765625, "close_price": 144.15476989746094, "volume": 0, "coin": "SOL"}
[2025-02-26T20:54:51.881+0000] {subprocess.py:93} INFO - DEBUG: Parsed record: {"close_price": 144.15476989746094, "open_price": 144.8729248046875, "datetime": "2025-02-25T23:00:00.000Z", "coin": "SOL", "volume": 0, "high_price": 145.53961181640625, "low_price": 144.11041259765625}
[2025-02-26T20:54:51.881+0000] {subprocess.py:93} INFO - DEBUG: Emitted: SOL	{"close_price": 144.15476989746094, "open_price": 144.8729248046875, "volume": 0.0, "high_price": 145.53961181640625, "low_price": 144.11041259765625, "timestamp": "2025-02-25T23:00:00.000Z"}
[2025-02-26T20:54:51.882+0000] {subprocess.py:93} INFO - DEBUG: Received line: {"datetime": "2025-02-26T00:00:00.000Z", "open_price": 144.13278198242188, "high_price": 144.4522247314453, "low_price": 141.86769104003906, "close_price": 141.86769104003906, "volume": 0, "coin": "SOL"}
[2025-02-26T20:54:51.882+0000] {subprocess.py:93} INFO - DEBUG: Parsed record: {"close_price": 141.86769104003906, "open_price": 144.13278198242188, "datetime": "2025-02-26T00:00:00.000Z", "coin": "SOL", "volume": 0, "high_price": 144.4522247314453, "low_price": 141.86769104003906}
[2025-02-26T20:54:51.883+0000] {subprocess.py:93} INFO - DEBUG: Emitted: SOL	{"close_price": 141.86769104003906, "open_price": 144.13278198242188, "volume": 0.0, "high_price": 144.4522247314453, "low_price": 141.86769104003906, "timestamp": "2025-02-26T00:00:00.000Z"}
[2025-02-26T20:54:51.883+0000] {subprocess.py:93} INFO - DEBUG: Received line: {"datetime": "2025-02-26T01:00:00.000Z", "open_price": 141.86883544921875, "high_price": 143.17567443847656, "low_price": 141.86883544921875, "close_price": 143.08782958984375, "volume": 0, "coin": "SOL"}
[2025-02-26T20:54:51.884+0000] {subprocess.py:93} INFO - DEBUG: Parsed record: {"close_price": 143.08782958984375, "open_price": 141.86883544921875, "datetime": "2025-02-26T01:00:00.000Z", "coin": "SOL", "volume": 0, "high_price": 143.17567443847656, "low_price": 141.86883544921875}
[2025-02-26T20:54:51.885+0000] {subprocess.py:93} INFO - DEBUG: Emitted: SOL	{"close_price": 143.08782958984375, "open_price": 141.86883544921875, "volume": 0.0, "high_price": 143.17567443847656, "low_price": 141.86883544921875, "timestamp": "2025-02-26T01:00:00.000Z"}
[2025-02-26T20:54:51.885+0000] {subprocess.py:93} INFO - DEBUG: Received line: {"datetime": "2025-02-26T02:00:00.000Z", "open_price": 143.00088500976562, "high_price": 143.00088500976562, "low_price": 141.8252716064453, "close_price": 142.84591674804688, "volume": 0, "coin": "SOL"}
[2025-02-26T20:54:51.885+0000] {subprocess.py:93} INFO - DEBUG: Parsed record: {"close_price": 142.84591674804688, "open_price": 143.00088500976562, "datetime": "2025-02-26T02:00:00.000Z", "coin": "SOL", "volume": 0, "high_price": 143.00088500976562, "low_price": 141.8252716064453}
[2025-02-26T20:54:51.886+0000] {subprocess.py:93} INFO - DEBUG: Emitted: SOL	{"close_price": 142.84591674804688, "open_price": 143.00088500976562, "volume": 0.0, "high_price": 143.00088500976562, "low_price": 141.8252716064453, "timestamp": "2025-02-26T02:00:00.000Z"}
[2025-02-26T20:54:51.886+0000] {subprocess.py:93} INFO - DEBUG: Received line: {"datetime": "2025-02-26T03:00:00.000Z", "open_price": 143.33865356445312, "high_price": 144.83436584472656, "low_price": 143.0869140625, "close_price": 143.4188995361328, "volume": 0, "coin": "SOL"}
[2025-02-26T20:54:51.887+0000] {subprocess.py:93} INFO - DEBUG: Parsed record: {"close_price": 143.4188995361328, "open_price": 143.33865356445312, "datetime": "2025-02-26T03:00:00.000Z", "coin": "SOL", "volume": 0, "high_price": 144.83436584472656, "low_price": 143.0869140625}
[2025-02-26T20:54:51.888+0000] {subprocess.py:93} INFO - DEBUG: Emitted: SOL	{"close_price": 143.4188995361328, "open_price": 143.33865356445312, "volume": 0.0, "high_price": 144.83436584472656, "low_price": 143.0869140625, "timestamp": "2025-02-26T03:00:00.000Z"}
[2025-02-26T20:54:51.889+0000] {subprocess.py:93} INFO - DEBUG: Received line: {"datetime": "2025-02-26T04:00:00.000Z", "open_price": 143.3555908203125, "high_price": 144.35511779785156, "low_price": 142.44955444335938, "close_price": 142.44955444335938, "volume": 0, "coin": "SOL"}
[2025-02-26T20:54:51.889+0000] {subprocess.py:93} INFO - DEBUG: Parsed record: {"close_price": 142.44955444335938, "open_price": 143.3555908203125, "datetime": "2025-02-26T04:00:00.000Z", "coin": "SOL", "volume": 0, "high_price": 144.35511779785156, "low_price": 142.44955444335938}
[2025-02-26T20:54:51.890+0000] {subprocess.py:93} INFO - DEBUG: Emitted: SOL	{"close_price": 142.44955444335938, "open_price": 143.3555908203125, "volume": 0.0, "high_price": 144.35511779785156, "low_price": 142.44955444335938, "timestamp": "2025-02-26T04:00:00.000Z"}
[2025-02-26T20:54:51.890+0000] {subprocess.py:93} INFO - DEBUG: Received line: {"datetime": "2025-02-26T05:00:00.000Z", "open_price": 142.4003448486328, "high_price": 142.84292602539062, "low_price": 141.66275024414062, "close_price": 141.66275024414062, "volume": 0, "coin": "SOL"}
[2025-02-26T20:54:51.891+0000] {subprocess.py:93} INFO - DEBUG: Parsed record: {"close_price": 141.66275024414062, "open_price": 142.4003448486328, "datetime": "2025-02-26T05:00:00.000Z", "coin": "SOL", "volume": 0, "high_price": 142.84292602539062, "low_price": 141.66275024414062}
[2025-02-26T20:54:51.892+0000] {subprocess.py:93} INFO - DEBUG: Emitted: SOL	{"close_price": 141.66275024414062, "open_price": 142.4003448486328, "volume": 0.0, "high_price": 142.84292602539062, "low_price": 141.66275024414062, "timestamp": "2025-02-26T05:00:00.000Z"}
[2025-02-26T20:54:51.892+0000] {subprocess.py:93} INFO - DEBUG: Received line: {"datetime": "2025-02-26T06:00:00.000Z", "open_price": 141.5561065673828, "high_price": 142.1243438720703, "low_price": 141.26507568359375, "close_price": 142.09957885742188, "volume": 0, "coin": "SOL"}
[2025-02-26T20:54:51.893+0000] {subprocess.py:93} INFO - DEBUG: Parsed record: {"close_price": 142.09957885742188, "open_price": 141.5561065673828, "datetime": "2025-02-26T06:00:00.000Z", "coin": "SOL", "volume": 0, "high_price": 142.1243438720703, "low_price": 141.26507568359375}
[2025-02-26T20:54:51.894+0000] {subprocess.py:93} INFO - DEBUG: Emitted: SOL	{"close_price": 142.09957885742188, "open_price": 141.5561065673828, "volume": 0.0, "high_price": 142.1243438720703, "low_price": 141.26507568359375, "timestamp": "2025-02-26T06:00:00.000Z"}
[2025-02-26T20:54:51.894+0000] {subprocess.py:93} INFO - DEBUG: Received line: {"datetime": "2025-02-26T07:00:00.000Z", "open_price": 142.14190673828125, "high_price": 142.28431701660156, "low_price": 139.76805114746094, "close_price": 140.05279541015625, "volume": 0, "coin": "SOL"}
[2025-02-26T20:54:51.895+0000] {subprocess.py:93} INFO - DEBUG: Parsed record: {"close_price": 140.05279541015625, "open_price": 142.14190673828125, "datetime": "2025-02-26T07:00:00.000Z", "coin": "SOL", "volume": 0, "high_price": 142.28431701660156, "low_price": 139.76805114746094}
[2025-02-26T20:54:51.895+0000] {subprocess.py:93} INFO - DEBUG: Emitted: SOL	{"close_price": 140.05279541015625, "open_price": 142.14190673828125, "volume": 0.0, "high_price": 142.28431701660156, "low_price": 139.76805114746094, "timestamp": "2025-02-26T07:00:00.000Z"}
[2025-02-26T20:54:51.896+0000] {subprocess.py:93} INFO - DEBUG: Received line: {"datetime": "2025-02-26T08:00:00.000Z", "open_price": 140.01710510253906, "high_price": 140.32327270507812, "low_price": 139.27780151367188, "close_price": 140.29415893554688, "volume": 0, "coin": "SOL"}
[2025-02-26T20:54:51.896+0000] {subprocess.py:93} INFO - DEBUG: Parsed record: {"close_price": 140.29415893554688, "open_price": 140.01710510253906, "datetime": "2025-02-26T08:00:00.000Z", "coin": "SOL", "volume": 0, "high_price": 140.32327270507812, "low_price": 139.27780151367188}
[2025-02-26T20:54:51.897+0000] {subprocess.py:93} INFO - DEBUG: Emitted: SOL	{"close_price": 140.29415893554688, "open_price": 140.01710510253906, "volume": 0.0, "high_price": 140.32327270507812, "low_price": 139.27780151367188, "timestamp": "2025-02-26T08:00:00.000Z"}
[2025-02-26T20:54:51.898+0000] {subprocess.py:93} INFO - DEBUG: Received line: {"datetime": "2025-02-26T09:00:00.000Z", "open_price": 140.27041625976562, "high_price": 141.9154052734375, "low_price": 140.27041625976562, "close_price": 141.71800231933594, "volume": 0, "coin": "SOL"}
[2025-02-26T20:54:51.899+0000] {subprocess.py:93} INFO - DEBUG: Parsed record: {"close_price": 141.71800231933594, "open_price": 140.27041625976562, "datetime": "2025-02-26T09:00:00.000Z", "coin": "SOL", "volume": 0, "high_price": 141.9154052734375, "low_price": 140.27041625976562}
[2025-02-26T20:54:51.899+0000] {subprocess.py:93} INFO - DEBUG: Emitted: SOL	{"close_price": 141.71800231933594, "open_price": 140.27041625976562, "volume": 0.0, "high_price": 141.9154052734375, "low_price": 140.27041625976562, "timestamp": "2025-02-26T09:00:00.000Z"}
[2025-02-26T20:54:51.900+0000] {subprocess.py:93} INFO - DEBUG: Received line: {"datetime": "2025-02-26T10:00:00.000Z", "open_price": 141.7708740234375, "high_price": 141.7708740234375, "low_price": 140.39100646972656, "close_price": 140.70901489257812, "volume": 0, "coin": "SOL"}
[2025-02-26T20:54:51.901+0000] {subprocess.py:93} INFO - DEBUG: Parsed record: {"close_price": 140.70901489257812, "open_price": 141.7708740234375, "datetime": "2025-02-26T10:00:00.000Z", "coin": "SOL", "volume": 0, "high_price": 141.7708740234375, "low_price": 140.39100646972656}
[2025-02-26T20:54:51.901+0000] {subprocess.py:93} INFO - DEBUG: Emitted: SOL	{"close_price": 140.70901489257812, "open_price": 141.7708740234375, "volume": 0.0, "high_price": 141.7708740234375, "low_price": 140.39100646972656, "timestamp": "2025-02-26T10:00:00.000Z"}
[2025-02-26T20:54:51.902+0000] {subprocess.py:93} INFO - DEBUG: Received line: {"datetime": "2025-02-26T11:00:00.000Z", "open_price": 140.7000732421875, "high_price": 140.7000732421875, "low_price": 138.20883178710938, "close_price": 138.20883178710938, "volume": 0, "coin": "SOL"}
[2025-02-26T20:54:51.903+0000] {subprocess.py:93} INFO - DEBUG: Parsed record: {"close_price": 138.20883178710938, "open_price": 140.7000732421875, "datetime": "2025-02-26T11:00:00.000Z", "coin": "SOL", "volume": 0, "high_price": 140.7000732421875, "low_price": 138.20883178710938}
[2025-02-26T20:54:51.903+0000] {subprocess.py:93} INFO - DEBUG: Emitted: SOL	{"close_price": 138.20883178710938, "open_price": 140.7000732421875, "volume": 0.0, "high_price": 140.7000732421875, "low_price": 138.20883178710938, "timestamp": "2025-02-26T11:00:00.000Z"}
[2025-02-26T20:54:51.904+0000] {subprocess.py:93} INFO - DEBUG: Received line: {"datetime": "2025-02-26T12:00:00.000Z", "open_price": 138.19442749023438, "high_price": 138.2832489013672, "low_price": 136.5651397705078, "close_price": 136.77403259277344, "volume": 0, "coin": "SOL"}
[2025-02-26T20:54:51.905+0000] {subprocess.py:93} INFO - DEBUG: Parsed record: {"close_price": 136.77403259277344, "open_price": 138.19442749023438, "datetime": "2025-02-26T12:00:00.000Z", "coin": "SOL", "volume": 0, "high_price": 138.2832489013672, "low_price": 136.5651397705078}
[2025-02-26T20:54:51.905+0000] {subprocess.py:93} INFO - DEBUG: Emitted: SOL	{"close_price": 136.77403259277344, "open_price": 138.19442749023438, "volume": 0.0, "high_price": 138.2832489013672, "low_price": 136.5651397705078, "timestamp": "2025-02-26T12:00:00.000Z"}
[2025-02-26T20:54:51.906+0000] {subprocess.py:93} INFO - DEBUG: Received line: {"datetime": "2025-02-26T13:00:00.000Z", "open_price": 136.83505249023438, "high_price": 137.1586456298828, "low_price": 136.21665954589844, "close_price": 136.21665954589844, "volume": 0, "coin": "SOL"}
[2025-02-26T20:54:51.906+0000] {subprocess.py:93} INFO - DEBUG: Parsed record: {"close_price": 136.21665954589844, "open_price": 136.83505249023438, "datetime": "2025-02-26T13:00:00.000Z", "coin": "SOL", "volume": 0, "high_price": 137.1586456298828, "low_price": 136.21665954589844}
[2025-02-26T20:54:51.907+0000] {subprocess.py:93} INFO - DEBUG: Emitted: SOL	{"close_price": 136.21665954589844, "open_price": 136.83505249023438, "volume": 0.0, "high_price": 137.1586456298828, "low_price": 136.21665954589844, "timestamp": "2025-02-26T13:00:00.000Z"}
[2025-02-26T20:54:51.908+0000] {subprocess.py:93} INFO - DEBUG: Received line: {"datetime": "2025-02-26T14:00:00.000Z", "open_price": 136.28858947753906, "high_price": 137.7576904296875, "low_price": 134.89793395996094, "close_price": 137.7576904296875, "volume": 149466624, "coin": "SOL"}
[2025-02-26T20:54:51.908+0000] {subprocess.py:93} INFO - DEBUG: Parsed record: {"close_price": 137.7576904296875, "open_price": 136.28858947753906, "datetime": "2025-02-26T14:00:00.000Z", "coin": "SOL", "volume": 149466624, "high_price": 137.7576904296875, "low_price": 134.89793395996094}
[2025-02-26T20:54:51.909+0000] {subprocess.py:93} INFO - DEBUG: Emitted: SOL	{"close_price": 137.7576904296875, "open_price": 136.28858947753906, "volume": 149466624.0, "high_price": 137.7576904296875, "low_price": 134.89793395996094, "timestamp": "2025-02-26T14:00:00.000Z"}
[2025-02-26T20:54:51.910+0000] {subprocess.py:93} INFO - DEBUG: Received line: {"datetime": "2025-02-26T15:00:00.000Z", "open_price": 137.93052673339844, "high_price": 140.07113647460938, "low_price": 137.93052673339844, "close_price": 138.89273071289062, "volume": 0, "coin": "SOL"}
[2025-02-26T20:54:51.910+0000] {subprocess.py:93} INFO - DEBUG: Parsed record: {"close_price": 138.89273071289062, "open_price": 137.93052673339844, "datetime": "2025-02-26T15:00:00.000Z", "coin": "SOL", "volume": 0, "high_price": 140.07113647460938, "low_price": 137.93052673339844}
[2025-02-26T20:54:51.911+0000] {subprocess.py:93} INFO - DEBUG: Emitted: SOL	{"close_price": 138.89273071289062, "open_price": 137.93052673339844, "volume": 0.0, "high_price": 140.07113647460938, "low_price": 137.93052673339844, "timestamp": "2025-02-26T15:00:00.000Z"}
[2025-02-26T20:54:51.912+0000] {subprocess.py:93} INFO - DEBUG: Received line: {"datetime": "2025-02-26T16:00:00.000Z", "open_price": 138.94024658203125, "high_price": 139.10919189453125, "low_price": 137.30711364746094, "close_price": 137.3600616455078, "volume": 0, "coin": "SOL"}
[2025-02-26T20:54:51.919+0000] {subprocess.py:93} INFO - DEBUG: Parsed record: {"close_price": 137.3600616455078, "open_price": 138.94024658203125, "datetime": "2025-02-26T16:00:00.000Z", "coin": "SOL", "volume": 0, "high_price": 139.10919189453125, "low_price": 137.30711364746094}
[2025-02-26T20:54:51.920+0000] {subprocess.py:93} INFO - DEBUG: Emitted: SOL	{"close_price": 137.3600616455078, "open_price": 138.94024658203125, "volume": 0.0, "high_price": 139.10919189453125, "low_price": 137.30711364746094, "timestamp": "2025-02-26T16:00:00.000Z"}
[2025-02-26T20:54:51.921+0000] {subprocess.py:93} INFO - DEBUG: Received line: {"datetime": "2025-02-26T17:00:00.000Z", "open_price": 137.30311584472656, "high_price": 137.37725830078125, "low_price": 133.35707092285156, "close_price": 133.35707092285156, "volume": 0, "coin": "SOL"}
[2025-02-26T20:54:51.921+0000] {subprocess.py:93} INFO - DEBUG: Parsed record: {"close_price": 133.35707092285156, "open_price": 137.30311584472656, "datetime": "2025-02-26T17:00:00.000Z", "coin": "SOL", "volume": 0, "high_price": 137.37725830078125, "low_price": 133.35707092285156}
[2025-02-26T20:54:51.922+0000] {subprocess.py:93} INFO - DEBUG: Emitted: SOL	{"close_price": 133.35707092285156, "open_price": 137.30311584472656, "volume": 0.0, "high_price": 137.37725830078125, "low_price": 133.35707092285156, "timestamp": "2025-02-26T17:00:00.000Z"}
[2025-02-26T20:54:51.922+0000] {subprocess.py:93} INFO - DEBUG: Received line: {"datetime": "2025-02-26T18:00:00.000Z", "open_price": 133.4832763671875, "high_price": 134.28997802734375, "low_price": 130.7115020751953, "close_price": 130.77430725097656, "volume": 319290624, "coin": "SOL"}
[2025-02-26T20:54:51.923+0000] {subprocess.py:93} INFO - DEBUG: Parsed record: {"close_price": 130.77430725097656, "open_price": 133.4832763671875, "datetime": "2025-02-26T18:00:00.000Z", "coin": "SOL", "volume": 319290624, "high_price": 134.28997802734375, "low_price": 130.7115020751953}
[2025-02-26T20:54:51.923+0000] {subprocess.py:93} INFO - DEBUG: Emitted: SOL	{"close_price": 130.77430725097656, "open_price": 133.4832763671875, "volume": 319290624.0, "high_price": 134.28997802734375, "low_price": 130.7115020751953, "timestamp": "2025-02-26T18:00:00.000Z"}
[2025-02-26T20:54:51.924+0000] {subprocess.py:93} INFO - DEBUG: Received line: {"datetime": "2025-02-26T19:00:00.000Z", "open_price": 130.93914794921875, "high_price": 133.0337677001953, "low_price": 130.91722106933594, "close_price": 131.86093139648438, "volume": 251257344, "coin": "SOL"}
[2025-02-26T20:54:51.924+0000] {subprocess.py:93} INFO - DEBUG: Parsed record: {"close_price": 131.86093139648438, "open_price": 130.93914794921875, "datetime": "2025-02-26T19:00:00.000Z", "coin": "SOL", "volume": 251257344, "high_price": 133.0337677001953, "low_price": 130.91722106933594}
[2025-02-26T20:54:51.925+0000] {subprocess.py:93} INFO - DEBUG: Emitted: SOL	{"close_price": 131.86093139648438, "open_price": 130.93914794921875, "volume": 251257344.0, "high_price": 133.0337677001953, "low_price": 130.91722106933594, "timestamp": "2025-02-26T19:00:00.000Z"}
[2025-02-26T20:54:51.926+0000] {subprocess.py:93} INFO - DEBUG: Received line: {"datetime": "2025-02-26T20:00:00.000Z", "open_price": 131.83303833007812, "high_price": 135.1509552001953, "low_price": 131.3743896484375, "close_price": 135.1015167236328, "volume": 201869312, "coin": "SOL"}
[2025-02-26T20:54:51.926+0000] {subprocess.py:93} INFO - DEBUG: Parsed record: {"close_price": 135.1015167236328, "open_price": 131.83303833007812, "datetime": "2025-02-26T20:00:00.000Z", "coin": "SOL", "volume": 201869312, "high_price": 135.1509552001953, "low_price": 131.3743896484375}
[2025-02-26T20:54:51.927+0000] {subprocess.py:93} INFO - DEBUG: Emitted: SOL	{"close_price": 135.1015167236328, "open_price": 131.83303833007812, "volume": 201869312.0, "high_price": 135.1509552001953, "low_price": 131.3743896484375, "timestamp": "2025-02-26T20:00:00.000Z"}
[2025-02-26T20:54:51.928+0000] {subprocess.py:93} INFO - 2025-02-26 20:54:51,770 INFO streaming.PipeMapRed: MRErrorThread done
[2025-02-26T20:54:51.935+0000] {subprocess.py:93} INFO - 2025-02-26 20:54:51,770 INFO streaming.PipeMapRed: mapRedFinished
[2025-02-26T20:54:51.936+0000] {subprocess.py:93} INFO - 2025-02-26 20:54:51,777 INFO mapred.LocalJobRunner:
[2025-02-26T20:54:51.937+0000] {subprocess.py:93} INFO - 2025-02-26 20:54:51,778 INFO mapred.MapTask: Starting flush of map output
[2025-02-26T20:54:51.937+0000] {subprocess.py:93} INFO - 2025-02-26 20:54:51,779 INFO mapred.MapTask: Spilling map output
[2025-02-26T20:54:51.938+0000] {subprocess.py:93} INFO - 2025-02-26 20:54:51,779 INFO mapred.MapTask: bufstart = 0; bufend = 14211; bufvoid = 104857600
[2025-02-26T20:54:51.938+0000] {subprocess.py:93} INFO - 2025-02-26 20:54:51,779 INFO mapred.MapTask: kvstart = 26214396(104857584); kvend = 26214100(104856400); length = 297/6553600
[2025-02-26T20:54:51.939+0000] {subprocess.py:93} INFO - 2025-02-26 20:54:51,793 INFO mapred.MapTask: Finished spill 0
[2025-02-26T20:54:51.939+0000] {subprocess.py:93} INFO - 2025-02-26 20:54:51,833 INFO mapred.Task: Task:attempt_local970822383_0001_m_000000_0 is done. And is in the process of committing
[2025-02-26T20:54:51.940+0000] {subprocess.py:93} INFO - 2025-02-26 20:54:51,839 INFO mapred.LocalJobRunner: Records R/W=75/1
[2025-02-26T20:54:51.941+0000] {subprocess.py:93} INFO - 2025-02-26 20:54:51,840 INFO mapred.Task: Task 'attempt_local970822383_0001_m_000000_0' done.
[2025-02-26T20:54:51.941+0000] {subprocess.py:93} INFO - 2025-02-26 20:54:51,848 INFO mapred.Task: Final Counters for attempt_local970822383_0001_m_000000_0: Counters: 23
[2025-02-26T20:54:51.942+0000] {subprocess.py:93} INFO - 	File System Counters
[2025-02-26T20:54:51.942+0000] {subprocess.py:93} INFO - 		FILE: Number of bytes read=180901
[2025-02-26T20:54:51.943+0000] {subprocess.py:93} INFO - 		FILE: Number of bytes written=724385
[2025-02-26T20:54:51.944+0000] {subprocess.py:93} INFO - 		FILE: Number of read operations=0
[2025-02-26T20:54:51.944+0000] {subprocess.py:93} INFO - 		FILE: Number of large read operations=0
[2025-02-26T20:54:51.949+0000] {subprocess.py:93} INFO - 		FILE: Number of write operations=0
[2025-02-26T20:54:51.951+0000] {subprocess.py:93} INFO - 		HDFS: Number of bytes read=14736
[2025-02-26T20:54:51.952+0000] {subprocess.py:93} INFO - 		HDFS: Number of bytes written=0
[2025-02-26T20:54:51.952+0000] {subprocess.py:93} INFO - 		HDFS: Number of read operations=5
[2025-02-26T20:54:51.953+0000] {subprocess.py:93} INFO - 		HDFS: Number of large read operations=0
[2025-02-26T20:54:51.954+0000] {subprocess.py:93} INFO - 		HDFS: Number of write operations=1
[2025-02-26T20:54:51.954+0000] {subprocess.py:93} INFO - 		HDFS: Number of bytes read erasure-coded=0
[2025-02-26T20:54:51.955+0000] {subprocess.py:93} INFO - 	Map-Reduce Framework
[2025-02-26T20:54:51.955+0000] {subprocess.py:93} INFO - 		Map input records=75
[2025-02-26T20:54:51.956+0000] {subprocess.py:93} INFO - 		Map output records=75
[2025-02-26T20:54:51.957+0000] {subprocess.py:93} INFO - 		Map output bytes=14211
[2025-02-26T20:54:51.957+0000] {subprocess.py:93} INFO - 		Map output materialized bytes=14442
[2025-02-26T20:54:51.958+0000] {subprocess.py:93} INFO - 		Input split bytes=137
[2025-02-26T20:54:51.959+0000] {subprocess.py:93} INFO - 		Combine input records=0
[2025-02-26T20:54:51.959+0000] {subprocess.py:93} INFO - 		Spilled Records=75
[2025-02-26T20:54:51.960+0000] {subprocess.py:93} INFO - 		Failed Shuffles=0
[2025-02-26T20:54:51.961+0000] {subprocess.py:93} INFO - 		Merged Map outputs=0
[2025-02-26T20:54:51.962+0000] {subprocess.py:93} INFO - 		GC time elapsed (ms)=20
[2025-02-26T20:54:51.962+0000] {subprocess.py:93} INFO - 		Total committed heap usage (bytes)=271581184
[2025-02-26T20:54:51.963+0000] {subprocess.py:93} INFO - 	File Input Format Counters
[2025-02-26T20:54:51.964+0000] {subprocess.py:93} INFO - 		Bytes Read=14736
[2025-02-26T20:54:51.965+0000] {subprocess.py:93} INFO - 2025-02-26 20:54:51,848 INFO mapred.LocalJobRunner: Finishing task: attempt_local970822383_0001_m_000000_0
[2025-02-26T20:54:51.966+0000] {subprocess.py:93} INFO - 2025-02-26 20:54:51,848 INFO mapred.LocalJobRunner: map task executor complete.
[2025-02-26T20:54:51.967+0000] {subprocess.py:93} INFO - 2025-02-26 20:54:51,851 INFO mapred.LocalJobRunner: Waiting for reduce tasks
[2025-02-26T20:54:51.967+0000] {subprocess.py:93} INFO - 2025-02-26 20:54:51,852 INFO mapred.LocalJobRunner: Starting task: attempt_local970822383_0001_r_000000_0
[2025-02-26T20:54:51.968+0000] {subprocess.py:93} INFO - 2025-02-26 20:54:51,860 INFO output.FileOutputCommitter: File Output Committer Algorithm version is 2
[2025-02-26T20:54:51.969+0000] {subprocess.py:93} INFO - 2025-02-26 20:54:51,861 INFO output.FileOutputCommitter: FileOutputCommitter skip cleanup _temporary folders under output directory:false, ignore cleanup failures: false
[2025-02-26T20:54:51.970+0000] {subprocess.py:93} INFO - 2025-02-26 20:54:51,861 INFO mapred.Task:  Using ResourceCalculatorProcessTree : [ ]
[2025-02-26T20:54:51.977+0000] {subprocess.py:93} INFO - 2025-02-26 20:54:51,866 INFO mapred.ReduceTask: Using ShuffleConsumerPlugin: org.apache.hadoop.mapreduce.task.reduce.Shuffle@13f6ac35
[2025-02-26T20:54:51.979+0000] {subprocess.py:93} INFO - 2025-02-26 20:54:51,869 WARN impl.MetricsSystemImpl: JobTracker metrics system already initialized!
[2025-02-26T20:54:51.983+0000] {subprocess.py:93} INFO - 2025-02-26 20:54:51,896 INFO reduce.MergeManagerImpl: MergerManager: memoryLimit=668309888, maxSingleShuffleLimit=167077472, mergeThreshold=441084544, ioSortFactor=10, memToMemMergeOutputsThreshold=10
[2025-02-26T20:54:51.984+0000] {subprocess.py:93} INFO - 2025-02-26 20:54:51,901 INFO reduce.EventFetcher: attempt_local970822383_0001_r_000000_0 Thread started: EventFetcher for fetching Map Completion Events
[2025-02-26T20:54:51.985+0000] {subprocess.py:93} INFO - 2025-02-26 20:54:51,952 INFO reduce.LocalFetcher: localfetcher#1 about to shuffle output of map attempt_local970822383_0001_m_000000_0 decomp: 14438 len: 14442 to MEMORY
[2025-02-26T20:54:51.986+0000] {subprocess.py:93} INFO - 2025-02-26 20:54:51,957 INFO reduce.InMemoryMapOutput: Read 14438 bytes from map-output for attempt_local970822383_0001_m_000000_0
[2025-02-26T20:54:51.987+0000] {subprocess.py:93} INFO - 2025-02-26 20:54:51,959 INFO reduce.MergeManagerImpl: closeInMemoryFile -> map-output of size: 14438, inMemoryMapOutputs.size() -> 1, commitMemory -> 0, usedMemory ->14438
[2025-02-26T20:54:51.988+0000] {subprocess.py:93} INFO - 2025-02-26 20:54:51,962 INFO reduce.EventFetcher: EventFetcher is interrupted.. Returning
[2025-02-26T20:54:51.989+0000] {subprocess.py:93} INFO - 2025-02-26 20:54:51,964 INFO mapred.LocalJobRunner: 1 / 1 copied.
[2025-02-26T20:54:51.990+0000] {subprocess.py:93} INFO - 2025-02-26 20:54:51,965 INFO reduce.MergeManagerImpl: finalMerge called with 1 in-memory map-outputs and 0 on-disk map-outputs
[2025-02-26T20:54:51.990+0000] {subprocess.py:93} INFO - 2025-02-26 20:54:51,979 INFO mapred.Merger: Merging 1 sorted segments
[2025-02-26T20:54:51.991+0000] {subprocess.py:93} INFO - 2025-02-26 20:54:51,979 INFO mapred.Merger: Down to the last merge-pass, with 1 segments left of total size: 14431 bytes
[2025-02-26T20:54:51.991+0000] {subprocess.py:93} INFO - 2025-02-26 20:54:51,983 INFO reduce.MergeManagerImpl: Merged 1 segments, 14438 bytes to disk to satisfy reduce memory limit
[2025-02-26T20:54:51.992+0000] {subprocess.py:93} INFO - 2025-02-26 20:54:51,984 INFO reduce.MergeManagerImpl: Merging 1 files, 14442 bytes from disk
[2025-02-26T20:54:51.992+0000] {subprocess.py:93} INFO - 2025-02-26 20:54:51,985 INFO reduce.MergeManagerImpl: Merging 0 segments, 0 bytes from memory into reduce
[2025-02-26T20:54:51.993+0000] {subprocess.py:93} INFO - 2025-02-26 20:54:51,985 INFO mapred.Merger: Merging 1 sorted segments
[2025-02-26T20:54:51.994+0000] {subprocess.py:93} INFO - 2025-02-26 20:54:51,987 INFO mapred.Merger: Down to the last merge-pass, with 1 segments left of total size: 14431 bytes
[2025-02-26T20:54:51.994+0000] {subprocess.py:93} INFO - 2025-02-26 20:54:51,988 INFO mapred.LocalJobRunner: 1 / 1 copied.
[2025-02-26T20:54:51.995+0000] {subprocess.py:93} INFO - 2025-02-26 20:54:51,992 INFO streaming.PipeMapRed: PipeMapRed exec [/usr/bin/python, reducer.py]
[2025-02-26T20:54:51.998+0000] {subprocess.py:93} INFO - 2025-02-26 20:54:51,996 INFO Configuration.deprecation: mapred.job.tracker is deprecated. Instead, use mapreduce.jobtracker.address
[2025-02-26T20:54:51.999+0000] {subprocess.py:93} INFO - 2025-02-26 20:54:51,997 INFO Configuration.deprecation: mapred.map.tasks is deprecated. Instead, use mapreduce.job.maps
[2025-02-26T20:54:52.045+0000] {subprocess.py:93} INFO - 2025-02-26 20:54:52,043 INFO streaming.PipeMapRed: R/W/S=1/0/0 in:NA [rec/s] out:NA [rec/s]
[2025-02-26T20:54:52.046+0000] {subprocess.py:93} INFO - 2025-02-26 20:54:52,044 INFO streaming.PipeMapRed: R/W/S=10/0/0 in:NA [rec/s] out:NA [rec/s]
[2025-02-26T20:54:52.052+0000] {subprocess.py:93} INFO - 2025-02-26 20:54:52,050 INFO streaming.PipeMapRed: Records R/W=75/1
[2025-02-26T20:54:52.055+0000] {subprocess.py:93} INFO - 2025-02-26 20:54:52,053 INFO streaming.PipeMapRed: MRErrorThread done
[2025-02-26T20:54:52.056+0000] {subprocess.py:93} INFO - 2025-02-26 20:54:52,054 INFO streaming.PipeMapRed: mapRedFinished
[2025-02-26T20:54:52.080+0000] {subprocess.py:93} INFO - 2025-02-26 20:54:52,078 INFO sasl.SaslDataTransferClient: SASL encryption trust check: localHostTrusted = false, remoteHostTrusted = false
[2025-02-26T20:54:52.111+0000] {subprocess.py:93} INFO - 2025-02-26 20:54:52,109 INFO mapred.Task: Task:attempt_local970822383_0001_r_000000_0 is done. And is in the process of committing
[2025-02-26T20:54:52.114+0000] {subprocess.py:93} INFO - 2025-02-26 20:54:52,113 INFO mapred.LocalJobRunner: 1 / 1 copied.
[2025-02-26T20:54:52.115+0000] {subprocess.py:93} INFO - 2025-02-26 20:54:52,113 INFO mapred.Task: Task attempt_local970822383_0001_r_000000_0 is allowed to commit now
[2025-02-26T20:54:52.142+0000] {subprocess.py:93} INFO - 2025-02-26 20:54:52,140 INFO output.FileOutputCommitter: Saved output of task 'attempt_local970822383_0001_r_000000_0' to hdfs://namenode:9000/user/etudiant/crypto/processed/YYYY=2025/MM=02/DD=26
[2025-02-26T20:54:52.143+0000] {subprocess.py:93} INFO - 2025-02-26 20:54:52,141 INFO mapred.LocalJobRunner: Records R/W=75/1 > reduce
[2025-02-26T20:54:52.143+0000] {subprocess.py:93} INFO - 2025-02-26 20:54:52,141 INFO mapred.Task: Task 'attempt_local970822383_0001_r_000000_0' done.
[2025-02-26T20:54:52.144+0000] {subprocess.py:93} INFO - 2025-02-26 20:54:52,142 INFO mapred.Task: Final Counters for attempt_local970822383_0001_r_000000_0: Counters: 30
[2025-02-26T20:54:52.145+0000] {subprocess.py:93} INFO - 	File System Counters
[2025-02-26T20:54:52.145+0000] {subprocess.py:93} INFO - 		FILE: Number of bytes read=209817
[2025-02-26T20:54:52.146+0000] {subprocess.py:93} INFO - 		FILE: Number of bytes written=738827
[2025-02-26T20:54:52.147+0000] {subprocess.py:93} INFO - 		FILE: Number of read operations=0
[2025-02-26T20:54:52.147+0000] {subprocess.py:93} INFO - 		FILE: Number of large read operations=0
[2025-02-26T20:54:52.148+0000] {subprocess.py:93} INFO - 		FILE: Number of write operations=0
[2025-02-26T20:54:52.148+0000] {subprocess.py:93} INFO - 		HDFS: Number of bytes read=14736
[2025-02-26T20:54:52.149+0000] {subprocess.py:93} INFO - 		HDFS: Number of bytes written=561
[2025-02-26T20:54:52.149+0000] {subprocess.py:93} INFO - 		HDFS: Number of read operations=10
[2025-02-26T20:54:52.149+0000] {subprocess.py:93} INFO - 		HDFS: Number of large read operations=0
[2025-02-26T20:54:52.150+0000] {subprocess.py:93} INFO - 		HDFS: Number of write operations=3
[2025-02-26T20:54:52.150+0000] {subprocess.py:93} INFO - 		HDFS: Number of bytes read erasure-coded=0
[2025-02-26T20:54:52.151+0000] {subprocess.py:93} INFO - 	Map-Reduce Framework
[2025-02-26T20:54:52.151+0000] {subprocess.py:93} INFO - 		Combine input records=0
[2025-02-26T20:54:52.152+0000] {subprocess.py:93} INFO - 		Combine output records=0
[2025-02-26T20:54:52.152+0000] {subprocess.py:93} INFO - 		Reduce input groups=3
[2025-02-26T20:54:52.153+0000] {subprocess.py:93} INFO - 		Reduce shuffle bytes=14442
[2025-02-26T20:54:52.154+0000] {subprocess.py:93} INFO - 		Reduce input records=75
[2025-02-26T20:54:52.154+0000] {subprocess.py:93} INFO - 		Reduce output records=3
[2025-02-26T20:54:52.155+0000] {subprocess.py:93} INFO - 		Spilled Records=75
[2025-02-26T20:54:52.155+0000] {subprocess.py:93} INFO - 		Shuffled Maps =1
[2025-02-26T20:54:52.155+0000] {subprocess.py:93} INFO - 		Failed Shuffles=0
[2025-02-26T20:54:52.156+0000] {subprocess.py:93} INFO - 		Merged Map outputs=1
[2025-02-26T20:54:52.156+0000] {subprocess.py:93} INFO - 		GC time elapsed (ms)=0
[2025-02-26T20:54:52.157+0000] {subprocess.py:93} INFO - 		Total committed heap usage (bytes)=271581184
[2025-02-26T20:54:52.157+0000] {subprocess.py:93} INFO - 	Shuffle Errors
[2025-02-26T20:54:52.158+0000] {subprocess.py:93} INFO - 		BAD_ID=0
[2025-02-26T20:54:52.158+0000] {subprocess.py:93} INFO - 		CONNECTION=0
[2025-02-26T20:54:52.159+0000] {subprocess.py:93} INFO - 		IO_ERROR=0
[2025-02-26T20:54:52.159+0000] {subprocess.py:93} INFO - 		WRONG_LENGTH=0
[2025-02-26T20:54:52.160+0000] {subprocess.py:93} INFO - 		WRONG_MAP=0
[2025-02-26T20:54:52.160+0000] {subprocess.py:93} INFO - 		WRONG_REDUCE=0
[2025-02-26T20:54:52.161+0000] {subprocess.py:93} INFO - 	File Output Format Counters
[2025-02-26T20:54:52.161+0000] {subprocess.py:93} INFO - 		Bytes Written=561
[2025-02-26T20:54:52.162+0000] {subprocess.py:93} INFO - 2025-02-26 20:54:52,142 INFO mapred.LocalJobRunner: Finishing task: attempt_local970822383_0001_r_000000_0
[2025-02-26T20:54:52.162+0000] {subprocess.py:93} INFO - 2025-02-26 20:54:52,143 INFO mapred.LocalJobRunner: reduce task executor complete.
[2025-02-26T20:54:52.464+0000] {subprocess.py:93} INFO - 2025-02-26 20:54:52,462 INFO mapreduce.Job: Job job_local970822383_0001 running in uber mode : false
[2025-02-26T20:54:52.466+0000] {subprocess.py:93} INFO - 2025-02-26 20:54:52,463 INFO mapreduce.Job:  map 100% reduce 100%
[2025-02-26T20:54:52.467+0000] {subprocess.py:93} INFO - 2025-02-26 20:54:52,464 INFO mapreduce.Job: Job job_local970822383_0001 completed successfully
[2025-02-26T20:54:52.475+0000] {subprocess.py:93} INFO - 2025-02-26 20:54:52,473 INFO mapreduce.Job: Counters: 36
[2025-02-26T20:54:52.476+0000] {subprocess.py:93} INFO - 	File System Counters
[2025-02-26T20:54:52.477+0000] {subprocess.py:93} INFO - 		FILE: Number of bytes read=390718
[2025-02-26T20:54:52.478+0000] {subprocess.py:93} INFO - 		FILE: Number of bytes written=1463212
[2025-02-26T20:54:52.479+0000] {subprocess.py:93} INFO - 		FILE: Number of read operations=0
[2025-02-26T20:54:52.480+0000] {subprocess.py:93} INFO - 		FILE: Number of large read operations=0
[2025-02-26T20:54:52.481+0000] {subprocess.py:93} INFO - 		FILE: Number of write operations=0
[2025-02-26T20:54:52.482+0000] {subprocess.py:93} INFO - 		HDFS: Number of bytes read=29472
[2025-02-26T20:54:52.483+0000] {subprocess.py:93} INFO - 		HDFS: Number of bytes written=561
[2025-02-26T20:54:52.484+0000] {subprocess.py:93} INFO - 		HDFS: Number of read operations=15
[2025-02-26T20:54:52.485+0000] {subprocess.py:93} INFO - 		HDFS: Number of large read operations=0
[2025-02-26T20:54:52.486+0000] {subprocess.py:93} INFO - 		HDFS: Number of write operations=4
[2025-02-26T20:54:52.486+0000] {subprocess.py:93} INFO - 		HDFS: Number of bytes read erasure-coded=0
[2025-02-26T20:54:52.487+0000] {subprocess.py:93} INFO - 	Map-Reduce Framework
[2025-02-26T20:54:52.488+0000] {subprocess.py:93} INFO - 		Map input records=75
[2025-02-26T20:54:52.489+0000] {subprocess.py:93} INFO - 		Map output records=75
[2025-02-26T20:54:52.490+0000] {subprocess.py:93} INFO - 		Map output bytes=14211
[2025-02-26T20:54:52.491+0000] {subprocess.py:93} INFO - 		Map output materialized bytes=14442
[2025-02-26T20:54:52.491+0000] {subprocess.py:93} INFO - 		Input split bytes=137
[2025-02-26T20:54:52.493+0000] {subprocess.py:93} INFO - 		Combine input records=0
[2025-02-26T20:54:52.494+0000] {subprocess.py:93} INFO - 		Combine output records=0
[2025-02-26T20:54:52.495+0000] {subprocess.py:93} INFO - 		Reduce input groups=3
[2025-02-26T20:54:52.496+0000] {subprocess.py:93} INFO - 		Reduce shuffle bytes=14442
[2025-02-26T20:54:52.496+0000] {subprocess.py:93} INFO - 		Reduce input records=75
[2025-02-26T20:54:52.497+0000] {subprocess.py:93} INFO - 		Reduce output records=3
[2025-02-26T20:54:52.498+0000] {subprocess.py:93} INFO - 		Spilled Records=150
[2025-02-26T20:54:52.499+0000] {subprocess.py:93} INFO - 		Shuffled Maps =1
[2025-02-26T20:54:52.500+0000] {subprocess.py:93} INFO - 		Failed Shuffles=0
[2025-02-26T20:54:52.501+0000] {subprocess.py:93} INFO - 		Merged Map outputs=1
[2025-02-26T20:54:52.502+0000] {subprocess.py:93} INFO - 		GC time elapsed (ms)=20
[2025-02-26T20:54:52.503+0000] {subprocess.py:93} INFO - 		Total committed heap usage (bytes)=543162368
[2025-02-26T20:54:52.504+0000] {subprocess.py:93} INFO - 	Shuffle Errors
[2025-02-26T20:54:52.504+0000] {subprocess.py:93} INFO - 		BAD_ID=0
[2025-02-26T20:54:52.505+0000] {subprocess.py:93} INFO - 		CONNECTION=0
[2025-02-26T20:54:52.506+0000] {subprocess.py:93} INFO - 		IO_ERROR=0
[2025-02-26T20:54:52.507+0000] {subprocess.py:93} INFO - 		WRONG_LENGTH=0
[2025-02-26T20:54:52.508+0000] {subprocess.py:93} INFO - 		WRONG_MAP=0
[2025-02-26T20:54:52.509+0000] {subprocess.py:93} INFO - 		WRONG_REDUCE=0
[2025-02-26T20:54:52.510+0000] {subprocess.py:93} INFO - 	File Input Format Counters
[2025-02-26T20:54:52.510+0000] {subprocess.py:93} INFO - 		Bytes Read=14736
[2025-02-26T20:54:52.511+0000] {subprocess.py:93} INFO - 	File Output Format Counters
[2025-02-26T20:54:52.512+0000] {subprocess.py:93} INFO - 		Bytes Written=561
[2025-02-26T20:54:52.512+0000] {subprocess.py:93} INFO - 2025-02-26 20:54:52,473 INFO streaming.StreamJob: Output directory: hdfs:///user/etudiant/crypto/processed/YYYY=2025/MM=02/DD=26
[2025-02-26T20:54:52.939+0000] {subprocess.py:97} INFO - Command exited with return code 0
[2025-02-26T20:54:52.971+0000] {taskinstance.py:1400} INFO - Marking task as SUCCESS. dag_id=yfinance_ingestion_dag, task_id=run_mapreduce, execution_date=20250226T205432, start_date=20250226T205446, end_date=20250226T205452
[2025-02-26T20:54:53.005+0000] {local_task_job_runner.py:228} INFO - Task exited with return code 0
[2025-02-26T20:54:53.025+0000] {taskinstance.py:2784} INFO - 0 downstream tasks scheduled from follow-on schedule check
