[2025-02-26T20:48:20.828+0000] {taskinstance.py:1159} INFO - Dependencies all met for dep_context=non-requeueable deps ti=<TaskInstance: yfinance_ingestion_dag.run_mapreduce scheduled__2025-02-25T00:00:00+00:00 [queued]>
[2025-02-26T20:48:20.853+0000] {taskinstance.py:1159} INFO - Dependencies all met for dep_context=requeueable deps ti=<TaskInstance: yfinance_ingestion_dag.run_mapreduce scheduled__2025-02-25T00:00:00+00:00 [queued]>
[2025-02-26T20:48:20.854+0000] {taskinstance.py:1361} INFO - Starting attempt 1 of 2
[2025-02-26T20:48:20.902+0000] {taskinstance.py:1382} INFO - Executing <Task(BashOperator): run_mapreduce> on 2025-02-25 00:00:00+00:00
[2025-02-26T20:48:20.920+0000] {standard_task_runner.py:57} INFO - Started process 3440 to run task
[2025-02-26T20:48:20.926+0000] {standard_task_runner.py:84} INFO - Running: ['***', 'tasks', 'run', 'yfinance_ingestion_dag', 'run_mapreduce', 'scheduled__2025-02-25T00:00:00+00:00', '--job-id', '446', '--raw', '--subdir', 'DAGS_FOLDER/pipeline.py', '--cfg-path', '/tmp/tmp6gpyoegh']
[2025-02-26T20:48:20.936+0000] {standard_task_runner.py:85} INFO - Job 446: Subtask run_mapreduce
[2025-02-26T20:48:21.039+0000] {task_command.py:415} INFO - Running <TaskInstance: yfinance_ingestion_dag.run_mapreduce scheduled__2025-02-25T00:00:00+00:00 [running]> on host 3c0faf52b292
[2025-02-26T20:48:21.309+0000] {taskinstance.py:1660} INFO - Exporting env vars: AIRFLOW_CTX_DAG_OWNER='etudiant' AIRFLOW_CTX_DAG_ID='yfinance_ingestion_dag' AIRFLOW_CTX_TASK_ID='run_mapreduce' AIRFLOW_CTX_EXECUTION_DATE='2025-02-25T00:00:00+00:00' AIRFLOW_CTX_TRY_NUMBER='1' AIRFLOW_CTX_DAG_RUN_ID='scheduled__2025-02-25T00:00:00+00:00'
[2025-02-26T20:48:21.312+0000] {subprocess.py:63} INFO - Tmp dir root location: /tmp
[2025-02-26T20:48:21.314+0000] {subprocess.py:75} INFO - Running command: ['/bin/bash', '-c', '\n        docker exec -i -u root namenode bash -c \'         cd /tmp &&         cp /mnt/hadoop_data/mapreduce/mapper.py . &&         cp /mnt/hadoop_data/mapreduce/reducer.py . &&         chmod +x mapper.py reducer.py &&         hdfs dfs -rm -r hdfs:///user/etudiant/crypto/processed/YYYY=2025/MM=02/DD=25 || true &&         hadoop jar /opt/hadoop-3.2.1/share/hadoop/tools/lib/hadoop-streaming-3.2.1.jar         -files mapper.py,reducer.py         -mapper "python mapper.py"         -reducer "python reducer.py"         -input hdfs:///user/etudiant/crypto/raw/YYYY=2025/MM=02/DD=25/yfinance_raw.json         -output hdfs:///user/etudiant/crypto/processed/YYYY=2025/MM=02/DD=25\'\n        ']
[2025-02-26T20:48:21.347+0000] {subprocess.py:86} INFO - Output:
[2025-02-26T20:48:23.892+0000] {subprocess.py:93} INFO - rm: `hdfs:///user/etudiant/crypto/processed/YYYY=2025/MM=02/DD=25': No such file or directory
[2025-02-26T20:48:25.354+0000] {subprocess.py:93} INFO - 2025-02-26 20:48:25,352 INFO impl.MetricsConfig: Loaded properties from hadoop-metrics2.properties
[2025-02-26T20:48:25.417+0000] {subprocess.py:93} INFO - 2025-02-26 20:48:25,415 INFO impl.MetricsSystemImpl: Scheduled Metric snapshot period at 10 second(s).
[2025-02-26T20:48:25.418+0000] {subprocess.py:93} INFO - 2025-02-26 20:48:25,415 INFO impl.MetricsSystemImpl: JobTracker metrics system started
[2025-02-26T20:48:25.434+0000] {subprocess.py:93} INFO - 2025-02-26 20:48:25,431 WARN impl.MetricsSystemImpl: JobTracker metrics system already initialized!
[2025-02-26T20:48:25.685+0000] {subprocess.py:93} INFO - 2025-02-26 20:48:25,683 INFO mapred.FileInputFormat: Total input files to process : 1
[2025-02-26T20:48:25.726+0000] {subprocess.py:93} INFO - 2025-02-26 20:48:25,724 INFO mapreduce.JobSubmitter: number of splits:1
[2025-02-26T20:48:25.847+0000] {subprocess.py:93} INFO - 2025-02-26 20:48:25,844 INFO mapreduce.JobSubmitter: Submitting tokens for job: job_local1866694537_0001
[2025-02-26T20:48:25.848+0000] {subprocess.py:93} INFO - 2025-02-26 20:48:25,844 INFO mapreduce.JobSubmitter: Executing with tokens: []
[2025-02-26T20:48:26.095+0000] {subprocess.py:93} INFO - 2025-02-26 20:48:26,092 INFO mapred.LocalDistributedCacheManager: Localized file:/tmp/mapper.py as file:/tmp/hadoop-root/mapred/local/job_local1866694537_0001_744749ea-ea5f-4a52-9c2a-d7e1adc5279f/mapper.py
[2025-02-26T20:48:26.115+0000] {subprocess.py:93} INFO - 2025-02-26 20:48:26,113 INFO mapred.LocalDistributedCacheManager: Localized file:/tmp/reducer.py as file:/tmp/hadoop-root/mapred/local/job_local1866694537_0001_ace1d285-5a7e-4ea5-a371-3bf44dedafd6/reducer.py
[2025-02-26T20:48:26.242+0000] {subprocess.py:93} INFO - 2025-02-26 20:48:26,240 INFO mapreduce.Job: The url to track the job: http://localhost:8080/
[2025-02-26T20:48:26.246+0000] {subprocess.py:93} INFO - 2025-02-26 20:48:26,242 INFO mapred.LocalJobRunner: OutputCommitter set in config null
[2025-02-26T20:48:26.248+0000] {subprocess.py:93} INFO - 2025-02-26 20:48:26,242 INFO mapreduce.Job: Running job: job_local1866694537_0001
[2025-02-26T20:48:26.249+0000] {subprocess.py:93} INFO - 2025-02-26 20:48:26,245 INFO mapred.LocalJobRunner: OutputCommitter is org.apache.hadoop.mapred.FileOutputCommitter
[2025-02-26T20:48:26.257+0000] {subprocess.py:93} INFO - 2025-02-26 20:48:26,255 INFO output.FileOutputCommitter: File Output Committer Algorithm version is 2
[2025-02-26T20:48:26.259+0000] {subprocess.py:93} INFO - 2025-02-26 20:48:26,255 INFO output.FileOutputCommitter: FileOutputCommitter skip cleanup _temporary folders under output directory:false, ignore cleanup failures: false
[2025-02-26T20:48:26.321+0000] {subprocess.py:93} INFO - 2025-02-26 20:48:26,319 INFO mapred.LocalJobRunner: Waiting for map tasks
[2025-02-26T20:48:26.325+0000] {subprocess.py:93} INFO - 2025-02-26 20:48:26,323 INFO mapred.LocalJobRunner: Starting task: attempt_local1866694537_0001_m_000000_0
[2025-02-26T20:48:26.351+0000] {subprocess.py:93} INFO - 2025-02-26 20:48:26,348 INFO output.FileOutputCommitter: File Output Committer Algorithm version is 2
[2025-02-26T20:48:26.352+0000] {subprocess.py:93} INFO - 2025-02-26 20:48:26,349 INFO output.FileOutputCommitter: FileOutputCommitter skip cleanup _temporary folders under output directory:false, ignore cleanup failures: false
[2025-02-26T20:48:26.371+0000] {subprocess.py:93} INFO - 2025-02-26 20:48:26,369 INFO mapred.Task:  Using ResourceCalculatorProcessTree : [ ]
[2025-02-26T20:48:26.380+0000] {subprocess.py:93} INFO - 2025-02-26 20:48:26,378 INFO mapred.MapTask: Processing split: hdfs://namenode:9000/user/etudiant/crypto/raw/YYYY=2025/MM=02/DD=25/yfinance_raw.json:0+19767
[2025-02-26T20:48:26.400+0000] {subprocess.py:93} INFO - 2025-02-26 20:48:26,398 INFO mapred.MapTask: numReduceTasks: 1
[2025-02-26T20:48:26.420+0000] {subprocess.py:93} INFO - 2025-02-26 20:48:26,418 INFO mapred.MapTask: (EQUATOR) 0 kvi 26214396(104857584)
[2025-02-26T20:48:26.422+0000] {subprocess.py:93} INFO - 2025-02-26 20:48:26,419 INFO mapred.MapTask: mapreduce.task.io.sort.mb: 100
[2025-02-26T20:48:26.422+0000] {subprocess.py:93} INFO - 2025-02-26 20:48:26,419 INFO mapred.MapTask: soft limit at 83886080
[2025-02-26T20:48:26.423+0000] {subprocess.py:93} INFO - 2025-02-26 20:48:26,419 INFO mapred.MapTask: bufstart = 0; bufvoid = 104857600
[2025-02-26T20:48:26.424+0000] {subprocess.py:93} INFO - 2025-02-26 20:48:26,419 INFO mapred.MapTask: kvstart = 26214396; length = 6553600
[2025-02-26T20:48:26.424+0000] {subprocess.py:93} INFO - 2025-02-26 20:48:26,422 INFO mapred.MapTask: Map output collector class = org.apache.hadoop.mapred.MapTask$MapOutputBuffer
[2025-02-26T20:48:26.432+0000] {subprocess.py:93} INFO - 2025-02-26 20:48:26,429 INFO streaming.PipeMapRed: PipeMapRed exec [/usr/bin/python, mapper.py]
[2025-02-26T20:48:26.437+0000] {subprocess.py:93} INFO - 2025-02-26 20:48:26,436 INFO Configuration.deprecation: mapred.work.output.dir is deprecated. Instead, use mapreduce.task.output.dir
[2025-02-26T20:48:26.439+0000] {subprocess.py:93} INFO - 2025-02-26 20:48:26,436 INFO Configuration.deprecation: map.input.start is deprecated. Instead, use mapreduce.map.input.start
[2025-02-26T20:48:26.440+0000] {subprocess.py:93} INFO - 2025-02-26 20:48:26,438 INFO Configuration.deprecation: mapred.task.is.map is deprecated. Instead, use mapreduce.task.ismap
[2025-02-26T20:48:26.441+0000] {subprocess.py:93} INFO - 2025-02-26 20:48:26,438 INFO Configuration.deprecation: mapred.task.id is deprecated. Instead, use mapreduce.task.attempt.id
[2025-02-26T20:48:26.442+0000] {subprocess.py:93} INFO - 2025-02-26 20:48:26,439 INFO Configuration.deprecation: mapred.tip.id is deprecated. Instead, use mapreduce.task.id
[2025-02-26T20:48:26.444+0000] {subprocess.py:93} INFO - 2025-02-26 20:48:26,439 INFO Configuration.deprecation: mapred.local.dir is deprecated. Instead, use mapreduce.cluster.local.dir
[2025-02-26T20:48:26.446+0000] {subprocess.py:93} INFO - 2025-02-26 20:48:26,440 INFO Configuration.deprecation: map.input.file is deprecated. Instead, use mapreduce.map.input.file
[2025-02-26T20:48:26.447+0000] {subprocess.py:93} INFO - 2025-02-26 20:48:26,441 INFO Configuration.deprecation: mapred.skip.on is deprecated. Instead, use mapreduce.job.skiprecords
[2025-02-26T20:48:26.448+0000] {subprocess.py:93} INFO - 2025-02-26 20:48:26,441 INFO Configuration.deprecation: map.input.length is deprecated. Instead, use mapreduce.map.input.length
[2025-02-26T20:48:26.448+0000] {subprocess.py:93} INFO - 2025-02-26 20:48:26,443 INFO Configuration.deprecation: mapred.job.id is deprecated. Instead, use mapreduce.job.id
[2025-02-26T20:48:26.449+0000] {subprocess.py:93} INFO - 2025-02-26 20:48:26,444 INFO Configuration.deprecation: user.name is deprecated. Instead, use mapreduce.job.user.name
[2025-02-26T20:48:26.450+0000] {subprocess.py:93} INFO - 2025-02-26 20:48:26,444 INFO Configuration.deprecation: mapred.task.partition is deprecated. Instead, use mapreduce.task.partition
[2025-02-26T20:48:26.476+0000] {subprocess.py:93} INFO - 2025-02-26 20:48:26,474 INFO sasl.SaslDataTransferClient: SASL encryption trust check: localHostTrusted = false, remoteHostTrusted = false
[2025-02-26T20:48:26.540+0000] {subprocess.py:93} INFO - 2025-02-26 20:48:26,538 INFO streaming.PipeMapRed: R/W/S=1/0/0 in:NA [rec/s] out:NA [rec/s]
[2025-02-26T20:48:26.541+0000] {subprocess.py:93} INFO - 2025-02-26 20:48:26,538 INFO streaming.PipeMapRed: R/W/S=10/0/0 in:NA [rec/s] out:NA [rec/s]
[2025-02-26T20:48:26.541+0000] {subprocess.py:93} INFO - 2025-02-26 20:48:26,540 INFO streaming.PipeMapRed: R/W/S=100/0/0 in:NA [rec/s] out:NA [rec/s]
[2025-02-26T20:48:26.556+0000] {subprocess.py:93} INFO - 2025-02-26 20:48:26,554 INFO streaming.PipeMapRed: MRErrorThread done
[2025-02-26T20:48:26.557+0000] {subprocess.py:93} INFO - 2025-02-26 20:48:26,554 INFO streaming.PipeMapRed: mapRedFinished
[2025-02-26T20:48:26.560+0000] {subprocess.py:93} INFO - 2025-02-26 20:48:26,558 INFO mapred.LocalJobRunner:
[2025-02-26T20:48:26.561+0000] {subprocess.py:93} INFO - 2025-02-26 20:48:26,558 INFO mapred.MapTask: Starting flush of map output
[2025-02-26T20:48:26.578+0000] {subprocess.py:93} INFO - 2025-02-26 20:48:26,576 INFO mapred.Task: Task:attempt_local1866694537_0001_m_000000_0 is done. And is in the process of committing
[2025-02-26T20:48:26.583+0000] {subprocess.py:93} INFO - 2025-02-26 20:48:26,581 INFO mapred.LocalJobRunner: hdfs://namenode:9000/user/etudiant/crypto/raw/YYYY=2025/MM=02/DD=25/yfinance_raw.json:0+19767
[2025-02-26T20:48:26.584+0000] {subprocess.py:93} INFO - 2025-02-26 20:48:26,581 INFO mapred.Task: Task 'attempt_local1866694537_0001_m_000000_0' done.
[2025-02-26T20:48:26.594+0000] {subprocess.py:93} INFO - 2025-02-26 20:48:26,592 INFO mapred.Task: Final Counters for attempt_local1866694537_0001_m_000000_0: Counters: 23
[2025-02-26T20:48:26.595+0000] {subprocess.py:93} INFO - 	File System Counters
[2025-02-26T20:48:26.596+0000] {subprocess.py:93} INFO - 		FILE: Number of bytes read=180665
[2025-02-26T20:48:26.597+0000] {subprocess.py:93} INFO - 		FILE: Number of bytes written=712295
[2025-02-26T20:48:26.601+0000] {subprocess.py:93} INFO - 		FILE: Number of read operations=0
[2025-02-26T20:48:26.602+0000] {subprocess.py:93} INFO - 		FILE: Number of large read operations=0
[2025-02-26T20:48:26.603+0000] {subprocess.py:93} INFO - 		FILE: Number of write operations=0
[2025-02-26T20:48:26.604+0000] {subprocess.py:93} INFO - 		HDFS: Number of bytes read=19767
[2025-02-26T20:48:26.604+0000] {subprocess.py:93} INFO - 		HDFS: Number of bytes written=0
[2025-02-26T20:48:26.605+0000] {subprocess.py:93} INFO - 		HDFS: Number of read operations=5
[2025-02-26T20:48:26.605+0000] {subprocess.py:93} INFO - 		HDFS: Number of large read operations=0
[2025-02-26T20:48:26.606+0000] {subprocess.py:93} INFO - 		HDFS: Number of write operations=1
[2025-02-26T20:48:26.606+0000] {subprocess.py:93} INFO - 		HDFS: Number of bytes read erasure-coded=0
[2025-02-26T20:48:26.607+0000] {subprocess.py:93} INFO - 	Map-Reduce Framework
[2025-02-26T20:48:26.607+0000] {subprocess.py:93} INFO - 		Map input records=677
[2025-02-26T20:48:26.608+0000] {subprocess.py:93} INFO - 		Map output records=0
[2025-02-26T20:48:26.608+0000] {subprocess.py:93} INFO - 		Map output bytes=0
[2025-02-26T20:48:26.609+0000] {subprocess.py:93} INFO - 		Map output materialized bytes=6
[2025-02-26T20:48:26.609+0000] {subprocess.py:93} INFO - 		Input split bytes=137
[2025-02-26T20:48:26.610+0000] {subprocess.py:93} INFO - 		Combine input records=0
[2025-02-26T20:48:26.610+0000] {subprocess.py:93} INFO - 		Spilled Records=0
[2025-02-26T20:48:26.611+0000] {subprocess.py:93} INFO - 		Failed Shuffles=0
[2025-02-26T20:48:26.612+0000] {subprocess.py:93} INFO - 		Merged Map outputs=0
[2025-02-26T20:48:26.612+0000] {subprocess.py:93} INFO - 		GC time elapsed (ms)=0
[2025-02-26T20:48:26.613+0000] {subprocess.py:93} INFO - 		Total committed heap usage (bytes)=276824064
[2025-02-26T20:48:26.614+0000] {subprocess.py:93} INFO - 	File Input Format Counters
[2025-02-26T20:48:26.615+0000] {subprocess.py:93} INFO - 		Bytes Read=19767
[2025-02-26T20:48:26.616+0000] {subprocess.py:93} INFO - 2025-02-26 20:48:26,592 INFO mapred.LocalJobRunner: Finishing task: attempt_local1866694537_0001_m_000000_0
[2025-02-26T20:48:26.617+0000] {subprocess.py:93} INFO - 2025-02-26 20:48:26,592 INFO mapred.LocalJobRunner: map task executor complete.
[2025-02-26T20:48:26.617+0000] {subprocess.py:93} INFO - 2025-02-26 20:48:26,597 INFO mapred.LocalJobRunner: Waiting for reduce tasks
[2025-02-26T20:48:26.618+0000] {subprocess.py:93} INFO - 2025-02-26 20:48:26,609 INFO mapred.LocalJobRunner: Starting task: attempt_local1866694537_0001_r_000000_0
[2025-02-26T20:48:26.624+0000] {subprocess.py:93} INFO - 2025-02-26 20:48:26,621 INFO output.FileOutputCommitter: File Output Committer Algorithm version is 2
[2025-02-26T20:48:26.625+0000] {subprocess.py:93} INFO - 2025-02-26 20:48:26,621 INFO output.FileOutputCommitter: FileOutputCommitter skip cleanup _temporary folders under output directory:false, ignore cleanup failures: false
[2025-02-26T20:48:26.626+0000] {subprocess.py:93} INFO - 2025-02-26 20:48:26,622 INFO mapred.Task:  Using ResourceCalculatorProcessTree : [ ]
[2025-02-26T20:48:26.628+0000] {subprocess.py:93} INFO - 2025-02-26 20:48:26,627 INFO mapred.ReduceTask: Using ShuffleConsumerPlugin: org.apache.hadoop.mapreduce.task.reduce.Shuffle@7f3db831
[2025-02-26T20:48:26.631+0000] {subprocess.py:93} INFO - 2025-02-26 20:48:26,629 WARN impl.MetricsSystemImpl: JobTracker metrics system already initialized!
[2025-02-26T20:48:26.652+0000] {subprocess.py:93} INFO - 2025-02-26 20:48:26,650 INFO reduce.MergeManagerImpl: MergerManager: memoryLimit=668309888, maxSingleShuffleLimit=167077472, mergeThreshold=441084544, ioSortFactor=10, memToMemMergeOutputsThreshold=10
[2025-02-26T20:48:26.657+0000] {subprocess.py:93} INFO - 2025-02-26 20:48:26,655 INFO reduce.EventFetcher: attempt_local1866694537_0001_r_000000_0 Thread started: EventFetcher for fetching Map Completion Events
[2025-02-26T20:48:26.701+0000] {subprocess.py:93} INFO - 2025-02-26 20:48:26,698 INFO reduce.LocalFetcher: localfetcher#1 about to shuffle output of map attempt_local1866694537_0001_m_000000_0 decomp: 2 len: 6 to MEMORY
[2025-02-26T20:48:26.706+0000] {subprocess.py:93} INFO - 2025-02-26 20:48:26,704 INFO reduce.InMemoryMapOutput: Read 2 bytes from map-output for attempt_local1866694537_0001_m_000000_0
[2025-02-26T20:48:26.707+0000] {subprocess.py:93} INFO - 2025-02-26 20:48:26,706 INFO reduce.MergeManagerImpl: closeInMemoryFile -> map-output of size: 2, inMemoryMapOutputs.size() -> 1, commitMemory -> 0, usedMemory ->2
[2025-02-26T20:48:26.709+0000] {subprocess.py:93} INFO - 2025-02-26 20:48:26,707 INFO reduce.EventFetcher: EventFetcher is interrupted.. Returning
[2025-02-26T20:48:26.710+0000] {subprocess.py:93} INFO - 2025-02-26 20:48:26,709 INFO mapred.LocalJobRunner: 1 / 1 copied.
[2025-02-26T20:48:26.711+0000] {subprocess.py:93} INFO - 2025-02-26 20:48:26,709 INFO reduce.MergeManagerImpl: finalMerge called with 1 in-memory map-outputs and 0 on-disk map-outputs
[2025-02-26T20:48:26.721+0000] {subprocess.py:93} INFO - 2025-02-26 20:48:26,719 INFO mapred.Merger: Merging 1 sorted segments
[2025-02-26T20:48:26.722+0000] {subprocess.py:93} INFO - 2025-02-26 20:48:26,720 INFO mapred.Merger: Down to the last merge-pass, with 0 segments left of total size: 0 bytes
[2025-02-26T20:48:26.724+0000] {subprocess.py:93} INFO - 2025-02-26 20:48:26,722 INFO reduce.MergeManagerImpl: Merged 1 segments, 2 bytes to disk to satisfy reduce memory limit
[2025-02-26T20:48:26.727+0000] {subprocess.py:93} INFO - 2025-02-26 20:48:26,725 INFO reduce.MergeManagerImpl: Merging 1 files, 6 bytes from disk
[2025-02-26T20:48:26.728+0000] {subprocess.py:93} INFO - 2025-02-26 20:48:26,727 INFO reduce.MergeManagerImpl: Merging 0 segments, 0 bytes from memory into reduce
[2025-02-26T20:48:26.729+0000] {subprocess.py:93} INFO - 2025-02-26 20:48:26,727 INFO mapred.Merger: Merging 1 sorted segments
[2025-02-26T20:48:26.731+0000] {subprocess.py:93} INFO - 2025-02-26 20:48:26,729 INFO mapred.Merger: Down to the last merge-pass, with 0 segments left of total size: 0 bytes
[2025-02-26T20:48:26.732+0000] {subprocess.py:93} INFO - 2025-02-26 20:48:26,729 INFO mapred.LocalJobRunner: 1 / 1 copied.
[2025-02-26T20:48:26.739+0000] {subprocess.py:93} INFO - 2025-02-26 20:48:26,735 INFO streaming.PipeMapRed: PipeMapRed exec [/usr/bin/python, reducer.py]
[2025-02-26T20:48:26.748+0000] {subprocess.py:93} INFO - 2025-02-26 20:48:26,742 INFO Configuration.deprecation: mapred.job.tracker is deprecated. Instead, use mapreduce.jobtracker.address
[2025-02-26T20:48:26.756+0000] {subprocess.py:93} INFO - 2025-02-26 20:48:26,743 INFO Configuration.deprecation: mapred.map.tasks is deprecated. Instead, use mapreduce.job.maps
[2025-02-26T20:48:26.843+0000] {subprocess.py:93} INFO - 2025-02-26 20:48:26,840 INFO streaming.PipeMapRed: MRErrorThread done
[2025-02-26T20:48:26.844+0000] {subprocess.py:93} INFO - 2025-02-26 20:48:26,841 INFO streaming.PipeMapRed: mapRedFinished
[2025-02-26T20:48:26.858+0000] {subprocess.py:93} INFO - 2025-02-26 20:48:26,855 INFO mapred.Task: Task:attempt_local1866694537_0001_r_000000_0 is done. And is in the process of committing
[2025-02-26T20:48:26.862+0000] {subprocess.py:93} INFO - 2025-02-26 20:48:26,860 INFO mapred.LocalJobRunner: 1 / 1 copied.
[2025-02-26T20:48:26.864+0000] {subprocess.py:93} INFO - 2025-02-26 20:48:26,860 INFO mapred.Task: Task attempt_local1866694537_0001_r_000000_0 is allowed to commit now
[2025-02-26T20:48:26.888+0000] {subprocess.py:93} INFO - 2025-02-26 20:48:26,886 INFO output.FileOutputCommitter: Saved output of task 'attempt_local1866694537_0001_r_000000_0' to hdfs://namenode:9000/user/etudiant/crypto/processed/YYYY=2025/MM=02/DD=25
[2025-02-26T20:48:26.893+0000] {subprocess.py:93} INFO - 2025-02-26 20:48:26,890 INFO mapred.LocalJobRunner: reduce > reduce
[2025-02-26T20:48:26.894+0000] {subprocess.py:93} INFO - 2025-02-26 20:48:26,891 INFO mapred.Task: Task 'attempt_local1866694537_0001_r_000000_0' done.
[2025-02-26T20:48:26.895+0000] {subprocess.py:93} INFO - 2025-02-26 20:48:26,894 INFO mapred.Task: Final Counters for attempt_local1866694537_0001_r_000000_0: Counters: 30
[2025-02-26T20:48:26.896+0000] {subprocess.py:93} INFO - 	File System Counters
[2025-02-26T20:48:26.897+0000] {subprocess.py:93} INFO - 		FILE: Number of bytes read=180709
[2025-02-26T20:48:26.898+0000] {subprocess.py:93} INFO - 		FILE: Number of bytes written=712301
[2025-02-26T20:48:26.898+0000] {subprocess.py:93} INFO - 		FILE: Number of read operations=0
[2025-02-26T20:48:26.899+0000] {subprocess.py:93} INFO - 		FILE: Number of large read operations=0
[2025-02-26T20:48:26.900+0000] {subprocess.py:93} INFO - 		FILE: Number of write operations=0
[2025-02-26T20:48:26.901+0000] {subprocess.py:93} INFO - 		HDFS: Number of bytes read=19767
[2025-02-26T20:48:26.901+0000] {subprocess.py:93} INFO - 		HDFS: Number of bytes written=0
[2025-02-26T20:48:26.902+0000] {subprocess.py:93} INFO - 		HDFS: Number of read operations=10
[2025-02-26T20:48:26.902+0000] {subprocess.py:93} INFO - 		HDFS: Number of large read operations=0
[2025-02-26T20:48:26.903+0000] {subprocess.py:93} INFO - 		HDFS: Number of write operations=3
[2025-02-26T20:48:26.904+0000] {subprocess.py:93} INFO - 		HDFS: Number of bytes read erasure-coded=0
[2025-02-26T20:48:26.904+0000] {subprocess.py:93} INFO - 	Map-Reduce Framework
[2025-02-26T20:48:26.905+0000] {subprocess.py:93} INFO - 		Combine input records=0
[2025-02-26T20:48:26.905+0000] {subprocess.py:93} INFO - 		Combine output records=0
[2025-02-26T20:48:26.906+0000] {subprocess.py:93} INFO - 		Reduce input groups=0
[2025-02-26T20:48:26.907+0000] {subprocess.py:93} INFO - 		Reduce shuffle bytes=6
[2025-02-26T20:48:26.908+0000] {subprocess.py:93} INFO - 		Reduce input records=0
[2025-02-26T20:48:26.908+0000] {subprocess.py:93} INFO - 		Reduce output records=0
[2025-02-26T20:48:26.909+0000] {subprocess.py:93} INFO - 		Spilled Records=0
[2025-02-26T20:48:26.909+0000] {subprocess.py:93} INFO - 		Shuffled Maps =1
[2025-02-26T20:48:26.910+0000] {subprocess.py:93} INFO - 		Failed Shuffles=0
[2025-02-26T20:48:26.910+0000] {subprocess.py:93} INFO - 		Merged Map outputs=1
[2025-02-26T20:48:26.911+0000] {subprocess.py:93} INFO - 		GC time elapsed (ms)=0
[2025-02-26T20:48:26.912+0000] {subprocess.py:93} INFO - 		Total committed heap usage (bytes)=277872640
[2025-02-26T20:48:26.912+0000] {subprocess.py:93} INFO - 	Shuffle Errors
[2025-02-26T20:48:26.913+0000] {subprocess.py:93} INFO - 		BAD_ID=0
[2025-02-26T20:48:26.913+0000] {subprocess.py:93} INFO - 		CONNECTION=0
[2025-02-26T20:48:26.914+0000] {subprocess.py:93} INFO - 		IO_ERROR=0
[2025-02-26T20:48:26.915+0000] {subprocess.py:93} INFO - 		WRONG_LENGTH=0
[2025-02-26T20:48:26.915+0000] {subprocess.py:93} INFO - 		WRONG_MAP=0
[2025-02-26T20:48:26.916+0000] {subprocess.py:93} INFO - 		WRONG_REDUCE=0
[2025-02-26T20:48:26.917+0000] {subprocess.py:93} INFO - 	File Output Format Counters
[2025-02-26T20:48:26.918+0000] {subprocess.py:93} INFO - 		Bytes Written=0
[2025-02-26T20:48:26.918+0000] {subprocess.py:93} INFO - 2025-02-26 20:48:26,894 INFO mapred.LocalJobRunner: Finishing task: attempt_local1866694537_0001_r_000000_0
[2025-02-26T20:48:26.919+0000] {subprocess.py:93} INFO - 2025-02-26 20:48:26,894 INFO mapred.LocalJobRunner: reduce task executor complete.
[2025-02-26T20:48:27.270+0000] {subprocess.py:93} INFO - 2025-02-26 20:48:27,265 INFO mapreduce.Job: Job job_local1866694537_0001 running in uber mode : false
[2025-02-26T20:48:27.273+0000] {subprocess.py:93} INFO - 2025-02-26 20:48:27,268 INFO mapreduce.Job:  map 100% reduce 100%
[2025-02-26T20:48:27.274+0000] {subprocess.py:93} INFO - 2025-02-26 20:48:27,270 INFO mapreduce.Job: Job job_local1866694537_0001 completed successfully
[2025-02-26T20:48:27.295+0000] {subprocess.py:93} INFO - 2025-02-26 20:48:27,293 INFO mapreduce.Job: Counters: 36
[2025-02-26T20:48:27.297+0000] {subprocess.py:93} INFO - 	File System Counters
[2025-02-26T20:48:27.298+0000] {subprocess.py:93} INFO - 		FILE: Number of bytes read=361374
[2025-02-26T20:48:27.299+0000] {subprocess.py:93} INFO - 		FILE: Number of bytes written=1424596
[2025-02-26T20:48:27.300+0000] {subprocess.py:93} INFO - 		FILE: Number of read operations=0
[2025-02-26T20:48:27.301+0000] {subprocess.py:93} INFO - 		FILE: Number of large read operations=0
[2025-02-26T20:48:27.302+0000] {subprocess.py:93} INFO - 		FILE: Number of write operations=0
[2025-02-26T20:48:27.303+0000] {subprocess.py:93} INFO - 		HDFS: Number of bytes read=39534
[2025-02-26T20:48:27.304+0000] {subprocess.py:93} INFO - 		HDFS: Number of bytes written=0
[2025-02-26T20:48:27.305+0000] {subprocess.py:93} INFO - 		HDFS: Number of read operations=15
[2025-02-26T20:48:27.307+0000] {subprocess.py:93} INFO - 		HDFS: Number of large read operations=0
[2025-02-26T20:48:27.308+0000] {subprocess.py:93} INFO - 		HDFS: Number of write operations=4
[2025-02-26T20:48:27.309+0000] {subprocess.py:93} INFO - 		HDFS: Number of bytes read erasure-coded=0
[2025-02-26T20:48:27.310+0000] {subprocess.py:93} INFO - 	Map-Reduce Framework
[2025-02-26T20:48:27.311+0000] {subprocess.py:93} INFO - 		Map input records=677
[2025-02-26T20:48:27.312+0000] {subprocess.py:93} INFO - 		Map output records=0
[2025-02-26T20:48:27.313+0000] {subprocess.py:93} INFO - 		Map output bytes=0
[2025-02-26T20:48:27.314+0000] {subprocess.py:93} INFO - 		Map output materialized bytes=6
[2025-02-26T20:48:27.315+0000] {subprocess.py:93} INFO - 		Input split bytes=137
[2025-02-26T20:48:27.316+0000] {subprocess.py:93} INFO - 		Combine input records=0
[2025-02-26T20:48:27.317+0000] {subprocess.py:93} INFO - 		Combine output records=0
[2025-02-26T20:48:27.318+0000] {subprocess.py:93} INFO - 		Reduce input groups=0
[2025-02-26T20:48:27.319+0000] {subprocess.py:93} INFO - 		Reduce shuffle bytes=6
[2025-02-26T20:48:27.319+0000] {subprocess.py:93} INFO - 		Reduce input records=0
[2025-02-26T20:48:27.320+0000] {subprocess.py:93} INFO - 		Reduce output records=0
[2025-02-26T20:48:27.321+0000] {subprocess.py:93} INFO - 		Spilled Records=0
[2025-02-26T20:48:27.322+0000] {subprocess.py:93} INFO - 		Shuffled Maps =1
[2025-02-26T20:48:27.323+0000] {subprocess.py:93} INFO - 		Failed Shuffles=0
[2025-02-26T20:48:27.324+0000] {subprocess.py:93} INFO - 		Merged Map outputs=1
[2025-02-26T20:48:27.325+0000] {subprocess.py:93} INFO - 		GC time elapsed (ms)=0
[2025-02-26T20:48:27.326+0000] {subprocess.py:93} INFO - 		Total committed heap usage (bytes)=554696704
[2025-02-26T20:48:27.327+0000] {subprocess.py:93} INFO - 	Shuffle Errors
[2025-02-26T20:48:27.327+0000] {subprocess.py:93} INFO - 		BAD_ID=0
[2025-02-26T20:48:27.328+0000] {subprocess.py:93} INFO - 		CONNECTION=0
[2025-02-26T20:48:27.329+0000] {subprocess.py:93} INFO - 		IO_ERROR=0
[2025-02-26T20:48:27.329+0000] {subprocess.py:93} INFO - 		WRONG_LENGTH=0
[2025-02-26T20:48:27.330+0000] {subprocess.py:93} INFO - 		WRONG_MAP=0
[2025-02-26T20:48:27.331+0000] {subprocess.py:93} INFO - 		WRONG_REDUCE=0
[2025-02-26T20:48:27.331+0000] {subprocess.py:93} INFO - 	File Input Format Counters
[2025-02-26T20:48:27.332+0000] {subprocess.py:93} INFO - 		Bytes Read=19767
[2025-02-26T20:48:27.333+0000] {subprocess.py:93} INFO - 	File Output Format Counters
[2025-02-26T20:48:27.334+0000] {subprocess.py:93} INFO - 		Bytes Written=0
[2025-02-26T20:48:27.334+0000] {subprocess.py:93} INFO - 2025-02-26 20:48:27,293 INFO streaming.StreamJob: Output directory: hdfs:///user/etudiant/crypto/processed/YYYY=2025/MM=02/DD=25
[2025-02-26T20:48:27.774+0000] {subprocess.py:97} INFO - Command exited with return code 0
[2025-02-26T20:48:27.814+0000] {taskinstance.py:1400} INFO - Marking task as SUCCESS. dag_id=yfinance_ingestion_dag, task_id=run_mapreduce, execution_date=20250225T000000, start_date=20250226T204820, end_date=20250226T204827
[2025-02-26T20:48:27.846+0000] {local_task_job_runner.py:228} INFO - Task exited with return code 0
[2025-02-26T20:48:27.871+0000] {taskinstance.py:2784} INFO - 0 downstream tasks scheduled from follow-on schedule check
