[2025-02-21T22:24:00.140+0000] {taskinstance.py:1159} INFO - Dependencies all met for dep_context=non-requeueable deps ti=<TaskInstance: gold_data_dag.say_hello manual__2025-02-21T22:23:51.650055+00:00 [queued]>
[2025-02-21T22:24:00.149+0000] {taskinstance.py:1159} INFO - Dependencies all met for dep_context=requeueable deps ti=<TaskInstance: gold_data_dag.say_hello manual__2025-02-21T22:23:51.650055+00:00 [queued]>
[2025-02-21T22:24:00.150+0000] {taskinstance.py:1361} INFO - Starting attempt 1 of 1
[2025-02-21T22:24:00.220+0000] {taskinstance.py:1382} INFO - Executing <Task(BashOperator): say_hello> on 2025-02-21 22:23:51.650055+00:00
[2025-02-21T22:24:00.226+0000] {standard_task_runner.py:57} INFO - Started process 236 to run task
[2025-02-21T22:24:00.230+0000] {standard_task_runner.py:84} INFO - Running: ['***', 'tasks', 'run', 'gold_data_dag', 'say_hello', 'manual__2025-02-21T22:23:51.650055+00:00', '--job-id', '19', '--raw', '--subdir', 'DAGS_FOLDER/pipeline.py', '--cfg-path', '/tmp/tmpc1mi3347']
[2025-02-21T22:24:00.233+0000] {standard_task_runner.py:85} INFO - Job 19: Subtask say_hello
[2025-02-21T22:24:00.290+0000] {task_command.py:415} INFO - Running <TaskInstance: gold_data_dag.say_hello manual__2025-02-21T22:23:51.650055+00:00 [running]> on host 7c80cef5d079
[2025-02-21T22:24:00.376+0000] {taskinstance.py:1660} INFO - Exporting env vars: AIRFLOW_CTX_DAG_OWNER='***' AIRFLOW_CTX_DAG_ID='gold_data_dag' AIRFLOW_CTX_TASK_ID='say_hello' AIRFLOW_CTX_EXECUTION_DATE='2025-02-21T22:23:51.650055+00:00' AIRFLOW_CTX_TRY_NUMBER='1' AIRFLOW_CTX_DAG_RUN_ID='manual__2025-02-21T22:23:51.650055+00:00'
[2025-02-21T22:24:00.377+0000] {subprocess.py:63} INFO - Tmp dir root location: /tmp
[2025-02-21T22:24:00.379+0000] {subprocess.py:75} INFO - Running command: ['/bin/bash', '-c', 'python scraper.py']
[2025-02-21T22:24:00.385+0000] {subprocess.py:86} INFO - Output:
[2025-02-21T22:24:00.504+0000] {subprocess.py:93} INFO - python: can't open file 'scraper.py': [Errno 2] No such file or directory
[2025-02-21T22:24:00.507+0000] {subprocess.py:97} INFO - Command exited with return code 2
[2025-02-21T22:24:00.517+0000] {taskinstance.py:1943} ERROR - Task failed with exception
Traceback (most recent call last):
  File "/home/airflow/.local/lib/python3.8/site-packages/airflow/operators/bash.py", line 210, in execute
    raise AirflowException(
airflow.exceptions.AirflowException: Bash command failed. The command returned a non-zero exit code 2.
[2025-02-21T22:24:00.521+0000] {taskinstance.py:1400} INFO - Marking task as FAILED. dag_id=gold_data_dag, task_id=say_hello, execution_date=20250221T222351, start_date=20250221T222400, end_date=20250221T222400
[2025-02-21T22:24:00.536+0000] {standard_task_runner.py:104} ERROR - Failed to execute job 19 for task say_hello (Bash command failed. The command returned a non-zero exit code 2.; 236)
[2025-02-21T22:24:00.563+0000] {local_task_job_runner.py:228} INFO - Task exited with return code 1
[2025-02-21T22:24:00.579+0000] {taskinstance.py:2784} INFO - 0 downstream tasks scheduled from follow-on schedule check
