[2025-02-25T09:49:55.091+0000] {taskinstance.py:1159} INFO - Dependencies all met for dep_context=non-requeueable deps ti=<TaskInstance: yfinance_ingestion_dag.store_raw_data_in_hdfs scheduled__2025-01-18T00:00:00+00:00 [queued]>
[2025-02-25T09:49:55.124+0000] {taskinstance.py:1159} INFO - Dependencies all met for dep_context=requeueable deps ti=<TaskInstance: yfinance_ingestion_dag.store_raw_data_in_hdfs scheduled__2025-01-18T00:00:00+00:00 [queued]>
[2025-02-25T09:49:55.126+0000] {taskinstance.py:1361} INFO - Starting attempt 1 of 2
[2025-02-25T09:49:55.207+0000] {taskinstance.py:1382} INFO - Executing <Task(PythonOperator): store_raw_data_in_hdfs> on 2025-01-18 00:00:00+00:00
[2025-02-25T09:49:55.217+0000] {standard_task_runner.py:57} INFO - Started process 739 to run task
[2025-02-25T09:49:55.241+0000] {standard_task_runner.py:84} INFO - Running: ['***', 'tasks', 'run', 'yfinance_ingestion_dag', 'store_raw_data_in_hdfs', 'scheduled__2025-01-18T00:00:00+00:00', '--job-id', '79', '--raw', '--subdir', 'DAGS_FOLDER/test_hello.py', '--cfg-path', '/tmp/tmp5z1xvdfu']
[2025-02-25T09:49:55.259+0000] {standard_task_runner.py:85} INFO - Job 79: Subtask store_raw_data_in_hdfs
[2025-02-25T09:49:55.437+0000] {task_command.py:415} INFO - Running <TaskInstance: yfinance_ingestion_dag.store_raw_data_in_hdfs scheduled__2025-01-18T00:00:00+00:00 [running]> on host 6dbd75e48aaa
[2025-02-25T09:49:55.786+0000] {taskinstance.py:1660} INFO - Exporting env vars: AIRFLOW_CTX_DAG_OWNER='etudiant' AIRFLOW_CTX_DAG_ID='yfinance_ingestion_dag' AIRFLOW_CTX_TASK_ID='store_raw_data_in_hdfs' AIRFLOW_CTX_EXECUTION_DATE='2025-01-18T00:00:00+00:00' AIRFLOW_CTX_TRY_NUMBER='1' AIRFLOW_CTX_DAG_RUN_ID='scheduled__2025-01-18T00:00:00+00:00'
[2025-02-25T09:50:37.411+0000] {python.py:194} INFO - Done. Returned value was: None
[2025-02-25T09:50:37.472+0000] {taskinstance.py:1400} INFO - Marking task as SUCCESS. dag_id=yfinance_ingestion_dag, task_id=store_raw_data_in_hdfs, execution_date=20250118T000000, start_date=20250225T094955, end_date=20250225T095037
[2025-02-25T09:50:37.856+0000] {local_task_job_runner.py:228} INFO - Task exited with return code 0
[2025-02-25T09:50:37.891+0000] {taskinstance.py:2784} INFO - 0 downstream tasks scheduled from follow-on schedule check
[2025-02-26T20:25:24.055+0000] {taskinstance.py:1159} INFO - Dependencies all met for dep_context=non-requeueable deps ti=<TaskInstance: yfinance_ingestion_dag.store_raw_data_in_hdfs scheduled__2025-01-18T00:00:00+00:00 [queued]>
[2025-02-26T20:25:24.086+0000] {taskinstance.py:1159} INFO - Dependencies all met for dep_context=requeueable deps ti=<TaskInstance: yfinance_ingestion_dag.store_raw_data_in_hdfs scheduled__2025-01-18T00:00:00+00:00 [queued]>
[2025-02-26T20:25:24.097+0000] {taskinstance.py:1361} INFO - Starting attempt 1 of 2
[2025-02-26T20:25:23.808+0000] {taskinstance.py:1382} INFO - Executing <Task(PythonOperator): store_raw_data_in_hdfs> on 2025-01-18 00:00:00+00:00
[2025-02-26T20:25:23.831+0000] {standard_task_runner.py:57} INFO - Started process 1249 to run task
[2025-02-26T20:25:23.850+0000] {standard_task_runner.py:84} INFO - Running: ['***', 'tasks', 'run', 'yfinance_ingestion_dag', 'store_raw_data_in_hdfs', 'scheduled__2025-01-18T00:00:00+00:00', '--job-id', '137', '--raw', '--subdir', 'DAGS_FOLDER/pipeline.py', '--cfg-path', '/tmp/tmp6az4zxg9']
[2025-02-26T20:25:23.871+0000] {standard_task_runner.py:85} INFO - Job 137: Subtask store_raw_data_in_hdfs
[2025-02-26T20:25:24.159+0000] {task_command.py:415} INFO - Running <TaskInstance: yfinance_ingestion_dag.store_raw_data_in_hdfs scheduled__2025-01-18T00:00:00+00:00 [running]> on host c96a1011f5a3
[2025-02-26T20:25:24.524+0000] {taskinstance.py:1660} INFO - Exporting env vars: AIRFLOW_CTX_DAG_OWNER='etudiant' AIRFLOW_CTX_DAG_ID='yfinance_ingestion_dag' AIRFLOW_CTX_TASK_ID='store_raw_data_in_hdfs' AIRFLOW_CTX_EXECUTION_DATE='2025-01-18T00:00:00+00:00' AIRFLOW_CTX_TRY_NUMBER='1' AIRFLOW_CTX_DAG_RUN_ID='scheduled__2025-01-18T00:00:00+00:00'
[2025-02-26T20:25:52.928+0000] {python.py:194} INFO - Done. Returned value was: None
[2025-02-26T20:25:52.967+0000] {taskinstance.py:1400} INFO - Marking task as SUCCESS. dag_id=yfinance_ingestion_dag, task_id=store_raw_data_in_hdfs, execution_date=20250118T000000, start_date=20250226T202524, end_date=20250226T202552
[2025-02-26T20:25:53.120+0000] {local_task_job_runner.py:228} INFO - Task exited with return code 0
[2025-02-26T20:25:53.193+0000] {taskinstance.py:2784} INFO - 1 downstream tasks scheduled from follow-on schedule check
[2025-02-26T20:39:14.536+0000] {taskinstance.py:1159} INFO - Dependencies all met for dep_context=non-requeueable deps ti=<TaskInstance: yfinance_ingestion_dag.store_raw_data_in_hdfs scheduled__2025-01-18T00:00:00+00:00 [queued]>
[2025-02-26T20:39:14.653+0000] {taskinstance.py:1159} INFO - Dependencies all met for dep_context=requeueable deps ti=<TaskInstance: yfinance_ingestion_dag.store_raw_data_in_hdfs scheduled__2025-01-18T00:00:00+00:00 [queued]>
[2025-02-26T20:39:14.654+0000] {taskinstance.py:1361} INFO - Starting attempt 1 of 2
[2025-02-26T20:39:14.769+0000] {taskinstance.py:1382} INFO - Executing <Task(PythonOperator): store_raw_data_in_hdfs> on 2025-01-18 00:00:00+00:00
[2025-02-26T20:39:14.794+0000] {standard_task_runner.py:57} INFO - Started process 585 to run task
[2025-02-26T20:39:13.788+0000] {standard_task_runner.py:84} INFO - Running: ['***', 'tasks', 'run', 'yfinance_ingestion_dag', 'store_raw_data_in_hdfs', 'scheduled__2025-01-18T00:00:00+00:00', '--job-id', '243', '--raw', '--subdir', 'DAGS_FOLDER/pipeline.py', '--cfg-path', '/tmp/tmp1rl7heex']
[2025-02-26T20:39:13.828+0000] {standard_task_runner.py:85} INFO - Job 243: Subtask store_raw_data_in_hdfs
[2025-02-26T20:39:14.032+0000] {task_command.py:415} INFO - Running <TaskInstance: yfinance_ingestion_dag.store_raw_data_in_hdfs scheduled__2025-01-18T00:00:00+00:00 [running]> on host 3c0faf52b292
[2025-02-26T20:39:14.507+0000] {taskinstance.py:1660} INFO - Exporting env vars: AIRFLOW_CTX_DAG_OWNER='etudiant' AIRFLOW_CTX_DAG_ID='yfinance_ingestion_dag' AIRFLOW_CTX_TASK_ID='store_raw_data_in_hdfs' AIRFLOW_CTX_EXECUTION_DATE='2025-01-18T00:00:00+00:00' AIRFLOW_CTX_TRY_NUMBER='1' AIRFLOW_CTX_DAG_RUN_ID='scheduled__2025-01-18T00:00:00+00:00'
[2025-02-26T20:39:15.000+0000] {python.py:194} INFO - Done. Returned value was: None
[2025-02-26T20:39:15.035+0000] {taskinstance.py:1400} INFO - Marking task as SUCCESS. dag_id=yfinance_ingestion_dag, task_id=store_raw_data_in_hdfs, execution_date=20250118T000000, start_date=20250226T203914, end_date=20250226T203915
[2025-02-26T20:39:15.211+0000] {local_task_job_runner.py:228} INFO - Task exited with return code 0
[2025-02-26T20:39:15.422+0000] {taskinstance.py:2784} INFO - 1 downstream tasks scheduled from follow-on schedule check
[2025-02-26T20:41:54.077+0000] {taskinstance.py:1159} INFO - Dependencies all met for dep_context=non-requeueable deps ti=<TaskInstance: yfinance_ingestion_dag.store_raw_data_in_hdfs scheduled__2025-01-18T00:00:00+00:00 [queued]>
[2025-02-26T20:41:54.092+0000] {taskinstance.py:1159} INFO - Dependencies all met for dep_context=requeueable deps ti=<TaskInstance: yfinance_ingestion_dag.store_raw_data_in_hdfs scheduled__2025-01-18T00:00:00+00:00 [queued]>
[2025-02-26T20:41:54.092+0000] {taskinstance.py:1361} INFO - Starting attempt 1 of 2
[2025-02-26T20:41:54.113+0000] {taskinstance.py:1382} INFO - Executing <Task(PythonOperator): store_raw_data_in_hdfs> on 2025-01-18 00:00:00+00:00
[2025-02-26T20:41:54.122+0000] {standard_task_runner.py:57} INFO - Started process 1677 to run task
[2025-02-26T20:41:54.128+0000] {standard_task_runner.py:84} INFO - Running: ['***', 'tasks', 'run', 'yfinance_ingestion_dag', 'store_raw_data_in_hdfs', 'scheduled__2025-01-18T00:00:00+00:00', '--job-id', '317', '--raw', '--subdir', 'DAGS_FOLDER/pipeline.py', '--cfg-path', '/tmp/tmpuza8s8kg']
[2025-02-26T20:41:54.132+0000] {standard_task_runner.py:85} INFO - Job 317: Subtask store_raw_data_in_hdfs
[2025-02-26T20:41:54.201+0000] {task_command.py:415} INFO - Running <TaskInstance: yfinance_ingestion_dag.store_raw_data_in_hdfs scheduled__2025-01-18T00:00:00+00:00 [running]> on host 3c0faf52b292
[2025-02-26T20:41:54.371+0000] {taskinstance.py:1660} INFO - Exporting env vars: AIRFLOW_CTX_DAG_OWNER='etudiant' AIRFLOW_CTX_DAG_ID='yfinance_ingestion_dag' AIRFLOW_CTX_TASK_ID='store_raw_data_in_hdfs' AIRFLOW_CTX_EXECUTION_DATE='2025-01-18T00:00:00+00:00' AIRFLOW_CTX_TRY_NUMBER='1' AIRFLOW_CTX_DAG_RUN_ID='scheduled__2025-01-18T00:00:00+00:00'
[2025-02-26T20:42:03.030+0000] {python.py:194} INFO - Done. Returned value was: None
[2025-02-26T20:42:03.050+0000] {taskinstance.py:1400} INFO - Marking task as SUCCESS. dag_id=yfinance_ingestion_dag, task_id=store_raw_data_in_hdfs, execution_date=20250118T000000, start_date=20250226T204154, end_date=20250226T204203
[2025-02-26T20:42:03.128+0000] {local_task_job_runner.py:228} INFO - Task exited with return code 0
[2025-02-26T20:42:03.172+0000] {taskinstance.py:2784} INFO - 1 downstream tasks scheduled from follow-on schedule check
