[2025-02-24T11:19:57.826+0000] {taskinstance.py:1157} INFO - Dependencies all met for dep_context=non-requeueable deps ti=<TaskInstance: coingecko_ingestion_dag.store_raw_data_in_hdfs manual__2025-02-24T11:14:53.076322+00:00 [queued]>
[2025-02-24T11:19:57.837+0000] {taskinstance.py:1157} INFO - Dependencies all met for dep_context=requeueable deps ti=<TaskInstance: coingecko_ingestion_dag.store_raw_data_in_hdfs manual__2025-02-24T11:14:53.076322+00:00 [queued]>
[2025-02-24T11:19:57.838+0000] {taskinstance.py:1359} INFO - Starting attempt 2 of 2
[2025-02-24T11:19:57.854+0000] {taskinstance.py:1380} INFO - Executing <Task(PythonOperator): store_raw_data_in_hdfs> on 2025-02-24 11:14:53.076322+00:00
[2025-02-24T11:19:57.858+0000] {standard_task_runner.py:57} INFO - Started process 1824 to run task
[2025-02-24T11:19:57.860+0000] {standard_task_runner.py:84} INFO - Running: ['***', 'tasks', 'run', 'coingecko_ingestion_dag', 'store_raw_data_in_hdfs', 'manual__2025-02-24T11:14:53.076322+00:00', '--job-id', '53', '--raw', '--subdir', 'DAGS_FOLDER/pipeline.py', '--cfg-path', '/tmp/tmpmuvrhez2']
[2025-02-24T11:19:57.863+0000] {standard_task_runner.py:85} INFO - Job 53: Subtask store_raw_data_in_hdfs
[2025-02-24T11:19:57.913+0000] {task_command.py:415} INFO - Running <TaskInstance: coingecko_ingestion_dag.store_raw_data_in_hdfs manual__2025-02-24T11:14:53.076322+00:00 [running]> on host 18f7020ba7a7
[2025-02-24T11:19:58.001+0000] {taskinstance.py:1660} INFO - Exporting env vars: AIRFLOW_CTX_DAG_OWNER='etudiant' AIRFLOW_CTX_DAG_ID='coingecko_ingestion_dag' AIRFLOW_CTX_TASK_ID='store_raw_data_in_hdfs' AIRFLOW_CTX_EXECUTION_DATE='2025-02-24T11:14:53.076322+00:00' AIRFLOW_CTX_TRY_NUMBER='2' AIRFLOW_CTX_DAG_RUN_ID='manual__2025-02-24T11:14:53.076322+00:00'
[2025-02-24T11:19:58.011+0000] {pipeline.py:148} ERROR - Erreur dans store_raw_data_in_hdfs: Aucune donnée brute récupérée depuis XCom
[2025-02-24T11:19:58.012+0000] {taskinstance.py:1935} ERROR - Task failed with exception
Traceback (most recent call last):
  File "/home/airflow/.local/lib/python3.8/site-packages/airflow/operators/python.py", line 192, in execute
    return_value = self.execute_callable()
  File "/home/airflow/.local/lib/python3.8/site-packages/airflow/operators/python.py", line 209, in execute_callable
    return self.python_callable(*self.op_args, **self.op_kwargs)
  File "/opt/airflow/dags/pipeline.py", line 83, in store_raw_data_in_hdfs
    raise ValueError("Aucune donnée brute récupérée depuis XCom")
ValueError: Aucune donnée brute récupérée depuis XCom
[2025-02-24T11:19:58.025+0000] {taskinstance.py:1398} INFO - Marking task as FAILED. dag_id=coingecko_ingestion_dag, task_id=store_raw_data_in_hdfs, execution_date=20250224T111453, start_date=20250224T111957, end_date=20250224T111958
[2025-02-24T11:19:58.038+0000] {standard_task_runner.py:104} ERROR - Failed to execute job 53 for task store_raw_data_in_hdfs (Aucune donnée brute récupérée depuis XCom; 1824)
[2025-02-24T11:19:58.074+0000] {local_task_job_runner.py:228} INFO - Task exited with return code 1
[2025-02-24T11:19:58.098+0000] {taskinstance.py:2776} INFO - 0 downstream tasks scheduled from follow-on schedule check
