[2025-02-22T14:20:54.851+0000] {taskinstance.py:1159} INFO - Dependencies all met for dep_context=non-requeueable deps ti=<TaskInstance: gold_data_dag.runer manual__2025-02-22T14:20:49.905058+00:00 [queued]>
[2025-02-22T14:20:54.869+0000] {taskinstance.py:1159} INFO - Dependencies all met for dep_context=requeueable deps ti=<TaskInstance: gold_data_dag.runer manual__2025-02-22T14:20:49.905058+00:00 [queued]>
[2025-02-22T14:20:54.870+0000] {taskinstance.py:1361} INFO - Starting attempt 1 of 1
[2025-02-22T14:20:55.010+0000] {taskinstance.py:1382} INFO - Executing <Task(BashOperator): runer> on 2025-02-22 14:20:49.905058+00:00
[2025-02-22T14:20:55.019+0000] {standard_task_runner.py:57} INFO - Started process 41 to run task
[2025-02-22T14:20:55.024+0000] {standard_task_runner.py:84} INFO - Running: ['***', 'tasks', 'run', 'gold_data_dag', 'runer', 'manual__2025-02-22T14:20:49.905058+00:00', '--job-id', '14', '--raw', '--subdir', 'DAGS_FOLDER/pipeline.py', '--cfg-path', '/tmp/tmpcry948u3']
[2025-02-22T14:20:55.026+0000] {standard_task_runner.py:85} INFO - Job 14: Subtask runer
[2025-02-22T14:20:55.108+0000] {task_command.py:415} INFO - Running <TaskInstance: gold_data_dag.runer manual__2025-02-22T14:20:49.905058+00:00 [running]> on host bc125bdcda04
[2025-02-22T14:20:55.297+0000] {taskinstance.py:1660} INFO - Exporting env vars: AIRFLOW_CTX_DAG_OWNER='***' AIRFLOW_CTX_DAG_ID='gold_data_dag' AIRFLOW_CTX_TASK_ID='runer' AIRFLOW_CTX_EXECUTION_DATE='2025-02-22T14:20:49.905058+00:00' AIRFLOW_CTX_TRY_NUMBER='1' AIRFLOW_CTX_DAG_RUN_ID='manual__2025-02-22T14:20:49.905058+00:00'
[2025-02-22T14:20:55.299+0000] {subprocess.py:63} INFO - Tmp dir root location: /tmp
[2025-02-22T14:20:55.301+0000] {subprocess.py:75} INFO - Running command: ['/bin/bash', '-c', 'docker run big_data_projet-scraper bash -c "python /app/scraper.py"']
[2025-02-22T14:20:55.320+0000] {subprocess.py:86} INFO - Output:
[2025-02-22T14:20:58.985+0000] {subprocess.py:93} INFO - [*********************100%***********************]  1 of 1 completed
[2025-02-22T14:20:58.986+0000] {subprocess.py:93} INFO - 📥 Téléchargement des données de l'or...
[2025-02-22T14:20:58.987+0000] {subprocess.py:93} INFO - YF.download() has changed argument auto_adjust default to True
[2025-02-22T14:20:58.987+0000] {subprocess.py:93} INFO - 📊 Ajout des indicateurs techniques...
[2025-02-22T14:20:58.988+0000] {subprocess.py:93} INFO -  Données enregistrées dans 'gold_data_complete.csv'
[2025-02-22T14:20:59.443+0000] {subprocess.py:97} INFO - Command exited with return code 0
[2025-02-22T14:20:59.490+0000] {taskinstance.py:1400} INFO - Marking task as SUCCESS. dag_id=gold_data_dag, task_id=runer, execution_date=20250222T142049, start_date=20250222T142054, end_date=20250222T142059
[2025-02-22T14:20:59.514+0000] {local_task_job_runner.py:228} INFO - Task exited with return code 0
[2025-02-22T14:20:59.540+0000] {taskinstance.py:2784} INFO - 1 downstream tasks scheduled from follow-on schedule check
