[2025-02-26T15:19:58.013+0000] {taskinstance.py:1159} INFO - Dependencies all met for dep_context=non-requeueable deps ti=<TaskInstance: coingecko_mapreduce_dag.run_mapreduce_job manual__2025-02-25T17:04:31.210252+00:00 [queued]>
[2025-02-26T15:19:58.031+0000] {taskinstance.py:1159} INFO - Dependencies all met for dep_context=requeueable deps ti=<TaskInstance: coingecko_mapreduce_dag.run_mapreduce_job manual__2025-02-25T17:04:31.210252+00:00 [queued]>
[2025-02-26T15:19:58.032+0000] {taskinstance.py:1361} INFO - Starting attempt 2 of 2
[2025-02-26T15:19:58.059+0000] {taskinstance.py:1382} INFO - Executing <Task(PythonOperator): run_mapreduce_job> on 2025-02-25 17:04:31.210252+00:00
[2025-02-26T15:19:58.073+0000] {standard_task_runner.py:57} INFO - Started process 180 to run task
[2025-02-26T15:19:58.080+0000] {standard_task_runner.py:84} INFO - Running: ['***', 'tasks', 'run', 'coingecko_mapreduce_dag', 'run_mapreduce_job', 'manual__2025-02-25T17:04:31.210252+00:00', '--job-id', '207', '--raw', '--subdir', 'DAGS_FOLDER/test_hello.py', '--cfg-path', '/tmp/tmpk_qonmwk']
[2025-02-26T15:19:58.085+0000] {standard_task_runner.py:85} INFO - Job 207: Subtask run_mapreduce_job
[2025-02-26T15:19:58.185+0000] {task_command.py:415} INFO - Running <TaskInstance: coingecko_mapreduce_dag.run_mapreduce_job manual__2025-02-25T17:04:31.210252+00:00 [running]> on host 5b727de8dfe1
[2025-02-26T15:19:58.363+0000] {taskinstance.py:1660} INFO - Exporting env vars: AIRFLOW_CTX_DAG_OWNER='etudiant' AIRFLOW_CTX_DAG_ID='coingecko_mapreduce_dag' AIRFLOW_CTX_TASK_ID='run_mapreduce_job' AIRFLOW_CTX_EXECUTION_DATE='2025-02-25T17:04:31.210252+00:00' AIRFLOW_CTX_TRY_NUMBER='2' AIRFLOW_CTX_DAG_RUN_ID='manual__2025-02-25T17:04:31.210252+00:00'
[2025-02-26T15:19:58.366+0000] {logging_mixin.py:151} INFO - Vérification de l'existence du fichier d'entrée : /user/etudiant/crypto/raw/YYYY=2025/MM=02/DD=25/coingecko_raw.json
[2025-02-26T15:20:03.956+0000] {logging_mixin.py:151} INFO - Suppression de l'ancien répertoire de sortie : /user/etudiant/crypto/output/YYYY=2025/MM=02/DD=25
[2025-02-26T15:20:08.626+0000] {logging_mixin.py:151} INFO - Avertissement : Échec de la suppression de /user/etudiant/crypto/output/YYYY=2025/MM=02/DD=25: rm: `/user/etudiant/crypto/output/YYYY=2025/MM=02/DD=25': No such file or directory
[2025-02-26T15:20:08.628+0000] {logging_mixin.py:151} INFO - Copie des scripts mapper.py et reducer.py dans HDFS.
[2025-02-26T15:20:23.008+0000] {logging_mixin.py:151} INFO - Exécution de la commande MapReduce : docker exec -i -u root namenode hadoop jar /opt/hadoop-3.2.1/share/hadoop/tools/lib/hadoop-streaming-3.2.1.jar -input /user/etudiant/crypto/raw/YYYY=2025/MM=02/DD=25/coingecko_raw.json -output /user/etudiant/crypto/output/YYYY=2025/MM=02/DD=25 -mapper python3 mapper.py -reducer python3 reducer.py -file /user/etudiant/crypto/scripts/mapper.py -file /user/etudiant/crypto/scripts/reducer.py
[2025-02-26T15:20:23.596+0000] {logging_mixin.py:151} INFO - Sortie de la commande : 
[2025-02-26T15:20:23.599+0000] {logging_mixin.py:151} INFO - Erreur lors de l'exécution de MapReduce : 2025-02-26 15:20:24,738 WARN streaming.StreamJob: -file option is deprecated, please use generic option -files instead.
File: file:/user/etudiant/crypto/scripts/mapper.py does not exist.
Try -help for more information
Streaming Command Failed!
[2025-02-26T15:20:23.628+0000] {taskinstance.py:1943} ERROR - Task failed with exception
Traceback (most recent call last):
  File "/home/airflow/.local/lib/python3.8/site-packages/airflow/operators/python.py", line 192, in execute
    return_value = self.execute_callable()
  File "/home/airflow/.local/lib/python3.8/site-packages/airflow/operators/python.py", line 209, in execute_callable
    return self.python_callable(*self.op_args, **self.op_kwargs)
  File "/opt/airflow/dags/test_hello.py", line 88, in run_mapreduce_job
    raise subprocess.CalledProcessError(result.returncode, command, output=result.stdout, stderr=result.stderr)
subprocess.CalledProcessError: Command '['docker', 'exec', '-i', '-u', 'root', 'namenode', 'hadoop', 'jar', '/opt/hadoop-3.2.1/share/hadoop/tools/lib/hadoop-streaming-3.2.1.jar', '-input', '/user/etudiant/crypto/raw/YYYY=2025/MM=02/DD=25/coingecko_raw.json', '-output', '/user/etudiant/crypto/output/YYYY=2025/MM=02/DD=25', '-mapper', 'python3 mapper.py', '-reducer', 'python3 reducer.py', '-file', '/user/etudiant/crypto/scripts/mapper.py', '-file', '/user/etudiant/crypto/scripts/reducer.py']' returned non-zero exit status 1.
[2025-02-26T15:20:23.851+0000] {taskinstance.py:1400} INFO - Marking task as FAILED. dag_id=coingecko_mapreduce_dag, task_id=run_mapreduce_job, execution_date=20250225T170431, start_date=20250226T151958, end_date=20250226T152023
[2025-02-26T15:20:23.926+0000] {standard_task_runner.py:104} ERROR - Failed to execute job 207 for task run_mapreduce_job (Command '['docker', 'exec', '-i', '-u', 'root', 'namenode', 'hadoop', 'jar', '/opt/hadoop-3.2.1/share/hadoop/tools/lib/hadoop-streaming-3.2.1.jar', '-input', '/user/etudiant/crypto/raw/YYYY=2025/MM=02/DD=25/coingecko_raw.json', '-output', '/user/etudiant/crypto/output/YYYY=2025/MM=02/DD=25', '-mapper', 'python3 mapper.py', '-reducer', 'python3 reducer.py', '-file', '/user/etudiant/crypto/scripts/mapper.py', '-file', '/user/etudiant/crypto/scripts/reducer.py']' returned non-zero exit status 1.; 180)
[2025-02-26T15:20:23.961+0000] {local_task_job_runner.py:228} INFO - Task exited with return code 1
[2025-02-26T15:20:24.048+0000] {taskinstance.py:2784} INFO - 0 downstream tasks scheduled from follow-on schedule check
