[2025-02-26T20:18:09.706+0000] {taskinstance.py:1159} INFO - Dependencies all met for dep_context=non-requeueable deps ti=<TaskInstance: yfinance_ingestion_dag.run_mapreduce scheduled__2025-01-03T00:00:00+00:00 [queued]>
[2025-02-26T20:18:09.786+0000] {taskinstance.py:1159} INFO - Dependencies all met for dep_context=requeueable deps ti=<TaskInstance: yfinance_ingestion_dag.run_mapreduce scheduled__2025-01-03T00:00:00+00:00 [queued]>
[2025-02-26T20:18:09.787+0000] {taskinstance.py:1361} INFO - Starting attempt 1 of 2
[2025-02-26T20:18:09.911+0000] {taskinstance.py:1382} INFO - Executing <Task(BashOperator): run_mapreduce> on 2025-01-03 00:00:00+00:00
[2025-02-26T20:18:09.940+0000] {standard_task_runner.py:57} INFO - Started process 596 to run task
[2025-02-26T20:18:09.960+0000] {standard_task_runner.py:84} INFO - Running: ['***', 'tasks', 'run', 'yfinance_ingestion_dag', 'run_mapreduce', 'scheduled__2025-01-03T00:00:00+00:00', '--job-id', '94', '--raw', '--subdir', 'DAGS_FOLDER/pipeline.py', '--cfg-path', '/tmp/tmp7igfxpe2']
[2025-02-26T20:18:09.984+0000] {standard_task_runner.py:85} INFO - Job 94: Subtask run_mapreduce
[2025-02-26T20:18:10.634+0000] {task_command.py:415} INFO - Running <TaskInstance: yfinance_ingestion_dag.run_mapreduce scheduled__2025-01-03T00:00:00+00:00 [running]> on host c96a1011f5a3
[2025-02-26T20:18:11.595+0000] {taskinstance.py:1660} INFO - Exporting env vars: AIRFLOW_CTX_DAG_OWNER='etudiant' AIRFLOW_CTX_DAG_ID='yfinance_ingestion_dag' AIRFLOW_CTX_TASK_ID='run_mapreduce' AIRFLOW_CTX_EXECUTION_DATE='2025-01-03T00:00:00+00:00' AIRFLOW_CTX_TRY_NUMBER='1' AIRFLOW_CTX_DAG_RUN_ID='scheduled__2025-01-03T00:00:00+00:00'
[2025-02-26T20:18:11.601+0000] {subprocess.py:63} INFO - Tmp dir root location: /tmp
[2025-02-26T20:18:11.609+0000] {subprocess.py:75} INFO - Running command: ['/bin/bash', '-c', '\n        docker exec -i -u root namenode bash -c \'         cd /tmp &&         cp /mnt/hadoop_data/mapreduce/mapper.py . &&         cp /mnt/hadoop_data/mapreduce/reducer.py . &&         chmod +x mapper.py reducer.py &&         hdfs dfs -rm -r hdfs:///user/etudiant/crypto/processed/YYYY=2025/MM=01/DD=03 || true &&         hadoop jar /opt/hadoop-3.2.1/share/hadoop/tools/lib/hadoop-streaming-3.2.1.jar         -files mapper.py,reducer.py         -mapper "python mapper.py"         -reducer "python reducer.py"         -input hdfs:///user/etudiant/crypto/raw/YYYY=2025/MM=01/DD=03/yfinance_raw.json         -output hdfs:///user/etudiant/crypto/processed/YYYY=2025/MM=01/DD=03\'\n        ']
[2025-02-26T20:18:11.748+0000] {subprocess.py:86} INFO - Output:
[2025-02-26T20:18:29.543+0000] {subprocess.py:93} INFO - rm: `hdfs:///user/etudiant/crypto/processed/YYYY=2025/MM=01/DD=03': No such file or directory
[2025-02-26T20:18:46.841+0000] {subprocess.py:93} INFO - 2025-02-26 20:18:46,839 INFO impl.MetricsConfig: Loaded properties from hadoop-metrics2.properties
[2025-02-26T20:18:48.723+0000] {subprocess.py:93} INFO - 2025-02-26 20:18:48,717 INFO impl.MetricsSystemImpl: Scheduled Metric snapshot period at 10 second(s).
[2025-02-26T20:18:48.725+0000] {subprocess.py:93} INFO - 2025-02-26 20:18:48,717 INFO impl.MetricsSystemImpl: JobTracker metrics system started
[2025-02-26T20:18:48.891+0000] {subprocess.py:93} INFO - 2025-02-26 20:18:48,889 WARN impl.MetricsSystemImpl: JobTracker metrics system already initialized!
[2025-02-26T20:18:52.502+0000] {subprocess.py:93} INFO - 2025-02-26 20:18:52,500 INFO mapred.FileInputFormat: Total input files to process : 1
[2025-02-26T20:18:53.129+0000] {subprocess.py:93} INFO - 2025-02-26 20:18:53,125 INFO mapreduce.JobSubmitter: number of splits:1
[2025-02-26T20:18:54.287+0000] {subprocess.py:93} INFO - 2025-02-26 20:18:54,276 INFO mapreduce.JobSubmitter: Submitting tokens for job: job_local744765701_0001
[2025-02-26T20:18:54.288+0000] {subprocess.py:93} INFO - 2025-02-26 20:18:54,276 INFO mapreduce.JobSubmitter: Executing with tokens: []
[2025-02-26T20:18:55.885+0000] {subprocess.py:93} INFO - 2025-02-26 20:18:55,841 INFO mapred.LocalDistributedCacheManager: Localized file:/tmp/mapper.py as file:/tmp/hadoop-root/mapred/local/job_local744765701_0001_3725b846-ce82-4ad2-9750-1a0c92f8e120/mapper.py
[2025-02-26T20:18:56.043+0000] {subprocess.py:93} INFO - 2025-02-26 20:18:56,041 INFO mapred.LocalDistributedCacheManager: Localized file:/tmp/reducer.py as file:/tmp/hadoop-root/mapred/local/job_local744765701_0001_c9e9354b-ccc3-4ba8-9b2b-554e804f139b/reducer.py
[2025-02-26T20:18:56.606+0000] {subprocess.py:93} INFO - 2025-02-26 20:18:56,605 INFO mapreduce.Job: The url to track the job: http://localhost:8080/
[2025-02-26T20:18:56.617+0000] {subprocess.py:93} INFO - 2025-02-26 20:18:56,616 INFO mapreduce.Job: Running job: job_local744765701_0001
[2025-02-26T20:18:56.639+0000] {subprocess.py:93} INFO - 2025-02-26 20:18:56,631 INFO mapred.LocalJobRunner: OutputCommitter set in config null
[2025-02-26T20:18:56.659+0000] {subprocess.py:93} INFO - 2025-02-26 20:18:56,657 INFO mapred.LocalJobRunner: OutputCommitter is org.apache.hadoop.mapred.FileOutputCommitter
[2025-02-26T20:18:56.701+0000] {subprocess.py:93} INFO - 2025-02-26 20:18:56,700 INFO output.FileOutputCommitter: File Output Committer Algorithm version is 2
[2025-02-26T20:18:56.703+0000] {subprocess.py:93} INFO - 2025-02-26 20:18:56,702 INFO output.FileOutputCommitter: FileOutputCommitter skip cleanup _temporary folders under output directory:false, ignore cleanup failures: false
[2025-02-26T20:18:57.002+0000] {subprocess.py:93} INFO - 2025-02-26 20:18:56,999 INFO mapred.LocalJobRunner: Waiting for map tasks
[2025-02-26T20:18:57.011+0000] {subprocess.py:93} INFO - 2025-02-26 20:18:57,009 INFO mapred.LocalJobRunner: Starting task: attempt_local744765701_0001_m_000000_0
[2025-02-26T20:18:57.230+0000] {subprocess.py:93} INFO - 2025-02-26 20:18:57,212 INFO output.FileOutputCommitter: File Output Committer Algorithm version is 2
[2025-02-26T20:18:57.234+0000] {subprocess.py:93} INFO - 2025-02-26 20:18:57,218 INFO output.FileOutputCommitter: FileOutputCommitter skip cleanup _temporary folders under output directory:false, ignore cleanup failures: false
[2025-02-26T20:18:57.553+0000] {subprocess.py:93} INFO - 2025-02-26 20:18:57,546 INFO mapred.Task:  Using ResourceCalculatorProcessTree : [ ]
[2025-02-26T20:18:57.645+0000] {subprocess.py:93} INFO - 2025-02-26 20:18:57,632 INFO mapreduce.Job: Job job_local744765701_0001 running in uber mode : false
[2025-02-26T20:18:57.660+0000] {subprocess.py:93} INFO - 2025-02-26 20:18:57,644 INFO mapred.MapTask: Processing split: hdfs://namenode:9000/user/etudiant/crypto/raw/YYYY=2025/MM=01/DD=03/yfinance_raw.json:0+19761
[2025-02-26T20:18:57.668+0000] {subprocess.py:93} INFO - 2025-02-26 20:18:57,647 INFO mapreduce.Job:  map 0% reduce 0%
[2025-02-26T20:18:57.957+0000] {subprocess.py:93} INFO - 2025-02-26 20:18:57,945 INFO mapred.MapTask: numReduceTasks: 1
[2025-02-26T20:18:58.225+0000] {subprocess.py:93} INFO - 2025-02-26 20:18:58,220 INFO mapred.MapTask: (EQUATOR) 0 kvi 26214396(104857584)
[2025-02-26T20:18:58.228+0000] {subprocess.py:93} INFO - 2025-02-26 20:18:58,221 INFO mapred.MapTask: mapreduce.task.io.sort.mb: 100
[2025-02-26T20:18:58.229+0000] {subprocess.py:93} INFO - 2025-02-26 20:18:58,221 INFO mapred.MapTask: soft limit at 83886080
[2025-02-26T20:18:58.230+0000] {subprocess.py:93} INFO - 2025-02-26 20:18:58,221 INFO mapred.MapTask: bufstart = 0; bufvoid = 104857600
[2025-02-26T20:18:58.230+0000] {subprocess.py:93} INFO - 2025-02-26 20:18:58,221 INFO mapred.MapTask: kvstart = 26214396; length = 6553600
[2025-02-26T20:18:58.266+0000] {subprocess.py:93} INFO - 2025-02-26 20:18:58,264 INFO mapred.MapTask: Map output collector class = org.apache.hadoop.mapred.MapTask$MapOutputBuffer
[2025-02-26T20:18:58.723+0000] {subprocess.py:93} INFO - 2025-02-26 20:18:58,658 INFO streaming.PipeMapRed: PipeMapRed exec [/usr/bin/python, mapper.py]
[2025-02-26T20:18:58.725+0000] {subprocess.py:93} INFO - 2025-02-26 20:18:58,667 INFO Configuration.deprecation: mapred.work.output.dir is deprecated. Instead, use mapreduce.task.output.dir
[2025-02-26T20:18:58.729+0000] {subprocess.py:93} INFO - 2025-02-26 20:18:58,686 INFO Configuration.deprecation: map.input.start is deprecated. Instead, use mapreduce.map.input.start
[2025-02-26T20:18:58.730+0000] {subprocess.py:93} INFO - 2025-02-26 20:18:58,687 INFO Configuration.deprecation: mapred.task.is.map is deprecated. Instead, use mapreduce.task.ismap
[2025-02-26T20:18:58.731+0000] {subprocess.py:93} INFO - 2025-02-26 20:18:58,687 INFO Configuration.deprecation: mapred.task.id is deprecated. Instead, use mapreduce.task.attempt.id
[2025-02-26T20:18:58.732+0000] {subprocess.py:93} INFO - 2025-02-26 20:18:58,688 INFO Configuration.deprecation: mapred.tip.id is deprecated. Instead, use mapreduce.task.id
[2025-02-26T20:18:58.733+0000] {subprocess.py:93} INFO - 2025-02-26 20:18:58,688 INFO Configuration.deprecation: mapred.local.dir is deprecated. Instead, use mapreduce.cluster.local.dir
[2025-02-26T20:18:58.734+0000] {subprocess.py:93} INFO - 2025-02-26 20:18:58,689 INFO Configuration.deprecation: map.input.file is deprecated. Instead, use mapreduce.map.input.file
[2025-02-26T20:18:58.734+0000] {subprocess.py:93} INFO - 2025-02-26 20:18:58,689 INFO Configuration.deprecation: mapred.skip.on is deprecated. Instead, use mapreduce.job.skiprecords
[2025-02-26T20:18:58.735+0000] {subprocess.py:93} INFO - 2025-02-26 20:18:58,689 INFO Configuration.deprecation: map.input.length is deprecated. Instead, use mapreduce.map.input.length
[2025-02-26T20:18:58.735+0000] {subprocess.py:93} INFO - 2025-02-26 20:18:58,691 INFO Configuration.deprecation: mapred.job.id is deprecated. Instead, use mapreduce.job.id
[2025-02-26T20:18:58.736+0000] {subprocess.py:93} INFO - 2025-02-26 20:18:58,691 INFO Configuration.deprecation: user.name is deprecated. Instead, use mapreduce.job.user.name
[2025-02-26T20:18:58.736+0000] {subprocess.py:93} INFO - 2025-02-26 20:18:58,692 INFO Configuration.deprecation: mapred.task.partition is deprecated. Instead, use mapreduce.task.partition
[2025-02-26T20:18:59.238+0000] {subprocess.py:93} INFO -   File "mapper.py", line 27
[2025-02-26T20:18:59.245+0000] {subprocess.py:93} INFO -     print(f"{coin}\t{json.dumps(metrics)}")
[2025-02-26T20:18:59.247+0000] {subprocess.py:93} INFO -                                          ^
[2025-02-26T20:18:59.248+0000] {subprocess.py:93} INFO - SyntaxError: invalid syntax
[2025-02-26T20:18:59.289+0000] {subprocess.py:93} INFO - 2025-02-26 20:18:59,223 INFO streaming.PipeMapRed: MRErrorThread done
[2025-02-26T20:18:59.421+0000] {subprocess.py:93} INFO - 2025-02-26 20:18:59,418 INFO sasl.SaslDataTransferClient: SASL encryption trust check: localHostTrusted = false, remoteHostTrusted = false
[2025-02-26T20:19:00.694+0000] {subprocess.py:93} INFO - 2025-02-26 20:19:00,692 INFO streaming.PipeMapRed: R/W/S=1/0/0 in:1=1/1 [rec/s] out:0=0/1 [rec/s]
[2025-02-26T20:19:00.699+0000] {subprocess.py:93} INFO - 2025-02-26 20:19:00,694 INFO streaming.PipeMapRed: R/W/S=10/0/0 in:10=10/1 [rec/s] out:0=0/1 [rec/s]
[2025-02-26T20:19:00.703+0000] {subprocess.py:93} INFO - 2025-02-26 20:19:00,698 INFO streaming.PipeMapRed: R/W/S=100/0/0 in:100=100/1 [rec/s] out:0=0/1 [rec/s]
[2025-02-26T20:19:01.038+0000] {subprocess.py:93} INFO - 2025-02-26 20:19:01,022 WARN streaming.PipeMapRed: {}
[2025-02-26T20:19:01.039+0000] {subprocess.py:93} INFO - java.io.IOException: Stream closed
[2025-02-26T20:19:01.040+0000] {subprocess.py:93} INFO - 	at java.lang.ProcessBuilder$NullOutputStream.write(ProcessBuilder.java:433)
[2025-02-26T20:19:01.041+0000] {subprocess.py:93} INFO - 	at java.io.OutputStream.write(OutputStream.java:116)
[2025-02-26T20:19:01.042+0000] {subprocess.py:93} INFO - 	at java.io.BufferedOutputStream.write(BufferedOutputStream.java:122)
[2025-02-26T20:19:01.042+0000] {subprocess.py:93} INFO - 	at java.io.BufferedOutputStream.flushBuffer(BufferedOutputStream.java:82)
[2025-02-26T20:19:01.044+0000] {subprocess.py:93} INFO - 	at java.io.BufferedOutputStream.flush(BufferedOutputStream.java:140)
[2025-02-26T20:19:01.045+0000] {subprocess.py:93} INFO - 	at java.io.DataOutputStream.flush(DataOutputStream.java:123)
[2025-02-26T20:19:01.046+0000] {subprocess.py:93} INFO - 	at org.apache.hadoop.streaming.PipeMapRed.mapRedFinished(PipeMapRed.java:532)
[2025-02-26T20:19:01.047+0000] {subprocess.py:93} INFO - 	at org.apache.hadoop.streaming.PipeMapper.close(PipeMapper.java:130)
[2025-02-26T20:19:01.048+0000] {subprocess.py:93} INFO - 	at org.apache.hadoop.mapred.MapRunner.run(MapRunner.java:61)
[2025-02-26T20:19:01.049+0000] {subprocess.py:93} INFO - 	at org.apache.hadoop.streaming.PipeMapRunner.run(PipeMapRunner.java:34)
[2025-02-26T20:19:01.049+0000] {subprocess.py:93} INFO - 	at org.apache.hadoop.mapred.MapTask.runOldMapper(MapTask.java:465)
[2025-02-26T20:19:01.050+0000] {subprocess.py:93} INFO - 	at org.apache.hadoop.mapred.MapTask.run(MapTask.java:349)
[2025-02-26T20:19:01.051+0000] {subprocess.py:93} INFO - 	at org.apache.hadoop.mapred.LocalJobRunner$Job$MapTaskRunnable.run(LocalJobRunner.java:271)
[2025-02-26T20:19:01.052+0000] {subprocess.py:93} INFO - 	at java.util.concurrent.Executors$RunnableAdapter.call(Executors.java:511)
[2025-02-26T20:19:01.053+0000] {subprocess.py:93} INFO - 	at java.util.concurrent.FutureTask.run(FutureTask.java:266)
[2025-02-26T20:19:01.053+0000] {subprocess.py:93} INFO - 	at java.util.concurrent.ThreadPoolExecutor.runWorker(ThreadPoolExecutor.java:1149)
[2025-02-26T20:19:01.054+0000] {subprocess.py:93} INFO - 	at java.util.concurrent.ThreadPoolExecutor$Worker.run(ThreadPoolExecutor.java:624)
[2025-02-26T20:19:01.060+0000] {subprocess.py:93} INFO - 	at java.lang.Thread.run(Thread.java:748)
[2025-02-26T20:19:01.062+0000] {subprocess.py:93} INFO - 2025-02-26 20:19:01,036 INFO streaming.PipeMapRed: PipeMapRed failed!
[2025-02-26T20:19:01.063+0000] {subprocess.py:93} INFO - java.lang.RuntimeException: PipeMapRed.waitOutputThreads(): subprocess failed with code 1
[2025-02-26T20:19:01.064+0000] {subprocess.py:93} INFO - 	at org.apache.hadoop.streaming.PipeMapRed.waitOutputThreads(PipeMapRed.java:326)
[2025-02-26T20:19:01.064+0000] {subprocess.py:93} INFO - 	at org.apache.hadoop.streaming.PipeMapRed.mapRedFinished(PipeMapRed.java:539)
[2025-02-26T20:19:01.065+0000] {subprocess.py:93} INFO - 	at org.apache.hadoop.streaming.PipeMapper.close(PipeMapper.java:130)
[2025-02-26T20:19:01.066+0000] {subprocess.py:93} INFO - 	at org.apache.hadoop.mapred.MapRunner.run(MapRunner.java:61)
[2025-02-26T20:19:01.066+0000] {subprocess.py:93} INFO - 	at org.apache.hadoop.streaming.PipeMapRunner.run(PipeMapRunner.java:34)
[2025-02-26T20:19:01.067+0000] {subprocess.py:93} INFO - 	at org.apache.hadoop.mapred.MapTask.runOldMapper(MapTask.java:465)
[2025-02-26T20:19:01.068+0000] {subprocess.py:93} INFO - 	at org.apache.hadoop.mapred.MapTask.run(MapTask.java:349)
[2025-02-26T20:19:01.069+0000] {subprocess.py:93} INFO - 	at org.apache.hadoop.mapred.LocalJobRunner$Job$MapTaskRunnable.run(LocalJobRunner.java:271)
[2025-02-26T20:19:01.069+0000] {subprocess.py:93} INFO - 	at java.util.concurrent.Executors$RunnableAdapter.call(Executors.java:511)
[2025-02-26T20:19:01.070+0000] {subprocess.py:93} INFO - 	at java.util.concurrent.FutureTask.run(FutureTask.java:266)
[2025-02-26T20:19:01.071+0000] {subprocess.py:93} INFO - 	at java.util.concurrent.ThreadPoolExecutor.runWorker(ThreadPoolExecutor.java:1149)
[2025-02-26T20:19:01.071+0000] {subprocess.py:93} INFO - 	at java.util.concurrent.ThreadPoolExecutor$Worker.run(ThreadPoolExecutor.java:624)
[2025-02-26T20:19:01.072+0000] {subprocess.py:93} INFO - 	at java.lang.Thread.run(Thread.java:748)
[2025-02-26T20:19:01.100+0000] {subprocess.py:93} INFO - 2025-02-26 20:19:01,099 INFO mapred.LocalJobRunner: map task executor complete.
[2025-02-26T20:19:01.133+0000] {subprocess.py:93} INFO - 2025-02-26 20:19:01,128 WARN mapred.LocalJobRunner: job_local744765701_0001
[2025-02-26T20:19:01.141+0000] {subprocess.py:93} INFO - java.lang.Exception: java.lang.RuntimeException: PipeMapRed.waitOutputThreads(): subprocess failed with code 1
[2025-02-26T20:19:01.143+0000] {subprocess.py:93} INFO - 	at org.apache.hadoop.mapred.LocalJobRunner$Job.runTasks(LocalJobRunner.java:492)
[2025-02-26T20:19:01.143+0000] {subprocess.py:93} INFO - 	at org.apache.hadoop.mapred.LocalJobRunner$Job.run(LocalJobRunner.java:552)
[2025-02-26T20:19:01.144+0000] {subprocess.py:93} INFO - Caused by: java.lang.RuntimeException: PipeMapRed.waitOutputThreads(): subprocess failed with code 1
[2025-02-26T20:19:01.145+0000] {subprocess.py:93} INFO - 	at org.apache.hadoop.streaming.PipeMapRed.waitOutputThreads(PipeMapRed.java:326)
[2025-02-26T20:19:01.146+0000] {subprocess.py:93} INFO - 	at org.apache.hadoop.streaming.PipeMapRed.mapRedFinished(PipeMapRed.java:539)
[2025-02-26T20:19:01.146+0000] {subprocess.py:93} INFO - 	at org.apache.hadoop.streaming.PipeMapper.close(PipeMapper.java:130)
[2025-02-26T20:19:01.147+0000] {subprocess.py:93} INFO - 	at org.apache.hadoop.mapred.MapRunner.run(MapRunner.java:61)
[2025-02-26T20:19:01.158+0000] {subprocess.py:93} INFO - 	at org.apache.hadoop.streaming.PipeMapRunner.run(PipeMapRunner.java:34)
[2025-02-26T20:19:01.162+0000] {subprocess.py:93} INFO - 	at org.apache.hadoop.mapred.MapTask.runOldMapper(MapTask.java:465)
[2025-02-26T20:19:01.163+0000] {subprocess.py:93} INFO - 	at org.apache.hadoop.mapred.MapTask.run(MapTask.java:349)
[2025-02-26T20:19:01.164+0000] {subprocess.py:93} INFO - 	at org.apache.hadoop.mapred.LocalJobRunner$Job$MapTaskRunnable.run(LocalJobRunner.java:271)
[2025-02-26T20:19:01.164+0000] {subprocess.py:93} INFO - 	at java.util.concurrent.Executors$RunnableAdapter.call(Executors.java:511)
[2025-02-26T20:19:01.167+0000] {subprocess.py:93} INFO - 	at java.util.concurrent.FutureTask.run(FutureTask.java:266)
[2025-02-26T20:19:01.168+0000] {subprocess.py:93} INFO - 	at java.util.concurrent.ThreadPoolExecutor.runWorker(ThreadPoolExecutor.java:1149)
[2025-02-26T20:19:01.178+0000] {subprocess.py:93} INFO - 	at java.util.concurrent.ThreadPoolExecutor$Worker.run(ThreadPoolExecutor.java:624)
[2025-02-26T20:19:01.185+0000] {subprocess.py:93} INFO - 	at java.lang.Thread.run(Thread.java:748)
[2025-02-26T20:19:01.665+0000] {subprocess.py:93} INFO - 2025-02-26 20:19:01,660 INFO mapreduce.Job: Job job_local744765701_0001 failed with state FAILED due to: NA
[2025-02-26T20:19:01.779+0000] {subprocess.py:93} INFO - 2025-02-26 20:19:01,774 INFO mapreduce.Job: Counters: 0
[2025-02-26T20:19:01.781+0000] {subprocess.py:93} INFO - 2025-02-26 20:19:01,775 ERROR streaming.StreamJob: Job not successful!
[2025-02-26T20:19:01.786+0000] {subprocess.py:93} INFO - Streaming Command Failed!
[2025-02-26T20:19:03.023+0000] {subprocess.py:97} INFO - Command exited with return code 1
[2025-02-26T20:19:03.085+0000] {taskinstance.py:1943} ERROR - Task failed with exception
Traceback (most recent call last):
  File "/home/airflow/.local/lib/python3.8/site-packages/airflow/operators/bash.py", line 210, in execute
    raise AirflowException(
airflow.exceptions.AirflowException: Bash command failed. The command returned a non-zero exit code 1.
[2025-02-26T20:19:03.115+0000] {taskinstance.py:1400} INFO - Marking task as UP_FOR_RETRY. dag_id=yfinance_ingestion_dag, task_id=run_mapreduce, execution_date=20250103T000000, start_date=20250226T201809, end_date=20250226T201903
[2025-02-26T20:19:03.300+0000] {standard_task_runner.py:104} ERROR - Failed to execute job 94 for task run_mapreduce (Bash command failed. The command returned a non-zero exit code 1.; 596)
[2025-02-26T20:19:03.373+0000] {local_task_job_runner.py:228} INFO - Task exited with return code 1
[2025-02-26T20:19:03.598+0000] {taskinstance.py:2784} INFO - 0 downstream tasks scheduled from follow-on schedule check
[2025-02-26T20:31:09.334+0000] {taskinstance.py:1159} INFO - Dependencies all met for dep_context=non-requeueable deps ti=<TaskInstance: yfinance_ingestion_dag.run_mapreduce scheduled__2025-01-03T00:00:00+00:00 [queued]>
[2025-02-26T20:31:09.510+0000] {taskinstance.py:1159} INFO - Dependencies all met for dep_context=requeueable deps ti=<TaskInstance: yfinance_ingestion_dag.run_mapreduce scheduled__2025-01-03T00:00:00+00:00 [queued]>
[2025-02-26T20:31:09.511+0000] {taskinstance.py:1361} INFO - Starting attempt 1 of 2
[2025-02-26T20:31:10.206+0000] {taskinstance.py:1382} INFO - Executing <Task(BashOperator): run_mapreduce> on 2025-01-03 00:00:00+00:00
[2025-02-26T20:31:10.256+0000] {standard_task_runner.py:57} INFO - Started process 2035 to run task
[2025-02-26T20:31:10.268+0000] {standard_task_runner.py:84} INFO - Running: ['***', 'tasks', 'run', 'yfinance_ingestion_dag', 'run_mapreduce', 'scheduled__2025-01-03T00:00:00+00:00', '--job-id', '186', '--raw', '--subdir', 'DAGS_FOLDER/pipeline.py', '--cfg-path', '/tmp/tmpzwl9kil5']
[2025-02-26T20:31:10.321+0000] {standard_task_runner.py:85} INFO - Job 186: Subtask run_mapreduce
[2025-02-26T20:31:10.691+0000] {task_command.py:415} INFO - Running <TaskInstance: yfinance_ingestion_dag.run_mapreduce scheduled__2025-01-03T00:00:00+00:00 [running]> on host c96a1011f5a3
[2025-02-26T20:31:11.173+0000] {taskinstance.py:1660} INFO - Exporting env vars: AIRFLOW_CTX_DAG_OWNER='etudiant' AIRFLOW_CTX_DAG_ID='yfinance_ingestion_dag' AIRFLOW_CTX_TASK_ID='run_mapreduce' AIRFLOW_CTX_EXECUTION_DATE='2025-01-03T00:00:00+00:00' AIRFLOW_CTX_TRY_NUMBER='1' AIRFLOW_CTX_DAG_RUN_ID='scheduled__2025-01-03T00:00:00+00:00'
[2025-02-26T20:31:11.180+0000] {subprocess.py:63} INFO - Tmp dir root location: /tmp
[2025-02-26T20:31:11.183+0000] {subprocess.py:75} INFO - Running command: ['/bin/bash', '-c', '\n        docker exec -i -u root namenode bash -c \'         cd /tmp &&         cp /mnt/hadoop_data/mapreduce/mapper.py . &&         cp /mnt/hadoop_data/mapreduce/reducer.py . &&         chmod +x mapper.py reducer.py &&         hdfs dfs -rm -r hdfs:///user/etudiant/crypto/processed/YYYY=2025/MM=01/DD=03 || true &&         hadoop jar /opt/hadoop-3.2.1/share/hadoop/tools/lib/hadoop-streaming-3.2.1.jar         -files mapper.py,reducer.py         -mapper "python mapper.py"         -reducer "python reducer.py"         -input hdfs:///user/etudiant/crypto/raw/YYYY=2025/MM=01/DD=03/yfinance_raw.json         -output hdfs:///user/etudiant/crypto/processed/YYYY=2025/MM=01/DD=03\'\n        ']
[2025-02-26T20:31:11.306+0000] {subprocess.py:86} INFO - Output:
[2025-02-26T20:31:30.246+0000] {subprocess.py:93} INFO - rm: `hdfs:///user/etudiant/crypto/processed/YYYY=2025/MM=01/DD=03': No such file or directory
[2025-02-26T20:31:48.887+0000] {subprocess.py:93} INFO - 2025-02-26 20:31:48,860 INFO impl.MetricsConfig: Loaded properties from hadoop-metrics2.properties
[2025-02-26T20:31:50.088+0000] {subprocess.py:93} INFO - 2025-02-26 20:31:50,047 INFO impl.MetricsSystemImpl: Scheduled Metric snapshot period at 10 second(s).
[2025-02-26T20:31:50.103+0000] {subprocess.py:93} INFO - 2025-02-26 20:31:50,047 INFO impl.MetricsSystemImpl: JobTracker metrics system started
[2025-02-26T20:31:50.372+0000] {subprocess.py:93} INFO - 2025-02-26 20:31:50,368 WARN impl.MetricsSystemImpl: JobTracker metrics system already initialized!
[2025-02-26T20:31:53.529+0000] {subprocess.py:93} INFO - 2025-02-26 20:31:53,526 INFO mapred.FileInputFormat: Total input files to process : 1
[2025-02-26T20:31:53.861+0000] {subprocess.py:93} INFO - 2025-02-26 20:31:53,856 INFO mapreduce.JobSubmitter: number of splits:1
[2025-02-26T20:31:55.388+0000] {subprocess.py:93} INFO - 2025-02-26 20:31:55,386 INFO mapreduce.JobSubmitter: Submitting tokens for job: job_local1921015577_0001
[2025-02-26T20:31:55.393+0000] {subprocess.py:93} INFO - 2025-02-26 20:31:55,386 INFO mapreduce.JobSubmitter: Executing with tokens: []
[2025-02-26T20:31:57.895+0000] {subprocess.py:93} INFO - 2025-02-26 20:31:57,894 INFO mapred.LocalDistributedCacheManager: Localized file:/tmp/mapper.py as file:/tmp/hadoop-root/mapred/local/job_local1921015577_0001_921756a6-d0c0-4851-bbe9-ed7e0b224d2e/mapper.py
[2025-02-26T20:31:58.174+0000] {subprocess.py:93} INFO - 2025-02-26 20:31:58,155 INFO mapred.LocalDistributedCacheManager: Localized file:/tmp/reducer.py as file:/tmp/hadoop-root/mapred/local/job_local1921015577_0001_0b490743-03ea-4109-b36c-6a966db1b22b/reducer.py
[2025-02-26T20:32:00.096+0000] {subprocess.py:93} INFO - 2025-02-26 20:32:00,077 INFO mapreduce.Job: The url to track the job: http://localhost:8080/
[2025-02-26T20:32:00.153+0000] {subprocess.py:93} INFO - 2025-02-26 20:32:00,140 INFO mapreduce.Job: Running job: job_local1921015577_0001
[2025-02-26T20:32:00.247+0000] {subprocess.py:93} INFO - 2025-02-26 20:32:00,183 INFO mapred.LocalJobRunner: OutputCommitter set in config null
[2025-02-26T20:32:00.389+0000] {subprocess.py:93} INFO - 2025-02-26 20:32:00,379 INFO mapred.LocalJobRunner: OutputCommitter is org.apache.hadoop.mapred.FileOutputCommitter
[2025-02-26T20:32:00.432+0000] {subprocess.py:93} INFO - 2025-02-26 20:32:00,419 INFO output.FileOutputCommitter: File Output Committer Algorithm version is 2
[2025-02-26T20:32:00.435+0000] {subprocess.py:93} INFO - 2025-02-26 20:32:00,419 INFO output.FileOutputCommitter: FileOutputCommitter skip cleanup _temporary folders under output directory:false, ignore cleanup failures: false
[2025-02-26T20:32:01.196+0000] {subprocess.py:93} INFO - 2025-02-26 20:32:01,191 INFO mapred.LocalJobRunner: Waiting for map tasks
[2025-02-26T20:32:01.225+0000] {subprocess.py:93} INFO - 2025-02-26 20:32:01,213 INFO mapred.LocalJobRunner: Starting task: attempt_local1921015577_0001_m_000000_0
[2025-02-26T20:32:01.357+0000] {subprocess.py:93} INFO - 2025-02-26 20:32:01,348 INFO mapreduce.Job: Job job_local1921015577_0001 running in uber mode : false
[2025-02-26T20:32:01.358+0000] {subprocess.py:93} INFO - 2025-02-26 20:32:01,349 INFO mapreduce.Job:  map 0% reduce 0%
[2025-02-26T20:32:02.243+0000] {subprocess.py:93} INFO - 2025-02-26 20:32:02,149 INFO output.FileOutputCommitter: File Output Committer Algorithm version is 2
[2025-02-26T20:32:02.244+0000] {subprocess.py:93} INFO - 2025-02-26 20:32:02,241 INFO output.FileOutputCommitter: FileOutputCommitter skip cleanup _temporary folders under output directory:false, ignore cleanup failures: false
[2025-02-26T20:32:02.503+0000] {subprocess.py:93} INFO - 2025-02-26 20:32:02,501 INFO mapred.Task:  Using ResourceCalculatorProcessTree : [ ]
[2025-02-26T20:32:02.561+0000] {subprocess.py:93} INFO - 2025-02-26 20:32:02,559 INFO mapred.MapTask: Processing split: hdfs://namenode:9000/user/etudiant/crypto/raw/YYYY=2025/MM=01/DD=03/yfinance_raw.json:0+19757
[2025-02-26T20:32:02.865+0000] {subprocess.py:93} INFO - 2025-02-26 20:32:02,864 INFO mapred.MapTask: numReduceTasks: 1
[2025-02-26T20:32:14.149+0000] {subprocess.py:97} INFO - Command exited with return code 137
[2025-02-26T20:32:14.302+0000] {taskinstance.py:1943} ERROR - Task failed with exception
Traceback (most recent call last):
  File "/home/airflow/.local/lib/python3.8/site-packages/airflow/operators/bash.py", line 210, in execute
    raise AirflowException(
airflow.exceptions.AirflowException: Bash command failed. The command returned a non-zero exit code 137.
[2025-02-26T20:32:14.381+0000] {taskinstance.py:1400} INFO - Marking task as UP_FOR_RETRY. dag_id=yfinance_ingestion_dag, task_id=run_mapreduce, execution_date=20250103T000000, start_date=20250226T203109, end_date=20250226T203214
[2025-02-26T20:32:14.909+0000] {standard_task_runner.py:104} ERROR - Failed to execute job 186 for task run_mapreduce (Bash command failed. The command returned a non-zero exit code 137.; 2035)
[2025-02-26T20:32:15.363+0000] {local_task_job_runner.py:228} INFO - Task exited with return code 1
[2025-02-26T20:32:15.844+0000] {taskinstance.py:2784} INFO - 0 downstream tasks scheduled from follow-on schedule check
[2025-02-26T20:40:17.110+0000] {taskinstance.py:1159} INFO - Dependencies all met for dep_context=non-requeueable deps ti=<TaskInstance: yfinance_ingestion_dag.run_mapreduce scheduled__2025-01-03T00:00:00+00:00 [queued]>
[2025-02-26T20:40:17.197+0000] {taskinstance.py:1159} INFO - Dependencies all met for dep_context=requeueable deps ti=<TaskInstance: yfinance_ingestion_dag.run_mapreduce scheduled__2025-01-03T00:00:00+00:00 [queued]>
[2025-02-26T20:40:17.209+0000] {taskinstance.py:1361} INFO - Starting attempt 1 of 2
[2025-02-26T20:40:17.400+0000] {taskinstance.py:1382} INFO - Executing <Task(BashOperator): run_mapreduce> on 2025-01-03 00:00:00+00:00
[2025-02-26T20:40:17.441+0000] {standard_task_runner.py:57} INFO - Started process 1319 to run task
[2025-02-26T20:40:17.465+0000] {standard_task_runner.py:84} INFO - Running: ['***', 'tasks', 'run', 'yfinance_ingestion_dag', 'run_mapreduce', 'scheduled__2025-01-03T00:00:00+00:00', '--job-id', '300', '--raw', '--subdir', 'DAGS_FOLDER/pipeline.py', '--cfg-path', '/tmp/tmp5zqo0oz3']
[2025-02-26T20:40:17.484+0000] {standard_task_runner.py:85} INFO - Job 300: Subtask run_mapreduce
[2025-02-26T20:40:17.785+0000] {task_command.py:415} INFO - Running <TaskInstance: yfinance_ingestion_dag.run_mapreduce scheduled__2025-01-03T00:00:00+00:00 [running]> on host 3c0faf52b292
[2025-02-26T20:40:18.465+0000] {taskinstance.py:1660} INFO - Exporting env vars: AIRFLOW_CTX_DAG_OWNER='etudiant' AIRFLOW_CTX_DAG_ID='yfinance_ingestion_dag' AIRFLOW_CTX_TASK_ID='run_mapreduce' AIRFLOW_CTX_EXECUTION_DATE='2025-01-03T00:00:00+00:00' AIRFLOW_CTX_TRY_NUMBER='1' AIRFLOW_CTX_DAG_RUN_ID='scheduled__2025-01-03T00:00:00+00:00'
[2025-02-26T20:40:18.470+0000] {subprocess.py:63} INFO - Tmp dir root location: /tmp
[2025-02-26T20:40:18.482+0000] {subprocess.py:75} INFO - Running command: ['/bin/bash', '-c', '\n        docker exec -i -u root namenode bash -c \'         cd /tmp &&         cp /mnt/hadoop_data/mapreduce/mapper.py . &&         cp /mnt/hadoop_data/mapreduce/reducer.py . &&         chmod +x mapper.py reducer.py &&         hdfs dfs -rm -r hdfs:///user/etudiant/crypto/processed/YYYY=2025/MM=01/DD=03 || true &&         hadoop jar /opt/hadoop-3.2.1/share/hadoop/tools/lib/hadoop-streaming-3.2.1.jar         -files mapper.py,reducer.py         -mapper "python mapper.py"         -reducer "python reducer.py"         -input hdfs:///user/etudiant/crypto/raw/YYYY=2025/MM=01/DD=03/yfinance_raw.json         -output hdfs:///user/etudiant/crypto/processed/YYYY=2025/MM=01/DD=03\'\n        ']
[2025-02-26T20:40:18.533+0000] {subprocess.py:86} INFO - Output:
[2025-02-26T20:40:34.138+0000] {subprocess.py:93} INFO - rm: Call From c068416616c3/172.18.0.4 to namenode:9000 failed on connection exception: java.net.ConnectException: Connection refused; For more details see:  http://wiki.apache.org/hadoop/ConnectionRefused
[2025-02-26T20:40:52.987+0000] {subprocess.py:93} INFO - 2025-02-26 20:40:52,973 INFO impl.MetricsConfig: Loaded properties from hadoop-metrics2.properties
[2025-02-26T20:40:53.609+0000] {subprocess.py:93} INFO - 2025-02-26 20:40:53,606 INFO impl.MetricsSystemImpl: Scheduled Metric snapshot period at 10 second(s).
[2025-02-26T20:40:53.610+0000] {subprocess.py:93} INFO - 2025-02-26 20:40:53,606 INFO impl.MetricsSystemImpl: JobTracker metrics system started
[2025-02-26T20:40:53.786+0000] {subprocess.py:93} INFO - 2025-02-26 20:40:53,781 WARN impl.MetricsSystemImpl: JobTracker metrics system already initialized!
[2025-02-26T20:40:55.118+0000] {subprocess.py:93} INFO - 2025-02-26 20:40:55,116 ERROR streaming.StreamJob: Error Launching job : Output directory hdfs://namenode:9000/user/etudiant/crypto/processed/YYYY=2025/MM=01/DD=03 already exists
[2025-02-26T20:40:55.122+0000] {subprocess.py:93} INFO - Streaming Command Failed!
[2025-02-26T20:40:55.831+0000] {subprocess.py:97} INFO - Command exited with return code 5
[2025-02-26T20:40:55.855+0000] {taskinstance.py:1943} ERROR - Task failed with exception
Traceback (most recent call last):
  File "/home/airflow/.local/lib/python3.8/site-packages/airflow/operators/bash.py", line 210, in execute
    raise AirflowException(
airflow.exceptions.AirflowException: Bash command failed. The command returned a non-zero exit code 5.
[2025-02-26T20:40:55.864+0000] {taskinstance.py:1400} INFO - Marking task as UP_FOR_RETRY. dag_id=yfinance_ingestion_dag, task_id=run_mapreduce, execution_date=20250103T000000, start_date=20250226T204017, end_date=20250226T204055
[2025-02-26T20:40:56.139+0000] {standard_task_runner.py:104} ERROR - Failed to execute job 300 for task run_mapreduce (Bash command failed. The command returned a non-zero exit code 5.; 1319)
[2025-02-26T20:40:56.168+0000] {local_task_job_runner.py:228} INFO - Task exited with return code 1
[2025-02-26T20:40:56.202+0000] {taskinstance.py:2784} INFO - 0 downstream tasks scheduled from follow-on schedule check
