[2025-02-25T09:49:49.596+0000] {taskinstance.py:1159} INFO - Dependencies all met for dep_context=non-requeueable deps ti=<TaskInstance: yfinance_ingestion_dag.fetch_data scheduled__2025-01-25T00:00:00+00:00 [queued]>
[2025-02-25T09:49:49.619+0000] {taskinstance.py:1159} INFO - Dependencies all met for dep_context=requeueable deps ti=<TaskInstance: yfinance_ingestion_dag.fetch_data scheduled__2025-01-25T00:00:00+00:00 [queued]>
[2025-02-25T09:49:49.620+0000] {taskinstance.py:1361} INFO - Starting attempt 1 of 2
[2025-02-25T09:49:49.686+0000] {taskinstance.py:1382} INFO - Executing <Task(PythonOperator): fetch_data> on 2025-01-25 00:00:00+00:00
[2025-02-25T09:49:49.708+0000] {standard_task_runner.py:57} INFO - Started process 707 to run task
[2025-02-25T09:49:49.714+0000] {standard_task_runner.py:84} INFO - Running: ['***', 'tasks', 'run', 'yfinance_ingestion_dag', 'fetch_data', 'scheduled__2025-01-25T00:00:00+00:00', '--job-id', '72', '--raw', '--subdir', 'DAGS_FOLDER/test_hello.py', '--cfg-path', '/tmp/tmp_ch2c66t']
[2025-02-25T09:49:49.731+0000] {standard_task_runner.py:85} INFO - Job 72: Subtask fetch_data
[2025-02-25T09:49:49.923+0000] {task_command.py:415} INFO - Running <TaskInstance: yfinance_ingestion_dag.fetch_data scheduled__2025-01-25T00:00:00+00:00 [running]> on host 6dbd75e48aaa
[2025-02-25T09:49:50.322+0000] {taskinstance.py:1660} INFO - Exporting env vars: AIRFLOW_CTX_DAG_OWNER='etudiant' AIRFLOW_CTX_DAG_ID='yfinance_ingestion_dag' AIRFLOW_CTX_TASK_ID='fetch_data' AIRFLOW_CTX_EXECUTION_DATE='2025-01-25T00:00:00+00:00' AIRFLOW_CTX_TRY_NUMBER='1' AIRFLOW_CTX_DAG_RUN_ID='scheduled__2025-01-25T00:00:00+00:00'
[2025-02-25T09:49:51.175+0000] {history.py:247} ERROR - $TSLA: possibly delisted; no price data found  (1d 2025-01-25 -> 2025-01-25)
[2025-02-25T09:49:51.261+0000] {python.py:194} INFO - Done. Returned value was: None
[2025-02-25T09:49:51.283+0000] {taskinstance.py:1400} INFO - Marking task as SUCCESS. dag_id=yfinance_ingestion_dag, task_id=fetch_data, execution_date=20250125T000000, start_date=20250225T094949, end_date=20250225T094951
[2025-02-25T09:49:51.699+0000] {local_task_job_runner.py:228} INFO - Task exited with return code 0
[2025-02-25T09:49:51.778+0000] {taskinstance.py:2784} INFO - 1 downstream tasks scheduled from follow-on schedule check
[2025-02-26T20:25:17.830+0000] {taskinstance.py:1159} INFO - Dependencies all met for dep_context=non-requeueable deps ti=<TaskInstance: yfinance_ingestion_dag.fetch_data scheduled__2025-01-25T00:00:00+00:00 [queued]>
[2025-02-26T20:25:17.869+0000] {taskinstance.py:1159} INFO - Dependencies all met for dep_context=requeueable deps ti=<TaskInstance: yfinance_ingestion_dag.fetch_data scheduled__2025-01-25T00:00:00+00:00 [queued]>
[2025-02-26T20:25:17.878+0000] {taskinstance.py:1361} INFO - Starting attempt 1 of 2
[2025-02-26T20:25:18.099+0000] {taskinstance.py:1382} INFO - Executing <Task(PythonOperator): fetch_data> on 2025-01-25 00:00:00+00:00
[2025-02-26T20:25:18.120+0000] {standard_task_runner.py:57} INFO - Started process 1225 to run task
[2025-02-26T20:25:18.157+0000] {standard_task_runner.py:84} INFO - Running: ['***', 'tasks', 'run', 'yfinance_ingestion_dag', 'fetch_data', 'scheduled__2025-01-25T00:00:00+00:00', '--job-id', '130', '--raw', '--subdir', 'DAGS_FOLDER/pipeline.py', '--cfg-path', '/tmp/tmpmceymsn0']
[2025-02-26T20:25:18.206+0000] {standard_task_runner.py:85} INFO - Job 130: Subtask fetch_data
[2025-02-26T20:25:18.697+0000] {task_command.py:415} INFO - Running <TaskInstance: yfinance_ingestion_dag.fetch_data scheduled__2025-01-25T00:00:00+00:00 [running]> on host c96a1011f5a3
[2025-02-26T20:25:19.189+0000] {taskinstance.py:1660} INFO - Exporting env vars: AIRFLOW_CTX_DAG_OWNER='etudiant' AIRFLOW_CTX_DAG_ID='yfinance_ingestion_dag' AIRFLOW_CTX_TASK_ID='fetch_data' AIRFLOW_CTX_EXECUTION_DATE='2025-01-25T00:00:00+00:00' AIRFLOW_CTX_TRY_NUMBER='1' AIRFLOW_CTX_DAG_RUN_ID='scheduled__2025-01-25T00:00:00+00:00'
[2025-02-26T20:25:20.743+0000] {logging_mixin.py:151} INFO - [
    {
        "datetime": "2025-02-25T20:00:00.000Z",
        "open_price": 87816.71875,
        "high_price": 88873.140625,
        "low_price": 87594.2734375,
        "close_price": 88076.6484375,
        "volume": 0,
        "coin": "BTC"
    },
    {
        "datetime": "2025-02-25T21:00:00.000Z",
        "open_price": 88187.0859375,
        "high_price": 88637.609375,
        "low_price": 87775.640625,
        "close_price": 88598.2109375,
        "volume": 0,
        "coin": "BTC"
    },
    {
        "datetime": "2025-02-25T22:00:00.000Z",
        "open_price": 88692.203125,
        "high_price": 89344.90625,
        "low_price": 88446.0390625,
        "close_price": 88737.1953125,
        "volume": 102842368,
        "coin": "BTC"
    },
    {
        "datetime": "2025-02-25T23:00:00.000Z",
        "open_price": 88762.703125,
        "high_price": 89029.0390625,
        "low_price": 88623.359375,
        "close_price": 88701.9140625,
        "volume": 0,
        "coin": "BTC"
    },
    {
        "datetime": "2025-02-26T00:00:00.000Z",
        "open_price": 88491.3359375,
        "high_price": 88512.78125,
        "low_price": 88059.8046875,
        "close_price": 88059.8046875,
        "volume": 0,
        "coin": "BTC"
    }
]
[2025-02-26T20:25:20.829+0000] {python.py:194} INFO - Done. Returned value was: None
[2025-02-26T20:25:20.934+0000] {taskinstance.py:1400} INFO - Marking task as SUCCESS. dag_id=yfinance_ingestion_dag, task_id=fetch_data, execution_date=20250125T000000, start_date=20250226T202517, end_date=20250226T202520
[2025-02-26T20:25:21.917+0000] {local_task_job_runner.py:228} INFO - Task exited with return code 0
[2025-02-26T20:25:22.076+0000] {taskinstance.py:2784} INFO - 1 downstream tasks scheduled from follow-on schedule check
[2025-02-26T20:39:03.435+0000] {taskinstance.py:1159} INFO - Dependencies all met for dep_context=non-requeueable deps ti=<TaskInstance: yfinance_ingestion_dag.fetch_data scheduled__2025-01-25T00:00:00+00:00 [queued]>
[2025-02-26T20:39:03.457+0000] {taskinstance.py:1159} INFO - Dependencies all met for dep_context=requeueable deps ti=<TaskInstance: yfinance_ingestion_dag.fetch_data scheduled__2025-01-25T00:00:00+00:00 [queued]>
[2025-02-26T20:39:03.458+0000] {taskinstance.py:1361} INFO - Starting attempt 1 of 2
[2025-02-26T20:39:03.488+0000] {taskinstance.py:1382} INFO - Executing <Task(PythonOperator): fetch_data> on 2025-01-25 00:00:00+00:00
[2025-02-26T20:39:03.529+0000] {standard_task_runner.py:57} INFO - Started process 469 to run task
[2025-02-26T20:39:03.550+0000] {standard_task_runner.py:84} INFO - Running: ['***', 'tasks', 'run', 'yfinance_ingestion_dag', 'fetch_data', 'scheduled__2025-01-25T00:00:00+00:00', '--job-id', '224', '--raw', '--subdir', 'DAGS_FOLDER/pipeline.py', '--cfg-path', '/tmp/tmpmh748xy_']
[2025-02-26T20:39:03.572+0000] {standard_task_runner.py:85} INFO - Job 224: Subtask fetch_data
[2025-02-26T20:39:03.737+0000] {task_command.py:415} INFO - Running <TaskInstance: yfinance_ingestion_dag.fetch_data scheduled__2025-01-25T00:00:00+00:00 [running]> on host 3c0faf52b292
[2025-02-26T20:39:04.042+0000] {taskinstance.py:1660} INFO - Exporting env vars: AIRFLOW_CTX_DAG_OWNER='etudiant' AIRFLOW_CTX_DAG_ID='yfinance_ingestion_dag' AIRFLOW_CTX_TASK_ID='fetch_data' AIRFLOW_CTX_EXECUTION_DATE='2025-01-25T00:00:00+00:00' AIRFLOW_CTX_TRY_NUMBER='1' AIRFLOW_CTX_DAG_RUN_ID='scheduled__2025-01-25T00:00:00+00:00'
[2025-02-26T20:39:05.940+0000] {logging_mixin.py:151} INFO - [
    {
        "datetime": "2025-02-25T20:00:00.000Z",
        "open_price": 87816.71875,
        "high_price": 88873.140625,
        "low_price": 87594.2734375,
        "close_price": 88076.6484375,
        "volume": 0,
        "coin": "BTC"
    },
    {
        "datetime": "2025-02-25T21:00:00.000Z",
        "open_price": 88187.0859375,
        "high_price": 88637.609375,
        "low_price": 87775.640625,
        "close_price": 88598.2109375,
        "volume": 0,
        "coin": "BTC"
    },
    {
        "datetime": "2025-02-25T22:00:00.000Z",
        "open_price": 88692.203125,
        "high_price": 89344.90625,
        "low_price": 88446.0390625,
        "close_price": 88737.1953125,
        "volume": 102842368,
        "coin": "BTC"
    },
    {
        "datetime": "2025-02-25T23:00:00.000Z",
        "open_price": 88762.703125,
        "high_price": 89029.0390625,
        "low_price": 88623.359375,
        "close_price": 88701.9140625,
        "volume": 0,
        "coin": "BTC"
    },
    {
        "datetime": "2025-02-26T00:00:00.000Z",
        "open_price": 88491.3359375,
        "high_price": 88512.78125,
        "low_price": 88059.8046875,
        "close_price": 88059.8046875,
        "volume": 0,
        "coin": "BTC"
    }
]
[2025-02-26T20:39:06.081+0000] {python.py:194} INFO - Done. Returned value was: None
[2025-02-26T20:39:06.126+0000] {taskinstance.py:1400} INFO - Marking task as SUCCESS. dag_id=yfinance_ingestion_dag, task_id=fetch_data, execution_date=20250125T000000, start_date=20250226T203903, end_date=20250226T203906
[2025-02-26T20:39:06.337+0000] {local_task_job_runner.py:228} INFO - Task exited with return code 0
[2025-02-26T20:39:06.451+0000] {taskinstance.py:2784} INFO - 1 downstream tasks scheduled from follow-on schedule check
[2025-02-26T20:42:47.869+0000] {taskinstance.py:1159} INFO - Dependencies all met for dep_context=non-requeueable deps ti=<TaskInstance: yfinance_ingestion_dag.fetch_data scheduled__2025-01-25T00:00:00+00:00 [queued]>
[2025-02-26T20:42:47.900+0000] {taskinstance.py:1159} INFO - Dependencies all met for dep_context=requeueable deps ti=<TaskInstance: yfinance_ingestion_dag.fetch_data scheduled__2025-01-25T00:00:00+00:00 [queued]>
[2025-02-26T20:42:47.918+0000] {taskinstance.py:1361} INFO - Starting attempt 1 of 2
[2025-02-26T20:42:47.941+0000] {taskinstance.py:1382} INFO - Executing <Task(PythonOperator): fetch_data> on 2025-01-25 00:00:00+00:00
[2025-02-26T20:42:47.951+0000] {standard_task_runner.py:57} INFO - Started process 1915 to run task
[2025-02-26T20:42:47.954+0000] {standard_task_runner.py:84} INFO - Running: ['***', 'tasks', 'run', 'yfinance_ingestion_dag', 'fetch_data', 'scheduled__2025-01-25T00:00:00+00:00', '--job-id', '334', '--raw', '--subdir', 'DAGS_FOLDER/pipeline.py', '--cfg-path', '/tmp/tmpy19hmacj']
[2025-02-26T20:42:47.958+0000] {standard_task_runner.py:85} INFO - Job 334: Subtask fetch_data
[2025-02-26T20:42:48.025+0000] {task_command.py:415} INFO - Running <TaskInstance: yfinance_ingestion_dag.fetch_data scheduled__2025-01-25T00:00:00+00:00 [running]> on host 3c0faf52b292
[2025-02-26T20:42:48.183+0000] {taskinstance.py:1660} INFO - Exporting env vars: AIRFLOW_CTX_DAG_OWNER='etudiant' AIRFLOW_CTX_DAG_ID='yfinance_ingestion_dag' AIRFLOW_CTX_TASK_ID='fetch_data' AIRFLOW_CTX_EXECUTION_DATE='2025-01-25T00:00:00+00:00' AIRFLOW_CTX_TRY_NUMBER='1' AIRFLOW_CTX_DAG_RUN_ID='scheduled__2025-01-25T00:00:00+00:00'
[2025-02-26T20:42:49.296+0000] {logging_mixin.py:151} INFO - [
    {
        "datetime": "2025-02-25T20:00:00.000Z",
        "open_price": 87816.71875,
        "high_price": 88873.140625,
        "low_price": 87594.2734375,
        "close_price": 88076.6484375,
        "volume": 0,
        "coin": "BTC"
    },
    {
        "datetime": "2025-02-25T21:00:00.000Z",
        "open_price": 88187.0859375,
        "high_price": 88637.609375,
        "low_price": 87775.640625,
        "close_price": 88598.2109375,
        "volume": 0,
        "coin": "BTC"
    },
    {
        "datetime": "2025-02-25T22:00:00.000Z",
        "open_price": 88692.203125,
        "high_price": 89344.90625,
        "low_price": 88446.0390625,
        "close_price": 88737.1953125,
        "volume": 102842368,
        "coin": "BTC"
    },
    {
        "datetime": "2025-02-25T23:00:00.000Z",
        "open_price": 88762.703125,
        "high_price": 89029.0390625,
        "low_price": 88623.359375,
        "close_price": 88701.9140625,
        "volume": 0,
        "coin": "BTC"
    },
    {
        "datetime": "2025-02-26T00:00:00.000Z",
        "open_price": 88491.3359375,
        "high_price": 88512.78125,
        "low_price": 88059.8046875,
        "close_price": 88059.8046875,
        "volume": 0,
        "coin": "BTC"
    }
]
[2025-02-26T20:42:49.332+0000] {python.py:194} INFO - Done. Returned value was: None
[2025-02-26T20:42:49.351+0000] {taskinstance.py:1400} INFO - Marking task as SUCCESS. dag_id=yfinance_ingestion_dag, task_id=fetch_data, execution_date=20250125T000000, start_date=20250226T204247, end_date=20250226T204249
[2025-02-26T20:42:49.418+0000] {local_task_job_runner.py:228} INFO - Task exited with return code 0
[2025-02-26T20:42:49.580+0000] {taskinstance.py:2784} INFO - 0 downstream tasks scheduled from follow-on schedule check
[2025-02-27T14:55:33.103+0000] {taskinstance.py:1157} INFO - Dependencies all met for dep_context=non-requeueable deps ti=<TaskInstance: yfinance_ingestion_dag.fetch_data scheduled__2025-01-25T00:00:00+00:00 [queued]>
[2025-02-27T14:55:33.160+0000] {taskinstance.py:1157} INFO - Dependencies all met for dep_context=requeueable deps ti=<TaskInstance: yfinance_ingestion_dag.fetch_data scheduled__2025-01-25T00:00:00+00:00 [queued]>
[2025-02-27T14:55:33.168+0000] {taskinstance.py:1359} INFO - Starting attempt 1 of 1
[2025-02-27T14:55:33.262+0000] {taskinstance.py:1380} INFO - Executing <Task(PythonOperator): fetch_data> on 2025-01-25 00:00:00+00:00
[2025-02-27T14:55:33.277+0000] {standard_task_runner.py:57} INFO - Started process 324 to run task
[2025-02-27T14:55:33.299+0000] {standard_task_runner.py:84} INFO - Running: ['***', 'tasks', 'run', 'yfinance_ingestion_dag', 'fetch_data', 'scheduled__2025-01-25T00:00:00+00:00', '--job-id', '46', '--raw', '--subdir', 'DAGS_FOLDER/pipeline.py', '--cfg-path', '/tmp/tmpfo1xy415']
[2025-02-27T14:55:33.314+0000] {standard_task_runner.py:85} INFO - Job 46: Subtask fetch_data
[2025-02-27T14:55:31.912+0000] {task_command.py:415} INFO - Running <TaskInstance: yfinance_ingestion_dag.fetch_data scheduled__2025-01-25T00:00:00+00:00 [running]> on host a71f042480b6
[2025-02-27T14:55:32.291+0000] {taskinstance.py:1660} INFO - Exporting env vars: AIRFLOW_CTX_DAG_OWNER='etudiant' AIRFLOW_CTX_DAG_ID='yfinance_ingestion_dag' AIRFLOW_CTX_TASK_ID='fetch_data' AIRFLOW_CTX_EXECUTION_DATE='2025-01-25T00:00:00+00:00' AIRFLOW_CTX_TRY_NUMBER='1' AIRFLOW_CTX_DAG_RUN_ID='scheduled__2025-01-25T00:00:00+00:00'
[2025-02-27T14:55:33.906+0000] {logging_mixin.py:151} INFO - [
    {
        "datetime": "2025-02-26T14:00:00.000Z",
        "open_price": 87072.828125,
        "high_price": 87563.078125,
        "low_price": 85422.9375,
        "close_price": 87432.484375,
        "volume": 0,
        "coin": "BTC"
    },
    {
        "datetime": "2025-02-26T15:00:00.000Z",
        "open_price": 87661.421875,
        "high_price": 88288.6484375,
        "low_price": 87374.875,
        "close_price": 87413.8359375,
        "volume": 0,
        "coin": "BTC"
    },
    {
        "datetime": "2025-02-26T16:00:00.000Z",
        "open_price": 87454.171875,
        "high_price": 87614.5078125,
        "low_price": 86253.3046875,
        "close_price": 86805.0390625,
        "volume": 0,
        "coin": "BTC"
    },
    {
        "datetime": "2025-02-26T17:00:00.000Z",
        "open_price": 86723.578125,
        "high_price": 87145.1328125,
        "low_price": 85626.4609375,
        "close_price": 85626.4609375,
        "volume": 0,
        "coin": "BTC"
    },
    {
        "datetime": "2025-02-26T18:00:00.000Z",
        "open_price": 86165.1171875,
        "high_price": 86317.1484375,
        "low_price": 83829.2109375,
        "close_price": 83982.5859375,
        "volume": 4174999552,
        "coin": "BTC"
    }
]
[2025-02-27T14:55:33.990+0000] {python.py:194} INFO - Done. Returned value was: None
[2025-02-27T14:55:34.027+0000] {taskinstance.py:1398} INFO - Marking task as SUCCESS. dag_id=yfinance_ingestion_dag, task_id=fetch_data, execution_date=20250125T000000, start_date=20250227T145533, end_date=20250227T145534
[2025-02-27T14:55:34.150+0000] {local_task_job_runner.py:228} INFO - Task exited with return code 0
[2025-02-27T14:55:34.696+0000] {taskinstance.py:2776} INFO - 0 downstream tasks scheduled from follow-on schedule check
