[2025-02-25T09:49:55.762+0000] {taskinstance.py:1159} INFO - Dependencies all met for dep_context=non-requeueable deps ti=<TaskInstance: yfinance_ingestion_dag.store_raw_data_in_hdfs scheduled__2025-01-17T00:00:00+00:00 [queued]>
[2025-02-25T09:49:55.807+0000] {taskinstance.py:1159} INFO - Dependencies all met for dep_context=requeueable deps ti=<TaskInstance: yfinance_ingestion_dag.store_raw_data_in_hdfs scheduled__2025-01-17T00:00:00+00:00 [queued]>
[2025-02-25T09:49:55.810+0000] {taskinstance.py:1361} INFO - Starting attempt 1 of 2
[2025-02-25T09:49:55.865+0000] {taskinstance.py:1382} INFO - Executing <Task(PythonOperator): store_raw_data_in_hdfs> on 2025-01-17 00:00:00+00:00
[2025-02-25T09:49:55.879+0000] {standard_task_runner.py:57} INFO - Started process 742 to run task
[2025-02-25T09:49:55.894+0000] {standard_task_runner.py:84} INFO - Running: ['***', 'tasks', 'run', 'yfinance_ingestion_dag', 'store_raw_data_in_hdfs', 'scheduled__2025-01-17T00:00:00+00:00', '--job-id', '81', '--raw', '--subdir', 'DAGS_FOLDER/test_hello.py', '--cfg-path', '/tmp/tmpu6ybgdxn']
[2025-02-25T09:49:55.903+0000] {standard_task_runner.py:85} INFO - Job 81: Subtask store_raw_data_in_hdfs
[2025-02-25T09:49:56.155+0000] {task_command.py:415} INFO - Running <TaskInstance: yfinance_ingestion_dag.store_raw_data_in_hdfs scheduled__2025-01-17T00:00:00+00:00 [running]> on host 6dbd75e48aaa
[2025-02-25T09:49:57.103+0000] {taskinstance.py:1660} INFO - Exporting env vars: AIRFLOW_CTX_DAG_OWNER='etudiant' AIRFLOW_CTX_DAG_ID='yfinance_ingestion_dag' AIRFLOW_CTX_TASK_ID='store_raw_data_in_hdfs' AIRFLOW_CTX_EXECUTION_DATE='2025-01-17T00:00:00+00:00' AIRFLOW_CTX_TRY_NUMBER='1' AIRFLOW_CTX_DAG_RUN_ID='scheduled__2025-01-17T00:00:00+00:00'
[2025-02-25T09:50:38.599+0000] {python.py:194} INFO - Done. Returned value was: None
[2025-02-25T09:50:38.646+0000] {taskinstance.py:1400} INFO - Marking task as SUCCESS. dag_id=yfinance_ingestion_dag, task_id=store_raw_data_in_hdfs, execution_date=20250117T000000, start_date=20250225T094955, end_date=20250225T095038
[2025-02-25T09:50:38.756+0000] {local_task_job_runner.py:228} INFO - Task exited with return code 0
[2025-02-25T09:50:39.071+0000] {taskinstance.py:2784} INFO - 0 downstream tasks scheduled from follow-on schedule check
[2025-02-26T20:25:23.982+0000] {taskinstance.py:1159} INFO - Dependencies all met for dep_context=non-requeueable deps ti=<TaskInstance: yfinance_ingestion_dag.store_raw_data_in_hdfs scheduled__2025-01-17T00:00:00+00:00 [queued]>
[2025-02-26T20:25:24.023+0000] {taskinstance.py:1159} INFO - Dependencies all met for dep_context=requeueable deps ti=<TaskInstance: yfinance_ingestion_dag.store_raw_data_in_hdfs scheduled__2025-01-17T00:00:00+00:00 [queued]>
[2025-02-26T20:25:24.047+0000] {taskinstance.py:1361} INFO - Starting attempt 1 of 2
[2025-02-26T20:25:24.747+0000] {taskinstance.py:1382} INFO - Executing <Task(PythonOperator): store_raw_data_in_hdfs> on 2025-01-17 00:00:00+00:00
[2025-02-26T20:25:24.829+0000] {standard_task_runner.py:57} INFO - Started process 1266 to run task
[2025-02-26T20:25:24.863+0000] {standard_task_runner.py:84} INFO - Running: ['***', 'tasks', 'run', 'yfinance_ingestion_dag', 'store_raw_data_in_hdfs', 'scheduled__2025-01-17T00:00:00+00:00', '--job-id', '139', '--raw', '--subdir', 'DAGS_FOLDER/pipeline.py', '--cfg-path', '/tmp/tmpstecaipa']
[2025-02-26T20:25:24.947+0000] {standard_task_runner.py:85} INFO - Job 139: Subtask store_raw_data_in_hdfs
[2025-02-26T20:25:25.261+0000] {task_command.py:415} INFO - Running <TaskInstance: yfinance_ingestion_dag.store_raw_data_in_hdfs scheduled__2025-01-17T00:00:00+00:00 [running]> on host c96a1011f5a3
[2025-02-26T20:25:25.711+0000] {taskinstance.py:1660} INFO - Exporting env vars: AIRFLOW_CTX_DAG_OWNER='etudiant' AIRFLOW_CTX_DAG_ID='yfinance_ingestion_dag' AIRFLOW_CTX_TASK_ID='store_raw_data_in_hdfs' AIRFLOW_CTX_EXECUTION_DATE='2025-01-17T00:00:00+00:00' AIRFLOW_CTX_TRY_NUMBER='1' AIRFLOW_CTX_DAG_RUN_ID='scheduled__2025-01-17T00:00:00+00:00'
[2025-02-26T20:26:01.973+0000] {python.py:194} INFO - Done. Returned value was: None
[2025-02-26T20:26:02.017+0000] {taskinstance.py:1400} INFO - Marking task as SUCCESS. dag_id=yfinance_ingestion_dag, task_id=store_raw_data_in_hdfs, execution_date=20250117T000000, start_date=20250226T202523, end_date=20250226T202602
[2025-02-26T20:26:02.089+0000] {local_task_job_runner.py:228} INFO - Task exited with return code 0
[2025-02-26T20:26:02.147+0000] {taskinstance.py:2784} INFO - 1 downstream tasks scheduled from follow-on schedule check
[2025-02-26T20:39:13.607+0000] {taskinstance.py:1159} INFO - Dependencies all met for dep_context=non-requeueable deps ti=<TaskInstance: yfinance_ingestion_dag.store_raw_data_in_hdfs scheduled__2025-01-17T00:00:00+00:00 [queued]>
[2025-02-26T20:39:13.632+0000] {taskinstance.py:1159} INFO - Dependencies all met for dep_context=requeueable deps ti=<TaskInstance: yfinance_ingestion_dag.store_raw_data_in_hdfs scheduled__2025-01-17T00:00:00+00:00 [queued]>
[2025-02-26T20:39:13.633+0000] {taskinstance.py:1361} INFO - Starting attempt 1 of 2
[2025-02-26T20:39:13.674+0000] {taskinstance.py:1382} INFO - Executing <Task(PythonOperator): store_raw_data_in_hdfs> on 2025-01-17 00:00:00+00:00
[2025-02-26T20:39:13.706+0000] {standard_task_runner.py:57} INFO - Started process 516 to run task
[2025-02-26T20:39:13.752+0000] {standard_task_runner.py:84} INFO - Running: ['***', 'tasks', 'run', 'yfinance_ingestion_dag', 'store_raw_data_in_hdfs', 'scheduled__2025-01-17T00:00:00+00:00', '--job-id', '235', '--raw', '--subdir', 'DAGS_FOLDER/pipeline.py', '--cfg-path', '/tmp/tmp4jg_e1wz']
[2025-02-26T20:39:13.771+0000] {standard_task_runner.py:85} INFO - Job 235: Subtask store_raw_data_in_hdfs
[2025-02-26T20:39:14.027+0000] {task_command.py:415} INFO - Running <TaskInstance: yfinance_ingestion_dag.store_raw_data_in_hdfs scheduled__2025-01-17T00:00:00+00:00 [running]> on host 3c0faf52b292
[2025-02-26T20:39:14.591+0000] {taskinstance.py:1660} INFO - Exporting env vars: AIRFLOW_CTX_DAG_OWNER='etudiant' AIRFLOW_CTX_DAG_ID='yfinance_ingestion_dag' AIRFLOW_CTX_TASK_ID='store_raw_data_in_hdfs' AIRFLOW_CTX_EXECUTION_DATE='2025-01-17T00:00:00+00:00' AIRFLOW_CTX_TRY_NUMBER='1' AIRFLOW_CTX_DAG_RUN_ID='scheduled__2025-01-17T00:00:00+00:00'
[2025-02-26T20:39:14.278+0000] {python.py:194} INFO - Done. Returned value was: None
[2025-02-26T20:39:14.317+0000] {taskinstance.py:1400} INFO - Marking task as SUCCESS. dag_id=yfinance_ingestion_dag, task_id=store_raw_data_in_hdfs, execution_date=20250117T000000, start_date=20250226T203913, end_date=20250226T203914
[2025-02-26T20:39:14.453+0000] {local_task_job_runner.py:228} INFO - Task exited with return code 0
[2025-02-26T20:39:14.760+0000] {taskinstance.py:2784} INFO - 0 downstream tasks scheduled from follow-on schedule check
[2025-02-26T20:41:40.002+0000] {taskinstance.py:1159} INFO - Dependencies all met for dep_context=non-requeueable deps ti=<TaskInstance: yfinance_ingestion_dag.store_raw_data_in_hdfs scheduled__2025-01-17T00:00:00+00:00 [queued]>
[2025-02-26T20:41:40.013+0000] {taskinstance.py:1159} INFO - Dependencies all met for dep_context=requeueable deps ti=<TaskInstance: yfinance_ingestion_dag.store_raw_data_in_hdfs scheduled__2025-01-17T00:00:00+00:00 [queued]>
[2025-02-26T20:41:40.014+0000] {taskinstance.py:1361} INFO - Starting attempt 1 of 2
[2025-02-26T20:41:40.032+0000] {taskinstance.py:1382} INFO - Executing <Task(PythonOperator): store_raw_data_in_hdfs> on 2025-01-17 00:00:00+00:00
[2025-02-26T20:41:40.041+0000] {standard_task_runner.py:57} INFO - Started process 1627 to run task
[2025-02-26T20:41:40.045+0000] {standard_task_runner.py:84} INFO - Running: ['***', 'tasks', 'run', 'yfinance_ingestion_dag', 'store_raw_data_in_hdfs', 'scheduled__2025-01-17T00:00:00+00:00', '--job-id', '312', '--raw', '--subdir', 'DAGS_FOLDER/pipeline.py', '--cfg-path', '/tmp/tmpea1xrz6x']
[2025-02-26T20:41:40.049+0000] {standard_task_runner.py:85} INFO - Job 312: Subtask store_raw_data_in_hdfs
[2025-02-26T20:41:40.109+0000] {task_command.py:415} INFO - Running <TaskInstance: yfinance_ingestion_dag.store_raw_data_in_hdfs scheduled__2025-01-17T00:00:00+00:00 [running]> on host 3c0faf52b292
[2025-02-26T20:41:40.197+0000] {taskinstance.py:1660} INFO - Exporting env vars: AIRFLOW_CTX_DAG_OWNER='etudiant' AIRFLOW_CTX_DAG_ID='yfinance_ingestion_dag' AIRFLOW_CTX_TASK_ID='store_raw_data_in_hdfs' AIRFLOW_CTX_EXECUTION_DATE='2025-01-17T00:00:00+00:00' AIRFLOW_CTX_TRY_NUMBER='1' AIRFLOW_CTX_DAG_RUN_ID='scheduled__2025-01-17T00:00:00+00:00'
[2025-02-26T20:41:45.103+0000] {python.py:194} INFO - Done. Returned value was: None
[2025-02-26T20:41:45.116+0000] {taskinstance.py:1400} INFO - Marking task as SUCCESS. dag_id=yfinance_ingestion_dag, task_id=store_raw_data_in_hdfs, execution_date=20250117T000000, start_date=20250226T204140, end_date=20250226T204145
[2025-02-26T20:41:45.141+0000] {local_task_job_runner.py:228} INFO - Task exited with return code 0
[2025-02-26T20:41:45.168+0000] {taskinstance.py:2784} INFO - 1 downstream tasks scheduled from follow-on schedule check
[2025-02-27T14:55:36.354+0000] {taskinstance.py:1157} INFO - Dependencies all met for dep_context=non-requeueable deps ti=<TaskInstance: yfinance_ingestion_dag.store_raw_data_in_hdfs scheduled__2025-01-17T00:00:00+00:00 [queued]>
[2025-02-27T14:55:36.412+0000] {taskinstance.py:1157} INFO - Dependencies all met for dep_context=requeueable deps ti=<TaskInstance: yfinance_ingestion_dag.store_raw_data_in_hdfs scheduled__2025-01-17T00:00:00+00:00 [queued]>
[2025-02-27T14:55:36.414+0000] {taskinstance.py:1359} INFO - Starting attempt 1 of 1
[2025-02-27T14:55:36.579+0000] {taskinstance.py:1380} INFO - Executing <Task(PythonOperator): store_raw_data_in_hdfs> on 2025-01-17 00:00:00+00:00
[2025-02-27T14:55:36.596+0000] {standard_task_runner.py:57} INFO - Started process 347 to run task
[2025-02-27T14:55:36.605+0000] {standard_task_runner.py:84} INFO - Running: ['***', 'tasks', 'run', 'yfinance_ingestion_dag', 'store_raw_data_in_hdfs', 'scheduled__2025-01-17T00:00:00+00:00', '--job-id', '53', '--raw', '--subdir', 'DAGS_FOLDER/pipeline.py', '--cfg-path', '/tmp/tmpoujbzy3u']
[2025-02-27T14:55:36.615+0000] {standard_task_runner.py:85} INFO - Job 53: Subtask store_raw_data_in_hdfs
[2025-02-27T14:55:36.822+0000] {task_command.py:415} INFO - Running <TaskInstance: yfinance_ingestion_dag.store_raw_data_in_hdfs scheduled__2025-01-17T00:00:00+00:00 [running]> on host a71f042480b6
[2025-02-27T14:55:37.211+0000] {taskinstance.py:1660} INFO - Exporting env vars: AIRFLOW_CTX_DAG_OWNER='etudiant' AIRFLOW_CTX_DAG_ID='yfinance_ingestion_dag' AIRFLOW_CTX_TASK_ID='store_raw_data_in_hdfs' AIRFLOW_CTX_EXECUTION_DATE='2025-01-17T00:00:00+00:00' AIRFLOW_CTX_TRY_NUMBER='1' AIRFLOW_CTX_DAG_RUN_ID='scheduled__2025-01-17T00:00:00+00:00'
[2025-02-27T14:55:37.246+0000] {taskinstance.py:1935} ERROR - Task failed with exception
Traceback (most recent call last):
  File "/home/airflow/.local/lib/python3.8/site-packages/airflow/operators/python.py", line 192, in execute
    return_value = self.execute_callable()
  File "/home/airflow/.local/lib/python3.8/site-packages/airflow/operators/python.py", line 209, in execute_callable
    return self.python_callable(*self.op_args, **self.op_kwargs)
  File "/opt/airflow/dags/pipeline.py", line 82, in store_raw_data_in_hdfs
    with open(local_file, 'w') as f:
PermissionError: [Errno 13] Permission denied: '/mnt/hadoop_data/yfinance_raw.json'
[2025-02-27T14:55:37.270+0000] {taskinstance.py:1398} INFO - Marking task as FAILED. dag_id=yfinance_ingestion_dag, task_id=store_raw_data_in_hdfs, execution_date=20250117T000000, start_date=20250227T145536, end_date=20250227T145537
[2025-02-27T14:55:37.316+0000] {standard_task_runner.py:104} ERROR - Failed to execute job 53 for task store_raw_data_in_hdfs ([Errno 13] Permission denied: '/mnt/hadoop_data/yfinance_raw.json'; 347)
[2025-02-27T14:55:37.384+0000] {local_task_job_runner.py:228} INFO - Task exited with return code 1
[2025-02-27T14:55:37.492+0000] {taskinstance.py:2776} INFO - 0 downstream tasks scheduled from follow-on schedule check
