[2025-02-26T17:31:51.170+0000] {taskinstance.py:1159} INFO - Dependencies all met for dep_context=non-requeueable deps ti=<TaskInstance: coingecko_ingestion_dag.store_raw_data_in_hdfs manual__2025-02-26T17:31:45.349468+00:00 [queued]>
[2025-02-26T17:31:51.183+0000] {taskinstance.py:1159} INFO - Dependencies all met for dep_context=requeueable deps ti=<TaskInstance: coingecko_ingestion_dag.store_raw_data_in_hdfs manual__2025-02-26T17:31:45.349468+00:00 [queued]>
[2025-02-26T17:31:51.184+0000] {taskinstance.py:1361} INFO - Starting attempt 1 of 2
[2025-02-26T17:31:51.206+0000] {taskinstance.py:1382} INFO - Executing <Task(PythonOperator): store_raw_data_in_hdfs> on 2025-02-26 17:31:45.349468+00:00
[2025-02-26T17:31:51.216+0000] {standard_task_runner.py:57} INFO - Started process 636 to run task
[2025-02-26T17:31:51.220+0000] {standard_task_runner.py:84} INFO - Running: ['***', 'tasks', 'run', 'coingecko_ingestion_dag', 'store_raw_data_in_hdfs', 'manual__2025-02-26T17:31:45.349468+00:00', '--job-id', '222', '--raw', '--subdir', 'DAGS_FOLDER/pipeline.py', '--cfg-path', '/tmp/tmpxo2g4jm3']
[2025-02-26T17:31:51.224+0000] {standard_task_runner.py:85} INFO - Job 222: Subtask store_raw_data_in_hdfs
[2025-02-26T17:31:51.282+0000] {task_command.py:415} INFO - Running <TaskInstance: coingecko_ingestion_dag.store_raw_data_in_hdfs manual__2025-02-26T17:31:45.349468+00:00 [running]> on host 677d7c975553
[2025-02-26T17:31:51.389+0000] {taskinstance.py:1660} INFO - Exporting env vars: AIRFLOW_CTX_DAG_OWNER='etudiant' AIRFLOW_CTX_DAG_ID='coingecko_ingestion_dag' AIRFLOW_CTX_TASK_ID='store_raw_data_in_hdfs' AIRFLOW_CTX_EXECUTION_DATE='2025-02-26T17:31:45.349468+00:00' AIRFLOW_CTX_TRY_NUMBER='1' AIRFLOW_CTX_DAG_RUN_ID='manual__2025-02-26T17:31:45.349468+00:00'
[2025-02-26T17:31:51.404+0000] {taskinstance.py:1943} ERROR - Task failed with exception
Traceback (most recent call last):
  File "/home/airflow/.local/lib/python3.8/site-packages/airflow/operators/python.py", line 192, in execute
    return_value = self.execute_callable()
  File "/home/airflow/.local/lib/python3.8/site-packages/airflow/operators/python.py", line 209, in execute_callable
    return self.python_callable(*self.op_args, **self.op_kwargs)
  File "/opt/airflow/dags/pipeline.py", line 85, in store_raw_data_in_hdfs
    json_data = json.dump(json.loads(data), f, indent=4)
UnboundLocalError: local variable 'f' referenced before assignment
[2025-02-26T17:31:51.418+0000] {taskinstance.py:1400} INFO - Marking task as UP_FOR_RETRY. dag_id=coingecko_ingestion_dag, task_id=store_raw_data_in_hdfs, execution_date=20250226T173145, start_date=20250226T173151, end_date=20250226T173151
[2025-02-26T17:31:51.435+0000] {standard_task_runner.py:104} ERROR - Failed to execute job 222 for task store_raw_data_in_hdfs (local variable 'f' referenced before assignment; 636)
[2025-02-26T17:31:51.476+0000] {local_task_job_runner.py:228} INFO - Task exited with return code 1
[2025-02-26T17:31:51.495+0000] {taskinstance.py:2784} INFO - 0 downstream tasks scheduled from follow-on schedule check
