[2025-02-26T20:37:25.879+0000] {taskinstance.py:1159} INFO - Dependencies all met for dep_context=non-requeueable deps ti=<TaskInstance: yfinance_ingestion_dag.run_mapreduce manual__2025-02-26T20:30:08.226770+00:00 [queued]>
[2025-02-26T20:37:25.938+0000] {taskinstance.py:1159} INFO - Dependencies all met for dep_context=requeueable deps ti=<TaskInstance: yfinance_ingestion_dag.run_mapreduce manual__2025-02-26T20:30:08.226770+00:00 [queued]>
[2025-02-26T20:37:25.940+0000] {taskinstance.py:1361} INFO - Starting attempt 2 of 2
[2025-02-26T20:37:26.008+0000] {taskinstance.py:1382} INFO - Executing <Task(BashOperator): run_mapreduce> on 2025-02-26 20:30:08.226770+00:00
[2025-02-26T20:37:26.024+0000] {standard_task_runner.py:57} INFO - Started process 240 to run task
[2025-02-26T20:37:26.036+0000] {standard_task_runner.py:84} INFO - Running: ['***', 'tasks', 'run', 'yfinance_ingestion_dag', 'run_mapreduce', 'manual__2025-02-26T20:30:08.226770+00:00', '--job-id', '213', '--raw', '--subdir', 'DAGS_FOLDER/pipeline.py', '--cfg-path', '/tmp/tmphba7thli']
[2025-02-26T20:37:26.053+0000] {standard_task_runner.py:85} INFO - Job 213: Subtask run_mapreduce
[2025-02-26T20:37:26.322+0000] {task_command.py:415} INFO - Running <TaskInstance: yfinance_ingestion_dag.run_mapreduce manual__2025-02-26T20:30:08.226770+00:00 [running]> on host 3c0faf52b292
[2025-02-26T20:37:26.684+0000] {taskinstance.py:1660} INFO - Exporting env vars: AIRFLOW_CTX_DAG_OWNER='etudiant' AIRFLOW_CTX_DAG_ID='yfinance_ingestion_dag' AIRFLOW_CTX_TASK_ID='run_mapreduce' AIRFLOW_CTX_EXECUTION_DATE='2025-02-26T20:30:08.226770+00:00' AIRFLOW_CTX_TRY_NUMBER='2' AIRFLOW_CTX_DAG_RUN_ID='manual__2025-02-26T20:30:08.226770+00:00'
[2025-02-26T20:37:26.690+0000] {subprocess.py:63} INFO - Tmp dir root location: /tmp
[2025-02-26T20:37:26.698+0000] {subprocess.py:75} INFO - Running command: ['/bin/bash', '-c', '\n        docker exec -i -u root namenode bash -c \'         cd /tmp &&         cp /mnt/hadoop_data/mapreduce/mapper.py . &&         cp /mnt/hadoop_data/mapreduce/reducer.py . &&         chmod +x mapper.py reducer.py &&         hdfs dfs -rm -r hdfs:///user/etudiant/crypto/processed/YYYY=2025/MM=02/DD=26 || true &&         hadoop jar /opt/hadoop-3.2.1/share/hadoop/tools/lib/hadoop-streaming-3.2.1.jar         -files mapper.py,reducer.py         -mapper "python mapper.py"         -reducer "python reducer.py"         -input hdfs:///user/etudiant/crypto/raw/YYYY=2025/MM=02/DD=26/yfinance_raw.json         -output hdfs:///user/etudiant/crypto/processed/YYYY=2025/MM=02/DD=26\'\n        ']
[2025-02-26T20:37:26.789+0000] {subprocess.py:86} INFO - Output:
[2025-02-26T20:37:45.138+0000] {subprocess.py:93} INFO - Deleted hdfs:///user/etudiant/crypto/processed/YYYY=2025/MM=02/DD=26
[2025-02-26T20:38:01.854+0000] {subprocess.py:93} INFO - 2025-02-26 20:38:01,839 INFO impl.MetricsConfig: Loaded properties from hadoop-metrics2.properties
[2025-02-26T20:38:02.728+0000] {subprocess.py:93} INFO - 2025-02-26 20:38:02,723 INFO impl.MetricsSystemImpl: Scheduled Metric snapshot period at 10 second(s).
[2025-02-26T20:38:02.730+0000] {subprocess.py:93} INFO - 2025-02-26 20:38:02,724 INFO impl.MetricsSystemImpl: JobTracker metrics system started
[2025-02-26T20:38:02.147+0000] {subprocess.py:93} INFO - 2025-02-26 20:38:02,144 WARN impl.MetricsSystemImpl: JobTracker metrics system already initialized!
[2025-02-26T20:38:09.937+0000] {subprocess.py:93} INFO - 2025-02-26 20:38:09,935 INFO mapred.FileInputFormat: Total input files to process : 1
[2025-02-26T20:38:12.824+0000] {subprocess.py:93} INFO - 2025-02-26 20:38:12,817 INFO mapreduce.JobSubmitter: number of splits:1
[2025-02-26T20:38:17.451+0000] {subprocess.py:93} INFO - 2025-02-26 20:38:17,432 INFO mapreduce.JobSubmitter: Submitting tokens for job: job_local392677636_0001
[2025-02-26T20:38:17.453+0000] {subprocess.py:93} INFO - 2025-02-26 20:38:17,432 INFO mapreduce.JobSubmitter: Executing with tokens: []
[2025-02-26T20:38:25.005+0000] {subprocess.py:93} INFO - 2025-02-26 20:38:24,973 INFO mapred.LocalDistributedCacheManager: Localized file:/tmp/mapper.py as file:/tmp/hadoop-root/mapred/local/job_local392677636_0001_dd73ff9f-8a45-4a87-9007-a1a40ca97a4d/mapper.py
[2025-02-26T20:38:25.406+0000] {subprocess.py:93} INFO - 2025-02-26 20:38:25,394 INFO mapred.LocalDistributedCacheManager: Localized file:/tmp/reducer.py as file:/tmp/hadoop-root/mapred/local/job_local392677636_0001_ffe2f176-095e-4d40-bb31-1fd545dd9f2f/reducer.py
[2025-02-26T20:38:27.935+0000] {subprocess.py:93} INFO - 2025-02-26 20:38:27,931 INFO mapreduce.Job: The url to track the job: http://localhost:8080/
[2025-02-26T20:38:27.962+0000] {subprocess.py:93} INFO - 2025-02-26 20:38:27,958 INFO mapreduce.Job: Running job: job_local392677636_0001
[2025-02-26T20:38:28.048+0000] {subprocess.py:93} INFO - 2025-02-26 20:38:28,026 INFO mapred.LocalJobRunner: OutputCommitter set in config null
[2025-02-26T20:38:28.128+0000] {subprocess.py:93} INFO - 2025-02-26 20:38:28,122 INFO mapred.LocalJobRunner: OutputCommitter is org.apache.hadoop.mapred.FileOutputCommitter
[2025-02-26T20:38:28.204+0000] {subprocess.py:93} INFO - 2025-02-26 20:38:28,202 INFO output.FileOutputCommitter: File Output Committer Algorithm version is 2
[2025-02-26T20:38:28.206+0000] {subprocess.py:93} INFO - 2025-02-26 20:38:28,203 INFO output.FileOutputCommitter: FileOutputCommitter skip cleanup _temporary folders under output directory:false, ignore cleanup failures: false
[2025-02-26T20:38:29.159+0000] {subprocess.py:93} INFO - 2025-02-26 20:38:29,138 INFO mapreduce.Job: Job job_local392677636_0001 running in uber mode : false
[2025-02-26T20:38:29.161+0000] {subprocess.py:93} INFO - 2025-02-26 20:38:29,157 INFO mapreduce.Job:  map 0% reduce 0%
[2025-02-26T20:38:29.336+0000] {subprocess.py:93} INFO - 2025-02-26 20:38:29,331 INFO mapred.LocalJobRunner: Waiting for map tasks
[2025-02-26T20:38:29.417+0000] {subprocess.py:93} INFO - 2025-02-26 20:38:29,411 INFO mapred.LocalJobRunner: Starting task: attempt_local392677636_0001_m_000000_0
[2025-02-26T20:38:45.512+0000] {job.py:219} ERROR - Job heartbeat got an exception
Traceback (most recent call last):
  File "/home/airflow/.local/lib/python3.8/site-packages/sqlalchemy/engine/base.py", line 3371, in _wrap_pool_connect
    return fn()
  File "/home/airflow/.local/lib/python3.8/site-packages/sqlalchemy/pool/base.py", line 327, in connect
    return _ConnectionFairy._checkout(self)
  File "/home/airflow/.local/lib/python3.8/site-packages/sqlalchemy/pool/base.py", line 894, in _checkout
    fairy = _ConnectionRecord.checkout(pool)
  File "/home/airflow/.local/lib/python3.8/site-packages/sqlalchemy/pool/base.py", line 493, in checkout
    rec = pool._do_get()
  File "/home/airflow/.local/lib/python3.8/site-packages/sqlalchemy/pool/impl.py", line 256, in _do_get
    return self._create_connection()
  File "/home/airflow/.local/lib/python3.8/site-packages/sqlalchemy/pool/base.py", line 273, in _create_connection
    return _ConnectionRecord(self)
  File "/home/airflow/.local/lib/python3.8/site-packages/sqlalchemy/pool/base.py", line 388, in __init__
    self.__connect()
  File "/home/airflow/.local/lib/python3.8/site-packages/sqlalchemy/pool/base.py", line 691, in __connect
    pool.logger.debug("Error on connect(): %s", e)
  File "/home/airflow/.local/lib/python3.8/site-packages/sqlalchemy/util/langhelpers.py", line 70, in __exit__
    compat.raise_(
  File "/home/airflow/.local/lib/python3.8/site-packages/sqlalchemy/util/compat.py", line 211, in raise_
    raise exception
  File "/home/airflow/.local/lib/python3.8/site-packages/sqlalchemy/pool/base.py", line 686, in __connect
    self.dbapi_connection = connection = pool._invoke_creator(self)
  File "/home/airflow/.local/lib/python3.8/site-packages/sqlalchemy/engine/create.py", line 574, in connect
    return dialect.connect(*cargs, **cparams)
  File "/home/airflow/.local/lib/python3.8/site-packages/sqlalchemy/engine/default.py", line 598, in connect
    return self.dbapi.connect(*cargs, **cparams)
  File "/home/airflow/.local/lib/python3.8/site-packages/psycopg2/__init__.py", line 122, in connect
    conn = _connect(dsn, connection_factory=connection_factory, **kwasync)
psycopg2.OperationalError: could not translate host name "postgres" to address: Temporary failure in name resolution


The above exception was the direct cause of the following exception:

Traceback (most recent call last):
  File "/home/airflow/.local/lib/python3.8/site-packages/airflow/jobs/job.py", line 190, in heartbeat
    session.merge(self)
  File "/home/airflow/.local/lib/python3.8/site-packages/sqlalchemy/orm/session.py", line 3056, in merge
    return self._merge(
  File "/home/airflow/.local/lib/python3.8/site-packages/sqlalchemy/orm/session.py", line 3136, in _merge
    merged = self.get(
  File "/home/airflow/.local/lib/python3.8/site-packages/sqlalchemy/orm/session.py", line 2853, in get
    return self._get_impl(
  File "/home/airflow/.local/lib/python3.8/site-packages/sqlalchemy/orm/session.py", line 2975, in _get_impl
    return db_load_fn(
  File "/home/airflow/.local/lib/python3.8/site-packages/sqlalchemy/orm/loading.py", line 530, in load_on_pk_identity
    session.execute(
  File "/home/airflow/.local/lib/python3.8/site-packages/sqlalchemy/orm/session.py", line 1716, in execute
    conn = self._connection_for_bind(bind)
  File "/home/airflow/.local/lib/python3.8/site-packages/sqlalchemy/orm/session.py", line 1555, in _connection_for_bind
    return self._transaction._connection_for_bind(
  File "/home/airflow/.local/lib/python3.8/site-packages/sqlalchemy/orm/session.py", line 750, in _connection_for_bind
    conn = bind.connect()
  File "/home/airflow/.local/lib/python3.8/site-packages/sqlalchemy/future/engine.py", line 406, in connect
    return super(Engine, self).connect()
  File "/home/airflow/.local/lib/python3.8/site-packages/sqlalchemy/engine/base.py", line 3325, in connect
    return self._connection_cls(self, close_with_result=close_with_result)
  File "/home/airflow/.local/lib/python3.8/site-packages/sqlalchemy/engine/base.py", line 96, in __init__
    else engine.raw_connection()
  File "/home/airflow/.local/lib/python3.8/site-packages/sqlalchemy/engine/base.py", line 3404, in raw_connection
    return self._wrap_pool_connect(self.pool.connect, _connection)
  File "/home/airflow/.local/lib/python3.8/site-packages/sqlalchemy/engine/base.py", line 3374, in _wrap_pool_connect
    Connection._handle_dbapi_exception_noconnection(
  File "/home/airflow/.local/lib/python3.8/site-packages/sqlalchemy/engine/base.py", line 2208, in _handle_dbapi_exception_noconnection
    util.raise_(
  File "/home/airflow/.local/lib/python3.8/site-packages/sqlalchemy/util/compat.py", line 211, in raise_
    raise exception
  File "/home/airflow/.local/lib/python3.8/site-packages/sqlalchemy/engine/base.py", line 3371, in _wrap_pool_connect
    return fn()
  File "/home/airflow/.local/lib/python3.8/site-packages/sqlalchemy/pool/base.py", line 327, in connect
    return _ConnectionFairy._checkout(self)
  File "/home/airflow/.local/lib/python3.8/site-packages/sqlalchemy/pool/base.py", line 894, in _checkout
    fairy = _ConnectionRecord.checkout(pool)
  File "/home/airflow/.local/lib/python3.8/site-packages/sqlalchemy/pool/base.py", line 493, in checkout
    rec = pool._do_get()
  File "/home/airflow/.local/lib/python3.8/site-packages/sqlalchemy/pool/impl.py", line 256, in _do_get
    return self._create_connection()
  File "/home/airflow/.local/lib/python3.8/site-packages/sqlalchemy/pool/base.py", line 273, in _create_connection
    return _ConnectionRecord(self)
  File "/home/airflow/.local/lib/python3.8/site-packages/sqlalchemy/pool/base.py", line 388, in __init__
    self.__connect()
  File "/home/airflow/.local/lib/python3.8/site-packages/sqlalchemy/pool/base.py", line 691, in __connect
    pool.logger.debug("Error on connect(): %s", e)
  File "/home/airflow/.local/lib/python3.8/site-packages/sqlalchemy/util/langhelpers.py", line 70, in __exit__
    compat.raise_(
  File "/home/airflow/.local/lib/python3.8/site-packages/sqlalchemy/util/compat.py", line 211, in raise_
    raise exception
  File "/home/airflow/.local/lib/python3.8/site-packages/sqlalchemy/pool/base.py", line 686, in __connect
    self.dbapi_connection = connection = pool._invoke_creator(self)
  File "/home/airflow/.local/lib/python3.8/site-packages/sqlalchemy/engine/create.py", line 574, in connect
    return dialect.connect(*cargs, **cparams)
  File "/home/airflow/.local/lib/python3.8/site-packages/sqlalchemy/engine/default.py", line 598, in connect
    return self.dbapi.connect(*cargs, **cparams)
  File "/home/airflow/.local/lib/python3.8/site-packages/psycopg2/__init__.py", line 122, in connect
    conn = _connect(dsn, connection_factory=connection_factory, **kwasync)
sqlalchemy.exc.OperationalError: (psycopg2.OperationalError) could not translate host name "postgres" to address: Temporary failure in name resolution

(Background on this error at: https://sqlalche.me/e/14/e3q8)
[2025-02-26T20:38:45.185+0000] {subprocess.py:93} INFO - 2025-02-26 20:38:30,441 INFO output.FileOutputCommitter: File Output Committer Algorithm version is 2
[2025-02-26T20:38:45.189+0000] {subprocess.py:93} INFO - 2025-02-26 20:38:30,446 INFO output.FileOutputCommitter: FileOutputCommitter skip cleanup _temporary folders under output directory:false, ignore cleanup failures: false
[2025-02-26T20:38:45.319+0000] {subprocess.py:97} INFO - Command exited with return code 137
[2025-02-26T20:38:45.476+0000] {taskinstance.py:1943} ERROR - Task failed with exception
Traceback (most recent call last):
  File "/home/airflow/.local/lib/python3.8/site-packages/airflow/operators/bash.py", line 210, in execute
    raise AirflowException(
airflow.exceptions.AirflowException: Bash command failed. The command returned a non-zero exit code 137.
[2025-02-26T20:38:45.503+0000] {taskinstance.py:1400} INFO - Marking task as FAILED. dag_id=yfinance_ingestion_dag, task_id=run_mapreduce, execution_date=20250226T203008, start_date=20250226T203725, end_date=20250226T203845
[2025-02-26T20:38:45.665+0000] {standard_task_runner.py:104} ERROR - Failed to execute job 213 for task run_mapreduce (Bash command failed. The command returned a non-zero exit code 137.; 240)
[2025-02-26T20:38:45.788+0000] {local_task_job_runner.py:228} INFO - Task exited with return code 1
[2025-02-26T20:38:45.940+0000] {taskinstance.py:2784} INFO - 0 downstream tasks scheduled from follow-on schedule check
