[2025-02-26T19:30:22.133+0000] {taskinstance.py:1159} INFO - Dependencies all met for dep_context=non-requeueable deps ti=<TaskInstance: yfinance_ingestion_and_process_dag.run_mapreduce scheduled__2025-01-24T00:00:00+00:00 [queued]>
[2025-02-26T19:30:22.255+0000] {taskinstance.py:1159} INFO - Dependencies all met for dep_context=requeueable deps ti=<TaskInstance: yfinance_ingestion_and_process_dag.run_mapreduce scheduled__2025-01-24T00:00:00+00:00 [queued]>
[2025-02-26T19:30:22.271+0000] {taskinstance.py:1361} INFO - Starting attempt 1 of 2
[2025-02-26T19:30:22.370+0000] {taskinstance.py:1382} INFO - Executing <Task(BashOperator): run_mapreduce> on 2025-01-24 00:00:00+00:00
[2025-02-26T19:30:22.433+0000] {standard_task_runner.py:57} INFO - Started process 666 to run task
[2025-02-26T19:30:22.476+0000] {standard_task_runner.py:84} INFO - Running: ['***', 'tasks', 'run', 'yfinance_ingestion_and_process_dag', 'run_mapreduce', 'scheduled__2025-01-24T00:00:00+00:00', '--job-id', '336', '--raw', '--subdir', 'DAGS_FOLDER/pipeline.py', '--cfg-path', '/tmp/tmpl8av33n8']
[2025-02-26T19:30:22.565+0000] {standard_task_runner.py:85} INFO - Job 336: Subtask run_mapreduce
[2025-02-26T19:30:23.110+0000] {task_command.py:415} INFO - Running <TaskInstance: yfinance_ingestion_and_process_dag.run_mapreduce scheduled__2025-01-24T00:00:00+00:00 [running]> on host fc9f30cfdaf1
[2025-02-26T19:30:25.223+0000] {taskinstance.py:1660} INFO - Exporting env vars: AIRFLOW_CTX_DAG_OWNER='etudiant' AIRFLOW_CTX_DAG_ID='yfinance_ingestion_and_process_dag' AIRFLOW_CTX_TASK_ID='run_mapreduce' AIRFLOW_CTX_EXECUTION_DATE='2025-01-24T00:00:00+00:00' AIRFLOW_CTX_TRY_NUMBER='1' AIRFLOW_CTX_DAG_RUN_ID='scheduled__2025-01-24T00:00:00+00:00'
[2025-02-26T19:30:25.244+0000] {subprocess.py:63} INFO - Tmp dir root location: /tmp
[2025-02-26T19:30:25.259+0000] {subprocess.py:75} INFO - Running command: ['/bin/bash', '-c', '\n        docker exec -i -u root namenode bash -c \'         cd /tmp &&         cp /mnt/hadoop_data/mapreduce/mapper.py . &&         cp /mnt/hadoop_data/mapreduce/reducer.py . &&         chmod +x mapper.py reducer.py &&         hdfs dfs -rm -r hdfs:///user/etudiant/crypto/processed/YYYY=2025/MM=01/DD=24 || true &&         hadoop jar /opt/hadoop-3.2.1/share/hadoop/tools/lib/hadoop-streaming-3.2.1.jar         -files mapper.py,reducer.py         -mapper "python mapper.py"         -reducer "python reducer.py"         -input hdfs:///user/etudiant/crypto/raw/YYYY=2025/MM=01/DD=24/yfinance_raw.json         -output hdfs:///user/etudiant/crypto/processed/YYYY=2025/MM=01/DD=24\'\n        ']
[2025-02-26T19:30:25.322+0000] {subprocess.py:86} INFO - Output:
[2025-02-26T19:30:44.898+0000] {subprocess.py:93} INFO - rm: `hdfs:///user/etudiant/crypto/processed/YYYY=2025/MM=01/DD=24': No such file or directory
[2025-02-26T19:31:07.458+0000] {subprocess.py:93} INFO - 2025-02-26 19:31:07,456 INFO impl.MetricsConfig: Loaded properties from hadoop-metrics2.properties
[2025-02-26T19:31:08.422+0000] {subprocess.py:93} INFO - 2025-02-26 19:31:08,368 INFO impl.MetricsSystemImpl: Scheduled Metric snapshot period at 10 second(s).
[2025-02-26T19:31:08.425+0000] {subprocess.py:93} INFO - 2025-02-26 19:31:08,369 INFO impl.MetricsSystemImpl: JobTracker metrics system started
[2025-02-26T19:31:08.479+0000] {subprocess.py:93} INFO - 2025-02-26 19:31:08,469 WARN impl.MetricsSystemImpl: JobTracker metrics system already initialized!
[2025-02-26T19:31:11.101+0000] {subprocess.py:93} INFO - 2025-02-26 19:31:11,095 INFO mapred.FileInputFormat: Total input files to process : 1
[2025-02-26T19:31:12.216+0000] {subprocess.py:93} INFO - 2025-02-26 19:31:12,113 INFO mapreduce.JobSubmitter: number of splits:1
[2025-02-26T19:31:14.666+0000] {subprocess.py:93} INFO - 2025-02-26 19:31:14,662 INFO mapreduce.JobSubmitter: Submitting tokens for job: job_local1933523311_0001
[2025-02-26T19:31:14.667+0000] {subprocess.py:93} INFO - 2025-02-26 19:31:14,666 INFO mapreduce.JobSubmitter: Executing with tokens: []
[2025-02-26T19:31:17.908+0000] {subprocess.py:93} INFO - 2025-02-26 19:31:17,886 INFO mapred.LocalDistributedCacheManager: Localized file:/tmp/mapper.py as file:/tmp/hadoop-root/mapred/local/job_local1933523311_0001_797f7cea-34eb-41d2-afbd-16ea255fd163/mapper.py
[2025-02-26T19:31:18.259+0000] {subprocess.py:93} INFO - 2025-02-26 19:31:18,256 INFO mapred.LocalDistributedCacheManager: Localized file:/tmp/reducer.py as file:/tmp/hadoop-root/mapred/local/job_local1933523311_0001_ae535dd8-25b5-4f4d-8d42-86e47e3de7d1/reducer.py
[2025-02-26T19:31:19.013+0000] {subprocess.py:93} INFO - 2025-02-26 19:31:18,976 INFO mapreduce.Job: The url to track the job: http://localhost:8080/
[2025-02-26T19:31:19.061+0000] {subprocess.py:93} INFO - 2025-02-26 19:31:18,980 INFO mapreduce.Job: Running job: job_local1933523311_0001
[2025-02-26T19:31:19.146+0000] {subprocess.py:93} INFO - 2025-02-26 19:31:19,076 INFO mapred.LocalJobRunner: OutputCommitter set in config null
[2025-02-26T19:31:19.162+0000] {subprocess.py:93} INFO - 2025-02-26 19:31:19,095 INFO mapred.LocalJobRunner: OutputCommitter is org.apache.hadoop.mapred.FileOutputCommitter
[2025-02-26T19:31:19.213+0000] {subprocess.py:93} INFO - 2025-02-26 19:31:19,179 INFO output.FileOutputCommitter: File Output Committer Algorithm version is 2
[2025-02-26T19:31:19.230+0000] {subprocess.py:93} INFO - 2025-02-26 19:31:19,180 INFO output.FileOutputCommitter: FileOutputCommitter skip cleanup _temporary folders under output directory:false, ignore cleanup failures: false
[2025-02-26T19:31:20.115+0000] {subprocess.py:93} INFO - 2025-02-26 19:31:20,095 INFO mapreduce.Job: Job job_local1933523311_0001 running in uber mode : false
[2025-02-26T19:31:20.128+0000] {subprocess.py:93} INFO - 2025-02-26 19:31:20,097 INFO mapreduce.Job:  map 0% reduce 0%
[2025-02-26T19:31:21.040+0000] {subprocess.py:93} INFO - 2025-02-26 19:31:21,035 INFO mapred.LocalJobRunner: Waiting for map tasks
[2025-02-26T19:31:21.124+0000] {subprocess.py:93} INFO - 2025-02-26 19:31:21,117 INFO mapred.LocalJobRunner: Starting task: attempt_local1933523311_0001_m_000000_0
[2025-02-26T19:31:22.083+0000] {subprocess.py:93} INFO - 2025-02-26 19:31:22,032 INFO output.FileOutputCommitter: File Output Committer Algorithm version is 2
[2025-02-26T19:31:22.097+0000] {subprocess.py:93} INFO - 2025-02-26 19:31:22,079 INFO output.FileOutputCommitter: FileOutputCommitter skip cleanup _temporary folders under output directory:false, ignore cleanup failures: false
[2025-02-26T19:31:22.505+0000] {subprocess.py:93} INFO - 2025-02-26 19:31:22,486 INFO mapred.Task:  Using ResourceCalculatorProcessTree : [ ]
[2025-02-26T19:31:22.611+0000] {subprocess.py:93} INFO - 2025-02-26 19:31:22,593 INFO mapred.MapTask: Processing split: hdfs://namenode:9000/user/etudiant/crypto/raw/YYYY=2025/MM=01/DD=24/yfinance_raw.json:0+23882
[2025-02-26T19:31:23.012+0000] {subprocess.py:93} INFO - 2025-02-26 19:31:22,986 INFO mapred.MapTask: numReduceTasks: 1
[2025-02-26T19:31:25.984+0000] {subprocess.py:93} INFO - 2025-02-26 19:31:25,981 INFO mapred.MapTask: (EQUATOR) 0 kvi 26214396(104857584)
[2025-02-26T19:31:25.988+0000] {subprocess.py:93} INFO - 2025-02-26 19:31:25,982 INFO mapred.MapTask: mapreduce.task.io.sort.mb: 100
[2025-02-26T19:31:25.994+0000] {subprocess.py:93} INFO - 2025-02-26 19:31:25,982 INFO mapred.MapTask: soft limit at 83886080
[2025-02-26T19:31:25.995+0000] {subprocess.py:93} INFO - 2025-02-26 19:31:25,982 INFO mapred.MapTask: bufstart = 0; bufvoid = 104857600
[2025-02-26T19:31:25.996+0000] {subprocess.py:93} INFO - 2025-02-26 19:31:25,982 INFO mapred.MapTask: kvstart = 26214396; length = 6553600
[2025-02-26T19:31:26.004+0000] {subprocess.py:93} INFO - 2025-02-26 19:31:25,997 INFO mapred.MapTask: Map output collector class = org.apache.hadoop.mapred.MapTask$MapOutputBuffer
[2025-02-26T19:31:26.148+0000] {subprocess.py:93} INFO - 2025-02-26 19:31:26,146 INFO streaming.PipeMapRed: PipeMapRed exec [/usr/bin/python, mapper.py]
[2025-02-26T19:31:26.223+0000] {subprocess.py:93} INFO - 2025-02-26 19:31:26,219 INFO Configuration.deprecation: mapred.work.output.dir is deprecated. Instead, use mapreduce.task.output.dir
[2025-02-26T19:31:26.227+0000] {subprocess.py:93} INFO - 2025-02-26 19:31:26,220 INFO Configuration.deprecation: map.input.start is deprecated. Instead, use mapreduce.map.input.start
[2025-02-26T19:31:26.230+0000] {subprocess.py:93} INFO - 2025-02-26 19:31:26,220 INFO Configuration.deprecation: mapred.task.is.map is deprecated. Instead, use mapreduce.task.ismap
[2025-02-26T19:31:26.238+0000] {subprocess.py:93} INFO - 2025-02-26 19:31:26,220 INFO Configuration.deprecation: mapred.task.id is deprecated. Instead, use mapreduce.task.attempt.id
[2025-02-26T19:31:26.259+0000] {subprocess.py:93} INFO - 2025-02-26 19:31:26,257 INFO Configuration.deprecation: mapred.tip.id is deprecated. Instead, use mapreduce.task.id
[2025-02-26T19:31:26.261+0000] {subprocess.py:93} INFO - 2025-02-26 19:31:26,260 INFO Configuration.deprecation: mapred.local.dir is deprecated. Instead, use mapreduce.cluster.local.dir
[2025-02-26T19:31:26.292+0000] {subprocess.py:93} INFO - 2025-02-26 19:31:26,263 INFO Configuration.deprecation: map.input.file is deprecated. Instead, use mapreduce.map.input.file
[2025-02-26T19:31:26.298+0000] {subprocess.py:93} INFO - 2025-02-26 19:31:26,263 INFO Configuration.deprecation: mapred.skip.on is deprecated. Instead, use mapreduce.job.skiprecords
[2025-02-26T19:31:26.301+0000] {subprocess.py:93} INFO - 2025-02-26 19:31:26,273 INFO Configuration.deprecation: map.input.length is deprecated. Instead, use mapreduce.map.input.length
[2025-02-26T19:31:26.311+0000] {subprocess.py:93} INFO - 2025-02-26 19:31:26,278 INFO Configuration.deprecation: mapred.job.id is deprecated. Instead, use mapreduce.job.id
[2025-02-26T19:31:26.315+0000] {subprocess.py:93} INFO - 2025-02-26 19:31:26,278 INFO Configuration.deprecation: user.name is deprecated. Instead, use mapreduce.job.user.name
[2025-02-26T19:31:26.317+0000] {subprocess.py:93} INFO - 2025-02-26 19:31:26,291 INFO Configuration.deprecation: mapred.task.partition is deprecated. Instead, use mapreduce.task.partition
[2025-02-26T19:31:26.602+0000] {subprocess.py:93} INFO -   File "mapper.py", line 27
[2025-02-26T19:31:26.603+0000] {subprocess.py:93} INFO -     print(f"{coin}\t{json.dumps(metrics)}")
[2025-02-26T19:31:26.605+0000] {subprocess.py:93} INFO -                                          ^
[2025-02-26T19:31:26.607+0000] {subprocess.py:93} INFO - SyntaxError: invalid syntax
[2025-02-26T19:31:26.740+0000] {subprocess.py:93} INFO - 2025-02-26 19:31:26,708 INFO sasl.SaslDataTransferClient: SASL encryption trust check: localHostTrusted = false, remoteHostTrusted = false
[2025-02-26T19:31:26.819+0000] {subprocess.py:93} INFO - 2025-02-26 19:31:26,736 INFO streaming.PipeMapRed: MRErrorThread done
[2025-02-26T19:31:28.416+0000] {subprocess.py:93} INFO - 2025-02-26 19:31:28,413 INFO streaming.PipeMapRed: R/W/S=1/0/0 in:0=1/2 [rec/s] out:0=0/2 [rec/s]
[2025-02-26T19:31:28.425+0000] {subprocess.py:93} INFO - 2025-02-26 19:31:28,415 INFO streaming.PipeMapRed: R/W/S=10/0/0 in:5=10/2 [rec/s] out:0=0/2 [rec/s]
[2025-02-26T19:31:28.435+0000] {subprocess.py:93} INFO - 2025-02-26 19:31:28,422 INFO streaming.PipeMapRed: R/W/S=100/0/0 in:50=100/2 [rec/s] out:0=0/2 [rec/s]
[2025-02-26T19:31:28.638+0000] {subprocess.py:93} INFO - 2025-02-26 19:31:28,586 WARN streaming.PipeMapRed: {}
[2025-02-26T19:31:28.641+0000] {subprocess.py:93} INFO - java.io.IOException: Stream closed
[2025-02-26T19:31:28.644+0000] {subprocess.py:93} INFO - 	at java.lang.ProcessBuilder$NullOutputStream.write(ProcessBuilder.java:433)
[2025-02-26T19:31:28.650+0000] {subprocess.py:93} INFO - 	at java.io.OutputStream.write(OutputStream.java:116)
[2025-02-26T19:31:28.652+0000] {subprocess.py:93} INFO - 	at java.io.BufferedOutputStream.write(BufferedOutputStream.java:122)
[2025-02-26T19:31:28.655+0000] {subprocess.py:93} INFO - 	at java.io.BufferedOutputStream.flushBuffer(BufferedOutputStream.java:82)
[2025-02-26T19:31:28.656+0000] {subprocess.py:93} INFO - 	at java.io.BufferedOutputStream.flush(BufferedOutputStream.java:140)
[2025-02-26T19:31:28.657+0000] {subprocess.py:93} INFO - 	at java.io.DataOutputStream.flush(DataOutputStream.java:123)
[2025-02-26T19:31:28.658+0000] {subprocess.py:93} INFO - 	at org.apache.hadoop.streaming.PipeMapRed.mapRedFinished(PipeMapRed.java:532)
[2025-02-26T19:31:28.658+0000] {subprocess.py:93} INFO - 	at org.apache.hadoop.streaming.PipeMapper.close(PipeMapper.java:130)
[2025-02-26T19:31:28.659+0000] {subprocess.py:93} INFO - 	at org.apache.hadoop.mapred.MapRunner.run(MapRunner.java:61)
[2025-02-26T19:31:28.659+0000] {subprocess.py:93} INFO - 	at org.apache.hadoop.streaming.PipeMapRunner.run(PipeMapRunner.java:34)
[2025-02-26T19:31:28.660+0000] {subprocess.py:93} INFO - 	at org.apache.hadoop.mapred.MapTask.runOldMapper(MapTask.java:465)
[2025-02-26T19:31:28.661+0000] {subprocess.py:93} INFO - 	at org.apache.hadoop.mapred.MapTask.run(MapTask.java:349)
[2025-02-26T19:31:28.663+0000] {subprocess.py:93} INFO - 	at org.apache.hadoop.mapred.LocalJobRunner$Job$MapTaskRunnable.run(LocalJobRunner.java:271)
[2025-02-26T19:31:28.664+0000] {subprocess.py:93} INFO - 	at java.util.concurrent.Executors$RunnableAdapter.call(Executors.java:511)
[2025-02-26T19:31:28.670+0000] {subprocess.py:93} INFO - 	at java.util.concurrent.FutureTask.run(FutureTask.java:266)
[2025-02-26T19:31:28.674+0000] {subprocess.py:93} INFO - 	at java.util.concurrent.ThreadPoolExecutor.runWorker(ThreadPoolExecutor.java:1149)
[2025-02-26T19:31:28.676+0000] {subprocess.py:93} INFO - 	at java.util.concurrent.ThreadPoolExecutor$Worker.run(ThreadPoolExecutor.java:624)
[2025-02-26T19:31:28.677+0000] {subprocess.py:93} INFO - 	at java.lang.Thread.run(Thread.java:748)
[2025-02-26T19:31:28.677+0000] {subprocess.py:93} INFO - 2025-02-26 19:31:28,636 INFO streaming.PipeMapRed: PipeMapRed failed!
[2025-02-26T19:31:28.678+0000] {subprocess.py:93} INFO - java.lang.RuntimeException: PipeMapRed.waitOutputThreads(): subprocess failed with code 1
[2025-02-26T19:31:28.679+0000] {subprocess.py:93} INFO - 	at org.apache.hadoop.streaming.PipeMapRed.waitOutputThreads(PipeMapRed.java:326)
[2025-02-26T19:31:28.679+0000] {subprocess.py:93} INFO - 	at org.apache.hadoop.streaming.PipeMapRed.mapRedFinished(PipeMapRed.java:539)
[2025-02-26T19:31:28.680+0000] {subprocess.py:93} INFO - 	at org.apache.hadoop.streaming.PipeMapper.close(PipeMapper.java:130)
[2025-02-26T19:31:28.682+0000] {subprocess.py:93} INFO - 	at org.apache.hadoop.mapred.MapRunner.run(MapRunner.java:61)
[2025-02-26T19:31:28.682+0000] {subprocess.py:93} INFO - 	at org.apache.hadoop.streaming.PipeMapRunner.run(PipeMapRunner.java:34)
[2025-02-26T19:31:28.697+0000] {subprocess.py:93} INFO - 	at org.apache.hadoop.mapred.MapTask.runOldMapper(MapTask.java:465)
[2025-02-26T19:31:28.700+0000] {subprocess.py:93} INFO - 	at org.apache.hadoop.mapred.MapTask.run(MapTask.java:349)
[2025-02-26T19:31:28.707+0000] {subprocess.py:93} INFO - 	at org.apache.hadoop.mapred.LocalJobRunner$Job$MapTaskRunnable.run(LocalJobRunner.java:271)
[2025-02-26T19:31:28.716+0000] {subprocess.py:93} INFO - 	at java.util.concurrent.Executors$RunnableAdapter.call(Executors.java:511)
[2025-02-26T19:31:28.717+0000] {subprocess.py:93} INFO - 	at java.util.concurrent.FutureTask.run(FutureTask.java:266)
[2025-02-26T19:31:28.718+0000] {subprocess.py:93} INFO - 	at java.util.concurrent.ThreadPoolExecutor.runWorker(ThreadPoolExecutor.java:1149)
[2025-02-26T19:31:28.719+0000] {subprocess.py:93} INFO - 	at java.util.concurrent.ThreadPoolExecutor$Worker.run(ThreadPoolExecutor.java:624)
[2025-02-26T19:31:28.719+0000] {subprocess.py:93} INFO - 	at java.lang.Thread.run(Thread.java:748)
[2025-02-26T19:31:28.724+0000] {subprocess.py:93} INFO - 2025-02-26 19:31:28,692 INFO mapred.LocalJobRunner: map task executor complete.
[2025-02-26T19:31:29.410+0000] {subprocess.py:93} INFO - 2025-02-26 19:31:29,353 WARN mapred.LocalJobRunner: job_local1933523311_0001
[2025-02-26T19:31:29.412+0000] {subprocess.py:93} INFO - java.lang.Exception: java.lang.RuntimeException: PipeMapRed.waitOutputThreads(): subprocess failed with code 1
[2025-02-26T19:31:29.414+0000] {subprocess.py:93} INFO - 	at org.apache.hadoop.mapred.LocalJobRunner$Job.runTasks(LocalJobRunner.java:492)
[2025-02-26T19:31:29.414+0000] {subprocess.py:93} INFO - 	at org.apache.hadoop.mapred.LocalJobRunner$Job.run(LocalJobRunner.java:552)
[2025-02-26T19:31:29.415+0000] {subprocess.py:93} INFO - Caused by: java.lang.RuntimeException: PipeMapRed.waitOutputThreads(): subprocess failed with code 1
[2025-02-26T19:31:29.421+0000] {subprocess.py:93} INFO - 	at org.apache.hadoop.streaming.PipeMapRed.waitOutputThreads(PipeMapRed.java:326)
[2025-02-26T19:31:29.423+0000] {subprocess.py:93} INFO - 	at org.apache.hadoop.streaming.PipeMapRed.mapRedFinished(PipeMapRed.java:539)
[2025-02-26T19:31:29.423+0000] {subprocess.py:93} INFO - 	at org.apache.hadoop.streaming.PipeMapper.close(PipeMapper.java:130)
[2025-02-26T19:31:29.424+0000] {subprocess.py:93} INFO - 	at org.apache.hadoop.mapred.MapRunner.run(MapRunner.java:61)
[2025-02-26T19:31:29.425+0000] {subprocess.py:93} INFO - 	at org.apache.hadoop.streaming.PipeMapRunner.run(PipeMapRunner.java:34)
[2025-02-26T19:31:29.442+0000] {subprocess.py:93} INFO - 	at org.apache.hadoop.mapred.MapTask.runOldMapper(MapTask.java:465)
[2025-02-26T19:31:29.443+0000] {subprocess.py:93} INFO - 	at org.apache.hadoop.mapred.MapTask.run(MapTask.java:349)
[2025-02-26T19:31:29.444+0000] {subprocess.py:93} INFO - 	at org.apache.hadoop.mapred.LocalJobRunner$Job$MapTaskRunnable.run(LocalJobRunner.java:271)
[2025-02-26T19:31:29.448+0000] {subprocess.py:93} INFO - 	at java.util.concurrent.Executors$RunnableAdapter.call(Executors.java:511)
[2025-02-26T19:31:29.461+0000] {subprocess.py:93} INFO - 	at java.util.concurrent.FutureTask.run(FutureTask.java:266)
[2025-02-26T19:31:29.462+0000] {subprocess.py:93} INFO - 	at java.util.concurrent.ThreadPoolExecutor.runWorker(ThreadPoolExecutor.java:1149)
[2025-02-26T19:31:29.463+0000] {subprocess.py:93} INFO - 	at java.util.concurrent.ThreadPoolExecutor$Worker.run(ThreadPoolExecutor.java:624)
[2025-02-26T19:31:29.465+0000] {subprocess.py:93} INFO - 	at java.lang.Thread.run(Thread.java:748)
[2025-02-26T19:31:30.329+0000] {subprocess.py:93} INFO - 2025-02-26 19:31:30,326 INFO mapreduce.Job: Job job_local1933523311_0001 failed with state FAILED due to: NA
[2025-02-26T19:31:31.028+0000] {subprocess.py:93} INFO - 2025-02-26 19:31:30,974 INFO mapreduce.Job: Counters: 0
[2025-02-26T19:31:31.032+0000] {subprocess.py:93} INFO - 2025-02-26 19:31:30,993 ERROR streaming.StreamJob: Job not successful!
[2025-02-26T19:31:31.087+0000] {subprocess.py:93} INFO - Streaming Command Failed!
[2025-02-26T19:31:32.539+0000] {subprocess.py:97} INFO - Command exited with return code 1
[2025-02-26T19:31:32.769+0000] {taskinstance.py:1943} ERROR - Task failed with exception
Traceback (most recent call last):
  File "/home/airflow/.local/lib/python3.8/site-packages/airflow/operators/bash.py", line 210, in execute
    raise AirflowException(
airflow.exceptions.AirflowException: Bash command failed. The command returned a non-zero exit code 1.
[2025-02-26T19:31:32.894+0000] {taskinstance.py:1400} INFO - Marking task as UP_FOR_RETRY. dag_id=yfinance_ingestion_and_process_dag, task_id=run_mapreduce, execution_date=20250124T000000, start_date=20250226T193022, end_date=20250226T193132
[2025-02-26T19:31:33.802+0000] {standard_task_runner.py:104} ERROR - Failed to execute job 336 for task run_mapreduce (Bash command failed. The command returned a non-zero exit code 1.; 666)
[2025-02-26T19:31:33.992+0000] {local_task_job_runner.py:228} INFO - Task exited with return code 1
[2025-02-26T19:31:34.414+0000] {taskinstance.py:2784} INFO - 0 downstream tasks scheduled from follow-on schedule check
