[2025-02-27T10:08:25.097+0000] {taskinstance.py:1157} INFO - Dependencies all met for dep_context=non-requeueable deps ti=<TaskInstance: yfinance_ingestion_dag.run_mapreduce manual__2025-02-27T10:08:08.146244+00:00 [queued]>
[2025-02-27T10:08:25.106+0000] {taskinstance.py:1157} INFO - Dependencies all met for dep_context=requeueable deps ti=<TaskInstance: yfinance_ingestion_dag.run_mapreduce manual__2025-02-27T10:08:08.146244+00:00 [queued]>
[2025-02-27T10:08:25.107+0000] {taskinstance.py:1359} INFO - Starting attempt 1 of 1
[2025-02-27T10:08:25.123+0000] {taskinstance.py:1380} INFO - Executing <Task(BashOperator): run_mapreduce> on 2025-02-27 10:08:08.146244+00:00
[2025-02-27T10:08:25.129+0000] {standard_task_runner.py:57} INFO - Started process 256 to run task
[2025-02-27T10:08:25.132+0000] {standard_task_runner.py:84} INFO - Running: ['***', 'tasks', 'run', 'yfinance_ingestion_dag', 'run_mapreduce', 'manual__2025-02-27T10:08:08.146244+00:00', '--job-id', '462', '--raw', '--subdir', 'DAGS_FOLDER/pipeline.py', '--cfg-path', '/tmp/tmpl5pmjpdl']
[2025-02-27T10:08:25.135+0000] {standard_task_runner.py:85} INFO - Job 462: Subtask run_mapreduce
[2025-02-27T10:08:25.188+0000] {task_command.py:415} INFO - Running <TaskInstance: yfinance_ingestion_dag.run_mapreduce manual__2025-02-27T10:08:08.146244+00:00 [running]> on host 8aa72267e40b
[2025-02-27T10:08:25.315+0000] {taskinstance.py:1660} INFO - Exporting env vars: AIRFLOW_CTX_DAG_OWNER='etudiant' AIRFLOW_CTX_DAG_ID='yfinance_ingestion_dag' AIRFLOW_CTX_TASK_ID='run_mapreduce' AIRFLOW_CTX_EXECUTION_DATE='2025-02-27T10:08:08.146244+00:00' AIRFLOW_CTX_TRY_NUMBER='1' AIRFLOW_CTX_DAG_RUN_ID='manual__2025-02-27T10:08:08.146244+00:00'
[2025-02-27T10:08:25.317+0000] {subprocess.py:63} INFO - Tmp dir root location: /tmp
[2025-02-27T10:08:25.318+0000] {subprocess.py:75} INFO - Running command: ['/bin/bash', '-c', '\n        docker exec -i -u root namenode bash -c \'         cd /tmp &&         cp /mnt/hadoop_data/mapreduce/mapper.py . &&         cp /mnt/hadoop_data/mapreduce/reducer.py . &&         chmod +x mapper.py reducer.py &&         hdfs dfs -rm -r hdfs:///user/etudiant/crypto/processed/YYYY=2025/MM=02/DD=27 || true &&         hadoop jar /opt/hadoop-3.2.1/share/hadoop/tools/lib/hadoop-streaming-3.2.1.jar         -files mapper.py,reducer.py         -mapper "python mapper.py"         -reducer "python reducer.py"         -input hdfs:///user/etudiant/crypto/raw/YYYY=2025/MM=02/DD=27/yfinance_raw.json         -output hdfs:///user/etudiant/crypto/processed/YYYY=2025/MM=02/DD=27\'\n        ']
[2025-02-27T10:08:25.327+0000] {subprocess.py:86} INFO - Output:
[2025-02-27T10:08:26.958+0000] {subprocess.py:93} INFO - rm: `hdfs:///user/etudiant/crypto/processed/YYYY=2025/MM=02/DD=27': No such file or directory
[2025-02-27T10:08:29.098+0000] {subprocess.py:93} INFO - 2025-02-27 10:08:29,096 INFO impl.MetricsConfig: Loaded properties from hadoop-metrics2.properties
[2025-02-27T10:08:29.190+0000] {subprocess.py:93} INFO - 2025-02-27 10:08:29,188 INFO impl.MetricsSystemImpl: Scheduled Metric snapshot period at 10 second(s).
[2025-02-27T10:08:29.191+0000] {subprocess.py:93} INFO - 2025-02-27 10:08:29,188 INFO impl.MetricsSystemImpl: JobTracker metrics system started
[2025-02-27T10:08:29.221+0000] {subprocess.py:93} INFO - 2025-02-27 10:08:29,219 WARN impl.MetricsSystemImpl: JobTracker metrics system already initialized!
[2025-02-27T10:08:29.804+0000] {subprocess.py:93} INFO - 2025-02-27 10:08:29,801 INFO mapred.FileInputFormat: Total input files to process : 1
[2025-02-27T10:08:29.868+0000] {subprocess.py:93} INFO - 2025-02-27 10:08:29,866 INFO mapreduce.JobSubmitter: number of splits:1
[2025-02-27T10:08:29.986+0000] {subprocess.py:93} INFO - 2025-02-27 10:08:29,985 INFO mapreduce.JobSubmitter: Submitting tokens for job: job_local133216844_0001
[2025-02-27T10:08:29.988+0000] {subprocess.py:93} INFO - 2025-02-27 10:08:29,985 INFO mapreduce.JobSubmitter: Executing with tokens: []
[2025-02-27T10:08:30.169+0000] {subprocess.py:93} INFO - 2025-02-27 10:08:30,167 INFO mapred.LocalDistributedCacheManager: Localized file:/tmp/mapper.py as file:/tmp/hadoop-root/mapred/local/job_local133216844_0001_08638c9c-3708-4d28-8af3-621942bd144b/mapper.py
[2025-02-27T10:08:30.186+0000] {subprocess.py:93} INFO - 2025-02-27 10:08:30,184 INFO mapred.LocalDistributedCacheManager: Localized file:/tmp/reducer.py as file:/tmp/hadoop-root/mapred/local/job_local133216844_0001_713d0b4b-9a46-4e11-af84-f252a50b5d30/reducer.py
[2025-02-27T10:08:30.287+0000] {subprocess.py:93} INFO - 2025-02-27 10:08:30,285 INFO mapreduce.Job: The url to track the job: http://localhost:8080/
[2025-02-27T10:08:30.289+0000] {subprocess.py:93} INFO - 2025-02-27 10:08:30,288 INFO mapreduce.Job: Running job: job_local133216844_0001
[2025-02-27T10:08:30.291+0000] {subprocess.py:93} INFO - 2025-02-27 10:08:30,288 INFO mapred.LocalJobRunner: OutputCommitter set in config null
[2025-02-27T10:08:30.299+0000] {subprocess.py:93} INFO - 2025-02-27 10:08:30,292 INFO mapred.LocalJobRunner: OutputCommitter is org.apache.hadoop.mapred.FileOutputCommitter
[2025-02-27T10:08:30.310+0000] {subprocess.py:93} INFO - 2025-02-27 10:08:30,303 INFO output.FileOutputCommitter: File Output Committer Algorithm version is 2
[2025-02-27T10:08:30.311+0000] {subprocess.py:93} INFO - 2025-02-27 10:08:30,304 INFO output.FileOutputCommitter: FileOutputCommitter skip cleanup _temporary folders under output directory:false, ignore cleanup failures: false
[2025-02-27T10:08:30.377+0000] {subprocess.py:93} INFO - 2025-02-27 10:08:30,375 INFO mapred.LocalJobRunner: Waiting for map tasks
[2025-02-27T10:08:30.382+0000] {subprocess.py:93} INFO - 2025-02-27 10:08:30,380 INFO mapred.LocalJobRunner: Starting task: attempt_local133216844_0001_m_000000_0
[2025-02-27T10:08:30.405+0000] {subprocess.py:93} INFO - 2025-02-27 10:08:30,403 INFO output.FileOutputCommitter: File Output Committer Algorithm version is 2
[2025-02-27T10:08:30.405+0000] {subprocess.py:93} INFO - 2025-02-27 10:08:30,403 INFO output.FileOutputCommitter: FileOutputCommitter skip cleanup _temporary folders under output directory:false, ignore cleanup failures: false
[2025-02-27T10:08:30.420+0000] {subprocess.py:93} INFO - 2025-02-27 10:08:30,419 INFO mapred.Task:  Using ResourceCalculatorProcessTree : [ ]
[2025-02-27T10:08:30.426+0000] {subprocess.py:93} INFO - 2025-02-27 10:08:30,425 INFO mapred.MapTask: Processing split: hdfs://namenode:9000/user/etudiant/crypto/raw/YYYY=2025/MM=02/DD=27/yfinance_raw.json:0+14935
[2025-02-27T10:08:30.440+0000] {subprocess.py:93} INFO - 2025-02-27 10:08:30,439 INFO mapred.MapTask: numReduceTasks: 1
[2025-02-27T10:08:30.516+0000] {subprocess.py:93} INFO - 2025-02-27 10:08:30,514 INFO mapred.MapTask: (EQUATOR) 0 kvi 26214396(104857584)
[2025-02-27T10:08:30.518+0000] {subprocess.py:93} INFO - 2025-02-27 10:08:30,515 INFO mapred.MapTask: mapreduce.task.io.sort.mb: 100
[2025-02-27T10:08:30.519+0000] {subprocess.py:93} INFO - 2025-02-27 10:08:30,515 INFO mapred.MapTask: soft limit at 83886080
[2025-02-27T10:08:30.519+0000] {subprocess.py:93} INFO - 2025-02-27 10:08:30,515 INFO mapred.MapTask: bufstart = 0; bufvoid = 104857600
[2025-02-27T10:08:30.520+0000] {subprocess.py:93} INFO - 2025-02-27 10:08:30,515 INFO mapred.MapTask: kvstart = 26214396; length = 6553600
[2025-02-27T10:08:30.521+0000] {subprocess.py:93} INFO - 2025-02-27 10:08:30,518 INFO mapred.MapTask: Map output collector class = org.apache.hadoop.mapred.MapTask$MapOutputBuffer
[2025-02-27T10:08:30.525+0000] {subprocess.py:93} INFO - 2025-02-27 10:08:30,523 INFO streaming.PipeMapRed: PipeMapRed exec [/usr/bin/python, mapper.py]
[2025-02-27T10:08:30.533+0000] {subprocess.py:93} INFO - 2025-02-27 10:08:30,532 INFO Configuration.deprecation: mapred.work.output.dir is deprecated. Instead, use mapreduce.task.output.dir
[2025-02-27T10:08:30.535+0000] {subprocess.py:93} INFO - 2025-02-27 10:08:30,533 INFO Configuration.deprecation: map.input.start is deprecated. Instead, use mapreduce.map.input.start
[2025-02-27T10:08:30.540+0000] {subprocess.py:93} INFO - 2025-02-27 10:08:30,533 INFO Configuration.deprecation: mapred.task.is.map is deprecated. Instead, use mapreduce.task.ismap
[2025-02-27T10:08:30.542+0000] {subprocess.py:93} INFO - 2025-02-27 10:08:30,534 INFO Configuration.deprecation: mapred.task.id is deprecated. Instead, use mapreduce.task.attempt.id
[2025-02-27T10:08:30.542+0000] {subprocess.py:93} INFO - 2025-02-27 10:08:30,535 INFO Configuration.deprecation: mapred.tip.id is deprecated. Instead, use mapreduce.task.id
[2025-02-27T10:08:30.543+0000] {subprocess.py:93} INFO - 2025-02-27 10:08:30,535 INFO Configuration.deprecation: mapred.local.dir is deprecated. Instead, use mapreduce.cluster.local.dir
[2025-02-27T10:08:30.544+0000] {subprocess.py:93} INFO - 2025-02-27 10:08:30,535 INFO Configuration.deprecation: map.input.file is deprecated. Instead, use mapreduce.map.input.file
[2025-02-27T10:08:30.545+0000] {subprocess.py:93} INFO - 2025-02-27 10:08:30,535 INFO Configuration.deprecation: mapred.skip.on is deprecated. Instead, use mapreduce.job.skiprecords
[2025-02-27T10:08:30.545+0000] {subprocess.py:93} INFO - 2025-02-27 10:08:30,535 INFO Configuration.deprecation: map.input.length is deprecated. Instead, use mapreduce.map.input.length
[2025-02-27T10:08:30.546+0000] {subprocess.py:93} INFO - 2025-02-27 10:08:30,536 INFO Configuration.deprecation: mapred.job.id is deprecated. Instead, use mapreduce.job.id
[2025-02-27T10:08:30.547+0000] {subprocess.py:93} INFO - 2025-02-27 10:08:30,537 INFO Configuration.deprecation: user.name is deprecated. Instead, use mapreduce.job.user.name
[2025-02-27T10:08:30.547+0000] {subprocess.py:93} INFO - 2025-02-27 10:08:30,537 INFO Configuration.deprecation: mapred.task.partition is deprecated. Instead, use mapreduce.task.partition
[2025-02-27T10:08:30.578+0000] {subprocess.py:93} INFO - 2025-02-27 10:08:30,576 INFO sasl.SaslDataTransferClient: SASL encryption trust check: localHostTrusted = false, remoteHostTrusted = false
[2025-02-27T10:08:30.685+0000] {subprocess.py:93} INFO - 2025-02-27 10:08:30,682 INFO streaming.PipeMapRed: R/W/S=1/0/0 in:NA [rec/s] out:NA [rec/s]
[2025-02-27T10:08:30.685+0000] {subprocess.py:93} INFO - 2025-02-27 10:08:30,683 INFO streaming.PipeMapRed: R/W/S=10/0/0 in:NA [rec/s] out:NA [rec/s]
[2025-02-27T10:08:30.693+0000] {subprocess.py:93} INFO - DEBUG: Received line: {"datetime": "2025-02-26T10:00:00.000Z", "open_price": 89059.828125, "high_price": 89222.5390625, "low_price": 88848.34375, "close_price": 89222.5390625, "volume": 0, "coin": "BTC"}
[2025-02-27T10:08:30.696+0000] {subprocess.py:93} INFO - DEBUG: Parsed record: {"low_price": 88848.34375, "high_price": 89222.5390625, "close_price": 89222.5390625, "datetime": "2025-02-26T10:00:00.000Z", "volume": 0, "open_price": 89059.828125, "coin": "BTC"}
[2025-02-27T10:08:30.697+0000] {subprocess.py:93} INFO - DEBUG: Emitted: BTC	{"timestamp": "2025-02-26T10:00:00.000Z", "low_price": 88848.34375, "high_price": 89222.5390625, "close_price": 89222.5390625, "volume": 0.0, "open_price": 89059.828125}
[2025-02-27T10:08:30.698+0000] {subprocess.py:93} INFO - DEBUG: Received line: {"datetime": "2025-02-26T11:00:00.000Z", "open_price": 89193.125, "high_price": 89193.125, "low_price": 88611.8515625, "close_price": 88611.8515625, "volume": 0, "coin": "BTC"}
[2025-02-27T10:08:30.699+0000] {subprocess.py:93} INFO - DEBUG: Parsed record: {"low_price": 88611.8515625, "high_price": 89193.125, "close_price": 88611.8515625, "datetime": "2025-02-26T11:00:00.000Z", "volume": 0, "open_price": 89193.125, "coin": "BTC"}
[2025-02-27T10:08:30.700+0000] {subprocess.py:93} INFO - DEBUG: Emitted: BTC	{"timestamp": "2025-02-26T11:00:00.000Z", "low_price": 88611.8515625, "high_price": 89193.125, "close_price": 88611.8515625, "volume": 0.0, "open_price": 89193.125}
[2025-02-27T10:08:30.701+0000] {subprocess.py:93} INFO - DEBUG: Received line: {"datetime": "2025-02-26T12:00:00.000Z", "open_price": 88550.4609375, "high_price": 88573.2265625, "low_price": 87584.6796875, "close_price": 87811.6484375, "volume": 0, "coin": "BTC"}
[2025-02-27T10:08:30.702+0000] {subprocess.py:93} INFO - DEBUG: Parsed record: {"low_price": 87584.6796875, "high_price": 88573.2265625, "close_price": 87811.6484375, "datetime": "2025-02-26T12:00:00.000Z", "volume": 0, "open_price": 88550.4609375, "coin": "BTC"}
[2025-02-27T10:08:30.703+0000] {subprocess.py:93} INFO - DEBUG: Emitted: BTC	{"timestamp": "2025-02-26T12:00:00.000Z", "low_price": 87584.6796875, "high_price": 88573.2265625, "close_price": 87811.6484375, "volume": 0.0, "open_price": 88550.4609375}
[2025-02-27T10:08:30.703+0000] {subprocess.py:93} INFO - DEBUG: Received line: {"datetime": "2025-02-26T13:00:00.000Z", "open_price": 87886.1875, "high_price": 87940.3203125, "low_price": 87053.234375, "close_price": 87053.234375, "volume": 0, "coin": "BTC"}
[2025-02-27T10:08:30.704+0000] {subprocess.py:93} INFO - DEBUG: Parsed record: {"low_price": 87053.234375, "high_price": 87940.3203125, "close_price": 87053.234375, "datetime": "2025-02-26T13:00:00.000Z", "volume": 0, "open_price": 87886.1875, "coin": "BTC"}
[2025-02-27T10:08:30.705+0000] {subprocess.py:93} INFO - DEBUG: Emitted: BTC	{"timestamp": "2025-02-26T13:00:00.000Z", "low_price": 87053.234375, "high_price": 87940.3203125, "close_price": 87053.234375, "volume": 0.0, "open_price": 87886.1875}
[2025-02-27T10:08:30.705+0000] {subprocess.py:93} INFO - DEBUG: Received line: {"datetime": "2025-02-26T14:00:00.000Z", "open_price": 87072.828125, "high_price": 87563.078125, "low_price": 85422.9375, "close_price": 87432.484375, "volume": 1632796672, "coin": "BTC"}
[2025-02-27T10:08:30.706+0000] {subprocess.py:93} INFO - DEBUG: Parsed record: {"low_price": 85422.9375, "high_price": 87563.078125, "close_price": 87432.484375, "datetime": "2025-02-26T14:00:00.000Z", "volume": 1632796672, "open_price": 87072.828125, "coin": "BTC"}
[2025-02-27T10:08:30.706+0000] {subprocess.py:93} INFO - DEBUG: Emitted: BTC	{"timestamp": "2025-02-26T14:00:00.000Z", "low_price": 85422.9375, "high_price": 87563.078125, "close_price": 87432.484375, "volume": 1632796672.0, "open_price": 87072.828125}
[2025-02-27T10:08:30.707+0000] {subprocess.py:93} INFO - DEBUG: Received line: {"datetime": "2025-02-26T15:00:00.000Z", "open_price": 87661.421875, "high_price": 88288.6484375, "low_price": 87374.875, "close_price": 87413.8359375, "volume": 0, "coin": "BTC"}
[2025-02-27T10:08:30.708+0000] {subprocess.py:93} INFO - DEBUG: Parsed record: {"low_price": 87374.875, "high_price": 88288.6484375, "close_price": 87413.8359375, "datetime": "2025-02-26T15:00:00.000Z", "volume": 0, "open_price": 87661.421875, "coin": "BTC"}
[2025-02-27T10:08:30.708+0000] {subprocess.py:93} INFO - DEBUG: Emitted: BTC	{"timestamp": "2025-02-26T15:00:00.000Z", "low_price": 87374.875, "high_price": 88288.6484375, "close_price": 87413.8359375, "volume": 0.0, "open_price": 87661.421875}
[2025-02-27T10:08:30.709+0000] {subprocess.py:93} INFO - DEBUG: Received line: {"datetime": "2025-02-26T16:00:00.000Z", "open_price": 87454.171875, "high_price": 87614.5078125, "low_price": 86253.3046875, "close_price": 86805.0390625, "volume": 0, "coin": "BTC"}
[2025-02-27T10:08:30.710+0000] {subprocess.py:93} INFO - DEBUG: Parsed record: {"low_price": 86253.3046875, "high_price": 87614.5078125, "close_price": 86805.0390625, "datetime": "2025-02-26T16:00:00.000Z", "volume": 0, "open_price": 87454.171875, "coin": "BTC"}
[2025-02-27T10:08:30.714+0000] {subprocess.py:93} INFO - DEBUG: Emitted: BTC	{"timestamp": "2025-02-26T16:00:00.000Z", "low_price": 86253.3046875, "high_price": 87614.5078125, "close_price": 86805.0390625, "volume": 0.0, "open_price": 87454.171875}
[2025-02-27T10:08:30.716+0000] {subprocess.py:93} INFO - DEBUG: Received line: {"datetime": "2025-02-26T17:00:00.000Z", "open_price": 86723.578125, "high_price": 87145.1328125, "low_price": 85626.4609375, "close_price": 85626.4609375, "volume": 0, "coin": "BTC"}
[2025-02-27T10:08:30.716+0000] {subprocess.py:93} INFO - DEBUG: Parsed record: {"low_price": 85626.4609375, "high_price": 87145.1328125, "close_price": 85626.4609375, "datetime": "2025-02-26T17:00:00.000Z", "volume": 0, "open_price": 86723.578125, "coin": "BTC"}
[2025-02-27T10:08:30.718+0000] {subprocess.py:93} INFO - DEBUG: Emitted: BTC	{"timestamp": "2025-02-26T17:00:00.000Z", "low_price": 85626.4609375, "high_price": 87145.1328125, "close_price": 85626.4609375, "volume": 0.0, "open_price": 86723.578125}
[2025-02-27T10:08:30.718+0000] {subprocess.py:93} INFO - DEBUG: Received line: {"datetime": "2025-02-26T18:00:00.000Z", "open_price": 86165.1171875, "high_price": 86317.1484375, "low_price": 83829.2109375, "close_price": 83982.5859375, "volume": 4174999552, "coin": "BTC"}
[2025-02-27T10:08:30.719+0000] {subprocess.py:93} INFO - DEBUG: Parsed record: {"low_price": 83829.2109375, "high_price": 86317.1484375, "close_price": 83982.5859375, "datetime": "2025-02-26T18:00:00.000Z", "volume": 4174999552, "open_price": 86165.1171875, "coin": "BTC"}
[2025-02-27T10:08:30.720+0000] {subprocess.py:93} INFO - DEBUG: Emitted: BTC	{"timestamp": "2025-02-26T18:00:00.000Z", "low_price": 83829.2109375, "high_price": 86317.1484375, "close_price": 83982.5859375, "volume": 4174999552.0, "open_price": 86165.1171875}
[2025-02-27T10:08:30.720+0000] {subprocess.py:93} INFO - 2025-02-27 10:08:30,691 INFO streaming.PipeMapRed: Records R/W=75/1
[2025-02-27T10:08:30.721+0000] {subprocess.py:93} INFO - DEBUG: Received line: {"datetime": "2025-02-26T19:00:00.000Z", "open_price": 84084.6640625, "high_price": 84843.0703125, "low_price": 83683.5703125, "close_price": 83755.3671875, "volume": 4787310592, "coin": "BTC"}
[2025-02-27T10:08:30.721+0000] {subprocess.py:93} INFO - DEBUG: Parsed record: {"low_price": 83683.5703125, "high_price": 84843.0703125, "close_price": 83755.3671875, "datetime": "2025-02-26T19:00:00.000Z", "volume": 4787310592, "open_price": 84084.6640625, "coin": "BTC"}
[2025-02-27T10:08:30.722+0000] {subprocess.py:93} INFO - DEBUG: Emitted: BTC	{"timestamp": "2025-02-26T19:00:00.000Z", "low_price": 83683.5703125, "high_price": 84843.0703125, "close_price": 83755.3671875, "volume": 4787310592.0, "open_price": 84084.6640625}
[2025-02-27T10:08:30.723+0000] {subprocess.py:93} INFO - DEBUG: Received line: {"datetime": "2025-02-26T20:00:00.000Z", "open_price": 83783.140625, "high_price": 84402.953125, "low_price": 82242.9921875, "close_price": 84382.9453125, "volume": 0, "coin": "BTC"}
[2025-02-27T10:08:30.724+0000] {subprocess.py:93} INFO - DEBUG: Parsed record: {"low_price": 82242.9921875, "high_price": 84402.953125, "close_price": 84382.9453125, "datetime": "2025-02-26T20:00:00.000Z", "volume": 0, "open_price": 83783.140625, "coin": "BTC"}
[2025-02-27T10:08:30.725+0000] {subprocess.py:93} INFO - DEBUG: Emitted: BTC	{"timestamp": "2025-02-26T20:00:00.000Z", "low_price": 82242.9921875, "high_price": 84402.953125, "close_price": 84382.9453125, "volume": 0.0, "open_price": 83783.140625}
[2025-02-27T10:08:30.726+0000] {subprocess.py:93} INFO - DEBUG: Received line: {"datetime": "2025-02-26T21:00:00.000Z", "open_price": 84272.078125, "high_price": 84807.203125, "low_price": 83421.3359375, "close_price": 84336.375, "volume": 3264200704, "coin": "BTC"}
[2025-02-27T10:08:30.726+0000] {subprocess.py:93} INFO - DEBUG: Parsed record: {"low_price": 83421.3359375, "high_price": 84807.203125, "close_price": 84336.375, "datetime": "2025-02-26T21:00:00.000Z", "volume": 3264200704, "open_price": 84272.078125, "coin": "BTC"}
[2025-02-27T10:08:30.727+0000] {subprocess.py:93} INFO - DEBUG: Emitted: BTC	{"timestamp": "2025-02-26T21:00:00.000Z", "low_price": 83421.3359375, "high_price": 84807.203125, "close_price": 84336.375, "volume": 3264200704.0, "open_price": 84272.078125}
[2025-02-27T10:08:30.728+0000] {subprocess.py:93} INFO - DEBUG: Received line: {"datetime": "2025-02-26T22:00:00.000Z", "open_price": 84439.328125, "high_price": 85122.9375, "low_price": 84123.4375, "close_price": 84275.34375, "volume": 2340999168, "coin": "BTC"}
[2025-02-27T10:08:30.728+0000] {subprocess.py:93} INFO - DEBUG: Parsed record: {"low_price": 84123.4375, "high_price": 85122.9375, "close_price": 84275.34375, "datetime": "2025-02-26T22:00:00.000Z", "volume": 2340999168, "open_price": 84439.328125, "coin": "BTC"}
[2025-02-27T10:08:30.729+0000] {subprocess.py:93} INFO - DEBUG: Emitted: BTC	{"timestamp": "2025-02-26T22:00:00.000Z", "low_price": 84123.4375, "high_price": 85122.9375, "close_price": 84275.34375, "volume": 2340999168.0, "open_price": 84439.328125}
[2025-02-27T10:08:30.730+0000] {subprocess.py:93} INFO - DEBUG: Received line: {"datetime": "2025-02-26T23:00:00.000Z", "open_price": 84375.5703125, "high_price": 84621.8359375, "low_price": 83836.8515625, "close_price": 83993.6328125, "volume": 0, "coin": "BTC"}
[2025-02-27T10:08:30.730+0000] {subprocess.py:93} INFO - DEBUG: Parsed record: {"low_price": 83836.8515625, "high_price": 84621.8359375, "close_price": 83993.6328125, "datetime": "2025-02-26T23:00:00.000Z", "volume": 0, "open_price": 84375.5703125, "coin": "BTC"}
[2025-02-27T10:08:30.731+0000] {subprocess.py:93} INFO - DEBUG: Emitted: BTC	{"timestamp": "2025-02-26T23:00:00.000Z", "low_price": 83836.8515625, "high_price": 84621.8359375, "close_price": 83993.6328125, "volume": 0.0, "open_price": 84375.5703125}
[2025-02-27T10:08:30.731+0000] {subprocess.py:93} INFO - DEBUG: Received line: {"datetime": "2025-02-27T00:00:00.000Z", "open_price": 84136.3046875, "high_price": 84648.640625, "low_price": 83977.671875, "close_price": 84642.90625, "volume": 1022881792, "coin": "BTC"}
[2025-02-27T10:08:30.732+0000] {subprocess.py:93} INFO - DEBUG: Parsed record: {"low_price": 83977.671875, "high_price": 84648.640625, "close_price": 84642.90625, "datetime": "2025-02-27T00:00:00.000Z", "volume": 1022881792, "open_price": 84136.3046875, "coin": "BTC"}
[2025-02-27T10:08:30.732+0000] {subprocess.py:93} INFO - DEBUG: Emitted: BTC	{"timestamp": "2025-02-27T00:00:00.000Z", "low_price": 83977.671875, "high_price": 84648.640625, "close_price": 84642.90625, "volume": 1022881792.0, "open_price": 84136.3046875}
[2025-02-27T10:08:30.733+0000] {subprocess.py:93} INFO - DEBUG: Received line: {"datetime": "2025-02-27T01:00:00.000Z", "open_price": 84582.4140625, "high_price": 85265.8984375, "low_price": 84278.9609375, "close_price": 84706.546875, "volume": 2845286400, "coin": "BTC"}
[2025-02-27T10:08:30.733+0000] {subprocess.py:93} INFO - DEBUG: Parsed record: {"low_price": 84278.9609375, "high_price": 85265.8984375, "close_price": 84706.546875, "datetime": "2025-02-27T01:00:00.000Z", "volume": 2845286400, "open_price": 84582.4140625, "coin": "BTC"}
[2025-02-27T10:08:30.733+0000] {subprocess.py:93} INFO - DEBUG: Emitted: BTC	{"timestamp": "2025-02-27T01:00:00.000Z", "low_price": 84278.9609375, "high_price": 85265.8984375, "close_price": 84706.546875, "volume": 2845286400.0, "open_price": 84582.4140625}
[2025-02-27T10:08:30.734+0000] {subprocess.py:93} INFO - DEBUG: Received line: {"datetime": "2025-02-27T02:00:00.000Z", "open_price": 84641.421875, "high_price": 85040.5625, "low_price": 84233.265625, "close_price": 84233.265625, "volume": 0, "coin": "BTC"}
[2025-02-27T10:08:30.734+0000] {subprocess.py:93} INFO - DEBUG: Parsed record: {"low_price": 84233.265625, "high_price": 85040.5625, "close_price": 84233.265625, "datetime": "2025-02-27T02:00:00.000Z", "volume": 0, "open_price": 84641.421875, "coin": "BTC"}
[2025-02-27T10:08:30.735+0000] {subprocess.py:93} INFO - DEBUG: Emitted: BTC	{"timestamp": "2025-02-27T02:00:00.000Z", "low_price": 84233.265625, "high_price": 85040.5625, "close_price": 84233.265625, "volume": 0.0, "open_price": 84641.421875}
[2025-02-27T10:08:30.735+0000] {subprocess.py:93} INFO - DEBUG: Received line: {"datetime": "2025-02-27T03:00:00.000Z", "open_price": 84222.7578125, "high_price": 85228.046875, "low_price": 84222.7578125, "close_price": 85164.9921875, "volume": 2459906048, "coin": "BTC"}
[2025-02-27T10:08:30.736+0000] {subprocess.py:93} INFO - DEBUG: Parsed record: {"low_price": 84222.7578125, "high_price": 85228.046875, "close_price": 85164.9921875, "datetime": "2025-02-27T03:00:00.000Z", "volume": 2459906048, "open_price": 84222.7578125, "coin": "BTC"}
[2025-02-27T10:08:30.736+0000] {subprocess.py:93} INFO - DEBUG: Emitted: BTC	{"timestamp": "2025-02-27T03:00:00.000Z", "low_price": 84222.7578125, "high_price": 85228.046875, "close_price": 85164.9921875, "volume": 2459906048.0, "open_price": 84222.7578125}
[2025-02-27T10:08:30.737+0000] {subprocess.py:93} INFO - DEBUG: Received line: {"datetime": "2025-02-27T04:00:00.000Z", "open_price": 85134.2265625, "high_price": 85212.8828125, "low_price": 84637.1875, "close_price": 85017.7109375, "volume": 32808960, "coin": "BTC"}
[2025-02-27T10:08:30.737+0000] {subprocess.py:93} INFO - DEBUG: Parsed record: {"low_price": 84637.1875, "high_price": 85212.8828125, "close_price": 85017.7109375, "datetime": "2025-02-27T04:00:00.000Z", "volume": 32808960, "open_price": 85134.2265625, "coin": "BTC"}
[2025-02-27T10:08:30.738+0000] {subprocess.py:93} INFO - DEBUG: Emitted: BTC	{"timestamp": "2025-02-27T04:00:00.000Z", "low_price": 84637.1875, "high_price": 85212.8828125, "close_price": 85017.7109375, "volume": 32808960.0, "open_price": 85134.2265625}
[2025-02-27T10:08:30.738+0000] {subprocess.py:93} INFO - DEBUG: Received line: {"datetime": "2025-02-27T05:00:00.000Z", "open_price": 85047.5703125, "high_price": 85825.984375, "low_price": 85011.8125, "close_price": 85825.984375, "volume": 6201344, "coin": "BTC"}
[2025-02-27T10:08:30.738+0000] {subprocess.py:93} INFO - DEBUG: Parsed record: {"low_price": 85011.8125, "high_price": 85825.984375, "close_price": 85825.984375, "datetime": "2025-02-27T05:00:00.000Z", "volume": 6201344, "open_price": 85047.5703125, "coin": "BTC"}
[2025-02-27T10:08:30.739+0000] {subprocess.py:93} INFO - DEBUG: Emitted: BTC	{"timestamp": "2025-02-27T05:00:00.000Z", "low_price": 85011.8125, "high_price": 85825.984375, "close_price": 85825.984375, "volume": 6201344.0, "open_price": 85047.5703125}
[2025-02-27T10:08:30.739+0000] {subprocess.py:93} INFO - DEBUG: Received line: {"datetime": "2025-02-27T06:00:00.000Z", "open_price": 85809.0703125, "high_price": 86478.65625, "low_price": 85646.515625, "close_price": 86169.8125, "volume": 743981056, "coin": "BTC"}
[2025-02-27T10:08:30.740+0000] {subprocess.py:93} INFO - DEBUG: Parsed record: {"low_price": 85646.515625, "high_price": 86478.65625, "close_price": 86169.8125, "datetime": "2025-02-27T06:00:00.000Z", "volume": 743981056, "open_price": 85809.0703125, "coin": "BTC"}
[2025-02-27T10:08:30.741+0000] {subprocess.py:93} INFO - DEBUG: Emitted: BTC	{"timestamp": "2025-02-27T06:00:00.000Z", "low_price": 85646.515625, "high_price": 86478.65625, "close_price": 86169.8125, "volume": 743981056.0, "open_price": 85809.0703125}
[2025-02-27T10:08:30.741+0000] {subprocess.py:93} INFO - DEBUG: Received line: {"datetime": "2025-02-27T07:00:00.000Z", "open_price": 86189.9453125, "high_price": 86472.0, "low_price": 86064.96875, "close_price": 86256.140625, "volume": 955465728, "coin": "BTC"}
[2025-02-27T10:08:30.742+0000] {subprocess.py:93} INFO - DEBUG: Parsed record: {"low_price": 86064.96875, "high_price": 86472.0, "close_price": 86256.140625, "datetime": "2025-02-27T07:00:00.000Z", "volume": 955465728, "open_price": 86189.9453125, "coin": "BTC"}
[2025-02-27T10:08:30.742+0000] {subprocess.py:93} INFO - DEBUG: Emitted: BTC	{"timestamp": "2025-02-27T07:00:00.000Z", "low_price": 86064.96875, "high_price": 86472.0, "close_price": 86256.140625, "volume": 955465728.0, "open_price": 86189.9453125}
[2025-02-27T10:08:30.743+0000] {subprocess.py:93} INFO - DEBUG: Received line: {"datetime": "2025-02-27T08:00:00.000Z", "open_price": 86210.6171875, "high_price": 86354.3515625, "low_price": 85866.421875, "close_price": 85981.296875, "volume": 394551296, "coin": "BTC"}
[2025-02-27T10:08:30.743+0000] {subprocess.py:93} INFO - DEBUG: Parsed record: {"low_price": 85866.421875, "high_price": 86354.3515625, "close_price": 85981.296875, "datetime": "2025-02-27T08:00:00.000Z", "volume": 394551296, "open_price": 86210.6171875, "coin": "BTC"}
[2025-02-27T10:08:30.744+0000] {subprocess.py:93} INFO - DEBUG: Emitted: BTC	{"timestamp": "2025-02-27T08:00:00.000Z", "low_price": 85866.421875, "high_price": 86354.3515625, "close_price": 85981.296875, "volume": 394551296.0, "open_price": 86210.6171875}
[2025-02-27T10:08:30.744+0000] {subprocess.py:93} INFO - DEBUG: Received line: {"datetime": "2025-02-27T09:00:00.000Z", "open_price": 85997.0234375, "high_price": 86232.765625, "low_price": 85848.9609375, "close_price": 86044.6171875, "volume": 4217569280, "coin": "BTC"}
[2025-02-27T10:08:30.745+0000] {subprocess.py:93} INFO - DEBUG: Parsed record: {"low_price": 85848.9609375, "high_price": 86232.765625, "close_price": 86044.6171875, "datetime": "2025-02-27T09:00:00.000Z", "volume": 4217569280, "open_price": 85997.0234375, "coin": "BTC"}
[2025-02-27T10:08:30.745+0000] {subprocess.py:93} INFO - DEBUG: Emitted: BTC	{"timestamp": "2025-02-27T09:00:00.000Z", "low_price": 85848.9609375, "high_price": 86232.765625, "close_price": 86044.6171875, "volume": 4217569280.0, "open_price": 85997.0234375}
[2025-02-27T10:08:30.745+0000] {subprocess.py:93} INFO - DEBUG: Received line: {"datetime": "2025-02-27T10:00:00.000Z", "open_price": 86091.75, "high_price": 86161.09375, "low_price": 85984.9921875, "close_price": 86161.09375, "volume": 1405558784, "coin": "BTC"}
[2025-02-27T10:08:30.746+0000] {subprocess.py:93} INFO - DEBUG: Parsed record: {"low_price": 85984.9921875, "high_price": 86161.09375, "close_price": 86161.09375, "datetime": "2025-02-27T10:00:00.000Z", "volume": 1405558784, "open_price": 86091.75, "coin": "BTC"}
[2025-02-27T10:08:30.746+0000] {subprocess.py:93} INFO - DEBUG: Emitted: BTC	{"timestamp": "2025-02-27T10:00:00.000Z", "low_price": 85984.9921875, "high_price": 86161.09375, "close_price": 86161.09375, "volume": 1405558784.0, "open_price": 86091.75}
[2025-02-27T10:08:30.747+0000] {subprocess.py:93} INFO - DEBUG: Received line: {"datetime": "2025-02-26T10:00:00.000Z", "open_price": 2488.56298828125, "high_price": 2493.3564453125, "low_price": 2477.736083984375, "close_price": 2493.3564453125, "volume": 0, "coin": "ETH"}
[2025-02-27T10:08:30.747+0000] {subprocess.py:93} INFO - DEBUG: Parsed record: {"low_price": 2477.736083984375, "high_price": 2493.3564453125, "close_price": 2493.3564453125, "datetime": "2025-02-26T10:00:00.000Z", "volume": 0, "open_price": 2488.56298828125, "coin": "ETH"}
[2025-02-27T10:08:30.748+0000] {subprocess.py:93} INFO - DEBUG: Emitted: ETH	{"timestamp": "2025-02-26T10:00:00.000Z", "low_price": 2477.736083984375, "high_price": 2493.3564453125, "close_price": 2493.3564453125, "volume": 0.0, "open_price": 2488.56298828125}
[2025-02-27T10:08:30.748+0000] {subprocess.py:93} INFO - DEBUG: Received line: {"datetime": "2025-02-26T11:00:00.000Z", "open_price": 2490.75439453125, "high_price": 2493.138671875, "low_price": 2463.705322265625, "close_price": 2463.705322265625, "volume": 0, "coin": "ETH"}
[2025-02-27T10:08:30.749+0000] {subprocess.py:93} INFO - DEBUG: Parsed record: {"low_price": 2463.705322265625, "high_price": 2493.138671875, "close_price": 2463.705322265625, "datetime": "2025-02-26T11:00:00.000Z", "volume": 0, "open_price": 2490.75439453125, "coin": "ETH"}
[2025-02-27T10:08:30.750+0000] {subprocess.py:93} INFO - DEBUG: Emitted: ETH	{"timestamp": "2025-02-26T11:00:00.000Z", "low_price": 2463.705322265625, "high_price": 2493.138671875, "close_price": 2463.705322265625, "volume": 0.0, "open_price": 2490.75439453125}
[2025-02-27T10:08:30.750+0000] {subprocess.py:93} INFO - DEBUG: Received line: {"datetime": "2025-02-26T12:00:00.000Z", "open_price": 2463.039306640625, "high_price": 2463.494140625, "low_price": 2422.73291015625, "close_price": 2430.748779296875, "volume": 0, "coin": "ETH"}
[2025-02-27T10:08:30.751+0000] {subprocess.py:93} INFO - DEBUG: Parsed record: {"low_price": 2422.73291015625, "high_price": 2463.494140625, "close_price": 2430.748779296875, "datetime": "2025-02-26T12:00:00.000Z", "volume": 0, "open_price": 2463.039306640625, "coin": "ETH"}
[2025-02-27T10:08:30.752+0000] {subprocess.py:93} INFO - DEBUG: Emitted: ETH	{"timestamp": "2025-02-26T12:00:00.000Z", "low_price": 2422.73291015625, "high_price": 2463.494140625, "close_price": 2430.748779296875, "volume": 0.0, "open_price": 2463.039306640625}
[2025-02-27T10:08:30.752+0000] {subprocess.py:93} INFO - DEBUG: Received line: {"datetime": "2025-02-26T13:00:00.000Z", "open_price": 2431.559814453125, "high_price": 2436.929443359375, "low_price": 2412.598876953125, "close_price": 2412.598876953125, "volume": 93186048, "coin": "ETH"}
[2025-02-27T10:08:30.753+0000] {subprocess.py:93} INFO - DEBUG: Parsed record: {"low_price": 2412.598876953125, "high_price": 2436.929443359375, "close_price": 2412.598876953125, "datetime": "2025-02-26T13:00:00.000Z", "volume": 93186048, "open_price": 2431.559814453125, "coin": "ETH"}
[2025-02-27T10:08:30.754+0000] {subprocess.py:93} INFO - DEBUG: Emitted: ETH	{"timestamp": "2025-02-26T13:00:00.000Z", "low_price": 2412.598876953125, "high_price": 2436.929443359375, "close_price": 2412.598876953125, "volume": 93186048.0, "open_price": 2431.559814453125}
[2025-02-27T10:08:30.754+0000] {subprocess.py:93} INFO - DEBUG: Received line: {"datetime": "2025-02-26T14:00:00.000Z", "open_price": 2414.09326171875, "high_price": 2429.480712890625, "low_price": 2370.431396484375, "close_price": 2427.158447265625, "volume": 33951744, "coin": "ETH"}
[2025-02-27T10:08:30.755+0000] {subprocess.py:93} INFO - DEBUG: Parsed record: {"low_price": 2370.431396484375, "high_price": 2429.480712890625, "close_price": 2427.158447265625, "datetime": "2025-02-26T14:00:00.000Z", "volume": 33951744, "open_price": 2414.09326171875, "coin": "ETH"}
[2025-02-27T10:08:30.755+0000] {subprocess.py:93} INFO - DEBUG: Emitted: ETH	{"timestamp": "2025-02-26T14:00:00.000Z", "low_price": 2370.431396484375, "high_price": 2429.480712890625, "close_price": 2427.158447265625, "volume": 33951744.0, "open_price": 2414.09326171875}
[2025-02-27T10:08:30.756+0000] {subprocess.py:93} INFO - DEBUG: Received line: {"datetime": "2025-02-26T15:00:00.000Z", "open_price": 2432.78662109375, "high_price": 2457.0185546875, "low_price": 2425.753662109375, "close_price": 2425.753662109375, "volume": 0, "coin": "ETH"}
[2025-02-27T10:08:30.756+0000] {subprocess.py:93} INFO - DEBUG: Parsed record: {"low_price": 2425.753662109375, "high_price": 2457.0185546875, "close_price": 2425.753662109375, "datetime": "2025-02-26T15:00:00.000Z", "volume": 0, "open_price": 2432.78662109375, "coin": "ETH"}
[2025-02-27T10:08:30.757+0000] {subprocess.py:93} INFO - DEBUG: Emitted: ETH	{"timestamp": "2025-02-26T15:00:00.000Z", "low_price": 2425.753662109375, "high_price": 2457.0185546875, "close_price": 2425.753662109375, "volume": 0.0, "open_price": 2432.78662109375}
[2025-02-27T10:08:30.757+0000] {subprocess.py:93} INFO - DEBUG: Received line: {"datetime": "2025-02-26T16:00:00.000Z", "open_price": 2426.072021484375, "high_price": 2428.357666015625, "low_price": 2386.56201171875, "close_price": 2396.559814453125, "volume": 0, "coin": "ETH"}
[2025-02-27T10:08:30.758+0000] {subprocess.py:93} INFO - DEBUG: Parsed record: {"low_price": 2386.56201171875, "high_price": 2428.357666015625, "close_price": 2396.559814453125, "datetime": "2025-02-26T16:00:00.000Z", "volume": 0, "open_price": 2426.072021484375, "coin": "ETH"}
[2025-02-27T10:08:30.758+0000] {subprocess.py:93} INFO - DEBUG: Emitted: ETH	{"timestamp": "2025-02-26T16:00:00.000Z", "low_price": 2386.56201171875, "high_price": 2428.357666015625, "close_price": 2396.559814453125, "volume": 0.0, "open_price": 2426.072021484375}
[2025-02-27T10:08:30.759+0000] {subprocess.py:93} INFO - DEBUG: Received line: {"datetime": "2025-02-26T17:00:00.000Z", "open_price": 2395.13525390625, "high_price": 2403.67578125, "low_price": 2356.054931640625, "close_price": 2356.054931640625, "volume": 0, "coin": "ETH"}
[2025-02-27T10:08:30.759+0000] {subprocess.py:93} INFO - DEBUG: Parsed record: {"low_price": 2356.054931640625, "high_price": 2403.67578125, "close_price": 2356.054931640625, "datetime": "2025-02-26T17:00:00.000Z", "volume": 0, "open_price": 2395.13525390625, "coin": "ETH"}
[2025-02-27T10:08:30.759+0000] {subprocess.py:93} INFO - DEBUG: Emitted: ETH	{"timestamp": "2025-02-26T17:00:00.000Z", "low_price": 2356.054931640625, "high_price": 2403.67578125, "close_price": 2356.054931640625, "volume": 0.0, "open_price": 2395.13525390625}
[2025-02-27T10:08:30.760+0000] {subprocess.py:93} INFO - DEBUG: Received line: {"datetime": "2025-02-26T18:00:00.000Z", "open_price": 2373.170654296875, "high_price": 2374.824462890625, "low_price": 2280.599365234375, "close_price": 2286.009033203125, "volume": 1601789952, "coin": "ETH"}
[2025-02-27T10:08:30.760+0000] {subprocess.py:93} INFO - DEBUG: Parsed record: {"low_price": 2280.599365234375, "high_price": 2374.824462890625, "close_price": 2286.009033203125, "datetime": "2025-02-26T18:00:00.000Z", "volume": 1601789952, "open_price": 2373.170654296875, "coin": "ETH"}
[2025-02-27T10:08:30.760+0000] {subprocess.py:93} INFO - DEBUG: Emitted: ETH	{"timestamp": "2025-02-26T18:00:00.000Z", "low_price": 2280.599365234375, "high_price": 2374.824462890625, "close_price": 2286.009033203125, "volume": 1601789952.0, "open_price": 2373.170654296875}
[2025-02-27T10:08:30.761+0000] {subprocess.py:93} INFO - DEBUG: Received line: {"datetime": "2025-02-26T19:00:00.000Z", "open_price": 2290.748046875, "high_price": 2314.3095703125, "low_price": 2279.65673828125, "close_price": 2293.515380859375, "volume": 2607962112, "coin": "ETH"}
[2025-02-27T10:08:30.761+0000] {subprocess.py:93} INFO - DEBUG: Parsed record: {"low_price": 2279.65673828125, "high_price": 2314.3095703125, "close_price": 2293.515380859375, "datetime": "2025-02-26T19:00:00.000Z", "volume": 2607962112, "open_price": 2290.748046875, "coin": "ETH"}
[2025-02-27T10:08:30.761+0000] {subprocess.py:93} INFO - DEBUG: Emitted: ETH	{"timestamp": "2025-02-26T19:00:00.000Z", "low_price": 2279.65673828125, "high_price": 2314.3095703125, "close_price": 2293.515380859375, "volume": 2607962112.0, "open_price": 2290.748046875}
[2025-02-27T10:08:30.762+0000] {subprocess.py:93} INFO - DEBUG: Received line: {"datetime": "2025-02-26T20:00:00.000Z", "open_price": 2293.345458984375, "high_price": 2329.70263671875, "low_price": 2259.767333984375, "close_price": 2329.70263671875, "volume": 0, "coin": "ETH"}
[2025-02-27T10:08:30.763+0000] {subprocess.py:93} INFO - DEBUG: Parsed record: {"low_price": 2259.767333984375, "high_price": 2329.70263671875, "close_price": 2329.70263671875, "datetime": "2025-02-26T20:00:00.000Z", "volume": 0, "open_price": 2293.345458984375, "coin": "ETH"}
[2025-02-27T10:08:30.764+0000] {subprocess.py:93} INFO - DEBUG: Emitted: ETH	{"timestamp": "2025-02-26T20:00:00.000Z", "low_price": 2259.767333984375, "high_price": 2329.70263671875, "close_price": 2329.70263671875, "volume": 0.0, "open_price": 2293.345458984375}
[2025-02-27T10:08:30.764+0000] {subprocess.py:93} INFO - DEBUG: Received line: {"datetime": "2025-02-26T21:00:00.000Z", "open_price": 2325.755615234375, "high_price": 2341.589599609375, "low_price": 2300.758544921875, "close_price": 2331.079345703125, "volume": 1882243072, "coin": "ETH"}
[2025-02-27T10:08:30.765+0000] {subprocess.py:93} INFO - DEBUG: Parsed record: {"low_price": 2300.758544921875, "high_price": 2341.589599609375, "close_price": 2331.079345703125, "datetime": "2025-02-26T21:00:00.000Z", "volume": 1882243072, "open_price": 2325.755615234375, "coin": "ETH"}
[2025-02-27T10:08:30.766+0000] {subprocess.py:93} INFO - DEBUG: Emitted: ETH	{"timestamp": "2025-02-26T21:00:00.000Z", "low_price": 2300.758544921875, "high_price": 2341.589599609375, "close_price": 2331.079345703125, "volume": 1882243072.0, "open_price": 2325.755615234375}
[2025-02-27T10:08:30.766+0000] {subprocess.py:93} INFO - DEBUG: Received line: {"datetime": "2025-02-26T22:00:00.000Z", "open_price": 2338.066162109375, "high_price": 2377.204345703125, "low_price": 2338.066162109375, "close_price": 2349.76806640625, "volume": 432113664, "coin": "ETH"}
[2025-02-27T10:08:30.767+0000] {subprocess.py:93} INFO - DEBUG: Parsed record: {"low_price": 2338.066162109375, "high_price": 2377.204345703125, "close_price": 2349.76806640625, "datetime": "2025-02-26T22:00:00.000Z", "volume": 432113664, "open_price": 2338.066162109375, "coin": "ETH"}
[2025-02-27T10:08:30.767+0000] {subprocess.py:93} INFO - DEBUG: Emitted: ETH	{"timestamp": "2025-02-26T22:00:00.000Z", "low_price": 2338.066162109375, "high_price": 2377.204345703125, "close_price": 2349.76806640625, "volume": 432113664.0, "open_price": 2338.066162109375}
[2025-02-27T10:08:30.768+0000] {subprocess.py:93} INFO - DEBUG: Received line: {"datetime": "2025-02-26T23:00:00.000Z", "open_price": 2345.394775390625, "high_price": 2353.857421875, "low_price": 2323.77978515625, "close_price": 2328.45166015625, "volume": 528183296, "coin": "ETH"}
[2025-02-27T10:08:30.768+0000] {subprocess.py:93} INFO - DEBUG: Parsed record: {"low_price": 2323.77978515625, "high_price": 2353.857421875, "close_price": 2328.45166015625, "datetime": "2025-02-26T23:00:00.000Z", "volume": 528183296, "open_price": 2345.394775390625, "coin": "ETH"}
[2025-02-27T10:08:30.768+0000] {subprocess.py:93} INFO - DEBUG: Emitted: ETH	{"timestamp": "2025-02-26T23:00:00.000Z", "low_price": 2323.77978515625, "high_price": 2353.857421875, "close_price": 2328.45166015625, "volume": 528183296.0, "open_price": 2345.394775390625}
[2025-02-27T10:08:30.769+0000] {subprocess.py:93} INFO - DEBUG: Received line: {"datetime": "2025-02-27T00:00:00.000Z", "open_price": 2332.532470703125, "high_price": 2344.32080078125, "low_price": 2320.07080078125, "close_price": 2338.199462890625, "volume": 356386816, "coin": "ETH"}
[2025-02-27T10:08:30.769+0000] {subprocess.py:93} INFO - DEBUG: Parsed record: {"low_price": 2320.07080078125, "high_price": 2344.32080078125, "close_price": 2338.199462890625, "datetime": "2025-02-27T00:00:00.000Z", "volume": 356386816, "open_price": 2332.532470703125, "coin": "ETH"}
[2025-02-27T10:08:30.770+0000] {subprocess.py:93} INFO - DEBUG: Emitted: ETH	{"timestamp": "2025-02-27T00:00:00.000Z", "low_price": 2320.07080078125, "high_price": 2344.32080078125, "close_price": 2338.199462890625, "volume": 356386816.0, "open_price": 2332.532470703125}
[2025-02-27T10:08:30.770+0000] {subprocess.py:93} INFO - DEBUG: Received line: {"datetime": "2025-02-27T01:00:00.000Z", "open_price": 2332.826904296875, "high_price": 2360.077880859375, "low_price": 2316.406005859375, "close_price": 2343.615478515625, "volume": 1208475648, "coin": "ETH"}
[2025-02-27T10:08:30.771+0000] {subprocess.py:93} INFO - DEBUG: Parsed record: {"low_price": 2316.406005859375, "high_price": 2360.077880859375, "close_price": 2343.615478515625, "datetime": "2025-02-27T01:00:00.000Z", "volume": 1208475648, "open_price": 2332.826904296875, "coin": "ETH"}
[2025-02-27T10:08:30.771+0000] {subprocess.py:93} INFO - DEBUG: Emitted: ETH	{"timestamp": "2025-02-27T01:00:00.000Z", "low_price": 2316.406005859375, "high_price": 2360.077880859375, "close_price": 2343.615478515625, "volume": 1208475648.0, "open_price": 2332.826904296875}
[2025-02-27T10:08:30.772+0000] {subprocess.py:93} INFO - DEBUG: Received line: {"datetime": "2025-02-27T02:00:00.000Z", "open_price": 2342.919677734375, "high_price": 2364.8291015625, "low_price": 2328.0986328125, "close_price": 2331.468994140625, "volume": 64030720, "coin": "ETH"}
[2025-02-27T10:08:30.772+0000] {subprocess.py:93} INFO - DEBUG: Parsed record: {"low_price": 2328.0986328125, "high_price": 2364.8291015625, "close_price": 2331.468994140625, "datetime": "2025-02-27T02:00:00.000Z", "volume": 64030720, "open_price": 2342.919677734375, "coin": "ETH"}
[2025-02-27T10:08:30.773+0000] {subprocess.py:93} INFO - DEBUG: Emitted: ETH	{"timestamp": "2025-02-27T02:00:00.000Z", "low_price": 2328.0986328125, "high_price": 2364.8291015625, "close_price": 2331.468994140625, "volume": 64030720.0, "open_price": 2342.919677734375}
[2025-02-27T10:08:30.773+0000] {subprocess.py:93} INFO - DEBUG: Received line: {"datetime": "2025-02-27T03:00:00.000Z", "open_price": 2331.52587890625, "high_price": 2343.66748046875, "low_price": 2322.52490234375, "close_price": 2332.2900390625, "volume": 310413312, "coin": "ETH"}
[2025-02-27T10:08:30.773+0000] {subprocess.py:93} INFO - DEBUG: Parsed record: {"low_price": 2322.52490234375, "high_price": 2343.66748046875, "close_price": 2332.2900390625, "datetime": "2025-02-27T03:00:00.000Z", "volume": 310413312, "open_price": 2331.52587890625, "coin": "ETH"}
[2025-02-27T10:08:30.774+0000] {subprocess.py:93} INFO - DEBUG: Emitted: ETH	{"timestamp": "2025-02-27T03:00:00.000Z", "low_price": 2322.52490234375, "high_price": 2343.66748046875, "close_price": 2332.2900390625, "volume": 310413312.0, "open_price": 2331.52587890625}
[2025-02-27T10:08:30.774+0000] {subprocess.py:93} INFO - DEBUG: Received line: {"datetime": "2025-02-27T04:00:00.000Z", "open_price": 2329.899169921875, "high_price": 2337.529541015625, "low_price": 2303.400390625, "close_price": 2308.365234375, "volume": 256260096, "coin": "ETH"}
[2025-02-27T10:08:30.774+0000] {subprocess.py:93} INFO - DEBUG: Parsed record: {"low_price": 2303.400390625, "high_price": 2337.529541015625, "close_price": 2308.365234375, "datetime": "2025-02-27T04:00:00.000Z", "volume": 256260096, "open_price": 2329.899169921875, "coin": "ETH"}
[2025-02-27T10:08:30.775+0000] {subprocess.py:93} INFO - DEBUG: Emitted: ETH	{"timestamp": "2025-02-27T04:00:00.000Z", "low_price": 2303.400390625, "high_price": 2337.529541015625, "close_price": 2308.365234375, "volume": 256260096.0, "open_price": 2329.899169921875}
[2025-02-27T10:08:30.775+0000] {subprocess.py:93} INFO - DEBUG: Received line: {"datetime": "2025-02-27T05:00:00.000Z", "open_price": 2308.843017578125, "high_price": 2340.91748046875, "low_price": 2308.551513671875, "close_price": 2340.91748046875, "volume": 0, "coin": "ETH"}
[2025-02-27T10:08:30.776+0000] {subprocess.py:93} INFO - DEBUG: Parsed record: {"low_price": 2308.551513671875, "high_price": 2340.91748046875, "close_price": 2340.91748046875, "datetime": "2025-02-27T05:00:00.000Z", "volume": 0, "open_price": 2308.843017578125, "coin": "ETH"}
[2025-02-27T10:08:30.776+0000] {subprocess.py:93} INFO - DEBUG: Emitted: ETH	{"timestamp": "2025-02-27T05:00:00.000Z", "low_price": 2308.551513671875, "high_price": 2340.91748046875, "close_price": 2340.91748046875, "volume": 0.0, "open_price": 2308.843017578125}
[2025-02-27T10:08:30.777+0000] {subprocess.py:93} INFO - DEBUG: Received line: {"datetime": "2025-02-27T06:00:00.000Z", "open_price": 2339.3505859375, "high_price": 2357.8662109375, "low_price": 2333.531005859375, "close_price": 2346.425537109375, "volume": 437243904, "coin": "ETH"}
[2025-02-27T10:08:30.783+0000] {subprocess.py:93} INFO - DEBUG: Parsed record: {"low_price": 2333.531005859375, "high_price": 2357.8662109375, "close_price": 2346.425537109375, "datetime": "2025-02-27T06:00:00.000Z", "volume": 437243904, "open_price": 2339.3505859375, "coin": "ETH"}
[2025-02-27T10:08:30.784+0000] {subprocess.py:93} INFO - DEBUG: Emitted: ETH	{"timestamp": "2025-02-27T06:00:00.000Z", "low_price": 2333.531005859375, "high_price": 2357.8662109375, "close_price": 2346.425537109375, "volume": 437243904.0, "open_price": 2339.3505859375}
[2025-02-27T10:08:30.784+0000] {subprocess.py:93} INFO - DEBUG: Received line: {"datetime": "2025-02-27T07:00:00.000Z", "open_price": 2348.233154296875, "high_price": 2366.92529296875, "low_price": 2346.927978515625, "close_price": 2356.70654296875, "volume": 353822720, "coin": "ETH"}
[2025-02-27T10:08:30.785+0000] {subprocess.py:93} INFO - DEBUG: Parsed record: {"low_price": 2346.927978515625, "high_price": 2366.92529296875, "close_price": 2356.70654296875, "datetime": "2025-02-27T07:00:00.000Z", "volume": 353822720, "open_price": 2348.233154296875, "coin": "ETH"}
[2025-02-27T10:08:30.785+0000] {subprocess.py:93} INFO - DEBUG: Emitted: ETH	{"timestamp": "2025-02-27T07:00:00.000Z", "low_price": 2346.927978515625, "high_price": 2366.92529296875, "close_price": 2356.70654296875, "volume": 353822720.0, "open_price": 2348.233154296875}
[2025-02-27T10:08:30.786+0000] {subprocess.py:93} INFO - DEBUG: Received line: {"datetime": "2025-02-27T08:00:00.000Z", "open_price": 2354.98291015625, "high_price": 2358.557861328125, "low_price": 2344.286865234375, "close_price": 2349.9755859375, "volume": 291115008, "coin": "ETH"}
[2025-02-27T10:08:30.786+0000] {subprocess.py:93} INFO - DEBUG: Parsed record: {"low_price": 2344.286865234375, "high_price": 2358.557861328125, "close_price": 2349.9755859375, "datetime": "2025-02-27T08:00:00.000Z", "volume": 291115008, "open_price": 2354.98291015625, "coin": "ETH"}
[2025-02-27T10:08:30.786+0000] {subprocess.py:93} INFO - DEBUG: Emitted: ETH	{"timestamp": "2025-02-27T08:00:00.000Z", "low_price": 2344.286865234375, "high_price": 2358.557861328125, "close_price": 2349.9755859375, "volume": 291115008.0, "open_price": 2354.98291015625}
[2025-02-27T10:08:30.787+0000] {subprocess.py:93} INFO - DEBUG: Received line: {"datetime": "2025-02-27T09:00:00.000Z", "open_price": 2349.812744140625, "high_price": 2363.654296875, "low_price": 2346.044677734375, "close_price": 2354.90283203125, "volume": 5821308928, "coin": "ETH"}
[2025-02-27T10:08:30.788+0000] {subprocess.py:93} INFO - DEBUG: Parsed record: {"low_price": 2346.044677734375, "high_price": 2363.654296875, "close_price": 2354.90283203125, "datetime": "2025-02-27T09:00:00.000Z", "volume": 5821308928, "open_price": 2349.812744140625, "coin": "ETH"}
[2025-02-27T10:08:30.788+0000] {subprocess.py:93} INFO - DEBUG: Emitted: ETH	{"timestamp": "2025-02-27T09:00:00.000Z", "low_price": 2346.044677734375, "high_price": 2363.654296875, "close_price": 2354.90283203125, "volume": 5821308928.0, "open_price": 2349.812744140625}
[2025-02-27T10:08:30.789+0000] {subprocess.py:93} INFO - DEBUG: Received line: {"datetime": "2025-02-27T10:00:00.000Z", "open_price": 2356.952880859375, "high_price": 2359.03564453125, "low_price": 2356.162109375, "close_price": 2359.03564453125, "volume": 1203193856, "coin": "ETH"}
[2025-02-27T10:08:30.789+0000] {subprocess.py:93} INFO - DEBUG: Parsed record: {"low_price": 2356.162109375, "high_price": 2359.03564453125, "close_price": 2359.03564453125, "datetime": "2025-02-27T10:00:00.000Z", "volume": 1203193856, "open_price": 2356.952880859375, "coin": "ETH"}
[2025-02-27T10:08:30.790+0000] {subprocess.py:93} INFO - DEBUG: Emitted: ETH	{"timestamp": "2025-02-27T10:00:00.000Z", "low_price": 2356.162109375, "high_price": 2359.03564453125, "close_price": 2359.03564453125, "volume": 1203193856.0, "open_price": 2356.952880859375}
[2025-02-27T10:08:30.790+0000] {subprocess.py:93} INFO - DEBUG: Received line: {"datetime": "2025-02-26T10:00:00.000Z", "open_price": 141.7708740234375, "high_price": 141.7708740234375, "low_price": 140.39100646972656, "close_price": 140.70901489257812, "volume": 0, "coin": "SOL"}
[2025-02-27T10:08:30.791+0000] {subprocess.py:93} INFO - DEBUG: Parsed record: {"low_price": 140.39100646972656, "high_price": 141.7708740234375, "close_price": 140.70901489257812, "datetime": "2025-02-26T10:00:00.000Z", "volume": 0, "open_price": 141.7708740234375, "coin": "SOL"}
[2025-02-27T10:08:30.791+0000] {subprocess.py:93} INFO - DEBUG: Emitted: SOL	{"timestamp": "2025-02-26T10:00:00.000Z", "low_price": 140.39100646972656, "high_price": 141.7708740234375, "close_price": 140.70901489257812, "volume": 0.0, "open_price": 141.7708740234375}
[2025-02-27T10:08:30.791+0000] {subprocess.py:93} INFO - DEBUG: Received line: {"datetime": "2025-02-26T11:00:00.000Z", "open_price": 140.7000732421875, "high_price": 140.7000732421875, "low_price": 138.20883178710938, "close_price": 138.20883178710938, "volume": 0, "coin": "SOL"}
[2025-02-27T10:08:30.792+0000] {subprocess.py:93} INFO - DEBUG: Parsed record: {"low_price": 138.20883178710938, "high_price": 140.7000732421875, "close_price": 138.20883178710938, "datetime": "2025-02-26T11:00:00.000Z", "volume": 0, "open_price": 140.7000732421875, "coin": "SOL"}
[2025-02-27T10:08:30.792+0000] {subprocess.py:93} INFO - DEBUG: Emitted: SOL	{"timestamp": "2025-02-26T11:00:00.000Z", "low_price": 138.20883178710938, "high_price": 140.7000732421875, "close_price": 138.20883178710938, "volume": 0.0, "open_price": 140.7000732421875}
[2025-02-27T10:08:30.793+0000] {subprocess.py:93} INFO - DEBUG: Received line: {"datetime": "2025-02-26T12:00:00.000Z", "open_price": 138.19442749023438, "high_price": 138.2832489013672, "low_price": 136.5651397705078, "close_price": 136.77403259277344, "volume": 0, "coin": "SOL"}
[2025-02-27T10:08:30.794+0000] {subprocess.py:93} INFO - DEBUG: Parsed record: {"low_price": 136.5651397705078, "high_price": 138.2832489013672, "close_price": 136.77403259277344, "datetime": "2025-02-26T12:00:00.000Z", "volume": 0, "open_price": 138.19442749023438, "coin": "SOL"}
[2025-02-27T10:08:30.794+0000] {subprocess.py:93} INFO - DEBUG: Emitted: SOL	{"timestamp": "2025-02-26T12:00:00.000Z", "low_price": 136.5651397705078, "high_price": 138.2832489013672, "close_price": 136.77403259277344, "volume": 0.0, "open_price": 138.19442749023438}
[2025-02-27T10:08:30.795+0000] {subprocess.py:93} INFO - DEBUG: Received line: {"datetime": "2025-02-26T13:00:00.000Z", "open_price": 136.83505249023438, "high_price": 137.1586456298828, "low_price": 136.21665954589844, "close_price": 136.21665954589844, "volume": 0, "coin": "SOL"}
[2025-02-27T10:08:30.795+0000] {subprocess.py:93} INFO - DEBUG: Parsed record: {"low_price": 136.21665954589844, "high_price": 137.1586456298828, "close_price": 136.21665954589844, "datetime": "2025-02-26T13:00:00.000Z", "volume": 0, "open_price": 136.83505249023438, "coin": "SOL"}
[2025-02-27T10:08:30.796+0000] {subprocess.py:93} INFO - DEBUG: Emitted: SOL	{"timestamp": "2025-02-26T13:00:00.000Z", "low_price": 136.21665954589844, "high_price": 137.1586456298828, "close_price": 136.21665954589844, "volume": 0.0, "open_price": 136.83505249023438}
[2025-02-27T10:08:30.796+0000] {subprocess.py:93} INFO - DEBUG: Received line: {"datetime": "2025-02-26T14:00:00.000Z", "open_price": 136.28858947753906, "high_price": 137.7576904296875, "low_price": 134.89793395996094, "close_price": 137.7576904296875, "volume": 149466624, "coin": "SOL"}
[2025-02-27T10:08:30.797+0000] {subprocess.py:93} INFO - DEBUG: Parsed record: {"low_price": 134.89793395996094, "high_price": 137.7576904296875, "close_price": 137.7576904296875, "datetime": "2025-02-26T14:00:00.000Z", "volume": 149466624, "open_price": 136.28858947753906, "coin": "SOL"}
[2025-02-27T10:08:30.798+0000] {subprocess.py:93} INFO - DEBUG: Emitted: SOL	{"timestamp": "2025-02-26T14:00:00.000Z", "low_price": 134.89793395996094, "high_price": 137.7576904296875, "close_price": 137.7576904296875, "volume": 149466624.0, "open_price": 136.28858947753906}
[2025-02-27T10:08:30.798+0000] {subprocess.py:93} INFO - DEBUG: Received line: {"datetime": "2025-02-26T15:00:00.000Z", "open_price": 137.93052673339844, "high_price": 140.07113647460938, "low_price": 137.93052673339844, "close_price": 138.89273071289062, "volume": 0, "coin": "SOL"}
[2025-02-27T10:08:30.799+0000] {subprocess.py:93} INFO - DEBUG: Parsed record: {"low_price": 137.93052673339844, "high_price": 140.07113647460938, "close_price": 138.89273071289062, "datetime": "2025-02-26T15:00:00.000Z", "volume": 0, "open_price": 137.93052673339844, "coin": "SOL"}
[2025-02-27T10:08:30.799+0000] {subprocess.py:93} INFO - DEBUG: Emitted: SOL	{"timestamp": "2025-02-26T15:00:00.000Z", "low_price": 137.93052673339844, "high_price": 140.07113647460938, "close_price": 138.89273071289062, "volume": 0.0, "open_price": 137.93052673339844}
[2025-02-27T10:08:30.800+0000] {subprocess.py:93} INFO - DEBUG: Received line: {"datetime": "2025-02-26T16:00:00.000Z", "open_price": 138.94024658203125, "high_price": 139.10919189453125, "low_price": 137.30711364746094, "close_price": 137.3600616455078, "volume": 0, "coin": "SOL"}
[2025-02-27T10:08:30.801+0000] {subprocess.py:93} INFO - DEBUG: Parsed record: {"low_price": 137.30711364746094, "high_price": 139.10919189453125, "close_price": 137.3600616455078, "datetime": "2025-02-26T16:00:00.000Z", "volume": 0, "open_price": 138.94024658203125, "coin": "SOL"}
[2025-02-27T10:08:30.801+0000] {subprocess.py:93} INFO - DEBUG: Emitted: SOL	{"timestamp": "2025-02-26T16:00:00.000Z", "low_price": 137.30711364746094, "high_price": 139.10919189453125, "close_price": 137.3600616455078, "volume": 0.0, "open_price": 138.94024658203125}
[2025-02-27T10:08:30.801+0000] {subprocess.py:93} INFO - DEBUG: Received line: {"datetime": "2025-02-26T17:00:00.000Z", "open_price": 137.30311584472656, "high_price": 137.37725830078125, "low_price": 133.35707092285156, "close_price": 133.35707092285156, "volume": 0, "coin": "SOL"}
[2025-02-27T10:08:30.802+0000] {subprocess.py:93} INFO - DEBUG: Parsed record: {"low_price": 133.35707092285156, "high_price": 137.37725830078125, "close_price": 133.35707092285156, "datetime": "2025-02-26T17:00:00.000Z", "volume": 0, "open_price": 137.30311584472656, "coin": "SOL"}
[2025-02-27T10:08:30.802+0000] {subprocess.py:93} INFO - DEBUG: Emitted: SOL	{"timestamp": "2025-02-26T17:00:00.000Z", "low_price": 133.35707092285156, "high_price": 137.37725830078125, "close_price": 133.35707092285156, "volume": 0.0, "open_price": 137.30311584472656}
[2025-02-27T10:08:30.803+0000] {subprocess.py:93} INFO - DEBUG: Received line: {"datetime": "2025-02-26T18:00:00.000Z", "open_price": 133.4832763671875, "high_price": 134.28997802734375, "low_price": 130.7115020751953, "close_price": 130.77430725097656, "volume": 315484928, "coin": "SOL"}
[2025-02-27T10:08:30.803+0000] {subprocess.py:93} INFO - DEBUG: Parsed record: {"low_price": 130.7115020751953, "high_price": 134.28997802734375, "close_price": 130.77430725097656, "datetime": "2025-02-26T18:00:00.000Z", "volume": 315484928, "open_price": 133.4832763671875, "coin": "SOL"}
[2025-02-27T10:08:30.804+0000] {subprocess.py:93} INFO - DEBUG: Emitted: SOL	{"timestamp": "2025-02-26T18:00:00.000Z", "low_price": 130.7115020751953, "high_price": 134.28997802734375, "close_price": 130.77430725097656, "volume": 315484928.0, "open_price": 133.4832763671875}
[2025-02-27T10:08:30.804+0000] {subprocess.py:93} INFO - DEBUG: Received line: {"datetime": "2025-02-26T19:00:00.000Z", "open_price": 130.93914794921875, "high_price": 133.0337677001953, "low_price": 130.91722106933594, "close_price": 131.86093139648438, "volume": 241394176, "coin": "SOL"}
[2025-02-27T10:08:30.805+0000] {subprocess.py:93} INFO - DEBUG: Parsed record: {"low_price": 130.91722106933594, "high_price": 133.0337677001953, "close_price": 131.86093139648438, "datetime": "2025-02-26T19:00:00.000Z", "volume": 241394176, "open_price": 130.93914794921875, "coin": "SOL"}
[2025-02-27T10:08:30.805+0000] {subprocess.py:93} INFO - DEBUG: Emitted: SOL	{"timestamp": "2025-02-26T19:00:00.000Z", "low_price": 130.91722106933594, "high_price": 133.0337677001953, "close_price": 131.86093139648438, "volume": 241394176.0, "open_price": 130.93914794921875}
[2025-02-27T10:08:30.806+0000] {subprocess.py:93} INFO - DEBUG: Received line: {"datetime": "2025-02-26T20:00:00.000Z", "open_price": 131.83303833007812, "high_price": 135.1509552001953, "low_price": 131.3743896484375, "close_price": 135.09347534179688, "volume": 174727168, "coin": "SOL"}
[2025-02-27T10:08:30.806+0000] {subprocess.py:93} INFO - DEBUG: Parsed record: {"low_price": 131.3743896484375, "high_price": 135.1509552001953, "close_price": 135.09347534179688, "datetime": "2025-02-26T20:00:00.000Z", "volume": 174727168, "open_price": 131.83303833007812, "coin": "SOL"}
[2025-02-27T10:08:30.807+0000] {subprocess.py:93} INFO - DEBUG: Emitted: SOL	{"timestamp": "2025-02-26T20:00:00.000Z", "low_price": 131.3743896484375, "high_price": 135.1509552001953, "close_price": 135.09347534179688, "volume": 174727168.0, "open_price": 131.83303833007812}
[2025-02-27T10:08:30.807+0000] {subprocess.py:93} INFO - DEBUG: Received line: {"datetime": "2025-02-26T21:00:00.000Z", "open_price": 135.04331970214844, "high_price": 136.1850128173828, "low_price": 134.13272094726562, "close_price": 135.0355682373047, "volume": 132695040, "coin": "SOL"}
[2025-02-27T10:08:30.807+0000] {subprocess.py:93} INFO - DEBUG: Parsed record: {"low_price": 134.13272094726562, "high_price": 136.1850128173828, "close_price": 135.0355682373047, "datetime": "2025-02-26T21:00:00.000Z", "volume": 132695040, "open_price": 135.04331970214844, "coin": "SOL"}
[2025-02-27T10:08:30.808+0000] {subprocess.py:93} INFO - DEBUG: Emitted: SOL	{"timestamp": "2025-02-26T21:00:00.000Z", "low_price": 134.13272094726562, "high_price": 136.1850128173828, "close_price": 135.0355682373047, "volume": 132695040.0, "open_price": 135.04331970214844}
[2025-02-27T10:08:30.808+0000] {subprocess.py:93} INFO - DEBUG: Received line: {"datetime": "2025-02-26T22:00:00.000Z", "open_price": 135.3206329345703, "high_price": 137.2047576904297, "low_price": 135.3206329345703, "close_price": 135.83172607421875, "volume": 32930816, "coin": "SOL"}
[2025-02-27T10:08:30.809+0000] {subprocess.py:93} INFO - DEBUG: Parsed record: {"low_price": 135.3206329345703, "high_price": 137.2047576904297, "close_price": 135.83172607421875, "datetime": "2025-02-26T22:00:00.000Z", "volume": 32930816, "open_price": 135.3206329345703, "coin": "SOL"}
[2025-02-27T10:08:30.809+0000] {subprocess.py:93} INFO - DEBUG: Emitted: SOL	{"timestamp": "2025-02-26T22:00:00.000Z", "low_price": 135.3206329345703, "high_price": 137.2047576904297, "close_price": 135.83172607421875, "volume": 32930816.0, "open_price": 135.3206329345703}
[2025-02-27T10:08:30.810+0000] {subprocess.py:93} INFO - DEBUG: Received line: {"datetime": "2025-02-26T23:00:00.000Z", "open_price": 135.82211303710938, "high_price": 136.26834106445312, "low_price": 134.5944366455078, "close_price": 134.8170928955078, "volume": 0, "coin": "SOL"}
[2025-02-27T10:08:30.811+0000] {subprocess.py:93} INFO - DEBUG: Parsed record: {"low_price": 134.5944366455078, "high_price": 136.26834106445312, "close_price": 134.8170928955078, "datetime": "2025-02-26T23:00:00.000Z", "volume": 0, "open_price": 135.82211303710938, "coin": "SOL"}
[2025-02-27T10:08:30.811+0000] {subprocess.py:93} INFO - DEBUG: Emitted: SOL	{"timestamp": "2025-02-26T23:00:00.000Z", "low_price": 134.5944366455078, "high_price": 136.26834106445312, "close_price": 134.8170928955078, "volume": 0.0, "open_price": 135.82211303710938}
[2025-02-27T10:08:30.812+0000] {subprocess.py:93} INFO - DEBUG: Received line: {"datetime": "2025-02-27T00:00:00.000Z", "open_price": 134.8675079345703, "high_price": 136.7035369873047, "low_price": 134.8675079345703, "close_price": 136.60684204101562, "volume": 45371904, "coin": "SOL"}
[2025-02-27T10:08:30.813+0000] {subprocess.py:93} INFO - DEBUG: Parsed record: {"low_price": 134.8675079345703, "high_price": 136.7035369873047, "close_price": 136.60684204101562, "datetime": "2025-02-27T00:00:00.000Z", "volume": 45371904, "open_price": 134.8675079345703, "coin": "SOL"}
[2025-02-27T10:08:30.813+0000] {subprocess.py:93} INFO - DEBUG: Emitted: SOL	{"timestamp": "2025-02-27T00:00:00.000Z", "low_price": 134.8675079345703, "high_price": 136.7035369873047, "close_price": 136.60684204101562, "volume": 45371904.0, "open_price": 134.8675079345703}
[2025-02-27T10:08:30.814+0000] {subprocess.py:93} INFO - DEBUG: Received line: {"datetime": "2025-02-27T01:00:00.000Z", "open_price": 135.97393798828125, "high_price": 137.99508666992188, "low_price": 135.15660095214844, "close_price": 137.19895935058594, "volume": 73223680, "coin": "SOL"}
[2025-02-27T10:08:30.814+0000] {subprocess.py:93} INFO - DEBUG: Parsed record: {"low_price": 135.15660095214844, "high_price": 137.99508666992188, "close_price": 137.19895935058594, "datetime": "2025-02-27T01:00:00.000Z", "volume": 73223680, "open_price": 135.97393798828125, "coin": "SOL"}
[2025-02-27T10:08:30.815+0000] {subprocess.py:93} INFO - DEBUG: Emitted: SOL	{"timestamp": "2025-02-27T01:00:00.000Z", "low_price": 135.15660095214844, "high_price": 137.99508666992188, "close_price": 137.19895935058594, "volume": 73223680.0, "open_price": 135.97393798828125}
[2025-02-27T10:08:30.815+0000] {subprocess.py:93} INFO - DEBUG: Received line: {"datetime": "2025-02-27T02:00:00.000Z", "open_price": 136.93316650390625, "high_price": 137.830322265625, "low_price": 135.6988983154297, "close_price": 135.6988983154297, "volume": 28258816, "coin": "SOL"}
[2025-02-27T10:08:30.816+0000] {subprocess.py:93} INFO - DEBUG: Parsed record: {"low_price": 135.6988983154297, "high_price": 137.830322265625, "close_price": 135.6988983154297, "datetime": "2025-02-27T02:00:00.000Z", "volume": 28258816, "open_price": 136.93316650390625, "coin": "SOL"}
[2025-02-27T10:08:30.816+0000] {subprocess.py:93} INFO - DEBUG: Emitted: SOL	{"timestamp": "2025-02-27T02:00:00.000Z", "low_price": 135.6988983154297, "high_price": 137.830322265625, "close_price": 135.6988983154297, "volume": 28258816.0, "open_price": 136.93316650390625}
[2025-02-27T10:08:30.817+0000] {subprocess.py:93} INFO - DEBUG: Received line: {"datetime": "2025-02-27T03:00:00.000Z", "open_price": 135.64569091796875, "high_price": 138.7979736328125, "low_price": 135.6219940185547, "close_price": 138.6937713623047, "volume": 26070528, "coin": "SOL"}
[2025-02-27T10:08:30.817+0000] {subprocess.py:93} INFO - DEBUG: Parsed record: {"low_price": 135.6219940185547, "high_price": 138.7979736328125, "close_price": 138.6937713623047, "datetime": "2025-02-27T03:00:00.000Z", "volume": 26070528, "open_price": 135.64569091796875, "coin": "SOL"}
[2025-02-27T10:08:30.818+0000] {subprocess.py:93} INFO - DEBUG: Emitted: SOL	{"timestamp": "2025-02-27T03:00:00.000Z", "low_price": 135.6219940185547, "high_price": 138.7979736328125, "close_price": 138.6937713623047, "volume": 26070528.0, "open_price": 135.64569091796875}
[2025-02-27T10:08:30.819+0000] {subprocess.py:93} INFO - DEBUG: Received line: {"datetime": "2025-02-27T04:00:00.000Z", "open_price": 138.6573486328125, "high_price": 139.0325469970703, "low_price": 137.0433349609375, "close_price": 137.8291015625, "volume": 0, "coin": "SOL"}
[2025-02-27T10:08:30.819+0000] {subprocess.py:93} INFO - DEBUG: Parsed record: {"low_price": 137.0433349609375, "high_price": 139.0325469970703, "close_price": 137.8291015625, "datetime": "2025-02-27T04:00:00.000Z", "volume": 0, "open_price": 138.6573486328125, "coin": "SOL"}
[2025-02-27T10:08:30.819+0000] {subprocess.py:93} INFO - DEBUG: Emitted: SOL	{"timestamp": "2025-02-27T04:00:00.000Z", "low_price": 137.0433349609375, "high_price": 139.0325469970703, "close_price": 137.8291015625, "volume": 0.0, "open_price": 138.6573486328125}
[2025-02-27T10:08:30.820+0000] {subprocess.py:93} INFO - DEBUG: Received line: {"datetime": "2025-02-27T05:00:00.000Z", "open_price": 137.84889221191406, "high_price": 139.6351776123047, "low_price": 137.71023559570312, "close_price": 139.6247100830078, "volume": 57325568, "coin": "SOL"}
[2025-02-27T10:08:30.820+0000] {subprocess.py:93} INFO - DEBUG: Parsed record: {"low_price": 137.71023559570312, "high_price": 139.6351776123047, "close_price": 139.6247100830078, "datetime": "2025-02-27T05:00:00.000Z", "volume": 57325568, "open_price": 137.84889221191406, "coin": "SOL"}
[2025-02-27T10:08:30.820+0000] {subprocess.py:93} INFO - DEBUG: Emitted: SOL	{"timestamp": "2025-02-27T05:00:00.000Z", "low_price": 137.71023559570312, "high_price": 139.6351776123047, "close_price": 139.6247100830078, "volume": 57325568.0, "open_price": 137.84889221191406}
[2025-02-27T10:08:30.821+0000] {subprocess.py:93} INFO - DEBUG: Received line: {"datetime": "2025-02-27T06:00:00.000Z", "open_price": 139.59181213378906, "high_price": 142.12982177734375, "low_price": 139.59181213378906, "close_price": 142.00355529785156, "volume": 165191680, "coin": "SOL"}
[2025-02-27T10:08:30.821+0000] {subprocess.py:93} INFO - DEBUG: Parsed record: {"low_price": 139.59181213378906, "high_price": 142.12982177734375, "close_price": 142.00355529785156, "datetime": "2025-02-27T06:00:00.000Z", "volume": 165191680, "open_price": 139.59181213378906, "coin": "SOL"}
[2025-02-27T10:08:30.822+0000] {subprocess.py:93} INFO - DEBUG: Emitted: SOL	{"timestamp": "2025-02-27T06:00:00.000Z", "low_price": 139.59181213378906, "high_price": 142.12982177734375, "close_price": 142.00355529785156, "volume": 165191680.0, "open_price": 139.59181213378906}
[2025-02-27T10:08:30.822+0000] {subprocess.py:93} INFO - DEBUG: Received line: {"datetime": "2025-02-27T07:00:00.000Z", "open_price": 142.04039001464844, "high_price": 142.04039001464844, "low_price": 141.14935302734375, "close_price": 141.29470825195312, "volume": 9073664, "coin": "SOL"}
[2025-02-27T10:08:30.822+0000] {subprocess.py:93} INFO - DEBUG: Parsed record: {"low_price": 141.14935302734375, "high_price": 142.04039001464844, "close_price": 141.29470825195312, "datetime": "2025-02-27T07:00:00.000Z", "volume": 9073664, "open_price": 142.04039001464844, "coin": "SOL"}
[2025-02-27T10:08:30.823+0000] {subprocess.py:93} INFO - DEBUG: Emitted: SOL	{"timestamp": "2025-02-27T07:00:00.000Z", "low_price": 141.14935302734375, "high_price": 142.04039001464844, "close_price": 141.29470825195312, "volume": 9073664.0, "open_price": 142.04039001464844}
[2025-02-27T10:08:30.823+0000] {subprocess.py:93} INFO - DEBUG: Received line: {"datetime": "2025-02-27T08:00:00.000Z", "open_price": 141.2582244873047, "high_price": 141.2582244873047, "low_price": 139.2867431640625, "close_price": 139.32542419433594, "volume": 0, "coin": "SOL"}
[2025-02-27T10:08:30.824+0000] {subprocess.py:93} INFO - DEBUG: Parsed record: {"low_price": 139.2867431640625, "high_price": 141.2582244873047, "close_price": 139.32542419433594, "datetime": "2025-02-27T08:00:00.000Z", "volume": 0, "open_price": 141.2582244873047, "coin": "SOL"}
[2025-02-27T10:08:30.824+0000] {subprocess.py:93} INFO - DEBUG: Emitted: SOL	{"timestamp": "2025-02-27T08:00:00.000Z", "low_price": 139.2867431640625, "high_price": 141.2582244873047, "close_price": 139.32542419433594, "volume": 0.0, "open_price": 141.2582244873047}
[2025-02-27T10:08:30.825+0000] {subprocess.py:93} INFO - DEBUG: Received line: {"datetime": "2025-02-27T09:00:00.000Z", "open_price": 139.32424926757812, "high_price": 141.04457092285156, "low_price": 139.32424926757812, "close_price": 140.329833984375, "volume": 36724736, "coin": "SOL"}
[2025-02-27T10:08:30.825+0000] {subprocess.py:93} INFO - DEBUG: Parsed record: {"low_price": 139.32424926757812, "high_price": 141.04457092285156, "close_price": 140.329833984375, "datetime": "2025-02-27T09:00:00.000Z", "volume": 36724736, "open_price": 139.32424926757812, "coin": "SOL"}
[2025-02-27T10:08:30.826+0000] {subprocess.py:93} INFO - DEBUG: Emitted: SOL	{"timestamp": "2025-02-27T09:00:00.000Z", "low_price": 139.32424926757812, "high_price": 141.04457092285156, "close_price": 140.329833984375, "volume": 36724736.0, "open_price": 139.32424926757812}
[2025-02-27T10:08:30.826+0000] {subprocess.py:93} INFO - DEBUG: Received line: {"datetime": "2025-02-27T10:00:00.000Z", "open_price": 140.38316345214844, "high_price": 140.5686492919922, "low_price": 140.38316345214844, "close_price": 140.5387420654297, "volume": 1502208, "coin": "SOL"}
[2025-02-27T10:08:30.827+0000] {subprocess.py:93} INFO - DEBUG: Parsed record: {"low_price": 140.38316345214844, "high_price": 140.5686492919922, "close_price": 140.5387420654297, "datetime": "2025-02-27T10:00:00.000Z", "volume": 1502208, "open_price": 140.38316345214844, "coin": "SOL"}
[2025-02-27T10:08:30.828+0000] {subprocess.py:93} INFO - DEBUG: Emitted: SOL	{"timestamp": "2025-02-27T10:00:00.000Z", "low_price": 140.38316345214844, "high_price": 140.5686492919922, "close_price": 140.5387420654297, "volume": 1502208.0, "open_price": 140.38316345214844}
[2025-02-27T10:08:30.830+0000] {subprocess.py:93} INFO - 2025-02-27 10:08:30,714 INFO streaming.PipeMapRed: MRErrorThread done
[2025-02-27T10:08:30.830+0000] {subprocess.py:93} INFO - 2025-02-27 10:08:30,718 INFO streaming.PipeMapRed: mapRedFinished
[2025-02-27T10:08:30.831+0000] {subprocess.py:93} INFO - 2025-02-27 10:08:30,723 INFO mapred.LocalJobRunner:
[2025-02-27T10:08:30.832+0000] {subprocess.py:93} INFO - 2025-02-27 10:08:30,723 INFO mapred.MapTask: Starting flush of map output
[2025-02-27T10:08:30.832+0000] {subprocess.py:93} INFO - 2025-02-27 10:08:30,723 INFO mapred.MapTask: Spilling map output
[2025-02-27T10:08:30.833+0000] {subprocess.py:93} INFO - 2025-02-27 10:08:30,723 INFO mapred.MapTask: bufstart = 0; bufend = 14410; bufvoid = 104857600
[2025-02-27T10:08:30.834+0000] {subprocess.py:93} INFO - 2025-02-27 10:08:30,723 INFO mapred.MapTask: kvstart = 26214396(104857584); kvend = 26214100(104856400); length = 297/6553600
[2025-02-27T10:08:30.835+0000] {subprocess.py:93} INFO - 2025-02-27 10:08:30,735 INFO mapred.MapTask: Finished spill 0
[2025-02-27T10:08:30.835+0000] {subprocess.py:93} INFO - 2025-02-27 10:08:30,750 INFO mapred.Task: Task:attempt_local133216844_0001_m_000000_0 is done. And is in the process of committing
[2025-02-27T10:08:30.836+0000] {subprocess.py:93} INFO - 2025-02-27 10:08:30,756 INFO mapred.LocalJobRunner: Records R/W=75/1
[2025-02-27T10:08:30.836+0000] {subprocess.py:93} INFO - 2025-02-27 10:08:30,756 INFO mapred.Task: Task 'attempt_local133216844_0001_m_000000_0' done.
[2025-02-27T10:08:30.837+0000] {subprocess.py:93} INFO - 2025-02-27 10:08:30,770 INFO mapred.Task: Final Counters for attempt_local133216844_0001_m_000000_0: Counters: 23
[2025-02-27T10:08:30.837+0000] {subprocess.py:93} INFO - 	File System Counters
[2025-02-27T10:08:30.838+0000] {subprocess.py:93} INFO - 		FILE: Number of bytes read=180901
[2025-02-27T10:08:30.839+0000] {subprocess.py:93} INFO - 		FILE: Number of bytes written=724584
[2025-02-27T10:08:30.839+0000] {subprocess.py:93} INFO - 		FILE: Number of read operations=0
[2025-02-27T10:08:30.840+0000] {subprocess.py:93} INFO - 		FILE: Number of large read operations=0
[2025-02-27T10:08:30.840+0000] {subprocess.py:93} INFO - 		FILE: Number of write operations=0
[2025-02-27T10:08:30.841+0000] {subprocess.py:93} INFO - 		HDFS: Number of bytes read=14935
[2025-02-27T10:08:30.841+0000] {subprocess.py:93} INFO - 		HDFS: Number of bytes written=0
[2025-02-27T10:08:30.842+0000] {subprocess.py:93} INFO - 		HDFS: Number of read operations=5
[2025-02-27T10:08:30.843+0000] {subprocess.py:93} INFO - 		HDFS: Number of large read operations=0
[2025-02-27T10:08:30.843+0000] {subprocess.py:93} INFO - 		HDFS: Number of write operations=1
[2025-02-27T10:08:30.844+0000] {subprocess.py:93} INFO - 		HDFS: Number of bytes read erasure-coded=0
[2025-02-27T10:08:30.844+0000] {subprocess.py:93} INFO - 	Map-Reduce Framework
[2025-02-27T10:08:30.845+0000] {subprocess.py:93} INFO - 		Map input records=75
[2025-02-27T10:08:30.845+0000] {subprocess.py:93} INFO - 		Map output records=75
[2025-02-27T10:08:30.846+0000] {subprocess.py:93} INFO - 		Map output bytes=14410
[2025-02-27T10:08:30.846+0000] {subprocess.py:93} INFO - 		Map output materialized bytes=14641
[2025-02-27T10:08:30.847+0000] {subprocess.py:93} INFO - 		Input split bytes=137
[2025-02-27T10:08:30.847+0000] {subprocess.py:93} INFO - 		Combine input records=0
[2025-02-27T10:08:30.848+0000] {subprocess.py:93} INFO - 		Spilled Records=75
[2025-02-27T10:08:30.849+0000] {subprocess.py:93} INFO - 		Failed Shuffles=0
[2025-02-27T10:08:30.849+0000] {subprocess.py:93} INFO - 		Merged Map outputs=0
[2025-02-27T10:08:30.850+0000] {subprocess.py:93} INFO - 		GC time elapsed (ms)=0
[2025-02-27T10:08:30.850+0000] {subprocess.py:93} INFO - 		Total committed heap usage (bytes)=280494080
[2025-02-27T10:08:30.851+0000] {subprocess.py:93} INFO - 	File Input Format Counters
[2025-02-27T10:08:30.852+0000] {subprocess.py:93} INFO - 		Bytes Read=14935
[2025-02-27T10:08:30.852+0000] {subprocess.py:93} INFO - 2025-02-27 10:08:30,770 INFO mapred.LocalJobRunner: Finishing task: attempt_local133216844_0001_m_000000_0
[2025-02-27T10:08:30.853+0000] {subprocess.py:93} INFO - 2025-02-27 10:08:30,770 INFO mapred.LocalJobRunner: map task executor complete.
[2025-02-27T10:08:30.853+0000] {subprocess.py:93} INFO - 2025-02-27 10:08:30,774 INFO mapred.LocalJobRunner: Waiting for reduce tasks
[2025-02-27T10:08:30.854+0000] {subprocess.py:93} INFO - 2025-02-27 10:08:30,786 INFO mapred.LocalJobRunner: Starting task: attempt_local133216844_0001_r_000000_0
[2025-02-27T10:08:30.855+0000] {subprocess.py:93} INFO - 2025-02-27 10:08:30,796 INFO output.FileOutputCommitter: File Output Committer Algorithm version is 2
[2025-02-27T10:08:30.855+0000] {subprocess.py:93} INFO - 2025-02-27 10:08:30,796 INFO output.FileOutputCommitter: FileOutputCommitter skip cleanup _temporary folders under output directory:false, ignore cleanup failures: false
[2025-02-27T10:08:30.856+0000] {subprocess.py:93} INFO - 2025-02-27 10:08:30,797 INFO mapred.Task:  Using ResourceCalculatorProcessTree : [ ]
[2025-02-27T10:08:30.856+0000] {subprocess.py:93} INFO - 2025-02-27 10:08:30,801 INFO mapred.ReduceTask: Using ShuffleConsumerPlugin: org.apache.hadoop.mapreduce.task.reduce.Shuffle@279c6f87
[2025-02-27T10:08:30.859+0000] {subprocess.py:93} INFO - 2025-02-27 10:08:30,804 WARN impl.MetricsSystemImpl: JobTracker metrics system already initialized!
[2025-02-27T10:08:30.860+0000] {subprocess.py:93} INFO - 2025-02-27 10:08:30,827 INFO reduce.MergeManagerImpl: MergerManager: memoryLimit=668309888, maxSingleShuffleLimit=167077472, mergeThreshold=441084544, ioSortFactor=10, memToMemMergeOutputsThreshold=10
[2025-02-27T10:08:30.861+0000] {subprocess.py:93} INFO - 2025-02-27 10:08:30,831 INFO reduce.EventFetcher: attempt_local133216844_0001_r_000000_0 Thread started: EventFetcher for fetching Map Completion Events
[2025-02-27T10:08:30.873+0000] {subprocess.py:93} INFO - 2025-02-27 10:08:30,871 INFO reduce.LocalFetcher: localfetcher#1 about to shuffle output of map attempt_local133216844_0001_m_000000_0 decomp: 14637 len: 14641 to MEMORY
[2025-02-27T10:08:30.879+0000] {subprocess.py:93} INFO - 2025-02-27 10:08:30,878 INFO reduce.InMemoryMapOutput: Read 14637 bytes from map-output for attempt_local133216844_0001_m_000000_0
[2025-02-27T10:08:30.882+0000] {subprocess.py:93} INFO - 2025-02-27 10:08:30,880 INFO reduce.MergeManagerImpl: closeInMemoryFile -> map-output of size: 14637, inMemoryMapOutputs.size() -> 1, commitMemory -> 0, usedMemory ->14637
[2025-02-27T10:08:30.884+0000] {subprocess.py:93} INFO - 2025-02-27 10:08:30,882 INFO reduce.EventFetcher: EventFetcher is interrupted.. Returning
[2025-02-27T10:08:30.887+0000] {subprocess.py:93} INFO - 2025-02-27 10:08:30,885 INFO mapred.LocalJobRunner: 1 / 1 copied.
[2025-02-27T10:08:30.888+0000] {subprocess.py:93} INFO - 2025-02-27 10:08:30,885 INFO reduce.MergeManagerImpl: finalMerge called with 1 in-memory map-outputs and 0 on-disk map-outputs
[2025-02-27T10:08:30.896+0000] {subprocess.py:93} INFO - 2025-02-27 10:08:30,894 INFO mapred.Merger: Merging 1 sorted segments
[2025-02-27T10:08:30.897+0000] {subprocess.py:93} INFO - 2025-02-27 10:08:30,895 INFO mapred.Merger: Down to the last merge-pass, with 1 segments left of total size: 14630 bytes
[2025-02-27T10:08:30.899+0000] {subprocess.py:93} INFO - 2025-02-27 10:08:30,897 INFO reduce.MergeManagerImpl: Merged 1 segments, 14637 bytes to disk to satisfy reduce memory limit
[2025-02-27T10:08:30.900+0000] {subprocess.py:93} INFO - 2025-02-27 10:08:30,898 INFO reduce.MergeManagerImpl: Merging 1 files, 14641 bytes from disk
[2025-02-27T10:08:30.902+0000] {subprocess.py:93} INFO - 2025-02-27 10:08:30,900 INFO reduce.MergeManagerImpl: Merging 0 segments, 0 bytes from memory into reduce
[2025-02-27T10:08:30.903+0000] {subprocess.py:93} INFO - 2025-02-27 10:08:30,900 INFO mapred.Merger: Merging 1 sorted segments
[2025-02-27T10:08:30.906+0000] {subprocess.py:93} INFO - 2025-02-27 10:08:30,903 INFO mapred.Merger: Down to the last merge-pass, with 1 segments left of total size: 14630 bytes
[2025-02-27T10:08:30.907+0000] {subprocess.py:93} INFO - 2025-02-27 10:08:30,905 INFO mapred.LocalJobRunner: 1 / 1 copied.
[2025-02-27T10:08:30.911+0000] {subprocess.py:93} INFO - 2025-02-27 10:08:30,910 INFO streaming.PipeMapRed: PipeMapRed exec [/usr/bin/python, reducer.py]
[2025-02-27T10:08:30.915+0000] {subprocess.py:93} INFO - 2025-02-27 10:08:30,913 INFO Configuration.deprecation: mapred.job.tracker is deprecated. Instead, use mapreduce.jobtracker.address
[2025-02-27T10:08:30.916+0000] {subprocess.py:93} INFO - 2025-02-27 10:08:30,914 INFO Configuration.deprecation: mapred.map.tasks is deprecated. Instead, use mapreduce.job.maps
[2025-02-27T10:08:30.967+0000] {subprocess.py:93} INFO - 2025-02-27 10:08:30,964 INFO streaming.PipeMapRed: R/W/S=1/0/0 in:NA [rec/s] out:NA [rec/s]
[2025-02-27T10:08:30.968+0000] {subprocess.py:93} INFO - 2025-02-27 10:08:30,965 INFO streaming.PipeMapRed: R/W/S=10/0/0 in:NA [rec/s] out:NA [rec/s]
[2025-02-27T10:08:30.973+0000] {subprocess.py:93} INFO - 2025-02-27 10:08:30,971 INFO streaming.PipeMapRed: Records R/W=75/1
[2025-02-27T10:08:30.977+0000] {subprocess.py:93} INFO - 2025-02-27 10:08:30,975 INFO streaming.PipeMapRed: MRErrorThread done
[2025-02-27T10:08:30.978+0000] {subprocess.py:93} INFO - 2025-02-27 10:08:30,976 INFO streaming.PipeMapRed: mapRedFinished
[2025-02-27T10:08:31.004+0000] {subprocess.py:93} INFO - 2025-02-27 10:08:31,002 INFO sasl.SaslDataTransferClient: SASL encryption trust check: localHostTrusted = false, remoteHostTrusted = false
[2025-02-27T10:08:31.039+0000] {subprocess.py:93} INFO - 2025-02-27 10:08:31,037 INFO mapred.Task: Task:attempt_local133216844_0001_r_000000_0 is done. And is in the process of committing
[2025-02-27T10:08:31.043+0000] {subprocess.py:93} INFO - 2025-02-27 10:08:31,041 INFO mapred.LocalJobRunner: 1 / 1 copied.
[2025-02-27T10:08:31.044+0000] {subprocess.py:93} INFO - 2025-02-27 10:08:31,042 INFO mapred.Task: Task attempt_local133216844_0001_r_000000_0 is allowed to commit now
[2025-02-27T10:08:31.071+0000] {subprocess.py:93} INFO - 2025-02-27 10:08:31,069 INFO output.FileOutputCommitter: Saved output of task 'attempt_local133216844_0001_r_000000_0' to hdfs://namenode:9000/user/etudiant/crypto/processed/YYYY=2025/MM=02/DD=27
[2025-02-27T10:08:31.074+0000] {subprocess.py:93} INFO - 2025-02-27 10:08:31,071 INFO mapred.LocalJobRunner: Records R/W=75/1 > reduce
[2025-02-27T10:08:31.075+0000] {subprocess.py:93} INFO - 2025-02-27 10:08:31,071 INFO mapred.Task: Task 'attempt_local133216844_0001_r_000000_0' done.
[2025-02-27T10:08:31.076+0000] {subprocess.py:93} INFO - 2025-02-27 10:08:31,073 INFO mapred.Task: Final Counters for attempt_local133216844_0001_r_000000_0: Counters: 30
[2025-02-27T10:08:31.077+0000] {subprocess.py:93} INFO - 	File System Counters
[2025-02-27T10:08:31.078+0000] {subprocess.py:93} INFO - 		FILE: Number of bytes read=210215
[2025-02-27T10:08:31.079+0000] {subprocess.py:93} INFO - 		FILE: Number of bytes written=739225
[2025-02-27T10:08:31.079+0000] {subprocess.py:93} INFO - 		FILE: Number of read operations=0
[2025-02-27T10:08:31.080+0000] {subprocess.py:93} INFO - 		FILE: Number of large read operations=0
[2025-02-27T10:08:31.081+0000] {subprocess.py:93} INFO - 		FILE: Number of write operations=0
[2025-02-27T10:08:31.081+0000] {subprocess.py:93} INFO - 		HDFS: Number of bytes read=14935
[2025-02-27T10:08:31.082+0000] {subprocess.py:93} INFO - 		HDFS: Number of bytes written=562
[2025-02-27T10:08:31.082+0000] {subprocess.py:93} INFO - 		HDFS: Number of read operations=10
[2025-02-27T10:08:31.083+0000] {subprocess.py:93} INFO - 		HDFS: Number of large read operations=0
[2025-02-27T10:08:31.083+0000] {subprocess.py:93} INFO - 		HDFS: Number of write operations=3
[2025-02-27T10:08:31.084+0000] {subprocess.py:93} INFO - 		HDFS: Number of bytes read erasure-coded=0
[2025-02-27T10:08:31.085+0000] {subprocess.py:93} INFO - 	Map-Reduce Framework
[2025-02-27T10:08:31.085+0000] {subprocess.py:93} INFO - 		Combine input records=0
[2025-02-27T10:08:31.086+0000] {subprocess.py:93} INFO - 		Combine output records=0
[2025-02-27T10:08:31.086+0000] {subprocess.py:93} INFO - 		Reduce input groups=3
[2025-02-27T10:08:31.087+0000] {subprocess.py:93} INFO - 		Reduce shuffle bytes=14641
[2025-02-27T10:08:31.087+0000] {subprocess.py:93} INFO - 		Reduce input records=75
[2025-02-27T10:08:31.088+0000] {subprocess.py:93} INFO - 		Reduce output records=3
[2025-02-27T10:08:31.088+0000] {subprocess.py:93} INFO - 		Spilled Records=75
[2025-02-27T10:08:31.089+0000] {subprocess.py:93} INFO - 		Shuffled Maps =1
[2025-02-27T10:08:31.089+0000] {subprocess.py:93} INFO - 		Failed Shuffles=0
[2025-02-27T10:08:31.090+0000] {subprocess.py:93} INFO - 		Merged Map outputs=1
[2025-02-27T10:08:31.091+0000] {subprocess.py:93} INFO - 		GC time elapsed (ms)=0
[2025-02-27T10:08:31.091+0000] {subprocess.py:93} INFO - 		Total committed heap usage (bytes)=281018368
[2025-02-27T10:08:31.092+0000] {subprocess.py:93} INFO - 	Shuffle Errors
[2025-02-27T10:08:31.093+0000] {subprocess.py:93} INFO - 		BAD_ID=0
[2025-02-27T10:08:31.094+0000] {subprocess.py:93} INFO - 		CONNECTION=0
[2025-02-27T10:08:31.095+0000] {subprocess.py:93} INFO - 		IO_ERROR=0
[2025-02-27T10:08:31.096+0000] {subprocess.py:93} INFO - 		WRONG_LENGTH=0
[2025-02-27T10:08:31.097+0000] {subprocess.py:93} INFO - 		WRONG_MAP=0
[2025-02-27T10:08:31.098+0000] {subprocess.py:93} INFO - 		WRONG_REDUCE=0
[2025-02-27T10:08:31.099+0000] {subprocess.py:93} INFO - 	File Output Format Counters
[2025-02-27T10:08:31.099+0000] {subprocess.py:93} INFO - 		Bytes Written=562
[2025-02-27T10:08:31.100+0000] {subprocess.py:93} INFO - 2025-02-27 10:08:31,073 INFO mapred.LocalJobRunner: Finishing task: attempt_local133216844_0001_r_000000_0
[2025-02-27T10:08:31.101+0000] {subprocess.py:93} INFO - 2025-02-27 10:08:31,073 INFO mapred.LocalJobRunner: reduce task executor complete.
[2025-02-27T10:08:31.307+0000] {subprocess.py:93} INFO - 2025-02-27 10:08:31,304 INFO mapreduce.Job: Job job_local133216844_0001 running in uber mode : false
[2025-02-27T10:08:31.309+0000] {subprocess.py:93} INFO - 2025-02-27 10:08:31,306 INFO mapreduce.Job:  map 100% reduce 100%
[2025-02-27T10:08:31.311+0000] {subprocess.py:93} INFO - 2025-02-27 10:08:31,308 INFO mapreduce.Job: Job job_local133216844_0001 completed successfully
[2025-02-27T10:08:31.329+0000] {subprocess.py:93} INFO - 2025-02-27 10:08:31,328 INFO mapreduce.Job: Counters: 36
[2025-02-27T10:08:31.330+0000] {subprocess.py:93} INFO - 	File System Counters
[2025-02-27T10:08:31.331+0000] {subprocess.py:93} INFO - 		FILE: Number of bytes read=391116
[2025-02-27T10:08:31.331+0000] {subprocess.py:93} INFO - 		FILE: Number of bytes written=1463809
[2025-02-27T10:08:31.332+0000] {subprocess.py:93} INFO - 		FILE: Number of read operations=0
[2025-02-27T10:08:31.333+0000] {subprocess.py:93} INFO - 		FILE: Number of large read operations=0
[2025-02-27T10:08:31.334+0000] {subprocess.py:93} INFO - 		FILE: Number of write operations=0
[2025-02-27T10:08:31.335+0000] {subprocess.py:93} INFO - 		HDFS: Number of bytes read=29870
[2025-02-27T10:08:31.335+0000] {subprocess.py:93} INFO - 		HDFS: Number of bytes written=562
[2025-02-27T10:08:31.336+0000] {subprocess.py:93} INFO - 		HDFS: Number of read operations=15
[2025-02-27T10:08:31.337+0000] {subprocess.py:93} INFO - 		HDFS: Number of large read operations=0
[2025-02-27T10:08:31.338+0000] {subprocess.py:93} INFO - 		HDFS: Number of write operations=4
[2025-02-27T10:08:31.339+0000] {subprocess.py:93} INFO - 		HDFS: Number of bytes read erasure-coded=0
[2025-02-27T10:08:31.339+0000] {subprocess.py:93} INFO - 	Map-Reduce Framework
[2025-02-27T10:08:31.340+0000] {subprocess.py:93} INFO - 		Map input records=75
[2025-02-27T10:08:31.341+0000] {subprocess.py:93} INFO - 		Map output records=75
[2025-02-27T10:08:31.342+0000] {subprocess.py:93} INFO - 		Map output bytes=14410
[2025-02-27T10:08:31.343+0000] {subprocess.py:93} INFO - 		Map output materialized bytes=14641
[2025-02-27T10:08:31.344+0000] {subprocess.py:93} INFO - 		Input split bytes=137
[2025-02-27T10:08:31.345+0000] {subprocess.py:93} INFO - 		Combine input records=0
[2025-02-27T10:08:31.345+0000] {subprocess.py:93} INFO - 		Combine output records=0
[2025-02-27T10:08:31.346+0000] {subprocess.py:93} INFO - 		Reduce input groups=3
[2025-02-27T10:08:31.347+0000] {subprocess.py:93} INFO - 		Reduce shuffle bytes=14641
[2025-02-27T10:08:31.348+0000] {subprocess.py:93} INFO - 		Reduce input records=75
[2025-02-27T10:08:31.348+0000] {subprocess.py:93} INFO - 		Reduce output records=3
[2025-02-27T10:08:31.349+0000] {subprocess.py:93} INFO - 		Spilled Records=150
[2025-02-27T10:08:31.350+0000] {subprocess.py:93} INFO - 		Shuffled Maps =1
[2025-02-27T10:08:31.351+0000] {subprocess.py:93} INFO - 		Failed Shuffles=0
[2025-02-27T10:08:31.352+0000] {subprocess.py:93} INFO - 		Merged Map outputs=1
[2025-02-27T10:08:31.352+0000] {subprocess.py:93} INFO - 		GC time elapsed (ms)=0
[2025-02-27T10:08:31.353+0000] {subprocess.py:93} INFO - 		Total committed heap usage (bytes)=561512448
[2025-02-27T10:08:31.354+0000] {subprocess.py:93} INFO - 	Shuffle Errors
[2025-02-27T10:08:31.355+0000] {subprocess.py:93} INFO - 		BAD_ID=0
[2025-02-27T10:08:31.356+0000] {subprocess.py:93} INFO - 		CONNECTION=0
[2025-02-27T10:08:31.357+0000] {subprocess.py:93} INFO - 		IO_ERROR=0
[2025-02-27T10:08:31.357+0000] {subprocess.py:93} INFO - 		WRONG_LENGTH=0
[2025-02-27T10:08:31.358+0000] {subprocess.py:93} INFO - 		WRONG_MAP=0
[2025-02-27T10:08:31.359+0000] {subprocess.py:93} INFO - 		WRONG_REDUCE=0
[2025-02-27T10:08:31.360+0000] {subprocess.py:93} INFO - 	File Input Format Counters
[2025-02-27T10:08:31.361+0000] {subprocess.py:93} INFO - 		Bytes Read=14935
[2025-02-27T10:08:31.361+0000] {subprocess.py:93} INFO - 	File Output Format Counters
[2025-02-27T10:08:31.362+0000] {subprocess.py:93} INFO - 		Bytes Written=562
[2025-02-27T10:08:31.362+0000] {subprocess.py:93} INFO - 2025-02-27 10:08:31,328 INFO streaming.StreamJob: Output directory: hdfs:///user/etudiant/crypto/processed/YYYY=2025/MM=02/DD=27
[2025-02-27T10:08:31.795+0000] {subprocess.py:97} INFO - Command exited with return code 0
[2025-02-27T10:08:31.830+0000] {taskinstance.py:1398} INFO - Marking task as SUCCESS. dag_id=yfinance_ingestion_dag, task_id=run_mapreduce, execution_date=20250227T100808, start_date=20250227T100825, end_date=20250227T100831
[2025-02-27T10:08:31.887+0000] {local_task_job_runner.py:228} INFO - Task exited with return code 0
[2025-02-27T10:08:31.917+0000] {taskinstance.py:2776} INFO - 1 downstream tasks scheduled from follow-on schedule check
