[2025-02-25T09:52:02.762+0000] {taskinstance.py:1159} INFO - Dependencies all met for dep_context=non-requeueable deps ti=<TaskInstance: yfinance_ingestion_dag.store_raw_data_in_hdfs scheduled__2025-02-20T00:00:00+00:00 [queued]>
[2025-02-25T09:52:02.799+0000] {taskinstance.py:1159} INFO - Dependencies all met for dep_context=requeueable deps ti=<TaskInstance: yfinance_ingestion_dag.store_raw_data_in_hdfs scheduled__2025-02-20T00:00:00+00:00 [queued]>
[2025-02-25T09:52:02.801+0000] {taskinstance.py:1361} INFO - Starting attempt 1 of 2
[2025-02-25T09:52:02.843+0000] {taskinstance.py:1382} INFO - Executing <Task(PythonOperator): store_raw_data_in_hdfs> on 2025-02-20 00:00:00+00:00
[2025-02-25T09:52:02.860+0000] {standard_task_runner.py:57} INFO - Started process 1496 to run task
[2025-02-25T09:52:02.868+0000] {standard_task_runner.py:84} INFO - Running: ['***', 'tasks', 'run', 'yfinance_ingestion_dag', 'store_raw_data_in_hdfs', 'scheduled__2025-02-20T00:00:00+00:00', '--job-id', '137', '--raw', '--subdir', 'DAGS_FOLDER/test_hello.py', '--cfg-path', '/tmp/tmpldzo5n5y']
[2025-02-25T09:52:02.875+0000] {standard_task_runner.py:85} INFO - Job 137: Subtask store_raw_data_in_hdfs
[2025-02-25T09:52:03.012+0000] {task_command.py:415} INFO - Running <TaskInstance: yfinance_ingestion_dag.store_raw_data_in_hdfs scheduled__2025-02-20T00:00:00+00:00 [running]> on host 6dbd75e48aaa
[2025-02-25T09:52:03.339+0000] {taskinstance.py:1660} INFO - Exporting env vars: AIRFLOW_CTX_DAG_OWNER='etudiant' AIRFLOW_CTX_DAG_ID='yfinance_ingestion_dag' AIRFLOW_CTX_TASK_ID='store_raw_data_in_hdfs' AIRFLOW_CTX_EXECUTION_DATE='2025-02-20T00:00:00+00:00' AIRFLOW_CTX_TRY_NUMBER='1' AIRFLOW_CTX_DAG_RUN_ID='scheduled__2025-02-20T00:00:00+00:00'
[2025-02-25T09:52:28.880+0000] {python.py:194} INFO - Done. Returned value was: None
[2025-02-25T09:52:28.927+0000] {taskinstance.py:1400} INFO - Marking task as SUCCESS. dag_id=yfinance_ingestion_dag, task_id=store_raw_data_in_hdfs, execution_date=20250220T000000, start_date=20250225T095202, end_date=20250225T095228
[2025-02-25T09:52:29.769+0000] {local_task_job_runner.py:228} INFO - Task exited with return code 0
[2025-02-25T09:52:29.797+0000] {taskinstance.py:2784} INFO - 0 downstream tasks scheduled from follow-on schedule check
[2025-02-26T20:46:47.083+0000] {taskinstance.py:1159} INFO - Dependencies all met for dep_context=non-requeueable deps ti=<TaskInstance: yfinance_ingestion_dag.store_raw_data_in_hdfs scheduled__2025-02-20T00:00:00+00:00 [queued]>
[2025-02-26T20:46:47.110+0000] {taskinstance.py:1159} INFO - Dependencies all met for dep_context=requeueable deps ti=<TaskInstance: yfinance_ingestion_dag.store_raw_data_in_hdfs scheduled__2025-02-20T00:00:00+00:00 [queued]>
[2025-02-26T20:46:47.116+0000] {taskinstance.py:1361} INFO - Starting attempt 1 of 2
[2025-02-26T20:46:47.177+0000] {taskinstance.py:1382} INFO - Executing <Task(PythonOperator): store_raw_data_in_hdfs> on 2025-02-20 00:00:00+00:00
[2025-02-26T20:46:47.200+0000] {standard_task_runner.py:57} INFO - Started process 3062 to run task
[2025-02-26T20:46:47.213+0000] {standard_task_runner.py:84} INFO - Running: ['***', 'tasks', 'run', 'yfinance_ingestion_dag', 'store_raw_data_in_hdfs', 'scheduled__2025-02-20T00:00:00+00:00', '--job-id', '425', '--raw', '--subdir', 'DAGS_FOLDER/pipeline.py', '--cfg-path', '/tmp/tmpe9ojl0jy']
[2025-02-26T20:46:47.222+0000] {standard_task_runner.py:85} INFO - Job 425: Subtask store_raw_data_in_hdfs
[2025-02-26T20:46:47.460+0000] {task_command.py:415} INFO - Running <TaskInstance: yfinance_ingestion_dag.store_raw_data_in_hdfs scheduled__2025-02-20T00:00:00+00:00 [running]> on host 3c0faf52b292
[2025-02-26T20:46:47.732+0000] {taskinstance.py:1660} INFO - Exporting env vars: AIRFLOW_CTX_DAG_OWNER='etudiant' AIRFLOW_CTX_DAG_ID='yfinance_ingestion_dag' AIRFLOW_CTX_TASK_ID='store_raw_data_in_hdfs' AIRFLOW_CTX_EXECUTION_DATE='2025-02-20T00:00:00+00:00' AIRFLOW_CTX_TRY_NUMBER='1' AIRFLOW_CTX_DAG_RUN_ID='scheduled__2025-02-20T00:00:00+00:00'
[2025-02-26T20:47:18.924+0000] {python.py:194} INFO - Done. Returned value was: None
[2025-02-26T20:47:18.955+0000] {taskinstance.py:1400} INFO - Marking task as SUCCESS. dag_id=yfinance_ingestion_dag, task_id=store_raw_data_in_hdfs, execution_date=20250220T000000, start_date=20250226T204647, end_date=20250226T204718
[2025-02-26T20:47:19.229+0000] {local_task_job_runner.py:228} INFO - Task exited with return code 0
[2025-02-26T20:47:19.494+0000] {taskinstance.py:2784} INFO - 1 downstream tasks scheduled from follow-on schedule check
[2025-02-27T14:56:29.525+0000] {taskinstance.py:1157} INFO - Dependencies all met for dep_context=non-requeueable deps ti=<TaskInstance: yfinance_ingestion_dag.store_raw_data_in_hdfs scheduled__2025-02-20T00:00:00+00:00 [queued]>
[2025-02-27T14:56:29.619+0000] {taskinstance.py:1157} INFO - Dependencies all met for dep_context=requeueable deps ti=<TaskInstance: yfinance_ingestion_dag.store_raw_data_in_hdfs scheduled__2025-02-20T00:00:00+00:00 [queued]>
[2025-02-27T14:56:29.656+0000] {taskinstance.py:1359} INFO - Starting attempt 1 of 1
[2025-02-27T14:56:29.743+0000] {taskinstance.py:1380} INFO - Executing <Task(PythonOperator): store_raw_data_in_hdfs> on 2025-02-20 00:00:00+00:00
[2025-02-27T14:56:29.784+0000] {standard_task_runner.py:57} INFO - Started process 538 to run task
[2025-02-27T14:56:29.806+0000] {standard_task_runner.py:84} INFO - Running: ['***', 'tasks', 'run', 'yfinance_ingestion_dag', 'store_raw_data_in_hdfs', 'scheduled__2025-02-20T00:00:00+00:00', '--job-id', '115', '--raw', '--subdir', 'DAGS_FOLDER/pipeline.py', '--cfg-path', '/tmp/tmpgo6ohj4w']
[2025-02-27T14:56:30.025+0000] {standard_task_runner.py:85} INFO - Job 115: Subtask store_raw_data_in_hdfs
[2025-02-27T14:56:30.560+0000] {task_command.py:415} INFO - Running <TaskInstance: yfinance_ingestion_dag.store_raw_data_in_hdfs scheduled__2025-02-20T00:00:00+00:00 [running]> on host a71f042480b6
[2025-02-27T14:56:30.973+0000] {taskinstance.py:1660} INFO - Exporting env vars: AIRFLOW_CTX_DAG_OWNER='etudiant' AIRFLOW_CTX_DAG_ID='yfinance_ingestion_dag' AIRFLOW_CTX_TASK_ID='store_raw_data_in_hdfs' AIRFLOW_CTX_EXECUTION_DATE='2025-02-20T00:00:00+00:00' AIRFLOW_CTX_TRY_NUMBER='1' AIRFLOW_CTX_DAG_RUN_ID='scheduled__2025-02-20T00:00:00+00:00'
[2025-02-27T14:56:31.050+0000] {taskinstance.py:1935} ERROR - Task failed with exception
Traceback (most recent call last):
  File "/home/airflow/.local/lib/python3.8/site-packages/airflow/operators/python.py", line 192, in execute
    return_value = self.execute_callable()
  File "/home/airflow/.local/lib/python3.8/site-packages/airflow/operators/python.py", line 209, in execute_callable
    return self.python_callable(*self.op_args, **self.op_kwargs)
  File "/opt/airflow/dags/pipeline.py", line 82, in store_raw_data_in_hdfs
    with open(local_file, 'w') as f:
PermissionError: [Errno 13] Permission denied: '/mnt/hadoop_data/yfinance_raw.json'
[2025-02-27T14:56:31.100+0000] {taskinstance.py:1398} INFO - Marking task as FAILED. dag_id=yfinance_ingestion_dag, task_id=store_raw_data_in_hdfs, execution_date=20250220T000000, start_date=20250227T145629, end_date=20250227T145631
[2025-02-27T14:56:31.151+0000] {standard_task_runner.py:104} ERROR - Failed to execute job 115 for task store_raw_data_in_hdfs ([Errno 13] Permission denied: '/mnt/hadoop_data/yfinance_raw.json'; 538)
[2025-02-27T14:56:31.207+0000] {local_task_job_runner.py:228} INFO - Task exited with return code 1
[2025-02-27T14:56:31.268+0000] {taskinstance.py:2776} INFO - 0 downstream tasks scheduled from follow-on schedule check
