[2025-02-26T19:12:21.770+0000] {taskinstance.py:1159} INFO - Dependencies all met for dep_context=non-requeueable deps ti=<TaskInstance: yfinance_ingestion_and_process_dag.fetch_data scheduled__2025-01-15T00:00:00+00:00 [queued]>
[2025-02-26T19:12:21.826+0000] {taskinstance.py:1159} INFO - Dependencies all met for dep_context=requeueable deps ti=<TaskInstance: yfinance_ingestion_and_process_dag.fetch_data scheduled__2025-01-15T00:00:00+00:00 [queued]>
[2025-02-26T19:12:21.840+0000] {taskinstance.py:1361} INFO - Starting attempt 1 of 2
[2025-02-26T19:12:22.020+0000] {taskinstance.py:1382} INFO - Executing <Task(PythonOperator): fetch_data> on 2025-01-15 00:00:00+00:00
[2025-02-26T19:12:22.044+0000] {standard_task_runner.py:57} INFO - Started process 452 to run task
[2025-02-26T19:12:22.102+0000] {standard_task_runner.py:84} INFO - Running: ['***', 'tasks', 'run', 'yfinance_ingestion_and_process_dag', 'fetch_data', 'scheduled__2025-01-15T00:00:00+00:00', '--job-id', '266', '--raw', '--subdir', 'DAGS_FOLDER/pipeline.py', '--cfg-path', '/tmp/tmphyxt9u_a']
[2025-02-26T19:12:22.135+0000] {standard_task_runner.py:85} INFO - Job 266: Subtask fetch_data
[2025-02-26T19:12:22.568+0000] {task_command.py:415} INFO - Running <TaskInstance: yfinance_ingestion_and_process_dag.fetch_data scheduled__2025-01-15T00:00:00+00:00 [running]> on host 405afb11abaf
[2025-02-26T19:12:23.088+0000] {taskinstance.py:1660} INFO - Exporting env vars: AIRFLOW_CTX_DAG_OWNER='etudiant' AIRFLOW_CTX_DAG_ID='yfinance_ingestion_and_process_dag' AIRFLOW_CTX_TASK_ID='fetch_data' AIRFLOW_CTX_EXECUTION_DATE='2025-01-15T00:00:00+00:00' AIRFLOW_CTX_TRY_NUMBER='1' AIRFLOW_CTX_DAG_RUN_ID='scheduled__2025-01-15T00:00:00+00:00'
[2025-02-26T19:12:25.581+0000] {python.py:194} INFO - Done. Returned value was: None
[2025-02-26T19:12:25.739+0000] {taskinstance.py:1400} INFO - Marking task as SUCCESS. dag_id=yfinance_ingestion_and_process_dag, task_id=fetch_data, execution_date=20250115T000000, start_date=20250226T191221, end_date=20250226T191225
[2025-02-26T19:12:26.531+0000] {local_task_job_runner.py:228} INFO - Task exited with return code 0
[2025-02-26T19:12:26.783+0000] {taskinstance.py:2784} INFO - 1 downstream tasks scheduled from follow-on schedule check
[2025-02-26T20:04:46.671+0000] {taskinstance.py:1159} INFO - Dependencies all met for dep_context=non-requeueable deps ti=<TaskInstance: yfinance_ingestion_and_process_dag.fetch_data scheduled__2025-01-15T00:00:00+00:00 [queued]>
[2025-02-26T20:04:46.718+0000] {taskinstance.py:1159} INFO - Dependencies all met for dep_context=requeueable deps ti=<TaskInstance: yfinance_ingestion_and_process_dag.fetch_data scheduled__2025-01-15T00:00:00+00:00 [queued]>
[2025-02-26T20:04:46.719+0000] {taskinstance.py:1361} INFO - Starting attempt 1 of 2
[2025-02-26T20:04:46.787+0000] {taskinstance.py:1382} INFO - Executing <Task(PythonOperator): fetch_data> on 2025-01-15 00:00:00+00:00
[2025-02-26T20:04:46.850+0000] {standard_task_runner.py:57} INFO - Started process 245 to run task
[2025-02-26T20:04:46.917+0000] {standard_task_runner.py:84} INFO - Running: ['***', 'tasks', 'run', 'yfinance_ingestion_and_process_dag', 'fetch_data', 'scheduled__2025-01-15T00:00:00+00:00', '--job-id', '15', '--raw', '--subdir', 'DAGS_FOLDER/pipeline.py', '--cfg-path', '/tmp/tmpkqtpqh82']
[2025-02-26T20:04:46.959+0000] {standard_task_runner.py:85} INFO - Job 15: Subtask fetch_data
[2025-02-26T20:04:47.334+0000] {task_command.py:415} INFO - Running <TaskInstance: yfinance_ingestion_and_process_dag.fetch_data scheduled__2025-01-15T00:00:00+00:00 [running]> on host e304e68c626e
[2025-02-26T20:04:47.675+0000] {taskinstance.py:1660} INFO - Exporting env vars: AIRFLOW_CTX_DAG_OWNER='etudiant' AIRFLOW_CTX_DAG_ID='yfinance_ingestion_and_process_dag' AIRFLOW_CTX_TASK_ID='fetch_data' AIRFLOW_CTX_EXECUTION_DATE='2025-01-15T00:00:00+00:00' AIRFLOW_CTX_TRY_NUMBER='1' AIRFLOW_CTX_DAG_RUN_ID='scheduled__2025-01-15T00:00:00+00:00'
[2025-02-26T20:04:49.370+0000] {python.py:194} INFO - Done. Returned value was: None
[2025-02-26T20:04:49.454+0000] {taskinstance.py:1400} INFO - Marking task as SUCCESS. dag_id=yfinance_ingestion_and_process_dag, task_id=fetch_data, execution_date=20250115T000000, start_date=20250226T200446, end_date=20250226T200449
[2025-02-26T20:04:49.648+0000] {local_task_job_runner.py:228} INFO - Task exited with return code 0
[2025-02-26T20:04:49.932+0000] {taskinstance.py:2784} INFO - 1 downstream tasks scheduled from follow-on schedule check
