[2025-02-25T10:08:13.159+0000] {taskinstance.py:1159} INFO - Dependencies all met for dep_context=non-requeueable deps ti=<TaskInstance: yfinance_python_processing_dag.fetch_data scheduled__2024-05-01T00:00:00+00:00 [queued]>
[2025-02-25T10:08:13.210+0000] {taskinstance.py:1159} INFO - Dependencies all met for dep_context=requeueable deps ti=<TaskInstance: yfinance_python_processing_dag.fetch_data scheduled__2024-05-01T00:00:00+00:00 [queued]>
[2025-02-25T10:08:13.211+0000] {taskinstance.py:1361} INFO - Starting attempt 1 of 2
[2025-02-25T10:08:13.253+0000] {taskinstance.py:1382} INFO - Executing <Task(PythonOperator): fetch_data> on 2024-05-01 00:00:00+00:00
[2025-02-25T10:08:13.272+0000] {standard_task_runner.py:57} INFO - Started process 2081 to run task
[2025-02-25T10:08:13.292+0000] {standard_task_runner.py:84} INFO - Running: ['***', 'tasks', 'run', 'yfinance_python_processing_dag', 'fetch_data', 'scheduled__2024-05-01T00:00:00+00:00', '--job-id', '151', '--raw', '--subdir', 'DAGS_FOLDER/test_hello.py', '--cfg-path', '/tmp/tmpq67ix83w']
[2025-02-25T10:08:13.298+0000] {standard_task_runner.py:85} INFO - Job 151: Subtask fetch_data
[2025-02-25T10:08:13.496+0000] {task_command.py:415} INFO - Running <TaskInstance: yfinance_python_processing_dag.fetch_data scheduled__2024-05-01T00:00:00+00:00 [running]> on host 6dbd75e48aaa
[2025-02-25T10:08:13.961+0000] {taskinstance.py:1660} INFO - Exporting env vars: AIRFLOW_CTX_DAG_OWNER='etudiant' AIRFLOW_CTX_DAG_ID='yfinance_python_processing_dag' AIRFLOW_CTX_TASK_ID='fetch_data' AIRFLOW_CTX_EXECUTION_DATE='2024-05-01T00:00:00+00:00' AIRFLOW_CTX_TRY_NUMBER='1' AIRFLOW_CTX_DAG_RUN_ID='scheduled__2024-05-01T00:00:00+00:00'
[2025-02-25T10:08:13.973+0000] {logging_mixin.py:151} INFO - Execution date: 2024-05-01
[2025-02-25T10:08:15.309+0000] {logging_mixin.py:151} INFO - Raw data from yfinance (from 2024-05-01 00:00:00 to 2024-05-31 00:00:00):                                  Open        High  ...  Dividends  Stock Splits
Date                                               ...                         
2024-05-01 00:00:00-04:00  182.000000  185.860001  ...        0.0           0.0
2024-05-02 00:00:00-04:00  182.860001  184.600006  ...        0.0           0.0
2024-05-03 00:00:00-04:00  182.100006  184.779999  ...        0.0           0.0
2024-05-06 00:00:00-04:00  183.800003  187.559998  ...        0.0           0.0
2024-05-07 00:00:00-04:00  182.399994  183.259995  ...        0.0           0.0
2024-05-08 00:00:00-04:00  171.589996  176.059998  ...        0.0           0.0
2024-05-09 00:00:00-04:00  175.009995  175.619995  ...        0.0           0.0
2024-05-10 00:00:00-04:00  173.050003  173.059998  ...        0.0           0.0
2024-05-13 00:00:00-04:00  170.000000  175.399994  ...        0.0           0.0
2024-05-14 00:00:00-04:00  174.500000  179.490005  ...        0.0           0.0
2024-05-15 00:00:00-04:00  179.899994  180.000000  ...        0.0           0.0
2024-05-16 00:00:00-04:00  174.100006  175.789993  ...        0.0           0.0
2024-05-17 00:00:00-04:00  173.550003  179.630005  ...        0.0           0.0
2024-05-20 00:00:00-04:00  177.559998  177.750000  ...        0.0           0.0
2024-05-21 00:00:00-04:00  175.509995  186.880005  ...        0.0           0.0
2024-05-22 00:00:00-04:00  182.850006  183.800003  ...        0.0           0.0
2024-05-23 00:00:00-04:00  181.800003  181.899994  ...        0.0           0.0
2024-05-24 00:00:00-04:00  174.839996  180.080002  ...        0.0           0.0
2024-05-28 00:00:00-04:00  176.399994  178.250000  ...        0.0           0.0
2024-05-29 00:00:00-04:00  174.190002  178.149994  ...        0.0           0.0
2024-05-30 00:00:00-04:00  178.580002  182.669998  ...        0.0           0.0

[21 rows x 7 columns]
[2025-02-25T10:08:15.314+0000] {logging_mixin.py:151} INFO - Serialized data: {'2024-05-01 00:00:00-04:00': {'Open': 182.0, 'High': 185.86000061035156, 'Low': 179.00999450683594, 'Close': 179.99000549316406, 'Volume': 92829700, 'Dividends': 0.0, 'Stock Splits': 0.0}, '2024-05-02 00:00:00-04:00': {'Open': 182.86000061035156, 'High': 184.60000610351562, 'Low': 176.02000427246094, 'Close': 180.00999450683594, 'Volume': 89148000, 'Dividends': 0.0, 'Stock Splits': 0.0}, '2024-05-03 00:00:00-04:00': {'Open': 182.10000610351562, 'High': 184.77999877929688, 'Low': 178.4199981689453, 'Close': 181.19000244140625, 'Volume': 75491500, 'Dividends': 0.0, 'Stock Splits': 0.0}, '2024-05-06 00:00:00-04:00': {'Open': 183.8000030517578, 'High': 187.55999755859375, 'Low': 182.1999969482422, 'Close': 184.75999450683594, 'Volume': 84390300, 'Dividends': 0.0, 'Stock Splits': 0.0}, '2024-05-07 00:00:00-04:00': {'Open': 182.39999389648438, 'High': 183.25999450683594, 'Low': 177.39999389648438, 'Close': 177.80999755859375, 'Volume': 75045900, 'Dividends': 0.0, 'Stock Splits': 0.0}, '2024-05-08 00:00:00-04:00': {'Open': 171.58999633789062, 'High': 176.05999755859375, 'Low': 170.14999389648438, 'Close': 174.72000122070312, 'Volume': 79969500, 'Dividends': 0.0, 'Stock Splits': 0.0}, '2024-05-09 00:00:00-04:00': {'Open': 175.00999450683594, 'High': 175.6199951171875, 'Low': 171.3699951171875, 'Close': 171.97000122070312, 'Volume': 65950300, 'Dividends': 0.0, 'Stock Splits': 0.0}, '2024-05-10 00:00:00-04:00': {'Open': 173.0500030517578, 'High': 173.05999755859375, 'Low': 167.75, 'Close': 168.47000122070312, 'Volume': 72627200, 'Dividends': 0.0, 'Stock Splits': 0.0}, '2024-05-13 00:00:00-04:00': {'Open': 170.0, 'High': 175.39999389648438, 'Low': 169.0, 'Close': 171.88999938964844, 'Volume': 67018900, 'Dividends': 0.0, 'Stock Splits': 0.0}, '2024-05-14 00:00:00-04:00': {'Open': 174.5, 'High': 179.49000549316406, 'Low': 174.07000732421875, 'Close': 177.5500030517578, 'Volume': 86407400, 'Dividends': 0.0, 'Stock Splits': 0.0}, '2024-05-15 00:00:00-04:00': {'Open': 179.89999389648438, 'High': 180.0, 'Low': 173.11000061035156, 'Close': 173.99000549316406, 'Volume': 79663000, 'Dividends': 0.0, 'Stock Splits': 0.0}, '2024-05-16 00:00:00-04:00': {'Open': 174.10000610351562, 'High': 175.7899932861328, 'Low': 171.42999267578125, 'Close': 174.83999633789062, 'Volume': 59812200, 'Dividends': 0.0, 'Stock Splits': 0.0}, '2024-05-17 00:00:00-04:00': {'Open': 173.5500030517578, 'High': 179.6300048828125, 'Low': 172.75, 'Close': 177.4600067138672, 'Volume': 77445800, 'Dividends': 0.0, 'Stock Splits': 0.0}, '2024-05-20 00:00:00-04:00': {'Open': 177.55999755859375, 'High': 177.75, 'Low': 173.52000427246094, 'Close': 174.9499969482422, 'Volume': 61727400, 'Dividends': 0.0, 'Stock Splits': 0.0}, '2024-05-21 00:00:00-04:00': {'Open': 175.50999450683594, 'High': 186.8800048828125, 'Low': 174.7100067138672, 'Close': 186.60000610351562, 'Volume': 115266500, 'Dividends': 0.0, 'Stock Splits': 0.0}, '2024-05-22 00:00:00-04:00': {'Open': 182.85000610351562, 'High': 183.8000030517578, 'Low': 178.1199951171875, 'Close': 180.11000061035156, 'Volume': 88313500, 'Dividends': 0.0, 'Stock Splits': 0.0}, '2024-05-23 00:00:00-04:00': {'Open': 181.8000030517578, 'High': 181.89999389648438, 'Low': 173.25999450683594, 'Close': 173.74000549316406, 'Volume': 71975500, 'Dividends': 0.0, 'Stock Splits': 0.0}, '2024-05-24 00:00:00-04:00': {'Open': 174.83999633789062, 'High': 180.0800018310547, 'Low': 173.72999572753906, 'Close': 179.24000549316406, 'Volume': 65479700, 'Dividends': 0.0, 'Stock Splits': 0.0}, '2024-05-28 00:00:00-04:00': {'Open': 176.39999389648438, 'High': 178.25, 'Low': 173.16000366210938, 'Close': 176.75, 'Volume': 59736600, 'Dividends': 0.0, 'Stock Splits': 0.0}, '2024-05-29 00:00:00-04:00': {'Open': 174.19000244140625, 'High': 178.14999389648438, 'Low': 173.92999267578125, 'Close': 176.19000244140625, 'Volume': 54782600, 'Dividends': 0.0, 'Stock Splits': 0.0}, '2024-05-30 00:00:00-04:00': {'Open': 178.5800018310547, 'High': 182.6699981689453, 'Low': 175.3800048828125, 'Close': 178.7899932861328, 'Volume': 77784800, 'Dividends': 0.0, 'Stock Splits': 0.0}}
[2025-02-25T10:08:15.357+0000] {python.py:194} INFO - Done. Returned value was: None
[2025-02-25T10:08:15.380+0000] {taskinstance.py:1400} INFO - Marking task as SUCCESS. dag_id=yfinance_python_processing_dag, task_id=fetch_data, execution_date=20240501T000000, start_date=20250225T100813, end_date=20250225T100815
[2025-02-25T10:08:15.463+0000] {local_task_job_runner.py:228} INFO - Task exited with return code 0
[2025-02-25T10:08:15.582+0000] {taskinstance.py:2784} INFO - 1 downstream tasks scheduled from follow-on schedule check
