[2025-02-26T20:47:27.457+0000] {taskinstance.py:1159} INFO - Dependencies all met for dep_context=non-requeueable deps ti=<TaskInstance: yfinance_ingestion_dag.run_mapreduce scheduled__2025-02-17T00:00:00+00:00 [queued]>
[2025-02-26T20:47:27.519+0000] {taskinstance.py:1159} INFO - Dependencies all met for dep_context=requeueable deps ti=<TaskInstance: yfinance_ingestion_dag.run_mapreduce scheduled__2025-02-17T00:00:00+00:00 [queued]>
[2025-02-26T20:47:27.530+0000] {taskinstance.py:1361} INFO - Starting attempt 1 of 2
[2025-02-26T20:47:27.657+0000] {taskinstance.py:1382} INFO - Executing <Task(BashOperator): run_mapreduce> on 2025-02-17 00:00:00+00:00
[2025-02-26T20:47:27.699+0000] {standard_task_runner.py:57} INFO - Started process 3284 to run task
[2025-02-26T20:47:27.716+0000] {standard_task_runner.py:84} INFO - Running: ['***', 'tasks', 'run', 'yfinance_ingestion_dag', 'run_mapreduce', 'scheduled__2025-02-17T00:00:00+00:00', '--job-id', '435', '--raw', '--subdir', 'DAGS_FOLDER/pipeline.py', '--cfg-path', '/tmp/tmpihg7tpbj']
[2025-02-26T20:47:27.746+0000] {standard_task_runner.py:85} INFO - Job 435: Subtask run_mapreduce
[2025-02-26T20:47:27.182+0000] {task_command.py:415} INFO - Running <TaskInstance: yfinance_ingestion_dag.run_mapreduce scheduled__2025-02-17T00:00:00+00:00 [running]> on host 3c0faf52b292
[2025-02-26T20:47:27.811+0000] {taskinstance.py:1660} INFO - Exporting env vars: AIRFLOW_CTX_DAG_OWNER='etudiant' AIRFLOW_CTX_DAG_ID='yfinance_ingestion_dag' AIRFLOW_CTX_TASK_ID='run_mapreduce' AIRFLOW_CTX_EXECUTION_DATE='2025-02-17T00:00:00+00:00' AIRFLOW_CTX_TRY_NUMBER='1' AIRFLOW_CTX_DAG_RUN_ID='scheduled__2025-02-17T00:00:00+00:00'
[2025-02-26T20:47:27.833+0000] {subprocess.py:63} INFO - Tmp dir root location: /tmp
[2025-02-26T20:47:27.838+0000] {subprocess.py:75} INFO - Running command: ['/bin/bash', '-c', '\n        docker exec -i -u root namenode bash -c \'         cd /tmp &&         cp /mnt/hadoop_data/mapreduce/mapper.py . &&         cp /mnt/hadoop_data/mapreduce/reducer.py . &&         chmod +x mapper.py reducer.py &&         hdfs dfs -rm -r hdfs:///user/etudiant/crypto/processed/YYYY=2025/MM=02/DD=17 || true &&         hadoop jar /opt/hadoop-3.2.1/share/hadoop/tools/lib/hadoop-streaming-3.2.1.jar         -files mapper.py,reducer.py         -mapper "python mapper.py"         -reducer "python reducer.py"         -input hdfs:///user/etudiant/crypto/raw/YYYY=2025/MM=02/DD=17/yfinance_raw.json         -output hdfs:///user/etudiant/crypto/processed/YYYY=2025/MM=02/DD=17\'\n        ']
[2025-02-26T20:47:27.968+0000] {subprocess.py:86} INFO - Output:
[2025-02-26T20:47:41.645+0000] {subprocess.py:93} INFO - rm: `hdfs:///user/etudiant/crypto/processed/YYYY=2025/MM=02/DD=17': No such file or directory
[2025-02-26T20:47:55.386+0000] {subprocess.py:93} INFO - 2025-02-26 20:47:55,383 INFO impl.MetricsConfig: Loaded properties from hadoop-metrics2.properties
[2025-02-26T20:47:55.784+0000] {subprocess.py:93} INFO - 2025-02-26 20:47:55,777 INFO impl.MetricsSystemImpl: Scheduled Metric snapshot period at 10 second(s).
[2025-02-26T20:47:55.785+0000] {subprocess.py:93} INFO - 2025-02-26 20:47:55,779 INFO impl.MetricsSystemImpl: JobTracker metrics system started
[2025-02-26T20:47:55.861+0000] {subprocess.py:93} INFO - 2025-02-26 20:47:55,855 WARN impl.MetricsSystemImpl: JobTracker metrics system already initialized!
[2025-02-26T20:47:58.569+0000] {subprocess.py:93} INFO - 2025-02-26 20:47:58,558 INFO mapred.FileInputFormat: Total input files to process : 1
[2025-02-26T20:47:59.056+0000] {subprocess.py:93} INFO - 2025-02-26 20:47:59,009 INFO mapreduce.JobSubmitter: number of splits:1
[2025-02-26T20:48:00.243+0000] {subprocess.py:93} INFO - 2025-02-26 20:48:00,231 INFO mapreduce.JobSubmitter: Submitting tokens for job: job_local453761941_0001
[2025-02-26T20:48:00.252+0000] {subprocess.py:93} INFO - 2025-02-26 20:48:00,231 INFO mapreduce.JobSubmitter: Executing with tokens: []
[2025-02-26T20:48:02.391+0000] {subprocess.py:93} INFO - 2025-02-26 20:48:02,389 INFO mapred.LocalDistributedCacheManager: Localized file:/tmp/mapper.py as file:/tmp/hadoop-root/mapred/local/job_local453761941_0001_7c8cbe74-d7aa-479e-94e9-156d8e1baa27/mapper.py
[2025-02-26T20:48:02.399+0000] {subprocess.py:93} INFO - 2025-02-26 20:48:02,394 INFO mapred.LocalDistributedCacheManager: Localized file:/tmp/reducer.py as file:/tmp/hadoop-root/mapred/local/job_local453761941_0001_1d0a728f-2e07-4292-bc11-eb93aab5b7f5/reducer.py
[2025-02-26T20:48:02.800+0000] {subprocess.py:93} INFO - 2025-02-26 20:48:02,797 INFO mapred.LocalJobRunner: OutputCommitter set in config null
[2025-02-26T20:48:02.801+0000] {subprocess.py:93} INFO - 2025-02-26 20:48:02,799 INFO mapreduce.Job: The url to track the job: http://localhost:8080/
[2025-02-26T20:48:02.832+0000] {subprocess.py:93} INFO - 2025-02-26 20:48:02,830 INFO mapred.LocalJobRunner: OutputCommitter is org.apache.hadoop.mapred.FileOutputCommitter
[2025-02-26T20:48:02.833+0000] {subprocess.py:93} INFO - 2025-02-26 20:48:02,832 INFO mapreduce.Job: Running job: job_local453761941_0001
[2025-02-26T20:48:02.869+0000] {subprocess.py:93} INFO - 2025-02-26 20:48:02,867 INFO output.FileOutputCommitter: File Output Committer Algorithm version is 2
[2025-02-26T20:48:02.870+0000] {subprocess.py:93} INFO - 2025-02-26 20:48:02,868 INFO output.FileOutputCommitter: FileOutputCommitter skip cleanup _temporary folders under output directory:false, ignore cleanup failures: false
[2025-02-26T20:48:03.144+0000] {subprocess.py:93} INFO - 2025-02-26 20:48:03,142 INFO mapred.LocalJobRunner: Waiting for map tasks
[2025-02-26T20:48:03.154+0000] {subprocess.py:93} INFO - 2025-02-26 20:48:03,153 INFO mapred.LocalJobRunner: Starting task: attempt_local453761941_0001_m_000000_0
[2025-02-26T20:48:03.318+0000] {subprocess.py:93} INFO - 2025-02-26 20:48:03,304 INFO output.FileOutputCommitter: File Output Committer Algorithm version is 2
[2025-02-26T20:48:03.328+0000] {subprocess.py:93} INFO - 2025-02-26 20:48:03,314 INFO output.FileOutputCommitter: FileOutputCommitter skip cleanup _temporary folders under output directory:false, ignore cleanup failures: false
[2025-02-26T20:48:03.497+0000] {subprocess.py:93} INFO - 2025-02-26 20:48:03,480 INFO mapred.Task:  Using ResourceCalculatorProcessTree : [ ]
[2025-02-26T20:48:03.523+0000] {subprocess.py:93} INFO - 2025-02-26 20:48:03,519 INFO mapred.MapTask: Processing split: hdfs://namenode:9000/user/etudiant/crypto/raw/YYYY=2025/MM=02/DD=17/yfinance_raw.json:0+19767
[2025-02-26T20:48:03.576+0000] {subprocess.py:93} INFO - 2025-02-26 20:48:03,570 INFO mapred.MapTask: numReduceTasks: 1
[2025-02-26T20:48:03.881+0000] {subprocess.py:93} INFO - 2025-02-26 20:48:03,878 INFO mapred.MapTask: (EQUATOR) 0 kvi 26214396(104857584)
[2025-02-26T20:48:03.883+0000] {subprocess.py:93} INFO - 2025-02-26 20:48:03,878 INFO mapred.MapTask: mapreduce.task.io.sort.mb: 100
[2025-02-26T20:48:03.888+0000] {subprocess.py:93} INFO - 2025-02-26 20:48:03,878 INFO mapred.MapTask: soft limit at 83886080
[2025-02-26T20:48:03.890+0000] {subprocess.py:93} INFO - 2025-02-26 20:48:03,878 INFO mapred.MapTask: bufstart = 0; bufvoid = 104857600
[2025-02-26T20:48:03.892+0000] {subprocess.py:93} INFO - 2025-02-26 20:48:03,878 INFO mapred.MapTask: kvstart = 26214396; length = 6553600
[2025-02-26T20:48:03.905+0000] {subprocess.py:93} INFO - 2025-02-26 20:48:03,899 INFO mapreduce.Job: Job job_local453761941_0001 running in uber mode : false
[2025-02-26T20:48:03.912+0000] {subprocess.py:93} INFO - 2025-02-26 20:48:03,910 INFO mapreduce.Job:  map 0% reduce 0%
[2025-02-26T20:48:03.993+0000] {subprocess.py:93} INFO - 2025-02-26 20:48:03,990 INFO mapred.MapTask: Map output collector class = org.apache.hadoop.mapred.MapTask$MapOutputBuffer
[2025-02-26T20:48:04.081+0000] {subprocess.py:93} INFO - 2025-02-26 20:48:04,075 INFO streaming.PipeMapRed: PipeMapRed exec [/usr/bin/python, mapper.py]
[2025-02-26T20:48:04.103+0000] {subprocess.py:93} INFO - 2025-02-26 20:48:04,097 INFO Configuration.deprecation: mapred.work.output.dir is deprecated. Instead, use mapreduce.task.output.dir
[2025-02-26T20:48:04.104+0000] {subprocess.py:93} INFO - 2025-02-26 20:48:04,098 INFO Configuration.deprecation: map.input.start is deprecated. Instead, use mapreduce.map.input.start
[2025-02-26T20:48:04.109+0000] {subprocess.py:93} INFO - 2025-02-26 20:48:04,103 INFO Configuration.deprecation: mapred.task.is.map is deprecated. Instead, use mapreduce.task.ismap
[2025-02-26T20:48:04.110+0000] {subprocess.py:93} INFO - 2025-02-26 20:48:04,104 INFO Configuration.deprecation: mapred.task.id is deprecated. Instead, use mapreduce.task.attempt.id
[2025-02-26T20:48:04.111+0000] {subprocess.py:93} INFO - 2025-02-26 20:48:04,104 INFO Configuration.deprecation: mapred.tip.id is deprecated. Instead, use mapreduce.task.id
[2025-02-26T20:48:04.127+0000] {subprocess.py:93} INFO - 2025-02-26 20:48:04,118 INFO Configuration.deprecation: mapred.local.dir is deprecated. Instead, use mapreduce.cluster.local.dir
[2025-02-26T20:48:04.133+0000] {subprocess.py:93} INFO - 2025-02-26 20:48:04,120 INFO Configuration.deprecation: map.input.file is deprecated. Instead, use mapreduce.map.input.file
[2025-02-26T20:48:04.153+0000] {subprocess.py:93} INFO - 2025-02-26 20:48:04,149 INFO Configuration.deprecation: mapred.skip.on is deprecated. Instead, use mapreduce.job.skiprecords
[2025-02-26T20:48:04.163+0000] {subprocess.py:93} INFO - 2025-02-26 20:48:04,150 INFO Configuration.deprecation: map.input.length is deprecated. Instead, use mapreduce.map.input.length
[2025-02-26T20:48:04.164+0000] {subprocess.py:93} INFO - 2025-02-26 20:48:04,162 INFO Configuration.deprecation: mapred.job.id is deprecated. Instead, use mapreduce.job.id
[2025-02-26T20:48:04.167+0000] {subprocess.py:93} INFO - 2025-02-26 20:48:04,163 INFO Configuration.deprecation: user.name is deprecated. Instead, use mapreduce.job.user.name
[2025-02-26T20:48:04.190+0000] {subprocess.py:93} INFO - 2025-02-26 20:48:04,184 INFO Configuration.deprecation: mapred.task.partition is deprecated. Instead, use mapreduce.task.partition
[2025-02-26T20:48:04.369+0000] {subprocess.py:93} INFO - 2025-02-26 20:48:04,367 INFO sasl.SaslDataTransferClient: SASL encryption trust check: localHostTrusted = false, remoteHostTrusted = false
[2025-02-26T20:48:05.025+0000] {subprocess.py:93} INFO - 2025-02-26 20:48:05,011 INFO streaming.PipeMapRed: R/W/S=1/0/0 in:NA [rec/s] out:NA [rec/s]
[2025-02-26T20:48:05.034+0000] {subprocess.py:93} INFO - 2025-02-26 20:48:05,012 INFO streaming.PipeMapRed: R/W/S=10/0/0 in:NA [rec/s] out:NA [rec/s]
[2025-02-26T20:48:05.041+0000] {subprocess.py:93} INFO - 2025-02-26 20:48:05,025 INFO streaming.PipeMapRed: R/W/S=100/0/0 in:NA [rec/s] out:NA [rec/s]
[2025-02-26T20:48:05.154+0000] {subprocess.py:93} INFO - 2025-02-26 20:48:05,139 INFO streaming.PipeMapRed: MRErrorThread done
[2025-02-26T20:48:05.159+0000] {subprocess.py:93} INFO - 2025-02-26 20:48:05,139 INFO streaming.PipeMapRed: mapRedFinished
[2025-02-26T20:48:05.161+0000] {subprocess.py:93} INFO - 2025-02-26 20:48:05,147 INFO mapred.LocalJobRunner:
[2025-02-26T20:48:05.162+0000] {subprocess.py:93} INFO - 2025-02-26 20:48:05,147 INFO mapred.MapTask: Starting flush of map output
[2025-02-26T20:48:05.293+0000] {subprocess.py:93} INFO - 2025-02-26 20:48:05,291 INFO mapred.Task: Task:attempt_local453761941_0001_m_000000_0 is done. And is in the process of committing
[2025-02-26T20:48:05.307+0000] {subprocess.py:93} INFO - 2025-02-26 20:48:05,303 INFO mapred.LocalJobRunner: hdfs://namenode:9000/user/etudiant/crypto/raw/YYYY=2025/MM=02/DD=17/yfinance_raw.json:0+19767
[2025-02-26T20:48:05.315+0000] {subprocess.py:93} INFO - 2025-02-26 20:48:05,303 INFO mapred.Task: Task 'attempt_local453761941_0001_m_000000_0' done.
[2025-02-26T20:48:05.375+0000] {subprocess.py:93} INFO - 2025-02-26 20:48:05,357 INFO mapred.Task: Final Counters for attempt_local453761941_0001_m_000000_0: Counters: 23
[2025-02-26T20:48:05.376+0000] {subprocess.py:93} INFO - 	File System Counters
[2025-02-26T20:48:05.377+0000] {subprocess.py:93} INFO - 		FILE: Number of bytes read=180665
[2025-02-26T20:48:05.378+0000] {subprocess.py:93} INFO - 		FILE: Number of bytes written=709713
[2025-02-26T20:48:05.378+0000] {subprocess.py:93} INFO - 		FILE: Number of read operations=0
[2025-02-26T20:48:05.379+0000] {subprocess.py:93} INFO - 		FILE: Number of large read operations=0
[2025-02-26T20:48:05.388+0000] {subprocess.py:93} INFO - 		FILE: Number of write operations=0
[2025-02-26T20:48:05.390+0000] {subprocess.py:93} INFO - 		HDFS: Number of bytes read=19767
[2025-02-26T20:48:05.391+0000] {subprocess.py:93} INFO - 		HDFS: Number of bytes written=0
[2025-02-26T20:48:05.393+0000] {subprocess.py:93} INFO - 		HDFS: Number of read operations=5
[2025-02-26T20:48:05.395+0000] {subprocess.py:93} INFO - 		HDFS: Number of large read operations=0
[2025-02-26T20:48:05.397+0000] {subprocess.py:93} INFO - 		HDFS: Number of write operations=1
[2025-02-26T20:48:05.399+0000] {subprocess.py:93} INFO - 		HDFS: Number of bytes read erasure-coded=0
[2025-02-26T20:48:05.400+0000] {subprocess.py:93} INFO - 	Map-Reduce Framework
[2025-02-26T20:48:05.402+0000] {subprocess.py:93} INFO - 		Map input records=677
[2025-02-26T20:48:05.403+0000] {subprocess.py:93} INFO - 		Map output records=0
[2025-02-26T20:48:05.403+0000] {subprocess.py:93} INFO - 		Map output bytes=0
[2025-02-26T20:48:05.407+0000] {subprocess.py:93} INFO - 		Map output materialized bytes=6
[2025-02-26T20:48:05.408+0000] {subprocess.py:93} INFO - 		Input split bytes=137
[2025-02-26T20:48:05.413+0000] {subprocess.py:93} INFO - 		Combine input records=0
[2025-02-26T20:48:05.415+0000] {subprocess.py:93} INFO - 		Spilled Records=0
[2025-02-26T20:48:05.416+0000] {subprocess.py:93} INFO - 		Failed Shuffles=0
[2025-02-26T20:48:05.422+0000] {subprocess.py:93} INFO - 		Merged Map outputs=0
[2025-02-26T20:48:05.424+0000] {subprocess.py:93} INFO - 		GC time elapsed (ms)=0
[2025-02-26T20:48:05.425+0000] {subprocess.py:93} INFO - 		Total committed heap usage (bytes)=280494080
[2025-02-26T20:48:05.426+0000] {subprocess.py:93} INFO - 	File Input Format Counters
[2025-02-26T20:48:05.426+0000] {subprocess.py:93} INFO - 		Bytes Read=19767
[2025-02-26T20:48:05.427+0000] {subprocess.py:93} INFO - 2025-02-26 20:48:05,357 INFO mapred.LocalJobRunner: Finishing task: attempt_local453761941_0001_m_000000_0
[2025-02-26T20:48:05.429+0000] {subprocess.py:93} INFO - 2025-02-26 20:48:05,357 INFO mapred.LocalJobRunner: map task executor complete.
[2025-02-26T20:48:05.430+0000] {subprocess.py:93} INFO - 2025-02-26 20:48:05,389 INFO mapred.LocalJobRunner: Waiting for reduce tasks
[2025-02-26T20:48:05.524+0000] {subprocess.py:93} INFO - 2025-02-26 20:48:05,504 INFO mapred.LocalJobRunner: Starting task: attempt_local453761941_0001_r_000000_0
[2025-02-26T20:48:05.828+0000] {subprocess.py:93} INFO - 2025-02-26 20:48:05,735 INFO output.FileOutputCommitter: File Output Committer Algorithm version is 2
[2025-02-26T20:48:05.840+0000] {subprocess.py:93} INFO - 2025-02-26 20:48:05,735 INFO output.FileOutputCommitter: FileOutputCommitter skip cleanup _temporary folders under output directory:false, ignore cleanup failures: false
[2025-02-26T20:48:05.886+0000] {subprocess.py:93} INFO - 2025-02-26 20:48:05,756 INFO mapred.Task:  Using ResourceCalculatorProcessTree : [ ]
[2025-02-26T20:48:05.931+0000] {subprocess.py:93} INFO - 2025-02-26 20:48:05,880 INFO mapred.ReduceTask: Using ShuffleConsumerPlugin: org.apache.hadoop.mapreduce.task.reduce.Shuffle@550293e5
[2025-02-26T20:48:05.934+0000] {subprocess.py:93} INFO - 2025-02-26 20:48:05,896 WARN impl.MetricsSystemImpl: JobTracker metrics system already initialized!
[2025-02-26T20:48:05.939+0000] {subprocess.py:93} INFO - 2025-02-26 20:48:05,934 INFO mapreduce.Job:  map 100% reduce 0%
[2025-02-26T20:48:06.052+0000] {subprocess.py:93} INFO - 2025-02-26 20:48:06,046 INFO reduce.MergeManagerImpl: MergerManager: memoryLimit=668309888, maxSingleShuffleLimit=167077472, mergeThreshold=441084544, ioSortFactor=10, memToMemMergeOutputsThreshold=10
[2025-02-26T20:48:06.109+0000] {subprocess.py:93} INFO - 2025-02-26 20:48:06,104 INFO reduce.EventFetcher: attempt_local453761941_0001_r_000000_0 Thread started: EventFetcher for fetching Map Completion Events
[2025-02-26T20:48:06.199+0000] {subprocess.py:93} INFO - 2025-02-26 20:48:06,188 INFO reduce.LocalFetcher: localfetcher#1 about to shuffle output of map attempt_local453761941_0001_m_000000_0 decomp: 2 len: 6 to MEMORY
[2025-02-26T20:48:06.229+0000] {subprocess.py:93} INFO - 2025-02-26 20:48:06,225 INFO reduce.InMemoryMapOutput: Read 2 bytes from map-output for attempt_local453761941_0001_m_000000_0
[2025-02-26T20:48:06.254+0000] {subprocess.py:93} INFO - 2025-02-26 20:48:06,249 INFO reduce.MergeManagerImpl: closeInMemoryFile -> map-output of size: 2, inMemoryMapOutputs.size() -> 1, commitMemory -> 0, usedMemory ->2
[2025-02-26T20:48:06.268+0000] {subprocess.py:93} INFO - 2025-02-26 20:48:06,267 INFO reduce.EventFetcher: EventFetcher is interrupted.. Returning
[2025-02-26T20:48:06.279+0000] {subprocess.py:93} INFO - 2025-02-26 20:48:06,275 INFO mapred.LocalJobRunner: 1 / 1 copied.
[2025-02-26T20:48:06.287+0000] {subprocess.py:93} INFO - 2025-02-26 20:48:06,278 INFO reduce.MergeManagerImpl: finalMerge called with 1 in-memory map-outputs and 0 on-disk map-outputs
[2025-02-26T20:48:06.312+0000] {subprocess.py:93} INFO - 2025-02-26 20:48:06,303 INFO mapred.Merger: Merging 1 sorted segments
[2025-02-26T20:48:06.320+0000] {subprocess.py:93} INFO - 2025-02-26 20:48:06,318 INFO mapred.Merger: Down to the last merge-pass, with 0 segments left of total size: 0 bytes
[2025-02-26T20:48:06.328+0000] {subprocess.py:93} INFO - 2025-02-26 20:48:06,324 INFO reduce.MergeManagerImpl: Merged 1 segments, 2 bytes to disk to satisfy reduce memory limit
[2025-02-26T20:48:06.329+0000] {subprocess.py:93} INFO - 2025-02-26 20:48:06,326 INFO reduce.MergeManagerImpl: Merging 1 files, 6 bytes from disk
[2025-02-26T20:48:06.335+0000] {subprocess.py:93} INFO - 2025-02-26 20:48:06,334 INFO reduce.MergeManagerImpl: Merging 0 segments, 0 bytes from memory into reduce
[2025-02-26T20:48:06.336+0000] {subprocess.py:93} INFO - 2025-02-26 20:48:06,334 INFO mapred.Merger: Merging 1 sorted segments
[2025-02-26T20:48:06.344+0000] {subprocess.py:93} INFO - 2025-02-26 20:48:06,336 INFO mapred.Merger: Down to the last merge-pass, with 0 segments left of total size: 0 bytes
[2025-02-26T20:48:06.346+0000] {subprocess.py:93} INFO - 2025-02-26 20:48:06,338 INFO mapred.LocalJobRunner: 1 / 1 copied.
[2025-02-26T20:48:06.360+0000] {subprocess.py:93} INFO - 2025-02-26 20:48:06,358 INFO streaming.PipeMapRed: PipeMapRed exec [/usr/bin/python, reducer.py]
[2025-02-26T20:48:06.363+0000] {subprocess.py:93} INFO - 2025-02-26 20:48:06,361 INFO Configuration.deprecation: mapred.job.tracker is deprecated. Instead, use mapreduce.jobtracker.address
[2025-02-26T20:48:06.364+0000] {subprocess.py:93} INFO - 2025-02-26 20:48:06,363 INFO Configuration.deprecation: mapred.map.tasks is deprecated. Instead, use mapreduce.job.maps
[2025-02-26T20:48:06.609+0000] {subprocess.py:93} INFO - 2025-02-26 20:48:06,599 INFO streaming.PipeMapRed: MRErrorThread done
[2025-02-26T20:48:06.610+0000] {subprocess.py:93} INFO - 2025-02-26 20:48:06,600 INFO streaming.PipeMapRed: mapRedFinished
[2025-02-26T20:48:06.662+0000] {subprocess.py:93} INFO - 2025-02-26 20:48:06,647 INFO mapred.Task: Task:attempt_local453761941_0001_r_000000_0 is done. And is in the process of committing
[2025-02-26T20:48:06.667+0000] {subprocess.py:93} INFO - 2025-02-26 20:48:06,656 INFO mapred.LocalJobRunner: 1 / 1 copied.
[2025-02-26T20:48:06.673+0000] {subprocess.py:93} INFO - 2025-02-26 20:48:06,656 INFO mapred.Task: Task attempt_local453761941_0001_r_000000_0 is allowed to commit now
[2025-02-26T20:48:06.734+0000] {subprocess.py:93} INFO - 2025-02-26 20:48:06,731 INFO output.FileOutputCommitter: Saved output of task 'attempt_local453761941_0001_r_000000_0' to hdfs://namenode:9000/user/etudiant/crypto/processed/YYYY=2025/MM=02/DD=17
[2025-02-26T20:48:06.745+0000] {subprocess.py:93} INFO - 2025-02-26 20:48:06,742 INFO mapred.LocalJobRunner: reduce > reduce
[2025-02-26T20:48:06.746+0000] {subprocess.py:93} INFO - 2025-02-26 20:48:06,743 INFO mapred.Task: Task 'attempt_local453761941_0001_r_000000_0' done.
[2025-02-26T20:48:06.749+0000] {subprocess.py:93} INFO - 2025-02-26 20:48:06,747 INFO mapred.Task: Final Counters for attempt_local453761941_0001_r_000000_0: Counters: 30
[2025-02-26T20:48:06.750+0000] {subprocess.py:93} INFO - 	File System Counters
[2025-02-26T20:48:06.751+0000] {subprocess.py:93} INFO - 		FILE: Number of bytes read=180709
[2025-02-26T20:48:06.754+0000] {subprocess.py:93} INFO - 		FILE: Number of bytes written=709719
[2025-02-26T20:48:06.755+0000] {subprocess.py:93} INFO - 		FILE: Number of read operations=0
[2025-02-26T20:48:06.756+0000] {subprocess.py:93} INFO - 		FILE: Number of large read operations=0
[2025-02-26T20:48:06.757+0000] {subprocess.py:93} INFO - 		FILE: Number of write operations=0
[2025-02-26T20:48:06.758+0000] {subprocess.py:93} INFO - 		HDFS: Number of bytes read=19767
[2025-02-26T20:48:06.758+0000] {subprocess.py:93} INFO - 		HDFS: Number of bytes written=0
[2025-02-26T20:48:06.760+0000] {subprocess.py:93} INFO - 		HDFS: Number of read operations=10
[2025-02-26T20:48:06.760+0000] {subprocess.py:93} INFO - 		HDFS: Number of large read operations=0
[2025-02-26T20:48:06.763+0000] {subprocess.py:93} INFO - 		HDFS: Number of write operations=3
[2025-02-26T20:48:06.767+0000] {subprocess.py:93} INFO - 		HDFS: Number of bytes read erasure-coded=0
[2025-02-26T20:48:06.768+0000] {subprocess.py:93} INFO - 	Map-Reduce Framework
[2025-02-26T20:48:06.773+0000] {subprocess.py:93} INFO - 		Combine input records=0
[2025-02-26T20:48:06.774+0000] {subprocess.py:93} INFO - 		Combine output records=0
[2025-02-26T20:48:06.774+0000] {subprocess.py:93} INFO - 		Reduce input groups=0
[2025-02-26T20:48:06.775+0000] {subprocess.py:93} INFO - 		Reduce shuffle bytes=6
[2025-02-26T20:48:06.776+0000] {subprocess.py:93} INFO - 		Reduce input records=0
[2025-02-26T20:48:06.777+0000] {subprocess.py:93} INFO - 		Reduce output records=0
[2025-02-26T20:48:06.777+0000] {subprocess.py:93} INFO - 		Spilled Records=0
[2025-02-26T20:48:06.779+0000] {subprocess.py:93} INFO - 		Shuffled Maps =1
[2025-02-26T20:48:06.780+0000] {subprocess.py:93} INFO - 		Failed Shuffles=0
[2025-02-26T20:48:06.780+0000] {subprocess.py:93} INFO - 		Merged Map outputs=1
[2025-02-26T20:48:06.781+0000] {subprocess.py:93} INFO - 		GC time elapsed (ms)=0
[2025-02-26T20:48:06.782+0000] {subprocess.py:93} INFO - 		Total committed heap usage (bytes)=281018368
[2025-02-26T20:48:06.786+0000] {subprocess.py:93} INFO - 	Shuffle Errors
[2025-02-26T20:48:06.790+0000] {subprocess.py:93} INFO - 		BAD_ID=0
[2025-02-26T20:48:06.794+0000] {subprocess.py:93} INFO - 		CONNECTION=0
[2025-02-26T20:48:06.795+0000] {subprocess.py:93} INFO - 		IO_ERROR=0
[2025-02-26T20:48:06.795+0000] {subprocess.py:93} INFO - 		WRONG_LENGTH=0
[2025-02-26T20:48:06.796+0000] {subprocess.py:93} INFO - 		WRONG_MAP=0
[2025-02-26T20:48:06.797+0000] {subprocess.py:93} INFO - 		WRONG_REDUCE=0
[2025-02-26T20:48:06.798+0000] {subprocess.py:93} INFO - 	File Output Format Counters
[2025-02-26T20:48:06.810+0000] {subprocess.py:93} INFO - 		Bytes Written=0
[2025-02-26T20:48:06.811+0000] {subprocess.py:93} INFO - 2025-02-26 20:48:06,749 INFO mapred.LocalJobRunner: Finishing task: attempt_local453761941_0001_r_000000_0
[2025-02-26T20:48:06.812+0000] {subprocess.py:93} INFO - 2025-02-26 20:48:06,750 INFO mapred.LocalJobRunner: reduce task executor complete.
[2025-02-26T20:48:06.937+0000] {subprocess.py:93} INFO - 2025-02-26 20:48:06,935 INFO mapreduce.Job:  map 100% reduce 100%
[2025-02-26T20:48:06.954+0000] {subprocess.py:93} INFO - 2025-02-26 20:48:06,937 INFO mapreduce.Job: Job job_local453761941_0001 completed successfully
[2025-02-26T20:48:07.009+0000] {subprocess.py:93} INFO - 2025-02-26 20:48:06,997 INFO mapreduce.Job: Counters: 36
[2025-02-26T20:48:07.019+0000] {subprocess.py:93} INFO - 	File System Counters
[2025-02-26T20:48:07.020+0000] {subprocess.py:93} INFO - 		FILE: Number of bytes read=361374
[2025-02-26T20:48:07.021+0000] {subprocess.py:93} INFO - 		FILE: Number of bytes written=1419432
[2025-02-26T20:48:07.030+0000] {subprocess.py:93} INFO - 		FILE: Number of read operations=0
[2025-02-26T20:48:07.031+0000] {subprocess.py:93} INFO - 		FILE: Number of large read operations=0
[2025-02-26T20:48:07.034+0000] {subprocess.py:93} INFO - 		FILE: Number of write operations=0
[2025-02-26T20:48:07.035+0000] {subprocess.py:93} INFO - 		HDFS: Number of bytes read=39534
[2025-02-26T20:48:07.036+0000] {subprocess.py:93} INFO - 		HDFS: Number of bytes written=0
[2025-02-26T20:48:07.036+0000] {subprocess.py:93} INFO - 		HDFS: Number of read operations=15
[2025-02-26T20:48:07.037+0000] {subprocess.py:93} INFO - 		HDFS: Number of large read operations=0
[2025-02-26T20:48:07.038+0000] {subprocess.py:93} INFO - 		HDFS: Number of write operations=4
[2025-02-26T20:48:07.038+0000] {subprocess.py:93} INFO - 		HDFS: Number of bytes read erasure-coded=0
[2025-02-26T20:48:07.039+0000] {subprocess.py:93} INFO - 	Map-Reduce Framework
[2025-02-26T20:48:07.042+0000] {subprocess.py:93} INFO - 		Map input records=677
[2025-02-26T20:48:07.043+0000] {subprocess.py:93} INFO - 		Map output records=0
[2025-02-26T20:48:07.050+0000] {subprocess.py:93} INFO - 		Map output bytes=0
[2025-02-26T20:48:07.052+0000] {subprocess.py:93} INFO - 		Map output materialized bytes=6
[2025-02-26T20:48:07.052+0000] {subprocess.py:93} INFO - 		Input split bytes=137
[2025-02-26T20:48:07.053+0000] {subprocess.py:93} INFO - 		Combine input records=0
[2025-02-26T20:48:07.054+0000] {subprocess.py:93} INFO - 		Combine output records=0
[2025-02-26T20:48:07.055+0000] {subprocess.py:93} INFO - 		Reduce input groups=0
[2025-02-26T20:48:07.056+0000] {subprocess.py:93} INFO - 		Reduce shuffle bytes=6
[2025-02-26T20:48:07.057+0000] {subprocess.py:93} INFO - 		Reduce input records=0
[2025-02-26T20:48:07.057+0000] {subprocess.py:93} INFO - 		Reduce output records=0
[2025-02-26T20:48:07.058+0000] {subprocess.py:93} INFO - 		Spilled Records=0
[2025-02-26T20:48:07.068+0000] {subprocess.py:93} INFO - 		Shuffled Maps =1
[2025-02-26T20:48:07.073+0000] {subprocess.py:93} INFO - 		Failed Shuffles=0
[2025-02-26T20:48:07.079+0000] {subprocess.py:93} INFO - 		Merged Map outputs=1
[2025-02-26T20:48:07.089+0000] {subprocess.py:93} INFO - 		GC time elapsed (ms)=0
[2025-02-26T20:48:07.099+0000] {subprocess.py:93} INFO - 		Total committed heap usage (bytes)=561512448
[2025-02-26T20:48:07.100+0000] {subprocess.py:93} INFO - 	Shuffle Errors
[2025-02-26T20:48:07.101+0000] {subprocess.py:93} INFO - 		BAD_ID=0
[2025-02-26T20:48:07.102+0000] {subprocess.py:93} INFO - 		CONNECTION=0
[2025-02-26T20:48:07.102+0000] {subprocess.py:93} INFO - 		IO_ERROR=0
[2025-02-26T20:48:07.103+0000] {subprocess.py:93} INFO - 		WRONG_LENGTH=0
[2025-02-26T20:48:07.103+0000] {subprocess.py:93} INFO - 		WRONG_MAP=0
[2025-02-26T20:48:07.104+0000] {subprocess.py:93} INFO - 		WRONG_REDUCE=0
[2025-02-26T20:48:07.104+0000] {subprocess.py:93} INFO - 	File Input Format Counters
[2025-02-26T20:48:07.105+0000] {subprocess.py:93} INFO - 		Bytes Read=19767
[2025-02-26T20:48:07.124+0000] {subprocess.py:93} INFO - 	File Output Format Counters
[2025-02-26T20:48:07.127+0000] {subprocess.py:93} INFO - 		Bytes Written=0
[2025-02-26T20:48:07.128+0000] {subprocess.py:93} INFO - 2025-02-26 20:48:06,997 INFO streaming.StreamJob: Output directory: hdfs:///user/etudiant/crypto/processed/YYYY=2025/MM=02/DD=17
[2025-02-26T20:48:07.667+0000] {subprocess.py:97} INFO - Command exited with return code 0
[2025-02-26T20:48:07.742+0000] {taskinstance.py:1400} INFO - Marking task as SUCCESS. dag_id=yfinance_ingestion_dag, task_id=run_mapreduce, execution_date=20250217T000000, start_date=20250226T204727, end_date=20250226T204807
[2025-02-26T20:48:07.845+0000] {local_task_job_runner.py:228} INFO - Task exited with return code 0
[2025-02-26T20:48:07.918+0000] {taskinstance.py:2784} INFO - 0 downstream tasks scheduled from follow-on schedule check
