[2025-02-26T20:39:22.353+0000] {taskinstance.py:1159} INFO - Dependencies all met for dep_context=non-requeueable deps ti=<TaskInstance: yfinance_ingestion_dag.run_mapreduce scheduled__2025-01-25T00:00:00+00:00 [queued]>
[2025-02-26T20:39:22.437+0000] {taskinstance.py:1159} INFO - Dependencies all met for dep_context=requeueable deps ti=<TaskInstance: yfinance_ingestion_dag.run_mapreduce scheduled__2025-01-25T00:00:00+00:00 [queued]>
[2025-02-26T20:39:22.456+0000] {taskinstance.py:1361} INFO - Starting attempt 1 of 2
[2025-02-26T20:39:22.942+0000] {taskinstance.py:1382} INFO - Executing <Task(BashOperator): run_mapreduce> on 2025-01-25 00:00:00+00:00
[2025-02-26T20:39:23.086+0000] {standard_task_runner.py:57} INFO - Started process 894 to run task
[2025-02-26T20:39:23.093+0000] {standard_task_runner.py:84} INFO - Running: ['***', 'tasks', 'run', 'yfinance_ingestion_dag', 'run_mapreduce', 'scheduled__2025-01-25T00:00:00+00:00', '--job-id', '256', '--raw', '--subdir', 'DAGS_FOLDER/pipeline.py', '--cfg-path', '/tmp/tmp8g9mkc3a']
[2025-02-26T20:39:23.114+0000] {standard_task_runner.py:85} INFO - Job 256: Subtask run_mapreduce
[2025-02-26T20:39:23.440+0000] {task_command.py:415} INFO - Running <TaskInstance: yfinance_ingestion_dag.run_mapreduce scheduled__2025-01-25T00:00:00+00:00 [running]> on host 3c0faf52b292
[2025-02-26T20:39:23.778+0000] {taskinstance.py:1660} INFO - Exporting env vars: AIRFLOW_CTX_DAG_OWNER='etudiant' AIRFLOW_CTX_DAG_ID='yfinance_ingestion_dag' AIRFLOW_CTX_TASK_ID='run_mapreduce' AIRFLOW_CTX_EXECUTION_DATE='2025-01-25T00:00:00+00:00' AIRFLOW_CTX_TRY_NUMBER='1' AIRFLOW_CTX_DAG_RUN_ID='scheduled__2025-01-25T00:00:00+00:00'
[2025-02-26T20:39:23.785+0000] {subprocess.py:63} INFO - Tmp dir root location: /tmp
[2025-02-26T20:39:23.792+0000] {subprocess.py:75} INFO - Running command: ['/bin/bash', '-c', '\n        docker exec -i -u root namenode bash -c \'         cd /tmp &&         cp /mnt/hadoop_data/mapreduce/mapper.py . &&         cp /mnt/hadoop_data/mapreduce/reducer.py . &&         chmod +x mapper.py reducer.py &&         hdfs dfs -rm -r hdfs:///user/etudiant/crypto/processed/YYYY=2025/MM=01/DD=25 || true &&         hadoop jar /opt/hadoop-3.2.1/share/hadoop/tools/lib/hadoop-streaming-3.2.1.jar         -files mapper.py,reducer.py         -mapper "python mapper.py"         -reducer "python reducer.py"         -input hdfs:///user/etudiant/crypto/raw/YYYY=2025/MM=01/DD=25/yfinance_raw.json         -output hdfs:///user/etudiant/crypto/processed/YYYY=2025/MM=01/DD=25\'\n        ']
[2025-02-26T20:39:23.825+0000] {subprocess.py:86} INFO - Output:
[2025-02-26T20:39:23.978+0000] {subprocess.py:93} INFO - Error response from daemon: container c068416616c3addcfecdcedaa4e27c1031cda688b8569312fe1d8d0a7228e11e is not running
[2025-02-26T20:39:23.988+0000] {subprocess.py:97} INFO - Command exited with return code 1
[2025-02-26T20:39:24.031+0000] {taskinstance.py:1943} ERROR - Task failed with exception
Traceback (most recent call last):
  File "/home/airflow/.local/lib/python3.8/site-packages/airflow/operators/bash.py", line 210, in execute
    raise AirflowException(
airflow.exceptions.AirflowException: Bash command failed. The command returned a non-zero exit code 1.
[2025-02-26T20:39:24.055+0000] {taskinstance.py:1400} INFO - Marking task as UP_FOR_RETRY. dag_id=yfinance_ingestion_dag, task_id=run_mapreduce, execution_date=20250125T000000, start_date=20250226T203922, end_date=20250226T203924
[2025-02-26T20:39:24.154+0000] {standard_task_runner.py:104} ERROR - Failed to execute job 256 for task run_mapreduce (Bash command failed. The command returned a non-zero exit code 1.; 894)
[2025-02-26T20:39:24.220+0000] {local_task_job_runner.py:228} INFO - Task exited with return code 1
[2025-02-26T20:39:24.464+0000] {taskinstance.py:2784} INFO - 0 downstream tasks scheduled from follow-on schedule check
[2025-02-26T20:43:02.566+0000] {taskinstance.py:1159} INFO - Dependencies all met for dep_context=non-requeueable deps ti=<TaskInstance: yfinance_ingestion_dag.run_mapreduce scheduled__2025-01-25T00:00:00+00:00 [queued]>
[2025-02-26T20:43:02.580+0000] {taskinstance.py:1159} INFO - Dependencies all met for dep_context=requeueable deps ti=<TaskInstance: yfinance_ingestion_dag.run_mapreduce scheduled__2025-01-25T00:00:00+00:00 [queued]>
[2025-02-26T20:43:02.581+0000] {taskinstance.py:1361} INFO - Starting attempt 1 of 2
[2025-02-26T20:43:02.600+0000] {taskinstance.py:1382} INFO - Executing <Task(BashOperator): run_mapreduce> on 2025-01-25 00:00:00+00:00
[2025-02-26T20:43:02.609+0000] {standard_task_runner.py:57} INFO - Started process 1992 to run task
[2025-02-26T20:43:02.613+0000] {standard_task_runner.py:84} INFO - Running: ['***', 'tasks', 'run', 'yfinance_ingestion_dag', 'run_mapreduce', 'scheduled__2025-01-25T00:00:00+00:00', '--job-id', '339', '--raw', '--subdir', 'DAGS_FOLDER/pipeline.py', '--cfg-path', '/tmp/tmp6nz5nf_c']
[2025-02-26T20:43:02.616+0000] {standard_task_runner.py:85} INFO - Job 339: Subtask run_mapreduce
[2025-02-26T20:43:02.678+0000] {task_command.py:415} INFO - Running <TaskInstance: yfinance_ingestion_dag.run_mapreduce scheduled__2025-01-25T00:00:00+00:00 [running]> on host 3c0faf52b292
[2025-02-26T20:43:02.827+0000] {taskinstance.py:1660} INFO - Exporting env vars: AIRFLOW_CTX_DAG_OWNER='etudiant' AIRFLOW_CTX_DAG_ID='yfinance_ingestion_dag' AIRFLOW_CTX_TASK_ID='run_mapreduce' AIRFLOW_CTX_EXECUTION_DATE='2025-01-25T00:00:00+00:00' AIRFLOW_CTX_TRY_NUMBER='1' AIRFLOW_CTX_DAG_RUN_ID='scheduled__2025-01-25T00:00:00+00:00'
[2025-02-26T20:43:02.830+0000] {subprocess.py:63} INFO - Tmp dir root location: /tmp
[2025-02-26T20:43:02.833+0000] {subprocess.py:75} INFO - Running command: ['/bin/bash', '-c', '\n        docker exec -i -u root namenode bash -c \'         cd /tmp &&         cp /mnt/hadoop_data/mapreduce/mapper.py . &&         cp /mnt/hadoop_data/mapreduce/reducer.py . &&         chmod +x mapper.py reducer.py &&         hdfs dfs -rm -r hdfs:///user/etudiant/crypto/processed/YYYY=2025/MM=01/DD=25 || true &&         hadoop jar /opt/hadoop-3.2.1/share/hadoop/tools/lib/hadoop-streaming-3.2.1.jar         -files mapper.py,reducer.py         -mapper "python mapper.py"         -reducer "python reducer.py"         -input hdfs:///user/etudiant/crypto/raw/YYYY=2025/MM=01/DD=25/yfinance_raw.json         -output hdfs:///user/etudiant/crypto/processed/YYYY=2025/MM=01/DD=25\'\n        ']
[2025-02-26T20:43:02.860+0000] {subprocess.py:86} INFO - Output:
[2025-02-26T20:43:06.144+0000] {subprocess.py:93} INFO - rm: `hdfs:///user/etudiant/crypto/processed/YYYY=2025/MM=01/DD=25': No such file or directory
[2025-02-26T20:43:09.555+0000] {subprocess.py:93} INFO - 2025-02-26 20:43:09,547 INFO impl.MetricsConfig: Loaded properties from hadoop-metrics2.properties
[2025-02-26T20:43:09.667+0000] {subprocess.py:93} INFO - 2025-02-26 20:43:09,665 INFO impl.MetricsSystemImpl: Scheduled Metric snapshot period at 10 second(s).
[2025-02-26T20:43:09.668+0000] {subprocess.py:93} INFO - 2025-02-26 20:43:09,665 INFO impl.MetricsSystemImpl: JobTracker metrics system started
[2025-02-26T20:43:09.709+0000] {subprocess.py:93} INFO - 2025-02-26 20:43:09,694 WARN impl.MetricsSystemImpl: JobTracker metrics system already initialized!
[2025-02-26T20:43:10.325+0000] {subprocess.py:93} INFO - 2025-02-26 20:43:10,323 INFO mapred.FileInputFormat: Total input files to process : 1
[2025-02-26T20:43:10.422+0000] {subprocess.py:93} INFO - 2025-02-26 20:43:10,420 INFO mapreduce.JobSubmitter: number of splits:1
[2025-02-26T20:43:10.729+0000] {subprocess.py:93} INFO - 2025-02-26 20:43:10,727 INFO mapreduce.JobSubmitter: Submitting tokens for job: job_local1647297296_0001
[2025-02-26T20:43:10.730+0000] {subprocess.py:93} INFO - 2025-02-26 20:43:10,727 INFO mapreduce.JobSubmitter: Executing with tokens: []
[2025-02-26T20:43:11.152+0000] {subprocess.py:93} INFO - 2025-02-26 20:43:11,150 INFO mapred.LocalDistributedCacheManager: Localized file:/tmp/mapper.py as file:/tmp/hadoop-root/mapred/local/job_local1647297296_0001_9711e841-4275-4973-b962-cc84d273c0d8/mapper.py
[2025-02-26T20:43:11.183+0000] {subprocess.py:93} INFO - 2025-02-26 20:43:11,181 INFO mapred.LocalDistributedCacheManager: Localized file:/tmp/reducer.py as file:/tmp/hadoop-root/mapred/local/job_local1647297296_0001_e32be22e-3d9c-44de-a98f-cd120bbad5fd/reducer.py
[2025-02-26T20:43:11.301+0000] {subprocess.py:93} INFO - 2025-02-26 20:43:11,299 INFO mapreduce.Job: The url to track the job: http://localhost:8080/
[2025-02-26T20:43:11.364+0000] {subprocess.py:93} INFO - 2025-02-26 20:43:11,343 INFO mapreduce.Job: Running job: job_local1647297296_0001
[2025-02-26T20:43:11.369+0000] {subprocess.py:93} INFO - 2025-02-26 20:43:11,356 INFO mapred.LocalJobRunner: OutputCommitter set in config null
[2025-02-26T20:43:11.370+0000] {subprocess.py:93} INFO - 2025-02-26 20:43:11,359 INFO mapred.LocalJobRunner: OutputCommitter is org.apache.hadoop.mapred.FileOutputCommitter
[2025-02-26T20:43:11.377+0000] {subprocess.py:93} INFO - 2025-02-26 20:43:11,372 INFO output.FileOutputCommitter: File Output Committer Algorithm version is 2
[2025-02-26T20:43:11.385+0000] {subprocess.py:93} INFO - 2025-02-26 20:43:11,373 INFO output.FileOutputCommitter: FileOutputCommitter skip cleanup _temporary folders under output directory:false, ignore cleanup failures: false
[2025-02-26T20:43:11.467+0000] {subprocess.py:93} INFO - 2025-02-26 20:43:11,466 INFO mapred.LocalJobRunner: Waiting for map tasks
[2025-02-26T20:43:11.472+0000] {subprocess.py:93} INFO - 2025-02-26 20:43:11,471 INFO mapred.LocalJobRunner: Starting task: attempt_local1647297296_0001_m_000000_0
[2025-02-26T20:43:11.498+0000] {subprocess.py:93} INFO - 2025-02-26 20:43:11,496 INFO output.FileOutputCommitter: File Output Committer Algorithm version is 2
[2025-02-26T20:43:11.499+0000] {subprocess.py:93} INFO - 2025-02-26 20:43:11,496 INFO output.FileOutputCommitter: FileOutputCommitter skip cleanup _temporary folders under output directory:false, ignore cleanup failures: false
[2025-02-26T20:43:11.519+0000] {subprocess.py:93} INFO - 2025-02-26 20:43:11,517 INFO mapred.Task:  Using ResourceCalculatorProcessTree : [ ]
[2025-02-26T20:43:11.527+0000] {subprocess.py:93} INFO - 2025-02-26 20:43:11,525 INFO mapred.MapTask: Processing split: hdfs://namenode:9000/user/etudiant/crypto/raw/YYYY=2025/MM=01/DD=25/yfinance_raw.json:0+19762
[2025-02-26T20:43:11.558+0000] {subprocess.py:93} INFO - 2025-02-26 20:43:11,556 INFO mapred.MapTask: numReduceTasks: 1
[2025-02-26T20:43:11.631+0000] {subprocess.py:93} INFO - 2025-02-26 20:43:11,617 INFO mapred.MapTask: (EQUATOR) 0 kvi 26214396(104857584)
[2025-02-26T20:43:11.636+0000] {subprocess.py:93} INFO - 2025-02-26 20:43:11,618 INFO mapred.MapTask: mapreduce.task.io.sort.mb: 100
[2025-02-26T20:43:11.637+0000] {subprocess.py:93} INFO - 2025-02-26 20:43:11,618 INFO mapred.MapTask: soft limit at 83886080
[2025-02-26T20:43:11.638+0000] {subprocess.py:93} INFO - 2025-02-26 20:43:11,618 INFO mapred.MapTask: bufstart = 0; bufvoid = 104857600
[2025-02-26T20:43:11.639+0000] {subprocess.py:93} INFO - 2025-02-26 20:43:11,618 INFO mapred.MapTask: kvstart = 26214396; length = 6553600
[2025-02-26T20:43:11.640+0000] {subprocess.py:93} INFO - 2025-02-26 20:43:11,636 INFO mapred.MapTask: Map output collector class = org.apache.hadoop.mapred.MapTask$MapOutputBuffer
[2025-02-26T20:43:11.678+0000] {subprocess.py:93} INFO - 2025-02-26 20:43:11,671 INFO streaming.PipeMapRed: PipeMapRed exec [/usr/bin/python, mapper.py]
[2025-02-26T20:43:11.715+0000] {subprocess.py:93} INFO - 2025-02-26 20:43:11,694 INFO Configuration.deprecation: mapred.work.output.dir is deprecated. Instead, use mapreduce.task.output.dir
[2025-02-26T20:43:11.720+0000] {subprocess.py:93} INFO - 2025-02-26 20:43:11,695 INFO Configuration.deprecation: map.input.start is deprecated. Instead, use mapreduce.map.input.start
[2025-02-26T20:43:11.722+0000] {subprocess.py:93} INFO - 2025-02-26 20:43:11,696 INFO Configuration.deprecation: mapred.task.is.map is deprecated. Instead, use mapreduce.task.ismap
[2025-02-26T20:43:11.726+0000] {subprocess.py:93} INFO - 2025-02-26 20:43:11,696 INFO Configuration.deprecation: mapred.task.id is deprecated. Instead, use mapreduce.task.attempt.id
[2025-02-26T20:43:11.729+0000] {subprocess.py:93} INFO - 2025-02-26 20:43:11,702 INFO Configuration.deprecation: mapred.tip.id is deprecated. Instead, use mapreduce.task.id
[2025-02-26T20:43:11.731+0000] {subprocess.py:93} INFO - 2025-02-26 20:43:11,702 INFO Configuration.deprecation: mapred.local.dir is deprecated. Instead, use mapreduce.cluster.local.dir
[2025-02-26T20:43:11.734+0000] {subprocess.py:93} INFO - 2025-02-26 20:43:11,703 INFO Configuration.deprecation: map.input.file is deprecated. Instead, use mapreduce.map.input.file
[2025-02-26T20:43:11.738+0000] {subprocess.py:93} INFO - 2025-02-26 20:43:11,704 INFO Configuration.deprecation: mapred.skip.on is deprecated. Instead, use mapreduce.job.skiprecords
[2025-02-26T20:43:11.739+0000] {subprocess.py:93} INFO - 2025-02-26 20:43:11,704 INFO Configuration.deprecation: map.input.length is deprecated. Instead, use mapreduce.map.input.length
[2025-02-26T20:43:11.741+0000] {subprocess.py:93} INFO - 2025-02-26 20:43:11,705 INFO Configuration.deprecation: mapred.job.id is deprecated. Instead, use mapreduce.job.id
[2025-02-26T20:43:11.742+0000] {subprocess.py:93} INFO - 2025-02-26 20:43:11,706 INFO Configuration.deprecation: user.name is deprecated. Instead, use mapreduce.job.user.name
[2025-02-26T20:43:11.743+0000] {subprocess.py:93} INFO - 2025-02-26 20:43:11,706 INFO Configuration.deprecation: mapred.task.partition is deprecated. Instead, use mapreduce.task.partition
[2025-02-26T20:43:11.786+0000] {subprocess.py:93} INFO - 2025-02-26 20:43:11,784 INFO sasl.SaslDataTransferClient: SASL encryption trust check: localHostTrusted = false, remoteHostTrusted = false
[2025-02-26T20:43:12.100+0000] {subprocess.py:93} INFO - 2025-02-26 20:43:12,095 INFO streaming.PipeMapRed: R/W/S=1/0/0 in:NA [rec/s] out:NA [rec/s]
[2025-02-26T20:43:12.104+0000] {subprocess.py:93} INFO - 2025-02-26 20:43:12,096 INFO streaming.PipeMapRed: R/W/S=10/0/0 in:NA [rec/s] out:NA [rec/s]
[2025-02-26T20:43:12.105+0000] {subprocess.py:93} INFO - 2025-02-26 20:43:12,098 INFO streaming.PipeMapRed: R/W/S=100/0/0 in:NA [rec/s] out:NA [rec/s]
[2025-02-26T20:43:12.142+0000] {subprocess.py:93} INFO - 2025-02-26 20:43:12,138 INFO streaming.PipeMapRed: MRErrorThread done
[2025-02-26T20:43:12.152+0000] {subprocess.py:93} INFO - 2025-02-26 20:43:12,139 INFO streaming.PipeMapRed: mapRedFinished
[2025-02-26T20:43:12.160+0000] {subprocess.py:93} INFO - 2025-02-26 20:43:12,148 INFO mapred.LocalJobRunner:
[2025-02-26T20:43:12.168+0000] {subprocess.py:93} INFO - 2025-02-26 20:43:12,149 INFO mapred.MapTask: Starting flush of map output
[2025-02-26T20:43:12.353+0000] {subprocess.py:93} INFO - 2025-02-26 20:43:12,351 INFO mapred.Task: Task:attempt_local1647297296_0001_m_000000_0 is done. And is in the process of committing
[2025-02-26T20:43:12.397+0000] {subprocess.py:93} INFO - 2025-02-26 20:43:12,388 INFO mapreduce.Job: Job job_local1647297296_0001 running in uber mode : false
[2025-02-26T20:43:12.398+0000] {subprocess.py:93} INFO - 2025-02-26 20:43:12,389 INFO mapreduce.Job:  map 0% reduce 0%
[2025-02-26T20:43:12.406+0000] {subprocess.py:93} INFO - 2025-02-26 20:43:12,395 INFO mapred.LocalJobRunner: hdfs://namenode:9000/user/etudiant/crypto/raw/YYYY=2025/MM=01/DD=25/yfinance_raw.json:0+19762
[2025-02-26T20:43:12.413+0000] {subprocess.py:93} INFO - 2025-02-26 20:43:12,395 INFO mapred.Task: Task 'attempt_local1647297296_0001_m_000000_0' done.
[2025-02-26T20:43:12.431+0000] {subprocess.py:93} INFO - 2025-02-26 20:43:12,429 INFO mapred.Task: Final Counters for attempt_local1647297296_0001_m_000000_0: Counters: 23
[2025-02-26T20:43:12.433+0000] {subprocess.py:93} INFO - 	File System Counters
[2025-02-26T20:43:12.434+0000] {subprocess.py:93} INFO - 		FILE: Number of bytes read=180665
[2025-02-26T20:43:12.435+0000] {subprocess.py:93} INFO - 		FILE: Number of bytes written=712295
[2025-02-26T20:43:12.436+0000] {subprocess.py:93} INFO - 		FILE: Number of read operations=0
[2025-02-26T20:43:12.436+0000] {subprocess.py:93} INFO - 		FILE: Number of large read operations=0
[2025-02-26T20:43:12.437+0000] {subprocess.py:93} INFO - 		FILE: Number of write operations=0
[2025-02-26T20:43:12.438+0000] {subprocess.py:93} INFO - 		HDFS: Number of bytes read=19762
[2025-02-26T20:43:12.438+0000] {subprocess.py:93} INFO - 		HDFS: Number of bytes written=0
[2025-02-26T20:43:12.440+0000] {subprocess.py:93} INFO - 		HDFS: Number of read operations=5
[2025-02-26T20:43:12.441+0000] {subprocess.py:93} INFO - 		HDFS: Number of large read operations=0
[2025-02-26T20:43:12.441+0000] {subprocess.py:93} INFO - 		HDFS: Number of write operations=1
[2025-02-26T20:43:12.442+0000] {subprocess.py:93} INFO - 		HDFS: Number of bytes read erasure-coded=0
[2025-02-26T20:43:12.443+0000] {subprocess.py:93} INFO - 	Map-Reduce Framework
[2025-02-26T20:43:12.444+0000] {subprocess.py:93} INFO - 		Map input records=677
[2025-02-26T20:43:12.445+0000] {subprocess.py:93} INFO - 		Map output records=0
[2025-02-26T20:43:12.445+0000] {subprocess.py:93} INFO - 		Map output bytes=0
[2025-02-26T20:43:12.446+0000] {subprocess.py:93} INFO - 		Map output materialized bytes=6
[2025-02-26T20:43:12.446+0000] {subprocess.py:93} INFO - 		Input split bytes=137
[2025-02-26T20:43:12.447+0000] {subprocess.py:93} INFO - 		Combine input records=0
[2025-02-26T20:43:12.448+0000] {subprocess.py:93} INFO - 		Spilled Records=0
[2025-02-26T20:43:12.448+0000] {subprocess.py:93} INFO - 		Failed Shuffles=0
[2025-02-26T20:43:12.449+0000] {subprocess.py:93} INFO - 		Merged Map outputs=0
[2025-02-26T20:43:12.449+0000] {subprocess.py:93} INFO - 		GC time elapsed (ms)=72
[2025-02-26T20:43:12.450+0000] {subprocess.py:93} INFO - 		Total committed heap usage (bytes)=274202624
[2025-02-26T20:43:12.451+0000] {subprocess.py:93} INFO - 	File Input Format Counters
[2025-02-26T20:43:12.452+0000] {subprocess.py:93} INFO - 		Bytes Read=19762
[2025-02-26T20:43:12.452+0000] {subprocess.py:93} INFO - 2025-02-26 20:43:12,431 INFO mapred.LocalJobRunner: Finishing task: attempt_local1647297296_0001_m_000000_0
[2025-02-26T20:43:12.453+0000] {subprocess.py:93} INFO - 2025-02-26 20:43:12,431 INFO mapred.LocalJobRunner: map task executor complete.
[2025-02-26T20:43:12.453+0000] {subprocess.py:93} INFO - 2025-02-26 20:43:12,437 INFO mapred.LocalJobRunner: Waiting for reduce tasks
[2025-02-26T20:43:12.454+0000] {subprocess.py:93} INFO - 2025-02-26 20:43:12,439 INFO mapred.LocalJobRunner: Starting task: attempt_local1647297296_0001_r_000000_0
[2025-02-26T20:43:12.459+0000] {subprocess.py:93} INFO - 2025-02-26 20:43:12,457 INFO output.FileOutputCommitter: File Output Committer Algorithm version is 2
[2025-02-26T20:43:12.461+0000] {subprocess.py:93} INFO - 2025-02-26 20:43:12,457 INFO output.FileOutputCommitter: FileOutputCommitter skip cleanup _temporary folders under output directory:false, ignore cleanup failures: false
[2025-02-26T20:43:12.462+0000] {subprocess.py:93} INFO - 2025-02-26 20:43:12,458 INFO mapred.Task:  Using ResourceCalculatorProcessTree : [ ]
[2025-02-26T20:43:12.472+0000] {subprocess.py:93} INFO - 2025-02-26 20:43:12,469 INFO mapred.ReduceTask: Using ShuffleConsumerPlugin: org.apache.hadoop.mapreduce.task.reduce.Shuffle@a07e8d1
[2025-02-26T20:43:12.503+0000] {subprocess.py:93} INFO - 2025-02-26 20:43:12,493 WARN impl.MetricsSystemImpl: JobTracker metrics system already initialized!
[2025-02-26T20:43:12.588+0000] {subprocess.py:93} INFO - 2025-02-26 20:43:12,576 INFO reduce.MergeManagerImpl: MergerManager: memoryLimit=668309888, maxSingleShuffleLimit=167077472, mergeThreshold=441084544, ioSortFactor=10, memToMemMergeOutputsThreshold=10
[2025-02-26T20:43:12.603+0000] {subprocess.py:93} INFO - 2025-02-26 20:43:12,598 INFO reduce.EventFetcher: attempt_local1647297296_0001_r_000000_0 Thread started: EventFetcher for fetching Map Completion Events
[2025-02-26T20:43:12.645+0000] {subprocess.py:93} INFO - 2025-02-26 20:43:12,643 INFO reduce.LocalFetcher: localfetcher#1 about to shuffle output of map attempt_local1647297296_0001_m_000000_0 decomp: 2 len: 6 to MEMORY
[2025-02-26T20:43:12.650+0000] {subprocess.py:93} INFO - 2025-02-26 20:43:12,648 INFO reduce.InMemoryMapOutput: Read 2 bytes from map-output for attempt_local1647297296_0001_m_000000_0
[2025-02-26T20:43:12.653+0000] {subprocess.py:93} INFO - 2025-02-26 20:43:12,652 INFO reduce.MergeManagerImpl: closeInMemoryFile -> map-output of size: 2, inMemoryMapOutputs.size() -> 1, commitMemory -> 0, usedMemory ->2
[2025-02-26T20:43:12.655+0000] {subprocess.py:93} INFO - 2025-02-26 20:43:12,654 INFO reduce.EventFetcher: EventFetcher is interrupted.. Returning
[2025-02-26T20:43:12.656+0000] {subprocess.py:93} INFO - 2025-02-26 20:43:12,655 INFO mapred.LocalJobRunner: 1 / 1 copied.
[2025-02-26T20:43:12.657+0000] {subprocess.py:93} INFO - 2025-02-26 20:43:12,655 INFO reduce.MergeManagerImpl: finalMerge called with 1 in-memory map-outputs and 0 on-disk map-outputs
[2025-02-26T20:43:12.666+0000] {subprocess.py:93} INFO - 2025-02-26 20:43:12,665 INFO mapred.Merger: Merging 1 sorted segments
[2025-02-26T20:43:12.667+0000] {subprocess.py:93} INFO - 2025-02-26 20:43:12,665 INFO mapred.Merger: Down to the last merge-pass, with 0 segments left of total size: 0 bytes
[2025-02-26T20:43:12.668+0000] {subprocess.py:93} INFO - 2025-02-26 20:43:12,667 INFO reduce.MergeManagerImpl: Merged 1 segments, 2 bytes to disk to satisfy reduce memory limit
[2025-02-26T20:43:12.669+0000] {subprocess.py:93} INFO - 2025-02-26 20:43:12,667 INFO reduce.MergeManagerImpl: Merging 1 files, 6 bytes from disk
[2025-02-26T20:43:12.670+0000] {subprocess.py:93} INFO - 2025-02-26 20:43:12,669 INFO reduce.MergeManagerImpl: Merging 0 segments, 0 bytes from memory into reduce
[2025-02-26T20:43:12.671+0000] {subprocess.py:93} INFO - 2025-02-26 20:43:12,669 INFO mapred.Merger: Merging 1 sorted segments
[2025-02-26T20:43:12.672+0000] {subprocess.py:93} INFO - 2025-02-26 20:43:12,671 INFO mapred.Merger: Down to the last merge-pass, with 0 segments left of total size: 0 bytes
[2025-02-26T20:43:12.673+0000] {subprocess.py:93} INFO - 2025-02-26 20:43:12,672 INFO mapred.LocalJobRunner: 1 / 1 copied.
[2025-02-26T20:43:12.678+0000] {subprocess.py:93} INFO - 2025-02-26 20:43:12,677 INFO streaming.PipeMapRed: PipeMapRed exec [/usr/bin/python, reducer.py]
[2025-02-26T20:43:12.681+0000] {subprocess.py:93} INFO - 2025-02-26 20:43:12,680 INFO Configuration.deprecation: mapred.job.tracker is deprecated. Instead, use mapreduce.jobtracker.address
[2025-02-26T20:43:12.683+0000] {subprocess.py:93} INFO - 2025-02-26 20:43:12,682 INFO Configuration.deprecation: mapred.map.tasks is deprecated. Instead, use mapreduce.job.maps
[2025-02-26T20:43:12.733+0000] {subprocess.py:93} INFO - 2025-02-26 20:43:12,731 INFO streaming.PipeMapRed: MRErrorThread done
[2025-02-26T20:43:12.734+0000] {subprocess.py:93} INFO - 2025-02-26 20:43:12,731 INFO streaming.PipeMapRed: mapRedFinished
[2025-02-26T20:43:12.742+0000] {subprocess.py:93} INFO - 2025-02-26 20:43:12,741 INFO mapred.Task: Task:attempt_local1647297296_0001_r_000000_0 is done. And is in the process of committing
[2025-02-26T20:43:12.745+0000] {subprocess.py:93} INFO - 2025-02-26 20:43:12,744 INFO mapred.LocalJobRunner: 1 / 1 copied.
[2025-02-26T20:43:12.746+0000] {subprocess.py:93} INFO - 2025-02-26 20:43:12,744 INFO mapred.Task: Task attempt_local1647297296_0001_r_000000_0 is allowed to commit now
[2025-02-26T20:43:12.766+0000] {subprocess.py:93} INFO - 2025-02-26 20:43:12,764 INFO output.FileOutputCommitter: Saved output of task 'attempt_local1647297296_0001_r_000000_0' to hdfs://namenode:9000/user/etudiant/crypto/processed/YYYY=2025/MM=01/DD=25
[2025-02-26T20:43:12.767+0000] {subprocess.py:93} INFO - 2025-02-26 20:43:12,765 INFO mapred.LocalJobRunner: reduce > reduce
[2025-02-26T20:43:12.768+0000] {subprocess.py:93} INFO - 2025-02-26 20:43:12,766 INFO mapred.Task: Task 'attempt_local1647297296_0001_r_000000_0' done.
[2025-02-26T20:43:12.769+0000] {subprocess.py:93} INFO - 2025-02-26 20:43:12,766 INFO mapred.Task: Final Counters for attempt_local1647297296_0001_r_000000_0: Counters: 30
[2025-02-26T20:43:12.769+0000] {subprocess.py:93} INFO - 	File System Counters
[2025-02-26T20:43:12.770+0000] {subprocess.py:93} INFO - 		FILE: Number of bytes read=180709
[2025-02-26T20:43:12.770+0000] {subprocess.py:93} INFO - 		FILE: Number of bytes written=712301
[2025-02-26T20:43:12.771+0000] {subprocess.py:93} INFO - 		FILE: Number of read operations=0
[2025-02-26T20:43:12.771+0000] {subprocess.py:93} INFO - 		FILE: Number of large read operations=0
[2025-02-26T20:43:12.772+0000] {subprocess.py:93} INFO - 		FILE: Number of write operations=0
[2025-02-26T20:43:12.772+0000] {subprocess.py:93} INFO - 		HDFS: Number of bytes read=19762
[2025-02-26T20:43:12.773+0000] {subprocess.py:93} INFO - 		HDFS: Number of bytes written=0
[2025-02-26T20:43:12.773+0000] {subprocess.py:93} INFO - 		HDFS: Number of read operations=10
[2025-02-26T20:43:12.774+0000] {subprocess.py:93} INFO - 		HDFS: Number of large read operations=0
[2025-02-26T20:43:12.774+0000] {subprocess.py:93} INFO - 		HDFS: Number of write operations=3
[2025-02-26T20:43:12.774+0000] {subprocess.py:93} INFO - 		HDFS: Number of bytes read erasure-coded=0
[2025-02-26T20:43:12.775+0000] {subprocess.py:93} INFO - 	Map-Reduce Framework
[2025-02-26T20:43:12.775+0000] {subprocess.py:93} INFO - 		Combine input records=0
[2025-02-26T20:43:12.776+0000] {subprocess.py:93} INFO - 		Combine output records=0
[2025-02-26T20:43:12.776+0000] {subprocess.py:93} INFO - 		Reduce input groups=0
[2025-02-26T20:43:12.777+0000] {subprocess.py:93} INFO - 		Reduce shuffle bytes=6
[2025-02-26T20:43:12.777+0000] {subprocess.py:93} INFO - 		Reduce input records=0
[2025-02-26T20:43:12.777+0000] {subprocess.py:93} INFO - 		Reduce output records=0
[2025-02-26T20:43:12.778+0000] {subprocess.py:93} INFO - 		Spilled Records=0
[2025-02-26T20:43:12.778+0000] {subprocess.py:93} INFO - 		Shuffled Maps =1
[2025-02-26T20:43:12.779+0000] {subprocess.py:93} INFO - 		Failed Shuffles=0
[2025-02-26T20:43:12.779+0000] {subprocess.py:93} INFO - 		Merged Map outputs=1
[2025-02-26T20:43:12.780+0000] {subprocess.py:93} INFO - 		GC time elapsed (ms)=0
[2025-02-26T20:43:12.780+0000] {subprocess.py:93} INFO - 		Total committed heap usage (bytes)=274202624
[2025-02-26T20:43:12.781+0000] {subprocess.py:93} INFO - 	Shuffle Errors
[2025-02-26T20:43:12.781+0000] {subprocess.py:93} INFO - 		BAD_ID=0
[2025-02-26T20:43:12.781+0000] {subprocess.py:93} INFO - 		CONNECTION=0
[2025-02-26T20:43:12.782+0000] {subprocess.py:93} INFO - 		IO_ERROR=0
[2025-02-26T20:43:12.782+0000] {subprocess.py:93} INFO - 		WRONG_LENGTH=0
[2025-02-26T20:43:12.783+0000] {subprocess.py:93} INFO - 		WRONG_MAP=0
[2025-02-26T20:43:12.783+0000] {subprocess.py:93} INFO - 		WRONG_REDUCE=0
[2025-02-26T20:43:12.783+0000] {subprocess.py:93} INFO - 	File Output Format Counters
[2025-02-26T20:43:12.784+0000] {subprocess.py:93} INFO - 		Bytes Written=0
[2025-02-26T20:43:12.784+0000] {subprocess.py:93} INFO - 2025-02-26 20:43:12,766 INFO mapred.LocalJobRunner: Finishing task: attempt_local1647297296_0001_r_000000_0
[2025-02-26T20:43:12.785+0000] {subprocess.py:93} INFO - 2025-02-26 20:43:12,767 INFO mapred.LocalJobRunner: reduce task executor complete.
[2025-02-26T20:43:13.396+0000] {subprocess.py:93} INFO - 2025-02-26 20:43:13,394 INFO mapreduce.Job:  map 100% reduce 100%
[2025-02-26T20:43:13.397+0000] {subprocess.py:93} INFO - 2025-02-26 20:43:13,394 INFO mapreduce.Job: Job job_local1647297296_0001 completed successfully
[2025-02-26T20:43:13.411+0000] {subprocess.py:93} INFO - 2025-02-26 20:43:13,409 INFO mapreduce.Job: Counters: 36
[2025-02-26T20:43:13.412+0000] {subprocess.py:93} INFO - 	File System Counters
[2025-02-26T20:43:13.413+0000] {subprocess.py:93} INFO - 		FILE: Number of bytes read=361374
[2025-02-26T20:43:13.414+0000] {subprocess.py:93} INFO - 		FILE: Number of bytes written=1424596
[2025-02-26T20:43:13.415+0000] {subprocess.py:93} INFO - 		FILE: Number of read operations=0
[2025-02-26T20:43:13.415+0000] {subprocess.py:93} INFO - 		FILE: Number of large read operations=0
[2025-02-26T20:43:13.416+0000] {subprocess.py:93} INFO - 		FILE: Number of write operations=0
[2025-02-26T20:43:13.417+0000] {subprocess.py:93} INFO - 		HDFS: Number of bytes read=39524
[2025-02-26T20:43:13.418+0000] {subprocess.py:93} INFO - 		HDFS: Number of bytes written=0
[2025-02-26T20:43:13.418+0000] {subprocess.py:93} INFO - 		HDFS: Number of read operations=15
[2025-02-26T20:43:13.419+0000] {subprocess.py:93} INFO - 		HDFS: Number of large read operations=0
[2025-02-26T20:43:13.420+0000] {subprocess.py:93} INFO - 		HDFS: Number of write operations=4
[2025-02-26T20:43:13.421+0000] {subprocess.py:93} INFO - 		HDFS: Number of bytes read erasure-coded=0
[2025-02-26T20:43:13.421+0000] {subprocess.py:93} INFO - 	Map-Reduce Framework
[2025-02-26T20:43:13.422+0000] {subprocess.py:93} INFO - 		Map input records=677
[2025-02-26T20:43:13.423+0000] {subprocess.py:93} INFO - 		Map output records=0
[2025-02-26T20:43:13.423+0000] {subprocess.py:93} INFO - 		Map output bytes=0
[2025-02-26T20:43:13.424+0000] {subprocess.py:93} INFO - 		Map output materialized bytes=6
[2025-02-26T20:43:13.424+0000] {subprocess.py:93} INFO - 		Input split bytes=137
[2025-02-26T20:43:13.425+0000] {subprocess.py:93} INFO - 		Combine input records=0
[2025-02-26T20:43:13.426+0000] {subprocess.py:93} INFO - 		Combine output records=0
[2025-02-26T20:43:13.427+0000] {subprocess.py:93} INFO - 		Reduce input groups=0
[2025-02-26T20:43:13.427+0000] {subprocess.py:93} INFO - 		Reduce shuffle bytes=6
[2025-02-26T20:43:13.428+0000] {subprocess.py:93} INFO - 		Reduce input records=0
[2025-02-26T20:43:13.429+0000] {subprocess.py:93} INFO - 		Reduce output records=0
[2025-02-26T20:43:13.430+0000] {subprocess.py:93} INFO - 		Spilled Records=0
[2025-02-26T20:43:13.431+0000] {subprocess.py:93} INFO - 		Shuffled Maps =1
[2025-02-26T20:43:13.432+0000] {subprocess.py:93} INFO - 		Failed Shuffles=0
[2025-02-26T20:43:13.432+0000] {subprocess.py:93} INFO - 		Merged Map outputs=1
[2025-02-26T20:43:13.433+0000] {subprocess.py:93} INFO - 		GC time elapsed (ms)=72
[2025-02-26T20:43:13.434+0000] {subprocess.py:93} INFO - 		Total committed heap usage (bytes)=548405248
[2025-02-26T20:43:13.434+0000] {subprocess.py:93} INFO - 	Shuffle Errors
[2025-02-26T20:43:13.437+0000] {subprocess.py:93} INFO - 		BAD_ID=0
[2025-02-26T20:43:13.438+0000] {subprocess.py:93} INFO - 		CONNECTION=0
[2025-02-26T20:43:13.479+0000] {subprocess.py:93} INFO - 		IO_ERROR=0
[2025-02-26T20:43:13.543+0000] {subprocess.py:93} INFO - 		WRONG_LENGTH=0
[2025-02-26T20:43:13.553+0000] {subprocess.py:93} INFO - 		WRONG_MAP=0
[2025-02-26T20:43:13.555+0000] {subprocess.py:93} INFO - 		WRONG_REDUCE=0
[2025-02-26T20:43:13.559+0000] {subprocess.py:93} INFO - 	File Input Format Counters
[2025-02-26T20:43:13.561+0000] {subprocess.py:93} INFO - 		Bytes Read=19762
[2025-02-26T20:43:13.563+0000] {subprocess.py:93} INFO - 	File Output Format Counters
[2025-02-26T20:43:13.564+0000] {subprocess.py:93} INFO - 		Bytes Written=0
[2025-02-26T20:43:13.566+0000] {subprocess.py:93} INFO - 2025-02-26 20:43:13,410 INFO streaming.StreamJob: Output directory: hdfs:///user/etudiant/crypto/processed/YYYY=2025/MM=01/DD=25
[2025-02-26T20:43:13.960+0000] {subprocess.py:97} INFO - Command exited with return code 0
[2025-02-26T20:43:14.008+0000] {taskinstance.py:1400} INFO - Marking task as SUCCESS. dag_id=yfinance_ingestion_dag, task_id=run_mapreduce, execution_date=20250125T000000, start_date=20250226T204302, end_date=20250226T204314
[2025-02-26T20:43:14.045+0000] {local_task_job_runner.py:228} INFO - Task exited with return code 0
[2025-02-26T20:43:14.062+0000] {taskinstance.py:2784} INFO - 0 downstream tasks scheduled from follow-on schedule check
