[2025-02-26T18:51:59.669+0000] {taskinstance.py:1159} INFO - Dependencies all met for dep_context=non-requeueable deps ti=<TaskInstance: yfinance_ingestion_dag.run_mapreduce manual__2025-02-26T18:46:37.072520+00:00 [queued]>
[2025-02-26T18:51:59.705+0000] {taskinstance.py:1159} INFO - Dependencies all met for dep_context=requeueable deps ti=<TaskInstance: yfinance_ingestion_dag.run_mapreduce manual__2025-02-26T18:46:37.072520+00:00 [queued]>
[2025-02-26T18:51:59.707+0000] {taskinstance.py:1361} INFO - Starting attempt 2 of 2
[2025-02-26T18:51:59.758+0000] {taskinstance.py:1382} INFO - Executing <Task(BashOperator): run_mapreduce> on 2025-02-26 18:46:37.072520+00:00
[2025-02-26T18:51:59.775+0000] {standard_task_runner.py:57} INFO - Started process 406 to run task
[2025-02-26T18:51:59.780+0000] {standard_task_runner.py:84} INFO - Running: ['***', 'tasks', 'run', 'yfinance_ingestion_dag', 'run_mapreduce', 'manual__2025-02-26T18:46:37.072520+00:00', '--job-id', '241', '--raw', '--subdir', 'DAGS_FOLDER/pipeline.py', '--cfg-path', '/tmp/tmpkxvtjy54']
[2025-02-26T18:51:59.795+0000] {standard_task_runner.py:85} INFO - Job 241: Subtask run_mapreduce
[2025-02-26T18:51:59.998+0000] {task_command.py:415} INFO - Running <TaskInstance: yfinance_ingestion_dag.run_mapreduce manual__2025-02-26T18:46:37.072520+00:00 [running]> on host 01fbc518e01a
[2025-02-26T18:52:00.177+0000] {taskinstance.py:1660} INFO - Exporting env vars: AIRFLOW_CTX_DAG_OWNER='etudiant' AIRFLOW_CTX_DAG_ID='yfinance_ingestion_dag' AIRFLOW_CTX_TASK_ID='run_mapreduce' AIRFLOW_CTX_EXECUTION_DATE='2025-02-26T18:46:37.072520+00:00' AIRFLOW_CTX_TRY_NUMBER='2' AIRFLOW_CTX_DAG_RUN_ID='manual__2025-02-26T18:46:37.072520+00:00'
[2025-02-26T18:52:00.181+0000] {subprocess.py:63} INFO - Tmp dir root location: /tmp
[2025-02-26T18:52:00.185+0000] {subprocess.py:75} INFO - Running command: ['/bin/bash', '-c', '\n        docker exec -i -u root namenode hadoop jar /opt/hadoop-3.2.1/share/hadoop/tools/lib/hadoop-streaming-3.2.1.jar         -file /mnt/hadoop_data/mapreduce/mapper.py -mapper "python mapper.py"         -file /mnt/hadoop_data/mapreduce/reducer.py -reducer "python reducer.py"         -input hdfs:///user/etudiant/crypto/raw/YYYY=2025/MM=02/DD=26/yfinance_raw.json         -output hdfs:///user/etudiant/crypto/processed/YYYY=2025/MM=02/DD=26\n        ']
[2025-02-26T18:52:00.207+0000] {subprocess.py:86} INFO - Output:
[2025-02-26T18:52:01.318+0000] {subprocess.py:93} INFO - 2025-02-26 18:52:01,301 WARN streaming.StreamJob: -file option is deprecated, please use generic option -files instead.
[2025-02-26T18:52:02.371+0000] {subprocess.py:93} INFO - packageJobJar: [/mnt/hadoop_data/mapreduce/mapper.py, /mnt/hadoop_data/mapreduce/reducer.py] [] /tmp/streamjob379623033569162539.jar tmpDir=null
[2025-02-26T18:52:02.382+0000] {subprocess.py:93} INFO - Exception in thread "main" java.io.IOException: expanding mapper.py would create file outside of /.
[2025-02-26T18:52:02.384+0000] {subprocess.py:93} INFO - 	at org.apache.hadoop.util.RunJar.unJar(RunJar.java:199)
[2025-02-26T18:52:02.385+0000] {subprocess.py:93} INFO - 	at org.apache.hadoop.streaming.StreamJob.submitAndMonitorJob(StreamJob.java:1011)
[2025-02-26T18:52:02.386+0000] {subprocess.py:93} INFO - 	at org.apache.hadoop.streaming.StreamJob.run(StreamJob.java:135)
[2025-02-26T18:52:02.386+0000] {subprocess.py:93} INFO - 	at org.apache.hadoop.util.ToolRunner.run(ToolRunner.java:76)
[2025-02-26T18:52:02.387+0000] {subprocess.py:93} INFO - 	at org.apache.hadoop.util.ToolRunner.run(ToolRunner.java:90)
[2025-02-26T18:52:02.387+0000] {subprocess.py:93} INFO - 	at org.apache.hadoop.streaming.HadoopStreaming.main(HadoopStreaming.java:50)
[2025-02-26T18:52:02.388+0000] {subprocess.py:93} INFO - 	at sun.reflect.NativeMethodAccessorImpl.invoke0(Native Method)
[2025-02-26T18:52:02.389+0000] {subprocess.py:93} INFO - 	at sun.reflect.NativeMethodAccessorImpl.invoke(NativeMethodAccessorImpl.java:62)
[2025-02-26T18:52:02.389+0000] {subprocess.py:93} INFO - 	at sun.reflect.DelegatingMethodAccessorImpl.invoke(DelegatingMethodAccessorImpl.java:43)
[2025-02-26T18:52:02.390+0000] {subprocess.py:93} INFO - 	at java.lang.reflect.Method.invoke(Method.java:498)
[2025-02-26T18:52:02.390+0000] {subprocess.py:93} INFO - 	at org.apache.hadoop.util.RunJar.run(RunJar.java:323)
[2025-02-26T18:52:02.391+0000] {subprocess.py:93} INFO - 	at org.apache.hadoop.util.RunJar.main(RunJar.java:236)
[2025-02-26T18:52:02.782+0000] {subprocess.py:97} INFO - Command exited with return code 1
[2025-02-26T18:52:02.801+0000] {taskinstance.py:1943} ERROR - Task failed with exception
Traceback (most recent call last):
  File "/home/airflow/.local/lib/python3.8/site-packages/airflow/operators/bash.py", line 210, in execute
    raise AirflowException(
airflow.exceptions.AirflowException: Bash command failed. The command returned a non-zero exit code 1.
[2025-02-26T18:52:02.807+0000] {taskinstance.py:1400} INFO - Marking task as FAILED. dag_id=yfinance_ingestion_dag, task_id=run_mapreduce, execution_date=20250226T184637, start_date=20250226T185159, end_date=20250226T185202
[2025-02-26T18:52:02.829+0000] {standard_task_runner.py:104} ERROR - Failed to execute job 241 for task run_mapreduce (Bash command failed. The command returned a non-zero exit code 1.; 406)
[2025-02-26T18:52:02.862+0000] {local_task_job_runner.py:228} INFO - Task exited with return code 1
[2025-02-26T18:52:02.893+0000] {taskinstance.py:2784} INFO - 0 downstream tasks scheduled from follow-on schedule check
