[2025-02-26T20:04:59.202+0000] {taskinstance.py:1159} INFO - Dependencies all met for dep_context=non-requeueable deps ti=<TaskInstance: yfinance_ingestion_and_process_dag.store_raw_data_in_hdfs manual__2025-02-26T20:04:29.376879+00:00 [queued]>
[2025-02-26T20:04:59.276+0000] {taskinstance.py:1159} INFO - Dependencies all met for dep_context=requeueable deps ti=<TaskInstance: yfinance_ingestion_and_process_dag.store_raw_data_in_hdfs manual__2025-02-26T20:04:29.376879+00:00 [queued]>
[2025-02-26T20:04:59.279+0000] {taskinstance.py:1361} INFO - Starting attempt 1 of 2
[2025-02-26T20:04:59.385+0000] {taskinstance.py:1382} INFO - Executing <Task(PythonOperator): store_raw_data_in_hdfs> on 2025-02-26 20:04:29.376879+00:00
[2025-02-26T20:04:59.474+0000] {standard_task_runner.py:57} INFO - Started process 289 to run task
[2025-02-26T20:04:59.496+0000] {standard_task_runner.py:84} INFO - Running: ['***', 'tasks', 'run', 'yfinance_ingestion_and_process_dag', 'store_raw_data_in_hdfs', 'manual__2025-02-26T20:04:29.376879+00:00', '--job-id', '25', '--raw', '--subdir', 'DAGS_FOLDER/pipeline.py', '--cfg-path', '/tmp/tmp96bdj_0k']
[2025-02-26T20:04:59.554+0000] {standard_task_runner.py:85} INFO - Job 25: Subtask store_raw_data_in_hdfs
[2025-02-26T20:04:59.962+0000] {task_command.py:415} INFO - Running <TaskInstance: yfinance_ingestion_and_process_dag.store_raw_data_in_hdfs manual__2025-02-26T20:04:29.376879+00:00 [running]> on host e304e68c626e
[2025-02-26T20:05:00.448+0000] {taskinstance.py:1660} INFO - Exporting env vars: AIRFLOW_CTX_DAG_OWNER='etudiant' AIRFLOW_CTX_DAG_ID='yfinance_ingestion_and_process_dag' AIRFLOW_CTX_TASK_ID='store_raw_data_in_hdfs' AIRFLOW_CTX_EXECUTION_DATE='2025-02-26T20:04:29.376879+00:00' AIRFLOW_CTX_TRY_NUMBER='1' AIRFLOW_CTX_DAG_RUN_ID='manual__2025-02-26T20:04:29.376879+00:00'
[2025-02-26T20:05:00.524+0000] {taskinstance.py:1943} ERROR - Task failed with exception
Traceback (most recent call last):
  File "/home/airflow/.local/lib/python3.8/site-packages/airflow/operators/python.py", line 192, in execute
    return_value = self.execute_callable()
  File "/home/airflow/.local/lib/python3.8/site-packages/airflow/operators/python.py", line 209, in execute_callable
    return self.python_callable(*self.op_args, **self.op_kwargs)
  File "/opt/airflow/dags/pipeline.py", line 55, in store_raw_data_in_hdfs
    with open(local_file, 'w') as f:
PermissionError: [Errno 13] Permission denied: '/mnt/hadoop_data/yfinance_raw.json'
[2025-02-26T20:05:00.635+0000] {taskinstance.py:1400} INFO - Marking task as UP_FOR_RETRY. dag_id=yfinance_ingestion_and_process_dag, task_id=store_raw_data_in_hdfs, execution_date=20250226T200429, start_date=20250226T200459, end_date=20250226T200500
[2025-02-26T20:05:00.748+0000] {standard_task_runner.py:104} ERROR - Failed to execute job 25 for task store_raw_data_in_hdfs ([Errno 13] Permission denied: '/mnt/hadoop_data/yfinance_raw.json'; 289)
[2025-02-26T20:05:00.789+0000] {local_task_job_runner.py:228} INFO - Task exited with return code 1
[2025-02-26T20:05:00.930+0000] {taskinstance.py:2784} INFO - 0 downstream tasks scheduled from follow-on schedule check
