[2025-02-26T20:47:26.143+0000] {taskinstance.py:1159} INFO - Dependencies all met for dep_context=non-requeueable deps ti=<TaskInstance: yfinance_ingestion_dag.run_mapreduce scheduled__2025-02-19T00:00:00+00:00 [queued]>
[2025-02-26T20:47:26.200+0000] {taskinstance.py:1159} INFO - Dependencies all met for dep_context=requeueable deps ti=<TaskInstance: yfinance_ingestion_dag.run_mapreduce scheduled__2025-02-19T00:00:00+00:00 [queued]>
[2025-02-26T20:47:26.203+0000] {taskinstance.py:1361} INFO - Starting attempt 1 of 2
[2025-02-26T20:47:26.327+0000] {taskinstance.py:1382} INFO - Executing <Task(BashOperator): run_mapreduce> on 2025-02-19 00:00:00+00:00
[2025-02-26T20:47:26.375+0000] {standard_task_runner.py:57} INFO - Started process 3250 to run task
[2025-02-26T20:47:26.407+0000] {standard_task_runner.py:84} INFO - Running: ['***', 'tasks', 'run', 'yfinance_ingestion_dag', 'run_mapreduce', 'scheduled__2025-02-19T00:00:00+00:00', '--job-id', '433', '--raw', '--subdir', 'DAGS_FOLDER/pipeline.py', '--cfg-path', '/tmp/tmpu8nqk05k']
[2025-02-26T20:47:26.437+0000] {standard_task_runner.py:85} INFO - Job 433: Subtask run_mapreduce
[2025-02-26T20:47:26.762+0000] {task_command.py:415} INFO - Running <TaskInstance: yfinance_ingestion_dag.run_mapreduce scheduled__2025-02-19T00:00:00+00:00 [running]> on host 3c0faf52b292
[2025-02-26T20:47:27.143+0000] {taskinstance.py:1660} INFO - Exporting env vars: AIRFLOW_CTX_DAG_OWNER='etudiant' AIRFLOW_CTX_DAG_ID='yfinance_ingestion_dag' AIRFLOW_CTX_TASK_ID='run_mapreduce' AIRFLOW_CTX_EXECUTION_DATE='2025-02-19T00:00:00+00:00' AIRFLOW_CTX_TRY_NUMBER='1' AIRFLOW_CTX_DAG_RUN_ID='scheduled__2025-02-19T00:00:00+00:00'
[2025-02-26T20:47:27.148+0000] {subprocess.py:63} INFO - Tmp dir root location: /tmp
[2025-02-26T20:47:27.162+0000] {subprocess.py:75} INFO - Running command: ['/bin/bash', '-c', '\n        docker exec -i -u root namenode bash -c \'         cd /tmp &&         cp /mnt/hadoop_data/mapreduce/mapper.py . &&         cp /mnt/hadoop_data/mapreduce/reducer.py . &&         chmod +x mapper.py reducer.py &&         hdfs dfs -rm -r hdfs:///user/etudiant/crypto/processed/YYYY=2025/MM=02/DD=19 || true &&         hadoop jar /opt/hadoop-3.2.1/share/hadoop/tools/lib/hadoop-streaming-3.2.1.jar         -files mapper.py,reducer.py         -mapper "python mapper.py"         -reducer "python reducer.py"         -input hdfs:///user/etudiant/crypto/raw/YYYY=2025/MM=02/DD=19/yfinance_raw.json         -output hdfs:///user/etudiant/crypto/processed/YYYY=2025/MM=02/DD=19\'\n        ']
[2025-02-26T20:47:27.259+0000] {subprocess.py:86} INFO - Output:
[2025-02-26T20:47:37.182+0000] {subprocess.py:93} INFO - rm: `hdfs:///user/etudiant/crypto/processed/YYYY=2025/MM=02/DD=19': No such file or directory
[2025-02-26T20:47:51.196+0000] {subprocess.py:93} INFO - 2025-02-26 20:47:51,192 INFO impl.MetricsConfig: Loaded properties from hadoop-metrics2.properties
[2025-02-26T20:47:51.719+0000] {subprocess.py:93} INFO - 2025-02-26 20:47:51,707 INFO impl.MetricsSystemImpl: Scheduled Metric snapshot period at 10 second(s).
[2025-02-26T20:47:51.720+0000] {subprocess.py:93} INFO - 2025-02-26 20:47:51,718 INFO impl.MetricsSystemImpl: JobTracker metrics system started
[2025-02-26T20:47:51.877+0000] {subprocess.py:93} INFO - 2025-02-26 20:47:51,875 WARN impl.MetricsSystemImpl: JobTracker metrics system already initialized!
[2025-02-26T20:47:53.980+0000] {subprocess.py:93} INFO - 2025-02-26 20:47:53,976 INFO mapred.FileInputFormat: Total input files to process : 1
[2025-02-26T20:47:54.534+0000] {subprocess.py:93} INFO - 2025-02-26 20:47:54,533 INFO mapreduce.JobSubmitter: number of splits:1
[2025-02-26T20:47:55.192+0000] {subprocess.py:93} INFO - 2025-02-26 20:47:55,190 INFO mapreduce.JobSubmitter: Submitting tokens for job: job_local1582130280_0001
[2025-02-26T20:47:55.194+0000] {subprocess.py:93} INFO - 2025-02-26 20:47:55,191 INFO mapreduce.JobSubmitter: Executing with tokens: []
[2025-02-26T20:47:56.500+0000] {subprocess.py:93} INFO - 2025-02-26 20:47:56,495 INFO mapred.LocalDistributedCacheManager: Localized file:/tmp/mapper.py as file:/tmp/hadoop-root/mapred/local/job_local1582130280_0001_78efa236-1982-4452-b089-025b797b184e/mapper.py
[2025-02-26T20:47:56.918+0000] {subprocess.py:93} INFO - 2025-02-26 20:47:56,904 INFO mapred.LocalDistributedCacheManager: Localized file:/tmp/reducer.py as file:/tmp/hadoop-root/mapred/local/job_local1582130280_0001_d6ad285b-dc4d-49d8-a806-9e65289199d1/reducer.py
[2025-02-26T20:47:56.532+0000] {subprocess.py:93} INFO - 2025-02-26 20:47:56,530 INFO mapreduce.Job: The url to track the job: http://localhost:8080/
[2025-02-26T20:47:56.546+0000] {subprocess.py:93} INFO - 2025-02-26 20:47:56,545 INFO mapreduce.Job: Running job: job_local1582130280_0001
[2025-02-26T20:47:56.562+0000] {subprocess.py:93} INFO - 2025-02-26 20:47:56,559 INFO mapred.LocalJobRunner: OutputCommitter set in config null
[2025-02-26T20:47:56.613+0000] {subprocess.py:93} INFO - 2025-02-26 20:47:56,588 INFO mapred.LocalJobRunner: OutputCommitter is org.apache.hadoop.mapred.FileOutputCommitter
[2025-02-26T20:47:56.628+0000] {subprocess.py:93} INFO - 2025-02-26 20:47:56,619 INFO output.FileOutputCommitter: File Output Committer Algorithm version is 2
[2025-02-26T20:47:56.630+0000] {subprocess.py:93} INFO - 2025-02-26 20:47:56,621 INFO output.FileOutputCommitter: FileOutputCommitter skip cleanup _temporary folders under output directory:false, ignore cleanup failures: false
[2025-02-26T20:47:56.972+0000] {subprocess.py:93} INFO - 2025-02-26 20:47:56,970 INFO mapred.LocalJobRunner: Waiting for map tasks
[2025-02-26T20:47:57.008+0000] {subprocess.py:93} INFO - 2025-02-26 20:47:56,999 INFO mapred.LocalJobRunner: Starting task: attempt_local1582130280_0001_m_000000_0
[2025-02-26T20:47:57.194+0000] {subprocess.py:93} INFO - 2025-02-26 20:47:57,183 INFO output.FileOutputCommitter: File Output Committer Algorithm version is 2
[2025-02-26T20:47:57.196+0000] {subprocess.py:93} INFO - 2025-02-26 20:47:57,190 INFO output.FileOutputCommitter: FileOutputCommitter skip cleanup _temporary folders under output directory:false, ignore cleanup failures: false
[2025-02-26T20:47:57.563+0000] {subprocess.py:93} INFO - 2025-02-26 20:47:57,555 INFO mapred.Task:  Using ResourceCalculatorProcessTree : [ ]
[2025-02-26T20:47:57.600+0000] {subprocess.py:93} INFO - 2025-02-26 20:47:57,597 INFO mapred.MapTask: Processing split: hdfs://namenode:9000/user/etudiant/crypto/raw/YYYY=2025/MM=02/DD=19/yfinance_raw.json:0+19767
[2025-02-26T20:47:57.638+0000] {subprocess.py:93} INFO - 2025-02-26 20:47:57,634 INFO mapreduce.Job: Job job_local1582130280_0001 running in uber mode : false
[2025-02-26T20:47:57.656+0000] {subprocess.py:93} INFO - 2025-02-26 20:47:57,643 INFO mapreduce.Job:  map 0% reduce 0%
[2025-02-26T20:47:57.739+0000] {subprocess.py:93} INFO - 2025-02-26 20:47:57,730 INFO mapred.MapTask: numReduceTasks: 1
[2025-02-26T20:47:58.150+0000] {subprocess.py:93} INFO - 2025-02-26 20:47:58,135 INFO mapred.MapTask: (EQUATOR) 0 kvi 26214396(104857584)
[2025-02-26T20:47:58.153+0000] {subprocess.py:93} INFO - 2025-02-26 20:47:58,148 INFO mapred.MapTask: mapreduce.task.io.sort.mb: 100
[2025-02-26T20:47:58.159+0000] {subprocess.py:93} INFO - 2025-02-26 20:47:58,149 INFO mapred.MapTask: soft limit at 83886080
[2025-02-26T20:47:58.160+0000] {subprocess.py:93} INFO - 2025-02-26 20:47:58,149 INFO mapred.MapTask: bufstart = 0; bufvoid = 104857600
[2025-02-26T20:47:58.161+0000] {subprocess.py:93} INFO - 2025-02-26 20:47:58,152 INFO mapred.MapTask: kvstart = 26214396; length = 6553600
[2025-02-26T20:47:58.203+0000] {subprocess.py:93} INFO - 2025-02-26 20:47:58,201 INFO mapred.MapTask: Map output collector class = org.apache.hadoop.mapred.MapTask$MapOutputBuffer
[2025-02-26T20:47:58.329+0000] {subprocess.py:93} INFO - 2025-02-26 20:47:58,325 INFO streaming.PipeMapRed: PipeMapRed exec [/usr/bin/python, mapper.py]
[2025-02-26T20:47:58.341+0000] {subprocess.py:93} INFO - 2025-02-26 20:47:58,336 INFO Configuration.deprecation: mapred.work.output.dir is deprecated. Instead, use mapreduce.task.output.dir
[2025-02-26T20:47:58.348+0000] {subprocess.py:93} INFO - 2025-02-26 20:47:58,345 INFO Configuration.deprecation: map.input.start is deprecated. Instead, use mapreduce.map.input.start
[2025-02-26T20:47:58.358+0000] {subprocess.py:93} INFO - 2025-02-26 20:47:58,354 INFO Configuration.deprecation: mapred.task.is.map is deprecated. Instead, use mapreduce.task.ismap
[2025-02-26T20:47:58.376+0000] {subprocess.py:93} INFO - 2025-02-26 20:47:58,375 INFO Configuration.deprecation: mapred.task.id is deprecated. Instead, use mapreduce.task.attempt.id
[2025-02-26T20:47:58.393+0000] {subprocess.py:93} INFO - 2025-02-26 20:47:58,381 INFO Configuration.deprecation: mapred.tip.id is deprecated. Instead, use mapreduce.task.id
[2025-02-26T20:47:58.399+0000] {subprocess.py:93} INFO - 2025-02-26 20:47:58,381 INFO Configuration.deprecation: mapred.local.dir is deprecated. Instead, use mapreduce.cluster.local.dir
[2025-02-26T20:47:58.405+0000] {subprocess.py:93} INFO - 2025-02-26 20:47:58,382 INFO Configuration.deprecation: map.input.file is deprecated. Instead, use mapreduce.map.input.file
[2025-02-26T20:47:58.406+0000] {subprocess.py:93} INFO - 2025-02-26 20:47:58,384 INFO Configuration.deprecation: mapred.skip.on is deprecated. Instead, use mapreduce.job.skiprecords
[2025-02-26T20:47:58.407+0000] {subprocess.py:93} INFO - 2025-02-26 20:47:58,384 INFO Configuration.deprecation: map.input.length is deprecated. Instead, use mapreduce.map.input.length
[2025-02-26T20:47:58.408+0000] {subprocess.py:93} INFO - 2025-02-26 20:47:58,385 INFO Configuration.deprecation: mapred.job.id is deprecated. Instead, use mapreduce.job.id
[2025-02-26T20:47:58.408+0000] {subprocess.py:93} INFO - 2025-02-26 20:47:58,386 INFO Configuration.deprecation: user.name is deprecated. Instead, use mapreduce.job.user.name
[2025-02-26T20:47:58.409+0000] {subprocess.py:93} INFO - 2025-02-26 20:47:58,386 INFO Configuration.deprecation: mapred.task.partition is deprecated. Instead, use mapreduce.task.partition
[2025-02-26T20:47:58.719+0000] {subprocess.py:93} INFO - 2025-02-26 20:47:58,706 INFO sasl.SaslDataTransferClient: SASL encryption trust check: localHostTrusted = false, remoteHostTrusted = false
[2025-02-26T20:48:00.161+0000] {subprocess.py:93} INFO - 2025-02-26 20:48:00,159 INFO streaming.PipeMapRed: R/W/S=1/0/0 in:1=1/1 [rec/s] out:0=0/1 [rec/s]
[2025-02-26T20:48:00.167+0000] {subprocess.py:93} INFO - 2025-02-26 20:48:00,165 INFO streaming.PipeMapRed: R/W/S=10/0/0 in:10=10/1 [rec/s] out:0=0/1 [rec/s]
[2025-02-26T20:48:00.180+0000] {subprocess.py:93} INFO - 2025-02-26 20:48:00,178 INFO streaming.PipeMapRed: R/W/S=100/0/0 in:100=100/1 [rec/s] out:0=0/1 [rec/s]
[2025-02-26T20:48:00.303+0000] {subprocess.py:93} INFO - 2025-02-26 20:48:00,290 INFO streaming.PipeMapRed: MRErrorThread done
[2025-02-26T20:48:00.308+0000] {subprocess.py:93} INFO - 2025-02-26 20:48:00,302 INFO streaming.PipeMapRed: mapRedFinished
[2025-02-26T20:48:00.319+0000] {subprocess.py:93} INFO - 2025-02-26 20:48:00,317 INFO mapred.LocalJobRunner:
[2025-02-26T20:48:00.321+0000] {subprocess.py:93} INFO - 2025-02-26 20:48:00,317 INFO mapred.MapTask: Starting flush of map output
[2025-02-26T20:48:00.391+0000] {subprocess.py:93} INFO - 2025-02-26 20:48:00,389 INFO mapred.Task: Task:attempt_local1582130280_0001_m_000000_0 is done. And is in the process of committing
[2025-02-26T20:48:00.445+0000] {subprocess.py:93} INFO - 2025-02-26 20:48:00,443 INFO mapred.LocalJobRunner: hdfs://namenode:9000/user/etudiant/crypto/raw/YYYY=2025/MM=02/DD=19/yfinance_raw.json:0+19767
[2025-02-26T20:48:00.459+0000] {subprocess.py:93} INFO - 2025-02-26 20:48:00,446 INFO mapred.Task: Task 'attempt_local1582130280_0001_m_000000_0' done.
[2025-02-26T20:48:00.499+0000] {subprocess.py:93} INFO - 2025-02-26 20:48:00,497 INFO mapred.Task: Final Counters for attempt_local1582130280_0001_m_000000_0: Counters: 23
[2025-02-26T20:48:00.519+0000] {subprocess.py:93} INFO - 	File System Counters
[2025-02-26T20:48:00.520+0000] {subprocess.py:93} INFO - 		FILE: Number of bytes read=180665
[2025-02-26T20:48:00.521+0000] {subprocess.py:93} INFO - 		FILE: Number of bytes written=712295
[2025-02-26T20:48:00.521+0000] {subprocess.py:93} INFO - 		FILE: Number of read operations=0
[2025-02-26T20:48:00.522+0000] {subprocess.py:93} INFO - 		FILE: Number of large read operations=0
[2025-02-26T20:48:00.523+0000] {subprocess.py:93} INFO - 		FILE: Number of write operations=0
[2025-02-26T20:48:00.525+0000] {subprocess.py:93} INFO - 		HDFS: Number of bytes read=19767
[2025-02-26T20:48:00.526+0000] {subprocess.py:93} INFO - 		HDFS: Number of bytes written=0
[2025-02-26T20:48:00.526+0000] {subprocess.py:93} INFO - 		HDFS: Number of read operations=5
[2025-02-26T20:48:00.527+0000] {subprocess.py:93} INFO - 		HDFS: Number of large read operations=0
[2025-02-26T20:48:00.528+0000] {subprocess.py:93} INFO - 		HDFS: Number of write operations=1
[2025-02-26T20:48:00.528+0000] {subprocess.py:93} INFO - 		HDFS: Number of bytes read erasure-coded=0
[2025-02-26T20:48:00.529+0000] {subprocess.py:93} INFO - 	Map-Reduce Framework
[2025-02-26T20:48:00.529+0000] {subprocess.py:93} INFO - 		Map input records=677
[2025-02-26T20:48:00.533+0000] {subprocess.py:93} INFO - 		Map output records=0
[2025-02-26T20:48:00.534+0000] {subprocess.py:93} INFO - 		Map output bytes=0
[2025-02-26T20:48:00.535+0000] {subprocess.py:93} INFO - 		Map output materialized bytes=6
[2025-02-26T20:48:00.535+0000] {subprocess.py:93} INFO - 		Input split bytes=137
[2025-02-26T20:48:00.536+0000] {subprocess.py:93} INFO - 		Combine input records=0
[2025-02-26T20:48:00.536+0000] {subprocess.py:93} INFO - 		Spilled Records=0
[2025-02-26T20:48:00.537+0000] {subprocess.py:93} INFO - 		Failed Shuffles=0
[2025-02-26T20:48:00.537+0000] {subprocess.py:93} INFO - 		Merged Map outputs=0
[2025-02-26T20:48:00.538+0000] {subprocess.py:93} INFO - 		GC time elapsed (ms)=408
[2025-02-26T20:48:00.538+0000] {subprocess.py:93} INFO - 		Total committed heap usage (bytes)=274202624
[2025-02-26T20:48:00.539+0000] {subprocess.py:93} INFO - 	File Input Format Counters
[2025-02-26T20:48:00.539+0000] {subprocess.py:93} INFO - 		Bytes Read=19767
[2025-02-26T20:48:00.540+0000] {subprocess.py:93} INFO - 2025-02-26 20:48:00,497 INFO mapred.LocalJobRunner: Finishing task: attempt_local1582130280_0001_m_000000_0
[2025-02-26T20:48:00.540+0000] {subprocess.py:93} INFO - 2025-02-26 20:48:00,497 INFO mapred.LocalJobRunner: map task executor complete.
[2025-02-26T20:48:00.540+0000] {subprocess.py:93} INFO - 2025-02-26 20:48:00,519 INFO mapred.LocalJobRunner: Waiting for reduce tasks
[2025-02-26T20:48:00.541+0000] {subprocess.py:93} INFO - 2025-02-26 20:48:00,520 INFO mapred.LocalJobRunner: Starting task: attempt_local1582130280_0001_r_000000_0
[2025-02-26T20:48:00.590+0000] {subprocess.py:93} INFO - 2025-02-26 20:48:00,586 INFO output.FileOutputCommitter: File Output Committer Algorithm version is 2
[2025-02-26T20:48:00.591+0000] {subprocess.py:93} INFO - 2025-02-26 20:48:00,587 INFO output.FileOutputCommitter: FileOutputCommitter skip cleanup _temporary folders under output directory:false, ignore cleanup failures: false
[2025-02-26T20:48:00.626+0000] {subprocess.py:93} INFO - 2025-02-26 20:48:00,591 INFO mapred.Task:  Using ResourceCalculatorProcessTree : [ ]
[2025-02-26T20:48:00.639+0000] {subprocess.py:93} INFO - 2025-02-26 20:48:00,627 INFO mapred.ReduceTask: Using ShuffleConsumerPlugin: org.apache.hadoop.mapreduce.task.reduce.Shuffle@236b621b
[2025-02-26T20:48:00.662+0000] {subprocess.py:93} INFO - 2025-02-26 20:48:00,654 INFO mapreduce.Job:  map 100% reduce 0%
[2025-02-26T20:48:00.720+0000] {subprocess.py:93} INFO - 2025-02-26 20:48:00,718 WARN impl.MetricsSystemImpl: JobTracker metrics system already initialized!
[2025-02-26T20:48:00.857+0000] {subprocess.py:93} INFO - 2025-02-26 20:48:00,851 INFO reduce.MergeManagerImpl: MergerManager: memoryLimit=668309888, maxSingleShuffleLimit=167077472, mergeThreshold=441084544, ioSortFactor=10, memToMemMergeOutputsThreshold=10
[2025-02-26T20:48:00.998+0000] {subprocess.py:93} INFO - 2025-02-26 20:48:00,996 INFO reduce.EventFetcher: attempt_local1582130280_0001_r_000000_0 Thread started: EventFetcher for fetching Map Completion Events
[2025-02-26T20:48:01.296+0000] {subprocess.py:93} INFO - 2025-02-26 20:48:01,292 INFO reduce.LocalFetcher: localfetcher#1 about to shuffle output of map attempt_local1582130280_0001_m_000000_0 decomp: 2 len: 6 to MEMORY
[2025-02-26T20:48:01.363+0000] {subprocess.py:93} INFO - 2025-02-26 20:48:01,361 INFO reduce.InMemoryMapOutput: Read 2 bytes from map-output for attempt_local1582130280_0001_m_000000_0
[2025-02-26T20:48:01.367+0000] {subprocess.py:93} INFO - 2025-02-26 20:48:01,366 INFO reduce.MergeManagerImpl: closeInMemoryFile -> map-output of size: 2, inMemoryMapOutputs.size() -> 1, commitMemory -> 0, usedMemory ->2
[2025-02-26T20:48:01.380+0000] {subprocess.py:93} INFO - 2025-02-26 20:48:01,376 INFO reduce.EventFetcher: EventFetcher is interrupted.. Returning
[2025-02-26T20:48:01.390+0000] {subprocess.py:93} INFO - 2025-02-26 20:48:01,385 INFO mapred.LocalJobRunner: 1 / 1 copied.
[2025-02-26T20:48:01.392+0000] {subprocess.py:93} INFO - 2025-02-26 20:48:01,386 INFO reduce.MergeManagerImpl: finalMerge called with 1 in-memory map-outputs and 0 on-disk map-outputs
[2025-02-26T20:48:01.509+0000] {subprocess.py:93} INFO - 2025-02-26 20:48:01,502 INFO mapred.Merger: Merging 1 sorted segments
[2025-02-26T20:48:01.513+0000] {subprocess.py:93} INFO - 2025-02-26 20:48:01,509 INFO mapred.Merger: Down to the last merge-pass, with 0 segments left of total size: 0 bytes
[2025-02-26T20:48:01.514+0000] {subprocess.py:93} INFO - 2025-02-26 20:48:01,511 INFO reduce.MergeManagerImpl: Merged 1 segments, 2 bytes to disk to satisfy reduce memory limit
[2025-02-26T20:48:01.514+0000] {subprocess.py:93} INFO - 2025-02-26 20:48:01,511 INFO reduce.MergeManagerImpl: Merging 1 files, 6 bytes from disk
[2025-02-26T20:48:01.520+0000] {subprocess.py:93} INFO - 2025-02-26 20:48:01,513 INFO reduce.MergeManagerImpl: Merging 0 segments, 0 bytes from memory into reduce
[2025-02-26T20:48:01.521+0000] {subprocess.py:93} INFO - 2025-02-26 20:48:01,513 INFO mapred.Merger: Merging 1 sorted segments
[2025-02-26T20:48:01.552+0000] {subprocess.py:93} INFO - 2025-02-26 20:48:01,548 INFO mapred.Merger: Down to the last merge-pass, with 0 segments left of total size: 0 bytes
[2025-02-26T20:48:01.553+0000] {subprocess.py:93} INFO - 2025-02-26 20:48:01,549 INFO mapred.LocalJobRunner: 1 / 1 copied.
[2025-02-26T20:48:01.749+0000] {subprocess.py:93} INFO - 2025-02-26 20:48:01,743 INFO streaming.PipeMapRed: PipeMapRed exec [/usr/bin/python, reducer.py]
[2025-02-26T20:48:01.750+0000] {subprocess.py:93} INFO - 2025-02-26 20:48:01,746 INFO Configuration.deprecation: mapred.job.tracker is deprecated. Instead, use mapreduce.jobtracker.address
[2025-02-26T20:48:01.768+0000] {subprocess.py:93} INFO - 2025-02-26 20:48:01,765 INFO Configuration.deprecation: mapred.map.tasks is deprecated. Instead, use mapreduce.job.maps
[2025-02-26T20:48:02.401+0000] {subprocess.py:93} INFO - 2025-02-26 20:48:02,398 INFO streaming.PipeMapRed: MRErrorThread done
[2025-02-26T20:48:02.414+0000] {subprocess.py:93} INFO - 2025-02-26 20:48:02,409 INFO streaming.PipeMapRed: mapRedFinished
[2025-02-26T20:48:02.434+0000] {subprocess.py:93} INFO - 2025-02-26 20:48:02,431 INFO mapred.Task: Task:attempt_local1582130280_0001_r_000000_0 is done. And is in the process of committing
[2025-02-26T20:48:02.474+0000] {subprocess.py:93} INFO - 2025-02-26 20:48:02,452 INFO mapred.LocalJobRunner: 1 / 1 copied.
[2025-02-26T20:48:02.478+0000] {subprocess.py:93} INFO - 2025-02-26 20:48:02,452 INFO mapred.Task: Task attempt_local1582130280_0001_r_000000_0 is allowed to commit now
[2025-02-26T20:48:02.539+0000] {subprocess.py:93} INFO - 2025-02-26 20:48:02,537 INFO output.FileOutputCommitter: Saved output of task 'attempt_local1582130280_0001_r_000000_0' to hdfs://namenode:9000/user/etudiant/crypto/processed/YYYY=2025/MM=02/DD=19
[2025-02-26T20:48:02.541+0000] {subprocess.py:93} INFO - 2025-02-26 20:48:02,539 INFO mapred.LocalJobRunner: reduce > reduce
[2025-02-26T20:48:02.542+0000] {subprocess.py:93} INFO - 2025-02-26 20:48:02,540 INFO mapred.Task: Task 'attempt_local1582130280_0001_r_000000_0' done.
[2025-02-26T20:48:02.557+0000] {subprocess.py:93} INFO - 2025-02-26 20:48:02,548 INFO mapred.Task: Final Counters for attempt_local1582130280_0001_r_000000_0: Counters: 30
[2025-02-26T20:48:02.558+0000] {subprocess.py:93} INFO - 	File System Counters
[2025-02-26T20:48:02.559+0000] {subprocess.py:93} INFO - 		FILE: Number of bytes read=180709
[2025-02-26T20:48:02.559+0000] {subprocess.py:93} INFO - 		FILE: Number of bytes written=712301
[2025-02-26T20:48:02.560+0000] {subprocess.py:93} INFO - 		FILE: Number of read operations=0
[2025-02-26T20:48:02.560+0000] {subprocess.py:93} INFO - 		FILE: Number of large read operations=0
[2025-02-26T20:48:02.561+0000] {subprocess.py:93} INFO - 		FILE: Number of write operations=0
[2025-02-26T20:48:02.561+0000] {subprocess.py:93} INFO - 		HDFS: Number of bytes read=19767
[2025-02-26T20:48:02.562+0000] {subprocess.py:93} INFO - 		HDFS: Number of bytes written=0
[2025-02-26T20:48:02.562+0000] {subprocess.py:93} INFO - 		HDFS: Number of read operations=10
[2025-02-26T20:48:02.563+0000] {subprocess.py:93} INFO - 		HDFS: Number of large read operations=0
[2025-02-26T20:48:02.563+0000] {subprocess.py:93} INFO - 		HDFS: Number of write operations=3
[2025-02-26T20:48:02.564+0000] {subprocess.py:93} INFO - 		HDFS: Number of bytes read erasure-coded=0
[2025-02-26T20:48:02.564+0000] {subprocess.py:93} INFO - 	Map-Reduce Framework
[2025-02-26T20:48:02.565+0000] {subprocess.py:93} INFO - 		Combine input records=0
[2025-02-26T20:48:02.565+0000] {subprocess.py:93} INFO - 		Combine output records=0
[2025-02-26T20:48:02.566+0000] {subprocess.py:93} INFO - 		Reduce input groups=0
[2025-02-26T20:48:02.567+0000] {subprocess.py:93} INFO - 		Reduce shuffle bytes=6
[2025-02-26T20:48:02.567+0000] {subprocess.py:93} INFO - 		Reduce input records=0
[2025-02-26T20:48:02.568+0000] {subprocess.py:93} INFO - 		Reduce output records=0
[2025-02-26T20:48:02.568+0000] {subprocess.py:93} INFO - 		Spilled Records=0
[2025-02-26T20:48:02.569+0000] {subprocess.py:93} INFO - 		Shuffled Maps =1
[2025-02-26T20:48:02.569+0000] {subprocess.py:93} INFO - 		Failed Shuffles=0
[2025-02-26T20:48:02.570+0000] {subprocess.py:93} INFO - 		Merged Map outputs=1
[2025-02-26T20:48:02.570+0000] {subprocess.py:93} INFO - 		GC time elapsed (ms)=0
[2025-02-26T20:48:02.572+0000] {subprocess.py:93} INFO - 		Total committed heap usage (bytes)=274202624
[2025-02-26T20:48:02.572+0000] {subprocess.py:93} INFO - 	Shuffle Errors
[2025-02-26T20:48:02.573+0000] {subprocess.py:93} INFO - 		BAD_ID=0
[2025-02-26T20:48:02.573+0000] {subprocess.py:93} INFO - 		CONNECTION=0
[2025-02-26T20:48:02.574+0000] {subprocess.py:93} INFO - 		IO_ERROR=0
[2025-02-26T20:48:02.574+0000] {subprocess.py:93} INFO - 		WRONG_LENGTH=0
[2025-02-26T20:48:02.575+0000] {subprocess.py:93} INFO - 		WRONG_MAP=0
[2025-02-26T20:48:02.575+0000] {subprocess.py:93} INFO - 		WRONG_REDUCE=0
[2025-02-26T20:48:02.576+0000] {subprocess.py:93} INFO - 	File Output Format Counters
[2025-02-26T20:48:02.577+0000] {subprocess.py:93} INFO - 		Bytes Written=0
[2025-02-26T20:48:02.577+0000] {subprocess.py:93} INFO - 2025-02-26 20:48:02,548 INFO mapred.LocalJobRunner: Finishing task: attempt_local1582130280_0001_r_000000_0
[2025-02-26T20:48:02.578+0000] {subprocess.py:93} INFO - 2025-02-26 20:48:02,551 INFO mapred.LocalJobRunner: reduce task executor complete.
[2025-02-26T20:48:02.658+0000] {subprocess.py:93} INFO - 2025-02-26 20:48:02,656 INFO mapreduce.Job:  map 100% reduce 100%
[2025-02-26T20:48:02.659+0000] {subprocess.py:93} INFO - 2025-02-26 20:48:02,657 INFO mapreduce.Job: Job job_local1582130280_0001 completed successfully
[2025-02-26T20:48:02.812+0000] {subprocess.py:93} INFO - 2025-02-26 20:48:02,808 INFO mapreduce.Job: Counters: 36
[2025-02-26T20:48:02.813+0000] {subprocess.py:93} INFO - 	File System Counters
[2025-02-26T20:48:02.815+0000] {subprocess.py:93} INFO - 		FILE: Number of bytes read=361374
[2025-02-26T20:48:02.815+0000] {subprocess.py:93} INFO - 		FILE: Number of bytes written=1424596
[2025-02-26T20:48:02.816+0000] {subprocess.py:93} INFO - 		FILE: Number of read operations=0
[2025-02-26T20:48:02.816+0000] {subprocess.py:93} INFO - 		FILE: Number of large read operations=0
[2025-02-26T20:48:02.817+0000] {subprocess.py:93} INFO - 		FILE: Number of write operations=0
[2025-02-26T20:48:02.818+0000] {subprocess.py:93} INFO - 		HDFS: Number of bytes read=39534
[2025-02-26T20:48:02.819+0000] {subprocess.py:93} INFO - 		HDFS: Number of bytes written=0
[2025-02-26T20:48:02.819+0000] {subprocess.py:93} INFO - 		HDFS: Number of read operations=15
[2025-02-26T20:48:02.820+0000] {subprocess.py:93} INFO - 		HDFS: Number of large read operations=0
[2025-02-26T20:48:02.820+0000] {subprocess.py:93} INFO - 		HDFS: Number of write operations=4
[2025-02-26T20:48:02.821+0000] {subprocess.py:93} INFO - 		HDFS: Number of bytes read erasure-coded=0
[2025-02-26T20:48:02.821+0000] {subprocess.py:93} INFO - 	Map-Reduce Framework
[2025-02-26T20:48:02.822+0000] {subprocess.py:93} INFO - 		Map input records=677
[2025-02-26T20:48:02.822+0000] {subprocess.py:93} INFO - 		Map output records=0
[2025-02-26T20:48:02.823+0000] {subprocess.py:93} INFO - 		Map output bytes=0
[2025-02-26T20:48:02.823+0000] {subprocess.py:93} INFO - 		Map output materialized bytes=6
[2025-02-26T20:48:02.824+0000] {subprocess.py:93} INFO - 		Input split bytes=137
[2025-02-26T20:48:02.824+0000] {subprocess.py:93} INFO - 		Combine input records=0
[2025-02-26T20:48:02.825+0000] {subprocess.py:93} INFO - 		Combine output records=0
[2025-02-26T20:48:02.825+0000] {subprocess.py:93} INFO - 		Reduce input groups=0
[2025-02-26T20:48:02.826+0000] {subprocess.py:93} INFO - 		Reduce shuffle bytes=6
[2025-02-26T20:48:02.826+0000] {subprocess.py:93} INFO - 		Reduce input records=0
[2025-02-26T20:48:02.827+0000] {subprocess.py:93} INFO - 		Reduce output records=0
[2025-02-26T20:48:02.835+0000] {subprocess.py:93} INFO - 		Spilled Records=0
[2025-02-26T20:48:02.835+0000] {subprocess.py:93} INFO - 		Shuffled Maps =1
[2025-02-26T20:48:02.836+0000] {subprocess.py:93} INFO - 		Failed Shuffles=0
[2025-02-26T20:48:02.836+0000] {subprocess.py:93} INFO - 		Merged Map outputs=1
[2025-02-26T20:48:02.837+0000] {subprocess.py:93} INFO - 		GC time elapsed (ms)=408
[2025-02-26T20:48:02.837+0000] {subprocess.py:93} INFO - 		Total committed heap usage (bytes)=548405248
[2025-02-26T20:48:02.838+0000] {subprocess.py:93} INFO - 	Shuffle Errors
[2025-02-26T20:48:02.838+0000] {subprocess.py:93} INFO - 		BAD_ID=0
[2025-02-26T20:48:02.839+0000] {subprocess.py:93} INFO - 		CONNECTION=0
[2025-02-26T20:48:02.839+0000] {subprocess.py:93} INFO - 		IO_ERROR=0
[2025-02-26T20:48:02.840+0000] {subprocess.py:93} INFO - 		WRONG_LENGTH=0
[2025-02-26T20:48:02.840+0000] {subprocess.py:93} INFO - 		WRONG_MAP=0
[2025-02-26T20:48:02.841+0000] {subprocess.py:93} INFO - 		WRONG_REDUCE=0
[2025-02-26T20:48:02.841+0000] {subprocess.py:93} INFO - 	File Input Format Counters
[2025-02-26T20:48:02.842+0000] {subprocess.py:93} INFO - 		Bytes Read=19767
[2025-02-26T20:48:02.842+0000] {subprocess.py:93} INFO - 	File Output Format Counters
[2025-02-26T20:48:02.843+0000] {subprocess.py:93} INFO - 		Bytes Written=0
[2025-02-26T20:48:02.843+0000] {subprocess.py:93} INFO - 2025-02-26 20:48:02,808 INFO streaming.StreamJob: Output directory: hdfs:///user/etudiant/crypto/processed/YYYY=2025/MM=02/DD=19
[2025-02-26T20:48:03.541+0000] {subprocess.py:97} INFO - Command exited with return code 0
[2025-02-26T20:48:03.685+0000] {taskinstance.py:1400} INFO - Marking task as SUCCESS. dag_id=yfinance_ingestion_dag, task_id=run_mapreduce, execution_date=20250219T000000, start_date=20250226T204726, end_date=20250226T204803
[2025-02-26T20:48:03.788+0000] {local_task_job_runner.py:228} INFO - Task exited with return code 0
[2025-02-26T20:48:03.846+0000] {taskinstance.py:2784} INFO - 0 downstream tasks scheduled from follow-on schedule check
