[2025-02-25T09:50:58.590+0000] {taskinstance.py:1159} INFO - Dependencies all met for dep_context=non-requeueable deps ti=<TaskInstance: yfinance_ingestion_dag.store_raw_data_in_hdfs scheduled__2025-02-02T00:00:00+00:00 [queued]>
[2025-02-25T09:50:58.647+0000] {taskinstance.py:1159} INFO - Dependencies all met for dep_context=requeueable deps ti=<TaskInstance: yfinance_ingestion_dag.store_raw_data_in_hdfs scheduled__2025-02-02T00:00:00+00:00 [queued]>
[2025-02-25T09:50:58.652+0000] {taskinstance.py:1361} INFO - Starting attempt 1 of 2
[2025-02-25T09:50:58.728+0000] {taskinstance.py:1382} INFO - Executing <Task(PythonOperator): store_raw_data_in_hdfs> on 2025-02-02 00:00:00+00:00
[2025-02-25T09:50:58.776+0000] {standard_task_runner.py:57} INFO - Started process 1151 to run task
[2025-02-25T09:50:58.860+0000] {standard_task_runner.py:84} INFO - Running: ['***', 'tasks', 'run', 'yfinance_ingestion_dag', 'store_raw_data_in_hdfs', 'scheduled__2025-02-02T00:00:00+00:00', '--job-id', '112', '--raw', '--subdir', 'DAGS_FOLDER/test_hello.py', '--cfg-path', '/tmp/tmptmlmwl6n']
[2025-02-25T09:50:58.868+0000] {standard_task_runner.py:85} INFO - Job 112: Subtask store_raw_data_in_hdfs
[2025-02-25T09:50:59.176+0000] {task_command.py:415} INFO - Running <TaskInstance: yfinance_ingestion_dag.store_raw_data_in_hdfs scheduled__2025-02-02T00:00:00+00:00 [running]> on host 6dbd75e48aaa
[2025-02-25T09:50:59.526+0000] {taskinstance.py:1660} INFO - Exporting env vars: AIRFLOW_CTX_DAG_OWNER='etudiant' AIRFLOW_CTX_DAG_ID='yfinance_ingestion_dag' AIRFLOW_CTX_TASK_ID='store_raw_data_in_hdfs' AIRFLOW_CTX_EXECUTION_DATE='2025-02-02T00:00:00+00:00' AIRFLOW_CTX_TRY_NUMBER='1' AIRFLOW_CTX_DAG_RUN_ID='scheduled__2025-02-02T00:00:00+00:00'
[2025-02-25T09:51:40.442+0000] {python.py:194} INFO - Done. Returned value was: None
[2025-02-25T09:51:40.529+0000] {taskinstance.py:1400} INFO - Marking task as SUCCESS. dag_id=yfinance_ingestion_dag, task_id=store_raw_data_in_hdfs, execution_date=20250202T000000, start_date=20250225T095058, end_date=20250225T095140
[2025-02-25T09:51:40.870+0000] {local_task_job_runner.py:228} INFO - Task exited with return code 0
[2025-02-25T09:51:40.990+0000] {taskinstance.py:2784} INFO - 0 downstream tasks scheduled from follow-on schedule check
[2025-02-26T20:44:22.945+0000] {taskinstance.py:1159} INFO - Dependencies all met for dep_context=non-requeueable deps ti=<TaskInstance: yfinance_ingestion_dag.store_raw_data_in_hdfs scheduled__2025-02-02T00:00:00+00:00 [queued]>
[2025-02-26T20:44:22.959+0000] {taskinstance.py:1159} INFO - Dependencies all met for dep_context=requeueable deps ti=<TaskInstance: yfinance_ingestion_dag.store_raw_data_in_hdfs scheduled__2025-02-02T00:00:00+00:00 [queued]>
[2025-02-26T20:44:22.960+0000] {taskinstance.py:1361} INFO - Starting attempt 1 of 2
[2025-02-26T20:44:22.978+0000] {taskinstance.py:1382} INFO - Executing <Task(PythonOperator): store_raw_data_in_hdfs> on 2025-02-02 00:00:00+00:00
[2025-02-26T20:44:22.986+0000] {standard_task_runner.py:57} INFO - Started process 2303 to run task
[2025-02-26T20:44:22.991+0000] {standard_task_runner.py:84} INFO - Running: ['***', 'tasks', 'run', 'yfinance_ingestion_dag', 'store_raw_data_in_hdfs', 'scheduled__2025-02-02T00:00:00+00:00', '--job-id', '363', '--raw', '--subdir', 'DAGS_FOLDER/pipeline.py', '--cfg-path', '/tmp/tmpylo4qzze']
[2025-02-26T20:44:22.995+0000] {standard_task_runner.py:85} INFO - Job 363: Subtask store_raw_data_in_hdfs
[2025-02-26T20:44:23.057+0000] {task_command.py:415} INFO - Running <TaskInstance: yfinance_ingestion_dag.store_raw_data_in_hdfs scheduled__2025-02-02T00:00:00+00:00 [running]> on host 3c0faf52b292
[2025-02-26T20:44:23.166+0000] {taskinstance.py:1660} INFO - Exporting env vars: AIRFLOW_CTX_DAG_OWNER='etudiant' AIRFLOW_CTX_DAG_ID='yfinance_ingestion_dag' AIRFLOW_CTX_TASK_ID='store_raw_data_in_hdfs' AIRFLOW_CTX_EXECUTION_DATE='2025-02-02T00:00:00+00:00' AIRFLOW_CTX_TRY_NUMBER='1' AIRFLOW_CTX_DAG_RUN_ID='scheduled__2025-02-02T00:00:00+00:00'
[2025-02-26T20:44:30.650+0000] {python.py:194} INFO - Done. Returned value was: None
[2025-02-26T20:44:30.666+0000] {taskinstance.py:1400} INFO - Marking task as SUCCESS. dag_id=yfinance_ingestion_dag, task_id=store_raw_data_in_hdfs, execution_date=20250202T000000, start_date=20250226T204422, end_date=20250226T204430
[2025-02-26T20:44:30.719+0000] {local_task_job_runner.py:228} INFO - Task exited with return code 0
[2025-02-26T20:44:30.747+0000] {taskinstance.py:2784} INFO - 1 downstream tasks scheduled from follow-on schedule check
[2025-02-27T14:56:03.196+0000] {taskinstance.py:1157} INFO - Dependencies all met for dep_context=non-requeueable deps ti=<TaskInstance: yfinance_ingestion_dag.store_raw_data_in_hdfs scheduled__2025-02-02T00:00:00+00:00 [queued]>
[2025-02-27T14:56:03.237+0000] {taskinstance.py:1157} INFO - Dependencies all met for dep_context=requeueable deps ti=<TaskInstance: yfinance_ingestion_dag.store_raw_data_in_hdfs scheduled__2025-02-02T00:00:00+00:00 [queued]>
[2025-02-27T14:56:03.239+0000] {taskinstance.py:1359} INFO - Starting attempt 1 of 1
[2025-02-27T14:56:03.332+0000] {taskinstance.py:1380} INFO - Executing <Task(PythonOperator): store_raw_data_in_hdfs> on 2025-02-02 00:00:00+00:00
[2025-02-27T14:56:03.343+0000] {standard_task_runner.py:57} INFO - Started process 451 to run task
[2025-02-27T14:56:03.365+0000] {standard_task_runner.py:84} INFO - Running: ['***', 'tasks', 'run', 'yfinance_ingestion_dag', 'store_raw_data_in_hdfs', 'scheduled__2025-02-02T00:00:00+00:00', '--job-id', '86', '--raw', '--subdir', 'DAGS_FOLDER/pipeline.py', '--cfg-path', '/tmp/tmpszslidat']
[2025-02-27T14:56:03.383+0000] {standard_task_runner.py:85} INFO - Job 86: Subtask store_raw_data_in_hdfs
[2025-02-27T14:56:03.630+0000] {task_command.py:415} INFO - Running <TaskInstance: yfinance_ingestion_dag.store_raw_data_in_hdfs scheduled__2025-02-02T00:00:00+00:00 [running]> on host a71f042480b6
[2025-02-27T14:56:04.227+0000] {taskinstance.py:1660} INFO - Exporting env vars: AIRFLOW_CTX_DAG_OWNER='etudiant' AIRFLOW_CTX_DAG_ID='yfinance_ingestion_dag' AIRFLOW_CTX_TASK_ID='store_raw_data_in_hdfs' AIRFLOW_CTX_EXECUTION_DATE='2025-02-02T00:00:00+00:00' AIRFLOW_CTX_TRY_NUMBER='1' AIRFLOW_CTX_DAG_RUN_ID='scheduled__2025-02-02T00:00:00+00:00'
[2025-02-27T14:56:04.356+0000] {taskinstance.py:1935} ERROR - Task failed with exception
Traceback (most recent call last):
  File "/home/airflow/.local/lib/python3.8/site-packages/airflow/operators/python.py", line 192, in execute
    return_value = self.execute_callable()
  File "/home/airflow/.local/lib/python3.8/site-packages/airflow/operators/python.py", line 209, in execute_callable
    return self.python_callable(*self.op_args, **self.op_kwargs)
  File "/opt/airflow/dags/pipeline.py", line 82, in store_raw_data_in_hdfs
    with open(local_file, 'w') as f:
PermissionError: [Errno 13] Permission denied: '/mnt/hadoop_data/yfinance_raw.json'
[2025-02-27T14:56:04.513+0000] {taskinstance.py:1398} INFO - Marking task as FAILED. dag_id=yfinance_ingestion_dag, task_id=store_raw_data_in_hdfs, execution_date=20250202T000000, start_date=20250227T145603, end_date=20250227T145604
[2025-02-27T14:56:04.655+0000] {standard_task_runner.py:104} ERROR - Failed to execute job 86 for task store_raw_data_in_hdfs ([Errno 13] Permission denied: '/mnt/hadoop_data/yfinance_raw.json'; 451)
[2025-02-27T14:56:04.708+0000] {local_task_job_runner.py:228} INFO - Task exited with return code 1
[2025-02-27T14:56:04.863+0000] {taskinstance.py:2776} INFO - 0 downstream tasks scheduled from follow-on schedule check
