[2025-02-25T09:51:57.271+0000] {taskinstance.py:1159} INFO - Dependencies all met for dep_context=non-requeueable deps ti=<TaskInstance: yfinance_ingestion_dag.fetch_data scheduled__2025-02-18T00:00:00+00:00 [queued]>
[2025-02-25T09:51:57.322+0000] {taskinstance.py:1159} INFO - Dependencies all met for dep_context=requeueable deps ti=<TaskInstance: yfinance_ingestion_dag.fetch_data scheduled__2025-02-18T00:00:00+00:00 [queued]>
[2025-02-25T09:51:57.326+0000] {taskinstance.py:1361} INFO - Starting attempt 1 of 2
[2025-02-25T09:51:57.384+0000] {taskinstance.py:1382} INFO - Executing <Task(PythonOperator): fetch_data> on 2025-02-18 00:00:00+00:00
[2025-02-25T09:51:57.415+0000] {standard_task_runner.py:57} INFO - Started process 1466 to run task
[2025-02-25T09:51:57.448+0000] {standard_task_runner.py:84} INFO - Running: ['***', 'tasks', 'run', 'yfinance_ingestion_dag', 'fetch_data', 'scheduled__2025-02-18T00:00:00+00:00', '--job-id', '128', '--raw', '--subdir', 'DAGS_FOLDER/test_hello.py', '--cfg-path', '/tmp/tmpmipmd6im']
[2025-02-25T09:51:57.471+0000] {standard_task_runner.py:85} INFO - Job 128: Subtask fetch_data
[2025-02-25T09:51:57.734+0000] {task_command.py:415} INFO - Running <TaskInstance: yfinance_ingestion_dag.fetch_data scheduled__2025-02-18T00:00:00+00:00 [running]> on host 6dbd75e48aaa
[2025-02-25T09:51:58.049+0000] {taskinstance.py:1660} INFO - Exporting env vars: AIRFLOW_CTX_DAG_OWNER='etudiant' AIRFLOW_CTX_DAG_ID='yfinance_ingestion_dag' AIRFLOW_CTX_TASK_ID='fetch_data' AIRFLOW_CTX_EXECUTION_DATE='2025-02-18T00:00:00+00:00' AIRFLOW_CTX_TRY_NUMBER='1' AIRFLOW_CTX_DAG_RUN_ID='scheduled__2025-02-18T00:00:00+00:00'
[2025-02-25T09:51:58.871+0000] {history.py:247} ERROR - $TSLA: possibly delisted; no price data found  (1d 2025-02-18 -> 2025-02-18)
[2025-02-25T09:51:58.892+0000] {python.py:194} INFO - Done. Returned value was: None
[2025-02-25T09:51:58.903+0000] {taskinstance.py:1400} INFO - Marking task as SUCCESS. dag_id=yfinance_ingestion_dag, task_id=fetch_data, execution_date=20250218T000000, start_date=20250225T095157, end_date=20250225T095158
[2025-02-25T09:51:58.937+0000] {local_task_job_runner.py:228} INFO - Task exited with return code 0
[2025-02-25T09:51:58.970+0000] {taskinstance.py:2784} INFO - 1 downstream tasks scheduled from follow-on schedule check
[2025-02-26T20:46:34.391+0000] {taskinstance.py:1159} INFO - Dependencies all met for dep_context=non-requeueable deps ti=<TaskInstance: yfinance_ingestion_dag.fetch_data scheduled__2025-02-18T00:00:00+00:00 [queued]>
[2025-02-26T20:46:34.430+0000] {taskinstance.py:1159} INFO - Dependencies all met for dep_context=requeueable deps ti=<TaskInstance: yfinance_ingestion_dag.fetch_data scheduled__2025-02-18T00:00:00+00:00 [queued]>
[2025-02-26T20:46:34.431+0000] {taskinstance.py:1361} INFO - Starting attempt 1 of 2
[2025-02-26T20:46:34.500+0000] {taskinstance.py:1382} INFO - Executing <Task(PythonOperator): fetch_data> on 2025-02-18 00:00:00+00:00
[2025-02-26T20:46:34.518+0000] {standard_task_runner.py:57} INFO - Started process 2944 to run task
[2025-02-26T20:46:34.546+0000] {standard_task_runner.py:84} INFO - Running: ['***', 'tasks', 'run', 'yfinance_ingestion_dag', 'fetch_data', 'scheduled__2025-02-18T00:00:00+00:00', '--job-id', '410', '--raw', '--subdir', 'DAGS_FOLDER/pipeline.py', '--cfg-path', '/tmp/tmpe5slanrl']
[2025-02-26T20:46:34.566+0000] {standard_task_runner.py:85} INFO - Job 410: Subtask fetch_data
[2025-02-26T20:46:34.747+0000] {task_command.py:415} INFO - Running <TaskInstance: yfinance_ingestion_dag.fetch_data scheduled__2025-02-18T00:00:00+00:00 [running]> on host 3c0faf52b292
[2025-02-26T20:46:35.072+0000] {taskinstance.py:1660} INFO - Exporting env vars: AIRFLOW_CTX_DAG_OWNER='etudiant' AIRFLOW_CTX_DAG_ID='yfinance_ingestion_dag' AIRFLOW_CTX_TASK_ID='fetch_data' AIRFLOW_CTX_EXECUTION_DATE='2025-02-18T00:00:00+00:00' AIRFLOW_CTX_TRY_NUMBER='1' AIRFLOW_CTX_DAG_RUN_ID='scheduled__2025-02-18T00:00:00+00:00'
[2025-02-26T20:46:37.049+0000] {logging_mixin.py:151} INFO - [
    {
        "datetime": "2025-02-25T20:00:00.000Z",
        "open_price": 87816.71875,
        "high_price": 88873.140625,
        "low_price": 87594.2734375,
        "close_price": 88076.6484375,
        "volume": 0,
        "coin": "BTC"
    },
    {
        "datetime": "2025-02-25T21:00:00.000Z",
        "open_price": 88187.0859375,
        "high_price": 88637.609375,
        "low_price": 87775.640625,
        "close_price": 88598.2109375,
        "volume": 0,
        "coin": "BTC"
    },
    {
        "datetime": "2025-02-25T22:00:00.000Z",
        "open_price": 88692.203125,
        "high_price": 89344.90625,
        "low_price": 88446.0390625,
        "close_price": 88737.1953125,
        "volume": 102842368,
        "coin": "BTC"
    },
    {
        "datetime": "2025-02-25T23:00:00.000Z",
        "open_price": 88762.703125,
        "high_price": 89029.0390625,
        "low_price": 88623.359375,
        "close_price": 88701.9140625,
        "volume": 0,
        "coin": "BTC"
    },
    {
        "datetime": "2025-02-26T00:00:00.000Z",
        "open_price": 88491.3359375,
        "high_price": 88512.78125,
        "low_price": 88059.8046875,
        "close_price": 88059.8046875,
        "volume": 0,
        "coin": "BTC"
    }
]
[2025-02-26T20:46:37.105+0000] {python.py:194} INFO - Done. Returned value was: None
[2025-02-26T20:46:37.173+0000] {taskinstance.py:1400} INFO - Marking task as SUCCESS. dag_id=yfinance_ingestion_dag, task_id=fetch_data, execution_date=20250218T000000, start_date=20250226T204634, end_date=20250226T204637
[2025-02-26T20:46:37.286+0000] {local_task_job_runner.py:228} INFO - Task exited with return code 0
[2025-02-26T20:46:37.354+0000] {taskinstance.py:2784} INFO - 1 downstream tasks scheduled from follow-on schedule check
