[2025-02-26T20:18:10.467+0000] {taskinstance.py:1159} INFO - Dependencies all met for dep_context=non-requeueable deps ti=<TaskInstance: yfinance_ingestion_dag.run_mapreduce scheduled__2025-01-05T00:00:00+00:00 [queued]>
[2025-02-26T20:18:10.595+0000] {taskinstance.py:1159} INFO - Dependencies all met for dep_context=requeueable deps ti=<TaskInstance: yfinance_ingestion_dag.run_mapreduce scheduled__2025-01-05T00:00:00+00:00 [queued]>
[2025-02-26T20:18:10.596+0000] {taskinstance.py:1361} INFO - Starting attempt 1 of 2
[2025-02-26T20:18:11.550+0000] {taskinstance.py:1382} INFO - Executing <Task(BashOperator): run_mapreduce> on 2025-01-05 00:00:00+00:00
[2025-02-26T20:18:11.622+0000] {standard_task_runner.py:84} INFO - Running: ['***', 'tasks', 'run', 'yfinance_ingestion_dag', 'run_mapreduce', 'scheduled__2025-01-05T00:00:00+00:00', '--job-id', '98', '--raw', '--subdir', 'DAGS_FOLDER/pipeline.py', '--cfg-path', '/tmp/tmpa7wjjy4x']
[2025-02-26T20:18:11.628+0000] {standard_task_runner.py:85} INFO - Job 98: Subtask run_mapreduce
[2025-02-26T20:18:11.615+0000] {standard_task_runner.py:57} INFO - Started process 646 to run task
[2025-02-26T20:18:12.038+0000] {task_command.py:415} INFO - Running <TaskInstance: yfinance_ingestion_dag.run_mapreduce scheduled__2025-01-05T00:00:00+00:00 [running]> on host c96a1011f5a3
[2025-02-26T20:18:12.370+0000] {taskinstance.py:1660} INFO - Exporting env vars: AIRFLOW_CTX_DAG_OWNER='etudiant' AIRFLOW_CTX_DAG_ID='yfinance_ingestion_dag' AIRFLOW_CTX_TASK_ID='run_mapreduce' AIRFLOW_CTX_EXECUTION_DATE='2025-01-05T00:00:00+00:00' AIRFLOW_CTX_TRY_NUMBER='1' AIRFLOW_CTX_DAG_RUN_ID='scheduled__2025-01-05T00:00:00+00:00'
[2025-02-26T20:18:12.378+0000] {subprocess.py:63} INFO - Tmp dir root location: /tmp
[2025-02-26T20:18:12.383+0000] {subprocess.py:75} INFO - Running command: ['/bin/bash', '-c', '\n        docker exec -i -u root namenode bash -c \'         cd /tmp &&         cp /mnt/hadoop_data/mapreduce/mapper.py . &&         cp /mnt/hadoop_data/mapreduce/reducer.py . &&         chmod +x mapper.py reducer.py &&         hdfs dfs -rm -r hdfs:///user/etudiant/crypto/processed/YYYY=2025/MM=01/DD=05 || true &&         hadoop jar /opt/hadoop-3.2.1/share/hadoop/tools/lib/hadoop-streaming-3.2.1.jar         -files mapper.py,reducer.py         -mapper "python mapper.py"         -reducer "python reducer.py"         -input hdfs:///user/etudiant/crypto/raw/YYYY=2025/MM=01/DD=05/yfinance_raw.json         -output hdfs:///user/etudiant/crypto/processed/YYYY=2025/MM=01/DD=05\'\n        ']
[2025-02-26T20:18:12.421+0000] {subprocess.py:86} INFO - Output:
[2025-02-26T20:18:32.090+0000] {subprocess.py:93} INFO - rm: `hdfs:///user/etudiant/crypto/processed/YYYY=2025/MM=01/DD=05': No such file or directory
[2025-02-26T20:18:55.543+0000] {subprocess.py:93} INFO - 2025-02-26 20:18:55,541 INFO impl.MetricsConfig: Loaded properties from hadoop-metrics2.properties
[2025-02-26T20:18:56.754+0000] {subprocess.py:93} INFO - 2025-02-26 20:18:56,752 INFO impl.MetricsSystemImpl: Scheduled Metric snapshot period at 10 second(s).
[2025-02-26T20:18:56.755+0000] {subprocess.py:93} INFO - 2025-02-26 20:18:56,753 INFO impl.MetricsSystemImpl: JobTracker metrics system started
[2025-02-26T20:18:57.054+0000] {subprocess.py:93} INFO - 2025-02-26 20:18:57,051 WARN impl.MetricsSystemImpl: JobTracker metrics system already initialized!
[2025-02-26T20:18:59.666+0000] {subprocess.py:93} INFO - 2025-02-26 20:18:59,663 INFO mapred.FileInputFormat: Total input files to process : 1
[2025-02-26T20:19:00.865+0000] {subprocess.py:93} INFO - 2025-02-26 20:19:00,861 INFO mapreduce.JobSubmitter: number of splits:1
[2025-02-26T20:19:01.928+0000] {subprocess.py:93} INFO - 2025-02-26 20:19:01,927 INFO mapreduce.JobSubmitter: Submitting tokens for job: job_local1971046963_0001
[2025-02-26T20:19:01.930+0000] {subprocess.py:93} INFO - 2025-02-26 20:19:01,927 INFO mapreduce.JobSubmitter: Executing with tokens: []
[2025-02-26T20:19:03.618+0000] {subprocess.py:93} INFO - 2025-02-26 20:19:03,616 INFO mapred.LocalDistributedCacheManager: Localized file:/tmp/mapper.py as file:/tmp/hadoop-root/mapred/local/job_local1971046963_0001_d090a89c-0697-45af-b548-d9a86ff5be6a/mapper.py
[2025-02-26T20:19:04.097+0000] {subprocess.py:93} INFO - 2025-02-26 20:19:04,095 INFO mapred.LocalDistributedCacheManager: Localized file:/tmp/reducer.py as file:/tmp/hadoop-root/mapred/local/job_local1971046963_0001_d61b9bd9-3c62-4205-9a58-ac2fee97db0a/reducer.py
[2025-02-26T20:19:04.949+0000] {subprocess.py:93} INFO - 2025-02-26 20:19:04,942 INFO mapreduce.Job: The url to track the job: http://localhost:8080/
[2025-02-26T20:19:04.977+0000] {subprocess.py:93} INFO - 2025-02-26 20:19:04,945 INFO mapreduce.Job: Running job: job_local1971046963_0001
[2025-02-26T20:19:05.075+0000] {subprocess.py:93} INFO - 2025-02-26 20:19:05,073 INFO mapred.LocalJobRunner: OutputCommitter set in config null
[2025-02-26T20:19:05.090+0000] {subprocess.py:93} INFO - 2025-02-26 20:19:05,088 INFO mapred.LocalJobRunner: OutputCommitter is org.apache.hadoop.mapred.FileOutputCommitter
[2025-02-26T20:19:05.204+0000] {subprocess.py:93} INFO - 2025-02-26 20:19:05,193 INFO output.FileOutputCommitter: File Output Committer Algorithm version is 2
[2025-02-26T20:19:05.211+0000] {subprocess.py:93} INFO - 2025-02-26 20:19:05,193 INFO output.FileOutputCommitter: FileOutputCommitter skip cleanup _temporary folders under output directory:false, ignore cleanup failures: false
[2025-02-26T20:19:05.959+0000] {subprocess.py:93} INFO - 2025-02-26 20:19:05,923 INFO mapred.LocalJobRunner: Waiting for map tasks
[2025-02-26T20:19:06.064+0000] {subprocess.py:93} INFO - 2025-02-26 20:19:06,050 INFO mapred.LocalJobRunner: Starting task: attempt_local1971046963_0001_m_000000_0
[2025-02-26T20:19:06.133+0000] {subprocess.py:93} INFO - 2025-02-26 20:19:06,131 INFO mapreduce.Job: Job job_local1971046963_0001 running in uber mode : false
[2025-02-26T20:19:06.139+0000] {subprocess.py:93} INFO - 2025-02-26 20:19:06,138 INFO mapreduce.Job:  map 0% reduce 0%
[2025-02-26T20:19:05.747+0000] {subprocess.py:93} INFO - 2025-02-26 20:19:05,740 INFO output.FileOutputCommitter: File Output Committer Algorithm version is 2
[2025-02-26T20:19:05.759+0000] {subprocess.py:93} INFO - 2025-02-26 20:19:05,741 INFO output.FileOutputCommitter: FileOutputCommitter skip cleanup _temporary folders under output directory:false, ignore cleanup failures: false
[2025-02-26T20:19:05.861+0000] {subprocess.py:93} INFO - 2025-02-26 20:19:05,856 INFO mapred.Task:  Using ResourceCalculatorProcessTree : [ ]
[2025-02-26T20:19:06.043+0000] {subprocess.py:93} INFO - 2025-02-26 20:19:06,019 INFO mapred.MapTask: Processing split: hdfs://namenode:9000/user/etudiant/crypto/raw/YYYY=2025/MM=01/DD=05/yfinance_raw.json:0+19761
[2025-02-26T20:19:06.170+0000] {subprocess.py:93} INFO - 2025-02-26 20:19:06,169 INFO mapred.MapTask: numReduceTasks: 1
[2025-02-26T20:19:06.416+0000] {subprocess.py:93} INFO - 2025-02-26 20:19:06,414 INFO mapred.MapTask: (EQUATOR) 0 kvi 26214396(104857584)
[2025-02-26T20:19:06.417+0000] {subprocess.py:93} INFO - 2025-02-26 20:19:06,414 INFO mapred.MapTask: mapreduce.task.io.sort.mb: 100
[2025-02-26T20:19:06.418+0000] {subprocess.py:93} INFO - 2025-02-26 20:19:06,414 INFO mapred.MapTask: soft limit at 83886080
[2025-02-26T20:19:06.429+0000] {subprocess.py:93} INFO - 2025-02-26 20:19:06,415 INFO mapred.MapTask: bufstart = 0; bufvoid = 104857600
[2025-02-26T20:19:06.430+0000] {subprocess.py:93} INFO - 2025-02-26 20:19:06,415 INFO mapred.MapTask: kvstart = 26214396; length = 6553600
[2025-02-26T20:19:06.447+0000] {subprocess.py:93} INFO - 2025-02-26 20:19:06,439 INFO mapred.MapTask: Map output collector class = org.apache.hadoop.mapred.MapTask$MapOutputBuffer
[2025-02-26T20:19:06.487+0000] {subprocess.py:93} INFO - 2025-02-26 20:19:06,486 INFO streaming.PipeMapRed: PipeMapRed exec [/usr/bin/python, mapper.py]
[2025-02-26T20:19:06.529+0000] {subprocess.py:93} INFO - 2025-02-26 20:19:06,526 INFO Configuration.deprecation: mapred.work.output.dir is deprecated. Instead, use mapreduce.task.output.dir
[2025-02-26T20:19:06.530+0000] {subprocess.py:93} INFO - 2025-02-26 20:19:06,527 INFO Configuration.deprecation: map.input.start is deprecated. Instead, use mapreduce.map.input.start
[2025-02-26T20:19:06.545+0000] {subprocess.py:93} INFO - 2025-02-26 20:19:06,543 INFO Configuration.deprecation: mapred.task.is.map is deprecated. Instead, use mapreduce.task.ismap
[2025-02-26T20:19:06.546+0000] {subprocess.py:93} INFO - 2025-02-26 20:19:06,543 INFO Configuration.deprecation: mapred.task.id is deprecated. Instead, use mapreduce.task.attempt.id
[2025-02-26T20:19:06.571+0000] {subprocess.py:93} INFO - 2025-02-26 20:19:06,566 INFO Configuration.deprecation: mapred.tip.id is deprecated. Instead, use mapreduce.task.id
[2025-02-26T20:19:06.576+0000] {subprocess.py:93} INFO - 2025-02-26 20:19:06,567 INFO Configuration.deprecation: mapred.local.dir is deprecated. Instead, use mapreduce.cluster.local.dir
[2025-02-26T20:19:06.577+0000] {subprocess.py:93} INFO - 2025-02-26 20:19:06,567 INFO Configuration.deprecation: map.input.file is deprecated. Instead, use mapreduce.map.input.file
[2025-02-26T20:19:06.578+0000] {subprocess.py:93} INFO - 2025-02-26 20:19:06,568 INFO Configuration.deprecation: mapred.skip.on is deprecated. Instead, use mapreduce.job.skiprecords
[2025-02-26T20:19:06.579+0000] {subprocess.py:93} INFO - 2025-02-26 20:19:06,568 INFO Configuration.deprecation: map.input.length is deprecated. Instead, use mapreduce.map.input.length
[2025-02-26T20:19:06.584+0000] {subprocess.py:93} INFO - 2025-02-26 20:19:06,583 INFO Configuration.deprecation: mapred.job.id is deprecated. Instead, use mapreduce.job.id
[2025-02-26T20:19:06.586+0000] {subprocess.py:93} INFO - 2025-02-26 20:19:06,585 INFO Configuration.deprecation: user.name is deprecated. Instead, use mapreduce.job.user.name
[2025-02-26T20:19:06.589+0000] {subprocess.py:93} INFO - 2025-02-26 20:19:06,587 INFO Configuration.deprecation: mapred.task.partition is deprecated. Instead, use mapreduce.task.partition
[2025-02-26T20:19:06.910+0000] {subprocess.py:93} INFO - 2025-02-26 20:19:06,908 INFO sasl.SaslDataTransferClient: SASL encryption trust check: localHostTrusted = false, remoteHostTrusted = false
[2025-02-26T20:19:06.922+0000] {subprocess.py:93} INFO -   File "mapper.py", line 27
[2025-02-26T20:19:06.928+0000] {subprocess.py:93} INFO -     print(f"{coin}\t{json.dumps(metrics)}")
[2025-02-26T20:19:06.937+0000] {subprocess.py:93} INFO -                                          ^
[2025-02-26T20:19:06.939+0000] {subprocess.py:93} INFO - SyntaxError: invalid syntax
[2025-02-26T20:19:06.940+0000] {subprocess.py:93} INFO - 2025-02-26 20:19:06,926 INFO streaming.PipeMapRed: MRErrorThread done
[2025-02-26T20:19:07.933+0000] {subprocess.py:93} INFO - 2025-02-26 20:19:07,921 INFO streaming.PipeMapRed: R/W/S=1/0/0 in:1=1/1 [rec/s] out:0=0/1 [rec/s]
[2025-02-26T20:19:07.936+0000] {subprocess.py:93} INFO - 2025-02-26 20:19:07,922 INFO streaming.PipeMapRed: R/W/S=10/0/0 in:10=10/1 [rec/s] out:0=0/1 [rec/s]
[2025-02-26T20:19:07.937+0000] {subprocess.py:93} INFO - 2025-02-26 20:19:07,924 INFO streaming.PipeMapRed: R/W/S=100/0/0 in:100=100/1 [rec/s] out:0=0/1 [rec/s]
[2025-02-26T20:19:08.107+0000] {subprocess.py:93} INFO - 2025-02-26 20:19:08,090 WARN streaming.PipeMapRed: {}
[2025-02-26T20:19:08.108+0000] {subprocess.py:93} INFO - java.io.IOException: Stream closed
[2025-02-26T20:19:08.118+0000] {subprocess.py:93} INFO - 	at java.lang.ProcessBuilder$NullOutputStream.write(ProcessBuilder.java:433)
[2025-02-26T20:19:08.122+0000] {subprocess.py:93} INFO - 	at java.io.OutputStream.write(OutputStream.java:116)
[2025-02-26T20:19:08.130+0000] {subprocess.py:93} INFO - 	at java.io.BufferedOutputStream.write(BufferedOutputStream.java:122)
[2025-02-26T20:19:08.140+0000] {subprocess.py:93} INFO - 	at java.io.BufferedOutputStream.flushBuffer(BufferedOutputStream.java:82)
[2025-02-26T20:19:08.143+0000] {subprocess.py:93} INFO - 	at java.io.BufferedOutputStream.flush(BufferedOutputStream.java:140)
[2025-02-26T20:19:08.144+0000] {subprocess.py:93} INFO - 	at java.io.DataOutputStream.flush(DataOutputStream.java:123)
[2025-02-26T20:19:08.146+0000] {subprocess.py:93} INFO - 	at org.apache.hadoop.streaming.PipeMapRed.mapRedFinished(PipeMapRed.java:532)
[2025-02-26T20:19:08.148+0000] {subprocess.py:93} INFO - 	at org.apache.hadoop.streaming.PipeMapper.close(PipeMapper.java:130)
[2025-02-26T20:19:08.150+0000] {subprocess.py:93} INFO - 	at org.apache.hadoop.mapred.MapRunner.run(MapRunner.java:61)
[2025-02-26T20:19:08.152+0000] {subprocess.py:93} INFO - 	at org.apache.hadoop.streaming.PipeMapRunner.run(PipeMapRunner.java:34)
[2025-02-26T20:19:08.154+0000] {subprocess.py:93} INFO - 	at org.apache.hadoop.mapred.MapTask.runOldMapper(MapTask.java:465)
[2025-02-26T20:19:08.156+0000] {subprocess.py:93} INFO - 	at org.apache.hadoop.mapred.MapTask.run(MapTask.java:349)
[2025-02-26T20:19:08.157+0000] {subprocess.py:93} INFO - 	at org.apache.hadoop.mapred.LocalJobRunner$Job$MapTaskRunnable.run(LocalJobRunner.java:271)
[2025-02-26T20:19:08.158+0000] {subprocess.py:93} INFO - 	at java.util.concurrent.Executors$RunnableAdapter.call(Executors.java:511)
[2025-02-26T20:19:08.160+0000] {subprocess.py:93} INFO - 	at java.util.concurrent.FutureTask.run(FutureTask.java:266)
[2025-02-26T20:19:08.161+0000] {subprocess.py:93} INFO - 	at java.util.concurrent.ThreadPoolExecutor.runWorker(ThreadPoolExecutor.java:1149)
[2025-02-26T20:19:08.162+0000] {subprocess.py:93} INFO - 	at java.util.concurrent.ThreadPoolExecutor$Worker.run(ThreadPoolExecutor.java:624)
[2025-02-26T20:19:08.164+0000] {subprocess.py:93} INFO - 	at java.lang.Thread.run(Thread.java:748)
[2025-02-26T20:19:08.166+0000] {subprocess.py:93} INFO - 2025-02-26 20:19:08,105 INFO streaming.PipeMapRed: PipeMapRed failed!
[2025-02-26T20:19:08.166+0000] {subprocess.py:93} INFO - java.lang.RuntimeException: PipeMapRed.waitOutputThreads(): subprocess failed with code 1
[2025-02-26T20:19:08.168+0000] {subprocess.py:93} INFO - 	at org.apache.hadoop.streaming.PipeMapRed.waitOutputThreads(PipeMapRed.java:326)
[2025-02-26T20:19:08.169+0000] {subprocess.py:93} INFO - 	at org.apache.hadoop.streaming.PipeMapRed.mapRedFinished(PipeMapRed.java:539)
[2025-02-26T20:19:08.170+0000] {subprocess.py:93} INFO - 	at org.apache.hadoop.streaming.PipeMapper.close(PipeMapper.java:130)
[2025-02-26T20:19:08.170+0000] {subprocess.py:93} INFO - 	at org.apache.hadoop.mapred.MapRunner.run(MapRunner.java:61)
[2025-02-26T20:19:08.171+0000] {subprocess.py:93} INFO - 	at org.apache.hadoop.streaming.PipeMapRunner.run(PipeMapRunner.java:34)
[2025-02-26T20:19:08.175+0000] {subprocess.py:93} INFO - 	at org.apache.hadoop.mapred.MapTask.runOldMapper(MapTask.java:465)
[2025-02-26T20:19:08.176+0000] {subprocess.py:93} INFO - 	at org.apache.hadoop.mapred.MapTask.run(MapTask.java:349)
[2025-02-26T20:19:08.177+0000] {subprocess.py:93} INFO - 	at org.apache.hadoop.mapred.LocalJobRunner$Job$MapTaskRunnable.run(LocalJobRunner.java:271)
[2025-02-26T20:19:08.181+0000] {subprocess.py:93} INFO - 	at java.util.concurrent.Executors$RunnableAdapter.call(Executors.java:511)
[2025-02-26T20:19:08.182+0000] {subprocess.py:93} INFO - 	at java.util.concurrent.FutureTask.run(FutureTask.java:266)
[2025-02-26T20:19:08.183+0000] {subprocess.py:93} INFO - 	at java.util.concurrent.ThreadPoolExecutor.runWorker(ThreadPoolExecutor.java:1149)
[2025-02-26T20:19:08.184+0000] {subprocess.py:93} INFO - 	at java.util.concurrent.ThreadPoolExecutor$Worker.run(ThreadPoolExecutor.java:624)
[2025-02-26T20:19:08.186+0000] {subprocess.py:93} INFO - 	at java.lang.Thread.run(Thread.java:748)
[2025-02-26T20:19:08.384+0000] {subprocess.py:93} INFO - 2025-02-26 20:19:08,175 INFO mapred.LocalJobRunner: map task executor complete.
[2025-02-26T20:19:08.388+0000] {subprocess.py:93} INFO - 2025-02-26 20:19:08,228 WARN mapred.LocalJobRunner: job_local1971046963_0001
[2025-02-26T20:19:08.391+0000] {subprocess.py:93} INFO - java.lang.Exception: java.lang.RuntimeException: PipeMapRed.waitOutputThreads(): subprocess failed with code 1
[2025-02-26T20:19:08.399+0000] {subprocess.py:93} INFO - 	at org.apache.hadoop.mapred.LocalJobRunner$Job.runTasks(LocalJobRunner.java:492)
[2025-02-26T20:19:08.402+0000] {subprocess.py:93} INFO - 	at org.apache.hadoop.mapred.LocalJobRunner$Job.run(LocalJobRunner.java:552)
[2025-02-26T20:19:08.404+0000] {subprocess.py:93} INFO - Caused by: java.lang.RuntimeException: PipeMapRed.waitOutputThreads(): subprocess failed with code 1
[2025-02-26T20:19:08.409+0000] {subprocess.py:93} INFO - 	at org.apache.hadoop.streaming.PipeMapRed.waitOutputThreads(PipeMapRed.java:326)
[2025-02-26T20:19:08.411+0000] {subprocess.py:93} INFO - 	at org.apache.hadoop.streaming.PipeMapRed.mapRedFinished(PipeMapRed.java:539)
[2025-02-26T20:19:08.412+0000] {subprocess.py:93} INFO - 	at org.apache.hadoop.streaming.PipeMapper.close(PipeMapper.java:130)
[2025-02-26T20:19:08.414+0000] {subprocess.py:93} INFO - 	at org.apache.hadoop.mapred.MapRunner.run(MapRunner.java:61)
[2025-02-26T20:19:08.417+0000] {subprocess.py:93} INFO - 	at org.apache.hadoop.streaming.PipeMapRunner.run(PipeMapRunner.java:34)
[2025-02-26T20:19:08.419+0000] {subprocess.py:93} INFO - 	at org.apache.hadoop.mapred.MapTask.runOldMapper(MapTask.java:465)
[2025-02-26T20:19:08.422+0000] {subprocess.py:93} INFO - 	at org.apache.hadoop.mapred.MapTask.run(MapTask.java:349)
[2025-02-26T20:19:08.423+0000] {subprocess.py:93} INFO - 	at org.apache.hadoop.mapred.LocalJobRunner$Job$MapTaskRunnable.run(LocalJobRunner.java:271)
[2025-02-26T20:19:08.430+0000] {subprocess.py:93} INFO - 	at java.util.concurrent.Executors$RunnableAdapter.call(Executors.java:511)
[2025-02-26T20:19:08.436+0000] {subprocess.py:93} INFO - 	at java.util.concurrent.FutureTask.run(FutureTask.java:266)
[2025-02-26T20:19:08.439+0000] {subprocess.py:93} INFO - 	at java.util.concurrent.ThreadPoolExecutor.runWorker(ThreadPoolExecutor.java:1149)
[2025-02-26T20:19:08.443+0000] {subprocess.py:93} INFO - 	at java.util.concurrent.ThreadPoolExecutor$Worker.run(ThreadPoolExecutor.java:624)
[2025-02-26T20:19:08.447+0000] {subprocess.py:93} INFO - 	at java.lang.Thread.run(Thread.java:748)
[2025-02-26T20:19:08.458+0000] {subprocess.py:93} INFO - 2025-02-26 20:19:08,265 INFO mapreduce.Job: Job job_local1971046963_0001 failed with state FAILED due to: NA
[2025-02-26T20:19:08.460+0000] {subprocess.py:93} INFO - 2025-02-26 20:19:08,285 INFO mapreduce.Job: Counters: 0
[2025-02-26T20:19:08.470+0000] {subprocess.py:93} INFO - 2025-02-26 20:19:08,286 ERROR streaming.StreamJob: Job not successful!
[2025-02-26T20:19:08.475+0000] {subprocess.py:93} INFO - Streaming Command Failed!
[2025-02-26T20:19:09.302+0000] {subprocess.py:97} INFO - Command exited with return code 1
[2025-02-26T20:19:09.361+0000] {taskinstance.py:1943} ERROR - Task failed with exception
Traceback (most recent call last):
  File "/home/airflow/.local/lib/python3.8/site-packages/airflow/operators/bash.py", line 210, in execute
    raise AirflowException(
airflow.exceptions.AirflowException: Bash command failed. The command returned a non-zero exit code 1.
[2025-02-26T20:19:09.389+0000] {taskinstance.py:1400} INFO - Marking task as UP_FOR_RETRY. dag_id=yfinance_ingestion_dag, task_id=run_mapreduce, execution_date=20250105T000000, start_date=20250226T201810, end_date=20250226T201909
[2025-02-26T20:19:09.499+0000] {standard_task_runner.py:104} ERROR - Failed to execute job 98 for task run_mapreduce (Bash command failed. The command returned a non-zero exit code 1.; 646)
[2025-02-26T20:19:09.551+0000] {local_task_job_runner.py:228} INFO - Task exited with return code 1
[2025-02-26T20:19:10.179+0000] {taskinstance.py:2784} INFO - 0 downstream tasks scheduled from follow-on schedule check
[2025-02-26T20:31:10.474+0000] {taskinstance.py:1159} INFO - Dependencies all met for dep_context=non-requeueable deps ti=<TaskInstance: yfinance_ingestion_dag.run_mapreduce scheduled__2025-01-05T00:00:00+00:00 [queued]>
[2025-02-26T20:31:10.550+0000] {taskinstance.py:1159} INFO - Dependencies all met for dep_context=requeueable deps ti=<TaskInstance: yfinance_ingestion_dag.run_mapreduce scheduled__2025-01-05T00:00:00+00:00 [queued]>
[2025-02-26T20:31:10.555+0000] {taskinstance.py:1361} INFO - Starting attempt 1 of 2
[2025-02-26T20:31:10.659+0000] {taskinstance.py:1382} INFO - Executing <Task(BashOperator): run_mapreduce> on 2025-01-05 00:00:00+00:00
[2025-02-26T20:31:10.681+0000] {standard_task_runner.py:57} INFO - Started process 2047 to run task
[2025-02-26T20:31:10.700+0000] {standard_task_runner.py:84} INFO - Running: ['***', 'tasks', 'run', 'yfinance_ingestion_dag', 'run_mapreduce', 'scheduled__2025-01-05T00:00:00+00:00', '--job-id', '187', '--raw', '--subdir', 'DAGS_FOLDER/pipeline.py', '--cfg-path', '/tmp/tmp_roh30d6']
[2025-02-26T20:31:10.712+0000] {standard_task_runner.py:85} INFO - Job 187: Subtask run_mapreduce
[2025-02-26T20:31:10.953+0000] {task_command.py:415} INFO - Running <TaskInstance: yfinance_ingestion_dag.run_mapreduce scheduled__2025-01-05T00:00:00+00:00 [running]> on host c96a1011f5a3
[2025-02-26T20:31:11.593+0000] {taskinstance.py:1660} INFO - Exporting env vars: AIRFLOW_CTX_DAG_OWNER='etudiant' AIRFLOW_CTX_DAG_ID='yfinance_ingestion_dag' AIRFLOW_CTX_TASK_ID='run_mapreduce' AIRFLOW_CTX_EXECUTION_DATE='2025-01-05T00:00:00+00:00' AIRFLOW_CTX_TRY_NUMBER='1' AIRFLOW_CTX_DAG_RUN_ID='scheduled__2025-01-05T00:00:00+00:00'
[2025-02-26T20:31:11.610+0000] {subprocess.py:63} INFO - Tmp dir root location: /tmp
[2025-02-26T20:31:11.647+0000] {subprocess.py:75} INFO - Running command: ['/bin/bash', '-c', '\n        docker exec -i -u root namenode bash -c \'         cd /tmp &&         cp /mnt/hadoop_data/mapreduce/mapper.py . &&         cp /mnt/hadoop_data/mapreduce/reducer.py . &&         chmod +x mapper.py reducer.py &&         hdfs dfs -rm -r hdfs:///user/etudiant/crypto/processed/YYYY=2025/MM=01/DD=05 || true &&         hadoop jar /opt/hadoop-3.2.1/share/hadoop/tools/lib/hadoop-streaming-3.2.1.jar         -files mapper.py,reducer.py         -mapper "python mapper.py"         -reducer "python reducer.py"         -input hdfs:///user/etudiant/crypto/raw/YYYY=2025/MM=01/DD=05/yfinance_raw.json         -output hdfs:///user/etudiant/crypto/processed/YYYY=2025/MM=01/DD=05\'\n        ']
[2025-02-26T20:31:11.760+0000] {subprocess.py:86} INFO - Output:
[2025-02-26T20:31:30.071+0000] {subprocess.py:93} INFO - rm: `hdfs:///user/etudiant/crypto/processed/YYYY=2025/MM=01/DD=05': No such file or directory
[2025-02-26T20:31:50.515+0000] {subprocess.py:93} INFO - 2025-02-26 20:31:50,512 INFO impl.MetricsConfig: Loaded properties from hadoop-metrics2.properties
[2025-02-26T20:31:51.648+0000] {subprocess.py:93} INFO - 2025-02-26 20:31:51,639 INFO impl.MetricsSystemImpl: Scheduled Metric snapshot period at 10 second(s).
[2025-02-26T20:31:51.652+0000] {subprocess.py:93} INFO - 2025-02-26 20:31:51,639 INFO impl.MetricsSystemImpl: JobTracker metrics system started
[2025-02-26T20:31:52.044+0000] {subprocess.py:93} INFO - 2025-02-26 20:31:52,036 WARN impl.MetricsSystemImpl: JobTracker metrics system already initialized!
[2025-02-26T20:31:56.030+0000] {subprocess.py:93} INFO - 2025-02-26 20:31:56,025 INFO mapred.FileInputFormat: Total input files to process : 1
[2025-02-26T20:31:57.235+0000] {subprocess.py:93} INFO - 2025-02-26 20:31:57,234 INFO mapreduce.JobSubmitter: number of splits:1
[2025-02-26T20:31:59.784+0000] {subprocess.py:93} INFO - 2025-02-26 20:31:59,760 INFO mapreduce.JobSubmitter: Submitting tokens for job: job_local850330185_0001
[2025-02-26T20:31:59.785+0000] {subprocess.py:93} INFO - 2025-02-26 20:31:59,781 INFO mapreduce.JobSubmitter: Executing with tokens: []
[2025-02-26T20:32:02.511+0000] {subprocess.py:93} INFO - 2025-02-26 20:32:02,508 INFO mapred.LocalDistributedCacheManager: Localized file:/tmp/mapper.py as file:/tmp/hadoop-root/mapred/local/job_local850330185_0001_2328baa0-2c2a-4b11-b520-2711dc7e4c85/mapper.py
[2025-02-26T20:32:02.800+0000] {subprocess.py:93} INFO - 2025-02-26 20:32:02,795 INFO mapred.LocalDistributedCacheManager: Localized file:/tmp/reducer.py as file:/tmp/hadoop-root/mapred/local/job_local850330185_0001_b1330ff6-ebcf-4248-bb6d-d33c4ffe7fbc/reducer.py
[2025-02-26T20:32:13.353+0000] {subprocess.py:93} INFO - 2025-02-26 20:32:13,429 INFO mapreduce.Job: The url to track the job: http://localhost:8080/
[2025-02-26T20:32:13.354+0000] {subprocess.py:93} INFO - 2025-02-26 20:32:13,463 INFO mapreduce.Job: Running job: job_local850330185_0001
[2025-02-26T20:32:13.356+0000] {subprocess.py:93} INFO - 2025-02-26 20:32:12,884 INFO mapred.LocalJobRunner: OutputCommitter set in config null
[2025-02-26T20:32:13.357+0000] {subprocess.py:93} INFO - 2025-02-26 20:32:12,934 INFO mapred.LocalJobRunner: OutputCommitter is org.apache.hadoop.mapred.FileOutputCommitter
[2025-02-26T20:32:13.357+0000] {subprocess.py:93} INFO - 2025-02-26 20:32:13,015 INFO output.FileOutputCommitter: File Output Committer Algorithm version is 2
[2025-02-26T20:32:13.358+0000] {subprocess.py:93} INFO - 2025-02-26 20:32:13,015 INFO output.FileOutputCommitter: FileOutputCommitter skip cleanup _temporary folders under output directory:false, ignore cleanup failures: false
[2025-02-26T20:32:14.205+0000] {subprocess.py:97} INFO - Command exited with return code 137
[2025-02-26T20:32:14.394+0000] {taskinstance.py:1943} ERROR - Task failed with exception
Traceback (most recent call last):
  File "/home/airflow/.local/lib/python3.8/site-packages/airflow/operators/bash.py", line 210, in execute
    raise AirflowException(
airflow.exceptions.AirflowException: Bash command failed. The command returned a non-zero exit code 137.
[2025-02-26T20:32:14.491+0000] {taskinstance.py:1400} INFO - Marking task as UP_FOR_RETRY. dag_id=yfinance_ingestion_dag, task_id=run_mapreduce, execution_date=20250105T000000, start_date=20250226T203110, end_date=20250226T203214
[2025-02-26T20:32:15.153+0000] {standard_task_runner.py:104} ERROR - Failed to execute job 187 for task run_mapreduce (Bash command failed. The command returned a non-zero exit code 137.; 2047)
[2025-02-26T20:32:15.721+0000] {local_task_job_runner.py:228} INFO - Task exited with return code 1
[2025-02-26T20:32:16.779+0000] {taskinstance.py:2784} INFO - 0 downstream tasks scheduled from follow-on schedule check
[2025-02-26T20:40:16.997+0000] {taskinstance.py:1159} INFO - Dependencies all met for dep_context=non-requeueable deps ti=<TaskInstance: yfinance_ingestion_dag.run_mapreduce scheduled__2025-01-05T00:00:00+00:00 [queued]>
[2025-02-26T20:40:17.045+0000] {taskinstance.py:1159} INFO - Dependencies all met for dep_context=requeueable deps ti=<TaskInstance: yfinance_ingestion_dag.run_mapreduce scheduled__2025-01-05T00:00:00+00:00 [queued]>
[2025-02-26T20:40:17.047+0000] {taskinstance.py:1361} INFO - Starting attempt 1 of 2
[2025-02-26T20:40:17.113+0000] {taskinstance.py:1382} INFO - Executing <Task(BashOperator): run_mapreduce> on 2025-01-05 00:00:00+00:00
[2025-02-26T20:40:17.130+0000] {standard_task_runner.py:57} INFO - Started process 1315 to run task
[2025-02-26T20:40:17.145+0000] {standard_task_runner.py:84} INFO - Running: ['***', 'tasks', 'run', 'yfinance_ingestion_dag', 'run_mapreduce', 'scheduled__2025-01-05T00:00:00+00:00', '--job-id', '298', '--raw', '--subdir', 'DAGS_FOLDER/pipeline.py', '--cfg-path', '/tmp/tmpyd551tzx']
[2025-02-26T20:40:17.154+0000] {standard_task_runner.py:85} INFO - Job 298: Subtask run_mapreduce
[2025-02-26T20:40:17.499+0000] {task_command.py:415} INFO - Running <TaskInstance: yfinance_ingestion_dag.run_mapreduce scheduled__2025-01-05T00:00:00+00:00 [running]> on host 3c0faf52b292
[2025-02-26T20:40:17.835+0000] {taskinstance.py:1660} INFO - Exporting env vars: AIRFLOW_CTX_DAG_OWNER='etudiant' AIRFLOW_CTX_DAG_ID='yfinance_ingestion_dag' AIRFLOW_CTX_TASK_ID='run_mapreduce' AIRFLOW_CTX_EXECUTION_DATE='2025-01-05T00:00:00+00:00' AIRFLOW_CTX_TRY_NUMBER='1' AIRFLOW_CTX_DAG_RUN_ID='scheduled__2025-01-05T00:00:00+00:00'
[2025-02-26T20:40:17.846+0000] {subprocess.py:63} INFO - Tmp dir root location: /tmp
[2025-02-26T20:40:17.869+0000] {subprocess.py:75} INFO - Running command: ['/bin/bash', '-c', '\n        docker exec -i -u root namenode bash -c \'         cd /tmp &&         cp /mnt/hadoop_data/mapreduce/mapper.py . &&         cp /mnt/hadoop_data/mapreduce/reducer.py . &&         chmod +x mapper.py reducer.py &&         hdfs dfs -rm -r hdfs:///user/etudiant/crypto/processed/YYYY=2025/MM=01/DD=05 || true &&         hadoop jar /opt/hadoop-3.2.1/share/hadoop/tools/lib/hadoop-streaming-3.2.1.jar         -files mapper.py,reducer.py         -mapper "python mapper.py"         -reducer "python reducer.py"         -input hdfs:///user/etudiant/crypto/raw/YYYY=2025/MM=01/DD=05/yfinance_raw.json         -output hdfs:///user/etudiant/crypto/processed/YYYY=2025/MM=01/DD=05\'\n        ']
[2025-02-26T20:40:17.987+0000] {subprocess.py:86} INFO - Output:
[2025-02-26T20:40:35.800+0000] {subprocess.py:93} INFO - rm: Call From c068416616c3/172.18.0.4 to namenode:9000 failed on connection exception: java.net.ConnectException: Connection refused; For more details see:  http://wiki.apache.org/hadoop/ConnectionRefused
[2025-02-26T20:40:53.345+0000] {subprocess.py:93} INFO - 2025-02-26 20:40:53,339 INFO impl.MetricsConfig: Loaded properties from hadoop-metrics2.properties
[2025-02-26T20:40:53.663+0000] {subprocess.py:93} INFO - 2025-02-26 20:40:53,661 INFO impl.MetricsSystemImpl: Scheduled Metric snapshot period at 10 second(s).
[2025-02-26T20:40:53.664+0000] {subprocess.py:93} INFO - 2025-02-26 20:40:53,661 INFO impl.MetricsSystemImpl: JobTracker metrics system started
[2025-02-26T20:40:53.766+0000] {subprocess.py:93} INFO - 2025-02-26 20:40:53,764 WARN impl.MetricsSystemImpl: JobTracker metrics system already initialized!
[2025-02-26T20:40:54.626+0000] {subprocess.py:93} INFO - 2025-02-26 20:40:54,624 ERROR streaming.StreamJob: Error Launching job : Output directory hdfs://namenode:9000/user/etudiant/crypto/processed/YYYY=2025/MM=01/DD=05 already exists
[2025-02-26T20:40:54.631+0000] {subprocess.py:93} INFO - Streaming Command Failed!
[2025-02-26T20:40:55.297+0000] {subprocess.py:97} INFO - Command exited with return code 5
[2025-02-26T20:40:55.331+0000] {taskinstance.py:1943} ERROR - Task failed with exception
Traceback (most recent call last):
  File "/home/airflow/.local/lib/python3.8/site-packages/airflow/operators/bash.py", line 210, in execute
    raise AirflowException(
airflow.exceptions.AirflowException: Bash command failed. The command returned a non-zero exit code 5.
[2025-02-26T20:40:55.344+0000] {taskinstance.py:1400} INFO - Marking task as UP_FOR_RETRY. dag_id=yfinance_ingestion_dag, task_id=run_mapreduce, execution_date=20250105T000000, start_date=20250226T204017, end_date=20250226T204055
[2025-02-26T20:40:55.573+0000] {standard_task_runner.py:104} ERROR - Failed to execute job 298 for task run_mapreduce (Bash command failed. The command returned a non-zero exit code 5.; 1315)
[2025-02-26T20:40:55.623+0000] {local_task_job_runner.py:228} INFO - Task exited with return code 1
[2025-02-26T20:40:55.675+0000] {taskinstance.py:2784} INFO - 0 downstream tasks scheduled from follow-on schedule check
