[2025-02-25T10:08:11.042+0000] {taskinstance.py:1159} INFO - Dependencies all met for dep_context=non-requeueable deps ti=<TaskInstance: yfinance_python_processing_dag.fetch_data scheduled__2024-01-01T00:00:00+00:00 [queued]>
[2025-02-25T10:08:11.079+0000] {taskinstance.py:1159} INFO - Dependencies all met for dep_context=requeueable deps ti=<TaskInstance: yfinance_python_processing_dag.fetch_data scheduled__2024-01-01T00:00:00+00:00 [queued]>
[2025-02-25T10:08:11.087+0000] {taskinstance.py:1361} INFO - Starting attempt 1 of 2
[2025-02-25T10:08:11.419+0000] {taskinstance.py:1382} INFO - Executing <Task(PythonOperator): fetch_data> on 2024-01-01 00:00:00+00:00
[2025-02-25T10:08:11.470+0000] {standard_task_runner.py:57} INFO - Started process 2071 to run task
[2025-02-25T10:08:11.504+0000] {standard_task_runner.py:84} INFO - Running: ['***', 'tasks', 'run', 'yfinance_python_processing_dag', 'fetch_data', 'scheduled__2024-01-01T00:00:00+00:00', '--job-id', '146', '--raw', '--subdir', 'DAGS_FOLDER/test_hello.py', '--cfg-path', '/tmp/tmps_gcs4e2']
[2025-02-25T10:08:11.518+0000] {standard_task_runner.py:85} INFO - Job 146: Subtask fetch_data
[2025-02-25T10:08:11.781+0000] {task_command.py:415} INFO - Running <TaskInstance: yfinance_python_processing_dag.fetch_data scheduled__2024-01-01T00:00:00+00:00 [running]> on host 6dbd75e48aaa
[2025-02-25T10:08:12.222+0000] {taskinstance.py:1660} INFO - Exporting env vars: AIRFLOW_CTX_DAG_OWNER='etudiant' AIRFLOW_CTX_DAG_ID='yfinance_python_processing_dag' AIRFLOW_CTX_TASK_ID='fetch_data' AIRFLOW_CTX_EXECUTION_DATE='2024-01-01T00:00:00+00:00' AIRFLOW_CTX_TRY_NUMBER='1' AIRFLOW_CTX_DAG_RUN_ID='scheduled__2024-01-01T00:00:00+00:00'
[2025-02-25T10:08:12.230+0000] {logging_mixin.py:151} INFO - Execution date: 2024-01-01
[2025-02-25T10:08:13.903+0000] {logging_mixin.py:151} INFO - Raw data from yfinance (from 2024-01-01 00:00:00 to 2024-01-31 00:00:00):                                  Open        High  ...  Dividends  Stock Splits
Date                                               ...                         
2024-01-02 00:00:00-05:00  250.080002  251.250000  ...        0.0           0.0
2024-01-03 00:00:00-05:00  244.979996  245.679993  ...        0.0           0.0
2024-01-04 00:00:00-05:00  239.250000  242.699997  ...        0.0           0.0
2024-01-05 00:00:00-05:00  236.860001  240.119995  ...        0.0           0.0
2024-01-08 00:00:00-05:00  236.139999  241.250000  ...        0.0           0.0
2024-01-09 00:00:00-05:00  238.110001  238.960007  ...        0.0           0.0
2024-01-10 00:00:00-05:00  235.100006  235.500000  ...        0.0           0.0
2024-01-11 00:00:00-05:00  230.570007  230.929993  ...        0.0           0.0
2024-01-12 00:00:00-05:00  220.080002  225.339996  ...        0.0           0.0
2024-01-16 00:00:00-05:00  215.100006  223.490005  ...        0.0           0.0
2024-01-17 00:00:00-05:00  214.860001  215.669998  ...        0.0           0.0
2024-01-18 00:00:00-05:00  216.880005  217.449997  ...        0.0           0.0
2024-01-19 00:00:00-05:00  209.990005  213.190002  ...        0.0           0.0
2024-01-22 00:00:00-05:00  212.259995  217.800003  ...        0.0           0.0
2024-01-23 00:00:00-05:00  211.300003  215.649994  ...        0.0           0.0
2024-01-24 00:00:00-05:00  211.880005  212.729996  ...        0.0           0.0
2024-01-25 00:00:00-05:00  189.699997  193.000000  ...        0.0           0.0
2024-01-26 00:00:00-05:00  185.500000  186.779999  ...        0.0           0.0
2024-01-29 00:00:00-05:00  185.630005  191.479996  ...        0.0           0.0
2024-01-30 00:00:00-05:00  195.330002  196.360001  ...        0.0           0.0

[20 rows x 7 columns]
[2025-02-25T10:08:13.914+0000] {logging_mixin.py:151} INFO - Serialized data: {'2024-01-02 00:00:00-05:00': {'Open': 250.0800018310547, 'High': 251.25, 'Low': 244.41000366210938, 'Close': 248.4199981689453, 'Volume': 104654200, 'Dividends': 0.0, 'Stock Splits': 0.0}, '2024-01-03 00:00:00-05:00': {'Open': 244.97999572753906, 'High': 245.67999267578125, 'Low': 236.32000732421875, 'Close': 238.4499969482422, 'Volume': 121082600, 'Dividends': 0.0, 'Stock Splits': 0.0}, '2024-01-04 00:00:00-05:00': {'Open': 239.25, 'High': 242.6999969482422, 'Low': 237.72999572753906, 'Close': 237.92999267578125, 'Volume': 102629300, 'Dividends': 0.0, 'Stock Splits': 0.0}, '2024-01-05 00:00:00-05:00': {'Open': 236.86000061035156, 'High': 240.1199951171875, 'Low': 234.89999389648438, 'Close': 237.49000549316406, 'Volume': 92379400, 'Dividends': 0.0, 'Stock Splits': 0.0}, '2024-01-08 00:00:00-05:00': {'Open': 236.13999938964844, 'High': 241.25, 'Low': 235.3000030517578, 'Close': 240.4499969482422, 'Volume': 85166600, 'Dividends': 0.0, 'Stock Splits': 0.0}, '2024-01-09 00:00:00-05:00': {'Open': 238.11000061035156, 'High': 238.9600067138672, 'Low': 232.0399932861328, 'Close': 234.9600067138672, 'Volume': 96705700, 'Dividends': 0.0, 'Stock Splits': 0.0}, '2024-01-10 00:00:00-05:00': {'Open': 235.10000610351562, 'High': 235.5, 'Low': 231.2899932861328, 'Close': 233.94000244140625, 'Volume': 91628500, 'Dividends': 0.0, 'Stock Splits': 0.0}, '2024-01-11 00:00:00-05:00': {'Open': 230.57000732421875, 'High': 230.92999267578125, 'Low': 225.3699951171875, 'Close': 227.22000122070312, 'Volume': 105873600, 'Dividends': 0.0, 'Stock Splits': 0.0}, '2024-01-12 00:00:00-05:00': {'Open': 220.0800018310547, 'High': 225.33999633789062, 'Low': 217.14999389648438, 'Close': 218.88999938964844, 'Volume': 122889000, 'Dividends': 0.0, 'Stock Splits': 0.0}, '2024-01-16 00:00:00-05:00': {'Open': 215.10000610351562, 'High': 223.49000549316406, 'Low': 212.17999267578125, 'Close': 219.91000366210938, 'Volume': 115355000, 'Dividends': 0.0, 'Stock Splits': 0.0}, '2024-01-17 00:00:00-05:00': {'Open': 214.86000061035156, 'High': 215.6699981689453, 'Low': 212.00999450683594, 'Close': 215.5500030517578, 'Volume': 103164400, 'Dividends': 0.0, 'Stock Splits': 0.0}, '2024-01-18 00:00:00-05:00': {'Open': 216.8800048828125, 'High': 217.4499969482422, 'Low': 208.74000549316406, 'Close': 211.8800048828125, 'Volume': 108595400, 'Dividends': 0.0, 'Stock Splits': 0.0}, '2024-01-19 00:00:00-05:00': {'Open': 209.99000549316406, 'High': 213.19000244140625, 'Low': 207.55999755859375, 'Close': 212.19000244140625, 'Volume': 102095800, 'Dividends': 0.0, 'Stock Splits': 0.0}, '2024-01-22 00:00:00-05:00': {'Open': 212.25999450683594, 'High': 217.8000030517578, 'Low': 206.27000427246094, 'Close': 208.8000030517578, 'Volume': 117952500, 'Dividends': 0.0, 'Stock Splits': 0.0}, '2024-01-23 00:00:00-05:00': {'Open': 211.3000030517578, 'High': 215.64999389648438, 'Low': 207.75, 'Close': 209.13999938964844, 'Volume': 106605900, 'Dividends': 0.0, 'Stock Splits': 0.0}, '2024-01-24 00:00:00-05:00': {'Open': 211.8800048828125, 'High': 212.72999572753906, 'Low': 206.77000427246094, 'Close': 207.8300018310547, 'Volume': 123369900, 'Dividends': 0.0, 'Stock Splits': 0.0}, '2024-01-25 00:00:00-05:00': {'Open': 189.6999969482422, 'High': 193.0, 'Low': 180.05999755859375, 'Close': 182.6300048828125, 'Volume': 198076800, 'Dividends': 0.0, 'Stock Splits': 0.0}, '2024-01-26 00:00:00-05:00': {'Open': 185.5, 'High': 186.77999877929688, 'Low': 182.10000610351562, 'Close': 183.25, 'Volume': 107343200, 'Dividends': 0.0, 'Stock Splits': 0.0}, '2024-01-29 00:00:00-05:00': {'Open': 185.6300048828125, 'High': 191.47999572753906, 'Low': 183.6699981689453, 'Close': 190.92999267578125, 'Volume': 125013100, 'Dividends': 0.0, 'Stock Splits': 0.0}, '2024-01-30 00:00:00-05:00': {'Open': 195.3300018310547, 'High': 196.36000061035156, 'Low': 190.61000061035156, 'Close': 191.58999633789062, 'Volume': 109982300, 'Dividends': 0.0, 'Stock Splits': 0.0}}
[2025-02-25T10:08:13.967+0000] {python.py:194} INFO - Done. Returned value was: None
[2025-02-25T10:08:14.013+0000] {taskinstance.py:1400} INFO - Marking task as SUCCESS. dag_id=yfinance_python_processing_dag, task_id=fetch_data, execution_date=20240101T000000, start_date=20250225T100811, end_date=20250225T100814
[2025-02-25T10:08:14.151+0000] {local_task_job_runner.py:228} INFO - Task exited with return code 0
[2025-02-25T10:08:14.261+0000] {taskinstance.py:2784} INFO - 1 downstream tasks scheduled from follow-on schedule check
