[2025-02-26T19:12:21.033+0000] {taskinstance.py:1159} INFO - Dependencies all met for dep_context=non-requeueable deps ti=<TaskInstance: yfinance_ingestion_and_process_dag.fetch_data scheduled__2025-01-14T00:00:00+00:00 [queued]>
[2025-02-26T19:12:21.097+0000] {taskinstance.py:1159} INFO - Dependencies all met for dep_context=requeueable deps ti=<TaskInstance: yfinance_ingestion_and_process_dag.fetch_data scheduled__2025-01-14T00:00:00+00:00 [queued]>
[2025-02-26T19:12:21.127+0000] {taskinstance.py:1361} INFO - Starting attempt 1 of 2
[2025-02-26T19:12:21.360+0000] {taskinstance.py:1382} INFO - Executing <Task(PythonOperator): fetch_data> on 2025-01-14 00:00:00+00:00
[2025-02-26T19:12:21.399+0000] {standard_task_runner.py:57} INFO - Started process 451 to run task
[2025-02-26T19:12:21.423+0000] {standard_task_runner.py:84} INFO - Running: ['***', 'tasks', 'run', 'yfinance_ingestion_and_process_dag', 'fetch_data', 'scheduled__2025-01-14T00:00:00+00:00', '--job-id', '264', '--raw', '--subdir', 'DAGS_FOLDER/pipeline.py', '--cfg-path', '/tmp/tmp4w9vyb4l']
[2025-02-26T19:12:21.443+0000] {standard_task_runner.py:85} INFO - Job 264: Subtask fetch_data
[2025-02-26T19:12:22.022+0000] {task_command.py:415} INFO - Running <TaskInstance: yfinance_ingestion_and_process_dag.fetch_data scheduled__2025-01-14T00:00:00+00:00 [running]> on host 405afb11abaf
[2025-02-26T19:12:22.565+0000] {taskinstance.py:1660} INFO - Exporting env vars: AIRFLOW_CTX_DAG_OWNER='etudiant' AIRFLOW_CTX_DAG_ID='yfinance_ingestion_and_process_dag' AIRFLOW_CTX_TASK_ID='fetch_data' AIRFLOW_CTX_EXECUTION_DATE='2025-01-14T00:00:00+00:00' AIRFLOW_CTX_TRY_NUMBER='1' AIRFLOW_CTX_DAG_RUN_ID='scheduled__2025-01-14T00:00:00+00:00'
[2025-02-26T19:12:24.791+0000] {python.py:194} INFO - Done. Returned value was: None
[2025-02-26T19:12:24.848+0000] {taskinstance.py:1400} INFO - Marking task as SUCCESS. dag_id=yfinance_ingestion_and_process_dag, task_id=fetch_data, execution_date=20250114T000000, start_date=20250226T191221, end_date=20250226T191224
[2025-02-26T19:12:25.055+0000] {local_task_job_runner.py:228} INFO - Task exited with return code 0
[2025-02-26T19:12:25.234+0000] {taskinstance.py:2784} INFO - 1 downstream tasks scheduled from follow-on schedule check
[2025-02-26T20:04:47.434+0000] {taskinstance.py:1159} INFO - Dependencies all met for dep_context=non-requeueable deps ti=<TaskInstance: yfinance_ingestion_and_process_dag.fetch_data scheduled__2025-01-14T00:00:00+00:00 [queued]>
[2025-02-26T20:04:47.475+0000] {taskinstance.py:1159} INFO - Dependencies all met for dep_context=requeueable deps ti=<TaskInstance: yfinance_ingestion_and_process_dag.fetch_data scheduled__2025-01-14T00:00:00+00:00 [queued]>
[2025-02-26T20:04:47.491+0000] {taskinstance.py:1361} INFO - Starting attempt 1 of 2
[2025-02-26T20:04:47.559+0000] {taskinstance.py:1382} INFO - Executing <Task(PythonOperator): fetch_data> on 2025-01-14 00:00:00+00:00
[2025-02-26T20:04:47.581+0000] {standard_task_runner.py:57} INFO - Started process 247 to run task
[2025-02-26T20:04:47.603+0000] {standard_task_runner.py:84} INFO - Running: ['***', 'tasks', 'run', 'yfinance_ingestion_and_process_dag', 'fetch_data', 'scheduled__2025-01-14T00:00:00+00:00', '--job-id', '17', '--raw', '--subdir', 'DAGS_FOLDER/pipeline.py', '--cfg-path', '/tmp/tmpa93k3o2b']
[2025-02-26T20:04:47.618+0000] {standard_task_runner.py:85} INFO - Job 17: Subtask fetch_data
[2025-02-26T20:04:47.790+0000] {task_command.py:415} INFO - Running <TaskInstance: yfinance_ingestion_and_process_dag.fetch_data scheduled__2025-01-14T00:00:00+00:00 [running]> on host e304e68c626e
[2025-02-26T20:04:48.114+0000] {taskinstance.py:1660} INFO - Exporting env vars: AIRFLOW_CTX_DAG_OWNER='etudiant' AIRFLOW_CTX_DAG_ID='yfinance_ingestion_and_process_dag' AIRFLOW_CTX_TASK_ID='fetch_data' AIRFLOW_CTX_EXECUTION_DATE='2025-01-14T00:00:00+00:00' AIRFLOW_CTX_TRY_NUMBER='1' AIRFLOW_CTX_DAG_RUN_ID='scheduled__2025-01-14T00:00:00+00:00'
[2025-02-26T20:04:49.595+0000] {python.py:194} INFO - Done. Returned value was: None
[2025-02-26T20:04:49.876+0000] {taskinstance.py:1400} INFO - Marking task as SUCCESS. dag_id=yfinance_ingestion_and_process_dag, task_id=fetch_data, execution_date=20250114T000000, start_date=20250226T200447, end_date=20250226T200449
[2025-02-26T20:04:50.462+0000] {local_task_job_runner.py:228} INFO - Task exited with return code 0
[2025-02-26T20:04:50.713+0000] {taskinstance.py:2784} INFO - 1 downstream tasks scheduled from follow-on schedule check
