[2025-02-26T19:12:14.627+0000] {taskinstance.py:1159} INFO - Dependencies all met for dep_context=non-requeueable deps ti=<TaskInstance: yfinance_ingestion_and_process_dag.fetch_data scheduled__2025-01-03T00:00:00+00:00 [queued]>
[2025-02-26T19:12:12.044+0000] {taskinstance.py:1159} INFO - Dependencies all met for dep_context=requeueable deps ti=<TaskInstance: yfinance_ingestion_and_process_dag.fetch_data scheduled__2025-01-03T00:00:00+00:00 [queued]>
[2025-02-26T19:12:12.077+0000] {taskinstance.py:1361} INFO - Starting attempt 1 of 2
[2025-02-26T19:12:13.357+0000] {taskinstance.py:1382} INFO - Executing <Task(PythonOperator): fetch_data> on 2025-01-03 00:00:00+00:00
[2025-02-26T19:12:13.494+0000] {standard_task_runner.py:57} INFO - Started process 438 to run task
[2025-02-26T19:12:13.473+0000] {standard_task_runner.py:84} INFO - Running: ['***', 'tasks', 'run', 'yfinance_ingestion_and_process_dag', 'fetch_data', 'scheduled__2025-01-03T00:00:00+00:00', '--job-id', '255', '--raw', '--subdir', 'DAGS_FOLDER/pipeline.py', '--cfg-path', '/tmp/tmpb51w3895']
[2025-02-26T19:12:13.599+0000] {standard_task_runner.py:85} INFO - Job 255: Subtask fetch_data
[2025-02-26T19:12:14.370+0000] {task_command.py:415} INFO - Running <TaskInstance: yfinance_ingestion_and_process_dag.fetch_data scheduled__2025-01-03T00:00:00+00:00 [running]> on host 405afb11abaf
[2025-02-26T19:12:15.846+0000] {taskinstance.py:1660} INFO - Exporting env vars: AIRFLOW_CTX_DAG_OWNER='etudiant' AIRFLOW_CTX_DAG_ID='yfinance_ingestion_and_process_dag' AIRFLOW_CTX_TASK_ID='fetch_data' AIRFLOW_CTX_EXECUTION_DATE='2025-01-03T00:00:00+00:00' AIRFLOW_CTX_TRY_NUMBER='1' AIRFLOW_CTX_DAG_RUN_ID='scheduled__2025-01-03T00:00:00+00:00'
[2025-02-26T19:12:19.405+0000] {python.py:194} INFO - Done. Returned value was: None
[2025-02-26T19:12:19.632+0000] {taskinstance.py:1400} INFO - Marking task as SUCCESS. dag_id=yfinance_ingestion_and_process_dag, task_id=fetch_data, execution_date=20250103T000000, start_date=20250226T191214, end_date=20250226T191219
[2025-02-26T19:12:19.886+0000] {local_task_job_runner.py:228} INFO - Task exited with return code 0
[2025-02-26T19:12:20.118+0000] {taskinstance.py:2784} INFO - 1 downstream tasks scheduled from follow-on schedule check
[2025-02-26T20:04:44.809+0000] {taskinstance.py:1159} INFO - Dependencies all met for dep_context=non-requeueable deps ti=<TaskInstance: yfinance_ingestion_and_process_dag.fetch_data scheduled__2025-01-03T00:00:00+00:00 [queued]>
[2025-02-26T20:04:44.933+0000] {taskinstance.py:1159} INFO - Dependencies all met for dep_context=requeueable deps ti=<TaskInstance: yfinance_ingestion_and_process_dag.fetch_data scheduled__2025-01-03T00:00:00+00:00 [queued]>
[2025-02-26T20:04:44.934+0000] {taskinstance.py:1361} INFO - Starting attempt 1 of 2
[2025-02-26T20:04:45.147+0000] {taskinstance.py:1382} INFO - Executing <Task(PythonOperator): fetch_data> on 2025-01-03 00:00:00+00:00
[2025-02-26T20:04:45.197+0000] {standard_task_runner.py:57} INFO - Started process 233 to run task
[2025-02-26T20:04:45.295+0000] {standard_task_runner.py:84} INFO - Running: ['***', 'tasks', 'run', 'yfinance_ingestion_and_process_dag', 'fetch_data', 'scheduled__2025-01-03T00:00:00+00:00', '--job-id', '9', '--raw', '--subdir', 'DAGS_FOLDER/pipeline.py', '--cfg-path', '/tmp/tmp2eeo_aaq']
[2025-02-26T20:04:45.336+0000] {standard_task_runner.py:85} INFO - Job 9: Subtask fetch_data
[2025-02-26T20:04:46.197+0000] {task_command.py:415} INFO - Running <TaskInstance: yfinance_ingestion_and_process_dag.fetch_data scheduled__2025-01-03T00:00:00+00:00 [running]> on host e304e68c626e
[2025-02-26T20:04:46.986+0000] {taskinstance.py:1660} INFO - Exporting env vars: AIRFLOW_CTX_DAG_OWNER='etudiant' AIRFLOW_CTX_DAG_ID='yfinance_ingestion_and_process_dag' AIRFLOW_CTX_TASK_ID='fetch_data' AIRFLOW_CTX_EXECUTION_DATE='2025-01-03T00:00:00+00:00' AIRFLOW_CTX_TRY_NUMBER='1' AIRFLOW_CTX_DAG_RUN_ID='scheduled__2025-01-03T00:00:00+00:00'
[2025-02-26T20:04:49.296+0000] {python.py:194} INFO - Done. Returned value was: None
[2025-02-26T20:04:49.350+0000] {taskinstance.py:1400} INFO - Marking task as SUCCESS. dag_id=yfinance_ingestion_and_process_dag, task_id=fetch_data, execution_date=20250103T000000, start_date=20250226T200444, end_date=20250226T200449
[2025-02-26T20:04:49.508+0000] {local_task_job_runner.py:228} INFO - Task exited with return code 0
[2025-02-26T20:04:49.748+0000] {taskinstance.py:2784} INFO - 1 downstream tasks scheduled from follow-on schedule check
