[2025-02-25T09:50:06.037+0000] {taskinstance.py:1159} INFO - Dependencies all met for dep_context=non-requeueable deps ti=<TaskInstance: yfinance_ingestion_dag.store_raw_data_in_hdfs scheduled__2025-01-31T00:00:00+00:00 [queued]>
[2025-02-25T09:50:06.084+0000] {taskinstance.py:1159} INFO - Dependencies all met for dep_context=requeueable deps ti=<TaskInstance: yfinance_ingestion_dag.store_raw_data_in_hdfs scheduled__2025-01-31T00:00:00+00:00 [queued]>
[2025-02-25T09:50:06.086+0000] {taskinstance.py:1361} INFO - Starting attempt 1 of 2
[2025-02-25T09:50:06.159+0000] {taskinstance.py:1382} INFO - Executing <Task(PythonOperator): store_raw_data_in_hdfs> on 2025-01-31 00:00:00+00:00
[2025-02-25T09:50:06.179+0000] {standard_task_runner.py:57} INFO - Started process 885 to run task
[2025-02-25T09:50:06.187+0000] {standard_task_runner.py:84} INFO - Running: ['***', 'tasks', 'run', 'yfinance_ingestion_dag', 'store_raw_data_in_hdfs', 'scheduled__2025-01-31T00:00:00+00:00', '--job-id', '93', '--raw', '--subdir', 'DAGS_FOLDER/test_hello.py', '--cfg-path', '/tmp/tmp7ebuqxny']
[2025-02-25T09:50:06.205+0000] {standard_task_runner.py:85} INFO - Job 93: Subtask store_raw_data_in_hdfs
[2025-02-25T09:50:06.489+0000] {task_command.py:415} INFO - Running <TaskInstance: yfinance_ingestion_dag.store_raw_data_in_hdfs scheduled__2025-01-31T00:00:00+00:00 [running]> on host 6dbd75e48aaa
[2025-02-25T09:50:06.808+0000] {taskinstance.py:1660} INFO - Exporting env vars: AIRFLOW_CTX_DAG_OWNER='etudiant' AIRFLOW_CTX_DAG_ID='yfinance_ingestion_dag' AIRFLOW_CTX_TASK_ID='store_raw_data_in_hdfs' AIRFLOW_CTX_EXECUTION_DATE='2025-01-31T00:00:00+00:00' AIRFLOW_CTX_TRY_NUMBER='1' AIRFLOW_CTX_DAG_RUN_ID='scheduled__2025-01-31T00:00:00+00:00'
[2025-02-25T09:50:41.263+0000] {python.py:194} INFO - Done. Returned value was: None
[2025-02-25T09:50:41.280+0000] {taskinstance.py:1400} INFO - Marking task as SUCCESS. dag_id=yfinance_ingestion_dag, task_id=store_raw_data_in_hdfs, execution_date=20250131T000000, start_date=20250225T095006, end_date=20250225T095041
[2025-02-25T09:50:41.364+0000] {local_task_job_runner.py:228} INFO - Task exited with return code 0
[2025-02-25T09:50:41.395+0000] {taskinstance.py:2784} INFO - 0 downstream tasks scheduled from follow-on schedule check
[2025-02-26T20:39:16.210+0000] {taskinstance.py:1159} INFO - Dependencies all met for dep_context=non-requeueable deps ti=<TaskInstance: yfinance_ingestion_dag.store_raw_data_in_hdfs scheduled__2025-01-31T00:00:00+00:00 [queued]>
[2025-02-26T20:39:16.242+0000] {taskinstance.py:1159} INFO - Dependencies all met for dep_context=requeueable deps ti=<TaskInstance: yfinance_ingestion_dag.store_raw_data_in_hdfs scheduled__2025-01-31T00:00:00+00:00 [queued]>
[2025-02-26T20:39:16.248+0000] {taskinstance.py:1361} INFO - Starting attempt 1 of 2
[2025-02-26T20:39:16.290+0000] {taskinstance.py:1382} INFO - Executing <Task(PythonOperator): store_raw_data_in_hdfs> on 2025-01-31 00:00:00+00:00
[2025-02-26T20:39:16.308+0000] {standard_task_runner.py:57} INFO - Started process 765 to run task
[2025-02-26T20:39:16.333+0000] {standard_task_runner.py:84} INFO - Running: ['***', 'tasks', 'run', 'yfinance_ingestion_dag', 'store_raw_data_in_hdfs', 'scheduled__2025-01-31T00:00:00+00:00', '--job-id', '245', '--raw', '--subdir', 'DAGS_FOLDER/pipeline.py', '--cfg-path', '/tmp/tmpvz03x0s5']
[2025-02-26T20:39:16.339+0000] {standard_task_runner.py:85} INFO - Job 245: Subtask store_raw_data_in_hdfs
[2025-02-26T20:39:16.676+0000] {task_command.py:415} INFO - Running <TaskInstance: yfinance_ingestion_dag.store_raw_data_in_hdfs scheduled__2025-01-31T00:00:00+00:00 [running]> on host 3c0faf52b292
[2025-02-26T20:39:17.060+0000] {taskinstance.py:1660} INFO - Exporting env vars: AIRFLOW_CTX_DAG_OWNER='etudiant' AIRFLOW_CTX_DAG_ID='yfinance_ingestion_dag' AIRFLOW_CTX_TASK_ID='store_raw_data_in_hdfs' AIRFLOW_CTX_EXECUTION_DATE='2025-01-31T00:00:00+00:00' AIRFLOW_CTX_TRY_NUMBER='1' AIRFLOW_CTX_DAG_RUN_ID='scheduled__2025-01-31T00:00:00+00:00'
[2025-02-26T20:39:17.657+0000] {python.py:194} INFO - Done. Returned value was: None
[2025-02-26T20:39:17.731+0000] {taskinstance.py:1400} INFO - Marking task as SUCCESS. dag_id=yfinance_ingestion_dag, task_id=store_raw_data_in_hdfs, execution_date=20250131T000000, start_date=20250226T203916, end_date=20250226T203917
[2025-02-26T20:39:18.000+0000] {local_task_job_runner.py:228} INFO - Task exited with return code 0
[2025-02-26T20:39:18.073+0000] {taskinstance.py:2784} INFO - 1 downstream tasks scheduled from follow-on schedule check
[2025-02-26T20:43:56.429+0000] {taskinstance.py:1159} INFO - Dependencies all met for dep_context=non-requeueable deps ti=<TaskInstance: yfinance_ingestion_dag.store_raw_data_in_hdfs scheduled__2025-01-31T00:00:00+00:00 [queued]>
[2025-02-26T20:43:56.444+0000] {taskinstance.py:1159} INFO - Dependencies all met for dep_context=requeueable deps ti=<TaskInstance: yfinance_ingestion_dag.store_raw_data_in_hdfs scheduled__2025-01-31T00:00:00+00:00 [queued]>
[2025-02-26T20:43:56.445+0000] {taskinstance.py:1361} INFO - Starting attempt 1 of 2
[2025-02-26T20:43:56.465+0000] {taskinstance.py:1382} INFO - Executing <Task(PythonOperator): store_raw_data_in_hdfs> on 2025-01-31 00:00:00+00:00
[2025-02-26T20:43:56.481+0000] {standard_task_runner.py:57} INFO - Started process 2194 to run task
[2025-02-26T20:43:56.486+0000] {standard_task_runner.py:84} INFO - Running: ['***', 'tasks', 'run', 'yfinance_ingestion_dag', 'store_raw_data_in_hdfs', 'scheduled__2025-01-31T00:00:00+00:00', '--job-id', '355', '--raw', '--subdir', 'DAGS_FOLDER/pipeline.py', '--cfg-path', '/tmp/tmpmm25j9vd']
[2025-02-26T20:43:56.490+0000] {standard_task_runner.py:85} INFO - Job 355: Subtask store_raw_data_in_hdfs
[2025-02-26T20:43:56.597+0000] {task_command.py:415} INFO - Running <TaskInstance: yfinance_ingestion_dag.store_raw_data_in_hdfs scheduled__2025-01-31T00:00:00+00:00 [running]> on host 3c0faf52b292
[2025-02-26T20:43:56.773+0000] {taskinstance.py:1660} INFO - Exporting env vars: AIRFLOW_CTX_DAG_OWNER='etudiant' AIRFLOW_CTX_DAG_ID='yfinance_ingestion_dag' AIRFLOW_CTX_TASK_ID='store_raw_data_in_hdfs' AIRFLOW_CTX_EXECUTION_DATE='2025-01-31T00:00:00+00:00' AIRFLOW_CTX_TRY_NUMBER='1' AIRFLOW_CTX_DAG_RUN_ID='scheduled__2025-01-31T00:00:00+00:00'
[2025-02-26T20:44:02.714+0000] {python.py:194} INFO - Done. Returned value was: None
[2025-02-26T20:44:02.737+0000] {taskinstance.py:1400} INFO - Marking task as SUCCESS. dag_id=yfinance_ingestion_dag, task_id=store_raw_data_in_hdfs, execution_date=20250131T000000, start_date=20250226T204356, end_date=20250226T204402
[2025-02-26T20:44:02.959+0000] {local_task_job_runner.py:228} INFO - Task exited with return code 0
[2025-02-26T20:44:02.986+0000] {taskinstance.py:2784} INFO - 1 downstream tasks scheduled from follow-on schedule check
[2025-02-27T14:56:00.374+0000] {taskinstance.py:1157} INFO - Dependencies all met for dep_context=non-requeueable deps ti=<TaskInstance: yfinance_ingestion_dag.store_raw_data_in_hdfs scheduled__2025-01-31T00:00:00+00:00 [queued]>
[2025-02-27T14:56:00.451+0000] {taskinstance.py:1157} INFO - Dependencies all met for dep_context=requeueable deps ti=<TaskInstance: yfinance_ingestion_dag.store_raw_data_in_hdfs scheduled__2025-01-31T00:00:00+00:00 [queued]>
[2025-02-27T14:56:00.462+0000] {taskinstance.py:1359} INFO - Starting attempt 1 of 1
[2025-02-27T14:56:00.570+0000] {taskinstance.py:1380} INFO - Executing <Task(PythonOperator): store_raw_data_in_hdfs> on 2025-01-31 00:00:00+00:00
[2025-02-27T14:56:00.599+0000] {standard_task_runner.py:57} INFO - Started process 440 to run task
[2025-02-27T14:56:00.630+0000] {standard_task_runner.py:84} INFO - Running: ['***', 'tasks', 'run', 'yfinance_ingestion_dag', 'store_raw_data_in_hdfs', 'scheduled__2025-01-31T00:00:00+00:00', '--job-id', '81', '--raw', '--subdir', 'DAGS_FOLDER/pipeline.py', '--cfg-path', '/tmp/tmp_uzznrki']
[2025-02-27T14:56:00.664+0000] {standard_task_runner.py:85} INFO - Job 81: Subtask store_raw_data_in_hdfs
[2025-02-27T14:56:00.931+0000] {task_command.py:415} INFO - Running <TaskInstance: yfinance_ingestion_dag.store_raw_data_in_hdfs scheduled__2025-01-31T00:00:00+00:00 [running]> on host a71f042480b6
[2025-02-27T14:56:01.482+0000] {taskinstance.py:1660} INFO - Exporting env vars: AIRFLOW_CTX_DAG_OWNER='etudiant' AIRFLOW_CTX_DAG_ID='yfinance_ingestion_dag' AIRFLOW_CTX_TASK_ID='store_raw_data_in_hdfs' AIRFLOW_CTX_EXECUTION_DATE='2025-01-31T00:00:00+00:00' AIRFLOW_CTX_TRY_NUMBER='1' AIRFLOW_CTX_DAG_RUN_ID='scheduled__2025-01-31T00:00:00+00:00'
[2025-02-27T14:56:01.542+0000] {taskinstance.py:1935} ERROR - Task failed with exception
Traceback (most recent call last):
  File "/home/airflow/.local/lib/python3.8/site-packages/airflow/operators/python.py", line 192, in execute
    return_value = self.execute_callable()
  File "/home/airflow/.local/lib/python3.8/site-packages/airflow/operators/python.py", line 209, in execute_callable
    return self.python_callable(*self.op_args, **self.op_kwargs)
  File "/opt/airflow/dags/pipeline.py", line 82, in store_raw_data_in_hdfs
    with open(local_file, 'w') as f:
PermissionError: [Errno 13] Permission denied: '/mnt/hadoop_data/yfinance_raw.json'
[2025-02-27T14:56:01.578+0000] {taskinstance.py:1398} INFO - Marking task as FAILED. dag_id=yfinance_ingestion_dag, task_id=store_raw_data_in_hdfs, execution_date=20250131T000000, start_date=20250227T145600, end_date=20250227T145601
[2025-02-27T14:56:01.638+0000] {standard_task_runner.py:104} ERROR - Failed to execute job 81 for task store_raw_data_in_hdfs ([Errno 13] Permission denied: '/mnt/hadoop_data/yfinance_raw.json'; 440)
[2025-02-27T14:56:01.661+0000] {local_task_job_runner.py:228} INFO - Task exited with return code 1
[2025-02-27T14:56:01.734+0000] {taskinstance.py:2776} INFO - 0 downstream tasks scheduled from follow-on schedule check
