[2025-02-26T20:39:21.723+0000] {taskinstance.py:1159} INFO - Dependencies all met for dep_context=non-requeueable deps ti=<TaskInstance: yfinance_ingestion_dag.run_mapreduce scheduled__2025-01-17T00:00:00+00:00 [queued]>
[2025-02-26T20:39:21.796+0000] {taskinstance.py:1159} INFO - Dependencies all met for dep_context=requeueable deps ti=<TaskInstance: yfinance_ingestion_dag.run_mapreduce scheduled__2025-01-17T00:00:00+00:00 [queued]>
[2025-02-26T20:39:21.797+0000] {taskinstance.py:1361} INFO - Starting attempt 1 of 2
[2025-02-26T20:39:21.929+0000] {taskinstance.py:1382} INFO - Executing <Task(BashOperator): run_mapreduce> on 2025-01-17 00:00:00+00:00
[2025-02-26T20:39:21.955+0000] {standard_task_runner.py:57} INFO - Started process 849 to run task
[2025-02-26T20:39:21.972+0000] {standard_task_runner.py:84} INFO - Running: ['***', 'tasks', 'run', 'yfinance_ingestion_dag', 'run_mapreduce', 'scheduled__2025-01-17T00:00:00+00:00', '--job-id', '250', '--raw', '--subdir', 'DAGS_FOLDER/pipeline.py', '--cfg-path', '/tmp/tmpw9ds_g1o']
[2025-02-26T20:39:22.005+0000] {standard_task_runner.py:85} INFO - Job 250: Subtask run_mapreduce
[2025-02-26T20:39:22.563+0000] {task_command.py:415} INFO - Running <TaskInstance: yfinance_ingestion_dag.run_mapreduce scheduled__2025-01-17T00:00:00+00:00 [running]> on host 3c0faf52b292
[2025-02-26T20:39:22.964+0000] {taskinstance.py:1660} INFO - Exporting env vars: AIRFLOW_CTX_DAG_OWNER='etudiant' AIRFLOW_CTX_DAG_ID='yfinance_ingestion_dag' AIRFLOW_CTX_TASK_ID='run_mapreduce' AIRFLOW_CTX_EXECUTION_DATE='2025-01-17T00:00:00+00:00' AIRFLOW_CTX_TRY_NUMBER='1' AIRFLOW_CTX_DAG_RUN_ID='scheduled__2025-01-17T00:00:00+00:00'
[2025-02-26T20:39:22.977+0000] {subprocess.py:63} INFO - Tmp dir root location: /tmp
[2025-02-26T20:39:23.011+0000] {subprocess.py:75} INFO - Running command: ['/bin/bash', '-c', '\n        docker exec -i -u root namenode bash -c \'         cd /tmp &&         cp /mnt/hadoop_data/mapreduce/mapper.py . &&         cp /mnt/hadoop_data/mapreduce/reducer.py . &&         chmod +x mapper.py reducer.py &&         hdfs dfs -rm -r hdfs:///user/etudiant/crypto/processed/YYYY=2025/MM=01/DD=17 || true &&         hadoop jar /opt/hadoop-3.2.1/share/hadoop/tools/lib/hadoop-streaming-3.2.1.jar         -files mapper.py,reducer.py         -mapper "python mapper.py"         -reducer "python reducer.py"         -input hdfs:///user/etudiant/crypto/raw/YYYY=2025/MM=01/DD=17/yfinance_raw.json         -output hdfs:///user/etudiant/crypto/processed/YYYY=2025/MM=01/DD=17\'\n        ']
[2025-02-26T20:39:23.128+0000] {subprocess.py:86} INFO - Output:
[2025-02-26T20:39:23.322+0000] {subprocess.py:93} INFO - Error response from daemon: container c068416616c3addcfecdcedaa4e27c1031cda688b8569312fe1d8d0a7228e11e is not running
[2025-02-26T20:39:23.332+0000] {subprocess.py:97} INFO - Command exited with return code 1
[2025-02-26T20:39:23.364+0000] {taskinstance.py:1943} ERROR - Task failed with exception
Traceback (most recent call last):
  File "/home/airflow/.local/lib/python3.8/site-packages/airflow/operators/bash.py", line 210, in execute
    raise AirflowException(
airflow.exceptions.AirflowException: Bash command failed. The command returned a non-zero exit code 1.
[2025-02-26T20:39:23.414+0000] {taskinstance.py:1400} INFO - Marking task as UP_FOR_RETRY. dag_id=yfinance_ingestion_dag, task_id=run_mapreduce, execution_date=20250117T000000, start_date=20250226T203921, end_date=20250226T203923
[2025-02-26T20:39:23.488+0000] {standard_task_runner.py:104} ERROR - Failed to execute job 250 for task run_mapreduce (Bash command failed. The command returned a non-zero exit code 1.; 849)
[2025-02-26T20:39:23.562+0000] {local_task_job_runner.py:228} INFO - Task exited with return code 1
[2025-02-26T20:39:23.626+0000] {taskinstance.py:2784} INFO - 0 downstream tasks scheduled from follow-on schedule check
[2025-02-26T20:41:49.195+0000] {taskinstance.py:1159} INFO - Dependencies all met for dep_context=non-requeueable deps ti=<TaskInstance: yfinance_ingestion_dag.run_mapreduce scheduled__2025-01-17T00:00:00+00:00 [queued]>
[2025-02-26T20:41:49.211+0000] {taskinstance.py:1159} INFO - Dependencies all met for dep_context=requeueable deps ti=<TaskInstance: yfinance_ingestion_dag.run_mapreduce scheduled__2025-01-17T00:00:00+00:00 [queued]>
[2025-02-26T20:41:49.212+0000] {taskinstance.py:1361} INFO - Starting attempt 1 of 2
[2025-02-26T20:41:49.236+0000] {taskinstance.py:1382} INFO - Executing <Task(BashOperator): run_mapreduce> on 2025-01-17 00:00:00+00:00
[2025-02-26T20:41:49.246+0000] {standard_task_runner.py:57} INFO - Started process 1655 to run task
[2025-02-26T20:41:49.251+0000] {standard_task_runner.py:84} INFO - Running: ['***', 'tasks', 'run', 'yfinance_ingestion_dag', 'run_mapreduce', 'scheduled__2025-01-17T00:00:00+00:00', '--job-id', '313', '--raw', '--subdir', 'DAGS_FOLDER/pipeline.py', '--cfg-path', '/tmp/tmpuedi3ql5']
[2025-02-26T20:41:49.255+0000] {standard_task_runner.py:85} INFO - Job 313: Subtask run_mapreduce
[2025-02-26T20:41:49.335+0000] {task_command.py:415} INFO - Running <TaskInstance: yfinance_ingestion_dag.run_mapreduce scheduled__2025-01-17T00:00:00+00:00 [running]> on host 3c0faf52b292
[2025-02-26T20:41:49.477+0000] {taskinstance.py:1660} INFO - Exporting env vars: AIRFLOW_CTX_DAG_OWNER='etudiant' AIRFLOW_CTX_DAG_ID='yfinance_ingestion_dag' AIRFLOW_CTX_TASK_ID='run_mapreduce' AIRFLOW_CTX_EXECUTION_DATE='2025-01-17T00:00:00+00:00' AIRFLOW_CTX_TRY_NUMBER='1' AIRFLOW_CTX_DAG_RUN_ID='scheduled__2025-01-17T00:00:00+00:00'
[2025-02-26T20:41:49.480+0000] {subprocess.py:63} INFO - Tmp dir root location: /tmp
[2025-02-26T20:41:49.482+0000] {subprocess.py:75} INFO - Running command: ['/bin/bash', '-c', '\n        docker exec -i -u root namenode bash -c \'         cd /tmp &&         cp /mnt/hadoop_data/mapreduce/mapper.py . &&         cp /mnt/hadoop_data/mapreduce/reducer.py . &&         chmod +x mapper.py reducer.py &&         hdfs dfs -rm -r hdfs:///user/etudiant/crypto/processed/YYYY=2025/MM=01/DD=17 || true &&         hadoop jar /opt/hadoop-3.2.1/share/hadoop/tools/lib/hadoop-streaming-3.2.1.jar         -files mapper.py,reducer.py         -mapper "python mapper.py"         -reducer "python reducer.py"         -input hdfs:///user/etudiant/crypto/raw/YYYY=2025/MM=01/DD=17/yfinance_raw.json         -output hdfs:///user/etudiant/crypto/processed/YYYY=2025/MM=01/DD=17\'\n        ']
[2025-02-26T20:41:49.502+0000] {subprocess.py:86} INFO - Output:
[2025-02-26T20:41:51.654+0000] {subprocess.py:93} INFO - rm: `hdfs:///user/etudiant/crypto/processed/YYYY=2025/MM=01/DD=17': No such file or directory
[2025-02-26T20:41:54.836+0000] {subprocess.py:93} INFO - 2025-02-26 20:41:54,832 INFO impl.MetricsConfig: Loaded properties from hadoop-metrics2.properties
[2025-02-26T20:41:54.973+0000] {subprocess.py:93} INFO - 2025-02-26 20:41:54,971 INFO impl.MetricsSystemImpl: Scheduled Metric snapshot period at 10 second(s).
[2025-02-26T20:41:54.974+0000] {subprocess.py:93} INFO - 2025-02-26 20:41:54,971 INFO impl.MetricsSystemImpl: JobTracker metrics system started
[2025-02-26T20:41:54.997+0000] {subprocess.py:93} INFO - 2025-02-26 20:41:54,994 WARN impl.MetricsSystemImpl: JobTracker metrics system already initialized!
[2025-02-26T20:41:55.676+0000] {subprocess.py:93} INFO - 2025-02-26 20:41:55,673 INFO mapreduce.JobSubmitter: Cleaning up the staging area file:/tmp/hadoop/mapred/staging/root237106234/.staging/job_local237106234_0001
[2025-02-26T20:41:55.677+0000] {subprocess.py:93} INFO - 2025-02-26 20:41:55,674 ERROR streaming.StreamJob: Error Launching job : Input path does not exist: hdfs:/user/etudiant/crypto/raw/YYYY=2025/MM=01/DD=17/yfinance_raw.json
[2025-02-26T20:41:55.683+0000] {subprocess.py:93} INFO - Streaming Command Failed!
[2025-02-26T20:41:56.165+0000] {subprocess.py:97} INFO - Command exited with return code 5
[2025-02-26T20:41:56.199+0000] {taskinstance.py:1943} ERROR - Task failed with exception
Traceback (most recent call last):
  File "/home/airflow/.local/lib/python3.8/site-packages/airflow/operators/bash.py", line 210, in execute
    raise AirflowException(
airflow.exceptions.AirflowException: Bash command failed. The command returned a non-zero exit code 5.
[2025-02-26T20:41:56.208+0000] {taskinstance.py:1400} INFO - Marking task as UP_FOR_RETRY. dag_id=yfinance_ingestion_dag, task_id=run_mapreduce, execution_date=20250117T000000, start_date=20250226T204149, end_date=20250226T204156
[2025-02-26T20:41:56.244+0000] {standard_task_runner.py:104} ERROR - Failed to execute job 313 for task run_mapreduce (Bash command failed. The command returned a non-zero exit code 5.; 1655)
[2025-02-26T20:41:56.295+0000] {local_task_job_runner.py:228} INFO - Task exited with return code 1
[2025-02-26T20:41:56.338+0000] {taskinstance.py:2784} INFO - 0 downstream tasks scheduled from follow-on schedule check
