[2025-02-25T09:51:57.533+0000] {taskinstance.py:1159} INFO - Dependencies all met for dep_context=non-requeueable deps ti=<TaskInstance: yfinance_ingestion_dag.fetch_data scheduled__2025-02-21T00:00:00+00:00 [queued]>
[2025-02-25T09:51:57.563+0000] {taskinstance.py:1159} INFO - Dependencies all met for dep_context=requeueable deps ti=<TaskInstance: yfinance_ingestion_dag.fetch_data scheduled__2025-02-21T00:00:00+00:00 [queued]>
[2025-02-25T09:51:57.564+0000] {taskinstance.py:1361} INFO - Starting attempt 1 of 2
[2025-02-25T09:51:57.604+0000] {taskinstance.py:1382} INFO - Executing <Task(PythonOperator): fetch_data> on 2025-02-21 00:00:00+00:00
[2025-02-25T09:51:57.633+0000] {standard_task_runner.py:57} INFO - Started process 1467 to run task
[2025-02-25T09:51:57.668+0000] {standard_task_runner.py:84} INFO - Running: ['***', 'tasks', 'run', 'yfinance_ingestion_dag', 'fetch_data', 'scheduled__2025-02-21T00:00:00+00:00', '--job-id', '129', '--raw', '--subdir', 'DAGS_FOLDER/test_hello.py', '--cfg-path', '/tmp/tmpzp8z7j32']
[2025-02-25T09:51:57.684+0000] {standard_task_runner.py:85} INFO - Job 129: Subtask fetch_data
[2025-02-25T09:51:57.934+0000] {task_command.py:415} INFO - Running <TaskInstance: yfinance_ingestion_dag.fetch_data scheduled__2025-02-21T00:00:00+00:00 [running]> on host 6dbd75e48aaa
[2025-02-25T09:51:58.169+0000] {taskinstance.py:1660} INFO - Exporting env vars: AIRFLOW_CTX_DAG_OWNER='etudiant' AIRFLOW_CTX_DAG_ID='yfinance_ingestion_dag' AIRFLOW_CTX_TASK_ID='fetch_data' AIRFLOW_CTX_EXECUTION_DATE='2025-02-21T00:00:00+00:00' AIRFLOW_CTX_TRY_NUMBER='1' AIRFLOW_CTX_DAG_RUN_ID='scheduled__2025-02-21T00:00:00+00:00'
[2025-02-25T09:51:59.061+0000] {history.py:247} ERROR - $TSLA: possibly delisted; no price data found  (1d 2025-02-21 -> 2025-02-21)
[2025-02-25T09:51:59.087+0000] {python.py:194} INFO - Done. Returned value was: None
[2025-02-25T09:51:59.100+0000] {taskinstance.py:1400} INFO - Marking task as SUCCESS. dag_id=yfinance_ingestion_dag, task_id=fetch_data, execution_date=20250221T000000, start_date=20250225T095157, end_date=20250225T095159
[2025-02-25T09:51:59.174+0000] {local_task_job_runner.py:228} INFO - Task exited with return code 0
[2025-02-25T09:51:59.221+0000] {taskinstance.py:2784} INFO - 1 downstream tasks scheduled from follow-on schedule check
[2025-02-26T20:46:36.870+0000] {taskinstance.py:1159} INFO - Dependencies all met for dep_context=non-requeueable deps ti=<TaskInstance: yfinance_ingestion_dag.fetch_data scheduled__2025-02-21T00:00:00+00:00 [queued]>
[2025-02-26T20:46:36.928+0000] {taskinstance.py:1159} INFO - Dependencies all met for dep_context=requeueable deps ti=<TaskInstance: yfinance_ingestion_dag.fetch_data scheduled__2025-02-21T00:00:00+00:00 [queued]>
[2025-02-26T20:46:36.929+0000] {taskinstance.py:1361} INFO - Starting attempt 1 of 2
[2025-02-26T20:46:36.988+0000] {taskinstance.py:1382} INFO - Executing <Task(PythonOperator): fetch_data> on 2025-02-21 00:00:00+00:00
[2025-02-26T20:46:36.999+0000] {standard_task_runner.py:57} INFO - Started process 2959 to run task
[2025-02-26T20:46:37.011+0000] {standard_task_runner.py:84} INFO - Running: ['***', 'tasks', 'run', 'yfinance_ingestion_dag', 'fetch_data', 'scheduled__2025-02-21T00:00:00+00:00', '--job-id', '414', '--raw', '--subdir', 'DAGS_FOLDER/pipeline.py', '--cfg-path', '/tmp/tmp9j1f4b_8']
[2025-02-26T20:46:37.021+0000] {standard_task_runner.py:85} INFO - Job 414: Subtask fetch_data
[2025-02-26T20:46:37.253+0000] {task_command.py:415} INFO - Running <TaskInstance: yfinance_ingestion_dag.fetch_data scheduled__2025-02-21T00:00:00+00:00 [running]> on host 3c0faf52b292
[2025-02-26T20:46:37.627+0000] {taskinstance.py:1660} INFO - Exporting env vars: AIRFLOW_CTX_DAG_OWNER='etudiant' AIRFLOW_CTX_DAG_ID='yfinance_ingestion_dag' AIRFLOW_CTX_TASK_ID='fetch_data' AIRFLOW_CTX_EXECUTION_DATE='2025-02-21T00:00:00+00:00' AIRFLOW_CTX_TRY_NUMBER='1' AIRFLOW_CTX_DAG_RUN_ID='scheduled__2025-02-21T00:00:00+00:00'
[2025-02-26T20:46:39.194+0000] {logging_mixin.py:151} INFO - [
    {
        "datetime": "2025-02-25T20:00:00.000Z",
        "open_price": 87816.71875,
        "high_price": 88873.140625,
        "low_price": 87594.2734375,
        "close_price": 88076.6484375,
        "volume": 0,
        "coin": "BTC"
    },
    {
        "datetime": "2025-02-25T21:00:00.000Z",
        "open_price": 88187.0859375,
        "high_price": 88637.609375,
        "low_price": 87775.640625,
        "close_price": 88598.2109375,
        "volume": 0,
        "coin": "BTC"
    },
    {
        "datetime": "2025-02-25T22:00:00.000Z",
        "open_price": 88692.203125,
        "high_price": 89344.90625,
        "low_price": 88446.0390625,
        "close_price": 88737.1953125,
        "volume": 102842368,
        "coin": "BTC"
    },
    {
        "datetime": "2025-02-25T23:00:00.000Z",
        "open_price": 88762.703125,
        "high_price": 89029.0390625,
        "low_price": 88623.359375,
        "close_price": 88701.9140625,
        "volume": 0,
        "coin": "BTC"
    },
    {
        "datetime": "2025-02-26T00:00:00.000Z",
        "open_price": 88491.3359375,
        "high_price": 88512.78125,
        "low_price": 88059.8046875,
        "close_price": 88059.8046875,
        "volume": 0,
        "coin": "BTC"
    }
]
[2025-02-26T20:46:39.305+0000] {python.py:194} INFO - Done. Returned value was: None
[2025-02-26T20:46:39.343+0000] {taskinstance.py:1400} INFO - Marking task as SUCCESS. dag_id=yfinance_ingestion_dag, task_id=fetch_data, execution_date=20250221T000000, start_date=20250226T204636, end_date=20250226T204639
[2025-02-26T20:46:39.597+0000] {local_task_job_runner.py:228} INFO - Task exited with return code 0
[2025-02-26T20:46:39.866+0000] {taskinstance.py:2784} INFO - 1 downstream tasks scheduled from follow-on schedule check
