[2025-02-25T10:08:14.164+0000] {taskinstance.py:1159} INFO - Dependencies all met for dep_context=non-requeueable deps ti=<TaskInstance: yfinance_python_processing_dag.fetch_data scheduled__2024-07-01T00:00:00+00:00 [queued]>
[2025-02-25T10:08:14.229+0000] {taskinstance.py:1159} INFO - Dependencies all met for dep_context=requeueable deps ti=<TaskInstance: yfinance_python_processing_dag.fetch_data scheduled__2024-07-01T00:00:00+00:00 [queued]>
[2025-02-25T10:08:14.232+0000] {taskinstance.py:1361} INFO - Starting attempt 1 of 2
[2025-02-25T10:08:14.314+0000] {taskinstance.py:1382} INFO - Executing <Task(PythonOperator): fetch_data> on 2024-07-01 00:00:00+00:00
[2025-02-25T10:08:14.335+0000] {standard_task_runner.py:57} INFO - Started process 2089 to run task
[2025-02-25T10:08:14.366+0000] {standard_task_runner.py:84} INFO - Running: ['***', 'tasks', 'run', 'yfinance_python_processing_dag', 'fetch_data', 'scheduled__2024-07-01T00:00:00+00:00', '--job-id', '153', '--raw', '--subdir', 'DAGS_FOLDER/test_hello.py', '--cfg-path', '/tmp/tmp4e1vd8co']
[2025-02-25T10:08:14.421+0000] {standard_task_runner.py:85} INFO - Job 153: Subtask fetch_data
[2025-02-25T10:08:14.640+0000] {task_command.py:415} INFO - Running <TaskInstance: yfinance_python_processing_dag.fetch_data scheduled__2024-07-01T00:00:00+00:00 [running]> on host 6dbd75e48aaa
[2025-02-25T10:08:15.132+0000] {taskinstance.py:1660} INFO - Exporting env vars: AIRFLOW_CTX_DAG_OWNER='etudiant' AIRFLOW_CTX_DAG_ID='yfinance_python_processing_dag' AIRFLOW_CTX_TASK_ID='fetch_data' AIRFLOW_CTX_EXECUTION_DATE='2024-07-01T00:00:00+00:00' AIRFLOW_CTX_TRY_NUMBER='1' AIRFLOW_CTX_DAG_RUN_ID='scheduled__2024-07-01T00:00:00+00:00'
[2025-02-25T10:08:15.146+0000] {logging_mixin.py:151} INFO - Execution date: 2024-07-01
[2025-02-25T10:08:16.433+0000] {logging_mixin.py:151} INFO - Raw data from yfinance (from 2024-07-01 00:00:00 to 2024-07-31 00:00:00):                                  Open        High  ...  Dividends  Stock Splits
Date                                               ...                         
2024-07-01 00:00:00-04:00  201.020004  213.229996  ...        0.0           0.0
2024-07-02 00:00:00-04:00  218.889999  231.300003  ...        0.0           0.0
2024-07-03 00:00:00-04:00  234.559998  248.350006  ...        0.0           0.0
2024-07-05 00:00:00-04:00  249.809998  252.369995  ...        0.0           0.0
2024-07-08 00:00:00-04:00  247.710007  259.440002  ...        0.0           0.0
2024-07-09 00:00:00-04:00  251.000000  265.609985  ...        0.0           0.0
2024-07-10 00:00:00-04:00  262.799988  267.589996  ...        0.0           0.0
2024-07-11 00:00:00-04:00  263.299988  271.000000  ...        0.0           0.0
2024-07-12 00:00:00-04:00  235.800003  251.839996  ...        0.0           0.0
2024-07-15 00:00:00-04:00  255.970001  265.600006  ...        0.0           0.0
2024-07-16 00:00:00-04:00  255.309998  258.619995  ...        0.0           0.0
2024-07-17 00:00:00-04:00  252.729996  258.470001  ...        0.0           0.0
2024-07-18 00:00:00-04:00  251.089996  257.140015  ...        0.0           0.0
2024-07-19 00:00:00-04:00  247.789993  249.440002  ...        0.0           0.0
2024-07-22 00:00:00-04:00  244.210007  253.210007  ...        0.0           0.0
2024-07-23 00:00:00-04:00  253.600006  255.759995  ...        0.0           0.0
2024-07-24 00:00:00-04:00  225.419998  225.990005  ...        0.0           0.0
2024-07-25 00:00:00-04:00  216.800003  226.000000  ...        0.0           0.0
2024-07-26 00:00:00-04:00  221.190002  222.279999  ...        0.0           0.0
2024-07-29 00:00:00-04:00  224.899994  234.270004  ...        0.0           0.0
2024-07-30 00:00:00-04:00  232.250000  232.410004  ...        0.0           0.0

[21 rows x 7 columns]
[2025-02-25T10:08:16.450+0000] {logging_mixin.py:151} INFO - Serialized data: {'2024-07-01 00:00:00-04:00': {'Open': 201.02000427246094, 'High': 213.22999572753906, 'Low': 200.85000610351562, 'Close': 209.86000061035156, 'Volume': 135691400, 'Dividends': 0.0, 'Stock Splits': 0.0}, '2024-07-02 00:00:00-04:00': {'Open': 218.88999938964844, 'High': 231.3000030517578, 'Low': 218.05999755859375, 'Close': 231.25999450683594, 'Volume': 205047900, 'Dividends': 0.0, 'Stock Splits': 0.0}, '2024-07-03 00:00:00-04:00': {'Open': 234.55999755859375, 'High': 248.35000610351562, 'Low': 234.25, 'Close': 246.38999938964844, 'Volume': 166561500, 'Dividends': 0.0, 'Stock Splits': 0.0}, '2024-07-05 00:00:00-04:00': {'Open': 249.80999755859375, 'High': 252.3699951171875, 'Low': 242.4600067138672, 'Close': 251.52000427246094, 'Volume': 154501200, 'Dividends': 0.0, 'Stock Splits': 0.0}, '2024-07-08 00:00:00-04:00': {'Open': 247.7100067138672, 'High': 259.44000244140625, 'Low': 244.57000732421875, 'Close': 252.94000244140625, 'Volume': 157219600, 'Dividends': 0.0, 'Stock Splits': 0.0}, '2024-07-09 00:00:00-04:00': {'Open': 251.0, 'High': 265.6099853515625, 'Low': 250.3000030517578, 'Close': 262.3299865722656, 'Volume': 160210900, 'Dividends': 0.0, 'Stock Splits': 0.0}, '2024-07-10 00:00:00-04:00': {'Open': 262.79998779296875, 'High': 267.5899963378906, 'Low': 257.8599853515625, 'Close': 263.260009765625, 'Volume': 128519400, 'Dividends': 0.0, 'Stock Splits': 0.0}, '2024-07-11 00:00:00-04:00': {'Open': 263.29998779296875, 'High': 271.0, 'Low': 239.64999389648438, 'Close': 241.02999877929688, 'Volume': 221707300, 'Dividends': 0.0, 'Stock Splits': 0.0}, '2024-07-12 00:00:00-04:00': {'Open': 235.8000030517578, 'High': 251.83999633789062, 'Low': 233.08999633789062, 'Close': 248.22999572753906, 'Volume': 155955800, 'Dividends': 0.0, 'Stock Splits': 0.0}, '2024-07-15 00:00:00-04:00': {'Open': 255.97000122070312, 'High': 265.6000061035156, 'Low': 251.72999572753906, 'Close': 252.63999938964844, 'Volume': 146912900, 'Dividends': 0.0, 'Stock Splits': 0.0}, '2024-07-16 00:00:00-04:00': {'Open': 255.30999755859375, 'High': 258.6199951171875, 'Low': 245.8000030517578, 'Close': 256.55999755859375, 'Volume': 126332500, 'Dividends': 0.0, 'Stock Splits': 0.0}, '2024-07-17 00:00:00-04:00': {'Open': 252.72999572753906, 'High': 258.4700012207031, 'Low': 246.17999267578125, 'Close': 248.5, 'Volume': 115584800, 'Dividends': 0.0, 'Stock Splits': 0.0}, '2024-07-18 00:00:00-04:00': {'Open': 251.08999633789062, 'High': 257.1400146484375, 'Low': 247.1999969482422, 'Close': 249.22999572753906, 'Volume': 110869000, 'Dividends': 0.0, 'Stock Splits': 0.0}, '2024-07-19 00:00:00-04:00': {'Open': 247.7899932861328, 'High': 249.44000244140625, 'Low': 236.8300018310547, 'Close': 239.1999969482422, 'Volume': 87403900, 'Dividends': 0.0, 'Stock Splits': 0.0}, '2024-07-22 00:00:00-04:00': {'Open': 244.2100067138672, 'High': 253.2100067138672, 'Low': 243.75, 'Close': 251.50999450683594, 'Volume': 101225400, 'Dividends': 0.0, 'Stock Splits': 0.0}, '2024-07-23 00:00:00-04:00': {'Open': 253.60000610351562, 'High': 255.75999450683594, 'Low': 245.6300048828125, 'Close': 246.3800048828125, 'Volume': 111928200, 'Dividends': 0.0, 'Stock Splits': 0.0}, '2024-07-24 00:00:00-04:00': {'Open': 225.4199981689453, 'High': 225.99000549316406, 'Low': 214.7100067138672, 'Close': 215.99000549316406, 'Volume': 167942900, 'Dividends': 0.0, 'Stock Splits': 0.0}, '2024-07-25 00:00:00-04:00': {'Open': 216.8000030517578, 'High': 226.0, 'Low': 216.22999572753906, 'Close': 220.25, 'Volume': 100636500, 'Dividends': 0.0, 'Stock Splits': 0.0}, '2024-07-26 00:00:00-04:00': {'Open': 221.19000244140625, 'High': 222.27999877929688, 'Low': 215.3300018310547, 'Close': 219.8000030517578, 'Volume': 94604100, 'Dividends': 0.0, 'Stock Splits': 0.0}, '2024-07-29 00:00:00-04:00': {'Open': 224.89999389648438, 'High': 234.27000427246094, 'Low': 224.6999969482422, 'Close': 232.10000610351562, 'Volume': 129201800, 'Dividends': 0.0, 'Stock Splits': 0.0}, '2024-07-30 00:00:00-04:00': {'Open': 232.25, 'High': 232.41000366210938, 'Low': 220.0, 'Close': 222.6199951171875, 'Volume': 100560300, 'Dividends': 0.0, 'Stock Splits': 0.0}}
[2025-02-25T10:08:16.568+0000] {python.py:194} INFO - Done. Returned value was: None
[2025-02-25T10:08:16.634+0000] {taskinstance.py:1400} INFO - Marking task as SUCCESS. dag_id=yfinance_python_processing_dag, task_id=fetch_data, execution_date=20240701T000000, start_date=20250225T100814, end_date=20250225T100816
[2025-02-25T10:08:17.260+0000] {local_task_job_runner.py:228} INFO - Task exited with return code 0
[2025-02-25T10:08:17.397+0000] {taskinstance.py:2784} INFO - 1 downstream tasks scheduled from follow-on schedule check
