[2025-02-26T19:12:19.650+0000] {taskinstance.py:1159} INFO - Dependencies all met for dep_context=non-requeueable deps ti=<TaskInstance: yfinance_ingestion_and_process_dag.fetch_data scheduled__2025-01-11T00:00:00+00:00 [queued]>
[2025-02-26T19:12:19.738+0000] {taskinstance.py:1159} INFO - Dependencies all met for dep_context=requeueable deps ti=<TaskInstance: yfinance_ingestion_and_process_dag.fetch_data scheduled__2025-01-11T00:00:00+00:00 [queued]>
[2025-02-26T19:12:19.752+0000] {taskinstance.py:1361} INFO - Starting attempt 1 of 2
[2025-02-26T19:12:19.887+0000] {taskinstance.py:1382} INFO - Executing <Task(PythonOperator): fetch_data> on 2025-01-11 00:00:00+00:00
[2025-02-26T19:12:19.944+0000] {standard_task_runner.py:57} INFO - Started process 447 to run task
[2025-02-26T19:12:19.971+0000] {standard_task_runner.py:84} INFO - Running: ['***', 'tasks', 'run', 'yfinance_ingestion_and_process_dag', 'fetch_data', 'scheduled__2025-01-11T00:00:00+00:00', '--job-id', '261', '--raw', '--subdir', 'DAGS_FOLDER/pipeline.py', '--cfg-path', '/tmp/tmpszn7csm2']
[2025-02-26T19:12:20.011+0000] {standard_task_runner.py:85} INFO - Job 261: Subtask fetch_data
[2025-02-26T19:12:20.457+0000] {task_command.py:415} INFO - Running <TaskInstance: yfinance_ingestion_and_process_dag.fetch_data scheduled__2025-01-11T00:00:00+00:00 [running]> on host 405afb11abaf
[2025-02-26T19:12:21.116+0000] {taskinstance.py:1660} INFO - Exporting env vars: AIRFLOW_CTX_DAG_OWNER='etudiant' AIRFLOW_CTX_DAG_ID='yfinance_ingestion_and_process_dag' AIRFLOW_CTX_TASK_ID='fetch_data' AIRFLOW_CTX_EXECUTION_DATE='2025-01-11T00:00:00+00:00' AIRFLOW_CTX_TRY_NUMBER='1' AIRFLOW_CTX_DAG_RUN_ID='scheduled__2025-01-11T00:00:00+00:00'
[2025-02-26T19:12:23.659+0000] {python.py:194} INFO - Done. Returned value was: None
[2025-02-26T19:12:23.718+0000] {taskinstance.py:1400} INFO - Marking task as SUCCESS. dag_id=yfinance_ingestion_and_process_dag, task_id=fetch_data, execution_date=20250111T000000, start_date=20250226T191219, end_date=20250226T191223
[2025-02-26T19:12:25.228+0000] {local_task_job_runner.py:228} INFO - Task exited with return code 0
[2025-02-26T19:12:26.571+0000] {taskinstance.py:2784} INFO - 0 downstream tasks scheduled from follow-on schedule check
[2025-02-26T20:04:44.991+0000] {taskinstance.py:1159} INFO - Dependencies all met for dep_context=non-requeueable deps ti=<TaskInstance: yfinance_ingestion_and_process_dag.fetch_data scheduled__2025-01-11T00:00:00+00:00 [queued]>
[2025-02-26T20:04:45.051+0000] {taskinstance.py:1159} INFO - Dependencies all met for dep_context=requeueable deps ti=<TaskInstance: yfinance_ingestion_and_process_dag.fetch_data scheduled__2025-01-11T00:00:00+00:00 [queued]>
[2025-02-26T20:04:45.073+0000] {taskinstance.py:1361} INFO - Starting attempt 1 of 2
[2025-02-26T20:04:45.287+0000] {taskinstance.py:1382} INFO - Executing <Task(PythonOperator): fetch_data> on 2025-01-11 00:00:00+00:00
[2025-02-26T20:04:45.403+0000] {standard_task_runner.py:57} INFO - Started process 235 to run task
[2025-02-26T20:04:45.489+0000] {standard_task_runner.py:84} INFO - Running: ['***', 'tasks', 'run', 'yfinance_ingestion_and_process_dag', 'fetch_data', 'scheduled__2025-01-11T00:00:00+00:00', '--job-id', '11', '--raw', '--subdir', 'DAGS_FOLDER/pipeline.py', '--cfg-path', '/tmp/tmp05n0gtd7']
[2025-02-26T20:04:45.549+0000] {standard_task_runner.py:85} INFO - Job 11: Subtask fetch_data
[2025-02-26T20:04:46.148+0000] {task_command.py:415} INFO - Running <TaskInstance: yfinance_ingestion_and_process_dag.fetch_data scheduled__2025-01-11T00:00:00+00:00 [running]> on host e304e68c626e
[2025-02-26T20:04:46.731+0000] {taskinstance.py:1660} INFO - Exporting env vars: AIRFLOW_CTX_DAG_OWNER='etudiant' AIRFLOW_CTX_DAG_ID='yfinance_ingestion_and_process_dag' AIRFLOW_CTX_TASK_ID='fetch_data' AIRFLOW_CTX_EXECUTION_DATE='2025-01-11T00:00:00+00:00' AIRFLOW_CTX_TRY_NUMBER='1' AIRFLOW_CTX_DAG_RUN_ID='scheduled__2025-01-11T00:00:00+00:00'
[2025-02-26T20:04:49.375+0000] {python.py:194} INFO - Done. Returned value was: None
[2025-02-26T20:04:49.454+0000] {taskinstance.py:1400} INFO - Marking task as SUCCESS. dag_id=yfinance_ingestion_and_process_dag, task_id=fetch_data, execution_date=20250111T000000, start_date=20250226T200444, end_date=20250226T200449
[2025-02-26T20:04:49.816+0000] {local_task_job_runner.py:228} INFO - Task exited with return code 0
[2025-02-26T20:04:50.353+0000] {taskinstance.py:2784} INFO - 0 downstream tasks scheduled from follow-on schedule check
