[2025-02-27T00:00:02.055+0000] {taskinstance.py:1159} INFO - Dependencies all met for dep_context=non-requeueable deps ti=<TaskInstance: yfinance_ingestion_dag.fetch_data scheduled__2025-02-26T00:00:00+00:00 [queued]>
[2025-02-27T00:00:02.063+0000] {taskinstance.py:1159} INFO - Dependencies all met for dep_context=requeueable deps ti=<TaskInstance: yfinance_ingestion_dag.fetch_data scheduled__2025-02-26T00:00:00+00:00 [queued]>
[2025-02-27T00:00:02.064+0000] {taskinstance.py:1361} INFO - Starting attempt 1 of 1
[2025-02-27T00:00:02.078+0000] {taskinstance.py:1382} INFO - Executing <Task(PythonOperator): fetch_data> on 2025-02-26 00:00:00+00:00
[2025-02-27T00:00:02.084+0000] {standard_task_runner.py:57} INFO - Started process 1507 to run task
[2025-02-27T00:00:02.087+0000] {standard_task_runner.py:84} INFO - Running: ['***', 'tasks', 'run', 'yfinance_ingestion_dag', 'fetch_data', 'scheduled__2025-02-26T00:00:00+00:00', '--job-id', '454', '--raw', '--subdir', 'DAGS_FOLDER/pipeline.py', '--cfg-path', '/tmp/tmprif1z1ao']
[2025-02-27T00:00:02.090+0000] {standard_task_runner.py:85} INFO - Job 454: Subtask fetch_data
[2025-02-27T00:00:02.138+0000] {task_command.py:415} INFO - Running <TaskInstance: yfinance_ingestion_dag.fetch_data scheduled__2025-02-26T00:00:00+00:00 [running]> on host 09ff8bd65149
[2025-02-27T00:00:02.223+0000] {taskinstance.py:1660} INFO - Exporting env vars: AIRFLOW_CTX_DAG_OWNER='etudiant' AIRFLOW_CTX_DAG_ID='yfinance_ingestion_dag' AIRFLOW_CTX_TASK_ID='fetch_data' AIRFLOW_CTX_EXECUTION_DATE='2025-02-26T00:00:00+00:00' AIRFLOW_CTX_TRY_NUMBER='1' AIRFLOW_CTX_DAG_RUN_ID='scheduled__2025-02-26T00:00:00+00:00'
[2025-02-27T00:00:02.261+0000] {history.py:247} ERROR - $BTC-USD: possibly delisted; no price data found  (1h 2025-02-26 00:00:02.225702 -> 2025-02-27 00:00:02.225702)
[2025-02-27T00:00:02.262+0000] {logging_mixin.py:151} INFO - Aucune donnée pour BTC-USD
[2025-02-27T00:00:02.271+0000] {history.py:247} ERROR - $ETH-USD: possibly delisted; no price data found  (1h 2025-02-26 00:00:02.225702 -> 2025-02-27 00:00:02.225702)
[2025-02-27T00:00:02.272+0000] {logging_mixin.py:151} INFO - Aucune donnée pour ETH-USD
[2025-02-27T00:00:02.281+0000] {history.py:247} ERROR - $SOL-USD: possibly delisted; no price data found  (1h 2025-02-26 00:00:02.225702 -> 2025-02-27 00:00:02.225702)
[2025-02-27T00:00:02.282+0000] {logging_mixin.py:151} INFO - Aucune donnée pour SOL-USD
[2025-02-27T00:00:02.283+0000] {taskinstance.py:1943} ERROR - Task failed with exception
Traceback (most recent call last):
  File "/home/airflow/.local/lib/python3.8/site-packages/airflow/operators/python.py", line 192, in execute
    return_value = self.execute_callable()
  File "/home/airflow/.local/lib/python3.8/site-packages/airflow/operators/python.py", line 209, in execute_callable
    return self.python_callable(*self.op_args, **self.op_kwargs)
  File "/opt/airflow/dags/pipeline.py", line 64, in fetch_crypto_data
    raise ValueError("Aucune donnée récupérée depuis yfinance")
ValueError: Aucune donnée récupérée depuis yfinance
[2025-02-27T00:00:02.298+0000] {taskinstance.py:1400} INFO - Marking task as FAILED. dag_id=yfinance_ingestion_dag, task_id=fetch_data, execution_date=20250226T000000, start_date=20250227T000002, end_date=20250227T000002
[2025-02-27T00:00:02.311+0000] {standard_task_runner.py:104} ERROR - Failed to execute job 454 for task fetch_data (Aucune donnée récupérée depuis yfinance; 1507)
[2025-02-27T00:00:02.340+0000] {local_task_job_runner.py:228} INFO - Task exited with return code 1
[2025-02-27T00:00:02.363+0000] {taskinstance.py:2784} INFO - 0 downstream tasks scheduled from follow-on schedule check
[2025-02-27T14:56:24.011+0000] {taskinstance.py:1157} INFO - Dependencies all met for dep_context=non-requeueable deps ti=<TaskInstance: yfinance_ingestion_dag.fetch_data scheduled__2025-02-26T00:00:00+00:00 [queued]>
[2025-02-27T14:56:24.091+0000] {taskinstance.py:1157} INFO - Dependencies all met for dep_context=requeueable deps ti=<TaskInstance: yfinance_ingestion_dag.fetch_data scheduled__2025-02-26T00:00:00+00:00 [queued]>
[2025-02-27T14:56:24.099+0000] {taskinstance.py:1359} INFO - Starting attempt 1 of 1
[2025-02-27T14:56:24.180+0000] {taskinstance.py:1380} INFO - Executing <Task(PythonOperator): fetch_data> on 2025-02-26 00:00:00+00:00
[2025-02-27T14:56:24.209+0000] {standard_task_runner.py:57} INFO - Started process 515 to run task
[2025-02-27T14:56:24.221+0000] {standard_task_runner.py:84} INFO - Running: ['***', 'tasks', 'run', 'yfinance_ingestion_dag', 'fetch_data', 'scheduled__2025-02-26T00:00:00+00:00', '--job-id', '108', '--raw', '--subdir', 'DAGS_FOLDER/pipeline.py', '--cfg-path', '/tmp/tmp02o3xdn9']
[2025-02-27T14:56:24.231+0000] {standard_task_runner.py:85} INFO - Job 108: Subtask fetch_data
[2025-02-27T14:56:24.538+0000] {task_command.py:415} INFO - Running <TaskInstance: yfinance_ingestion_dag.fetch_data scheduled__2025-02-26T00:00:00+00:00 [running]> on host a71f042480b6
[2025-02-27T14:56:25.122+0000] {taskinstance.py:1660} INFO - Exporting env vars: AIRFLOW_CTX_DAG_OWNER='etudiant' AIRFLOW_CTX_DAG_ID='yfinance_ingestion_dag' AIRFLOW_CTX_TASK_ID='fetch_data' AIRFLOW_CTX_EXECUTION_DATE='2025-02-26T00:00:00+00:00' AIRFLOW_CTX_TRY_NUMBER='1' AIRFLOW_CTX_DAG_RUN_ID='scheduled__2025-02-26T00:00:00+00:00'
[2025-02-27T14:56:27.309+0000] {logging_mixin.py:151} INFO - [
    {
        "datetime": "2025-02-26T14:00:00.000Z",
        "open_price": 87072.828125,
        "high_price": 87563.078125,
        "low_price": 85422.9375,
        "close_price": 87432.484375,
        "volume": 0,
        "coin": "BTC"
    },
    {
        "datetime": "2025-02-26T15:00:00.000Z",
        "open_price": 87661.421875,
        "high_price": 88288.6484375,
        "low_price": 87374.875,
        "close_price": 87413.8359375,
        "volume": 0,
        "coin": "BTC"
    },
    {
        "datetime": "2025-02-26T16:00:00.000Z",
        "open_price": 87454.171875,
        "high_price": 87614.5078125,
        "low_price": 86253.3046875,
        "close_price": 86805.0390625,
        "volume": 0,
        "coin": "BTC"
    },
    {
        "datetime": "2025-02-26T17:00:00.000Z",
        "open_price": 86723.578125,
        "high_price": 87145.1328125,
        "low_price": 85626.4609375,
        "close_price": 85626.4609375,
        "volume": 0,
        "coin": "BTC"
    },
    {
        "datetime": "2025-02-26T18:00:00.000Z",
        "open_price": 86165.1171875,
        "high_price": 86317.1484375,
        "low_price": 83829.2109375,
        "close_price": 83982.5859375,
        "volume": 4174999552,
        "coin": "BTC"
    }
]
[2025-02-27T14:56:27.374+0000] {python.py:194} INFO - Done. Returned value was: None
[2025-02-27T14:56:27.448+0000] {taskinstance.py:1398} INFO - Marking task as SUCCESS. dag_id=yfinance_ingestion_dag, task_id=fetch_data, execution_date=20250226T000000, start_date=20250227T145624, end_date=20250227T145627
[2025-02-27T14:56:27.577+0000] {local_task_job_runner.py:228} INFO - Task exited with return code 0
[2025-02-27T14:56:27.712+0000] {taskinstance.py:2776} INFO - 1 downstream tasks scheduled from follow-on schedule check
