[2025-02-27T14:57:48.566+0000] {taskinstance.py:1157} INFO - Dependencies all met for dep_context=non-requeueable deps ti=<TaskInstance: yfinance_ingestion_dag.run_mapreduce manual__2025-02-27T14:57:32.762631+00:00 [queued]>
[2025-02-27T14:57:48.578+0000] {taskinstance.py:1157} INFO - Dependencies all met for dep_context=requeueable deps ti=<TaskInstance: yfinance_ingestion_dag.run_mapreduce manual__2025-02-27T14:57:32.762631+00:00 [queued]>
[2025-02-27T14:57:48.579+0000] {taskinstance.py:1359} INFO - Starting attempt 1 of 1
[2025-02-27T14:57:48.597+0000] {taskinstance.py:1380} INFO - Executing <Task(BashOperator): run_mapreduce> on 2025-02-27 14:57:32.762631+00:00
[2025-02-27T14:57:48.606+0000] {standard_task_runner.py:57} INFO - Started process 604 to run task
[2025-02-27T14:57:48.610+0000] {standard_task_runner.py:84} INFO - Running: ['***', 'tasks', 'run', 'yfinance_ingestion_dag', 'run_mapreduce', 'manual__2025-02-27T14:57:32.762631+00:00', '--job-id', '122', '--raw', '--subdir', 'DAGS_FOLDER/pipeline.py', '--cfg-path', '/tmp/tmpinxpkzyd']
[2025-02-27T14:57:48.614+0000] {standard_task_runner.py:85} INFO - Job 122: Subtask run_mapreduce
[2025-02-27T14:57:48.671+0000] {task_command.py:415} INFO - Running <TaskInstance: yfinance_ingestion_dag.run_mapreduce manual__2025-02-27T14:57:32.762631+00:00 [running]> on host a71f042480b6
[2025-02-27T14:57:48.775+0000] {taskinstance.py:1660} INFO - Exporting env vars: AIRFLOW_CTX_DAG_OWNER='etudiant' AIRFLOW_CTX_DAG_ID='yfinance_ingestion_dag' AIRFLOW_CTX_TASK_ID='run_mapreduce' AIRFLOW_CTX_EXECUTION_DATE='2025-02-27T14:57:32.762631+00:00' AIRFLOW_CTX_TRY_NUMBER='1' AIRFLOW_CTX_DAG_RUN_ID='manual__2025-02-27T14:57:32.762631+00:00'
[2025-02-27T14:57:48.777+0000] {subprocess.py:63} INFO - Tmp dir root location: /tmp
[2025-02-27T14:57:48.779+0000] {subprocess.py:75} INFO - Running command: ['/bin/bash', '-c', '\n        docker exec -i -u root namenode bash -c \'         cd /tmp &&         cp /mnt/hadoop_data/mapreduce/mapper.py . &&         cp /mnt/hadoop_data/mapreduce/reducer.py . &&         chmod +x mapper.py reducer.py &&         hdfs dfs -rm -r hdfs:///user/etudiant/crypto/processed/YYYY=2025/MM=02/DD=27 || true &&         hadoop jar /opt/hadoop-3.2.1/share/hadoop/tools/lib/hadoop-streaming-3.2.1.jar         -files mapper.py,reducer.py         -mapper "python mapper.py"         -reducer "python reducer.py"         -input hdfs:///user/etudiant/crypto/raw/YYYY=2025/MM=02/DD=27/yfinance_raw.json         -output hdfs:///user/etudiant/crypto/processed/YYYY=2025/MM=02/DD=27\'\n        ']
[2025-02-27T14:57:48.799+0000] {subprocess.py:86} INFO - Output:
[2025-02-27T14:57:50.468+0000] {subprocess.py:93} INFO - rm: `hdfs:///user/etudiant/crypto/processed/YYYY=2025/MM=02/DD=27': No such file or directory
[2025-02-27T14:57:52.558+0000] {subprocess.py:93} INFO - 2025-02-27 14:57:52,556 INFO impl.MetricsConfig: Loaded properties from hadoop-metrics2.properties
[2025-02-27T14:57:52.653+0000] {subprocess.py:93} INFO - 2025-02-27 14:57:52,651 INFO impl.MetricsSystemImpl: Scheduled Metric snapshot period at 10 second(s).
[2025-02-27T14:57:52.654+0000] {subprocess.py:93} INFO - 2025-02-27 14:57:52,651 INFO impl.MetricsSystemImpl: JobTracker metrics system started
[2025-02-27T14:57:52.678+0000] {subprocess.py:93} INFO - 2025-02-27 14:57:52,675 WARN impl.MetricsSystemImpl: JobTracker metrics system already initialized!
[2025-02-27T14:57:53.040+0000] {subprocess.py:93} INFO - 2025-02-27 14:57:53,038 INFO mapred.FileInputFormat: Total input files to process : 1
[2025-02-27T14:57:53.107+0000] {subprocess.py:93} INFO - 2025-02-27 14:57:53,105 INFO mapreduce.JobSubmitter: number of splits:1
[2025-02-27T14:57:53.327+0000] {subprocess.py:93} INFO - 2025-02-27 14:57:53,325 INFO mapreduce.JobSubmitter: Submitting tokens for job: job_local227931754_0001
[2025-02-27T14:57:53.328+0000] {subprocess.py:93} INFO - 2025-02-27 14:57:53,325 INFO mapreduce.JobSubmitter: Executing with tokens: []
[2025-02-27T14:57:53.567+0000] {subprocess.py:93} INFO - 2025-02-27 14:57:53,566 INFO mapred.LocalDistributedCacheManager: Localized file:/tmp/mapper.py as file:/tmp/hadoop-root/mapred/local/job_local227931754_0001_984b1936-8c6a-452d-9069-d19b73ecf80c/mapper.py
[2025-02-27T14:57:53.582+0000] {subprocess.py:93} INFO - 2025-02-27 14:57:53,581 INFO mapred.LocalDistributedCacheManager: Localized file:/tmp/reducer.py as file:/tmp/hadoop-root/mapred/local/job_local227931754_0001_41d7239f-2299-4428-a174-e0e699f52fe8/reducer.py
[2025-02-27T14:57:53.662+0000] {subprocess.py:93} INFO - 2025-02-27 14:57:53,660 INFO mapreduce.Job: The url to track the job: http://localhost:8080/
[2025-02-27T14:57:53.671+0000] {subprocess.py:93} INFO - 2025-02-27 14:57:53,664 INFO mapred.LocalJobRunner: OutputCommitter set in config null
[2025-02-27T14:57:53.672+0000] {subprocess.py:93} INFO - 2025-02-27 14:57:53,664 INFO mapreduce.Job: Running job: job_local227931754_0001
[2025-02-27T14:57:53.675+0000] {subprocess.py:93} INFO - 2025-02-27 14:57:53,673 INFO mapred.LocalJobRunner: OutputCommitter is org.apache.hadoop.mapred.FileOutputCommitter
[2025-02-27T14:57:53.682+0000] {subprocess.py:93} INFO - 2025-02-27 14:57:53,680 INFO output.FileOutputCommitter: File Output Committer Algorithm version is 2
[2025-02-27T14:57:53.684+0000] {subprocess.py:93} INFO - 2025-02-27 14:57:53,680 INFO output.FileOutputCommitter: FileOutputCommitter skip cleanup _temporary folders under output directory:false, ignore cleanup failures: false
[2025-02-27T14:57:53.752+0000] {subprocess.py:93} INFO - 2025-02-27 14:57:53,750 INFO mapred.LocalJobRunner: Waiting for map tasks
[2025-02-27T14:57:53.758+0000] {subprocess.py:93} INFO - 2025-02-27 14:57:53,756 INFO mapred.LocalJobRunner: Starting task: attempt_local227931754_0001_m_000000_0
[2025-02-27T14:57:53.793+0000] {subprocess.py:93} INFO - 2025-02-27 14:57:53,790 INFO output.FileOutputCommitter: File Output Committer Algorithm version is 2
[2025-02-27T14:57:53.794+0000] {subprocess.py:93} INFO - 2025-02-27 14:57:53,791 INFO output.FileOutputCommitter: FileOutputCommitter skip cleanup _temporary folders under output directory:false, ignore cleanup failures: false
[2025-02-27T14:57:53.814+0000] {subprocess.py:93} INFO - 2025-02-27 14:57:53,812 INFO mapred.Task:  Using ResourceCalculatorProcessTree : [ ]
[2025-02-27T14:57:53.829+0000] {subprocess.py:93} INFO - 2025-02-27 14:57:53,827 INFO mapred.MapTask: Processing split: hdfs://namenode:9000/user/etudiant/crypto/raw/YYYY=2025/MM=02/DD=27/yfinance_raw.json:0+14931
[2025-02-27T14:57:53.859+0000] {subprocess.py:93} INFO - 2025-02-27 14:57:53,857 INFO mapred.MapTask: numReduceTasks: 1
[2025-02-27T14:57:53.919+0000] {subprocess.py:93} INFO - 2025-02-27 14:57:53,917 INFO mapred.MapTask: (EQUATOR) 0 kvi 26214396(104857584)
[2025-02-27T14:57:53.920+0000] {subprocess.py:93} INFO - 2025-02-27 14:57:53,918 INFO mapred.MapTask: mapreduce.task.io.sort.mb: 100
[2025-02-27T14:57:53.921+0000] {subprocess.py:93} INFO - 2025-02-27 14:57:53,918 INFO mapred.MapTask: soft limit at 83886080
[2025-02-27T14:57:53.922+0000] {subprocess.py:93} INFO - 2025-02-27 14:57:53,918 INFO mapred.MapTask: bufstart = 0; bufvoid = 104857600
[2025-02-27T14:57:53.922+0000] {subprocess.py:93} INFO - 2025-02-27 14:57:53,918 INFO mapred.MapTask: kvstart = 26214396; length = 6553600
[2025-02-27T14:57:53.923+0000] {subprocess.py:93} INFO - 2025-02-27 14:57:53,921 INFO mapred.MapTask: Map output collector class = org.apache.hadoop.mapred.MapTask$MapOutputBuffer
[2025-02-27T14:57:53.930+0000] {subprocess.py:93} INFO - 2025-02-27 14:57:53,929 INFO streaming.PipeMapRed: PipeMapRed exec [/usr/bin/python, mapper.py]
[2025-02-27T14:57:53.938+0000] {subprocess.py:93} INFO - 2025-02-27 14:57:53,936 INFO Configuration.deprecation: mapred.work.output.dir is deprecated. Instead, use mapreduce.task.output.dir
[2025-02-27T14:57:53.940+0000] {subprocess.py:93} INFO - 2025-02-27 14:57:53,936 INFO Configuration.deprecation: map.input.start is deprecated. Instead, use mapreduce.map.input.start
[2025-02-27T14:57:53.942+0000] {subprocess.py:93} INFO - 2025-02-27 14:57:53,940 INFO Configuration.deprecation: mapred.task.is.map is deprecated. Instead, use mapreduce.task.ismap
[2025-02-27T14:57:53.947+0000] {subprocess.py:93} INFO - 2025-02-27 14:57:53,940 INFO Configuration.deprecation: mapred.task.id is deprecated. Instead, use mapreduce.task.attempt.id
[2025-02-27T14:57:53.955+0000] {subprocess.py:93} INFO - 2025-02-27 14:57:53,944 INFO Configuration.deprecation: mapred.tip.id is deprecated. Instead, use mapreduce.task.id
[2025-02-27T14:57:53.956+0000] {subprocess.py:93} INFO - 2025-02-27 14:57:53,944 INFO Configuration.deprecation: mapred.local.dir is deprecated. Instead, use mapreduce.cluster.local.dir
[2025-02-27T14:57:53.957+0000] {subprocess.py:93} INFO - 2025-02-27 14:57:53,944 INFO Configuration.deprecation: map.input.file is deprecated. Instead, use mapreduce.map.input.file
[2025-02-27T14:57:53.960+0000] {subprocess.py:93} INFO - 2025-02-27 14:57:53,945 INFO Configuration.deprecation: mapred.skip.on is deprecated. Instead, use mapreduce.job.skiprecords
[2025-02-27T14:57:53.963+0000] {subprocess.py:93} INFO - 2025-02-27 14:57:53,945 INFO Configuration.deprecation: map.input.length is deprecated. Instead, use mapreduce.map.input.length
[2025-02-27T14:57:53.964+0000] {subprocess.py:93} INFO - 2025-02-27 14:57:53,946 INFO Configuration.deprecation: mapred.job.id is deprecated. Instead, use mapreduce.job.id
[2025-02-27T14:57:53.966+0000] {subprocess.py:93} INFO - 2025-02-27 14:57:53,947 INFO Configuration.deprecation: user.name is deprecated. Instead, use mapreduce.job.user.name
[2025-02-27T14:57:53.967+0000] {subprocess.py:93} INFO - 2025-02-27 14:57:53,947 INFO Configuration.deprecation: mapred.task.partition is deprecated. Instead, use mapreduce.task.partition
[2025-02-27T14:57:53.997+0000] {subprocess.py:93} INFO - 2025-02-27 14:57:53,994 INFO sasl.SaslDataTransferClient: SASL encryption trust check: localHostTrusted = false, remoteHostTrusted = false
[2025-02-27T14:57:54.119+0000] {subprocess.py:93} INFO - 2025-02-27 14:57:54,116 INFO streaming.PipeMapRed: R/W/S=1/0/0 in:NA [rec/s] out:NA [rec/s]
[2025-02-27T14:57:54.119+0000] {subprocess.py:93} INFO - 2025-02-27 14:57:54,117 INFO streaming.PipeMapRed: R/W/S=10/0/0 in:NA [rec/s] out:NA [rec/s]
[2025-02-27T14:57:54.126+0000] {subprocess.py:93} INFO - DEBUG: Received line: {"datetime": "2025-02-26T14:00:00.000Z", "open_price": 87072.828125, "high_price": 87563.078125, "low_price": 85422.9375, "close_price": 87432.484375, "volume": 0, "coin": "BTC"}
[2025-02-27T14:57:54.130+0000] {subprocess.py:93} INFO - DEBUG: Parsed record: {"open_price": 87072.828125, "close_price": 87432.484375, "low_price": 85422.9375, "datetime": "2025-02-26T14:00:00.000Z", "high_price": 87563.078125, "coin": "BTC", "volume": 0}
[2025-02-27T14:57:54.131+0000] {subprocess.py:93} INFO - DEBUG: Emitted: BTC	{"open_price": 87072.828125, "close_price": 87432.484375, "low_price": 85422.9375, "timestamp": "2025-02-26T14:00:00.000Z", "high_price": 87563.078125, "volume": 0.0}
[2025-02-27T14:57:54.132+0000] {subprocess.py:93} INFO - DEBUG: Received line: {"datetime": "2025-02-26T15:00:00.000Z", "open_price": 87661.421875, "high_price": 88288.6484375, "low_price": 87374.875, "close_price": 87413.8359375, "volume": 0, "coin": "BTC"}
[2025-02-27T14:57:54.133+0000] {subprocess.py:93} INFO - DEBUG: Parsed record: {"open_price": 87661.421875, "close_price": 87413.8359375, "low_price": 87374.875, "datetime": "2025-02-26T15:00:00.000Z", "high_price": 88288.6484375, "coin": "BTC", "volume": 0}
[2025-02-27T14:57:54.135+0000] {subprocess.py:93} INFO - DEBUG: Emitted: BTC	{"open_price": 87661.421875, "close_price": 87413.8359375, "low_price": 87374.875, "timestamp": "2025-02-26T15:00:00.000Z", "high_price": 88288.6484375, "volume": 0.0}
[2025-02-27T14:57:53.389+0000] {subprocess.py:93} INFO - DEBUG: Received line: {"datetime": "2025-02-26T16:00:00.000Z", "open_price": 87454.171875, "high_price": 87614.5078125, "low_price": 86253.3046875, "close_price": 86805.0390625, "volume": 0, "coin": "BTC"}
[2025-02-27T14:57:53.390+0000] {subprocess.py:93} INFO - DEBUG: Parsed record: {"open_price": 87454.171875, "close_price": 86805.0390625, "low_price": 86253.3046875, "datetime": "2025-02-26T16:00:00.000Z", "high_price": 87614.5078125, "coin": "BTC", "volume": 0}
[2025-02-27T14:57:53.390+0000] {subprocess.py:93} INFO - DEBUG: Emitted: BTC	{"open_price": 87454.171875, "close_price": 86805.0390625, "low_price": 86253.3046875, "timestamp": "2025-02-26T16:00:00.000Z", "high_price": 87614.5078125, "volume": 0.0}
[2025-02-27T14:57:53.391+0000] {subprocess.py:93} INFO - DEBUG: Received line: {"datetime": "2025-02-26T17:00:00.000Z", "open_price": 86723.578125, "high_price": 87145.1328125, "low_price": 85626.4609375, "close_price": 85626.4609375, "volume": 0, "coin": "BTC"}
[2025-02-27T14:57:52.190+0000] {subprocess.py:93} INFO - DEBUG: Parsed record: {"open_price": 86723.578125, "close_price": 85626.4609375, "low_price": 85626.4609375, "datetime": "2025-02-26T17:00:00.000Z", "high_price": 87145.1328125, "coin": "BTC", "volume": 0}
[2025-02-27T14:57:52.191+0000] {subprocess.py:93} INFO - DEBUG: Emitted: BTC	{"open_price": 86723.578125, "close_price": 85626.4609375, "low_price": 85626.4609375, "timestamp": "2025-02-26T17:00:00.000Z", "high_price": 87145.1328125, "volume": 0.0}
[2025-02-27T14:57:52.191+0000] {subprocess.py:93} INFO - DEBUG: Received line: {"datetime": "2025-02-26T18:00:00.000Z", "open_price": 86165.1171875, "high_price": 86317.1484375, "low_price": 83829.2109375, "close_price": 83982.5859375, "volume": 4174999552, "coin": "BTC"}
[2025-02-27T14:57:52.192+0000] {subprocess.py:93} INFO - DEBUG: Parsed record: {"open_price": 86165.1171875, "close_price": 83982.5859375, "low_price": 83829.2109375, "datetime": "2025-02-26T18:00:00.000Z", "high_price": 86317.1484375, "coin": "BTC", "volume": 4174999552}
[2025-02-27T14:57:52.193+0000] {subprocess.py:93} INFO - DEBUG: Emitted: BTC	{"open_price": 86165.1171875, "close_price": 83982.5859375, "low_price": 83829.2109375, "timestamp": "2025-02-26T18:00:00.000Z", "high_price": 86317.1484375, "volume": 4174999552.0}
[2025-02-27T14:57:52.193+0000] {subprocess.py:93} INFO - DEBUG: Received line: {"datetime": "2025-02-26T19:00:00.000Z", "open_price": 84084.6640625, "high_price": 84843.0703125, "low_price": 83683.5703125, "close_price": 83755.3671875, "volume": 4787310592, "coin": "BTC"}
[2025-02-27T14:57:52.194+0000] {subprocess.py:93} INFO - DEBUG: Parsed record: {"open_price": 84084.6640625, "close_price": 83755.3671875, "low_price": 83683.5703125, "datetime": "2025-02-26T19:00:00.000Z", "high_price": 84843.0703125, "coin": "BTC", "volume": 4787310592}
[2025-02-27T14:57:52.194+0000] {subprocess.py:93} INFO - DEBUG: Emitted: BTC	{"open_price": 84084.6640625, "close_price": 83755.3671875, "low_price": 83683.5703125, "timestamp": "2025-02-26T19:00:00.000Z", "high_price": 84843.0703125, "volume": 4787310592.0}
[2025-02-27T14:57:52.195+0000] {subprocess.py:93} INFO - DEBUG: Received line: {"datetime": "2025-02-26T20:00:00.000Z", "open_price": 83783.140625, "high_price": 84402.953125, "low_price": 82242.9921875, "close_price": 84382.9453125, "volume": 0, "coin": "BTC"}
[2025-02-27T14:57:52.196+0000] {subprocess.py:93} INFO - DEBUG: Parsed record: {"open_price": 83783.140625, "close_price": 84382.9453125, "low_price": 82242.9921875, "datetime": "2025-02-26T20:00:00.000Z", "high_price": 84402.953125, "coin": "BTC", "volume": 0}
[2025-02-27T14:57:52.197+0000] {subprocess.py:93} INFO - DEBUG: Emitted: BTC	{"open_price": 83783.140625, "close_price": 84382.9453125, "low_price": 82242.9921875, "timestamp": "2025-02-26T20:00:00.000Z", "high_price": 84402.953125, "volume": 0.0}
[2025-02-27T14:57:52.198+0000] {subprocess.py:93} INFO - DEBUG: Received line: {"datetime": "2025-02-26T21:00:00.000Z", "open_price": 84272.078125, "high_price": 84807.203125, "low_price": 83421.3359375, "close_price": 84336.375, "volume": 3264200704, "coin": "BTC"}
[2025-02-27T14:57:52.199+0000] {subprocess.py:93} INFO - DEBUG: Parsed record: {"open_price": 84272.078125, "close_price": 84336.375, "low_price": 83421.3359375, "datetime": "2025-02-26T21:00:00.000Z", "high_price": 84807.203125, "coin": "BTC", "volume": 3264200704}
[2025-02-27T14:57:52.200+0000] {subprocess.py:93} INFO - DEBUG: Emitted: BTC	{"open_price": 84272.078125, "close_price": 84336.375, "low_price": 83421.3359375, "timestamp": "2025-02-26T21:00:00.000Z", "high_price": 84807.203125, "volume": 3264200704.0}
[2025-02-27T14:57:52.201+0000] {subprocess.py:93} INFO - DEBUG: Received line: {"datetime": "2025-02-26T22:00:00.000Z", "open_price": 84439.328125, "high_price": 85122.9375, "low_price": 84123.4375, "close_price": 84275.34375, "volume": 2340999168, "coin": "BTC"}
[2025-02-27T14:57:52.202+0000] {subprocess.py:93} INFO - DEBUG: Parsed record: {"open_price": 84439.328125, "close_price": 84275.34375, "low_price": 84123.4375, "datetime": "2025-02-26T22:00:00.000Z", "high_price": 85122.9375, "coin": "BTC", "volume": 2340999168}
[2025-02-27T14:57:52.207+0000] {subprocess.py:93} INFO - DEBUG: Emitted: BTC	{"open_price": 84439.328125, "close_price": 84275.34375, "low_price": 84123.4375, "timestamp": "2025-02-26T22:00:00.000Z", "high_price": 85122.9375, "volume": 2340999168.0}
[2025-02-27T14:57:52.208+0000] {subprocess.py:93} INFO - DEBUG: Received line: {"datetime": "2025-02-26T23:00:00.000Z", "open_price": 84375.5703125, "high_price": 84621.8359375, "low_price": 83836.8515625, "close_price": 83993.6328125, "volume": 0, "coin": "BTC"}
[2025-02-27T14:57:52.209+0000] {subprocess.py:93} INFO - DEBUG: Parsed record: {"open_price": 84375.5703125, "close_price": 83993.6328125, "low_price": 83836.8515625, "datetime": "2025-02-26T23:00:00.000Z", "high_price": 84621.8359375, "coin": "BTC", "volume": 0}
[2025-02-27T14:57:52.210+0000] {subprocess.py:93} INFO - DEBUG: Emitted: BTC	{"open_price": 84375.5703125, "close_price": 83993.6328125, "low_price": 83836.8515625, "timestamp": "2025-02-26T23:00:00.000Z", "high_price": 84621.8359375, "volume": 0.0}
[2025-02-27T14:57:52.210+0000] {subprocess.py:93} INFO - DEBUG: Received line: {"datetime": "2025-02-27T00:00:00.000Z", "open_price": 84136.3046875, "high_price": 84648.640625, "low_price": 83977.671875, "close_price": 84642.90625, "volume": 1022881792, "coin": "BTC"}
[2025-02-27T14:57:52.211+0000] {subprocess.py:93} INFO - DEBUG: Parsed record: {"open_price": 84136.3046875, "close_price": 84642.90625, "low_price": 83977.671875, "datetime": "2025-02-27T00:00:00.000Z", "high_price": 84648.640625, "coin": "BTC", "volume": 1022881792}
[2025-02-27T14:57:52.212+0000] {subprocess.py:93} INFO - DEBUG: Emitted: BTC	{"open_price": 84136.3046875, "close_price": 84642.90625, "low_price": 83977.671875, "timestamp": "2025-02-27T00:00:00.000Z", "high_price": 84648.640625, "volume": 1022881792.0}
[2025-02-27T14:57:52.212+0000] {subprocess.py:93} INFO - DEBUG: Received line: {"datetime": "2025-02-27T01:00:00.000Z", "open_price": 84582.4140625, "high_price": 85265.8984375, "low_price": 84278.9609375, "close_price": 84706.546875, "volume": 2845286400, "coin": "BTC"}
[2025-02-27T14:57:52.213+0000] {subprocess.py:93} INFO - DEBUG: Parsed record: {"open_price": 84582.4140625, "close_price": 84706.546875, "low_price": 84278.9609375, "datetime": "2025-02-27T01:00:00.000Z", "high_price": 85265.8984375, "coin": "BTC", "volume": 2845286400}
[2025-02-27T14:57:52.214+0000] {subprocess.py:93} INFO - DEBUG: Emitted: BTC	{"open_price": 84582.4140625, "close_price": 84706.546875, "low_price": 84278.9609375, "timestamp": "2025-02-27T01:00:00.000Z", "high_price": 85265.8984375, "volume": 2845286400.0}
[2025-02-27T14:57:52.214+0000] {subprocess.py:93} INFO - DEBUG: Received line: {"datetime": "2025-02-27T02:00:00.000Z", "open_price": 84641.421875, "high_price": 85040.5625, "low_price": 84233.265625, "close_price": 84233.265625, "volume": 0, "coin": "BTC"}
[2025-02-27T14:57:52.215+0000] {subprocess.py:93} INFO - DEBUG: Parsed record: {"open_price": 84641.421875, "close_price": 84233.265625, "low_price": 84233.265625, "datetime": "2025-02-27T02:00:00.000Z", "high_price": 85040.5625, "coin": "BTC", "volume": 0}
[2025-02-27T14:57:52.215+0000] {subprocess.py:93} INFO - DEBUG: Emitted: BTC	{"open_price": 84641.421875, "close_price": 84233.265625, "low_price": 84233.265625, "timestamp": "2025-02-27T02:00:00.000Z", "high_price": 85040.5625, "volume": 0.0}
[2025-02-27T14:57:52.216+0000] {subprocess.py:93} INFO - DEBUG: Received line: {"datetime": "2025-02-27T03:00:00.000Z", "open_price": 84222.7578125, "high_price": 85228.046875, "low_price": 84222.7578125, "close_price": 85164.9921875, "volume": 2459906048, "coin": "BTC"}
[2025-02-27T14:57:52.216+0000] {subprocess.py:93} INFO - DEBUG: Parsed record: {"open_price": 84222.7578125, "close_price": 85164.9921875, "low_price": 84222.7578125, "datetime": "2025-02-27T03:00:00.000Z", "high_price": 85228.046875, "coin": "BTC", "volume": 2459906048}
[2025-02-27T14:57:52.217+0000] {subprocess.py:93} INFO - DEBUG: Emitted: BTC	{"open_price": 84222.7578125, "close_price": 85164.9921875, "low_price": 84222.7578125, "timestamp": "2025-02-27T03:00:00.000Z", "high_price": 85228.046875, "volume": 2459906048.0}
[2025-02-27T14:57:52.217+0000] {subprocess.py:93} INFO - DEBUG: Received line: {"datetime": "2025-02-27T04:00:00.000Z", "open_price": 85134.2265625, "high_price": 85212.8828125, "low_price": 84637.1875, "close_price": 85017.7109375, "volume": 32808960, "coin": "BTC"}
[2025-02-27T14:57:52.218+0000] {subprocess.py:93} INFO - DEBUG: Parsed record: {"open_price": 85134.2265625, "close_price": 85017.7109375, "low_price": 84637.1875, "datetime": "2025-02-27T04:00:00.000Z", "high_price": 85212.8828125, "coin": "BTC", "volume": 32808960}
[2025-02-27T14:57:52.219+0000] {subprocess.py:93} INFO - DEBUG: Emitted: BTC	{"open_price": 85134.2265625, "close_price": 85017.7109375, "low_price": 84637.1875, "timestamp": "2025-02-27T04:00:00.000Z", "high_price": 85212.8828125, "volume": 32808960.0}
[2025-02-27T14:57:52.219+0000] {subprocess.py:93} INFO - 2025-02-27 14:57:54,126 INFO streaming.PipeMapRed: Records R/W=75/1
[2025-02-27T14:57:52.220+0000] {subprocess.py:93} INFO - DEBUG: Received line: {"datetime": "2025-02-27T05:00:00.000Z", "open_price": 85047.5703125, "high_price": 85825.984375, "low_price": 85011.8125, "close_price": 85825.984375, "volume": 6201344, "coin": "BTC"}
[2025-02-27T14:57:52.221+0000] {subprocess.py:93} INFO - DEBUG: Parsed record: {"open_price": 85047.5703125, "close_price": 85825.984375, "low_price": 85011.8125, "datetime": "2025-02-27T05:00:00.000Z", "high_price": 85825.984375, "coin": "BTC", "volume": 6201344}
[2025-02-27T14:57:52.221+0000] {subprocess.py:93} INFO - DEBUG: Emitted: BTC	{"open_price": 85047.5703125, "close_price": 85825.984375, "low_price": 85011.8125, "timestamp": "2025-02-27T05:00:00.000Z", "high_price": 85825.984375, "volume": 6201344.0}
[2025-02-27T14:57:52.222+0000] {subprocess.py:93} INFO - DEBUG: Received line: {"datetime": "2025-02-27T06:00:00.000Z", "open_price": 85809.0703125, "high_price": 86478.65625, "low_price": 85646.515625, "close_price": 86169.8125, "volume": 743981056, "coin": "BTC"}
[2025-02-27T14:57:52.223+0000] {subprocess.py:93} INFO - DEBUG: Parsed record: {"open_price": 85809.0703125, "close_price": 86169.8125, "low_price": 85646.515625, "datetime": "2025-02-27T06:00:00.000Z", "high_price": 86478.65625, "coin": "BTC", "volume": 743981056}
[2025-02-27T14:57:52.223+0000] {subprocess.py:93} INFO - DEBUG: Emitted: BTC	{"open_price": 85809.0703125, "close_price": 86169.8125, "low_price": 85646.515625, "timestamp": "2025-02-27T06:00:00.000Z", "high_price": 86478.65625, "volume": 743981056.0}
[2025-02-27T14:57:52.224+0000] {subprocess.py:93} INFO - DEBUG: Received line: {"datetime": "2025-02-27T07:00:00.000Z", "open_price": 86189.9453125, "high_price": 86472.0, "low_price": 86064.96875, "close_price": 86256.140625, "volume": 955465728, "coin": "BTC"}
[2025-02-27T14:57:52.224+0000] {subprocess.py:93} INFO - DEBUG: Parsed record: {"open_price": 86189.9453125, "close_price": 86256.140625, "low_price": 86064.96875, "datetime": "2025-02-27T07:00:00.000Z", "high_price": 86472.0, "coin": "BTC", "volume": 955465728}
[2025-02-27T14:57:52.225+0000] {subprocess.py:93} INFO - DEBUG: Emitted: BTC	{"open_price": 86189.9453125, "close_price": 86256.140625, "low_price": 86064.96875, "timestamp": "2025-02-27T07:00:00.000Z", "high_price": 86472.0, "volume": 955465728.0}
[2025-02-27T14:57:52.226+0000] {subprocess.py:93} INFO - DEBUG: Received line: {"datetime": "2025-02-27T08:00:00.000Z", "open_price": 86210.6171875, "high_price": 86354.3515625, "low_price": 85866.421875, "close_price": 85981.296875, "volume": 394551296, "coin": "BTC"}
[2025-02-27T14:57:52.227+0000] {subprocess.py:93} INFO - DEBUG: Parsed record: {"open_price": 86210.6171875, "close_price": 85981.296875, "low_price": 85866.421875, "datetime": "2025-02-27T08:00:00.000Z", "high_price": 86354.3515625, "coin": "BTC", "volume": 394551296}
[2025-02-27T14:57:52.228+0000] {subprocess.py:93} INFO - DEBUG: Emitted: BTC	{"open_price": 86210.6171875, "close_price": 85981.296875, "low_price": 85866.421875, "timestamp": "2025-02-27T08:00:00.000Z", "high_price": 86354.3515625, "volume": 394551296.0}
[2025-02-27T14:57:52.228+0000] {subprocess.py:93} INFO - DEBUG: Received line: {"datetime": "2025-02-27T09:00:00.000Z", "open_price": 85997.0234375, "high_price": 86232.765625, "low_price": 85848.9609375, "close_price": 86044.6171875, "volume": 0, "coin": "BTC"}
[2025-02-27T14:57:52.229+0000] {subprocess.py:93} INFO - DEBUG: Parsed record: {"open_price": 85997.0234375, "close_price": 86044.6171875, "low_price": 85848.9609375, "datetime": "2025-02-27T09:00:00.000Z", "high_price": 86232.765625, "coin": "BTC", "volume": 0}
[2025-02-27T14:57:52.230+0000] {subprocess.py:93} INFO - DEBUG: Emitted: BTC	{"open_price": 85997.0234375, "close_price": 86044.6171875, "low_price": 85848.9609375, "timestamp": "2025-02-27T09:00:00.000Z", "high_price": 86232.765625, "volume": 0.0}
[2025-02-27T14:57:52.230+0000] {subprocess.py:93} INFO - DEBUG: Received line: {"datetime": "2025-02-27T10:00:00.000Z", "open_price": 86091.75, "high_price": 86892.7734375, "low_price": 85984.9921875, "close_price": 86892.7734375, "volume": 300687360, "coin": "BTC"}
[2025-02-27T14:57:52.231+0000] {subprocess.py:93} INFO - DEBUG: Parsed record: {"open_price": 86091.75, "close_price": 86892.7734375, "low_price": 85984.9921875, "datetime": "2025-02-27T10:00:00.000Z", "high_price": 86892.7734375, "coin": "BTC", "volume": 300687360}
[2025-02-27T14:57:52.231+0000] {subprocess.py:93} INFO - DEBUG: Emitted: BTC	{"open_price": 86091.75, "close_price": 86892.7734375, "low_price": 85984.9921875, "timestamp": "2025-02-27T10:00:00.000Z", "high_price": 86892.7734375, "volume": 300687360.0}
[2025-02-27T14:57:52.232+0000] {subprocess.py:93} INFO - DEBUG: Received line: {"datetime": "2025-02-27T11:00:00.000Z", "open_price": 86939.5859375, "high_price": 86939.5859375, "low_price": 86373.1015625, "close_price": 86640.7734375, "volume": 0, "coin": "BTC"}
[2025-02-27T14:57:52.232+0000] {subprocess.py:93} INFO - DEBUG: Parsed record: {"open_price": 86939.5859375, "close_price": 86640.7734375, "low_price": 86373.1015625, "datetime": "2025-02-27T11:00:00.000Z", "high_price": 86939.5859375, "coin": "BTC", "volume": 0}
[2025-02-27T14:57:52.233+0000] {subprocess.py:93} INFO - DEBUG: Emitted: BTC	{"open_price": 86939.5859375, "close_price": 86640.7734375, "low_price": 86373.1015625, "timestamp": "2025-02-27T11:00:00.000Z", "high_price": 86939.5859375, "volume": 0.0}
[2025-02-27T14:57:52.233+0000] {subprocess.py:93} INFO - DEBUG: Received line: {"datetime": "2025-02-27T12:00:00.000Z", "open_price": 86625.2265625, "high_price": 86690.9453125, "low_price": 86201.6953125, "close_price": 86222.9375, "volume": 0, "coin": "BTC"}
[2025-02-27T14:57:52.234+0000] {subprocess.py:93} INFO - DEBUG: Parsed record: {"open_price": 86625.2265625, "close_price": 86222.9375, "low_price": 86201.6953125, "datetime": "2025-02-27T12:00:00.000Z", "high_price": 86690.9453125, "coin": "BTC", "volume": 0}
[2025-02-27T14:57:52.235+0000] {subprocess.py:93} INFO - DEBUG: Emitted: BTC	{"open_price": 86625.2265625, "close_price": 86222.9375, "low_price": 86201.6953125, "timestamp": "2025-02-27T12:00:00.000Z", "high_price": 86690.9453125, "volume": 0.0}
[2025-02-27T14:57:52.235+0000] {subprocess.py:93} INFO - DEBUG: Received line: {"datetime": "2025-02-27T13:00:00.000Z", "open_price": 86238.9140625, "high_price": 86605.21875, "low_price": 85830.1484375, "close_price": 86042.0703125, "volume": 549568512, "coin": "BTC"}
[2025-02-27T14:57:52.236+0000] {subprocess.py:93} INFO - DEBUG: Parsed record: {"open_price": 86238.9140625, "close_price": 86042.0703125, "low_price": 85830.1484375, "datetime": "2025-02-27T13:00:00.000Z", "high_price": 86605.21875, "coin": "BTC", "volume": 549568512}
[2025-02-27T14:57:52.236+0000] {subprocess.py:93} INFO - DEBUG: Emitted: BTC	{"open_price": 86238.9140625, "close_price": 86042.0703125, "low_price": 85830.1484375, "timestamp": "2025-02-27T13:00:00.000Z", "high_price": 86605.21875, "volume": 549568512.0}
[2025-02-27T14:57:52.237+0000] {subprocess.py:93} INFO - DEBUG: Received line: {"datetime": "2025-02-27T14:00:00.000Z", "open_price": 86045.0078125, "high_price": 86308.4765625, "low_price": 85273.796875, "close_price": 85306.1796875, "volume": 3786600448, "coin": "BTC"}
[2025-02-27T14:57:52.238+0000] {subprocess.py:93} INFO - DEBUG: Parsed record: {"open_price": 86045.0078125, "close_price": 85306.1796875, "low_price": 85273.796875, "datetime": "2025-02-27T14:00:00.000Z", "high_price": 86308.4765625, "coin": "BTC", "volume": 3786600448}
[2025-02-27T14:57:52.242+0000] {subprocess.py:93} INFO - DEBUG: Emitted: BTC	{"open_price": 86045.0078125, "close_price": 85306.1796875, "low_price": 85273.796875, "timestamp": "2025-02-27T14:00:00.000Z", "high_price": 86308.4765625, "volume": 3786600448.0}
[2025-02-27T14:57:52.243+0000] {subprocess.py:93} INFO - DEBUG: Received line: {"datetime": "2025-02-26T14:00:00.000Z", "open_price": 2414.09326171875, "high_price": 2429.480712890625, "low_price": 2370.431396484375, "close_price": 2427.158447265625, "volume": 0, "coin": "ETH"}
[2025-02-27T14:57:52.244+0000] {subprocess.py:93} INFO - DEBUG: Parsed record: {"open_price": 2414.09326171875, "close_price": 2427.158447265625, "low_price": 2370.431396484375, "datetime": "2025-02-26T14:00:00.000Z", "high_price": 2429.480712890625, "coin": "ETH", "volume": 0}
[2025-02-27T14:57:52.245+0000] {subprocess.py:93} INFO - DEBUG: Emitted: ETH	{"open_price": 2414.09326171875, "close_price": 2427.158447265625, "low_price": 2370.431396484375, "timestamp": "2025-02-26T14:00:00.000Z", "high_price": 2429.480712890625, "volume": 0.0}
[2025-02-27T14:57:52.245+0000] {subprocess.py:93} INFO - DEBUG: Received line: {"datetime": "2025-02-26T15:00:00.000Z", "open_price": 2432.78662109375, "high_price": 2457.0185546875, "low_price": 2425.753662109375, "close_price": 2425.753662109375, "volume": 0, "coin": "ETH"}
[2025-02-27T14:57:52.246+0000] {subprocess.py:93} INFO - DEBUG: Parsed record: {"open_price": 2432.78662109375, "close_price": 2425.753662109375, "low_price": 2425.753662109375, "datetime": "2025-02-26T15:00:00.000Z", "high_price": 2457.0185546875, "coin": "ETH", "volume": 0}
[2025-02-27T14:57:52.246+0000] {subprocess.py:93} INFO - DEBUG: Emitted: ETH	{"open_price": 2432.78662109375, "close_price": 2425.753662109375, "low_price": 2425.753662109375, "timestamp": "2025-02-26T15:00:00.000Z", "high_price": 2457.0185546875, "volume": 0.0}
[2025-02-27T14:57:52.247+0000] {subprocess.py:93} INFO - DEBUG: Received line: {"datetime": "2025-02-26T16:00:00.000Z", "open_price": 2426.072021484375, "high_price": 2428.357666015625, "low_price": 2386.56201171875, "close_price": 2396.559814453125, "volume": 0, "coin": "ETH"}
[2025-02-27T14:57:52.247+0000] {subprocess.py:93} INFO - DEBUG: Parsed record: {"open_price": 2426.072021484375, "close_price": 2396.559814453125, "low_price": 2386.56201171875, "datetime": "2025-02-26T16:00:00.000Z", "high_price": 2428.357666015625, "coin": "ETH", "volume": 0}
[2025-02-27T14:57:52.248+0000] {subprocess.py:93} INFO - DEBUG: Emitted: ETH	{"open_price": 2426.072021484375, "close_price": 2396.559814453125, "low_price": 2386.56201171875, "timestamp": "2025-02-26T16:00:00.000Z", "high_price": 2428.357666015625, "volume": 0.0}
[2025-02-27T14:57:52.248+0000] {subprocess.py:93} INFO - DEBUG: Received line: {"datetime": "2025-02-26T17:00:00.000Z", "open_price": 2395.13525390625, "high_price": 2403.67578125, "low_price": 2356.054931640625, "close_price": 2356.054931640625, "volume": 0, "coin": "ETH"}
[2025-02-27T14:57:52.249+0000] {subprocess.py:93} INFO - DEBUG: Parsed record: {"open_price": 2395.13525390625, "close_price": 2356.054931640625, "low_price": 2356.054931640625, "datetime": "2025-02-26T17:00:00.000Z", "high_price": 2403.67578125, "coin": "ETH", "volume": 0}
[2025-02-27T14:57:52.250+0000] {subprocess.py:93} INFO - DEBUG: Emitted: ETH	{"open_price": 2395.13525390625, "close_price": 2356.054931640625, "low_price": 2356.054931640625, "timestamp": "2025-02-26T17:00:00.000Z", "high_price": 2403.67578125, "volume": 0.0}
[2025-02-27T14:57:52.251+0000] {subprocess.py:93} INFO - DEBUG: Received line: {"datetime": "2025-02-26T18:00:00.000Z", "open_price": 2373.170654296875, "high_price": 2374.824462890625, "low_price": 2280.599365234375, "close_price": 2286.009033203125, "volume": 1601789952, "coin": "ETH"}
[2025-02-27T14:57:52.251+0000] {subprocess.py:93} INFO - DEBUG: Parsed record: {"open_price": 2373.170654296875, "close_price": 2286.009033203125, "low_price": 2280.599365234375, "datetime": "2025-02-26T18:00:00.000Z", "high_price": 2374.824462890625, "coin": "ETH", "volume": 1601789952}
[2025-02-27T14:57:52.252+0000] {subprocess.py:93} INFO - DEBUG: Emitted: ETH	{"open_price": 2373.170654296875, "close_price": 2286.009033203125, "low_price": 2280.599365234375, "timestamp": "2025-02-26T18:00:00.000Z", "high_price": 2374.824462890625, "volume": 1601789952.0}
[2025-02-27T14:57:52.253+0000] {subprocess.py:93} INFO - DEBUG: Received line: {"datetime": "2025-02-26T19:00:00.000Z", "open_price": 2290.748046875, "high_price": 2314.3095703125, "low_price": 2279.65673828125, "close_price": 2293.515380859375, "volume": 2607962112, "coin": "ETH"}
[2025-02-27T14:57:52.255+0000] {subprocess.py:93} INFO - DEBUG: Parsed record: {"open_price": 2290.748046875, "close_price": 2293.515380859375, "low_price": 2279.65673828125, "datetime": "2025-02-26T19:00:00.000Z", "high_price": 2314.3095703125, "coin": "ETH", "volume": 2607962112}
[2025-02-27T14:57:52.256+0000] {subprocess.py:93} INFO - DEBUG: Emitted: ETH	{"open_price": 2290.748046875, "close_price": 2293.515380859375, "low_price": 2279.65673828125, "timestamp": "2025-02-26T19:00:00.000Z", "high_price": 2314.3095703125, "volume": 2607962112.0}
[2025-02-27T14:57:52.256+0000] {subprocess.py:93} INFO - DEBUG: Received line: {"datetime": "2025-02-26T20:00:00.000Z", "open_price": 2293.345458984375, "high_price": 2329.70263671875, "low_price": 2259.767333984375, "close_price": 2329.70263671875, "volume": 0, "coin": "ETH"}
[2025-02-27T14:57:52.257+0000] {subprocess.py:93} INFO - DEBUG: Parsed record: {"open_price": 2293.345458984375, "close_price": 2329.70263671875, "low_price": 2259.767333984375, "datetime": "2025-02-26T20:00:00.000Z", "high_price": 2329.70263671875, "coin": "ETH", "volume": 0}
[2025-02-27T14:57:52.258+0000] {subprocess.py:93} INFO - DEBUG: Emitted: ETH	{"open_price": 2293.345458984375, "close_price": 2329.70263671875, "low_price": 2259.767333984375, "timestamp": "2025-02-26T20:00:00.000Z", "high_price": 2329.70263671875, "volume": 0.0}
[2025-02-27T14:57:52.258+0000] {subprocess.py:93} INFO - DEBUG: Received line: {"datetime": "2025-02-26T21:00:00.000Z", "open_price": 2325.755615234375, "high_price": 2341.589599609375, "low_price": 2300.758544921875, "close_price": 2331.079345703125, "volume": 1882243072, "coin": "ETH"}
[2025-02-27T14:57:52.259+0000] {subprocess.py:93} INFO - DEBUG: Parsed record: {"open_price": 2325.755615234375, "close_price": 2331.079345703125, "low_price": 2300.758544921875, "datetime": "2025-02-26T21:00:00.000Z", "high_price": 2341.589599609375, "coin": "ETH", "volume": 1882243072}
[2025-02-27T14:57:52.260+0000] {subprocess.py:93} INFO - DEBUG: Emitted: ETH	{"open_price": 2325.755615234375, "close_price": 2331.079345703125, "low_price": 2300.758544921875, "timestamp": "2025-02-26T21:00:00.000Z", "high_price": 2341.589599609375, "volume": 1882243072.0}
[2025-02-27T14:57:52.261+0000] {subprocess.py:93} INFO - DEBUG: Received line: {"datetime": "2025-02-26T22:00:00.000Z", "open_price": 2338.066162109375, "high_price": 2377.204345703125, "low_price": 2338.066162109375, "close_price": 2349.76806640625, "volume": 432113664, "coin": "ETH"}
[2025-02-27T14:57:52.261+0000] {subprocess.py:93} INFO - DEBUG: Parsed record: {"open_price": 2338.066162109375, "close_price": 2349.76806640625, "low_price": 2338.066162109375, "datetime": "2025-02-26T22:00:00.000Z", "high_price": 2377.204345703125, "coin": "ETH", "volume": 432113664}
[2025-02-27T14:57:52.262+0000] {subprocess.py:93} INFO - DEBUG: Emitted: ETH	{"open_price": 2338.066162109375, "close_price": 2349.76806640625, "low_price": 2338.066162109375, "timestamp": "2025-02-26T22:00:00.000Z", "high_price": 2377.204345703125, "volume": 432113664.0}
[2025-02-27T14:57:52.262+0000] {subprocess.py:93} INFO - DEBUG: Received line: {"datetime": "2025-02-26T23:00:00.000Z", "open_price": 2345.394775390625, "high_price": 2353.857421875, "low_price": 2323.77978515625, "close_price": 2328.45166015625, "volume": 528183296, "coin": "ETH"}
[2025-02-27T14:57:52.263+0000] {subprocess.py:93} INFO - DEBUG: Parsed record: {"open_price": 2345.394775390625, "close_price": 2328.45166015625, "low_price": 2323.77978515625, "datetime": "2025-02-26T23:00:00.000Z", "high_price": 2353.857421875, "coin": "ETH", "volume": 528183296}
[2025-02-27T14:57:52.263+0000] {subprocess.py:93} INFO - DEBUG: Emitted: ETH	{"open_price": 2345.394775390625, "close_price": 2328.45166015625, "low_price": 2323.77978515625, "timestamp": "2025-02-26T23:00:00.000Z", "high_price": 2353.857421875, "volume": 528183296.0}
[2025-02-27T14:57:52.264+0000] {subprocess.py:93} INFO - DEBUG: Received line: {"datetime": "2025-02-27T00:00:00.000Z", "open_price": 2332.532470703125, "high_price": 2344.32080078125, "low_price": 2320.07080078125, "close_price": 2338.199462890625, "volume": 356386816, "coin": "ETH"}
[2025-02-27T14:57:52.264+0000] {subprocess.py:93} INFO - DEBUG: Parsed record: {"open_price": 2332.532470703125, "close_price": 2338.199462890625, "low_price": 2320.07080078125, "datetime": "2025-02-27T00:00:00.000Z", "high_price": 2344.32080078125, "coin": "ETH", "volume": 356386816}
[2025-02-27T14:57:52.269+0000] {subprocess.py:93} INFO - DEBUG: Emitted: ETH	{"open_price": 2332.532470703125, "close_price": 2338.199462890625, "low_price": 2320.07080078125, "timestamp": "2025-02-27T00:00:00.000Z", "high_price": 2344.32080078125, "volume": 356386816.0}
[2025-02-27T14:57:52.271+0000] {subprocess.py:93} INFO - DEBUG: Received line: {"datetime": "2025-02-27T01:00:00.000Z", "open_price": 2332.826904296875, "high_price": 2360.077880859375, "low_price": 2316.406005859375, "close_price": 2343.615478515625, "volume": 1208475648, "coin": "ETH"}
[2025-02-27T14:57:52.272+0000] {subprocess.py:93} INFO - DEBUG: Parsed record: {"open_price": 2332.826904296875, "close_price": 2343.615478515625, "low_price": 2316.406005859375, "datetime": "2025-02-27T01:00:00.000Z", "high_price": 2360.077880859375, "coin": "ETH", "volume": 1208475648}
[2025-02-27T14:57:52.272+0000] {subprocess.py:93} INFO - DEBUG: Emitted: ETH	{"open_price": 2332.826904296875, "close_price": 2343.615478515625, "low_price": 2316.406005859375, "timestamp": "2025-02-27T01:00:00.000Z", "high_price": 2360.077880859375, "volume": 1208475648.0}
[2025-02-27T14:57:52.273+0000] {subprocess.py:93} INFO - DEBUG: Received line: {"datetime": "2025-02-27T02:00:00.000Z", "open_price": 2342.919677734375, "high_price": 2364.8291015625, "low_price": 2328.0986328125, "close_price": 2331.468994140625, "volume": 64030720, "coin": "ETH"}
[2025-02-27T14:57:52.274+0000] {subprocess.py:93} INFO - DEBUG: Parsed record: {"open_price": 2342.919677734375, "close_price": 2331.468994140625, "low_price": 2328.0986328125, "datetime": "2025-02-27T02:00:00.000Z", "high_price": 2364.8291015625, "coin": "ETH", "volume": 64030720}
[2025-02-27T14:57:52.274+0000] {subprocess.py:93} INFO - DEBUG: Emitted: ETH	{"open_price": 2342.919677734375, "close_price": 2331.468994140625, "low_price": 2328.0986328125, "timestamp": "2025-02-27T02:00:00.000Z", "high_price": 2364.8291015625, "volume": 64030720.0}
[2025-02-27T14:57:52.275+0000] {subprocess.py:93} INFO - DEBUG: Received line: {"datetime": "2025-02-27T03:00:00.000Z", "open_price": 2331.52587890625, "high_price": 2343.66748046875, "low_price": 2322.52490234375, "close_price": 2332.2900390625, "volume": 310413312, "coin": "ETH"}
[2025-02-27T14:57:52.276+0000] {subprocess.py:93} INFO - DEBUG: Parsed record: {"open_price": 2331.52587890625, "close_price": 2332.2900390625, "low_price": 2322.52490234375, "datetime": "2025-02-27T03:00:00.000Z", "high_price": 2343.66748046875, "coin": "ETH", "volume": 310413312}
[2025-02-27T14:57:52.276+0000] {subprocess.py:93} INFO - DEBUG: Emitted: ETH	{"open_price": 2331.52587890625, "close_price": 2332.2900390625, "low_price": 2322.52490234375, "timestamp": "2025-02-27T03:00:00.000Z", "high_price": 2343.66748046875, "volume": 310413312.0}
[2025-02-27T14:57:52.277+0000] {subprocess.py:93} INFO - DEBUG: Received line: {"datetime": "2025-02-27T04:00:00.000Z", "open_price": 2329.899169921875, "high_price": 2337.529541015625, "low_price": 2303.400390625, "close_price": 2308.365234375, "volume": 256260096, "coin": "ETH"}
[2025-02-27T14:57:52.278+0000] {subprocess.py:93} INFO - DEBUG: Parsed record: {"open_price": 2329.899169921875, "close_price": 2308.365234375, "low_price": 2303.400390625, "datetime": "2025-02-27T04:00:00.000Z", "high_price": 2337.529541015625, "coin": "ETH", "volume": 256260096}
[2025-02-27T14:57:52.278+0000] {subprocess.py:93} INFO - DEBUG: Emitted: ETH	{"open_price": 2329.899169921875, "close_price": 2308.365234375, "low_price": 2303.400390625, "timestamp": "2025-02-27T04:00:00.000Z", "high_price": 2337.529541015625, "volume": 256260096.0}
[2025-02-27T14:57:52.279+0000] {subprocess.py:93} INFO - DEBUG: Received line: {"datetime": "2025-02-27T05:00:00.000Z", "open_price": 2308.843017578125, "high_price": 2340.91748046875, "low_price": 2308.551513671875, "close_price": 2340.91748046875, "volume": 0, "coin": "ETH"}
[2025-02-27T14:57:52.280+0000] {subprocess.py:93} INFO - DEBUG: Parsed record: {"open_price": 2308.843017578125, "close_price": 2340.91748046875, "low_price": 2308.551513671875, "datetime": "2025-02-27T05:00:00.000Z", "high_price": 2340.91748046875, "coin": "ETH", "volume": 0}
[2025-02-27T14:57:52.280+0000] {subprocess.py:93} INFO - DEBUG: Emitted: ETH	{"open_price": 2308.843017578125, "close_price": 2340.91748046875, "low_price": 2308.551513671875, "timestamp": "2025-02-27T05:00:00.000Z", "high_price": 2340.91748046875, "volume": 0.0}
[2025-02-27T14:57:52.281+0000] {subprocess.py:93} INFO - DEBUG: Received line: {"datetime": "2025-02-27T06:00:00.000Z", "open_price": 2339.3505859375, "high_price": 2357.8662109375, "low_price": 2333.531005859375, "close_price": 2346.425537109375, "volume": 437243904, "coin": "ETH"}
[2025-02-27T14:57:52.281+0000] {subprocess.py:93} INFO - DEBUG: Parsed record: {"open_price": 2339.3505859375, "close_price": 2346.425537109375, "low_price": 2333.531005859375, "datetime": "2025-02-27T06:00:00.000Z", "high_price": 2357.8662109375, "coin": "ETH", "volume": 437243904}
[2025-02-27T14:57:52.282+0000] {subprocess.py:93} INFO - DEBUG: Emitted: ETH	{"open_price": 2339.3505859375, "close_price": 2346.425537109375, "low_price": 2333.531005859375, "timestamp": "2025-02-27T06:00:00.000Z", "high_price": 2357.8662109375, "volume": 437243904.0}
[2025-02-27T14:57:52.283+0000] {subprocess.py:93} INFO - DEBUG: Received line: {"datetime": "2025-02-27T07:00:00.000Z", "open_price": 2348.233154296875, "high_price": 2366.92529296875, "low_price": 2346.927978515625, "close_price": 2356.70654296875, "volume": 353822720, "coin": "ETH"}
[2025-02-27T14:57:52.283+0000] {subprocess.py:93} INFO - DEBUG: Parsed record: {"open_price": 2348.233154296875, "close_price": 2356.70654296875, "low_price": 2346.927978515625, "datetime": "2025-02-27T07:00:00.000Z", "high_price": 2366.92529296875, "coin": "ETH", "volume": 353822720}
[2025-02-27T14:57:52.284+0000] {subprocess.py:93} INFO - DEBUG: Emitted: ETH	{"open_price": 2348.233154296875, "close_price": 2356.70654296875, "low_price": 2346.927978515625, "timestamp": "2025-02-27T07:00:00.000Z", "high_price": 2366.92529296875, "volume": 353822720.0}
[2025-02-27T14:57:52.285+0000] {subprocess.py:93} INFO - DEBUG: Received line: {"datetime": "2025-02-27T08:00:00.000Z", "open_price": 2354.98291015625, "high_price": 2358.557861328125, "low_price": 2344.286865234375, "close_price": 2349.9755859375, "volume": 291115008, "coin": "ETH"}
[2025-02-27T14:57:52.288+0000] {subprocess.py:93} INFO - DEBUG: Parsed record: {"open_price": 2354.98291015625, "close_price": 2349.9755859375, "low_price": 2344.286865234375, "datetime": "2025-02-27T08:00:00.000Z", "high_price": 2358.557861328125, "coin": "ETH", "volume": 291115008}
[2025-02-27T14:57:52.290+0000] {subprocess.py:93} INFO - DEBUG: Emitted: ETH	{"open_price": 2354.98291015625, "close_price": 2349.9755859375, "low_price": 2344.286865234375, "timestamp": "2025-02-27T08:00:00.000Z", "high_price": 2358.557861328125, "volume": 291115008.0}
[2025-02-27T14:57:52.290+0000] {subprocess.py:93} INFO - DEBUG: Received line: {"datetime": "2025-02-27T09:00:00.000Z", "open_price": 2349.812744140625, "high_price": 2363.654296875, "low_price": 2346.044677734375, "close_price": 2354.90283203125, "volume": 0, "coin": "ETH"}
[2025-02-27T14:57:52.291+0000] {subprocess.py:93} INFO - DEBUG: Parsed record: {"open_price": 2349.812744140625, "close_price": 2354.90283203125, "low_price": 2346.044677734375, "datetime": "2025-02-27T09:00:00.000Z", "high_price": 2363.654296875, "coin": "ETH", "volume": 0}
[2025-02-27T14:57:52.292+0000] {subprocess.py:93} INFO - DEBUG: Emitted: ETH	{"open_price": 2349.812744140625, "close_price": 2354.90283203125, "low_price": 2346.044677734375, "timestamp": "2025-02-27T09:00:00.000Z", "high_price": 2363.654296875, "volume": 0.0}
[2025-02-27T14:57:52.292+0000] {subprocess.py:93} INFO - DEBUG: Received line: {"datetime": "2025-02-27T10:00:00.000Z", "open_price": 2356.952880859375, "high_price": 2375.19140625, "low_price": 2356.162109375, "close_price": 2372.739013671875, "volume": 267560960, "coin": "ETH"}
[2025-02-27T14:57:52.293+0000] {subprocess.py:93} INFO - DEBUG: Parsed record: {"open_price": 2356.952880859375, "close_price": 2372.739013671875, "low_price": 2356.162109375, "datetime": "2025-02-27T10:00:00.000Z", "high_price": 2375.19140625, "coin": "ETH", "volume": 267560960}
[2025-02-27T14:57:52.294+0000] {subprocess.py:93} INFO - DEBUG: Emitted: ETH	{"open_price": 2356.952880859375, "close_price": 2372.739013671875, "low_price": 2356.162109375, "timestamp": "2025-02-27T10:00:00.000Z", "high_price": 2375.19140625, "volume": 267560960.0}
[2025-02-27T14:57:52.294+0000] {subprocess.py:93} INFO - DEBUG: Received line: {"datetime": "2025-02-27T11:00:00.000Z", "open_price": 2375.431396484375, "high_price": 2375.915771484375, "low_price": 2346.939697265625, "close_price": 2349.726806640625, "volume": 0, "coin": "ETH"}
[2025-02-27T14:57:52.295+0000] {subprocess.py:93} INFO - DEBUG: Parsed record: {"open_price": 2375.431396484375, "close_price": 2349.726806640625, "low_price": 2346.939697265625, "datetime": "2025-02-27T11:00:00.000Z", "high_price": 2375.915771484375, "coin": "ETH", "volume": 0}
[2025-02-27T14:57:52.296+0000] {subprocess.py:93} INFO - DEBUG: Emitted: ETH	{"open_price": 2375.431396484375, "close_price": 2349.726806640625, "low_price": 2346.939697265625, "timestamp": "2025-02-27T11:00:00.000Z", "high_price": 2375.915771484375, "volume": 0.0}
[2025-02-27T14:57:52.296+0000] {subprocess.py:93} INFO - DEBUG: Received line: {"datetime": "2025-02-27T12:00:00.000Z", "open_price": 2351.3662109375, "high_price": 2358.822265625, "low_price": 2340.650634765625, "close_price": 2342.7412109375, "volume": 0, "coin": "ETH"}
[2025-02-27T14:57:52.297+0000] {subprocess.py:93} INFO - DEBUG: Parsed record: {"open_price": 2351.3662109375, "close_price": 2342.7412109375, "low_price": 2340.650634765625, "datetime": "2025-02-27T12:00:00.000Z", "high_price": 2358.822265625, "coin": "ETH", "volume": 0}
[2025-02-27T14:57:52.297+0000] {subprocess.py:93} INFO - DEBUG: Emitted: ETH	{"open_price": 2351.3662109375, "close_price": 2342.7412109375, "low_price": 2340.650634765625, "timestamp": "2025-02-27T12:00:00.000Z", "high_price": 2358.822265625, "volume": 0.0}
[2025-02-27T14:57:52.297+0000] {subprocess.py:93} INFO - DEBUG: Received line: {"datetime": "2025-02-27T13:00:00.000Z", "open_price": 2345.1201171875, "high_price": 2356.478759765625, "low_price": 2328.90234375, "close_price": 2335.528564453125, "volume": 0, "coin": "ETH"}
[2025-02-27T14:57:52.298+0000] {subprocess.py:93} INFO - DEBUG: Parsed record: {"open_price": 2345.1201171875, "close_price": 2335.528564453125, "low_price": 2328.90234375, "datetime": "2025-02-27T13:00:00.000Z", "high_price": 2356.478759765625, "coin": "ETH", "volume": 0}
[2025-02-27T14:57:52.298+0000] {subprocess.py:93} INFO - DEBUG: Emitted: ETH	{"open_price": 2345.1201171875, "close_price": 2335.528564453125, "low_price": 2328.90234375, "timestamp": "2025-02-27T13:00:00.000Z", "high_price": 2356.478759765625, "volume": 0.0}
[2025-02-27T14:57:52.299+0000] {subprocess.py:93} INFO - DEBUG: Received line: {"datetime": "2025-02-27T14:00:00.000Z", "open_price": 2335.253173828125, "high_price": 2349.84326171875, "low_price": 2308.035400390625, "close_price": 2308.035400390625, "volume": 2555523072, "coin": "ETH"}
[2025-02-27T14:57:52.299+0000] {subprocess.py:93} INFO - DEBUG: Parsed record: {"open_price": 2335.253173828125, "close_price": 2308.035400390625, "low_price": 2308.035400390625, "datetime": "2025-02-27T14:00:00.000Z", "high_price": 2349.84326171875, "coin": "ETH", "volume": 2555523072}
[2025-02-27T14:57:52.300+0000] {subprocess.py:93} INFO - DEBUG: Emitted: ETH	{"open_price": 2335.253173828125, "close_price": 2308.035400390625, "low_price": 2308.035400390625, "timestamp": "2025-02-27T14:00:00.000Z", "high_price": 2349.84326171875, "volume": 2555523072.0}
[2025-02-27T14:57:52.301+0000] {subprocess.py:93} INFO - DEBUG: Received line: {"datetime": "2025-02-26T14:00:00.000Z", "open_price": 136.28858947753906, "high_price": 137.7576904296875, "low_price": 134.89793395996094, "close_price": 137.7576904296875, "volume": 0, "coin": "SOL"}
[2025-02-27T14:57:52.301+0000] {subprocess.py:93} INFO - DEBUG: Parsed record: {"open_price": 136.28858947753906, "close_price": 137.7576904296875, "low_price": 134.89793395996094, "datetime": "2025-02-26T14:00:00.000Z", "high_price": 137.7576904296875, "coin": "SOL", "volume": 0}
[2025-02-27T14:57:52.301+0000] {subprocess.py:93} INFO - DEBUG: Emitted: SOL	{"open_price": 136.28858947753906, "close_price": 137.7576904296875, "low_price": 134.89793395996094, "timestamp": "2025-02-26T14:00:00.000Z", "high_price": 137.7576904296875, "volume": 0.0}
[2025-02-27T14:57:52.302+0000] {subprocess.py:93} INFO - DEBUG: Received line: {"datetime": "2025-02-26T15:00:00.000Z", "open_price": 137.93052673339844, "high_price": 140.07113647460938, "low_price": 137.93052673339844, "close_price": 138.89273071289062, "volume": 0, "coin": "SOL"}
[2025-02-27T14:57:52.302+0000] {subprocess.py:93} INFO - DEBUG: Parsed record: {"open_price": 137.93052673339844, "close_price": 138.89273071289062, "low_price": 137.93052673339844, "datetime": "2025-02-26T15:00:00.000Z", "high_price": 140.07113647460938, "coin": "SOL", "volume": 0}
[2025-02-27T14:57:52.303+0000] {subprocess.py:93} INFO - DEBUG: Emitted: SOL	{"open_price": 137.93052673339844, "close_price": 138.89273071289062, "low_price": 137.93052673339844, "timestamp": "2025-02-26T15:00:00.000Z", "high_price": 140.07113647460938, "volume": 0.0}
[2025-02-27T14:57:52.303+0000] {subprocess.py:93} INFO - DEBUG: Received line: {"datetime": "2025-02-26T16:00:00.000Z", "open_price": 138.94024658203125, "high_price": 139.10919189453125, "low_price": 137.30711364746094, "close_price": 137.3600616455078, "volume": 0, "coin": "SOL"}
[2025-02-27T14:57:52.303+0000] {subprocess.py:93} INFO - DEBUG: Parsed record: {"open_price": 138.94024658203125, "close_price": 137.3600616455078, "low_price": 137.30711364746094, "datetime": "2025-02-26T16:00:00.000Z", "high_price": 139.10919189453125, "coin": "SOL", "volume": 0}
[2025-02-27T14:57:52.304+0000] {subprocess.py:93} INFO - DEBUG: Emitted: SOL	{"open_price": 138.94024658203125, "close_price": 137.3600616455078, "low_price": 137.30711364746094, "timestamp": "2025-02-26T16:00:00.000Z", "high_price": 139.10919189453125, "volume": 0.0}
[2025-02-27T14:57:52.304+0000] {subprocess.py:93} INFO - DEBUG: Received line: {"datetime": "2025-02-26T17:00:00.000Z", "open_price": 137.30311584472656, "high_price": 137.37725830078125, "low_price": 133.35707092285156, "close_price": 133.35707092285156, "volume": 0, "coin": "SOL"}
[2025-02-27T14:57:52.305+0000] {subprocess.py:93} INFO - DEBUG: Parsed record: {"open_price": 137.30311584472656, "close_price": 133.35707092285156, "low_price": 133.35707092285156, "datetime": "2025-02-26T17:00:00.000Z", "high_price": 137.37725830078125, "coin": "SOL", "volume": 0}
[2025-02-27T14:57:52.305+0000] {subprocess.py:93} INFO - DEBUG: Emitted: SOL	{"open_price": 137.30311584472656, "close_price": 133.35707092285156, "low_price": 133.35707092285156, "timestamp": "2025-02-26T17:00:00.000Z", "high_price": 137.37725830078125, "volume": 0.0}
[2025-02-27T14:57:52.306+0000] {subprocess.py:93} INFO - DEBUG: Received line: {"datetime": "2025-02-26T18:00:00.000Z", "open_price": 133.4832763671875, "high_price": 134.28997802734375, "low_price": 130.7115020751953, "close_price": 130.77430725097656, "volume": 315484928, "coin": "SOL"}
[2025-02-27T14:57:52.306+0000] {subprocess.py:93} INFO - DEBUG: Parsed record: {"open_price": 133.4832763671875, "close_price": 130.77430725097656, "low_price": 130.7115020751953, "datetime": "2025-02-26T18:00:00.000Z", "high_price": 134.28997802734375, "coin": "SOL", "volume": 315484928}
[2025-02-27T14:57:52.306+0000] {subprocess.py:93} INFO - DEBUG: Emitted: SOL	{"open_price": 133.4832763671875, "close_price": 130.77430725097656, "low_price": 130.7115020751953, "timestamp": "2025-02-26T18:00:00.000Z", "high_price": 134.28997802734375, "volume": 315484928.0}
[2025-02-27T14:57:52.307+0000] {subprocess.py:93} INFO - DEBUG: Received line: {"datetime": "2025-02-26T19:00:00.000Z", "open_price": 130.93914794921875, "high_price": 133.0337677001953, "low_price": 130.91722106933594, "close_price": 131.86093139648438, "volume": 241394176, "coin": "SOL"}
[2025-02-27T14:57:52.307+0000] {subprocess.py:93} INFO - DEBUG: Parsed record: {"open_price": 130.93914794921875, "close_price": 131.86093139648438, "low_price": 130.91722106933594, "datetime": "2025-02-26T19:00:00.000Z", "high_price": 133.0337677001953, "coin": "SOL", "volume": 241394176}
[2025-02-27T14:57:52.308+0000] {subprocess.py:93} INFO - DEBUG: Emitted: SOL	{"open_price": 130.93914794921875, "close_price": 131.86093139648438, "low_price": 130.91722106933594, "timestamp": "2025-02-26T19:00:00.000Z", "high_price": 133.0337677001953, "volume": 241394176.0}
[2025-02-27T14:57:52.308+0000] {subprocess.py:93} INFO - DEBUG: Received line: {"datetime": "2025-02-26T20:00:00.000Z", "open_price": 131.83303833007812, "high_price": 135.1509552001953, "low_price": 131.3743896484375, "close_price": 135.09347534179688, "volume": 174727168, "coin": "SOL"}
[2025-02-27T14:57:52.309+0000] {subprocess.py:93} INFO - DEBUG: Parsed record: {"open_price": 131.83303833007812, "close_price": 135.09347534179688, "low_price": 131.3743896484375, "datetime": "2025-02-26T20:00:00.000Z", "high_price": 135.1509552001953, "coin": "SOL", "volume": 174727168}
[2025-02-27T14:57:52.309+0000] {subprocess.py:93} INFO - DEBUG: Emitted: SOL	{"open_price": 131.83303833007812, "close_price": 135.09347534179688, "low_price": 131.3743896484375, "timestamp": "2025-02-26T20:00:00.000Z", "high_price": 135.1509552001953, "volume": 174727168.0}
[2025-02-27T14:57:52.310+0000] {subprocess.py:93} INFO - DEBUG: Received line: {"datetime": "2025-02-26T21:00:00.000Z", "open_price": 135.04331970214844, "high_price": 136.1850128173828, "low_price": 134.13272094726562, "close_price": 135.0355682373047, "volume": 132695040, "coin": "SOL"}
[2025-02-27T14:57:52.310+0000] {subprocess.py:93} INFO - DEBUG: Parsed record: {"open_price": 135.04331970214844, "close_price": 135.0355682373047, "low_price": 134.13272094726562, "datetime": "2025-02-26T21:00:00.000Z", "high_price": 136.1850128173828, "coin": "SOL", "volume": 132695040}
[2025-02-27T14:57:52.311+0000] {subprocess.py:93} INFO - DEBUG: Emitted: SOL	{"open_price": 135.04331970214844, "close_price": 135.0355682373047, "low_price": 134.13272094726562, "timestamp": "2025-02-26T21:00:00.000Z", "high_price": 136.1850128173828, "volume": 132695040.0}
[2025-02-27T14:57:52.311+0000] {subprocess.py:93} INFO - DEBUG: Received line: {"datetime": "2025-02-26T22:00:00.000Z", "open_price": 135.3206329345703, "high_price": 137.2047576904297, "low_price": 135.3206329345703, "close_price": 135.83172607421875, "volume": 32930816, "coin": "SOL"}
[2025-02-27T14:57:52.311+0000] {subprocess.py:93} INFO - DEBUG: Parsed record: {"open_price": 135.3206329345703, "close_price": 135.83172607421875, "low_price": 135.3206329345703, "datetime": "2025-02-26T22:00:00.000Z", "high_price": 137.2047576904297, "coin": "SOL", "volume": 32930816}
[2025-02-27T14:57:52.312+0000] {subprocess.py:93} INFO - DEBUG: Emitted: SOL	{"open_price": 135.3206329345703, "close_price": 135.83172607421875, "low_price": 135.3206329345703, "timestamp": "2025-02-26T22:00:00.000Z", "high_price": 137.2047576904297, "volume": 32930816.0}
[2025-02-27T14:57:52.312+0000] {subprocess.py:93} INFO - DEBUG: Received line: {"datetime": "2025-02-26T23:00:00.000Z", "open_price": 135.82211303710938, "high_price": 136.26834106445312, "low_price": 134.5944366455078, "close_price": 134.8170928955078, "volume": 0, "coin": "SOL"}
[2025-02-27T14:57:52.312+0000] {subprocess.py:93} INFO - DEBUG: Parsed record: {"open_price": 135.82211303710938, "close_price": 134.8170928955078, "low_price": 134.5944366455078, "datetime": "2025-02-26T23:00:00.000Z", "high_price": 136.26834106445312, "coin": "SOL", "volume": 0}
[2025-02-27T14:57:52.313+0000] {subprocess.py:93} INFO - DEBUG: Emitted: SOL	{"open_price": 135.82211303710938, "close_price": 134.8170928955078, "low_price": 134.5944366455078, "timestamp": "2025-02-26T23:00:00.000Z", "high_price": 136.26834106445312, "volume": 0.0}
[2025-02-27T14:57:52.313+0000] {subprocess.py:93} INFO - DEBUG: Received line: {"datetime": "2025-02-27T00:00:00.000Z", "open_price": 134.8675079345703, "high_price": 136.7035369873047, "low_price": 134.8675079345703, "close_price": 136.60684204101562, "volume": 45371904, "coin": "SOL"}
[2025-02-27T14:57:52.313+0000] {subprocess.py:93} INFO - DEBUG: Parsed record: {"open_price": 134.8675079345703, "close_price": 136.60684204101562, "low_price": 134.8675079345703, "datetime": "2025-02-27T00:00:00.000Z", "high_price": 136.7035369873047, "coin": "SOL", "volume": 45371904}
[2025-02-27T14:57:52.313+0000] {subprocess.py:93} INFO - DEBUG: Emitted: SOL	{"open_price": 134.8675079345703, "close_price": 136.60684204101562, "low_price": 134.8675079345703, "timestamp": "2025-02-27T00:00:00.000Z", "high_price": 136.7035369873047, "volume": 45371904.0}
[2025-02-27T14:57:52.314+0000] {subprocess.py:93} INFO - DEBUG: Received line: {"datetime": "2025-02-27T01:00:00.000Z", "open_price": 135.97393798828125, "high_price": 137.99508666992188, "low_price": 135.15660095214844, "close_price": 137.19895935058594, "volume": 73223680, "coin": "SOL"}
[2025-02-27T14:57:52.314+0000] {subprocess.py:93} INFO - DEBUG: Parsed record: {"open_price": 135.97393798828125, "close_price": 137.19895935058594, "low_price": 135.15660095214844, "datetime": "2025-02-27T01:00:00.000Z", "high_price": 137.99508666992188, "coin": "SOL", "volume": 73223680}
[2025-02-27T14:57:52.314+0000] {subprocess.py:93} INFO - DEBUG: Emitted: SOL	{"open_price": 135.97393798828125, "close_price": 137.19895935058594, "low_price": 135.15660095214844, "timestamp": "2025-02-27T01:00:00.000Z", "high_price": 137.99508666992188, "volume": 73223680.0}
[2025-02-27T14:57:52.315+0000] {subprocess.py:93} INFO - DEBUG: Received line: {"datetime": "2025-02-27T02:00:00.000Z", "open_price": 136.93316650390625, "high_price": 137.830322265625, "low_price": 135.6988983154297, "close_price": 135.6988983154297, "volume": 28258816, "coin": "SOL"}
[2025-02-27T14:57:52.315+0000] {subprocess.py:93} INFO - DEBUG: Parsed record: {"open_price": 136.93316650390625, "close_price": 135.6988983154297, "low_price": 135.6988983154297, "datetime": "2025-02-27T02:00:00.000Z", "high_price": 137.830322265625, "coin": "SOL", "volume": 28258816}
[2025-02-27T14:57:52.315+0000] {subprocess.py:93} INFO - DEBUG: Emitted: SOL	{"open_price": 136.93316650390625, "close_price": 135.6988983154297, "low_price": 135.6988983154297, "timestamp": "2025-02-27T02:00:00.000Z", "high_price": 137.830322265625, "volume": 28258816.0}
[2025-02-27T14:57:52.316+0000] {subprocess.py:93} INFO - DEBUG: Received line: {"datetime": "2025-02-27T03:00:00.000Z", "open_price": 135.64569091796875, "high_price": 138.7979736328125, "low_price": 135.6219940185547, "close_price": 138.6937713623047, "volume": 26070528, "coin": "SOL"}
[2025-02-27T14:57:52.316+0000] {subprocess.py:93} INFO - DEBUG: Parsed record: {"open_price": 135.64569091796875, "close_price": 138.6937713623047, "low_price": 135.6219940185547, "datetime": "2025-02-27T03:00:00.000Z", "high_price": 138.7979736328125, "coin": "SOL", "volume": 26070528}
[2025-02-27T14:57:52.316+0000] {subprocess.py:93} INFO - DEBUG: Emitted: SOL	{"open_price": 135.64569091796875, "close_price": 138.6937713623047, "low_price": 135.6219940185547, "timestamp": "2025-02-27T03:00:00.000Z", "high_price": 138.7979736328125, "volume": 26070528.0}
[2025-02-27T14:57:52.317+0000] {subprocess.py:93} INFO - DEBUG: Received line: {"datetime": "2025-02-27T04:00:00.000Z", "open_price": 138.6573486328125, "high_price": 139.0325469970703, "low_price": 137.0433349609375, "close_price": 137.8291015625, "volume": 0, "coin": "SOL"}
[2025-02-27T14:57:52.317+0000] {subprocess.py:93} INFO - DEBUG: Parsed record: {"open_price": 138.6573486328125, "close_price": 137.8291015625, "low_price": 137.0433349609375, "datetime": "2025-02-27T04:00:00.000Z", "high_price": 139.0325469970703, "coin": "SOL", "volume": 0}
[2025-02-27T14:57:52.318+0000] {subprocess.py:93} INFO - DEBUG: Emitted: SOL	{"open_price": 138.6573486328125, "close_price": 137.8291015625, "low_price": 137.0433349609375, "timestamp": "2025-02-27T04:00:00.000Z", "high_price": 139.0325469970703, "volume": 0.0}
[2025-02-27T14:57:52.318+0000] {subprocess.py:93} INFO - DEBUG: Received line: {"datetime": "2025-02-27T05:00:00.000Z", "open_price": 137.84889221191406, "high_price": 139.6351776123047, "low_price": 137.71023559570312, "close_price": 139.6247100830078, "volume": 57325568, "coin": "SOL"}
[2025-02-27T14:57:52.319+0000] {subprocess.py:93} INFO - DEBUG: Parsed record: {"open_price": 137.84889221191406, "close_price": 139.6247100830078, "low_price": 137.71023559570312, "datetime": "2025-02-27T05:00:00.000Z", "high_price": 139.6351776123047, "coin": "SOL", "volume": 57325568}
[2025-02-27T14:57:52.320+0000] {subprocess.py:93} INFO - DEBUG: Emitted: SOL	{"open_price": 137.84889221191406, "close_price": 139.6247100830078, "low_price": 137.71023559570312, "timestamp": "2025-02-27T05:00:00.000Z", "high_price": 139.6351776123047, "volume": 57325568.0}
[2025-02-27T14:57:52.320+0000] {subprocess.py:93} INFO - DEBUG: Received line: {"datetime": "2025-02-27T06:00:00.000Z", "open_price": 139.59181213378906, "high_price": 142.12982177734375, "low_price": 139.59181213378906, "close_price": 142.00355529785156, "volume": 165191680, "coin": "SOL"}
[2025-02-27T14:57:52.321+0000] {subprocess.py:93} INFO - DEBUG: Parsed record: {"open_price": 139.59181213378906, "close_price": 142.00355529785156, "low_price": 139.59181213378906, "datetime": "2025-02-27T06:00:00.000Z", "high_price": 142.12982177734375, "coin": "SOL", "volume": 165191680}
[2025-02-27T14:57:52.321+0000] {subprocess.py:93} INFO - DEBUG: Emitted: SOL	{"open_price": 139.59181213378906, "close_price": 142.00355529785156, "low_price": 139.59181213378906, "timestamp": "2025-02-27T06:00:00.000Z", "high_price": 142.12982177734375, "volume": 165191680.0}
[2025-02-27T14:57:52.322+0000] {subprocess.py:93} INFO - DEBUG: Received line: {"datetime": "2025-02-27T07:00:00.000Z", "open_price": 142.04039001464844, "high_price": 142.04039001464844, "low_price": 141.14935302734375, "close_price": 141.29470825195312, "volume": 9073664, "coin": "SOL"}
[2025-02-27T14:57:52.322+0000] {subprocess.py:93} INFO - DEBUG: Parsed record: {"open_price": 142.04039001464844, "close_price": 141.29470825195312, "low_price": 141.14935302734375, "datetime": "2025-02-27T07:00:00.000Z", "high_price": 142.04039001464844, "coin": "SOL", "volume": 9073664}
[2025-02-27T14:57:52.323+0000] {subprocess.py:93} INFO - DEBUG: Emitted: SOL	{"open_price": 142.04039001464844, "close_price": 141.29470825195312, "low_price": 141.14935302734375, "timestamp": "2025-02-27T07:00:00.000Z", "high_price": 142.04039001464844, "volume": 9073664.0}
[2025-02-27T14:57:52.324+0000] {subprocess.py:93} INFO - DEBUG: Received line: {"datetime": "2025-02-27T08:00:00.000Z", "open_price": 141.2582244873047, "high_price": 141.2582244873047, "low_price": 139.2867431640625, "close_price": 139.32542419433594, "volume": 0, "coin": "SOL"}
[2025-02-27T14:57:52.324+0000] {subprocess.py:93} INFO - DEBUG: Parsed record: {"open_price": 141.2582244873047, "close_price": 139.32542419433594, "low_price": 139.2867431640625, "datetime": "2025-02-27T08:00:00.000Z", "high_price": 141.2582244873047, "coin": "SOL", "volume": 0}
[2025-02-27T14:57:52.325+0000] {subprocess.py:93} INFO - DEBUG: Emitted: SOL	{"open_price": 141.2582244873047, "close_price": 139.32542419433594, "low_price": 139.2867431640625, "timestamp": "2025-02-27T08:00:00.000Z", "high_price": 141.2582244873047, "volume": 0.0}
[2025-02-27T14:57:52.328+0000] {subprocess.py:93} INFO - DEBUG: Received line: {"datetime": "2025-02-27T09:00:00.000Z", "open_price": 139.32424926757812, "high_price": 141.04457092285156, "low_price": 139.32424926757812, "close_price": 140.329833984375, "volume": 20630528, "coin": "SOL"}
[2025-02-27T14:57:52.328+0000] {subprocess.py:93} INFO - DEBUG: Parsed record: {"open_price": 139.32424926757812, "close_price": 140.329833984375, "low_price": 139.32424926757812, "datetime": "2025-02-27T09:00:00.000Z", "high_price": 141.04457092285156, "coin": "SOL", "volume": 20630528}
[2025-02-27T14:57:52.329+0000] {subprocess.py:93} INFO - DEBUG: Emitted: SOL	{"open_price": 139.32424926757812, "close_price": 140.329833984375, "low_price": 139.32424926757812, "timestamp": "2025-02-27T09:00:00.000Z", "high_price": 141.04457092285156, "volume": 20630528.0}
[2025-02-27T14:57:52.329+0000] {subprocess.py:93} INFO - DEBUG: Received line: {"datetime": "2025-02-27T10:00:00.000Z", "open_price": 140.38316345214844, "high_price": 141.97535705566406, "low_price": 140.38316345214844, "close_price": 141.9732666015625, "volume": 59934208, "coin": "SOL"}
[2025-02-27T14:57:52.330+0000] {subprocess.py:93} INFO - DEBUG: Parsed record: {"open_price": 140.38316345214844, "close_price": 141.9732666015625, "low_price": 140.38316345214844, "datetime": "2025-02-27T10:00:00.000Z", "high_price": 141.97535705566406, "coin": "SOL", "volume": 59934208}
[2025-02-27T14:57:52.330+0000] {subprocess.py:93} INFO - DEBUG: Emitted: SOL	{"open_price": 140.38316345214844, "close_price": 141.9732666015625, "low_price": 140.38316345214844, "timestamp": "2025-02-27T10:00:00.000Z", "high_price": 141.97535705566406, "volume": 59934208.0}
[2025-02-27T14:57:52.331+0000] {subprocess.py:93} INFO - DEBUG: Received line: {"datetime": "2025-02-27T11:00:00.000Z", "open_price": 142.01663208007812, "high_price": 142.13758850097656, "low_price": 139.97584533691406, "close_price": 140.24716186523438, "volume": 0, "coin": "SOL"}
[2025-02-27T14:57:52.331+0000] {subprocess.py:93} INFO - DEBUG: Parsed record: {"open_price": 142.01663208007812, "close_price": 140.24716186523438, "low_price": 139.97584533691406, "datetime": "2025-02-27T11:00:00.000Z", "high_price": 142.13758850097656, "coin": "SOL", "volume": 0}
[2025-02-27T14:57:52.332+0000] {subprocess.py:93} INFO - DEBUG: Emitted: SOL	{"open_price": 142.01663208007812, "close_price": 140.24716186523438, "low_price": 139.97584533691406, "timestamp": "2025-02-27T11:00:00.000Z", "high_price": 142.13758850097656, "volume": 0.0}
[2025-02-27T14:57:52.333+0000] {subprocess.py:93} INFO - DEBUG: Received line: {"datetime": "2025-02-27T12:00:00.000Z", "open_price": 140.2550811767578, "high_price": 140.7955780029297, "low_price": 139.5220184326172, "close_price": 140.09959411621094, "volume": 0, "coin": "SOL"}
[2025-02-27T14:57:52.333+0000] {subprocess.py:93} INFO - DEBUG: Parsed record: {"open_price": 140.2550811767578, "close_price": 140.09959411621094, "low_price": 139.5220184326172, "datetime": "2025-02-27T12:00:00.000Z", "high_price": 140.7955780029297, "coin": "SOL", "volume": 0}
[2025-02-27T14:57:52.334+0000] {subprocess.py:93} INFO - DEBUG: Emitted: SOL	{"open_price": 140.2550811767578, "close_price": 140.09959411621094, "low_price": 139.5220184326172, "timestamp": "2025-02-27T12:00:00.000Z", "high_price": 140.7955780029297, "volume": 0.0}
[2025-02-27T14:57:52.334+0000] {subprocess.py:93} INFO - DEBUG: Received line: {"datetime": "2025-02-27T13:00:00.000Z", "open_price": 140.12513732910156, "high_price": 140.75045776367188, "low_price": 139.3409881591797, "close_price": 139.3409881591797, "volume": 0, "coin": "SOL"}
[2025-02-27T14:57:52.335+0000] {subprocess.py:93} INFO - DEBUG: Parsed record: {"open_price": 140.12513732910156, "close_price": 139.3409881591797, "low_price": 139.3409881591797, "datetime": "2025-02-27T13:00:00.000Z", "high_price": 140.75045776367188, "coin": "SOL", "volume": 0}
[2025-02-27T14:57:52.336+0000] {subprocess.py:93} INFO - DEBUG: Emitted: SOL	{"open_price": 140.12513732910156, "close_price": 139.3409881591797, "low_price": 139.3409881591797, "timestamp": "2025-02-27T13:00:00.000Z", "high_price": 140.75045776367188, "volume": 0.0}
[2025-02-27T14:57:52.337+0000] {subprocess.py:93} INFO - DEBUG: Received line: {"datetime": "2025-02-27T14:00:00.000Z", "open_price": 139.32742309570312, "high_price": 139.66029357910156, "low_price": 137.35989379882812, "close_price": 137.35989379882812, "volume": 6006272, "coin": "SOL"}
[2025-02-27T14:57:52.337+0000] {subprocess.py:93} INFO - DEBUG: Parsed record: {"open_price": 139.32742309570312, "close_price": 137.35989379882812, "low_price": 137.35989379882812, "datetime": "2025-02-27T14:00:00.000Z", "high_price": 139.66029357910156, "coin": "SOL", "volume": 6006272}
[2025-02-27T14:57:52.338+0000] {subprocess.py:93} INFO - DEBUG: Emitted: SOL	{"open_price": 139.32742309570312, "close_price": 137.35989379882812, "low_price": 137.35989379882812, "timestamp": "2025-02-27T14:00:00.000Z", "high_price": 139.66029357910156, "volume": 6006272.0}
[2025-02-27T14:57:52.338+0000] {subprocess.py:93} INFO - 2025-02-27 14:57:52,195 INFO streaming.PipeMapRed: MRErrorThread done
[2025-02-27T14:57:52.339+0000] {subprocess.py:93} INFO - 2025-02-27 14:57:52,195 INFO streaming.PipeMapRed: mapRedFinished
[2025-02-27T14:57:52.340+0000] {subprocess.py:93} INFO - 2025-02-27 14:57:52,201 INFO mapred.LocalJobRunner:
[2025-02-27T14:57:52.340+0000] {subprocess.py:93} INFO - 2025-02-27 14:57:52,201 INFO mapred.MapTask: Starting flush of map output
[2025-02-27T14:57:52.341+0000] {subprocess.py:93} INFO - 2025-02-27 14:57:52,201 INFO mapred.MapTask: Spilling map output
[2025-02-27T14:57:52.341+0000] {subprocess.py:93} INFO - 2025-02-27 14:57:52,201 INFO mapred.MapTask: bufstart = 0; bufend = 14406; bufvoid = 104857600
[2025-02-27T14:57:52.342+0000] {subprocess.py:93} INFO - 2025-02-27 14:57:52,201 INFO mapred.MapTask: kvstart = 26214396(104857584); kvend = 26214100(104856400); length = 297/6553600
[2025-02-27T14:57:52.343+0000] {subprocess.py:93} INFO - 2025-02-27 14:57:52,217 INFO mapred.MapTask: Finished spill 0
[2025-02-27T14:57:52.343+0000] {subprocess.py:93} INFO - 2025-02-27 14:57:52,253 INFO mapred.Task: Task:attempt_local227931754_0001_m_000000_0 is done. And is in the process of committing
[2025-02-27T14:57:52.344+0000] {subprocess.py:93} INFO - 2025-02-27 14:57:52,260 INFO mapred.LocalJobRunner: Records R/W=75/1
[2025-02-27T14:57:52.345+0000] {subprocess.py:93} INFO - 2025-02-27 14:57:52,261 INFO mapred.Task: Task 'attempt_local227931754_0001_m_000000_0' done.
[2025-02-27T14:57:52.345+0000] {subprocess.py:93} INFO - 2025-02-27 14:57:52,274 INFO mapred.Task: Final Counters for attempt_local227931754_0001_m_000000_0: Counters: 23
[2025-02-27T14:57:52.346+0000] {subprocess.py:93} INFO - 	File System Counters
[2025-02-27T14:57:52.346+0000] {subprocess.py:93} INFO - 		FILE: Number of bytes read=180901
[2025-02-27T14:57:52.347+0000] {subprocess.py:93} INFO - 		FILE: Number of bytes written=724580
[2025-02-27T14:57:52.348+0000] {subprocess.py:93} INFO - 		FILE: Number of read operations=0
[2025-02-27T14:57:52.348+0000] {subprocess.py:93} INFO - 		FILE: Number of large read operations=0
[2025-02-27T14:57:52.349+0000] {subprocess.py:93} INFO - 		FILE: Number of write operations=0
[2025-02-27T14:57:52.349+0000] {subprocess.py:93} INFO - 		HDFS: Number of bytes read=14931
[2025-02-27T14:57:52.350+0000] {subprocess.py:93} INFO - 		HDFS: Number of bytes written=0
[2025-02-27T14:57:52.351+0000] {subprocess.py:93} INFO - 		HDFS: Number of read operations=5
[2025-02-27T14:57:52.351+0000] {subprocess.py:93} INFO - 		HDFS: Number of large read operations=0
[2025-02-27T14:57:52.352+0000] {subprocess.py:93} INFO - 		HDFS: Number of write operations=1
[2025-02-27T14:57:52.353+0000] {subprocess.py:93} INFO - 		HDFS: Number of bytes read erasure-coded=0
[2025-02-27T14:57:52.354+0000] {subprocess.py:93} INFO - 	Map-Reduce Framework
[2025-02-27T14:57:52.354+0000] {subprocess.py:93} INFO - 		Map input records=75
[2025-02-27T14:57:52.355+0000] {subprocess.py:93} INFO - 		Map output records=75
[2025-02-27T14:57:52.355+0000] {subprocess.py:93} INFO - 		Map output bytes=14406
[2025-02-27T14:57:52.356+0000] {subprocess.py:93} INFO - 		Map output materialized bytes=14637
[2025-02-27T14:57:52.357+0000] {subprocess.py:93} INFO - 		Input split bytes=137
[2025-02-27T14:57:52.358+0000] {subprocess.py:93} INFO - 		Combine input records=0
[2025-02-27T14:57:52.359+0000] {subprocess.py:93} INFO - 		Spilled Records=75
[2025-02-27T14:57:52.360+0000] {subprocess.py:93} INFO - 		Failed Shuffles=0
[2025-02-27T14:57:52.360+0000] {subprocess.py:93} INFO - 		Merged Map outputs=0
[2025-02-27T14:57:52.361+0000] {subprocess.py:93} INFO - 		GC time elapsed (ms)=11
[2025-02-27T14:57:52.362+0000] {subprocess.py:93} INFO - 		Total committed heap usage (bytes)=280494080
[2025-02-27T14:57:52.364+0000] {subprocess.py:93} INFO - 	File Input Format Counters
[2025-02-27T14:57:52.367+0000] {subprocess.py:93} INFO - 		Bytes Read=14931
[2025-02-27T14:57:52.368+0000] {subprocess.py:93} INFO - 2025-02-27 14:57:52,277 INFO mapred.LocalJobRunner: Finishing task: attempt_local227931754_0001_m_000000_0
[2025-02-27T14:57:52.371+0000] {subprocess.py:93} INFO - 2025-02-27 14:57:52,278 INFO mapred.LocalJobRunner: map task executor complete.
[2025-02-27T14:57:52.371+0000] {subprocess.py:93} INFO - 2025-02-27 14:57:52,284 INFO mapred.LocalJobRunner: Waiting for reduce tasks
[2025-02-27T14:57:52.372+0000] {subprocess.py:93} INFO - 2025-02-27 14:57:52,286 INFO mapred.LocalJobRunner: Starting task: attempt_local227931754_0001_r_000000_0
[2025-02-27T14:57:52.373+0000] {subprocess.py:93} INFO - 2025-02-27 14:57:52,298 INFO output.FileOutputCommitter: File Output Committer Algorithm version is 2
[2025-02-27T14:57:52.373+0000] {subprocess.py:93} INFO - 2025-02-27 14:57:52,298 INFO output.FileOutputCommitter: FileOutputCommitter skip cleanup _temporary folders under output directory:false, ignore cleanup failures: false
[2025-02-27T14:57:52.374+0000] {subprocess.py:93} INFO - 2025-02-27 14:57:52,298 INFO mapred.Task:  Using ResourceCalculatorProcessTree : [ ]
[2025-02-27T14:57:52.375+0000] {subprocess.py:93} INFO - 2025-02-27 14:57:52,302 INFO mapred.ReduceTask: Using ShuffleConsumerPlugin: org.apache.hadoop.mapreduce.task.reduce.Shuffle@3f84d332
[2025-02-27T14:57:52.375+0000] {subprocess.py:93} INFO - 2025-02-27 14:57:52,304 WARN impl.MetricsSystemImpl: JobTracker metrics system already initialized!
[2025-02-27T14:57:52.376+0000] {subprocess.py:93} INFO - 2025-02-27 14:57:52,327 INFO reduce.MergeManagerImpl: MergerManager: memoryLimit=668309888, maxSingleShuffleLimit=167077472, mergeThreshold=441084544, ioSortFactor=10, memToMemMergeOutputsThreshold=10
[2025-02-27T14:57:52.377+0000] {subprocess.py:93} INFO - 2025-02-27 14:57:52,332 INFO reduce.EventFetcher: attempt_local227931754_0001_r_000000_0 Thread started: EventFetcher for fetching Map Completion Events
[2025-02-27T14:57:52.391+0000] {subprocess.py:93} INFO - 2025-02-27 14:57:52,389 INFO reduce.LocalFetcher: localfetcher#1 about to shuffle output of map attempt_local227931754_0001_m_000000_0 decomp: 14633 len: 14637 to MEMORY
[2025-02-27T14:57:52.402+0000] {subprocess.py:93} INFO - 2025-02-27 14:57:52,400 INFO reduce.InMemoryMapOutput: Read 14633 bytes from map-output for attempt_local227931754_0001_m_000000_0
[2025-02-27T14:57:52.405+0000] {subprocess.py:93} INFO - 2025-02-27 14:57:52,403 INFO reduce.MergeManagerImpl: closeInMemoryFile -> map-output of size: 14633, inMemoryMapOutputs.size() -> 1, commitMemory -> 0, usedMemory ->14633
[2025-02-27T14:57:52.408+0000] {subprocess.py:93} INFO - 2025-02-27 14:57:52,406 INFO reduce.EventFetcher: EventFetcher is interrupted.. Returning
[2025-02-27T14:57:52.409+0000] {subprocess.py:93} INFO - 2025-02-27 14:57:52,407 INFO mapred.LocalJobRunner: 1 / 1 copied.
[2025-02-27T14:57:52.410+0000] {subprocess.py:93} INFO - 2025-02-27 14:57:52,408 INFO reduce.MergeManagerImpl: finalMerge called with 1 in-memory map-outputs and 0 on-disk map-outputs
[2025-02-27T14:57:52.426+0000] {subprocess.py:93} INFO - 2025-02-27 14:57:52,423 INFO mapred.Merger: Merging 1 sorted segments
[2025-02-27T14:57:52.427+0000] {subprocess.py:93} INFO - 2025-02-27 14:57:52,424 INFO mapred.Merger: Down to the last merge-pass, with 1 segments left of total size: 14626 bytes
[2025-02-27T14:57:52.433+0000] {subprocess.py:93} INFO - 2025-02-27 14:57:52,427 INFO reduce.MergeManagerImpl: Merged 1 segments, 14633 bytes to disk to satisfy reduce memory limit
[2025-02-27T14:57:52.436+0000] {subprocess.py:93} INFO - 2025-02-27 14:57:52,428 INFO reduce.MergeManagerImpl: Merging 1 files, 14637 bytes from disk
[2025-02-27T14:57:52.438+0000] {subprocess.py:93} INFO - 2025-02-27 14:57:52,429 INFO reduce.MergeManagerImpl: Merging 0 segments, 0 bytes from memory into reduce
[2025-02-27T14:57:52.439+0000] {subprocess.py:93} INFO - 2025-02-27 14:57:52,429 INFO mapred.Merger: Merging 1 sorted segments
[2025-02-27T14:57:52.441+0000] {subprocess.py:93} INFO - 2025-02-27 14:57:52,430 INFO mapred.Merger: Down to the last merge-pass, with 1 segments left of total size: 14626 bytes
[2025-02-27T14:57:52.442+0000] {subprocess.py:93} INFO - 2025-02-27 14:57:52,431 INFO mapred.LocalJobRunner: 1 / 1 copied.
[2025-02-27T14:57:52.444+0000] {subprocess.py:93} INFO - 2025-02-27 14:57:52,441 INFO streaming.PipeMapRed: PipeMapRed exec [/usr/bin/python, reducer.py]
[2025-02-27T14:57:52.453+0000] {subprocess.py:93} INFO - 2025-02-27 14:57:52,446 INFO Configuration.deprecation: mapred.job.tracker is deprecated. Instead, use mapreduce.jobtracker.address
[2025-02-27T14:57:52.455+0000] {subprocess.py:93} INFO - 2025-02-27 14:57:52,446 INFO Configuration.deprecation: mapred.map.tasks is deprecated. Instead, use mapreduce.job.maps
[2025-02-27T14:57:52.506+0000] {subprocess.py:93} INFO - 2025-02-27 14:57:52,505 INFO streaming.PipeMapRed: R/W/S=1/0/0 in:NA [rec/s] out:NA [rec/s]
[2025-02-27T14:57:52.508+0000] {subprocess.py:93} INFO - 2025-02-27 14:57:52,506 INFO streaming.PipeMapRed: R/W/S=10/0/0 in:NA [rec/s] out:NA [rec/s]
[2025-02-27T14:57:52.516+0000] {subprocess.py:93} INFO - 2025-02-27 14:57:52,514 INFO streaming.PipeMapRed: Records R/W=75/1
[2025-02-27T14:57:52.520+0000] {subprocess.py:93} INFO - 2025-02-27 14:57:52,518 INFO streaming.PipeMapRed: MRErrorThread done
[2025-02-27T14:57:52.521+0000] {subprocess.py:93} INFO - 2025-02-27 14:57:52,518 INFO streaming.PipeMapRed: mapRedFinished
[2025-02-27T14:57:52.541+0000] {subprocess.py:93} INFO - 2025-02-27 14:57:52,540 INFO sasl.SaslDataTransferClient: SASL encryption trust check: localHostTrusted = false, remoteHostTrusted = false
[2025-02-27T14:57:52.574+0000] {subprocess.py:93} INFO - 2025-02-27 14:57:52,572 INFO mapred.Task: Task:attempt_local227931754_0001_r_000000_0 is done. And is in the process of committing
[2025-02-27T14:57:52.578+0000] {subprocess.py:93} INFO - 2025-02-27 14:57:52,576 INFO mapred.LocalJobRunner: 1 / 1 copied.
[2025-02-27T14:57:52.579+0000] {subprocess.py:93} INFO - 2025-02-27 14:57:52,576 INFO mapred.Task: Task attempt_local227931754_0001_r_000000_0 is allowed to commit now
[2025-02-27T14:57:52.611+0000] {subprocess.py:93} INFO - 2025-02-27 14:57:52,609 INFO output.FileOutputCommitter: Saved output of task 'attempt_local227931754_0001_r_000000_0' to hdfs://namenode:9000/user/etudiant/crypto/processed/YYYY=2025/MM=02/DD=27
[2025-02-27T14:57:52.612+0000] {subprocess.py:93} INFO - 2025-02-27 14:57:52,611 INFO mapred.LocalJobRunner: Records R/W=75/1 > reduce
[2025-02-27T14:57:52.613+0000] {subprocess.py:93} INFO - 2025-02-27 14:57:52,611 INFO mapred.Task: Task 'attempt_local227931754_0001_r_000000_0' done.
[2025-02-27T14:57:52.614+0000] {subprocess.py:93} INFO - 2025-02-27 14:57:52,612 INFO mapred.Task: Final Counters for attempt_local227931754_0001_r_000000_0: Counters: 30
[2025-02-27T14:57:52.615+0000] {subprocess.py:93} INFO - 	File System Counters
[2025-02-27T14:57:52.615+0000] {subprocess.py:93} INFO - 		FILE: Number of bytes read=210207
[2025-02-27T14:57:52.616+0000] {subprocess.py:93} INFO - 		FILE: Number of bytes written=739217
[2025-02-27T14:57:52.616+0000] {subprocess.py:93} INFO - 		FILE: Number of read operations=0
[2025-02-27T14:57:52.617+0000] {subprocess.py:93} INFO - 		FILE: Number of large read operations=0
[2025-02-27T14:57:52.617+0000] {subprocess.py:93} INFO - 		FILE: Number of write operations=0
[2025-02-27T14:57:52.618+0000] {subprocess.py:93} INFO - 		HDFS: Number of bytes read=14931
[2025-02-27T14:57:52.619+0000] {subprocess.py:93} INFO - 		HDFS: Number of bytes written=567
[2025-02-27T14:57:52.619+0000] {subprocess.py:93} INFO - 		HDFS: Number of read operations=10
[2025-02-27T14:57:52.620+0000] {subprocess.py:93} INFO - 		HDFS: Number of large read operations=0
[2025-02-27T14:57:52.620+0000] {subprocess.py:93} INFO - 		HDFS: Number of write operations=3
[2025-02-27T14:57:52.621+0000] {subprocess.py:93} INFO - 		HDFS: Number of bytes read erasure-coded=0
[2025-02-27T14:57:52.621+0000] {subprocess.py:93} INFO - 	Map-Reduce Framework
[2025-02-27T14:57:52.622+0000] {subprocess.py:93} INFO - 		Combine input records=0
[2025-02-27T14:57:52.622+0000] {subprocess.py:93} INFO - 		Combine output records=0
[2025-02-27T14:57:52.622+0000] {subprocess.py:93} INFO - 		Reduce input groups=3
[2025-02-27T14:57:52.623+0000] {subprocess.py:93} INFO - 		Reduce shuffle bytes=14637
[2025-02-27T14:57:52.623+0000] {subprocess.py:93} INFO - 		Reduce input records=75
[2025-02-27T14:57:52.623+0000] {subprocess.py:93} INFO - 		Reduce output records=3
[2025-02-27T14:57:52.624+0000] {subprocess.py:93} INFO - 		Spilled Records=75
[2025-02-27T14:57:52.624+0000] {subprocess.py:93} INFO - 		Shuffled Maps =1
[2025-02-27T14:57:52.625+0000] {subprocess.py:93} INFO - 		Failed Shuffles=0
[2025-02-27T14:57:52.625+0000] {subprocess.py:93} INFO - 		Merged Map outputs=1
[2025-02-27T14:57:52.626+0000] {subprocess.py:93} INFO - 		GC time elapsed (ms)=0
[2025-02-27T14:57:52.626+0000] {subprocess.py:93} INFO - 		Total committed heap usage (bytes)=280494080
[2025-02-27T14:57:52.627+0000] {subprocess.py:93} INFO - 	Shuffle Errors
[2025-02-27T14:57:52.627+0000] {subprocess.py:93} INFO - 		BAD_ID=0
[2025-02-27T14:57:52.628+0000] {subprocess.py:93} INFO - 		CONNECTION=0
[2025-02-27T14:57:52.628+0000] {subprocess.py:93} INFO - 		IO_ERROR=0
[2025-02-27T14:57:52.628+0000] {subprocess.py:93} INFO - 		WRONG_LENGTH=0
[2025-02-27T14:57:52.629+0000] {subprocess.py:93} INFO - 		WRONG_MAP=0
[2025-02-27T14:57:52.629+0000] {subprocess.py:93} INFO - 		WRONG_REDUCE=0
[2025-02-27T14:57:52.630+0000] {subprocess.py:93} INFO - 	File Output Format Counters
[2025-02-27T14:57:52.630+0000] {subprocess.py:93} INFO - 		Bytes Written=567
[2025-02-27T14:57:52.631+0000] {subprocess.py:93} INFO - 2025-02-27 14:57:52,612 INFO mapred.LocalJobRunner: Finishing task: attempt_local227931754_0001_r_000000_0
[2025-02-27T14:57:52.631+0000] {subprocess.py:93} INFO - 2025-02-27 14:57:52,612 INFO mapred.LocalJobRunner: reduce task executor complete.
[2025-02-27T14:57:52.732+0000] {subprocess.py:93} INFO - 2025-02-27 14:57:52,731 INFO mapreduce.Job: Job job_local227931754_0001 running in uber mode : false
[2025-02-27T14:57:52.733+0000] {subprocess.py:93} INFO - 2025-02-27 14:57:52,732 INFO mapreduce.Job:  map 100% reduce 100%
[2025-02-27T14:57:52.735+0000] {subprocess.py:93} INFO - 2025-02-27 14:57:52,734 INFO mapreduce.Job: Job job_local227931754_0001 completed successfully
[2025-02-27T14:57:52.746+0000] {subprocess.py:93} INFO - 2025-02-27 14:57:52,744 INFO mapreduce.Job: Counters: 36
[2025-02-27T14:57:52.747+0000] {subprocess.py:93} INFO - 	File System Counters
[2025-02-27T14:57:52.748+0000] {subprocess.py:93} INFO - 		FILE: Number of bytes read=391108
[2025-02-27T14:57:52.749+0000] {subprocess.py:93} INFO - 		FILE: Number of bytes written=1463797
[2025-02-27T14:57:52.749+0000] {subprocess.py:93} INFO - 		FILE: Number of read operations=0
[2025-02-27T14:57:52.750+0000] {subprocess.py:93} INFO - 		FILE: Number of large read operations=0
[2025-02-27T14:57:52.751+0000] {subprocess.py:93} INFO - 		FILE: Number of write operations=0
[2025-02-27T14:57:52.752+0000] {subprocess.py:93} INFO - 		HDFS: Number of bytes read=29862
[2025-02-27T14:57:52.752+0000] {subprocess.py:93} INFO - 		HDFS: Number of bytes written=567
[2025-02-27T14:57:52.753+0000] {subprocess.py:93} INFO - 		HDFS: Number of read operations=15
[2025-02-27T14:57:52.753+0000] {subprocess.py:93} INFO - 		HDFS: Number of large read operations=0
[2025-02-27T14:57:52.754+0000] {subprocess.py:93} INFO - 		HDFS: Number of write operations=4
[2025-02-27T14:57:52.755+0000] {subprocess.py:93} INFO - 		HDFS: Number of bytes read erasure-coded=0
[2025-02-27T14:57:52.756+0000] {subprocess.py:93} INFO - 	Map-Reduce Framework
[2025-02-27T14:57:52.757+0000] {subprocess.py:93} INFO - 		Map input records=75
[2025-02-27T14:57:52.758+0000] {subprocess.py:93} INFO - 		Map output records=75
[2025-02-27T14:57:52.759+0000] {subprocess.py:93} INFO - 		Map output bytes=14406
[2025-02-27T14:57:52.760+0000] {subprocess.py:93} INFO - 		Map output materialized bytes=14637
[2025-02-27T14:57:52.761+0000] {subprocess.py:93} INFO - 		Input split bytes=137
[2025-02-27T14:57:52.761+0000] {subprocess.py:93} INFO - 		Combine input records=0
[2025-02-27T14:57:52.762+0000] {subprocess.py:93} INFO - 		Combine output records=0
[2025-02-27T14:57:52.763+0000] {subprocess.py:93} INFO - 		Reduce input groups=3
[2025-02-27T14:57:52.763+0000] {subprocess.py:93} INFO - 		Reduce shuffle bytes=14637
[2025-02-27T14:57:52.764+0000] {subprocess.py:93} INFO - 		Reduce input records=75
[2025-02-27T14:57:52.765+0000] {subprocess.py:93} INFO - 		Reduce output records=3
[2025-02-27T14:57:52.766+0000] {subprocess.py:93} INFO - 		Spilled Records=150
[2025-02-27T14:57:52.766+0000] {subprocess.py:93} INFO - 		Shuffled Maps =1
[2025-02-27T14:57:52.767+0000] {subprocess.py:93} INFO - 		Failed Shuffles=0
[2025-02-27T14:57:52.768+0000] {subprocess.py:93} INFO - 		Merged Map outputs=1
[2025-02-27T14:57:52.769+0000] {subprocess.py:93} INFO - 		GC time elapsed (ms)=11
[2025-02-27T14:57:52.769+0000] {subprocess.py:93} INFO - 		Total committed heap usage (bytes)=560988160
[2025-02-27T14:57:52.770+0000] {subprocess.py:93} INFO - 	Shuffle Errors
[2025-02-27T14:57:52.771+0000] {subprocess.py:93} INFO - 		BAD_ID=0
[2025-02-27T14:57:52.772+0000] {subprocess.py:93} INFO - 		CONNECTION=0
[2025-02-27T14:57:52.773+0000] {subprocess.py:93} INFO - 		IO_ERROR=0
[2025-02-27T14:57:52.773+0000] {subprocess.py:93} INFO - 		WRONG_LENGTH=0
[2025-02-27T14:57:52.774+0000] {subprocess.py:93} INFO - 		WRONG_MAP=0
[2025-02-27T14:57:52.775+0000] {subprocess.py:93} INFO - 		WRONG_REDUCE=0
[2025-02-27T14:57:52.776+0000] {subprocess.py:93} INFO - 	File Input Format Counters
[2025-02-27T14:57:52.777+0000] {subprocess.py:93} INFO - 		Bytes Read=14931
[2025-02-27T14:57:52.777+0000] {subprocess.py:93} INFO - 	File Output Format Counters
[2025-02-27T14:57:52.778+0000] {subprocess.py:93} INFO - 		Bytes Written=567
[2025-02-27T14:57:52.779+0000] {subprocess.py:93} INFO - 2025-02-27 14:57:52,744 INFO streaming.StreamJob: Output directory: hdfs:///user/etudiant/crypto/processed/YYYY=2025/MM=02/DD=27
[2025-02-27T14:57:53.245+0000] {subprocess.py:97} INFO - Command exited with return code 0
[2025-02-27T14:57:53.278+0000] {taskinstance.py:1398} INFO - Marking task as SUCCESS. dag_id=yfinance_ingestion_dag, task_id=run_mapreduce, execution_date=20250227T145732, start_date=20250227T145748, end_date=20250227T145753
[2025-02-27T14:57:53.333+0000] {local_task_job_runner.py:228} INFO - Task exited with return code 0
[2025-02-27T14:57:53.366+0000] {taskinstance.py:2776} INFO - 1 downstream tasks scheduled from follow-on schedule check
