[2025-02-26T19:12:03.732+0000] {taskinstance.py:1159} INFO - Dependencies all met for dep_context=non-requeueable deps ti=<TaskInstance: yfinance_ingestion_and_process_dag.fetch_data scheduled__2025-01-01T00:00:00+00:00 [queued]>
[2025-02-26T19:12:03.806+0000] {taskinstance.py:1159} INFO - Dependencies all met for dep_context=requeueable deps ti=<TaskInstance: yfinance_ingestion_and_process_dag.fetch_data scheduled__2025-01-01T00:00:00+00:00 [queued]>
[2025-02-26T19:12:03.818+0000] {taskinstance.py:1361} INFO - Starting attempt 1 of 2
[2025-02-26T19:12:04.115+0000] {taskinstance.py:1382} INFO - Executing <Task(PythonOperator): fetch_data> on 2025-01-01 00:00:00+00:00
[2025-02-26T19:12:04.166+0000] {standard_task_runner.py:57} INFO - Started process 410 to run task
[2025-02-26T19:12:04.191+0000] {standard_task_runner.py:84} INFO - Running: ['***', 'tasks', 'run', 'yfinance_ingestion_and_process_dag', 'fetch_data', 'scheduled__2025-01-01T00:00:00+00:00', '--job-id', '251', '--raw', '--subdir', 'DAGS_FOLDER/pipeline.py', '--cfg-path', '/tmp/tmpjpagyvxm']
[2025-02-26T19:12:04.258+0000] {standard_task_runner.py:85} INFO - Job 251: Subtask fetch_data
[2025-02-26T19:12:04.853+0000] {task_command.py:415} INFO - Running <TaskInstance: yfinance_ingestion_and_process_dag.fetch_data scheduled__2025-01-01T00:00:00+00:00 [running]> on host 405afb11abaf
[2025-02-26T19:12:05.832+0000] {taskinstance.py:1660} INFO - Exporting env vars: AIRFLOW_CTX_DAG_OWNER='etudiant' AIRFLOW_CTX_DAG_ID='yfinance_ingestion_and_process_dag' AIRFLOW_CTX_TASK_ID='fetch_data' AIRFLOW_CTX_EXECUTION_DATE='2025-01-01T00:00:00+00:00' AIRFLOW_CTX_TRY_NUMBER='1' AIRFLOW_CTX_DAG_RUN_ID='scheduled__2025-01-01T00:00:00+00:00'
[2025-02-26T19:12:09.927+0000] {python.py:194} INFO - Done. Returned value was: None
[2025-02-26T19:12:09.978+0000] {taskinstance.py:1400} INFO - Marking task as SUCCESS. dag_id=yfinance_ingestion_and_process_dag, task_id=fetch_data, execution_date=20250101T000000, start_date=20250226T191203, end_date=20250226T191209
[2025-02-26T19:12:11.263+0000] {local_task_job_runner.py:228} INFO - Task exited with return code 0
[2025-02-26T19:12:11.467+0000] {taskinstance.py:2784} INFO - 1 downstream tasks scheduled from follow-on schedule check
[2025-02-26T20:04:44.526+0000] {taskinstance.py:1159} INFO - Dependencies all met for dep_context=non-requeueable deps ti=<TaskInstance: yfinance_ingestion_and_process_dag.fetch_data scheduled__2025-01-01T00:00:00+00:00 [queued]>
[2025-02-26T20:04:44.608+0000] {taskinstance.py:1159} INFO - Dependencies all met for dep_context=requeueable deps ti=<TaskInstance: yfinance_ingestion_and_process_dag.fetch_data scheduled__2025-01-01T00:00:00+00:00 [queued]>
[2025-02-26T20:04:44.615+0000] {taskinstance.py:1361} INFO - Starting attempt 1 of 2
[2025-02-26T20:04:45.627+0000] {taskinstance.py:1382} INFO - Executing <Task(PythonOperator): fetch_data> on 2025-01-01 00:00:00+00:00
[2025-02-26T20:04:45.943+0000] {standard_task_runner.py:57} INFO - Started process 240 to run task
[2025-02-26T20:04:46.083+0000] {standard_task_runner.py:84} INFO - Running: ['***', 'tasks', 'run', 'yfinance_ingestion_and_process_dag', 'fetch_data', 'scheduled__2025-01-01T00:00:00+00:00', '--job-id', '5', '--raw', '--subdir', 'DAGS_FOLDER/pipeline.py', '--cfg-path', '/tmp/tmpp101306k']
[2025-02-26T20:04:46.131+0000] {standard_task_runner.py:85} INFO - Job 5: Subtask fetch_data
[2025-02-26T20:04:46.426+0000] {task_command.py:415} INFO - Running <TaskInstance: yfinance_ingestion_and_process_dag.fetch_data scheduled__2025-01-01T00:00:00+00:00 [running]> on host e304e68c626e
[2025-02-26T20:04:47.126+0000] {taskinstance.py:1660} INFO - Exporting env vars: AIRFLOW_CTX_DAG_OWNER='etudiant' AIRFLOW_CTX_DAG_ID='yfinance_ingestion_and_process_dag' AIRFLOW_CTX_TASK_ID='fetch_data' AIRFLOW_CTX_EXECUTION_DATE='2025-01-01T00:00:00+00:00' AIRFLOW_CTX_TRY_NUMBER='1' AIRFLOW_CTX_DAG_RUN_ID='scheduled__2025-01-01T00:00:00+00:00'
[2025-02-26T20:04:49.381+0000] {python.py:194} INFO - Done. Returned value was: None
[2025-02-26T20:04:49.448+0000] {taskinstance.py:1400} INFO - Marking task as SUCCESS. dag_id=yfinance_ingestion_and_process_dag, task_id=fetch_data, execution_date=20250101T000000, start_date=20250226T200444, end_date=20250226T200449
[2025-02-26T20:04:49.669+0000] {local_task_job_runner.py:228} INFO - Task exited with return code 0
[2025-02-26T20:04:49.934+0000] {taskinstance.py:2784} INFO - 1 downstream tasks scheduled from follow-on schedule check
