[2025-02-25T09:52:02.628+0000] {taskinstance.py:1159} INFO - Dependencies all met for dep_context=non-requeueable deps ti=<TaskInstance: yfinance_ingestion_dag.store_raw_data_in_hdfs scheduled__2025-02-19T00:00:00+00:00 [queued]>
[2025-02-25T09:52:02.657+0000] {taskinstance.py:1159} INFO - Dependencies all met for dep_context=requeueable deps ti=<TaskInstance: yfinance_ingestion_dag.store_raw_data_in_hdfs scheduled__2025-02-19T00:00:00+00:00 [queued]>
[2025-02-25T09:52:02.658+0000] {taskinstance.py:1361} INFO - Starting attempt 1 of 2
[2025-02-25T09:52:02.686+0000] {taskinstance.py:1382} INFO - Executing <Task(PythonOperator): store_raw_data_in_hdfs> on 2025-02-19 00:00:00+00:00
[2025-02-25T09:52:02.702+0000] {standard_task_runner.py:57} INFO - Started process 1494 to run task
[2025-02-25T09:52:02.714+0000] {standard_task_runner.py:84} INFO - Running: ['***', 'tasks', 'run', 'yfinance_ingestion_dag', 'store_raw_data_in_hdfs', 'scheduled__2025-02-19T00:00:00+00:00', '--job-id', '135', '--raw', '--subdir', 'DAGS_FOLDER/test_hello.py', '--cfg-path', '/tmp/tmpkkps6_rb']
[2025-02-25T09:52:02.723+0000] {standard_task_runner.py:85} INFO - Job 135: Subtask store_raw_data_in_hdfs
[2025-02-25T09:52:02.843+0000] {task_command.py:415} INFO - Running <TaskInstance: yfinance_ingestion_dag.store_raw_data_in_hdfs scheduled__2025-02-19T00:00:00+00:00 [running]> on host 6dbd75e48aaa
[2025-02-25T09:52:03.112+0000] {taskinstance.py:1660} INFO - Exporting env vars: AIRFLOW_CTX_DAG_OWNER='etudiant' AIRFLOW_CTX_DAG_ID='yfinance_ingestion_dag' AIRFLOW_CTX_TASK_ID='store_raw_data_in_hdfs' AIRFLOW_CTX_EXECUTION_DATE='2025-02-19T00:00:00+00:00' AIRFLOW_CTX_TRY_NUMBER='1' AIRFLOW_CTX_DAG_RUN_ID='scheduled__2025-02-19T00:00:00+00:00'
[2025-02-25T09:52:27.416+0000] {python.py:194} INFO - Done. Returned value was: None
[2025-02-25T09:52:27.441+0000] {taskinstance.py:1400} INFO - Marking task as SUCCESS. dag_id=yfinance_ingestion_dag, task_id=store_raw_data_in_hdfs, execution_date=20250219T000000, start_date=20250225T095202, end_date=20250225T095227
[2025-02-25T09:52:29.765+0000] {local_task_job_runner.py:228} INFO - Task exited with return code 0
[2025-02-25T09:52:29.795+0000] {taskinstance.py:2784} INFO - 0 downstream tasks scheduled from follow-on schedule check
[2025-02-26T20:46:43.873+0000] {taskinstance.py:1159} INFO - Dependencies all met for dep_context=non-requeueable deps ti=<TaskInstance: yfinance_ingestion_dag.store_raw_data_in_hdfs scheduled__2025-02-19T00:00:00+00:00 [queued]>
[2025-02-26T20:46:43.906+0000] {taskinstance.py:1159} INFO - Dependencies all met for dep_context=requeueable deps ti=<TaskInstance: yfinance_ingestion_dag.store_raw_data_in_hdfs scheduled__2025-02-19T00:00:00+00:00 [queued]>
[2025-02-26T20:46:43.917+0000] {taskinstance.py:1361} INFO - Starting attempt 1 of 2
[2025-02-26T20:46:43.997+0000] {taskinstance.py:1382} INFO - Executing <Task(PythonOperator): store_raw_data_in_hdfs> on 2025-02-19 00:00:00+00:00
[2025-02-26T20:46:44.035+0000] {standard_task_runner.py:57} INFO - Started process 3022 to run task
[2025-02-26T20:46:44.049+0000] {standard_task_runner.py:84} INFO - Running: ['***', 'tasks', 'run', 'yfinance_ingestion_dag', 'store_raw_data_in_hdfs', 'scheduled__2025-02-19T00:00:00+00:00', '--job-id', '421', '--raw', '--subdir', 'DAGS_FOLDER/pipeline.py', '--cfg-path', '/tmp/tmpvty12vhw']
[2025-02-26T20:46:44.103+0000] {standard_task_runner.py:85} INFO - Job 421: Subtask store_raw_data_in_hdfs
[2025-02-26T20:46:44.416+0000] {task_command.py:415} INFO - Running <TaskInstance: yfinance_ingestion_dag.store_raw_data_in_hdfs scheduled__2025-02-19T00:00:00+00:00 [running]> on host 3c0faf52b292
[2025-02-26T20:46:44.843+0000] {taskinstance.py:1660} INFO - Exporting env vars: AIRFLOW_CTX_DAG_OWNER='etudiant' AIRFLOW_CTX_DAG_ID='yfinance_ingestion_dag' AIRFLOW_CTX_TASK_ID='store_raw_data_in_hdfs' AIRFLOW_CTX_EXECUTION_DATE='2025-02-19T00:00:00+00:00' AIRFLOW_CTX_TRY_NUMBER='1' AIRFLOW_CTX_DAG_RUN_ID='scheduled__2025-02-19T00:00:00+00:00'
[2025-02-26T20:47:18.439+0000] {python.py:194} INFO - Done. Returned value was: None
[2025-02-26T20:47:18.462+0000] {taskinstance.py:1400} INFO - Marking task as SUCCESS. dag_id=yfinance_ingestion_dag, task_id=store_raw_data_in_hdfs, execution_date=20250219T000000, start_date=20250226T204643, end_date=20250226T204718
[2025-02-26T20:47:18.577+0000] {local_task_job_runner.py:228} INFO - Task exited with return code 0
[2025-02-26T20:47:18.743+0000] {taskinstance.py:2784} INFO - 1 downstream tasks scheduled from follow-on schedule check
