[2025-02-22T14:37:03.700+0000] {taskinstance.py:1159} INFO - Dependencies all met for dep_context=non-requeueable deps ti=<TaskInstance: coingecko_ingestion_dag.fetch_data scheduled__2024-04-09T00:00:00+00:00 [queued]>
[2025-02-22T14:37:03.716+0000] {taskinstance.py:1159} INFO - Dependencies all met for dep_context=requeueable deps ti=<TaskInstance: coingecko_ingestion_dag.fetch_data scheduled__2024-04-09T00:00:00+00:00 [queued]>
[2025-02-22T14:37:03.717+0000] {taskinstance.py:1361} INFO - Starting attempt 1 of 1
[2025-02-22T14:37:03.741+0000] {taskinstance.py:1382} INFO - Executing <Task(PythonOperator): fetch_data> on 2024-04-09 00:00:00+00:00
[2025-02-22T14:37:03.751+0000] {standard_task_runner.py:57} INFO - Started process 1123 to run task
[2025-02-22T14:37:03.756+0000] {standard_task_runner.py:84} INFO - Running: ['***', 'tasks', 'run', 'coingecko_ingestion_dag', 'fetch_data', 'scheduled__2024-04-09T00:00:00+00:00', '--job-id', '117', '--raw', '--subdir', 'DAGS_FOLDER/pipeline.py', '--cfg-path', '/tmp/tmpfbpis6m2']
[2025-02-22T14:37:03.760+0000] {standard_task_runner.py:85} INFO - Job 117: Subtask fetch_data
[2025-02-22T14:37:03.886+0000] {task_command.py:415} INFO - Running <TaskInstance: coingecko_ingestion_dag.fetch_data scheduled__2024-04-09T00:00:00+00:00 [running]> on host bc125bdcda04
[2025-02-22T14:37:04.046+0000] {taskinstance.py:1660} INFO - Exporting env vars: AIRFLOW_CTX_DAG_OWNER='***' AIRFLOW_CTX_DAG_ID='coingecko_ingestion_dag' AIRFLOW_CTX_TASK_ID='fetch_data' AIRFLOW_CTX_EXECUTION_DATE='2024-04-09T00:00:00+00:00' AIRFLOW_CTX_TRY_NUMBER='1' AIRFLOW_CTX_DAG_RUN_ID='scheduled__2024-04-09T00:00:00+00:00'
[2025-02-22T14:37:04.193+0000] {logging_mixin.py:151} INFO - Données récupérées : {
  "bitcoin": {
    "usd": 96548,
    "usd_market_cap": 1915737550113.8674,
    "usd_24h_vol": 44906894605.44227,
    "usd_24h_change": -2.2424318324962327
  }
}
[2025-02-22T14:37:04.195+0000] {python.py:194} INFO - Done. Returned value was: None
[2025-02-22T14:37:04.213+0000] {taskinstance.py:1400} INFO - Marking task as SUCCESS. dag_id=coingecko_ingestion_dag, task_id=fetch_data, execution_date=20240409T000000, start_date=20250222T143703, end_date=20250222T143704
[2025-02-22T14:37:04.289+0000] {local_task_job_runner.py:228} INFO - Task exited with return code 0
[2025-02-22T14:37:04.333+0000] {taskinstance.py:2784} INFO - 0 downstream tasks scheduled from follow-on schedule check
