[2025-02-25T09:48:43.394+0000] {taskinstance.py:1159} INFO - Dependencies all met for dep_context=non-requeueable deps ti=<TaskInstance: yfinance_ingestion_dag.store_raw_data_in_hdfs scheduled__2025-01-03T00:00:00+00:00 [queued]>
[2025-02-25T09:48:43.499+0000] {taskinstance.py:1159} INFO - Dependencies all met for dep_context=requeueable deps ti=<TaskInstance: yfinance_ingestion_dag.store_raw_data_in_hdfs scheduled__2025-01-03T00:00:00+00:00 [queued]>
[2025-02-25T09:48:43.514+0000] {taskinstance.py:1361} INFO - Starting attempt 1 of 2
[2025-02-25T09:48:43.624+0000] {taskinstance.py:1382} INFO - Executing <Task(PythonOperator): store_raw_data_in_hdfs> on 2025-01-03 00:00:00+00:00
[2025-02-25T09:48:43.675+0000] {standard_task_runner.py:84} INFO - Running: ['***', 'tasks', 'run', 'yfinance_ingestion_dag', 'store_raw_data_in_hdfs', 'scheduled__2025-01-03T00:00:00+00:00', '--job-id', '48', '--raw', '--subdir', 'DAGS_FOLDER/test_hello.py', '--cfg-path', '/tmp/tmpai_wmbyr']
[2025-02-25T09:48:43.650+0000] {standard_task_runner.py:57} INFO - Started process 327 to run task
[2025-02-25T09:48:43.696+0000] {standard_task_runner.py:85} INFO - Job 48: Subtask store_raw_data_in_hdfs
[2025-02-25T09:48:43.974+0000] {task_command.py:415} INFO - Running <TaskInstance: yfinance_ingestion_dag.store_raw_data_in_hdfs scheduled__2025-01-03T00:00:00+00:00 [running]> on host 6dbd75e48aaa
[2025-02-25T09:48:44.690+0000] {taskinstance.py:1660} INFO - Exporting env vars: AIRFLOW_CTX_DAG_OWNER='etudiant' AIRFLOW_CTX_DAG_ID='yfinance_ingestion_dag' AIRFLOW_CTX_TASK_ID='store_raw_data_in_hdfs' AIRFLOW_CTX_EXECUTION_DATE='2025-01-03T00:00:00+00:00' AIRFLOW_CTX_TRY_NUMBER='1' AIRFLOW_CTX_DAG_RUN_ID='scheduled__2025-01-03T00:00:00+00:00'
[2025-02-25T09:49:38.042+0000] {python.py:194} INFO - Done. Returned value was: None
[2025-02-25T09:49:38.188+0000] {taskinstance.py:1400} INFO - Marking task as SUCCESS. dag_id=yfinance_ingestion_dag, task_id=store_raw_data_in_hdfs, execution_date=20250103T000000, start_date=20250225T094843, end_date=20250225T094938
[2025-02-25T09:49:38.423+0000] {local_task_job_runner.py:228} INFO - Task exited with return code 0
[2025-02-25T09:49:38.709+0000] {taskinstance.py:2784} INFO - 0 downstream tasks scheduled from follow-on schedule check
[2025-02-26T20:10:53.426+0000] {taskinstance.py:1159} INFO - Dependencies all met for dep_context=non-requeueable deps ti=<TaskInstance: yfinance_ingestion_dag.store_raw_data_in_hdfs scheduled__2025-01-03T00:00:00+00:00 [queued]>
[2025-02-26T20:10:53.501+0000] {taskinstance.py:1159} INFO - Dependencies all met for dep_context=requeueable deps ti=<TaskInstance: yfinance_ingestion_dag.store_raw_data_in_hdfs scheduled__2025-01-03T00:00:00+00:00 [queued]>
[2025-02-26T20:10:53.508+0000] {taskinstance.py:1361} INFO - Starting attempt 1 of 2
[2025-02-26T20:10:53.641+0000] {taskinstance.py:1382} INFO - Executing <Task(PythonOperator): store_raw_data_in_hdfs> on 2025-01-03 00:00:00+00:00
[2025-02-26T20:10:53.653+0000] {standard_task_runner.py:57} INFO - Started process 518 to run task
[2025-02-26T20:10:53.683+0000] {standard_task_runner.py:84} INFO - Running: ['***', 'tasks', 'run', 'yfinance_ingestion_dag', 'store_raw_data_in_hdfs', 'scheduled__2025-01-03T00:00:00+00:00', '--job-id', '54', '--raw', '--subdir', 'DAGS_FOLDER/pipeline.py', '--cfg-path', '/tmp/tmp8yx5wp6r']
[2025-02-26T20:10:53.691+0000] {standard_task_runner.py:85} INFO - Job 54: Subtask store_raw_data_in_hdfs
[2025-02-26T20:10:53.976+0000] {task_command.py:415} INFO - Running <TaskInstance: yfinance_ingestion_dag.store_raw_data_in_hdfs scheduled__2025-01-03T00:00:00+00:00 [running]> on host e304e68c626e
[2025-02-26T20:10:54.439+0000] {taskinstance.py:1660} INFO - Exporting env vars: AIRFLOW_CTX_DAG_OWNER='etudiant' AIRFLOW_CTX_DAG_ID='yfinance_ingestion_dag' AIRFLOW_CTX_TASK_ID='store_raw_data_in_hdfs' AIRFLOW_CTX_EXECUTION_DATE='2025-01-03T00:00:00+00:00' AIRFLOW_CTX_TRY_NUMBER='1' AIRFLOW_CTX_DAG_RUN_ID='scheduled__2025-01-03T00:00:00+00:00'
[2025-02-26T20:10:54.502+0000] {taskinstance.py:1943} ERROR - Task failed with exception
Traceback (most recent call last):
  File "/home/airflow/.local/lib/python3.8/site-packages/airflow/operators/python.py", line 192, in execute
    return_value = self.execute_callable()
  File "/home/airflow/.local/lib/python3.8/site-packages/airflow/operators/python.py", line 209, in execute_callable
    return self.python_callable(*self.op_args, **self.op_kwargs)
  File "/opt/airflow/dags/pipeline.py", line 84, in store_raw_data_in_hdfs
    with open(local_file, 'w') as f:
PermissionError: [Errno 13] Permission denied: '/mnt/hadoop_data/yfinance_raw.json'
[2025-02-26T20:10:54.540+0000] {taskinstance.py:1400} INFO - Marking task as UP_FOR_RETRY. dag_id=yfinance_ingestion_dag, task_id=store_raw_data_in_hdfs, execution_date=20250103T000000, start_date=20250226T201053, end_date=20250226T201054
[2025-02-26T20:10:54.622+0000] {standard_task_runner.py:104} ERROR - Failed to execute job 54 for task store_raw_data_in_hdfs ([Errno 13] Permission denied: '/mnt/hadoop_data/yfinance_raw.json'; 518)
[2025-02-26T20:10:54.688+0000] {local_task_job_runner.py:228} INFO - Task exited with return code 1
[2025-02-26T20:10:54.801+0000] {taskinstance.py:2784} INFO - 0 downstream tasks scheduled from follow-on schedule check
[2025-02-26T20:30:22.198+0000] {taskinstance.py:1159} INFO - Dependencies all met for dep_context=non-requeueable deps ti=<TaskInstance: yfinance_ingestion_dag.store_raw_data_in_hdfs scheduled__2025-01-03T00:00:00+00:00 [queued]>
[2025-02-26T20:30:22.237+0000] {taskinstance.py:1159} INFO - Dependencies all met for dep_context=requeueable deps ti=<TaskInstance: yfinance_ingestion_dag.store_raw_data_in_hdfs scheduled__2025-01-03T00:00:00+00:00 [queued]>
[2025-02-26T20:30:22.239+0000] {taskinstance.py:1361} INFO - Starting attempt 1 of 2
[2025-02-26T20:30:22.947+0000] {taskinstance.py:1382} INFO - Executing <Task(PythonOperator): store_raw_data_in_hdfs> on 2025-01-03 00:00:00+00:00
[2025-02-26T20:30:22.997+0000] {standard_task_runner.py:84} INFO - Running: ['***', 'tasks', 'run', 'yfinance_ingestion_dag', 'store_raw_data_in_hdfs', 'scheduled__2025-01-03T00:00:00+00:00', '--job-id', '168', '--raw', '--subdir', 'DAGS_FOLDER/pipeline.py', '--cfg-path', '/tmp/tmpnt91o3bu']
[2025-02-26T20:30:23.012+0000] {standard_task_runner.py:85} INFO - Job 168: Subtask store_raw_data_in_hdfs
[2025-02-26T20:30:22.984+0000] {standard_task_runner.py:57} INFO - Started process 1704 to run task
[2025-02-26T20:30:23.378+0000] {task_command.py:415} INFO - Running <TaskInstance: yfinance_ingestion_dag.store_raw_data_in_hdfs scheduled__2025-01-03T00:00:00+00:00 [running]> on host c96a1011f5a3
[2025-02-26T20:30:23.764+0000] {taskinstance.py:1660} INFO - Exporting env vars: AIRFLOW_CTX_DAG_OWNER='etudiant' AIRFLOW_CTX_DAG_ID='yfinance_ingestion_dag' AIRFLOW_CTX_TASK_ID='store_raw_data_in_hdfs' AIRFLOW_CTX_EXECUTION_DATE='2025-01-03T00:00:00+00:00' AIRFLOW_CTX_TRY_NUMBER='1' AIRFLOW_CTX_DAG_RUN_ID='scheduled__2025-01-03T00:00:00+00:00'
[2025-02-26T20:31:00.494+0000] {python.py:194} INFO - Done. Returned value was: None
[2025-02-26T20:31:00.543+0000] {taskinstance.py:1400} INFO - Marking task as SUCCESS. dag_id=yfinance_ingestion_dag, task_id=store_raw_data_in_hdfs, execution_date=20250103T000000, start_date=20250226T203022, end_date=20250226T203100
[2025-02-26T20:31:00.690+0000] {local_task_job_runner.py:228} INFO - Task exited with return code 0
[2025-02-26T20:31:00.801+0000] {taskinstance.py:2784} INFO - 1 downstream tasks scheduled from follow-on schedule check
[2025-02-26T20:40:08.702+0000] {taskinstance.py:1159} INFO - Dependencies all met for dep_context=non-requeueable deps ti=<TaskInstance: yfinance_ingestion_dag.store_raw_data_in_hdfs scheduled__2025-01-03T00:00:00+00:00 [queued]>
[2025-02-26T20:40:08.813+0000] {taskinstance.py:1159} INFO - Dependencies all met for dep_context=requeueable deps ti=<TaskInstance: yfinance_ingestion_dag.store_raw_data_in_hdfs scheduled__2025-01-03T00:00:00+00:00 [queued]>
[2025-02-26T20:40:08.822+0000] {taskinstance.py:1361} INFO - Starting attempt 1 of 2
[2025-02-26T20:40:09.031+0000] {taskinstance.py:1382} INFO - Executing <Task(PythonOperator): store_raw_data_in_hdfs> on 2025-01-03 00:00:00+00:00
[2025-02-26T20:40:09.106+0000] {standard_task_runner.py:57} INFO - Started process 1123 to run task
[2025-02-26T20:40:09.160+0000] {standard_task_runner.py:84} INFO - Running: ['***', 'tasks', 'run', 'yfinance_ingestion_dag', 'store_raw_data_in_hdfs', 'scheduled__2025-01-03T00:00:00+00:00', '--job-id', '282', '--raw', '--subdir', 'DAGS_FOLDER/pipeline.py', '--cfg-path', '/tmp/tmp0bz6b6ya']
[2025-02-26T20:40:09.198+0000] {standard_task_runner.py:85} INFO - Job 282: Subtask store_raw_data_in_hdfs
[2025-02-26T20:40:09.715+0000] {task_command.py:415} INFO - Running <TaskInstance: yfinance_ingestion_dag.store_raw_data_in_hdfs scheduled__2025-01-03T00:00:00+00:00 [running]> on host 3c0faf52b292
[2025-02-26T20:40:10.084+0000] {taskinstance.py:1660} INFO - Exporting env vars: AIRFLOW_CTX_DAG_OWNER='etudiant' AIRFLOW_CTX_DAG_ID='yfinance_ingestion_dag' AIRFLOW_CTX_TASK_ID='store_raw_data_in_hdfs' AIRFLOW_CTX_EXECUTION_DATE='2025-01-03T00:00:00+00:00' AIRFLOW_CTX_TRY_NUMBER='1' AIRFLOW_CTX_DAG_RUN_ID='scheduled__2025-01-03T00:00:00+00:00'
[2025-02-26T20:40:10.840+0000] {python.py:194} INFO - Done. Returned value was: None
[2025-02-26T20:40:10.884+0000] {taskinstance.py:1400} INFO - Marking task as SUCCESS. dag_id=yfinance_ingestion_dag, task_id=store_raw_data_in_hdfs, execution_date=20250103T000000, start_date=20250226T204008, end_date=20250226T204010
[2025-02-26T20:40:11.020+0000] {local_task_job_runner.py:228} INFO - Task exited with return code 0
[2025-02-26T20:40:11.169+0000] {taskinstance.py:2784} INFO - 1 downstream tasks scheduled from follow-on schedule check
[2025-02-27T14:55:18.655+0000] {taskinstance.py:1157} INFO - Dependencies all met for dep_context=non-requeueable deps ti=<TaskInstance: yfinance_ingestion_dag.store_raw_data_in_hdfs scheduled__2025-01-03T00:00:00+00:00 [queued]>
[2025-02-27T14:55:18.759+0000] {taskinstance.py:1157} INFO - Dependencies all met for dep_context=requeueable deps ti=<TaskInstance: yfinance_ingestion_dag.store_raw_data_in_hdfs scheduled__2025-01-03T00:00:00+00:00 [queued]>
[2025-02-27T14:55:18.772+0000] {taskinstance.py:1359} INFO - Starting attempt 1 of 1
[2025-02-27T14:55:18.925+0000] {taskinstance.py:1380} INFO - Executing <Task(PythonOperator): store_raw_data_in_hdfs> on 2025-01-03 00:00:00+00:00
[2025-02-27T14:55:18.950+0000] {standard_task_runner.py:57} INFO - Started process 271 to run task
[2025-02-27T14:55:19.004+0000] {standard_task_runner.py:84} INFO - Running: ['***', 'tasks', 'run', 'yfinance_ingestion_dag', 'store_raw_data_in_hdfs', 'scheduled__2025-01-03T00:00:00+00:00', '--job-id', '29', '--raw', '--subdir', 'DAGS_FOLDER/pipeline.py', '--cfg-path', '/tmp/tmpgkbx470r']
[2025-02-27T14:55:19.046+0000] {standard_task_runner.py:85} INFO - Job 29: Subtask store_raw_data_in_hdfs
[2025-02-27T14:55:19.443+0000] {task_command.py:415} INFO - Running <TaskInstance: yfinance_ingestion_dag.store_raw_data_in_hdfs scheduled__2025-01-03T00:00:00+00:00 [running]> on host a71f042480b6
[2025-02-27T14:55:19.912+0000] {taskinstance.py:1660} INFO - Exporting env vars: AIRFLOW_CTX_DAG_OWNER='etudiant' AIRFLOW_CTX_DAG_ID='yfinance_ingestion_dag' AIRFLOW_CTX_TASK_ID='store_raw_data_in_hdfs' AIRFLOW_CTX_EXECUTION_DATE='2025-01-03T00:00:00+00:00' AIRFLOW_CTX_TRY_NUMBER='1' AIRFLOW_CTX_DAG_RUN_ID='scheduled__2025-01-03T00:00:00+00:00'
[2025-02-27T14:55:19.969+0000] {taskinstance.py:1935} ERROR - Task failed with exception
Traceback (most recent call last):
  File "/home/airflow/.local/lib/python3.8/site-packages/airflow/operators/python.py", line 192, in execute
    return_value = self.execute_callable()
  File "/home/airflow/.local/lib/python3.8/site-packages/airflow/operators/python.py", line 209, in execute_callable
    return self.python_callable(*self.op_args, **self.op_kwargs)
  File "/opt/airflow/dags/pipeline.py", line 82, in store_raw_data_in_hdfs
    with open(local_file, 'w') as f:
PermissionError: [Errno 13] Permission denied: '/mnt/hadoop_data/yfinance_raw.json'
[2025-02-27T14:55:20.034+0000] {taskinstance.py:1398} INFO - Marking task as FAILED. dag_id=yfinance_ingestion_dag, task_id=store_raw_data_in_hdfs, execution_date=20250103T000000, start_date=20250227T145518, end_date=20250227T145520
[2025-02-27T14:55:20.174+0000] {standard_task_runner.py:104} ERROR - Failed to execute job 29 for task store_raw_data_in_hdfs ([Errno 13] Permission denied: '/mnt/hadoop_data/yfinance_raw.json'; 271)
[2025-02-27T14:55:20.267+0000] {local_task_job_runner.py:228} INFO - Task exited with return code 1
[2025-02-27T14:55:20.386+0000] {taskinstance.py:2776} INFO - 0 downstream tasks scheduled from follow-on schedule check
