[2025-02-26T20:39:24.303+0000] {taskinstance.py:1159} INFO - Dependencies all met for dep_context=non-requeueable deps ti=<TaskInstance: yfinance_ingestion_dag.run_mapreduce scheduled__2025-01-29T00:00:00+00:00 [queued]>
[2025-02-26T20:39:24.331+0000] {taskinstance.py:1159} INFO - Dependencies all met for dep_context=requeueable deps ti=<TaskInstance: yfinance_ingestion_dag.run_mapreduce scheduled__2025-01-29T00:00:00+00:00 [queued]>
[2025-02-26T20:39:24.332+0000] {taskinstance.py:1361} INFO - Starting attempt 1 of 2
[2025-02-26T20:39:24.359+0000] {taskinstance.py:1382} INFO - Executing <Task(BashOperator): run_mapreduce> on 2025-01-29 00:00:00+00:00
[2025-02-26T20:39:24.369+0000] {standard_task_runner.py:57} INFO - Started process 972 to run task
[2025-02-26T20:39:24.374+0000] {standard_task_runner.py:84} INFO - Running: ['***', 'tasks', 'run', 'yfinance_ingestion_dag', 'run_mapreduce', 'scheduled__2025-01-29T00:00:00+00:00', '--job-id', '261', '--raw', '--subdir', 'DAGS_FOLDER/pipeline.py', '--cfg-path', '/tmp/tmpjo13ah6m']
[2025-02-26T20:39:24.380+0000] {standard_task_runner.py:85} INFO - Job 261: Subtask run_mapreduce
[2025-02-26T20:39:24.489+0000] {task_command.py:415} INFO - Running <TaskInstance: yfinance_ingestion_dag.run_mapreduce scheduled__2025-01-29T00:00:00+00:00 [running]> on host 3c0faf52b292
[2025-02-26T20:39:24.647+0000] {taskinstance.py:1660} INFO - Exporting env vars: AIRFLOW_CTX_DAG_OWNER='etudiant' AIRFLOW_CTX_DAG_ID='yfinance_ingestion_dag' AIRFLOW_CTX_TASK_ID='run_mapreduce' AIRFLOW_CTX_EXECUTION_DATE='2025-01-29T00:00:00+00:00' AIRFLOW_CTX_TRY_NUMBER='1' AIRFLOW_CTX_DAG_RUN_ID='scheduled__2025-01-29T00:00:00+00:00'
[2025-02-26T20:39:24.650+0000] {subprocess.py:63} INFO - Tmp dir root location: /tmp
[2025-02-26T20:39:24.652+0000] {subprocess.py:75} INFO - Running command: ['/bin/bash', '-c', '\n        docker exec -i -u root namenode bash -c \'         cd /tmp &&         cp /mnt/hadoop_data/mapreduce/mapper.py . &&         cp /mnt/hadoop_data/mapreduce/reducer.py . &&         chmod +x mapper.py reducer.py &&         hdfs dfs -rm -r hdfs:///user/etudiant/crypto/processed/YYYY=2025/MM=01/DD=29 || true &&         hadoop jar /opt/hadoop-3.2.1/share/hadoop/tools/lib/hadoop-streaming-3.2.1.jar         -files mapper.py,reducer.py         -mapper "python mapper.py"         -reducer "python reducer.py"         -input hdfs:///user/etudiant/crypto/raw/YYYY=2025/MM=01/DD=29/yfinance_raw.json         -output hdfs:///user/etudiant/crypto/processed/YYYY=2025/MM=01/DD=29\'\n        ']
[2025-02-26T20:39:24.668+0000] {subprocess.py:86} INFO - Output:
[2025-02-26T20:39:24.737+0000] {subprocess.py:93} INFO - Error response from daemon: container c068416616c3addcfecdcedaa4e27c1031cda688b8569312fe1d8d0a7228e11e is not running
[2025-02-26T20:39:24.744+0000] {subprocess.py:97} INFO - Command exited with return code 1
[2025-02-26T20:39:24.760+0000] {taskinstance.py:1943} ERROR - Task failed with exception
Traceback (most recent call last):
  File "/home/airflow/.local/lib/python3.8/site-packages/airflow/operators/bash.py", line 210, in execute
    raise AirflowException(
airflow.exceptions.AirflowException: Bash command failed. The command returned a non-zero exit code 1.
[2025-02-26T20:39:24.765+0000] {taskinstance.py:1400} INFO - Marking task as UP_FOR_RETRY. dag_id=yfinance_ingestion_dag, task_id=run_mapreduce, execution_date=20250129T000000, start_date=20250226T203924, end_date=20250226T203924
[2025-02-26T20:39:24.786+0000] {standard_task_runner.py:104} ERROR - Failed to execute job 261 for task run_mapreduce (Bash command failed. The command returned a non-zero exit code 1.; 972)
[2025-02-26T20:39:24.833+0000] {local_task_job_runner.py:228} INFO - Task exited with return code 1
[2025-02-26T20:39:24.857+0000] {taskinstance.py:2784} INFO - 0 downstream tasks scheduled from follow-on schedule check
[2025-02-26T20:44:04.245+0000] {taskinstance.py:1159} INFO - Dependencies all met for dep_context=non-requeueable deps ti=<TaskInstance: yfinance_ingestion_dag.run_mapreduce scheduled__2025-01-29T00:00:00+00:00 [queued]>
[2025-02-26T20:44:04.261+0000] {taskinstance.py:1159} INFO - Dependencies all met for dep_context=requeueable deps ti=<TaskInstance: yfinance_ingestion_dag.run_mapreduce scheduled__2025-01-29T00:00:00+00:00 [queued]>
[2025-02-26T20:44:04.262+0000] {taskinstance.py:1361} INFO - Starting attempt 1 of 2
[2025-02-26T20:44:04.285+0000] {taskinstance.py:1382} INFO - Executing <Task(BashOperator): run_mapreduce> on 2025-01-29 00:00:00+00:00
[2025-02-26T20:44:04.296+0000] {standard_task_runner.py:57} INFO - Started process 2240 to run task
[2025-02-26T20:44:04.302+0000] {standard_task_runner.py:84} INFO - Running: ['***', 'tasks', 'run', 'yfinance_ingestion_dag', 'run_mapreduce', 'scheduled__2025-01-29T00:00:00+00:00', '--job-id', '356', '--raw', '--subdir', 'DAGS_FOLDER/pipeline.py', '--cfg-path', '/tmp/tmp1wkerles']
[2025-02-26T20:44:04.313+0000] {standard_task_runner.py:85} INFO - Job 356: Subtask run_mapreduce
[2025-02-26T20:44:04.460+0000] {task_command.py:415} INFO - Running <TaskInstance: yfinance_ingestion_dag.run_mapreduce scheduled__2025-01-29T00:00:00+00:00 [running]> on host 3c0faf52b292
[2025-02-26T20:44:04.693+0000] {taskinstance.py:1660} INFO - Exporting env vars: AIRFLOW_CTX_DAG_OWNER='etudiant' AIRFLOW_CTX_DAG_ID='yfinance_ingestion_dag' AIRFLOW_CTX_TASK_ID='run_mapreduce' AIRFLOW_CTX_EXECUTION_DATE='2025-01-29T00:00:00+00:00' AIRFLOW_CTX_TRY_NUMBER='1' AIRFLOW_CTX_DAG_RUN_ID='scheduled__2025-01-29T00:00:00+00:00'
[2025-02-26T20:44:04.696+0000] {subprocess.py:63} INFO - Tmp dir root location: /tmp
[2025-02-26T20:44:04.699+0000] {subprocess.py:75} INFO - Running command: ['/bin/bash', '-c', '\n        docker exec -i -u root namenode bash -c \'         cd /tmp &&         cp /mnt/hadoop_data/mapreduce/mapper.py . &&         cp /mnt/hadoop_data/mapreduce/reducer.py . &&         chmod +x mapper.py reducer.py &&         hdfs dfs -rm -r hdfs:///user/etudiant/crypto/processed/YYYY=2025/MM=01/DD=29 || true &&         hadoop jar /opt/hadoop-3.2.1/share/hadoop/tools/lib/hadoop-streaming-3.2.1.jar         -files mapper.py,reducer.py         -mapper "python mapper.py"         -reducer "python reducer.py"         -input hdfs:///user/etudiant/crypto/raw/YYYY=2025/MM=01/DD=29/yfinance_raw.json         -output hdfs:///user/etudiant/crypto/processed/YYYY=2025/MM=01/DD=29\'\n        ']
[2025-02-26T20:44:04.720+0000] {subprocess.py:86} INFO - Output:
[2025-02-26T20:44:06.401+0000] {subprocess.py:93} INFO - rm: `hdfs:///user/etudiant/crypto/processed/YYYY=2025/MM=01/DD=29': No such file or directory
[2025-02-26T20:44:09.615+0000] {subprocess.py:93} INFO - 2025-02-26 20:44:09,612 INFO impl.MetricsConfig: Loaded properties from hadoop-metrics2.properties
[2025-02-26T20:44:09.721+0000] {subprocess.py:93} INFO - 2025-02-26 20:44:09,719 INFO impl.MetricsSystemImpl: Scheduled Metric snapshot period at 10 second(s).
[2025-02-26T20:44:09.723+0000] {subprocess.py:93} INFO - 2025-02-26 20:44:09,720 INFO impl.MetricsSystemImpl: JobTracker metrics system started
[2025-02-26T20:44:09.749+0000] {subprocess.py:93} INFO - 2025-02-26 20:44:09,746 WARN impl.MetricsSystemImpl: JobTracker metrics system already initialized!
[2025-02-26T20:44:10.304+0000] {subprocess.py:93} INFO - 2025-02-26 20:44:10,303 INFO mapred.FileInputFormat: Total input files to process : 1
[2025-02-26T20:44:10.375+0000] {subprocess.py:93} INFO - 2025-02-26 20:44:10,373 INFO mapreduce.JobSubmitter: number of splits:1
[2025-02-26T20:44:10.585+0000] {subprocess.py:93} INFO - 2025-02-26 20:44:10,583 INFO mapreduce.JobSubmitter: Submitting tokens for job: job_local1744153580_0001
[2025-02-26T20:44:10.586+0000] {subprocess.py:93} INFO - 2025-02-26 20:44:10,583 INFO mapreduce.JobSubmitter: Executing with tokens: []
[2025-02-26T20:44:10.915+0000] {subprocess.py:93} INFO - 2025-02-26 20:44:10,913 INFO mapred.LocalDistributedCacheManager: Localized file:/tmp/mapper.py as file:/tmp/hadoop-root/mapred/local/job_local1744153580_0001_f6d5eff7-3094-44a8-abd8-7ed70494140b/mapper.py
[2025-02-26T20:44:10.941+0000] {subprocess.py:93} INFO - 2025-02-26 20:44:10,940 INFO mapred.LocalDistributedCacheManager: Localized file:/tmp/reducer.py as file:/tmp/hadoop-root/mapred/local/job_local1744153580_0001_b4f3ebb7-4494-4c9a-ba43-4bd13b36cf84/reducer.py
[2025-02-26T20:44:11.073+0000] {subprocess.py:93} INFO - 2025-02-26 20:44:11,068 INFO mapreduce.Job: The url to track the job: http://localhost:8080/
[2025-02-26T20:44:11.081+0000] {subprocess.py:93} INFO - 2025-02-26 20:44:11,079 INFO mapreduce.Job: Running job: job_local1744153580_0001
[2025-02-26T20:44:11.097+0000] {subprocess.py:93} INFO - 2025-02-26 20:44:11,088 INFO mapred.LocalJobRunner: OutputCommitter set in config null
[2025-02-26T20:44:11.110+0000] {subprocess.py:93} INFO - 2025-02-26 20:44:11,104 INFO mapred.LocalJobRunner: OutputCommitter is org.apache.hadoop.mapred.FileOutputCommitter
[2025-02-26T20:44:11.121+0000] {subprocess.py:93} INFO - 2025-02-26 20:44:11,118 INFO output.FileOutputCommitter: File Output Committer Algorithm version is 2
[2025-02-26T20:44:11.122+0000] {subprocess.py:93} INFO - 2025-02-26 20:44:11,120 INFO output.FileOutputCommitter: FileOutputCommitter skip cleanup _temporary folders under output directory:false, ignore cleanup failures: false
[2025-02-26T20:44:11.187+0000] {subprocess.py:93} INFO - 2025-02-26 20:44:11,185 INFO mapred.LocalJobRunner: Waiting for map tasks
[2025-02-26T20:44:11.192+0000] {subprocess.py:93} INFO - 2025-02-26 20:44:11,190 INFO mapred.LocalJobRunner: Starting task: attempt_local1744153580_0001_m_000000_0
[2025-02-26T20:44:11.225+0000] {subprocess.py:93} INFO - 2025-02-26 20:44:11,223 INFO output.FileOutputCommitter: File Output Committer Algorithm version is 2
[2025-02-26T20:44:11.226+0000] {subprocess.py:93} INFO - 2025-02-26 20:44:11,223 INFO output.FileOutputCommitter: FileOutputCommitter skip cleanup _temporary folders under output directory:false, ignore cleanup failures: false
[2025-02-26T20:44:11.261+0000] {subprocess.py:93} INFO - 2025-02-26 20:44:11,259 INFO mapred.Task:  Using ResourceCalculatorProcessTree : [ ]
[2025-02-26T20:44:11.273+0000] {subprocess.py:93} INFO - 2025-02-26 20:44:11,271 INFO mapred.MapTask: Processing split: hdfs://namenode:9000/user/etudiant/crypto/raw/YYYY=2025/MM=01/DD=29/yfinance_raw.json:0+19764
[2025-02-26T20:44:11.303+0000] {subprocess.py:93} INFO - 2025-02-26 20:44:11,302 INFO mapred.MapTask: numReduceTasks: 1
[2025-02-26T20:44:11.379+0000] {subprocess.py:93} INFO - 2025-02-26 20:44:11,375 INFO mapred.MapTask: (EQUATOR) 0 kvi 26214396(104857584)
[2025-02-26T20:44:11.383+0000] {subprocess.py:93} INFO - 2025-02-26 20:44:11,376 INFO mapred.MapTask: mapreduce.task.io.sort.mb: 100
[2025-02-26T20:44:11.384+0000] {subprocess.py:93} INFO - 2025-02-26 20:44:11,376 INFO mapred.MapTask: soft limit at 83886080
[2025-02-26T20:44:11.385+0000] {subprocess.py:93} INFO - 2025-02-26 20:44:11,376 INFO mapred.MapTask: bufstart = 0; bufvoid = 104857600
[2025-02-26T20:44:11.385+0000] {subprocess.py:93} INFO - 2025-02-26 20:44:11,376 INFO mapred.MapTask: kvstart = 26214396; length = 6553600
[2025-02-26T20:44:11.390+0000] {subprocess.py:93} INFO - 2025-02-26 20:44:11,388 INFO mapred.MapTask: Map output collector class = org.apache.hadoop.mapred.MapTask$MapOutputBuffer
[2025-02-26T20:44:11.410+0000] {subprocess.py:93} INFO - 2025-02-26 20:44:11,406 INFO streaming.PipeMapRed: PipeMapRed exec [/usr/bin/python, mapper.py]
[2025-02-26T20:44:11.424+0000] {subprocess.py:93} INFO - 2025-02-26 20:44:11,420 INFO Configuration.deprecation: mapred.work.output.dir is deprecated. Instead, use mapreduce.task.output.dir
[2025-02-26T20:44:11.426+0000] {subprocess.py:93} INFO - 2025-02-26 20:44:11,421 INFO Configuration.deprecation: map.input.start is deprecated. Instead, use mapreduce.map.input.start
[2025-02-26T20:44:11.428+0000] {subprocess.py:93} INFO - 2025-02-26 20:44:11,422 INFO Configuration.deprecation: mapred.task.is.map is deprecated. Instead, use mapreduce.task.ismap
[2025-02-26T20:44:11.429+0000] {subprocess.py:93} INFO - 2025-02-26 20:44:11,422 INFO Configuration.deprecation: mapred.task.id is deprecated. Instead, use mapreduce.task.attempt.id
[2025-02-26T20:44:11.430+0000] {subprocess.py:93} INFO - 2025-02-26 20:44:11,424 INFO Configuration.deprecation: mapred.tip.id is deprecated. Instead, use mapreduce.task.id
[2025-02-26T20:44:11.431+0000] {subprocess.py:93} INFO - 2025-02-26 20:44:11,424 INFO Configuration.deprecation: mapred.local.dir is deprecated. Instead, use mapreduce.cluster.local.dir
[2025-02-26T20:44:11.432+0000] {subprocess.py:93} INFO - 2025-02-26 20:44:11,424 INFO Configuration.deprecation: map.input.file is deprecated. Instead, use mapreduce.map.input.file
[2025-02-26T20:44:11.433+0000] {subprocess.py:93} INFO - 2025-02-26 20:44:11,425 INFO Configuration.deprecation: mapred.skip.on is deprecated. Instead, use mapreduce.job.skiprecords
[2025-02-26T20:44:11.437+0000] {subprocess.py:93} INFO - 2025-02-26 20:44:11,426 INFO Configuration.deprecation: map.input.length is deprecated. Instead, use mapreduce.map.input.length
[2025-02-26T20:44:11.439+0000] {subprocess.py:93} INFO - 2025-02-26 20:44:11,428 INFO Configuration.deprecation: mapred.job.id is deprecated. Instead, use mapreduce.job.id
[2025-02-26T20:44:11.439+0000] {subprocess.py:93} INFO - 2025-02-26 20:44:11,429 INFO Configuration.deprecation: user.name is deprecated. Instead, use mapreduce.job.user.name
[2025-02-26T20:44:11.440+0000] {subprocess.py:93} INFO - 2025-02-26 20:44:11,430 INFO Configuration.deprecation: mapred.task.partition is deprecated. Instead, use mapreduce.task.partition
[2025-02-26T20:44:11.507+0000] {subprocess.py:93} INFO - 2025-02-26 20:44:11,504 INFO sasl.SaslDataTransferClient: SASL encryption trust check: localHostTrusted = false, remoteHostTrusted = false
[2025-02-26T20:44:11.651+0000] {subprocess.py:93} INFO - 2025-02-26 20:44:11,649 INFO streaming.PipeMapRed: R/W/S=1/0/0 in:NA [rec/s] out:NA [rec/s]
[2025-02-26T20:44:11.652+0000] {subprocess.py:93} INFO - 2025-02-26 20:44:11,649 INFO streaming.PipeMapRed: R/W/S=10/0/0 in:NA [rec/s] out:NA [rec/s]
[2025-02-26T20:44:11.653+0000] {subprocess.py:93} INFO - 2025-02-26 20:44:11,652 INFO streaming.PipeMapRed: R/W/S=100/0/0 in:NA [rec/s] out:NA [rec/s]
[2025-02-26T20:44:11.687+0000] {subprocess.py:93} INFO - 2025-02-26 20:44:11,685 INFO streaming.PipeMapRed: MRErrorThread done
[2025-02-26T20:44:11.688+0000] {subprocess.py:93} INFO - 2025-02-26 20:44:11,685 INFO streaming.PipeMapRed: mapRedFinished
[2025-02-26T20:44:11.692+0000] {subprocess.py:93} INFO - 2025-02-26 20:44:11,690 INFO mapred.LocalJobRunner:
[2025-02-26T20:44:11.693+0000] {subprocess.py:93} INFO - 2025-02-26 20:44:11,690 INFO mapred.MapTask: Starting flush of map output
[2025-02-26T20:44:11.762+0000] {subprocess.py:93} INFO - 2025-02-26 20:44:11,760 INFO mapred.Task: Task:attempt_local1744153580_0001_m_000000_0 is done. And is in the process of committing
[2025-02-26T20:44:11.768+0000] {subprocess.py:93} INFO - 2025-02-26 20:44:11,767 INFO mapred.LocalJobRunner: hdfs://namenode:9000/user/etudiant/crypto/raw/YYYY=2025/MM=01/DD=29/yfinance_raw.json:0+19764
[2025-02-26T20:44:11.769+0000] {subprocess.py:93} INFO - 2025-02-26 20:44:11,767 INFO mapred.Task: Task 'attempt_local1744153580_0001_m_000000_0' done.
[2025-02-26T20:44:11.817+0000] {subprocess.py:93} INFO - 2025-02-26 20:44:11,814 INFO mapred.Task: Final Counters for attempt_local1744153580_0001_m_000000_0: Counters: 23
[2025-02-26T20:44:11.818+0000] {subprocess.py:93} INFO - 	File System Counters
[2025-02-26T20:44:11.819+0000] {subprocess.py:93} INFO - 		FILE: Number of bytes read=180665
[2025-02-26T20:44:11.819+0000] {subprocess.py:93} INFO - 		FILE: Number of bytes written=712295
[2025-02-26T20:44:11.820+0000] {subprocess.py:93} INFO - 		FILE: Number of read operations=0
[2025-02-26T20:44:11.820+0000] {subprocess.py:93} INFO - 		FILE: Number of large read operations=0
[2025-02-26T20:44:11.821+0000] {subprocess.py:93} INFO - 		FILE: Number of write operations=0
[2025-02-26T20:44:11.822+0000] {subprocess.py:93} INFO - 		HDFS: Number of bytes read=19764
[2025-02-26T20:44:11.837+0000] {subprocess.py:93} INFO - 		HDFS: Number of bytes written=0
[2025-02-26T20:44:11.838+0000] {subprocess.py:93} INFO - 		HDFS: Number of read operations=5
[2025-02-26T20:44:11.842+0000] {subprocess.py:93} INFO - 		HDFS: Number of large read operations=0
[2025-02-26T20:44:11.844+0000] {subprocess.py:93} INFO - 		HDFS: Number of write operations=1
[2025-02-26T20:44:11.851+0000] {subprocess.py:93} INFO - 		HDFS: Number of bytes read erasure-coded=0
[2025-02-26T20:44:11.858+0000] {subprocess.py:93} INFO - 	Map-Reduce Framework
[2025-02-26T20:44:11.860+0000] {subprocess.py:93} INFO - 		Map input records=677
[2025-02-26T20:44:11.861+0000] {subprocess.py:93} INFO - 		Map output records=0
[2025-02-26T20:44:11.862+0000] {subprocess.py:93} INFO - 		Map output bytes=0
[2025-02-26T20:44:11.865+0000] {subprocess.py:93} INFO - 		Map output materialized bytes=6
[2025-02-26T20:44:11.866+0000] {subprocess.py:93} INFO - 		Input split bytes=137
[2025-02-26T20:44:11.867+0000] {subprocess.py:93} INFO - 		Combine input records=0
[2025-02-26T20:44:11.868+0000] {subprocess.py:93} INFO - 		Spilled Records=0
[2025-02-26T20:44:11.869+0000] {subprocess.py:93} INFO - 		Failed Shuffles=0
[2025-02-26T20:44:11.869+0000] {subprocess.py:93} INFO - 		Merged Map outputs=0
[2025-02-26T20:44:11.871+0000] {subprocess.py:93} INFO - 		GC time elapsed (ms)=0
[2025-02-26T20:44:11.871+0000] {subprocess.py:93} INFO - 		Total committed heap usage (bytes)=277348352
[2025-02-26T20:44:11.875+0000] {subprocess.py:93} INFO - 	File Input Format Counters
[2025-02-26T20:44:11.878+0000] {subprocess.py:93} INFO - 		Bytes Read=19764
[2025-02-26T20:44:11.879+0000] {subprocess.py:93} INFO - 2025-02-26 20:44:11,814 INFO mapred.LocalJobRunner: Finishing task: attempt_local1744153580_0001_m_000000_0
[2025-02-26T20:44:11.880+0000] {subprocess.py:93} INFO - 2025-02-26 20:44:11,814 INFO mapred.LocalJobRunner: map task executor complete.
[2025-02-26T20:44:11.881+0000] {subprocess.py:93} INFO - 2025-02-26 20:44:11,821 INFO mapred.LocalJobRunner: Waiting for reduce tasks
[2025-02-26T20:44:11.882+0000] {subprocess.py:93} INFO - 2025-02-26 20:44:11,822 INFO mapred.LocalJobRunner: Starting task: attempt_local1744153580_0001_r_000000_0
[2025-02-26T20:44:11.882+0000] {subprocess.py:93} INFO - 2025-02-26 20:44:11,862 INFO output.FileOutputCommitter: File Output Committer Algorithm version is 2
[2025-02-26T20:44:11.883+0000] {subprocess.py:93} INFO - 2025-02-26 20:44:11,862 INFO output.FileOutputCommitter: FileOutputCommitter skip cleanup _temporary folders under output directory:false, ignore cleanup failures: false
[2025-02-26T20:44:11.884+0000] {subprocess.py:93} INFO - 2025-02-26 20:44:11,863 INFO mapred.Task:  Using ResourceCalculatorProcessTree : [ ]
[2025-02-26T20:44:11.885+0000] {subprocess.py:93} INFO - 2025-02-26 20:44:11,878 INFO mapred.ReduceTask: Using ShuffleConsumerPlugin: org.apache.hadoop.mapreduce.task.reduce.Shuffle@62db9e6
[2025-02-26T20:44:11.885+0000] {subprocess.py:93} INFO - 2025-02-26 20:44:11,882 WARN impl.MetricsSystemImpl: JobTracker metrics system already initialized!
[2025-02-26T20:44:11.926+0000] {subprocess.py:93} INFO - 2025-02-26 20:44:11,922 INFO reduce.MergeManagerImpl: MergerManager: memoryLimit=668309888, maxSingleShuffleLimit=167077472, mergeThreshold=441084544, ioSortFactor=10, memToMemMergeOutputsThreshold=10
[2025-02-26T20:44:11.944+0000] {subprocess.py:93} INFO - 2025-02-26 20:44:11,939 INFO reduce.EventFetcher: attempt_local1744153580_0001_r_000000_0 Thread started: EventFetcher for fetching Map Completion Events
[2025-02-26T20:44:12.011+0000] {subprocess.py:93} INFO - 2025-02-26 20:44:12,008 INFO reduce.LocalFetcher: localfetcher#1 about to shuffle output of map attempt_local1744153580_0001_m_000000_0 decomp: 2 len: 6 to MEMORY
[2025-02-26T20:44:12.016+0000] {subprocess.py:93} INFO - 2025-02-26 20:44:12,015 INFO reduce.InMemoryMapOutput: Read 2 bytes from map-output for attempt_local1744153580_0001_m_000000_0
[2025-02-26T20:44:12.019+0000] {subprocess.py:93} INFO - 2025-02-26 20:44:12,017 INFO reduce.MergeManagerImpl: closeInMemoryFile -> map-output of size: 2, inMemoryMapOutputs.size() -> 1, commitMemory -> 0, usedMemory ->2
[2025-02-26T20:44:12.023+0000] {subprocess.py:93} INFO - 2025-02-26 20:44:12,021 INFO reduce.EventFetcher: EventFetcher is interrupted.. Returning
[2025-02-26T20:44:12.024+0000] {subprocess.py:93} INFO - 2025-02-26 20:44:12,023 INFO mapred.LocalJobRunner: 1 / 1 copied.
[2025-02-26T20:44:12.025+0000] {subprocess.py:93} INFO - 2025-02-26 20:44:12,024 INFO reduce.MergeManagerImpl: finalMerge called with 1 in-memory map-outputs and 0 on-disk map-outputs
[2025-02-26T20:44:12.041+0000] {subprocess.py:93} INFO - 2025-02-26 20:44:12,040 INFO mapred.Merger: Merging 1 sorted segments
[2025-02-26T20:44:12.043+0000] {subprocess.py:93} INFO - 2025-02-26 20:44:12,041 INFO mapred.Merger: Down to the last merge-pass, with 0 segments left of total size: 0 bytes
[2025-02-26T20:44:12.047+0000] {subprocess.py:93} INFO - 2025-02-26 20:44:12,045 INFO reduce.MergeManagerImpl: Merged 1 segments, 2 bytes to disk to satisfy reduce memory limit
[2025-02-26T20:44:12.049+0000] {subprocess.py:93} INFO - 2025-02-26 20:44:12,046 INFO reduce.MergeManagerImpl: Merging 1 files, 6 bytes from disk
[2025-02-26T20:44:12.050+0000] {subprocess.py:93} INFO - 2025-02-26 20:44:12,048 INFO reduce.MergeManagerImpl: Merging 0 segments, 0 bytes from memory into reduce
[2025-02-26T20:44:12.051+0000] {subprocess.py:93} INFO - 2025-02-26 20:44:12,049 INFO mapred.Merger: Merging 1 sorted segments
[2025-02-26T20:44:12.054+0000] {subprocess.py:93} INFO - 2025-02-26 20:44:12,052 INFO mapred.Merger: Down to the last merge-pass, with 0 segments left of total size: 0 bytes
[2025-02-26T20:44:12.064+0000] {subprocess.py:93} INFO - 2025-02-26 20:44:12,054 INFO mapred.LocalJobRunner: 1 / 1 copied.
[2025-02-26T20:44:12.080+0000] {subprocess.py:93} INFO - 2025-02-26 20:44:12,078 INFO streaming.PipeMapRed: PipeMapRed exec [/usr/bin/python, reducer.py]
[2025-02-26T20:44:12.084+0000] {subprocess.py:93} INFO - 2025-02-26 20:44:12,082 INFO Configuration.deprecation: mapred.job.tracker is deprecated. Instead, use mapreduce.jobtracker.address
[2025-02-26T20:44:12.085+0000] {subprocess.py:93} INFO - 2025-02-26 20:44:12,083 INFO Configuration.deprecation: mapred.map.tasks is deprecated. Instead, use mapreduce.job.maps
[2025-02-26T20:44:12.119+0000] {subprocess.py:93} INFO - 2025-02-26 20:44:12,117 INFO mapreduce.Job: Job job_local1744153580_0001 running in uber mode : false
[2025-02-26T20:44:12.126+0000] {subprocess.py:93} INFO - 2025-02-26 20:44:12,123 INFO mapreduce.Job:  map 100% reduce 0%
[2025-02-26T20:44:12.241+0000] {subprocess.py:93} INFO - 2025-02-26 20:44:12,224 INFO streaming.PipeMapRed: MRErrorThread done
[2025-02-26T20:44:12.249+0000] {subprocess.py:93} INFO - 2025-02-26 20:44:12,225 INFO streaming.PipeMapRed: mapRedFinished
[2025-02-26T20:44:12.328+0000] {subprocess.py:93} INFO - 2025-02-26 20:44:12,316 INFO mapred.Task: Task:attempt_local1744153580_0001_r_000000_0 is done. And is in the process of committing
[2025-02-26T20:44:12.339+0000] {subprocess.py:93} INFO - 2025-02-26 20:44:12,329 INFO mapred.LocalJobRunner: 1 / 1 copied.
[2025-02-26T20:44:12.341+0000] {subprocess.py:93} INFO - 2025-02-26 20:44:12,330 INFO mapred.Task: Task attempt_local1744153580_0001_r_000000_0 is allowed to commit now
[2025-02-26T20:44:12.395+0000] {subprocess.py:93} INFO - 2025-02-26 20:44:12,393 INFO output.FileOutputCommitter: Saved output of task 'attempt_local1744153580_0001_r_000000_0' to hdfs://namenode:9000/user/etudiant/crypto/processed/YYYY=2025/MM=01/DD=29
[2025-02-26T20:44:12.411+0000] {subprocess.py:93} INFO - 2025-02-26 20:44:12,399 INFO mapred.LocalJobRunner: reduce > reduce
[2025-02-26T20:44:12.417+0000] {subprocess.py:93} INFO - 2025-02-26 20:44:12,400 INFO mapred.Task: Task 'attempt_local1744153580_0001_r_000000_0' done.
[2025-02-26T20:44:12.422+0000] {subprocess.py:93} INFO - 2025-02-26 20:44:12,400 INFO mapred.Task: Final Counters for attempt_local1744153580_0001_r_000000_0: Counters: 30
[2025-02-26T20:44:12.427+0000] {subprocess.py:93} INFO - 	File System Counters
[2025-02-26T20:44:12.428+0000] {subprocess.py:93} INFO - 		FILE: Number of bytes read=180709
[2025-02-26T20:44:12.429+0000] {subprocess.py:93} INFO - 		FILE: Number of bytes written=712301
[2025-02-26T20:44:12.430+0000] {subprocess.py:93} INFO - 		FILE: Number of read operations=0
[2025-02-26T20:44:12.431+0000] {subprocess.py:93} INFO - 		FILE: Number of large read operations=0
[2025-02-26T20:44:12.432+0000] {subprocess.py:93} INFO - 		FILE: Number of write operations=0
[2025-02-26T20:44:12.433+0000] {subprocess.py:93} INFO - 		HDFS: Number of bytes read=19764
[2025-02-26T20:44:12.434+0000] {subprocess.py:93} INFO - 		HDFS: Number of bytes written=0
[2025-02-26T20:44:12.435+0000] {subprocess.py:93} INFO - 		HDFS: Number of read operations=10
[2025-02-26T20:44:12.436+0000] {subprocess.py:93} INFO - 		HDFS: Number of large read operations=0
[2025-02-26T20:44:12.437+0000] {subprocess.py:93} INFO - 		HDFS: Number of write operations=3
[2025-02-26T20:44:12.438+0000] {subprocess.py:93} INFO - 		HDFS: Number of bytes read erasure-coded=0
[2025-02-26T20:44:12.440+0000] {subprocess.py:93} INFO - 	Map-Reduce Framework
[2025-02-26T20:44:12.441+0000] {subprocess.py:93} INFO - 		Combine input records=0
[2025-02-26T20:44:12.442+0000] {subprocess.py:93} INFO - 		Combine output records=0
[2025-02-26T20:44:12.443+0000] {subprocess.py:93} INFO - 		Reduce input groups=0
[2025-02-26T20:44:12.444+0000] {subprocess.py:93} INFO - 		Reduce shuffle bytes=6
[2025-02-26T20:44:12.445+0000] {subprocess.py:93} INFO - 		Reduce input records=0
[2025-02-26T20:44:12.445+0000] {subprocess.py:93} INFO - 		Reduce output records=0
[2025-02-26T20:44:12.446+0000] {subprocess.py:93} INFO - 		Spilled Records=0
[2025-02-26T20:44:12.447+0000] {subprocess.py:93} INFO - 		Shuffled Maps =1
[2025-02-26T20:44:12.447+0000] {subprocess.py:93} INFO - 		Failed Shuffles=0
[2025-02-26T20:44:12.448+0000] {subprocess.py:93} INFO - 		Merged Map outputs=1
[2025-02-26T20:44:12.449+0000] {subprocess.py:93} INFO - 		GC time elapsed (ms)=0
[2025-02-26T20:44:12.449+0000] {subprocess.py:93} INFO - 		Total committed heap usage (bytes)=278396928
[2025-02-26T20:44:12.450+0000] {subprocess.py:93} INFO - 	Shuffle Errors
[2025-02-26T20:44:12.451+0000] {subprocess.py:93} INFO - 		BAD_ID=0
[2025-02-26T20:44:12.452+0000] {subprocess.py:93} INFO - 		CONNECTION=0
[2025-02-26T20:44:12.453+0000] {subprocess.py:93} INFO - 		IO_ERROR=0
[2025-02-26T20:44:12.454+0000] {subprocess.py:93} INFO - 		WRONG_LENGTH=0
[2025-02-26T20:44:12.457+0000] {subprocess.py:93} INFO - 		WRONG_MAP=0
[2025-02-26T20:44:12.459+0000] {subprocess.py:93} INFO - 		WRONG_REDUCE=0
[2025-02-26T20:44:12.462+0000] {subprocess.py:93} INFO - 	File Output Format Counters
[2025-02-26T20:44:12.465+0000] {subprocess.py:93} INFO - 		Bytes Written=0
[2025-02-26T20:44:12.466+0000] {subprocess.py:93} INFO - 2025-02-26 20:44:12,401 INFO mapred.LocalJobRunner: Finishing task: attempt_local1744153580_0001_r_000000_0
[2025-02-26T20:44:12.467+0000] {subprocess.py:93} INFO - 2025-02-26 20:44:12,402 INFO mapred.LocalJobRunner: reduce task executor complete.
[2025-02-26T20:44:13.130+0000] {subprocess.py:93} INFO - 2025-02-26 20:44:13,128 INFO mapreduce.Job:  map 100% reduce 100%
[2025-02-26T20:44:13.131+0000] {subprocess.py:93} INFO - 2025-02-26 20:44:13,129 INFO mapreduce.Job: Job job_local1744153580_0001 completed successfully
[2025-02-26T20:44:13.148+0000] {subprocess.py:93} INFO - 2025-02-26 20:44:13,146 INFO mapreduce.Job: Counters: 36
[2025-02-26T20:44:13.149+0000] {subprocess.py:93} INFO - 	File System Counters
[2025-02-26T20:44:13.150+0000] {subprocess.py:93} INFO - 		FILE: Number of bytes read=361374
[2025-02-26T20:44:13.151+0000] {subprocess.py:93} INFO - 		FILE: Number of bytes written=1424596
[2025-02-26T20:44:13.151+0000] {subprocess.py:93} INFO - 		FILE: Number of read operations=0
[2025-02-26T20:44:13.152+0000] {subprocess.py:93} INFO - 		FILE: Number of large read operations=0
[2025-02-26T20:44:13.152+0000] {subprocess.py:93} INFO - 		FILE: Number of write operations=0
[2025-02-26T20:44:13.153+0000] {subprocess.py:93} INFO - 		HDFS: Number of bytes read=39528
[2025-02-26T20:44:13.154+0000] {subprocess.py:93} INFO - 		HDFS: Number of bytes written=0
[2025-02-26T20:44:13.154+0000] {subprocess.py:93} INFO - 		HDFS: Number of read operations=15
[2025-02-26T20:44:13.155+0000] {subprocess.py:93} INFO - 		HDFS: Number of large read operations=0
[2025-02-26T20:44:13.156+0000] {subprocess.py:93} INFO - 		HDFS: Number of write operations=4
[2025-02-26T20:44:13.156+0000] {subprocess.py:93} INFO - 		HDFS: Number of bytes read erasure-coded=0
[2025-02-26T20:44:13.157+0000] {subprocess.py:93} INFO - 	Map-Reduce Framework
[2025-02-26T20:44:13.158+0000] {subprocess.py:93} INFO - 		Map input records=677
[2025-02-26T20:44:13.159+0000] {subprocess.py:93} INFO - 		Map output records=0
[2025-02-26T20:44:13.159+0000] {subprocess.py:93} INFO - 		Map output bytes=0
[2025-02-26T20:44:13.160+0000] {subprocess.py:93} INFO - 		Map output materialized bytes=6
[2025-02-26T20:44:13.161+0000] {subprocess.py:93} INFO - 		Input split bytes=137
[2025-02-26T20:44:13.162+0000] {subprocess.py:93} INFO - 		Combine input records=0
[2025-02-26T20:44:13.162+0000] {subprocess.py:93} INFO - 		Combine output records=0
[2025-02-26T20:44:13.163+0000] {subprocess.py:93} INFO - 		Reduce input groups=0
[2025-02-26T20:44:13.164+0000] {subprocess.py:93} INFO - 		Reduce shuffle bytes=6
[2025-02-26T20:44:13.164+0000] {subprocess.py:93} INFO - 		Reduce input records=0
[2025-02-26T20:44:13.165+0000] {subprocess.py:93} INFO - 		Reduce output records=0
[2025-02-26T20:44:13.166+0000] {subprocess.py:93} INFO - 		Spilled Records=0
[2025-02-26T20:44:13.166+0000] {subprocess.py:93} INFO - 		Shuffled Maps =1
[2025-02-26T20:44:13.167+0000] {subprocess.py:93} INFO - 		Failed Shuffles=0
[2025-02-26T20:44:13.168+0000] {subprocess.py:93} INFO - 		Merged Map outputs=1
[2025-02-26T20:44:13.169+0000] {subprocess.py:93} INFO - 		GC time elapsed (ms)=0
[2025-02-26T20:44:13.169+0000] {subprocess.py:93} INFO - 		Total committed heap usage (bytes)=555745280
[2025-02-26T20:44:13.170+0000] {subprocess.py:93} INFO - 	Shuffle Errors
[2025-02-26T20:44:13.171+0000] {subprocess.py:93} INFO - 		BAD_ID=0
[2025-02-26T20:44:13.171+0000] {subprocess.py:93} INFO - 		CONNECTION=0
[2025-02-26T20:44:13.172+0000] {subprocess.py:93} INFO - 		IO_ERROR=0
[2025-02-26T20:44:13.172+0000] {subprocess.py:93} INFO - 		WRONG_LENGTH=0
[2025-02-26T20:44:13.173+0000] {subprocess.py:93} INFO - 		WRONG_MAP=0
[2025-02-26T20:44:13.174+0000] {subprocess.py:93} INFO - 		WRONG_REDUCE=0
[2025-02-26T20:44:13.175+0000] {subprocess.py:93} INFO - 	File Input Format Counters
[2025-02-26T20:44:13.176+0000] {subprocess.py:93} INFO - 		Bytes Read=19764
[2025-02-26T20:44:13.177+0000] {subprocess.py:93} INFO - 	File Output Format Counters
[2025-02-26T20:44:13.178+0000] {subprocess.py:93} INFO - 		Bytes Written=0
[2025-02-26T20:44:13.178+0000] {subprocess.py:93} INFO - 2025-02-26 20:44:13,146 INFO streaming.StreamJob: Output directory: hdfs:///user/etudiant/crypto/processed/YYYY=2025/MM=01/DD=29
[2025-02-26T20:44:13.632+0000] {subprocess.py:97} INFO - Command exited with return code 0
[2025-02-26T20:44:13.684+0000] {taskinstance.py:1400} INFO - Marking task as SUCCESS. dag_id=yfinance_ingestion_dag, task_id=run_mapreduce, execution_date=20250129T000000, start_date=20250226T204404, end_date=20250226T204413
[2025-02-26T20:44:13.818+0000] {local_task_job_runner.py:228} INFO - Task exited with return code 0
[2025-02-26T20:44:13.858+0000] {taskinstance.py:2784} INFO - 0 downstream tasks scheduled from follow-on schedule check
