[2025-02-26T20:18:10.951+0000] {taskinstance.py:1159} INFO - Dependencies all met for dep_context=non-requeueable deps ti=<TaskInstance: yfinance_ingestion_dag.run_mapreduce scheduled__2025-01-12T00:00:00+00:00 [queued]>
[2025-02-26T20:18:11.103+0000] {taskinstance.py:1159} INFO - Dependencies all met for dep_context=requeueable deps ti=<TaskInstance: yfinance_ingestion_dag.run_mapreduce scheduled__2025-01-12T00:00:00+00:00 [queued]>
[2025-02-26T20:18:11.120+0000] {taskinstance.py:1361} INFO - Starting attempt 1 of 2
[2025-02-26T20:18:11.559+0000] {taskinstance.py:1382} INFO - Executing <Task(BashOperator): run_mapreduce> on 2025-01-12 00:00:00+00:00
[2025-02-26T20:18:11.645+0000] {standard_task_runner.py:57} INFO - Started process 648 to run task
[2025-02-26T20:18:11.685+0000] {standard_task_runner.py:84} INFO - Running: ['***', 'tasks', 'run', 'yfinance_ingestion_dag', 'run_mapreduce', 'scheduled__2025-01-12T00:00:00+00:00', '--job-id', '97', '--raw', '--subdir', 'DAGS_FOLDER/pipeline.py', '--cfg-path', '/tmp/tmpjvcah9ts']
[2025-02-26T20:18:11.724+0000] {standard_task_runner.py:85} INFO - Job 97: Subtask run_mapreduce
[2025-02-26T20:18:12.054+0000] {task_command.py:415} INFO - Running <TaskInstance: yfinance_ingestion_dag.run_mapreduce scheduled__2025-01-12T00:00:00+00:00 [running]> on host c96a1011f5a3
[2025-02-26T20:18:12.522+0000] {taskinstance.py:1660} INFO - Exporting env vars: AIRFLOW_CTX_DAG_OWNER='etudiant' AIRFLOW_CTX_DAG_ID='yfinance_ingestion_dag' AIRFLOW_CTX_TASK_ID='run_mapreduce' AIRFLOW_CTX_EXECUTION_DATE='2025-01-12T00:00:00+00:00' AIRFLOW_CTX_TRY_NUMBER='1' AIRFLOW_CTX_DAG_RUN_ID='scheduled__2025-01-12T00:00:00+00:00'
[2025-02-26T20:18:12.526+0000] {subprocess.py:63} INFO - Tmp dir root location: /tmp
[2025-02-26T20:18:12.532+0000] {subprocess.py:75} INFO - Running command: ['/bin/bash', '-c', '\n        docker exec -i -u root namenode bash -c \'         cd /tmp &&         cp /mnt/hadoop_data/mapreduce/mapper.py . &&         cp /mnt/hadoop_data/mapreduce/reducer.py . &&         chmod +x mapper.py reducer.py &&         hdfs dfs -rm -r hdfs:///user/etudiant/crypto/processed/YYYY=2025/MM=01/DD=12 || true &&         hadoop jar /opt/hadoop-3.2.1/share/hadoop/tools/lib/hadoop-streaming-3.2.1.jar         -files mapper.py,reducer.py         -mapper "python mapper.py"         -reducer "python reducer.py"         -input hdfs:///user/etudiant/crypto/raw/YYYY=2025/MM=01/DD=12/yfinance_raw.json         -output hdfs:///user/etudiant/crypto/processed/YYYY=2025/MM=01/DD=12\'\n        ']
[2025-02-26T20:18:12.580+0000] {subprocess.py:86} INFO - Output:
[2025-02-26T20:18:33.213+0000] {subprocess.py:93} INFO - rm: `hdfs:///user/etudiant/crypto/processed/YYYY=2025/MM=01/DD=12': No such file or directory
[2025-02-26T20:18:52.930+0000] {subprocess.py:93} INFO - 2025-02-26 20:18:52,928 INFO impl.MetricsConfig: Loaded properties from hadoop-metrics2.properties
[2025-02-26T20:18:53.855+0000] {subprocess.py:93} INFO - 2025-02-26 20:18:53,853 INFO impl.MetricsSystemImpl: Scheduled Metric snapshot period at 10 second(s).
[2025-02-26T20:18:53.856+0000] {subprocess.py:93} INFO - 2025-02-26 20:18:53,854 INFO impl.MetricsSystemImpl: JobTracker metrics system started
[2025-02-26T20:18:54.072+0000] {subprocess.py:93} INFO - 2025-02-26 20:18:54,070 WARN impl.MetricsSystemImpl: JobTracker metrics system already initialized!
[2025-02-26T20:18:56.389+0000] {subprocess.py:93} INFO - 2025-02-26 20:18:56,331 INFO mapred.FileInputFormat: Total input files to process : 1
[2025-02-26T20:18:56.790+0000] {subprocess.py:93} INFO - 2025-02-26 20:18:56,788 INFO mapreduce.JobSubmitter: number of splits:1
[2025-02-26T20:18:57.845+0000] {subprocess.py:93} INFO - 2025-02-26 20:18:57,825 INFO mapreduce.JobSubmitter: Submitting tokens for job: job_local1300427521_0001
[2025-02-26T20:18:57.846+0000] {subprocess.py:93} INFO - 2025-02-26 20:18:57,825 INFO mapreduce.JobSubmitter: Executing with tokens: []
[2025-02-26T20:18:59.846+0000] {subprocess.py:93} INFO - 2025-02-26 20:18:59,844 INFO mapred.LocalDistributedCacheManager: Localized file:/tmp/mapper.py as file:/tmp/hadoop-root/mapred/local/job_local1300427521_0001_c3a3a09c-4234-4e7e-9d09-ccb862358ab2/mapper.py
[2025-02-26T20:19:00.355+0000] {subprocess.py:93} INFO - 2025-02-26 20:19:00,354 INFO mapred.LocalDistributedCacheManager: Localized file:/tmp/reducer.py as file:/tmp/hadoop-root/mapred/local/job_local1300427521_0001_a8b76cee-30f0-4193-8b42-f70b3488cd3f/reducer.py
[2025-02-26T20:19:01.328+0000] {subprocess.py:93} INFO - 2025-02-26 20:19:01,324 INFO mapreduce.Job: The url to track the job: http://localhost:8080/
[2025-02-26T20:19:01.335+0000] {subprocess.py:93} INFO - 2025-02-26 20:19:01,329 INFO mapreduce.Job: Running job: job_local1300427521_0001
[2025-02-26T20:19:01.366+0000] {subprocess.py:93} INFO - 2025-02-26 20:19:01,357 INFO mapred.LocalJobRunner: OutputCommitter set in config null
[2025-02-26T20:19:01.369+0000] {subprocess.py:93} INFO - 2025-02-26 20:19:01,368 INFO mapred.LocalJobRunner: OutputCommitter is org.apache.hadoop.mapred.FileOutputCommitter
[2025-02-26T20:19:01.758+0000] {subprocess.py:93} INFO - 2025-02-26 20:19:01,742 INFO output.FileOutputCommitter: File Output Committer Algorithm version is 2
[2025-02-26T20:19:01.760+0000] {subprocess.py:93} INFO - 2025-02-26 20:19:01,754 INFO output.FileOutputCommitter: FileOutputCommitter skip cleanup _temporary folders under output directory:false, ignore cleanup failures: false
[2025-02-26T20:19:02.346+0000] {subprocess.py:93} INFO - 2025-02-26 20:19:02,342 INFO mapreduce.Job: Job job_local1300427521_0001 running in uber mode : false
[2025-02-26T20:19:02.351+0000] {subprocess.py:93} INFO - 2025-02-26 20:19:02,343 INFO mapreduce.Job:  map 0% reduce 0%
[2025-02-26T20:19:02.517+0000] {subprocess.py:93} INFO - 2025-02-26 20:19:02,515 INFO mapred.LocalJobRunner: Waiting for map tasks
[2025-02-26T20:19:02.600+0000] {subprocess.py:93} INFO - 2025-02-26 20:19:02,591 INFO mapred.LocalJobRunner: Starting task: attempt_local1300427521_0001_m_000000_0
[2025-02-26T20:19:03.162+0000] {subprocess.py:93} INFO - 2025-02-26 20:19:03,104 INFO output.FileOutputCommitter: File Output Committer Algorithm version is 2
[2025-02-26T20:19:03.163+0000] {subprocess.py:93} INFO - 2025-02-26 20:19:03,160 INFO output.FileOutputCommitter: FileOutputCommitter skip cleanup _temporary folders under output directory:false, ignore cleanup failures: false
[2025-02-26T20:19:03.426+0000] {subprocess.py:93} INFO - 2025-02-26 20:19:03,424 INFO mapred.Task:  Using ResourceCalculatorProcessTree : [ ]
[2025-02-26T20:19:03.535+0000] {subprocess.py:93} INFO - 2025-02-26 20:19:03,533 INFO mapred.MapTask: Processing split: hdfs://namenode:9000/user/etudiant/crypto/raw/YYYY=2025/MM=01/DD=12/yfinance_raw.json:0+19761
[2025-02-26T20:19:03.904+0000] {subprocess.py:93} INFO - 2025-02-26 20:19:03,902 INFO mapred.MapTask: numReduceTasks: 1
[2025-02-26T20:19:04.104+0000] {subprocess.py:93} INFO - 2025-02-26 20:19:04,102 INFO mapred.MapTask: (EQUATOR) 0 kvi 26214396(104857584)
[2025-02-26T20:19:04.105+0000] {subprocess.py:93} INFO - 2025-02-26 20:19:04,102 INFO mapred.MapTask: mapreduce.task.io.sort.mb: 100
[2025-02-26T20:19:04.107+0000] {subprocess.py:93} INFO - 2025-02-26 20:19:04,102 INFO mapred.MapTask: soft limit at 83886080
[2025-02-26T20:19:04.108+0000] {subprocess.py:93} INFO - 2025-02-26 20:19:04,102 INFO mapred.MapTask: bufstart = 0; bufvoid = 104857600
[2025-02-26T20:19:04.109+0000] {subprocess.py:93} INFO - 2025-02-26 20:19:04,102 INFO mapred.MapTask: kvstart = 26214396; length = 6553600
[2025-02-26T20:19:04.254+0000] {subprocess.py:93} INFO - 2025-02-26 20:19:04,249 INFO mapred.MapTask: Map output collector class = org.apache.hadoop.mapred.MapTask$MapOutputBuffer
[2025-02-26T20:19:04.333+0000] {subprocess.py:93} INFO - 2025-02-26 20:19:04,331 INFO streaming.PipeMapRed: PipeMapRed exec [/usr/bin/python, mapper.py]
[2025-02-26T20:19:04.419+0000] {subprocess.py:93} INFO - 2025-02-26 20:19:04,412 INFO Configuration.deprecation: mapred.work.output.dir is deprecated. Instead, use mapreduce.task.output.dir
[2025-02-26T20:19:04.422+0000] {subprocess.py:93} INFO - 2025-02-26 20:19:04,412 INFO Configuration.deprecation: map.input.start is deprecated. Instead, use mapreduce.map.input.start
[2025-02-26T20:19:04.426+0000] {subprocess.py:93} INFO - 2025-02-26 20:19:04,413 INFO Configuration.deprecation: mapred.task.is.map is deprecated. Instead, use mapreduce.task.ismap
[2025-02-26T20:19:04.433+0000] {subprocess.py:93} INFO - 2025-02-26 20:19:04,413 INFO Configuration.deprecation: mapred.task.id is deprecated. Instead, use mapreduce.task.attempt.id
[2025-02-26T20:19:04.434+0000] {subprocess.py:93} INFO - 2025-02-26 20:19:04,431 INFO Configuration.deprecation: mapred.tip.id is deprecated. Instead, use mapreduce.task.id
[2025-02-26T20:19:04.441+0000] {subprocess.py:93} INFO - 2025-02-26 20:19:04,431 INFO Configuration.deprecation: mapred.local.dir is deprecated. Instead, use mapreduce.cluster.local.dir
[2025-02-26T20:19:04.443+0000] {subprocess.py:93} INFO - 2025-02-26 20:19:04,431 INFO Configuration.deprecation: map.input.file is deprecated. Instead, use mapreduce.map.input.file
[2025-02-26T20:19:04.451+0000] {subprocess.py:93} INFO - 2025-02-26 20:19:04,432 INFO Configuration.deprecation: mapred.skip.on is deprecated. Instead, use mapreduce.job.skiprecords
[2025-02-26T20:19:04.470+0000] {subprocess.py:93} INFO - 2025-02-26 20:19:04,432 INFO Configuration.deprecation: map.input.length is deprecated. Instead, use mapreduce.map.input.length
[2025-02-26T20:19:04.484+0000] {subprocess.py:93} INFO - 2025-02-26 20:19:04,482 INFO Configuration.deprecation: mapred.job.id is deprecated. Instead, use mapreduce.job.id
[2025-02-26T20:19:04.486+0000] {subprocess.py:93} INFO - 2025-02-26 20:19:04,482 INFO Configuration.deprecation: user.name is deprecated. Instead, use mapreduce.job.user.name
[2025-02-26T20:19:04.502+0000] {subprocess.py:93} INFO - 2025-02-26 20:19:04,487 INFO Configuration.deprecation: mapred.task.partition is deprecated. Instead, use mapreduce.task.partition
[2025-02-26T20:19:04.726+0000] {subprocess.py:93} INFO -   File "mapper.py", line 27
[2025-02-26T20:19:04.727+0000] {subprocess.py:93} INFO -     print(f"{coin}\t{json.dumps(metrics)}")
[2025-02-26T20:19:04.728+0000] {subprocess.py:93} INFO -                                          ^
[2025-02-26T20:19:04.729+0000] {subprocess.py:93} INFO - SyntaxError: invalid syntax
[2025-02-26T20:19:04.745+0000] {subprocess.py:93} INFO - 2025-02-26 20:19:04,717 INFO streaming.PipeMapRed: MRErrorThread done
[2025-02-26T20:19:04.935+0000] {subprocess.py:93} INFO - 2025-02-26 20:19:04,933 INFO sasl.SaslDataTransferClient: SASL encryption trust check: localHostTrusted = false, remoteHostTrusted = false
[2025-02-26T20:19:05.867+0000] {subprocess.py:93} INFO - 2025-02-26 20:19:05,864 INFO streaming.PipeMapRed: R/W/S=1/0/0 in:1=1/1 [rec/s] out:0=0/1 [rec/s]
[2025-02-26T20:19:05.874+0000] {subprocess.py:93} INFO - 2025-02-26 20:19:05,872 INFO streaming.PipeMapRed: R/W/S=10/0/0 in:10=10/1 [rec/s] out:0=0/1 [rec/s]
[2025-02-26T20:19:05.893+0000] {subprocess.py:93} INFO - 2025-02-26 20:19:05,886 INFO streaming.PipeMapRed: R/W/S=100/0/0 in:100=100/1 [rec/s] out:0=0/1 [rec/s]
[2025-02-26T20:19:05.943+0000] {subprocess.py:93} INFO - 2025-02-26 20:19:05,933 WARN streaming.PipeMapRed: {}
[2025-02-26T20:19:05.953+0000] {subprocess.py:93} INFO - java.io.IOException: Stream closed
[2025-02-26T20:19:05.954+0000] {subprocess.py:93} INFO - 	at java.lang.ProcessBuilder$NullOutputStream.write(ProcessBuilder.java:433)
[2025-02-26T20:19:05.956+0000] {subprocess.py:93} INFO - 	at java.io.OutputStream.write(OutputStream.java:116)
[2025-02-26T20:19:05.963+0000] {subprocess.py:93} INFO - 	at java.io.BufferedOutputStream.write(BufferedOutputStream.java:122)
[2025-02-26T20:19:05.964+0000] {subprocess.py:93} INFO - 	at java.io.BufferedOutputStream.flushBuffer(BufferedOutputStream.java:82)
[2025-02-26T20:19:05.980+0000] {subprocess.py:93} INFO - 	at java.io.BufferedOutputStream.flush(BufferedOutputStream.java:140)
[2025-02-26T20:19:05.993+0000] {subprocess.py:93} INFO - 	at java.io.DataOutputStream.flush(DataOutputStream.java:123)
[2025-02-26T20:19:05.996+0000] {subprocess.py:93} INFO - 	at org.apache.hadoop.streaming.PipeMapRed.mapRedFinished(PipeMapRed.java:532)
[2025-02-26T20:19:06.004+0000] {subprocess.py:93} INFO - 	at org.apache.hadoop.streaming.PipeMapper.close(PipeMapper.java:130)
[2025-02-26T20:19:06.009+0000] {subprocess.py:93} INFO - 	at org.apache.hadoop.mapred.MapRunner.run(MapRunner.java:61)
[2025-02-26T20:19:06.026+0000] {subprocess.py:93} INFO - 	at org.apache.hadoop.streaming.PipeMapRunner.run(PipeMapRunner.java:34)
[2025-02-26T20:19:06.029+0000] {subprocess.py:93} INFO - 	at org.apache.hadoop.mapred.MapTask.runOldMapper(MapTask.java:465)
[2025-02-26T20:19:06.030+0000] {subprocess.py:93} INFO - 	at org.apache.hadoop.mapred.MapTask.run(MapTask.java:349)
[2025-02-26T20:19:06.031+0000] {subprocess.py:93} INFO - 	at org.apache.hadoop.mapred.LocalJobRunner$Job$MapTaskRunnable.run(LocalJobRunner.java:271)
[2025-02-26T20:19:06.031+0000] {subprocess.py:93} INFO - 	at java.util.concurrent.Executors$RunnableAdapter.call(Executors.java:511)
[2025-02-26T20:19:06.043+0000] {subprocess.py:93} INFO - 	at java.util.concurrent.FutureTask.run(FutureTask.java:266)
[2025-02-26T20:19:06.045+0000] {subprocess.py:93} INFO - 	at java.util.concurrent.ThreadPoolExecutor.runWorker(ThreadPoolExecutor.java:1149)
[2025-02-26T20:19:06.046+0000] {subprocess.py:93} INFO - 	at java.util.concurrent.ThreadPoolExecutor$Worker.run(ThreadPoolExecutor.java:624)
[2025-02-26T20:19:06.047+0000] {subprocess.py:93} INFO - 	at java.lang.Thread.run(Thread.java:748)
[2025-02-26T20:19:06.047+0000] {subprocess.py:93} INFO - 2025-02-26 20:19:05,936 INFO streaming.PipeMapRed: PipeMapRed failed!
[2025-02-26T20:19:06.051+0000] {subprocess.py:93} INFO - java.lang.RuntimeException: PipeMapRed.waitOutputThreads(): subprocess failed with code 1
[2025-02-26T20:19:06.056+0000] {subprocess.py:93} INFO - 	at org.apache.hadoop.streaming.PipeMapRed.waitOutputThreads(PipeMapRed.java:326)
[2025-02-26T20:19:06.057+0000] {subprocess.py:93} INFO - 	at org.apache.hadoop.streaming.PipeMapRed.mapRedFinished(PipeMapRed.java:539)
[2025-02-26T20:19:06.059+0000] {subprocess.py:93} INFO - 	at org.apache.hadoop.streaming.PipeMapper.close(PipeMapper.java:130)
[2025-02-26T20:19:06.065+0000] {subprocess.py:93} INFO - 	at org.apache.hadoop.mapred.MapRunner.run(MapRunner.java:61)
[2025-02-26T20:19:06.067+0000] {subprocess.py:93} INFO - 	at org.apache.hadoop.streaming.PipeMapRunner.run(PipeMapRunner.java:34)
[2025-02-26T20:19:06.068+0000] {subprocess.py:93} INFO - 	at org.apache.hadoop.mapred.MapTask.runOldMapper(MapTask.java:465)
[2025-02-26T20:19:06.070+0000] {subprocess.py:93} INFO - 	at org.apache.hadoop.mapred.MapTask.run(MapTask.java:349)
[2025-02-26T20:19:06.081+0000] {subprocess.py:93} INFO - 	at org.apache.hadoop.mapred.LocalJobRunner$Job$MapTaskRunnable.run(LocalJobRunner.java:271)
[2025-02-26T20:19:06.082+0000] {subprocess.py:93} INFO - 	at java.util.concurrent.Executors$RunnableAdapter.call(Executors.java:511)
[2025-02-26T20:19:06.083+0000] {subprocess.py:93} INFO - 	at java.util.concurrent.FutureTask.run(FutureTask.java:266)
[2025-02-26T20:19:06.083+0000] {subprocess.py:93} INFO - 	at java.util.concurrent.ThreadPoolExecutor.runWorker(ThreadPoolExecutor.java:1149)
[2025-02-26T20:19:06.087+0000] {subprocess.py:93} INFO - 	at java.util.concurrent.ThreadPoolExecutor$Worker.run(ThreadPoolExecutor.java:624)
[2025-02-26T20:19:06.088+0000] {subprocess.py:93} INFO - 	at java.lang.Thread.run(Thread.java:748)
[2025-02-26T20:19:06.090+0000] {subprocess.py:93} INFO - 2025-02-26 20:19:06,027 INFO mapred.LocalJobRunner: map task executor complete.
[2025-02-26T20:19:06.216+0000] {subprocess.py:93} INFO - 2025-02-26 20:19:06,204 WARN mapred.LocalJobRunner: job_local1300427521_0001
[2025-02-26T20:19:06.218+0000] {subprocess.py:93} INFO - java.lang.Exception: java.lang.RuntimeException: PipeMapRed.waitOutputThreads(): subprocess failed with code 1
[2025-02-26T20:19:06.219+0000] {subprocess.py:93} INFO - 	at org.apache.hadoop.mapred.LocalJobRunner$Job.runTasks(LocalJobRunner.java:492)
[2025-02-26T20:19:06.221+0000] {subprocess.py:93} INFO - 	at org.apache.hadoop.mapred.LocalJobRunner$Job.run(LocalJobRunner.java:552)
[2025-02-26T20:19:06.222+0000] {subprocess.py:93} INFO - Caused by: java.lang.RuntimeException: PipeMapRed.waitOutputThreads(): subprocess failed with code 1
[2025-02-26T20:19:06.222+0000] {subprocess.py:93} INFO - 	at org.apache.hadoop.streaming.PipeMapRed.waitOutputThreads(PipeMapRed.java:326)
[2025-02-26T20:19:06.223+0000] {subprocess.py:93} INFO - 	at org.apache.hadoop.streaming.PipeMapRed.mapRedFinished(PipeMapRed.java:539)
[2025-02-26T20:19:06.224+0000] {subprocess.py:93} INFO - 	at org.apache.hadoop.streaming.PipeMapper.close(PipeMapper.java:130)
[2025-02-26T20:19:06.224+0000] {subprocess.py:93} INFO - 	at org.apache.hadoop.mapred.MapRunner.run(MapRunner.java:61)
[2025-02-26T20:19:06.225+0000] {subprocess.py:93} INFO - 	at org.apache.hadoop.streaming.PipeMapRunner.run(PipeMapRunner.java:34)
[2025-02-26T20:19:06.225+0000] {subprocess.py:93} INFO - 	at org.apache.hadoop.mapred.MapTask.runOldMapper(MapTask.java:465)
[2025-02-26T20:19:06.226+0000] {subprocess.py:93} INFO - 	at org.apache.hadoop.mapred.MapTask.run(MapTask.java:349)
[2025-02-26T20:19:06.226+0000] {subprocess.py:93} INFO - 	at org.apache.hadoop.mapred.LocalJobRunner$Job$MapTaskRunnable.run(LocalJobRunner.java:271)
[2025-02-26T20:19:06.227+0000] {subprocess.py:93} INFO - 	at java.util.concurrent.Executors$RunnableAdapter.call(Executors.java:511)
[2025-02-26T20:19:06.227+0000] {subprocess.py:93} INFO - 	at java.util.concurrent.FutureTask.run(FutureTask.java:266)
[2025-02-26T20:19:06.228+0000] {subprocess.py:93} INFO - 	at java.util.concurrent.ThreadPoolExecutor.runWorker(ThreadPoolExecutor.java:1149)
[2025-02-26T20:19:06.229+0000] {subprocess.py:93} INFO - 	at java.util.concurrent.ThreadPoolExecutor$Worker.run(ThreadPoolExecutor.java:624)
[2025-02-26T20:19:06.229+0000] {subprocess.py:93} INFO - 	at java.lang.Thread.run(Thread.java:748)
[2025-02-26T20:19:06.646+0000] {subprocess.py:93} INFO - 2025-02-26 20:19:06,645 INFO mapreduce.Job: Job job_local1300427521_0001 failed with state FAILED due to: NA
[2025-02-26T20:19:06.862+0000] {subprocess.py:93} INFO - 2025-02-26 20:19:06,835 INFO mapreduce.Job: Counters: 0
[2025-02-26T20:19:06.887+0000] {subprocess.py:93} INFO - 2025-02-26 20:19:06,881 ERROR streaming.StreamJob: Job not successful!
[2025-02-26T20:19:06.892+0000] {subprocess.py:93} INFO - Streaming Command Failed!
[2025-02-26T20:19:08.513+0000] {subprocess.py:97} INFO - Command exited with return code 1
[2025-02-26T20:19:08.843+0000] {taskinstance.py:1943} ERROR - Task failed with exception
Traceback (most recent call last):
  File "/home/airflow/.local/lib/python3.8/site-packages/airflow/operators/bash.py", line 210, in execute
    raise AirflowException(
airflow.exceptions.AirflowException: Bash command failed. The command returned a non-zero exit code 1.
[2025-02-26T20:19:08.875+0000] {taskinstance.py:1400} INFO - Marking task as UP_FOR_RETRY. dag_id=yfinance_ingestion_dag, task_id=run_mapreduce, execution_date=20250112T000000, start_date=20250226T201810, end_date=20250226T201908
[2025-02-26T20:19:08.945+0000] {standard_task_runner.py:104} ERROR - Failed to execute job 97 for task run_mapreduce (Bash command failed. The command returned a non-zero exit code 1.; 648)
[2025-02-26T20:19:09.020+0000] {local_task_job_runner.py:228} INFO - Task exited with return code 1
[2025-02-26T20:19:09.243+0000] {taskinstance.py:2784} INFO - 0 downstream tasks scheduled from follow-on schedule check
[2025-02-26T20:31:12.642+0000] {taskinstance.py:1159} INFO - Dependencies all met for dep_context=non-requeueable deps ti=<TaskInstance: yfinance_ingestion_dag.run_mapreduce scheduled__2025-01-12T00:00:00+00:00 [queued]>
[2025-02-26T20:31:12.787+0000] {taskinstance.py:1159} INFO - Dependencies all met for dep_context=requeueable deps ti=<TaskInstance: yfinance_ingestion_dag.run_mapreduce scheduled__2025-01-12T00:00:00+00:00 [queued]>
[2025-02-26T20:31:12.809+0000] {taskinstance.py:1361} INFO - Starting attempt 1 of 2
[2025-02-26T20:31:12.922+0000] {taskinstance.py:1382} INFO - Executing <Task(BashOperator): run_mapreduce> on 2025-01-12 00:00:00+00:00
[2025-02-26T20:31:13.004+0000] {standard_task_runner.py:57} INFO - Started process 2123 to run task
[2025-02-26T20:31:13.028+0000] {standard_task_runner.py:84} INFO - Running: ['***', 'tasks', 'run', 'yfinance_ingestion_dag', 'run_mapreduce', 'scheduled__2025-01-12T00:00:00+00:00', '--job-id', '193', '--raw', '--subdir', 'DAGS_FOLDER/pipeline.py', '--cfg-path', '/tmp/tmpulrd9v9m']
[2025-02-26T20:31:13.039+0000] {standard_task_runner.py:85} INFO - Job 193: Subtask run_mapreduce
[2025-02-26T20:31:12.492+0000] {task_command.py:415} INFO - Running <TaskInstance: yfinance_ingestion_dag.run_mapreduce scheduled__2025-01-12T00:00:00+00:00 [running]> on host c96a1011f5a3
[2025-02-26T20:31:13.095+0000] {taskinstance.py:1660} INFO - Exporting env vars: AIRFLOW_CTX_DAG_OWNER='etudiant' AIRFLOW_CTX_DAG_ID='yfinance_ingestion_dag' AIRFLOW_CTX_TASK_ID='run_mapreduce' AIRFLOW_CTX_EXECUTION_DATE='2025-01-12T00:00:00+00:00' AIRFLOW_CTX_TRY_NUMBER='1' AIRFLOW_CTX_DAG_RUN_ID='scheduled__2025-01-12T00:00:00+00:00'
[2025-02-26T20:31:13.114+0000] {subprocess.py:63} INFO - Tmp dir root location: /tmp
[2025-02-26T20:31:13.116+0000] {subprocess.py:75} INFO - Running command: ['/bin/bash', '-c', '\n        docker exec -i -u root namenode bash -c \'         cd /tmp &&         cp /mnt/hadoop_data/mapreduce/mapper.py . &&         cp /mnt/hadoop_data/mapreduce/reducer.py . &&         chmod +x mapper.py reducer.py &&         hdfs dfs -rm -r hdfs:///user/etudiant/crypto/processed/YYYY=2025/MM=01/DD=12 || true &&         hadoop jar /opt/hadoop-3.2.1/share/hadoop/tools/lib/hadoop-streaming-3.2.1.jar         -files mapper.py,reducer.py         -mapper "python mapper.py"         -reducer "python reducer.py"         -input hdfs:///user/etudiant/crypto/raw/YYYY=2025/MM=01/DD=12/yfinance_raw.json         -output hdfs:///user/etudiant/crypto/processed/YYYY=2025/MM=01/DD=12\'\n        ']
[2025-02-26T20:31:13.178+0000] {subprocess.py:86} INFO - Output:
[2025-02-26T20:31:31.846+0000] {subprocess.py:93} INFO - rm: `hdfs:///user/etudiant/crypto/processed/YYYY=2025/MM=01/DD=12': No such file or directory
[2025-02-26T20:31:55.393+0000] {subprocess.py:93} INFO - 2025-02-26 20:31:55,386 INFO impl.MetricsConfig: Loaded properties from hadoop-metrics2.properties
[2025-02-26T20:31:56.019+0000] {subprocess.py:93} INFO - 2025-02-26 20:31:56,015 INFO impl.MetricsSystemImpl: Scheduled Metric snapshot period at 10 second(s).
[2025-02-26T20:31:56.022+0000] {subprocess.py:93} INFO - 2025-02-26 20:31:56,016 INFO impl.MetricsSystemImpl: JobTracker metrics system started
[2025-02-26T20:31:56.328+0000] {subprocess.py:93} INFO - 2025-02-26 20:31:56,327 WARN impl.MetricsSystemImpl: JobTracker metrics system already initialized!
[2025-02-26T20:32:00.292+0000] {subprocess.py:93} INFO - 2025-02-26 20:32:00,287 INFO mapred.FileInputFormat: Total input files to process : 1
[2025-02-26T20:32:00.556+0000] {subprocess.py:93} INFO - 2025-02-26 20:32:00,516 INFO mapreduce.JobSubmitter: number of splits:1
[2025-02-26T20:32:02.682+0000] {subprocess.py:93} INFO - 2025-02-26 20:32:02,678 INFO mapreduce.JobSubmitter: Submitting tokens for job: job_local1854501627_0001
[2025-02-26T20:32:02.684+0000] {subprocess.py:93} INFO - 2025-02-26 20:32:02,680 INFO mapreduce.JobSubmitter: Executing with tokens: []
[2025-02-26T20:32:14.202+0000] {subprocess.py:97} INFO - Command exited with return code 137
[2025-02-26T20:32:14.342+0000] {taskinstance.py:1943} ERROR - Task failed with exception
Traceback (most recent call last):
  File "/home/airflow/.local/lib/python3.8/site-packages/airflow/operators/bash.py", line 210, in execute
    raise AirflowException(
airflow.exceptions.AirflowException: Bash command failed. The command returned a non-zero exit code 137.
[2025-02-26T20:32:14.397+0000] {taskinstance.py:1400} INFO - Marking task as UP_FOR_RETRY. dag_id=yfinance_ingestion_dag, task_id=run_mapreduce, execution_date=20250112T000000, start_date=20250226T203112, end_date=20250226T203214
[2025-02-26T20:32:14.889+0000] {standard_task_runner.py:104} ERROR - Failed to execute job 193 for task run_mapreduce (Bash command failed. The command returned a non-zero exit code 137.; 2123)
[2025-02-26T20:32:15.039+0000] {local_task_job_runner.py:228} INFO - Task exited with return code 1
[2025-02-26T20:32:15.239+0000] {taskinstance.py:2784} INFO - 0 downstream tasks scheduled from follow-on schedule check
[2025-02-26T20:41:03.124+0000] {taskinstance.py:1159} INFO - Dependencies all met for dep_context=non-requeueable deps ti=<TaskInstance: yfinance_ingestion_dag.run_mapreduce scheduled__2025-01-12T00:00:00+00:00 [queued]>
[2025-02-26T20:41:03.144+0000] {taskinstance.py:1159} INFO - Dependencies all met for dep_context=requeueable deps ti=<TaskInstance: yfinance_ingestion_dag.run_mapreduce scheduled__2025-01-12T00:00:00+00:00 [queued]>
[2025-02-26T20:41:03.145+0000] {taskinstance.py:1361} INFO - Starting attempt 1 of 2
[2025-02-26T20:41:03.174+0000] {taskinstance.py:1382} INFO - Executing <Task(BashOperator): run_mapreduce> on 2025-01-12 00:00:00+00:00
[2025-02-26T20:41:03.191+0000] {standard_task_runner.py:57} INFO - Started process 1506 to run task
[2025-02-26T20:41:03.198+0000] {standard_task_runner.py:84} INFO - Running: ['***', 'tasks', 'run', 'yfinance_ingestion_dag', 'run_mapreduce', 'scheduled__2025-01-12T00:00:00+00:00', '--job-id', '304', '--raw', '--subdir', 'DAGS_FOLDER/pipeline.py', '--cfg-path', '/tmp/tmpr0qhhjf5']
[2025-02-26T20:41:03.212+0000] {standard_task_runner.py:85} INFO - Job 304: Subtask run_mapreduce
[2025-02-26T20:41:03.410+0000] {task_command.py:415} INFO - Running <TaskInstance: yfinance_ingestion_dag.run_mapreduce scheduled__2025-01-12T00:00:00+00:00 [running]> on host 3c0faf52b292
[2025-02-26T20:41:03.657+0000] {taskinstance.py:1660} INFO - Exporting env vars: AIRFLOW_CTX_DAG_OWNER='etudiant' AIRFLOW_CTX_DAG_ID='yfinance_ingestion_dag' AIRFLOW_CTX_TASK_ID='run_mapreduce' AIRFLOW_CTX_EXECUTION_DATE='2025-01-12T00:00:00+00:00' AIRFLOW_CTX_TRY_NUMBER='1' AIRFLOW_CTX_DAG_RUN_ID='scheduled__2025-01-12T00:00:00+00:00'
[2025-02-26T20:41:03.665+0000] {subprocess.py:63} INFO - Tmp dir root location: /tmp
[2025-02-26T20:41:03.676+0000] {subprocess.py:75} INFO - Running command: ['/bin/bash', '-c', '\n        docker exec -i -u root namenode bash -c \'         cd /tmp &&         cp /mnt/hadoop_data/mapreduce/mapper.py . &&         cp /mnt/hadoop_data/mapreduce/reducer.py . &&         chmod +x mapper.py reducer.py &&         hdfs dfs -rm -r hdfs:///user/etudiant/crypto/processed/YYYY=2025/MM=01/DD=12 || true &&         hadoop jar /opt/hadoop-3.2.1/share/hadoop/tools/lib/hadoop-streaming-3.2.1.jar         -files mapper.py,reducer.py         -mapper "python mapper.py"         -reducer "python reducer.py"         -input hdfs:///user/etudiant/crypto/raw/YYYY=2025/MM=01/DD=12/yfinance_raw.json         -output hdfs:///user/etudiant/crypto/processed/YYYY=2025/MM=01/DD=12\'\n        ']
[2025-02-26T20:41:03.708+0000] {subprocess.py:86} INFO - Output:
[2025-02-26T20:41:11.451+0000] {subprocess.py:93} INFO - rm: `hdfs:///user/etudiant/crypto/processed/YYYY=2025/MM=01/DD=12': No such file or directory
[2025-02-26T20:41:25.608+0000] {subprocess.py:93} INFO - 2025-02-26 20:41:25,596 INFO impl.MetricsConfig: Loaded properties from hadoop-metrics2.properties
[2025-02-26T20:41:26.214+0000] {subprocess.py:93} INFO - 2025-02-26 20:41:26,212 INFO impl.MetricsSystemImpl: Scheduled Metric snapshot period at 10 second(s).
[2025-02-26T20:41:26.216+0000] {subprocess.py:93} INFO - 2025-02-26 20:41:26,213 INFO impl.MetricsSystemImpl: JobTracker metrics system started
[2025-02-26T20:41:26.307+0000] {subprocess.py:93} INFO - 2025-02-26 20:41:26,287 WARN impl.MetricsSystemImpl: JobTracker metrics system already initialized!
[2025-02-26T20:41:27.870+0000] {subprocess.py:93} INFO - 2025-02-26 20:41:27,868 INFO mapred.FileInputFormat: Total input files to process : 1
[2025-02-26T20:41:28.088+0000] {subprocess.py:93} INFO - 2025-02-26 20:41:28,086 INFO mapreduce.JobSubmitter: number of splits:1
[2025-02-26T20:41:29.072+0000] {subprocess.py:93} INFO - 2025-02-26 20:41:29,032 INFO mapreduce.JobSubmitter: Submitting tokens for job: job_local975557221_0001
[2025-02-26T20:41:29.088+0000] {subprocess.py:93} INFO - 2025-02-26 20:41:29,033 INFO mapreduce.JobSubmitter: Executing with tokens: []
[2025-02-26T20:41:30.559+0000] {subprocess.py:93} INFO - 2025-02-26 20:41:30,557 INFO mapred.LocalDistributedCacheManager: Localized file:/tmp/mapper.py as file:/tmp/hadoop-root/mapred/local/job_local975557221_0001_367c0cce-39d1-4191-a4c8-46286ebd3f37/mapper.py
[2025-02-26T20:41:30.594+0000] {subprocess.py:93} INFO - 2025-02-26 20:41:30,591 INFO mapred.LocalDistributedCacheManager: Localized file:/tmp/reducer.py as file:/tmp/hadoop-root/mapred/local/job_local975557221_0001_1c665f07-d845-426a-b1a8-275a849812f2/reducer.py
[2025-02-26T20:41:30.734+0000] {subprocess.py:93} INFO - 2025-02-26 20:41:30,730 INFO mapreduce.Job: The url to track the job: http://localhost:8080/
[2025-02-26T20:41:30.735+0000] {subprocess.py:93} INFO - 2025-02-26 20:41:30,733 INFO mapred.LocalJobRunner: OutputCommitter set in config null
[2025-02-26T20:41:30.739+0000] {subprocess.py:93} INFO - 2025-02-26 20:41:30,736 INFO mapreduce.Job: Running job: job_local975557221_0001
[2025-02-26T20:41:30.740+0000] {subprocess.py:93} INFO - 2025-02-26 20:41:30,737 INFO mapred.LocalJobRunner: OutputCommitter is org.apache.hadoop.mapred.FileOutputCommitter
[2025-02-26T20:41:30.765+0000] {subprocess.py:93} INFO - 2025-02-26 20:41:30,758 INFO output.FileOutputCommitter: File Output Committer Algorithm version is 2
[2025-02-26T20:41:30.767+0000] {subprocess.py:93} INFO - 2025-02-26 20:41:30,758 INFO output.FileOutputCommitter: FileOutputCommitter skip cleanup _temporary folders under output directory:false, ignore cleanup failures: false
[2025-02-26T20:41:30.967+0000] {subprocess.py:93} INFO - 2025-02-26 20:41:30,947 INFO mapred.LocalJobRunner: Waiting for map tasks
[2025-02-26T20:41:30.983+0000] {subprocess.py:93} INFO - 2025-02-26 20:41:30,961 INFO mapred.LocalJobRunner: Starting task: attempt_local975557221_0001_m_000000_0
[2025-02-26T20:41:31.206+0000] {subprocess.py:93} INFO - 2025-02-26 20:41:31,159 INFO output.FileOutputCommitter: File Output Committer Algorithm version is 2
[2025-02-26T20:41:31.207+0000] {subprocess.py:93} INFO - 2025-02-26 20:41:31,201 INFO output.FileOutputCommitter: FileOutputCommitter skip cleanup _temporary folders under output directory:false, ignore cleanup failures: false
[2025-02-26T20:41:31.303+0000] {subprocess.py:93} INFO - 2025-02-26 20:41:31,299 INFO mapred.Task:  Using ResourceCalculatorProcessTree : [ ]
[2025-02-26T20:41:31.322+0000] {subprocess.py:93} INFO - 2025-02-26 20:41:31,317 INFO mapred.MapTask: Processing split: hdfs://namenode:9000/user/etudiant/crypto/raw/YYYY=2025/MM=01/DD=12/yfinance_raw.json:0+19757
[2025-02-26T20:41:31.378+0000] {subprocess.py:93} INFO - 2025-02-26 20:41:31,375 INFO mapred.MapTask: numReduceTasks: 1
[2025-02-26T20:41:31.515+0000] {subprocess.py:93} INFO - 2025-02-26 20:41:31,493 INFO mapred.MapTask: (EQUATOR) 0 kvi 26214396(104857584)
[2025-02-26T20:41:31.521+0000] {subprocess.py:93} INFO - 2025-02-26 20:41:31,493 INFO mapred.MapTask: mapreduce.task.io.sort.mb: 100
[2025-02-26T20:41:31.522+0000] {subprocess.py:93} INFO - 2025-02-26 20:41:31,493 INFO mapred.MapTask: soft limit at 83886080
[2025-02-26T20:41:31.525+0000] {subprocess.py:93} INFO - 2025-02-26 20:41:31,493 INFO mapred.MapTask: bufstart = 0; bufvoid = 104857600
[2025-02-26T20:41:31.526+0000] {subprocess.py:93} INFO - 2025-02-26 20:41:31,493 INFO mapred.MapTask: kvstart = 26214396; length = 6553600
[2025-02-26T20:41:31.526+0000] {subprocess.py:93} INFO - 2025-02-26 20:41:31,504 INFO mapred.MapTask: Map output collector class = org.apache.hadoop.mapred.MapTask$MapOutputBuffer
[2025-02-26T20:41:31.537+0000] {subprocess.py:93} INFO - 2025-02-26 20:41:31,528 INFO streaming.PipeMapRed: PipeMapRed exec [/usr/bin/python, mapper.py]
[2025-02-26T20:41:31.559+0000] {subprocess.py:93} INFO - 2025-02-26 20:41:31,554 INFO Configuration.deprecation: mapred.work.output.dir is deprecated. Instead, use mapreduce.task.output.dir
[2025-02-26T20:41:31.564+0000] {subprocess.py:93} INFO - 2025-02-26 20:41:31,560 INFO Configuration.deprecation: map.input.start is deprecated. Instead, use mapreduce.map.input.start
[2025-02-26T20:41:31.565+0000] {subprocess.py:93} INFO - 2025-02-26 20:41:31,561 INFO Configuration.deprecation: mapred.task.is.map is deprecated. Instead, use mapreduce.task.ismap
[2025-02-26T20:41:31.565+0000] {subprocess.py:93} INFO - 2025-02-26 20:41:31,562 INFO Configuration.deprecation: mapred.task.id is deprecated. Instead, use mapreduce.task.attempt.id
[2025-02-26T20:41:31.584+0000] {subprocess.py:93} INFO - 2025-02-26 20:41:31,580 INFO Configuration.deprecation: mapred.tip.id is deprecated. Instead, use mapreduce.task.id
[2025-02-26T20:41:31.586+0000] {subprocess.py:93} INFO - 2025-02-26 20:41:31,581 INFO Configuration.deprecation: mapred.local.dir is deprecated. Instead, use mapreduce.cluster.local.dir
[2025-02-26T20:41:31.587+0000] {subprocess.py:93} INFO - 2025-02-26 20:41:31,581 INFO Configuration.deprecation: map.input.file is deprecated. Instead, use mapreduce.map.input.file
[2025-02-26T20:41:31.590+0000] {subprocess.py:93} INFO - 2025-02-26 20:41:31,582 INFO Configuration.deprecation: mapred.skip.on is deprecated. Instead, use mapreduce.job.skiprecords
[2025-02-26T20:41:31.591+0000] {subprocess.py:93} INFO - 2025-02-26 20:41:31,582 INFO Configuration.deprecation: map.input.length is deprecated. Instead, use mapreduce.map.input.length
[2025-02-26T20:41:31.600+0000] {subprocess.py:93} INFO - 2025-02-26 20:41:31,591 INFO Configuration.deprecation: mapred.job.id is deprecated. Instead, use mapreduce.job.id
[2025-02-26T20:41:31.601+0000] {subprocess.py:93} INFO - 2025-02-26 20:41:31,591 INFO Configuration.deprecation: user.name is deprecated. Instead, use mapreduce.job.user.name
[2025-02-26T20:41:31.602+0000] {subprocess.py:93} INFO - 2025-02-26 20:41:31,592 INFO Configuration.deprecation: mapred.task.partition is deprecated. Instead, use mapreduce.task.partition
[2025-02-26T20:41:31.701+0000] {subprocess.py:93} INFO - 2025-02-26 20:41:31,696 INFO sasl.SaslDataTransferClient: SASL encryption trust check: localHostTrusted = false, remoteHostTrusted = false
[2025-02-26T20:41:31.750+0000] {subprocess.py:93} INFO - 2025-02-26 20:41:31,748 INFO mapreduce.Job: Job job_local975557221_0001 running in uber mode : false
[2025-02-26T20:41:31.759+0000] {subprocess.py:93} INFO - 2025-02-26 20:41:31,756 INFO mapreduce.Job:  map 0% reduce 0%
[2025-02-26T20:41:32.001+0000] {subprocess.py:93} INFO - 2025-02-26 20:41:31,985 INFO streaming.PipeMapRed: R/W/S=1/0/0 in:NA [rec/s] out:NA [rec/s]
[2025-02-26T20:41:32.007+0000] {subprocess.py:93} INFO - 2025-02-26 20:41:31,986 INFO streaming.PipeMapRed: R/W/S=10/0/0 in:NA [rec/s] out:NA [rec/s]
[2025-02-26T20:41:32.011+0000] {subprocess.py:93} INFO - 2025-02-26 20:41:31,989 INFO streaming.PipeMapRed: R/W/S=100/0/0 in:NA [rec/s] out:NA [rec/s]
[2025-02-26T20:41:32.030+0000] {subprocess.py:93} INFO - 2025-02-26 20:41:32,025 INFO streaming.PipeMapRed: MRErrorThread done
[2025-02-26T20:41:32.037+0000] {subprocess.py:93} INFO - 2025-02-26 20:41:32,029 INFO streaming.PipeMapRed: mapRedFinished
[2025-02-26T20:41:32.039+0000] {subprocess.py:93} INFO - 2025-02-26 20:41:32,035 INFO mapred.LocalJobRunner:
[2025-02-26T20:41:32.039+0000] {subprocess.py:93} INFO - 2025-02-26 20:41:32,036 INFO mapred.MapTask: Starting flush of map output
[2025-02-26T20:41:32.202+0000] {subprocess.py:93} INFO - 2025-02-26 20:41:32,189 INFO mapred.Task: Task:attempt_local975557221_0001_m_000000_0 is done. And is in the process of committing
[2025-02-26T20:41:32.260+0000] {subprocess.py:93} INFO - 2025-02-26 20:41:32,232 INFO mapred.LocalJobRunner: hdfs://namenode:9000/user/etudiant/crypto/raw/YYYY=2025/MM=01/DD=12/yfinance_raw.json:0+19757
[2025-02-26T20:41:32.264+0000] {subprocess.py:93} INFO - 2025-02-26 20:41:32,232 INFO mapred.Task: Task 'attempt_local975557221_0001_m_000000_0' done.
[2025-02-26T20:41:32.275+0000] {subprocess.py:93} INFO - 2025-02-26 20:41:32,260 INFO mapred.Task: Final Counters for attempt_local975557221_0001_m_000000_0: Counters: 23
[2025-02-26T20:41:32.279+0000] {subprocess.py:93} INFO - 	File System Counters
[2025-02-26T20:41:32.293+0000] {subprocess.py:93} INFO - 		FILE: Number of bytes read=180665
[2025-02-26T20:41:32.294+0000] {subprocess.py:93} INFO - 		FILE: Number of bytes written=709713
[2025-02-26T20:41:32.295+0000] {subprocess.py:93} INFO - 		FILE: Number of read operations=0
[2025-02-26T20:41:32.295+0000] {subprocess.py:93} INFO - 		FILE: Number of large read operations=0
[2025-02-26T20:41:32.296+0000] {subprocess.py:93} INFO - 		FILE: Number of write operations=0
[2025-02-26T20:41:32.296+0000] {subprocess.py:93} INFO - 		HDFS: Number of bytes read=19757
[2025-02-26T20:41:32.303+0000] {subprocess.py:93} INFO - 		HDFS: Number of bytes written=0
[2025-02-26T20:41:32.304+0000] {subprocess.py:93} INFO - 		HDFS: Number of read operations=5
[2025-02-26T20:41:32.305+0000] {subprocess.py:93} INFO - 		HDFS: Number of large read operations=0
[2025-02-26T20:41:32.306+0000] {subprocess.py:93} INFO - 		HDFS: Number of write operations=1
[2025-02-26T20:41:32.307+0000] {subprocess.py:93} INFO - 		HDFS: Number of bytes read erasure-coded=0
[2025-02-26T20:41:32.308+0000] {subprocess.py:93} INFO - 	Map-Reduce Framework
[2025-02-26T20:41:32.308+0000] {subprocess.py:93} INFO - 		Map input records=677
[2025-02-26T20:41:32.309+0000] {subprocess.py:93} INFO - 		Map output records=0
[2025-02-26T20:41:32.309+0000] {subprocess.py:93} INFO - 		Map output bytes=0
[2025-02-26T20:41:32.310+0000] {subprocess.py:93} INFO - 		Map output materialized bytes=6
[2025-02-26T20:41:32.310+0000] {subprocess.py:93} INFO - 		Input split bytes=137
[2025-02-26T20:41:32.311+0000] {subprocess.py:93} INFO - 		Combine input records=0
[2025-02-26T20:41:32.311+0000] {subprocess.py:93} INFO - 		Spilled Records=0
[2025-02-26T20:41:32.312+0000] {subprocess.py:93} INFO - 		Failed Shuffles=0
[2025-02-26T20:41:32.312+0000] {subprocess.py:93} INFO - 		Merged Map outputs=0
[2025-02-26T20:41:32.313+0000] {subprocess.py:93} INFO - 		GC time elapsed (ms)=0
[2025-02-26T20:41:32.313+0000] {subprocess.py:93} INFO - 		Total committed heap usage (bytes)=275775488
[2025-02-26T20:41:32.314+0000] {subprocess.py:93} INFO - 	File Input Format Counters
[2025-02-26T20:41:32.314+0000] {subprocess.py:93} INFO - 		Bytes Read=19757
[2025-02-26T20:41:32.319+0000] {subprocess.py:93} INFO - 2025-02-26 20:41:32,260 INFO mapred.LocalJobRunner: Finishing task: attempt_local975557221_0001_m_000000_0
[2025-02-26T20:41:32.319+0000] {subprocess.py:93} INFO - 2025-02-26 20:41:32,261 INFO mapred.LocalJobRunner: map task executor complete.
[2025-02-26T20:41:32.320+0000] {subprocess.py:93} INFO - 2025-02-26 20:41:32,299 INFO mapred.LocalJobRunner: Waiting for reduce tasks
[2025-02-26T20:41:32.350+0000] {subprocess.py:93} INFO - 2025-02-26 20:41:32,341 INFO mapred.LocalJobRunner: Starting task: attempt_local975557221_0001_r_000000_0
[2025-02-26T20:41:32.435+0000] {subprocess.py:93} INFO - 2025-02-26 20:41:32,420 INFO output.FileOutputCommitter: File Output Committer Algorithm version is 2
[2025-02-26T20:41:32.437+0000] {subprocess.py:93} INFO - 2025-02-26 20:41:32,421 INFO output.FileOutputCommitter: FileOutputCommitter skip cleanup _temporary folders under output directory:false, ignore cleanup failures: false
[2025-02-26T20:41:32.452+0000] {subprocess.py:93} INFO - 2025-02-26 20:41:32,422 INFO mapred.Task:  Using ResourceCalculatorProcessTree : [ ]
[2025-02-26T20:41:32.464+0000] {subprocess.py:93} INFO - 2025-02-26 20:41:32,455 INFO mapred.ReduceTask: Using ShuffleConsumerPlugin: org.apache.hadoop.mapreduce.task.reduce.Shuffle@d90526c
[2025-02-26T20:41:32.466+0000] {subprocess.py:93} INFO - 2025-02-26 20:41:32,460 WARN impl.MetricsSystemImpl: JobTracker metrics system already initialized!
[2025-02-26T20:41:32.547+0000] {subprocess.py:93} INFO - 2025-02-26 20:41:32,542 INFO reduce.MergeManagerImpl: MergerManager: memoryLimit=668309888, maxSingleShuffleLimit=167077472, mergeThreshold=441084544, ioSortFactor=10, memToMemMergeOutputsThreshold=10
[2025-02-26T20:41:32.600+0000] {subprocess.py:93} INFO - 2025-02-26 20:41:32,596 INFO reduce.EventFetcher: attempt_local975557221_0001_r_000000_0 Thread started: EventFetcher for fetching Map Completion Events
[2025-02-26T20:41:32.751+0000] {subprocess.py:93} INFO - 2025-02-26 20:41:32,748 INFO reduce.LocalFetcher: localfetcher#1 about to shuffle output of map attempt_local975557221_0001_m_000000_0 decomp: 2 len: 6 to MEMORY
[2025-02-26T20:41:32.760+0000] {subprocess.py:93} INFO - 2025-02-26 20:41:32,758 INFO reduce.InMemoryMapOutput: Read 2 bytes from map-output for attempt_local975557221_0001_m_000000_0
[2025-02-26T20:41:32.765+0000] {subprocess.py:93} INFO - 2025-02-26 20:41:32,762 INFO reduce.MergeManagerImpl: closeInMemoryFile -> map-output of size: 2, inMemoryMapOutputs.size() -> 1, commitMemory -> 0, usedMemory ->2
[2025-02-26T20:41:32.767+0000] {subprocess.py:93} INFO - 2025-02-26 20:41:32,763 INFO mapreduce.Job:  map 100% reduce 0%
[2025-02-26T20:41:32.769+0000] {subprocess.py:93} INFO - 2025-02-26 20:41:32,767 INFO reduce.EventFetcher: EventFetcher is interrupted.. Returning
[2025-02-26T20:41:32.774+0000] {subprocess.py:93} INFO - 2025-02-26 20:41:32,769 INFO mapred.LocalJobRunner: 1 / 1 copied.
[2025-02-26T20:41:32.776+0000] {subprocess.py:93} INFO - 2025-02-26 20:41:32,770 INFO reduce.MergeManagerImpl: finalMerge called with 1 in-memory map-outputs and 0 on-disk map-outputs
[2025-02-26T20:41:32.795+0000] {subprocess.py:93} INFO - 2025-02-26 20:41:32,793 INFO mapred.Merger: Merging 1 sorted segments
[2025-02-26T20:41:32.796+0000] {subprocess.py:93} INFO - 2025-02-26 20:41:32,794 INFO mapred.Merger: Down to the last merge-pass, with 0 segments left of total size: 0 bytes
[2025-02-26T20:41:32.798+0000] {subprocess.py:93} INFO - 2025-02-26 20:41:32,796 INFO reduce.MergeManagerImpl: Merged 1 segments, 2 bytes to disk to satisfy reduce memory limit
[2025-02-26T20:41:32.799+0000] {subprocess.py:93} INFO - 2025-02-26 20:41:32,797 INFO reduce.MergeManagerImpl: Merging 1 files, 6 bytes from disk
[2025-02-26T20:41:32.800+0000] {subprocess.py:93} INFO - 2025-02-26 20:41:32,799 INFO reduce.MergeManagerImpl: Merging 0 segments, 0 bytes from memory into reduce
[2025-02-26T20:41:32.801+0000] {subprocess.py:93} INFO - 2025-02-26 20:41:32,799 INFO mapred.Merger: Merging 1 sorted segments
[2025-02-26T20:41:32.804+0000] {subprocess.py:93} INFO - 2025-02-26 20:41:32,801 INFO mapred.Merger: Down to the last merge-pass, with 0 segments left of total size: 0 bytes
[2025-02-26T20:41:32.829+0000] {subprocess.py:93} INFO - 2025-02-26 20:41:32,826 INFO mapred.LocalJobRunner: 1 / 1 copied.
[2025-02-26T20:41:32.883+0000] {subprocess.py:93} INFO - 2025-02-26 20:41:32,860 INFO streaming.PipeMapRed: PipeMapRed exec [/usr/bin/python, reducer.py]
[2025-02-26T20:41:32.884+0000] {subprocess.py:93} INFO - 2025-02-26 20:41:32,865 INFO Configuration.deprecation: mapred.job.tracker is deprecated. Instead, use mapreduce.jobtracker.address
[2025-02-26T20:41:32.888+0000] {subprocess.py:93} INFO - 2025-02-26 20:41:32,866 INFO Configuration.deprecation: mapred.map.tasks is deprecated. Instead, use mapreduce.job.maps
[2025-02-26T20:41:33.058+0000] {subprocess.py:93} INFO - 2025-02-26 20:41:33,047 INFO streaming.PipeMapRed: MRErrorThread done
[2025-02-26T20:41:33.060+0000] {subprocess.py:93} INFO - 2025-02-26 20:41:33,053 INFO streaming.PipeMapRed: mapRedFinished
[2025-02-26T20:41:33.087+0000] {subprocess.py:93} INFO - 2025-02-26 20:41:33,083 INFO mapred.Task: Task:attempt_local975557221_0001_r_000000_0 is done. And is in the process of committing
[2025-02-26T20:41:33.127+0000] {subprocess.py:93} INFO - 2025-02-26 20:41:33,117 INFO mapred.LocalJobRunner: 1 / 1 copied.
[2025-02-26T20:41:33.131+0000] {subprocess.py:93} INFO - 2025-02-26 20:41:33,117 INFO mapred.Task: Task attempt_local975557221_0001_r_000000_0 is allowed to commit now
[2025-02-26T20:41:33.218+0000] {subprocess.py:93} INFO - 2025-02-26 20:41:33,216 INFO output.FileOutputCommitter: Saved output of task 'attempt_local975557221_0001_r_000000_0' to hdfs://namenode:9000/user/etudiant/crypto/processed/YYYY=2025/MM=01/DD=12
[2025-02-26T20:41:33.227+0000] {subprocess.py:93} INFO - 2025-02-26 20:41:33,219 INFO mapred.LocalJobRunner: reduce > reduce
[2025-02-26T20:41:33.230+0000] {subprocess.py:93} INFO - 2025-02-26 20:41:33,219 INFO mapred.Task: Task 'attempt_local975557221_0001_r_000000_0' done.
[2025-02-26T20:41:33.235+0000] {subprocess.py:93} INFO - 2025-02-26 20:41:33,221 INFO mapred.Task: Final Counters for attempt_local975557221_0001_r_000000_0: Counters: 30
[2025-02-26T20:41:33.236+0000] {subprocess.py:93} INFO - 	File System Counters
[2025-02-26T20:41:33.239+0000] {subprocess.py:93} INFO - 		FILE: Number of bytes read=180709
[2025-02-26T20:41:33.240+0000] {subprocess.py:93} INFO - 		FILE: Number of bytes written=709719
[2025-02-26T20:41:33.244+0000] {subprocess.py:93} INFO - 		FILE: Number of read operations=0
[2025-02-26T20:41:33.245+0000] {subprocess.py:93} INFO - 		FILE: Number of large read operations=0
[2025-02-26T20:41:33.246+0000] {subprocess.py:93} INFO - 		FILE: Number of write operations=0
[2025-02-26T20:41:33.248+0000] {subprocess.py:93} INFO - 		HDFS: Number of bytes read=19757
[2025-02-26T20:41:33.251+0000] {subprocess.py:93} INFO - 		HDFS: Number of bytes written=0
[2025-02-26T20:41:33.252+0000] {subprocess.py:93} INFO - 		HDFS: Number of read operations=10
[2025-02-26T20:41:33.253+0000] {subprocess.py:93} INFO - 		HDFS: Number of large read operations=0
[2025-02-26T20:41:33.254+0000] {subprocess.py:93} INFO - 		HDFS: Number of write operations=3
[2025-02-26T20:41:33.256+0000] {subprocess.py:93} INFO - 		HDFS: Number of bytes read erasure-coded=0
[2025-02-26T20:41:33.257+0000] {subprocess.py:93} INFO - 	Map-Reduce Framework
[2025-02-26T20:41:33.258+0000] {subprocess.py:93} INFO - 		Combine input records=0
[2025-02-26T20:41:33.260+0000] {subprocess.py:93} INFO - 		Combine output records=0
[2025-02-26T20:41:33.265+0000] {subprocess.py:93} INFO - 		Reduce input groups=0
[2025-02-26T20:41:33.268+0000] {subprocess.py:93} INFO - 		Reduce shuffle bytes=6
[2025-02-26T20:41:33.269+0000] {subprocess.py:93} INFO - 		Reduce input records=0
[2025-02-26T20:41:33.270+0000] {subprocess.py:93} INFO - 		Reduce output records=0
[2025-02-26T20:41:33.272+0000] {subprocess.py:93} INFO - 		Spilled Records=0
[2025-02-26T20:41:33.273+0000] {subprocess.py:93} INFO - 		Shuffled Maps =1
[2025-02-26T20:41:33.275+0000] {subprocess.py:93} INFO - 		Failed Shuffles=0
[2025-02-26T20:41:33.275+0000] {subprocess.py:93} INFO - 		Merged Map outputs=1
[2025-02-26T20:41:33.277+0000] {subprocess.py:93} INFO - 		GC time elapsed (ms)=0
[2025-02-26T20:41:33.277+0000] {subprocess.py:93} INFO - 		Total committed heap usage (bytes)=276299776
[2025-02-26T20:41:33.278+0000] {subprocess.py:93} INFO - 	Shuffle Errors
[2025-02-26T20:41:33.279+0000] {subprocess.py:93} INFO - 		BAD_ID=0
[2025-02-26T20:41:33.280+0000] {subprocess.py:93} INFO - 		CONNECTION=0
[2025-02-26T20:41:33.282+0000] {subprocess.py:93} INFO - 		IO_ERROR=0
[2025-02-26T20:41:33.285+0000] {subprocess.py:93} INFO - 		WRONG_LENGTH=0
[2025-02-26T20:41:33.286+0000] {subprocess.py:93} INFO - 		WRONG_MAP=0
[2025-02-26T20:41:33.288+0000] {subprocess.py:93} INFO - 		WRONG_REDUCE=0
[2025-02-26T20:41:33.290+0000] {subprocess.py:93} INFO - 	File Output Format Counters
[2025-02-26T20:41:33.294+0000] {subprocess.py:93} INFO - 		Bytes Written=0
[2025-02-26T20:41:33.296+0000] {subprocess.py:93} INFO - 2025-02-26 20:41:33,223 INFO mapred.LocalJobRunner: Finishing task: attempt_local975557221_0001_r_000000_0
[2025-02-26T20:41:33.297+0000] {subprocess.py:93} INFO - 2025-02-26 20:41:33,224 INFO mapred.LocalJobRunner: reduce task executor complete.
[2025-02-26T20:41:33.800+0000] {subprocess.py:93} INFO - 2025-02-26 20:41:33,779 INFO mapreduce.Job:  map 100% reduce 100%
[2025-02-26T20:41:33.801+0000] {subprocess.py:93} INFO - 2025-02-26 20:41:33,781 INFO mapreduce.Job: Job job_local975557221_0001 completed successfully
[2025-02-26T20:41:33.851+0000] {subprocess.py:93} INFO - 2025-02-26 20:41:33,847 INFO mapreduce.Job: Counters: 36
[2025-02-26T20:41:33.852+0000] {subprocess.py:93} INFO - 	File System Counters
[2025-02-26T20:41:33.852+0000] {subprocess.py:93} INFO - 		FILE: Number of bytes read=361374
[2025-02-26T20:41:33.855+0000] {subprocess.py:93} INFO - 		FILE: Number of bytes written=1419432
[2025-02-26T20:41:33.855+0000] {subprocess.py:93} INFO - 		FILE: Number of read operations=0
[2025-02-26T20:41:33.856+0000] {subprocess.py:93} INFO - 		FILE: Number of large read operations=0
[2025-02-26T20:41:33.857+0000] {subprocess.py:93} INFO - 		FILE: Number of write operations=0
[2025-02-26T20:41:33.859+0000] {subprocess.py:93} INFO - 		HDFS: Number of bytes read=39514
[2025-02-26T20:41:33.860+0000] {subprocess.py:93} INFO - 		HDFS: Number of bytes written=0
[2025-02-26T20:41:33.868+0000] {subprocess.py:93} INFO - 		HDFS: Number of read operations=15
[2025-02-26T20:41:33.870+0000] {subprocess.py:93} INFO - 		HDFS: Number of large read operations=0
[2025-02-26T20:41:33.871+0000] {subprocess.py:93} INFO - 		HDFS: Number of write operations=4
[2025-02-26T20:41:33.873+0000] {subprocess.py:93} INFO - 		HDFS: Number of bytes read erasure-coded=0
[2025-02-26T20:41:33.874+0000] {subprocess.py:93} INFO - 	Map-Reduce Framework
[2025-02-26T20:41:33.874+0000] {subprocess.py:93} INFO - 		Map input records=677
[2025-02-26T20:41:33.875+0000] {subprocess.py:93} INFO - 		Map output records=0
[2025-02-26T20:41:33.877+0000] {subprocess.py:93} INFO - 		Map output bytes=0
[2025-02-26T20:41:33.878+0000] {subprocess.py:93} INFO - 		Map output materialized bytes=6
[2025-02-26T20:41:33.879+0000] {subprocess.py:93} INFO - 		Input split bytes=137
[2025-02-26T20:41:33.883+0000] {subprocess.py:93} INFO - 		Combine input records=0
[2025-02-26T20:41:33.890+0000] {subprocess.py:93} INFO - 		Combine output records=0
[2025-02-26T20:41:33.891+0000] {subprocess.py:93} INFO - 		Reduce input groups=0
[2025-02-26T20:41:33.892+0000] {subprocess.py:93} INFO - 		Reduce shuffle bytes=6
[2025-02-26T20:41:33.895+0000] {subprocess.py:93} INFO - 		Reduce input records=0
[2025-02-26T20:41:33.899+0000] {subprocess.py:93} INFO - 		Reduce output records=0
[2025-02-26T20:41:33.901+0000] {subprocess.py:93} INFO - 		Spilled Records=0
[2025-02-26T20:41:33.902+0000] {subprocess.py:93} INFO - 		Shuffled Maps =1
[2025-02-26T20:41:33.904+0000] {subprocess.py:93} INFO - 		Failed Shuffles=0
[2025-02-26T20:41:33.905+0000] {subprocess.py:93} INFO - 		Merged Map outputs=1
[2025-02-26T20:41:33.905+0000] {subprocess.py:93} INFO - 		GC time elapsed (ms)=0
[2025-02-26T20:41:33.909+0000] {subprocess.py:93} INFO - 		Total committed heap usage (bytes)=552075264
[2025-02-26T20:41:33.913+0000] {subprocess.py:93} INFO - 	Shuffle Errors
[2025-02-26T20:41:33.915+0000] {subprocess.py:93} INFO - 		BAD_ID=0
[2025-02-26T20:41:33.916+0000] {subprocess.py:93} INFO - 		CONNECTION=0
[2025-02-26T20:41:33.917+0000] {subprocess.py:93} INFO - 		IO_ERROR=0
[2025-02-26T20:41:33.919+0000] {subprocess.py:93} INFO - 		WRONG_LENGTH=0
[2025-02-26T20:41:33.922+0000] {subprocess.py:93} INFO - 		WRONG_MAP=0
[2025-02-26T20:41:33.923+0000] {subprocess.py:93} INFO - 		WRONG_REDUCE=0
[2025-02-26T20:41:33.924+0000] {subprocess.py:93} INFO - 	File Input Format Counters
[2025-02-26T20:41:33.929+0000] {subprocess.py:93} INFO - 		Bytes Read=19757
[2025-02-26T20:41:33.933+0000] {subprocess.py:93} INFO - 	File Output Format Counters
[2025-02-26T20:41:33.939+0000] {subprocess.py:93} INFO - 		Bytes Written=0
[2025-02-26T20:41:33.943+0000] {subprocess.py:93} INFO - 2025-02-26 20:41:33,847 INFO streaming.StreamJob: Output directory: hdfs:///user/etudiant/crypto/processed/YYYY=2025/MM=01/DD=12
[2025-02-26T20:41:34.406+0000] {subprocess.py:97} INFO - Command exited with return code 0
[2025-02-26T20:41:34.493+0000] {taskinstance.py:1400} INFO - Marking task as SUCCESS. dag_id=yfinance_ingestion_dag, task_id=run_mapreduce, execution_date=20250112T000000, start_date=20250226T204103, end_date=20250226T204134
[2025-02-26T20:41:34.595+0000] {local_task_job_runner.py:228} INFO - Task exited with return code 0
[2025-02-26T20:41:34.625+0000] {taskinstance.py:2784} INFO - 0 downstream tasks scheduled from follow-on schedule check
