[2025-02-26T20:47:19.396+0000] {taskinstance.py:1159} INFO - Dependencies all met for dep_context=non-requeueable deps ti=<TaskInstance: yfinance_ingestion_dag.run_mapreduce scheduled__2025-02-14T00:00:00+00:00 [queued]>
[2025-02-26T20:47:19.530+0000] {taskinstance.py:1159} INFO - Dependencies all met for dep_context=requeueable deps ti=<TaskInstance: yfinance_ingestion_dag.run_mapreduce scheduled__2025-02-14T00:00:00+00:00 [queued]>
[2025-02-26T20:47:19.536+0000] {taskinstance.py:1361} INFO - Starting attempt 1 of 2
[2025-02-26T20:47:19.720+0000] {taskinstance.py:1382} INFO - Executing <Task(BashOperator): run_mapreduce> on 2025-02-14 00:00:00+00:00
[2025-02-26T20:47:19.815+0000] {standard_task_runner.py:84} INFO - Running: ['***', 'tasks', 'run', 'yfinance_ingestion_dag', 'run_mapreduce', 'scheduled__2025-02-14T00:00:00+00:00', '--job-id', '429', '--raw', '--subdir', 'DAGS_FOLDER/pipeline.py', '--cfg-path', '/tmp/tmpzly5ebqx']
[2025-02-26T20:47:19.801+0000] {standard_task_runner.py:57} INFO - Started process 3214 to run task
[2025-02-26T20:47:19.858+0000] {standard_task_runner.py:85} INFO - Job 429: Subtask run_mapreduce
[2025-02-26T20:47:20.058+0000] {task_command.py:415} INFO - Running <TaskInstance: yfinance_ingestion_dag.run_mapreduce scheduled__2025-02-14T00:00:00+00:00 [running]> on host 3c0faf52b292
[2025-02-26T20:47:20.609+0000] {taskinstance.py:1660} INFO - Exporting env vars: AIRFLOW_CTX_DAG_OWNER='etudiant' AIRFLOW_CTX_DAG_ID='yfinance_ingestion_dag' AIRFLOW_CTX_TASK_ID='run_mapreduce' AIRFLOW_CTX_EXECUTION_DATE='2025-02-14T00:00:00+00:00' AIRFLOW_CTX_TRY_NUMBER='1' AIRFLOW_CTX_DAG_RUN_ID='scheduled__2025-02-14T00:00:00+00:00'
[2025-02-26T20:47:20.620+0000] {subprocess.py:63} INFO - Tmp dir root location: /tmp
[2025-02-26T20:47:20.626+0000] {subprocess.py:75} INFO - Running command: ['/bin/bash', '-c', '\n        docker exec -i -u root namenode bash -c \'         cd /tmp &&         cp /mnt/hadoop_data/mapreduce/mapper.py . &&         cp /mnt/hadoop_data/mapreduce/reducer.py . &&         chmod +x mapper.py reducer.py &&         hdfs dfs -rm -r hdfs:///user/etudiant/crypto/processed/YYYY=2025/MM=02/DD=14 || true &&         hadoop jar /opt/hadoop-3.2.1/share/hadoop/tools/lib/hadoop-streaming-3.2.1.jar         -files mapper.py,reducer.py         -mapper "python mapper.py"         -reducer "python reducer.py"         -input hdfs:///user/etudiant/crypto/raw/YYYY=2025/MM=02/DD=14/yfinance_raw.json         -output hdfs:///user/etudiant/crypto/processed/YYYY=2025/MM=02/DD=14\'\n        ']
[2025-02-26T20:47:20.734+0000] {subprocess.py:86} INFO - Output:
[2025-02-26T20:47:33.293+0000] {subprocess.py:93} INFO - rm: `hdfs:///user/etudiant/crypto/processed/YYYY=2025/MM=02/DD=14': No such file or directory
[2025-02-26T20:47:45.352+0000] {subprocess.py:93} INFO - 2025-02-26 20:47:45,349 INFO impl.MetricsConfig: Loaded properties from hadoop-metrics2.properties
[2025-02-26T20:47:45.970+0000] {subprocess.py:93} INFO - 2025-02-26 20:47:45,967 INFO impl.MetricsSystemImpl: Scheduled Metric snapshot period at 10 second(s).
[2025-02-26T20:47:45.972+0000] {subprocess.py:93} INFO - 2025-02-26 20:47:45,968 INFO impl.MetricsSystemImpl: JobTracker metrics system started
[2025-02-26T20:47:46.225+0000] {subprocess.py:93} INFO - 2025-02-26 20:47:46,218 WARN impl.MetricsSystemImpl: JobTracker metrics system already initialized!
[2025-02-26T20:47:49.907+0000] {subprocess.py:93} INFO - 2025-02-26 20:47:49,894 INFO mapred.FileInputFormat: Total input files to process : 1
[2025-02-26T20:47:50.721+0000] {subprocess.py:93} INFO - 2025-02-26 20:47:50,719 INFO mapreduce.JobSubmitter: number of splits:1
[2025-02-26T20:47:51.486+0000] {subprocess.py:93} INFO - 2025-02-26 20:47:51,483 INFO mapreduce.JobSubmitter: Submitting tokens for job: job_local1367377890_0001
[2025-02-26T20:47:51.492+0000] {subprocess.py:93} INFO - 2025-02-26 20:47:51,488 INFO mapreduce.JobSubmitter: Executing with tokens: []
[2025-02-26T20:47:53.429+0000] {subprocess.py:93} INFO - 2025-02-26 20:47:53,424 INFO mapred.LocalDistributedCacheManager: Localized file:/tmp/mapper.py as file:/tmp/hadoop-root/mapred/local/job_local1367377890_0001_a411cc8b-5b65-431c-a9e4-d0cbbecc61e6/mapper.py
[2025-02-26T20:47:53.634+0000] {subprocess.py:93} INFO - 2025-02-26 20:47:53,628 INFO mapred.LocalDistributedCacheManager: Localized file:/tmp/reducer.py as file:/tmp/hadoop-root/mapred/local/job_local1367377890_0001_ec69ceb4-a606-4ec9-8717-49cc1ddcf4e9/reducer.py
[2025-02-26T20:47:54.000+0000] {subprocess.py:93} INFO - 2025-02-26 20:47:53,997 INFO mapreduce.Job: The url to track the job: http://localhost:8080/
[2025-02-26T20:47:54.004+0000] {subprocess.py:93} INFO - 2025-02-26 20:47:54,002 INFO mapreduce.Job: Running job: job_local1367377890_0001
[2025-02-26T20:47:54.019+0000] {subprocess.py:93} INFO - 2025-02-26 20:47:54,018 INFO mapred.LocalJobRunner: OutputCommitter set in config null
[2025-02-26T20:47:54.028+0000] {subprocess.py:93} INFO - 2025-02-26 20:47:54,026 INFO mapred.LocalJobRunner: OutputCommitter is org.apache.hadoop.mapred.FileOutputCommitter
[2025-02-26T20:47:54.035+0000] {subprocess.py:93} INFO - 2025-02-26 20:47:54,033 INFO output.FileOutputCommitter: File Output Committer Algorithm version is 2
[2025-02-26T20:47:54.036+0000] {subprocess.py:93} INFO - 2025-02-26 20:47:54,034 INFO output.FileOutputCommitter: FileOutputCommitter skip cleanup _temporary folders under output directory:false, ignore cleanup failures: false
[2025-02-26T20:47:54.201+0000] {subprocess.py:93} INFO - 2025-02-26 20:47:54,199 INFO mapred.LocalJobRunner: Waiting for map tasks
[2025-02-26T20:47:54.212+0000] {subprocess.py:93} INFO - 2025-02-26 20:47:54,207 INFO mapred.LocalJobRunner: Starting task: attempt_local1367377890_0001_m_000000_0
[2025-02-26T20:47:54.281+0000] {subprocess.py:93} INFO - 2025-02-26 20:47:54,279 INFO output.FileOutputCommitter: File Output Committer Algorithm version is 2
[2025-02-26T20:47:54.282+0000] {subprocess.py:93} INFO - 2025-02-26 20:47:54,280 INFO output.FileOutputCommitter: FileOutputCommitter skip cleanup _temporary folders under output directory:false, ignore cleanup failures: false
[2025-02-26T20:47:54.424+0000] {subprocess.py:93} INFO - 2025-02-26 20:47:54,422 INFO mapred.Task:  Using ResourceCalculatorProcessTree : [ ]
[2025-02-26T20:47:54.463+0000] {subprocess.py:93} INFO - 2025-02-26 20:47:54,461 INFO mapred.MapTask: Processing split: hdfs://namenode:9000/user/etudiant/crypto/raw/YYYY=2025/MM=02/DD=14/yfinance_raw.json:0+19767
[2025-02-26T20:47:54.532+0000] {subprocess.py:93} INFO - 2025-02-26 20:47:54,528 INFO mapred.MapTask: numReduceTasks: 1
[2025-02-26T20:47:54.762+0000] {subprocess.py:93} INFO - 2025-02-26 20:47:54,752 INFO mapred.MapTask: (EQUATOR) 0 kvi 26214396(104857584)
[2025-02-26T20:47:54.763+0000] {subprocess.py:93} INFO - 2025-02-26 20:47:54,753 INFO mapred.MapTask: mapreduce.task.io.sort.mb: 100
[2025-02-26T20:47:54.764+0000] {subprocess.py:93} INFO - 2025-02-26 20:47:54,753 INFO mapred.MapTask: soft limit at 83886080
[2025-02-26T20:47:54.775+0000] {subprocess.py:93} INFO - 2025-02-26 20:47:54,753 INFO mapred.MapTask: bufstart = 0; bufvoid = 104857600
[2025-02-26T20:47:54.778+0000] {subprocess.py:93} INFO - 2025-02-26 20:47:54,754 INFO mapred.MapTask: kvstart = 26214396; length = 6553600
[2025-02-26T20:47:54.779+0000] {subprocess.py:93} INFO - 2025-02-26 20:47:54,772 INFO mapred.MapTask: Map output collector class = org.apache.hadoop.mapred.MapTask$MapOutputBuffer
[2025-02-26T20:47:54.852+0000] {subprocess.py:93} INFO - 2025-02-26 20:47:54,849 INFO streaming.PipeMapRed: PipeMapRed exec [/usr/bin/python, mapper.py]
[2025-02-26T20:47:54.861+0000] {subprocess.py:93} INFO - 2025-02-26 20:47:54,859 INFO Configuration.deprecation: mapred.work.output.dir is deprecated. Instead, use mapreduce.task.output.dir
[2025-02-26T20:47:54.868+0000] {subprocess.py:93} INFO - 2025-02-26 20:47:54,862 INFO Configuration.deprecation: map.input.start is deprecated. Instead, use mapreduce.map.input.start
[2025-02-26T20:47:54.887+0000] {subprocess.py:93} INFO - 2025-02-26 20:47:54,886 INFO Configuration.deprecation: mapred.task.is.map is deprecated. Instead, use mapreduce.task.ismap
[2025-02-26T20:47:54.888+0000] {subprocess.py:93} INFO - 2025-02-26 20:47:54,886 INFO Configuration.deprecation: mapred.task.id is deprecated. Instead, use mapreduce.task.attempt.id
[2025-02-26T20:47:54.892+0000] {subprocess.py:93} INFO - 2025-02-26 20:47:54,889 INFO Configuration.deprecation: mapred.tip.id is deprecated. Instead, use mapreduce.task.id
[2025-02-26T20:47:54.894+0000] {subprocess.py:93} INFO - 2025-02-26 20:47:54,891 INFO Configuration.deprecation: mapred.local.dir is deprecated. Instead, use mapreduce.cluster.local.dir
[2025-02-26T20:47:54.898+0000] {subprocess.py:93} INFO - 2025-02-26 20:47:54,897 INFO Configuration.deprecation: map.input.file is deprecated. Instead, use mapreduce.map.input.file
[2025-02-26T20:47:54.919+0000] {subprocess.py:93} INFO - 2025-02-26 20:47:54,918 INFO Configuration.deprecation: mapred.skip.on is deprecated. Instead, use mapreduce.job.skiprecords
[2025-02-26T20:47:54.925+0000] {subprocess.py:93} INFO - 2025-02-26 20:47:54,919 INFO Configuration.deprecation: map.input.length is deprecated. Instead, use mapreduce.map.input.length
[2025-02-26T20:47:54.938+0000] {subprocess.py:93} INFO - 2025-02-26 20:47:54,935 INFO Configuration.deprecation: mapred.job.id is deprecated. Instead, use mapreduce.job.id
[2025-02-26T20:47:54.939+0000] {subprocess.py:93} INFO - 2025-02-26 20:47:54,936 INFO Configuration.deprecation: user.name is deprecated. Instead, use mapreduce.job.user.name
[2025-02-26T20:47:54.948+0000] {subprocess.py:93} INFO - 2025-02-26 20:47:54,946 INFO Configuration.deprecation: mapred.task.partition is deprecated. Instead, use mapreduce.task.partition
[2025-02-26T20:47:55.030+0000] {subprocess.py:93} INFO - 2025-02-26 20:47:55,027 INFO mapreduce.Job: Job job_local1367377890_0001 running in uber mode : false
[2025-02-26T20:47:55.033+0000] {subprocess.py:93} INFO - 2025-02-26 20:47:55,032 INFO mapreduce.Job:  map 0% reduce 0%
[2025-02-26T20:47:55.238+0000] {subprocess.py:93} INFO - 2025-02-26 20:47:55,235 INFO sasl.SaslDataTransferClient: SASL encryption trust check: localHostTrusted = false, remoteHostTrusted = false
[2025-02-26T20:47:55.788+0000] {subprocess.py:93} INFO - 2025-02-26 20:47:55,787 INFO streaming.PipeMapRed: R/W/S=1/0/0 in:NA [rec/s] out:NA [rec/s]
[2025-02-26T20:47:55.806+0000] {subprocess.py:93} INFO - 2025-02-26 20:47:55,798 INFO streaming.PipeMapRed: R/W/S=10/0/0 in:NA [rec/s] out:NA [rec/s]
[2025-02-26T20:47:55.813+0000] {subprocess.py:93} INFO - 2025-02-26 20:47:55,800 INFO streaming.PipeMapRed: R/W/S=100/0/0 in:NA [rec/s] out:NA [rec/s]
[2025-02-26T20:47:55.857+0000] {subprocess.py:93} INFO - 2025-02-26 20:47:55,851 INFO streaming.PipeMapRed: MRErrorThread done
[2025-02-26T20:47:55.875+0000] {subprocess.py:93} INFO - 2025-02-26 20:47:55,873 INFO streaming.PipeMapRed: mapRedFinished
[2025-02-26T20:47:55.887+0000] {subprocess.py:93} INFO - 2025-02-26 20:47:55,884 INFO mapred.LocalJobRunner:
[2025-02-26T20:47:55.888+0000] {subprocess.py:93} INFO - 2025-02-26 20:47:55,885 INFO mapred.MapTask: Starting flush of map output
[2025-02-26T20:47:56.189+0000] {subprocess.py:93} INFO - 2025-02-26 20:47:56,184 INFO mapred.Task: Task:attempt_local1367377890_0001_m_000000_0 is done. And is in the process of committing
[2025-02-26T20:47:56.252+0000] {subprocess.py:93} INFO - 2025-02-26 20:47:56,236 INFO mapred.LocalJobRunner: hdfs://namenode:9000/user/etudiant/crypto/raw/YYYY=2025/MM=02/DD=14/yfinance_raw.json:0+19767
[2025-02-26T20:47:56.254+0000] {subprocess.py:93} INFO - 2025-02-26 20:47:56,241 INFO mapred.Task: Task 'attempt_local1367377890_0001_m_000000_0' done.
[2025-02-26T20:47:56.359+0000] {subprocess.py:93} INFO - 2025-02-26 20:47:56,355 INFO mapred.Task: Final Counters for attempt_local1367377890_0001_m_000000_0: Counters: 23
[2025-02-26T20:47:56.363+0000] {subprocess.py:93} INFO - 	File System Counters
[2025-02-26T20:47:56.365+0000] {subprocess.py:93} INFO - 		FILE: Number of bytes read=180665
[2025-02-26T20:47:56.366+0000] {subprocess.py:93} INFO - 		FILE: Number of bytes written=712295
[2025-02-26T20:47:56.372+0000] {subprocess.py:93} INFO - 		FILE: Number of read operations=0
[2025-02-26T20:47:56.374+0000] {subprocess.py:93} INFO - 		FILE: Number of large read operations=0
[2025-02-26T20:47:56.375+0000] {subprocess.py:93} INFO - 		FILE: Number of write operations=0
[2025-02-26T20:47:56.376+0000] {subprocess.py:93} INFO - 		HDFS: Number of bytes read=19767
[2025-02-26T20:47:56.378+0000] {subprocess.py:93} INFO - 		HDFS: Number of bytes written=0
[2025-02-26T20:47:56.379+0000] {subprocess.py:93} INFO - 		HDFS: Number of read operations=5
[2025-02-26T20:47:56.380+0000] {subprocess.py:93} INFO - 		HDFS: Number of large read operations=0
[2025-02-26T20:47:56.381+0000] {subprocess.py:93} INFO - 		HDFS: Number of write operations=1
[2025-02-26T20:47:56.387+0000] {subprocess.py:93} INFO - 		HDFS: Number of bytes read erasure-coded=0
[2025-02-26T20:47:56.389+0000] {subprocess.py:93} INFO - 	Map-Reduce Framework
[2025-02-26T20:47:56.390+0000] {subprocess.py:93} INFO - 		Map input records=677
[2025-02-26T20:47:56.391+0000] {subprocess.py:93} INFO - 		Map output records=0
[2025-02-26T20:47:56.392+0000] {subprocess.py:93} INFO - 		Map output bytes=0
[2025-02-26T20:47:56.392+0000] {subprocess.py:93} INFO - 		Map output materialized bytes=6
[2025-02-26T20:47:56.394+0000] {subprocess.py:93} INFO - 		Input split bytes=137
[2025-02-26T20:47:56.394+0000] {subprocess.py:93} INFO - 		Combine input records=0
[2025-02-26T20:47:56.395+0000] {subprocess.py:93} INFO - 		Spilled Records=0
[2025-02-26T20:47:56.396+0000] {subprocess.py:93} INFO - 		Failed Shuffles=0
[2025-02-26T20:47:56.396+0000] {subprocess.py:93} INFO - 		Merged Map outputs=0
[2025-02-26T20:47:56.397+0000] {subprocess.py:93} INFO - 		GC time elapsed (ms)=57
[2025-02-26T20:47:56.398+0000] {subprocess.py:93} INFO - 		Total committed heap usage (bytes)=272105472
[2025-02-26T20:47:56.399+0000] {subprocess.py:93} INFO - 	File Input Format Counters
[2025-02-26T20:47:56.400+0000] {subprocess.py:93} INFO - 		Bytes Read=19767
[2025-02-26T20:47:56.401+0000] {subprocess.py:93} INFO - 2025-02-26 20:47:56,356 INFO mapred.LocalJobRunner: Finishing task: attempt_local1367377890_0001_m_000000_0
[2025-02-26T20:47:56.402+0000] {subprocess.py:93} INFO - 2025-02-26 20:47:56,359 INFO mapred.LocalJobRunner: map task executor complete.
[2025-02-26T20:47:56.403+0000] {subprocess.py:93} INFO - 2025-02-26 20:47:56,376 INFO mapred.LocalJobRunner: Waiting for reduce tasks
[2025-02-26T20:47:56.418+0000] {subprocess.py:93} INFO - 2025-02-26 20:47:56,385 INFO mapred.LocalJobRunner: Starting task: attempt_local1367377890_0001_r_000000_0
[2025-02-26T20:47:56.490+0000] {subprocess.py:93} INFO - 2025-02-26 20:47:56,471 INFO output.FileOutputCommitter: File Output Committer Algorithm version is 2
[2025-02-26T20:47:56.491+0000] {subprocess.py:93} INFO - 2025-02-26 20:47:56,472 INFO output.FileOutputCommitter: FileOutputCommitter skip cleanup _temporary folders under output directory:false, ignore cleanup failures: false
[2025-02-26T20:47:56.492+0000] {subprocess.py:93} INFO - 2025-02-26 20:47:56,473 INFO mapred.Task:  Using ResourceCalculatorProcessTree : [ ]
[2025-02-26T20:47:56.534+0000] {subprocess.py:93} INFO - 2025-02-26 20:47:56,514 INFO mapred.ReduceTask: Using ShuffleConsumerPlugin: org.apache.hadoop.mapreduce.task.reduce.Shuffle@227411b1
[2025-02-26T20:47:56.577+0000] {subprocess.py:93} INFO - 2025-02-26 20:47:56,558 WARN impl.MetricsSystemImpl: JobTracker metrics system already initialized!
[2025-02-26T20:47:55.985+0000] {subprocess.py:93} INFO - 2025-02-26 20:47:55,981 INFO reduce.MergeManagerImpl: MergerManager: memoryLimit=668309888, maxSingleShuffleLimit=167077472, mergeThreshold=441084544, ioSortFactor=10, memToMemMergeOutputsThreshold=10
[2025-02-26T20:47:56.044+0000] {subprocess.py:93} INFO - 2025-02-26 20:47:56,020 INFO mapreduce.Job:  map 100% reduce 0%
[2025-02-26T20:47:56.141+0000] {subprocess.py:93} INFO - 2025-02-26 20:47:56,119 INFO reduce.EventFetcher: attempt_local1367377890_0001_r_000000_0 Thread started: EventFetcher for fetching Map Completion Events
[2025-02-26T20:47:56.652+0000] {subprocess.py:93} INFO - 2025-02-26 20:47:56,641 INFO reduce.LocalFetcher: localfetcher#1 about to shuffle output of map attempt_local1367377890_0001_m_000000_0 decomp: 2 len: 6 to MEMORY
[2025-02-26T20:47:56.690+0000] {subprocess.py:93} INFO - 2025-02-26 20:47:56,682 INFO reduce.InMemoryMapOutput: Read 2 bytes from map-output for attempt_local1367377890_0001_m_000000_0
[2025-02-26T20:47:56.708+0000] {subprocess.py:93} INFO - 2025-02-26 20:47:56,705 INFO reduce.MergeManagerImpl: closeInMemoryFile -> map-output of size: 2, inMemoryMapOutputs.size() -> 1, commitMemory -> 0, usedMemory ->2
[2025-02-26T20:47:56.715+0000] {subprocess.py:93} INFO - 2025-02-26 20:47:56,712 INFO reduce.EventFetcher: EventFetcher is interrupted.. Returning
[2025-02-26T20:47:56.718+0000] {subprocess.py:93} INFO - 2025-02-26 20:47:56,717 INFO mapred.LocalJobRunner: 1 / 1 copied.
[2025-02-26T20:47:56.738+0000] {subprocess.py:93} INFO - 2025-02-26 20:47:56,723 INFO reduce.MergeManagerImpl: finalMerge called with 1 in-memory map-outputs and 0 on-disk map-outputs
[2025-02-26T20:47:56.766+0000] {subprocess.py:93} INFO - 2025-02-26 20:47:56,763 INFO mapred.Merger: Merging 1 sorted segments
[2025-02-26T20:47:56.767+0000] {subprocess.py:93} INFO - 2025-02-26 20:47:56,764 INFO mapred.Merger: Down to the last merge-pass, with 0 segments left of total size: 0 bytes
[2025-02-26T20:47:56.786+0000] {subprocess.py:93} INFO - 2025-02-26 20:47:56,784 INFO reduce.MergeManagerImpl: Merged 1 segments, 2 bytes to disk to satisfy reduce memory limit
[2025-02-26T20:47:56.789+0000] {subprocess.py:93} INFO - 2025-02-26 20:47:56,786 INFO reduce.MergeManagerImpl: Merging 1 files, 6 bytes from disk
[2025-02-26T20:47:56.800+0000] {subprocess.py:93} INFO - 2025-02-26 20:47:56,788 INFO reduce.MergeManagerImpl: Merging 0 segments, 0 bytes from memory into reduce
[2025-02-26T20:47:56.802+0000] {subprocess.py:93} INFO - 2025-02-26 20:47:56,792 INFO mapred.Merger: Merging 1 sorted segments
[2025-02-26T20:47:56.837+0000] {subprocess.py:93} INFO - 2025-02-26 20:47:56,835 INFO mapred.Merger: Down to the last merge-pass, with 0 segments left of total size: 0 bytes
[2025-02-26T20:47:56.838+0000] {subprocess.py:93} INFO - 2025-02-26 20:47:56,836 INFO mapred.LocalJobRunner: 1 / 1 copied.
[2025-02-26T20:47:56.887+0000] {subprocess.py:93} INFO - 2025-02-26 20:47:56,885 INFO streaming.PipeMapRed: PipeMapRed exec [/usr/bin/python, reducer.py]
[2025-02-26T20:47:56.911+0000] {subprocess.py:93} INFO - 2025-02-26 20:47:56,909 INFO Configuration.deprecation: mapred.job.tracker is deprecated. Instead, use mapreduce.jobtracker.address
[2025-02-26T20:47:56.916+0000] {subprocess.py:93} INFO - 2025-02-26 20:47:56,910 INFO Configuration.deprecation: mapred.map.tasks is deprecated. Instead, use mapreduce.job.maps
[2025-02-26T20:47:57.279+0000] {subprocess.py:93} INFO - 2025-02-26 20:47:57,271 INFO streaming.PipeMapRed: MRErrorThread done
[2025-02-26T20:47:57.287+0000] {subprocess.py:93} INFO - 2025-02-26 20:47:57,273 INFO streaming.PipeMapRed: mapRedFinished
[2025-02-26T20:47:57.326+0000] {subprocess.py:93} INFO - 2025-02-26 20:47:57,310 INFO mapred.Task: Task:attempt_local1367377890_0001_r_000000_0 is done. And is in the process of committing
[2025-02-26T20:47:57.376+0000] {subprocess.py:93} INFO - 2025-02-26 20:47:57,373 INFO mapred.LocalJobRunner: 1 / 1 copied.
[2025-02-26T20:47:57.377+0000] {subprocess.py:93} INFO - 2025-02-26 20:47:57,373 INFO mapred.Task: Task attempt_local1367377890_0001_r_000000_0 is allowed to commit now
[2025-02-26T20:47:57.513+0000] {subprocess.py:93} INFO - 2025-02-26 20:47:57,492 INFO output.FileOutputCommitter: Saved output of task 'attempt_local1367377890_0001_r_000000_0' to hdfs://namenode:9000/user/etudiant/crypto/processed/YYYY=2025/MM=02/DD=14
[2025-02-26T20:47:57.515+0000] {subprocess.py:93} INFO - 2025-02-26 20:47:57,509 INFO mapred.LocalJobRunner: reduce > reduce
[2025-02-26T20:47:57.526+0000] {subprocess.py:93} INFO - 2025-02-26 20:47:57,509 INFO mapred.Task: Task 'attempt_local1367377890_0001_r_000000_0' done.
[2025-02-26T20:47:57.531+0000] {subprocess.py:93} INFO - 2025-02-26 20:47:57,519 INFO mapred.Task: Final Counters for attempt_local1367377890_0001_r_000000_0: Counters: 30
[2025-02-26T20:47:57.532+0000] {subprocess.py:93} INFO - 	File System Counters
[2025-02-26T20:47:57.533+0000] {subprocess.py:93} INFO - 		FILE: Number of bytes read=180709
[2025-02-26T20:47:57.536+0000] {subprocess.py:93} INFO - 		FILE: Number of bytes written=712301
[2025-02-26T20:47:57.546+0000] {subprocess.py:93} INFO - 		FILE: Number of read operations=0
[2025-02-26T20:47:57.548+0000] {subprocess.py:93} INFO - 		FILE: Number of large read operations=0
[2025-02-26T20:47:57.566+0000] {subprocess.py:93} INFO - 		FILE: Number of write operations=0
[2025-02-26T20:47:57.567+0000] {subprocess.py:93} INFO - 		HDFS: Number of bytes read=19767
[2025-02-26T20:47:57.604+0000] {subprocess.py:93} INFO - 		HDFS: Number of bytes written=0
[2025-02-26T20:47:57.605+0000] {subprocess.py:93} INFO - 		HDFS: Number of read operations=10
[2025-02-26T20:47:57.606+0000] {subprocess.py:93} INFO - 		HDFS: Number of large read operations=0
[2025-02-26T20:47:57.607+0000] {subprocess.py:93} INFO - 		HDFS: Number of write operations=3
[2025-02-26T20:47:57.607+0000] {subprocess.py:93} INFO - 		HDFS: Number of bytes read erasure-coded=0
[2025-02-26T20:47:57.608+0000] {subprocess.py:93} INFO - 	Map-Reduce Framework
[2025-02-26T20:47:57.608+0000] {subprocess.py:93} INFO - 		Combine input records=0
[2025-02-26T20:47:57.616+0000] {subprocess.py:93} INFO - 		Combine output records=0
[2025-02-26T20:47:57.621+0000] {subprocess.py:93} INFO - 		Reduce input groups=0
[2025-02-26T20:47:57.622+0000] {subprocess.py:93} INFO - 		Reduce shuffle bytes=6
[2025-02-26T20:47:57.624+0000] {subprocess.py:93} INFO - 		Reduce input records=0
[2025-02-26T20:47:57.625+0000] {subprocess.py:93} INFO - 		Reduce output records=0
[2025-02-26T20:47:57.626+0000] {subprocess.py:93} INFO - 		Spilled Records=0
[2025-02-26T20:47:57.626+0000] {subprocess.py:93} INFO - 		Shuffled Maps =1
[2025-02-26T20:47:57.627+0000] {subprocess.py:93} INFO - 		Failed Shuffles=0
[2025-02-26T20:47:57.627+0000] {subprocess.py:93} INFO - 		Merged Map outputs=1
[2025-02-26T20:47:57.662+0000] {subprocess.py:93} INFO - 		GC time elapsed (ms)=0
[2025-02-26T20:47:57.673+0000] {subprocess.py:93} INFO - 		Total committed heap usage (bytes)=272105472
[2025-02-26T20:47:57.676+0000] {subprocess.py:93} INFO - 	Shuffle Errors
[2025-02-26T20:47:57.677+0000] {subprocess.py:93} INFO - 		BAD_ID=0
[2025-02-26T20:47:57.689+0000] {subprocess.py:93} INFO - 		CONNECTION=0
[2025-02-26T20:47:57.706+0000] {subprocess.py:93} INFO - 		IO_ERROR=0
[2025-02-26T20:47:57.722+0000] {subprocess.py:93} INFO - 		WRONG_LENGTH=0
[2025-02-26T20:47:57.729+0000] {subprocess.py:93} INFO - 		WRONG_MAP=0
[2025-02-26T20:47:57.739+0000] {subprocess.py:93} INFO - 		WRONG_REDUCE=0
[2025-02-26T20:47:57.740+0000] {subprocess.py:93} INFO - 	File Output Format Counters
[2025-02-26T20:47:57.740+0000] {subprocess.py:93} INFO - 		Bytes Written=0
[2025-02-26T20:47:57.741+0000] {subprocess.py:93} INFO - 2025-02-26 20:47:57,530 INFO mapred.LocalJobRunner: Finishing task: attempt_local1367377890_0001_r_000000_0
[2025-02-26T20:47:57.741+0000] {subprocess.py:93} INFO - 2025-02-26 20:47:57,532 INFO mapred.LocalJobRunner: reduce task executor complete.
[2025-02-26T20:47:58.052+0000] {subprocess.py:93} INFO - 2025-02-26 20:47:58,038 INFO mapreduce.Job:  map 100% reduce 100%
[2025-02-26T20:47:58.054+0000] {subprocess.py:93} INFO - 2025-02-26 20:47:58,043 INFO mapreduce.Job: Job job_local1367377890_0001 completed successfully
[2025-02-26T20:47:58.183+0000] {subprocess.py:93} INFO - 2025-02-26 20:47:58,157 INFO mapreduce.Job: Counters: 36
[2025-02-26T20:47:58.189+0000] {subprocess.py:93} INFO - 	File System Counters
[2025-02-26T20:47:58.196+0000] {subprocess.py:93} INFO - 		FILE: Number of bytes read=361374
[2025-02-26T20:47:58.197+0000] {subprocess.py:93} INFO - 		FILE: Number of bytes written=1424596
[2025-02-26T20:47:58.197+0000] {subprocess.py:93} INFO - 		FILE: Number of read operations=0
[2025-02-26T20:47:58.198+0000] {subprocess.py:93} INFO - 		FILE: Number of large read operations=0
[2025-02-26T20:47:58.198+0000] {subprocess.py:93} INFO - 		FILE: Number of write operations=0
[2025-02-26T20:47:58.199+0000] {subprocess.py:93} INFO - 		HDFS: Number of bytes read=39534
[2025-02-26T20:47:58.199+0000] {subprocess.py:93} INFO - 		HDFS: Number of bytes written=0
[2025-02-26T20:47:58.200+0000] {subprocess.py:93} INFO - 		HDFS: Number of read operations=15
[2025-02-26T20:47:58.200+0000] {subprocess.py:93} INFO - 		HDFS: Number of large read operations=0
[2025-02-26T20:47:58.201+0000] {subprocess.py:93} INFO - 		HDFS: Number of write operations=4
[2025-02-26T20:47:58.201+0000] {subprocess.py:93} INFO - 		HDFS: Number of bytes read erasure-coded=0
[2025-02-26T20:47:58.202+0000] {subprocess.py:93} INFO - 	Map-Reduce Framework
[2025-02-26T20:47:58.202+0000] {subprocess.py:93} INFO - 		Map input records=677
[2025-02-26T20:47:58.209+0000] {subprocess.py:93} INFO - 		Map output records=0
[2025-02-26T20:47:58.214+0000] {subprocess.py:93} INFO - 		Map output bytes=0
[2025-02-26T20:47:58.216+0000] {subprocess.py:93} INFO - 		Map output materialized bytes=6
[2025-02-26T20:47:58.217+0000] {subprocess.py:93} INFO - 		Input split bytes=137
[2025-02-26T20:47:58.218+0000] {subprocess.py:93} INFO - 		Combine input records=0
[2025-02-26T20:47:58.218+0000] {subprocess.py:93} INFO - 		Combine output records=0
[2025-02-26T20:47:58.219+0000] {subprocess.py:93} INFO - 		Reduce input groups=0
[2025-02-26T20:47:58.219+0000] {subprocess.py:93} INFO - 		Reduce shuffle bytes=6
[2025-02-26T20:47:58.220+0000] {subprocess.py:93} INFO - 		Reduce input records=0
[2025-02-26T20:47:58.220+0000] {subprocess.py:93} INFO - 		Reduce output records=0
[2025-02-26T20:47:58.221+0000] {subprocess.py:93} INFO - 		Spilled Records=0
[2025-02-26T20:47:58.221+0000] {subprocess.py:93} INFO - 		Shuffled Maps =1
[2025-02-26T20:47:58.222+0000] {subprocess.py:93} INFO - 		Failed Shuffles=0
[2025-02-26T20:47:58.251+0000] {subprocess.py:93} INFO - 		Merged Map outputs=1
[2025-02-26T20:47:58.252+0000] {subprocess.py:93} INFO - 		GC time elapsed (ms)=57
[2025-02-26T20:47:58.252+0000] {subprocess.py:93} INFO - 		Total committed heap usage (bytes)=544210944
[2025-02-26T20:47:58.253+0000] {subprocess.py:93} INFO - 	Shuffle Errors
[2025-02-26T20:47:58.253+0000] {subprocess.py:93} INFO - 		BAD_ID=0
[2025-02-26T20:47:58.259+0000] {subprocess.py:93} INFO - 		CONNECTION=0
[2025-02-26T20:47:58.262+0000] {subprocess.py:93} INFO - 		IO_ERROR=0
[2025-02-26T20:47:58.265+0000] {subprocess.py:93} INFO - 		WRONG_LENGTH=0
[2025-02-26T20:47:58.268+0000] {subprocess.py:93} INFO - 		WRONG_MAP=0
[2025-02-26T20:47:58.271+0000] {subprocess.py:93} INFO - 		WRONG_REDUCE=0
[2025-02-26T20:47:58.273+0000] {subprocess.py:93} INFO - 	File Input Format Counters
[2025-02-26T20:47:58.275+0000] {subprocess.py:93} INFO - 		Bytes Read=19767
[2025-02-26T20:47:58.278+0000] {subprocess.py:93} INFO - 	File Output Format Counters
[2025-02-26T20:47:58.279+0000] {subprocess.py:93} INFO - 		Bytes Written=0
[2025-02-26T20:47:58.288+0000] {subprocess.py:93} INFO - 2025-02-26 20:47:58,199 INFO streaming.StreamJob: Output directory: hdfs:///user/etudiant/crypto/processed/YYYY=2025/MM=02/DD=14
[2025-02-26T20:47:59.157+0000] {subprocess.py:97} INFO - Command exited with return code 0
[2025-02-26T20:47:59.303+0000] {taskinstance.py:1400} INFO - Marking task as SUCCESS. dag_id=yfinance_ingestion_dag, task_id=run_mapreduce, execution_date=20250214T000000, start_date=20250226T204719, end_date=20250226T204759
[2025-02-26T20:48:00.470+0000] {local_task_job_runner.py:228} INFO - Task exited with return code 0
[2025-02-26T20:48:00.543+0000] {taskinstance.py:2784} INFO - 0 downstream tasks scheduled from follow-on schedule check
