[2025-02-26T20:46:46.818+0000] {taskinstance.py:1159} INFO - Dependencies all met for dep_context=non-requeueable deps ti=<TaskInstance: yfinance_ingestion_dag.run_mapreduce scheduled__2025-02-13T00:00:00+00:00 [queued]>
[2025-02-26T20:46:46.868+0000] {taskinstance.py:1159} INFO - Dependencies all met for dep_context=requeueable deps ti=<TaskInstance: yfinance_ingestion_dag.run_mapreduce scheduled__2025-02-13T00:00:00+00:00 [queued]>
[2025-02-26T20:46:46.876+0000] {taskinstance.py:1361} INFO - Starting attempt 1 of 2
[2025-02-26T20:46:46.927+0000] {taskinstance.py:1382} INFO - Executing <Task(BashOperator): run_mapreduce> on 2025-02-13 00:00:00+00:00
[2025-02-26T20:46:46.961+0000] {standard_task_runner.py:57} INFO - Started process 3060 to run task
[2025-02-26T20:46:46.980+0000] {standard_task_runner.py:84} INFO - Running: ['***', 'tasks', 'run', 'yfinance_ingestion_dag', 'run_mapreduce', 'scheduled__2025-02-13T00:00:00+00:00', '--job-id', '424', '--raw', '--subdir', 'DAGS_FOLDER/pipeline.py', '--cfg-path', '/tmp/tmpa5vwyc9w']
[2025-02-26T20:46:47.002+0000] {standard_task_runner.py:85} INFO - Job 424: Subtask run_mapreduce
[2025-02-26T20:46:47.210+0000] {task_command.py:415} INFO - Running <TaskInstance: yfinance_ingestion_dag.run_mapreduce scheduled__2025-02-13T00:00:00+00:00 [running]> on host 3c0faf52b292
[2025-02-26T20:46:47.567+0000] {taskinstance.py:1660} INFO - Exporting env vars: AIRFLOW_CTX_DAG_OWNER='etudiant' AIRFLOW_CTX_DAG_ID='yfinance_ingestion_dag' AIRFLOW_CTX_TASK_ID='run_mapreduce' AIRFLOW_CTX_EXECUTION_DATE='2025-02-13T00:00:00+00:00' AIRFLOW_CTX_TRY_NUMBER='1' AIRFLOW_CTX_DAG_RUN_ID='scheduled__2025-02-13T00:00:00+00:00'
[2025-02-26T20:46:47.570+0000] {subprocess.py:63} INFO - Tmp dir root location: /tmp
[2025-02-26T20:46:47.576+0000] {subprocess.py:75} INFO - Running command: ['/bin/bash', '-c', '\n        docker exec -i -u root namenode bash -c \'         cd /tmp &&         cp /mnt/hadoop_data/mapreduce/mapper.py . &&         cp /mnt/hadoop_data/mapreduce/reducer.py . &&         chmod +x mapper.py reducer.py &&         hdfs dfs -rm -r hdfs:///user/etudiant/crypto/processed/YYYY=2025/MM=02/DD=13 || true &&         hadoop jar /opt/hadoop-3.2.1/share/hadoop/tools/lib/hadoop-streaming-3.2.1.jar         -files mapper.py,reducer.py         -mapper "python mapper.py"         -reducer "python reducer.py"         -input hdfs:///user/etudiant/crypto/raw/YYYY=2025/MM=02/DD=13/yfinance_raw.json         -output hdfs:///user/etudiant/crypto/processed/YYYY=2025/MM=02/DD=13\'\n        ']
[2025-02-26T20:46:47.636+0000] {subprocess.py:86} INFO - Output:
[2025-02-26T20:47:01.897+0000] {subprocess.py:93} INFO - rm: `hdfs:///user/etudiant/crypto/processed/YYYY=2025/MM=02/DD=13': No such file or directory
[2025-02-26T20:47:17.079+0000] {subprocess.py:93} INFO - 2025-02-26 20:47:17,061 INFO impl.MetricsConfig: Loaded properties from hadoop-metrics2.properties
[2025-02-26T20:47:17.248+0000] {subprocess.py:93} INFO - 2025-02-26 20:47:17,246 INFO impl.MetricsSystemImpl: Scheduled Metric snapshot period at 10 second(s).
[2025-02-26T20:47:17.249+0000] {subprocess.py:93} INFO - 2025-02-26 20:47:17,246 INFO impl.MetricsSystemImpl: JobTracker metrics system started
[2025-02-26T20:47:17.393+0000] {subprocess.py:93} INFO - 2025-02-26 20:47:17,385 WARN impl.MetricsSystemImpl: JobTracker metrics system already initialized!
[2025-02-26T20:47:18.923+0000] {subprocess.py:93} INFO - 2025-02-26 20:47:18,921 INFO mapred.FileInputFormat: Total input files to process : 1
[2025-02-26T20:47:19.015+0000] {subprocess.py:93} INFO - 2025-02-26 20:47:19,014 INFO mapreduce.JobSubmitter: number of splits:1
[2025-02-26T20:47:19.749+0000] {subprocess.py:93} INFO - 2025-02-26 20:47:19,723 INFO mapreduce.JobSubmitter: Submitting tokens for job: job_local2133378790_0001
[2025-02-26T20:47:19.751+0000] {subprocess.py:93} INFO - 2025-02-26 20:47:19,730 INFO mapreduce.JobSubmitter: Executing with tokens: []
[2025-02-26T20:47:21.637+0000] {subprocess.py:93} INFO - 2025-02-26 20:47:21,524 INFO mapred.LocalDistributedCacheManager: Localized file:/tmp/mapper.py as file:/tmp/hadoop-root/mapred/local/job_local2133378790_0001_09289dd9-83b3-4a57-9ed0-afec1a9aa596/mapper.py
[2025-02-26T20:47:21.720+0000] {subprocess.py:93} INFO - 2025-02-26 20:47:21,675 INFO mapred.LocalDistributedCacheManager: Localized file:/tmp/reducer.py as file:/tmp/hadoop-root/mapred/local/job_local2133378790_0001_9a5cb64c-9281-4ae5-8ce1-1d8a809a37eb/reducer.py
[2025-02-26T20:47:22.122+0000] {subprocess.py:93} INFO - 2025-02-26 20:47:22,117 INFO mapreduce.Job: The url to track the job: http://localhost:8080/
[2025-02-26T20:47:22.150+0000] {subprocess.py:93} INFO - 2025-02-26 20:47:22,137 INFO mapreduce.Job: Running job: job_local2133378790_0001
[2025-02-26T20:47:22.166+0000] {subprocess.py:93} INFO - 2025-02-26 20:47:22,144 INFO mapred.LocalJobRunner: OutputCommitter set in config null
[2025-02-26T20:47:22.204+0000] {subprocess.py:93} INFO - 2025-02-26 20:47:22,197 INFO mapred.LocalJobRunner: OutputCommitter is org.apache.hadoop.mapred.FileOutputCommitter
[2025-02-26T20:47:22.222+0000] {subprocess.py:93} INFO - 2025-02-26 20:47:22,221 INFO output.FileOutputCommitter: File Output Committer Algorithm version is 2
[2025-02-26T20:47:22.224+0000] {subprocess.py:93} INFO - 2025-02-26 20:47:22,221 INFO output.FileOutputCommitter: FileOutputCommitter skip cleanup _temporary folders under output directory:false, ignore cleanup failures: false
[2025-02-26T20:47:22.667+0000] {subprocess.py:93} INFO - 2025-02-26 20:47:22,646 INFO mapred.LocalJobRunner: Waiting for map tasks
[2025-02-26T20:47:22.797+0000] {subprocess.py:93} INFO - 2025-02-26 20:47:22,788 INFO mapred.LocalJobRunner: Starting task: attempt_local2133378790_0001_m_000000_0
[2025-02-26T20:47:23.040+0000] {subprocess.py:93} INFO - 2025-02-26 20:47:23,036 INFO output.FileOutputCommitter: File Output Committer Algorithm version is 2
[2025-02-26T20:47:23.054+0000] {subprocess.py:93} INFO - 2025-02-26 20:47:23,037 INFO output.FileOutputCommitter: FileOutputCommitter skip cleanup _temporary folders under output directory:false, ignore cleanup failures: false
[2025-02-26T20:47:23.141+0000] {subprocess.py:93} INFO - 2025-02-26 20:47:23,128 INFO mapred.Task:  Using ResourceCalculatorProcessTree : [ ]
[2025-02-26T20:47:23.175+0000] {subprocess.py:93} INFO - 2025-02-26 20:47:23,162 INFO mapred.MapTask: Processing split: hdfs://namenode:9000/user/etudiant/crypto/raw/YYYY=2025/MM=02/DD=13/yfinance_raw.json:0+19767
[2025-02-26T20:47:23.207+0000] {subprocess.py:93} INFO - 2025-02-26 20:47:23,192 INFO mapreduce.Job: Job job_local2133378790_0001 running in uber mode : false
[2025-02-26T20:47:23.226+0000] {subprocess.py:93} INFO - 2025-02-26 20:47:23,194 INFO mapreduce.Job:  map 0% reduce 0%
[2025-02-26T20:47:23.244+0000] {subprocess.py:93} INFO - 2025-02-26 20:47:23,237 INFO mapred.MapTask: numReduceTasks: 1
[2025-02-26T20:47:23.288+0000] {subprocess.py:93} INFO - 2025-02-26 20:47:23,284 INFO mapred.MapTask: (EQUATOR) 0 kvi 26214396(104857584)
[2025-02-26T20:47:23.291+0000] {subprocess.py:93} INFO - 2025-02-26 20:47:23,285 INFO mapred.MapTask: mapreduce.task.io.sort.mb: 100
[2025-02-26T20:47:23.293+0000] {subprocess.py:93} INFO - 2025-02-26 20:47:23,285 INFO mapred.MapTask: soft limit at 83886080
[2025-02-26T20:47:23.297+0000] {subprocess.py:93} INFO - 2025-02-26 20:47:23,286 INFO mapred.MapTask: bufstart = 0; bufvoid = 104857600
[2025-02-26T20:47:23.298+0000] {subprocess.py:93} INFO - 2025-02-26 20:47:23,287 INFO mapred.MapTask: kvstart = 26214396; length = 6553600
[2025-02-26T20:47:23.310+0000] {subprocess.py:93} INFO - 2025-02-26 20:47:23,304 INFO mapred.MapTask: Map output collector class = org.apache.hadoop.mapred.MapTask$MapOutputBuffer
[2025-02-26T20:47:23.426+0000] {subprocess.py:93} INFO - 2025-02-26 20:47:23,415 INFO streaming.PipeMapRed: PipeMapRed exec [/usr/bin/python, mapper.py]
[2025-02-26T20:47:23.476+0000] {subprocess.py:93} INFO - 2025-02-26 20:47:23,472 INFO Configuration.deprecation: mapred.work.output.dir is deprecated. Instead, use mapreduce.task.output.dir
[2025-02-26T20:47:23.479+0000] {subprocess.py:93} INFO - 2025-02-26 20:47:23,476 INFO Configuration.deprecation: map.input.start is deprecated. Instead, use mapreduce.map.input.start
[2025-02-26T20:47:23.494+0000] {subprocess.py:93} INFO - 2025-02-26 20:47:23,491 INFO Configuration.deprecation: mapred.task.is.map is deprecated. Instead, use mapreduce.task.ismap
[2025-02-26T20:47:23.504+0000] {subprocess.py:93} INFO - 2025-02-26 20:47:23,493 INFO Configuration.deprecation: mapred.task.id is deprecated. Instead, use mapreduce.task.attempt.id
[2025-02-26T20:47:23.518+0000] {subprocess.py:93} INFO - 2025-02-26 20:47:23,516 INFO Configuration.deprecation: mapred.tip.id is deprecated. Instead, use mapreduce.task.id
[2025-02-26T20:47:23.520+0000] {subprocess.py:93} INFO - 2025-02-26 20:47:23,517 INFO Configuration.deprecation: mapred.local.dir is deprecated. Instead, use mapreduce.cluster.local.dir
[2025-02-26T20:47:23.529+0000] {subprocess.py:93} INFO - 2025-02-26 20:47:23,518 INFO Configuration.deprecation: map.input.file is deprecated. Instead, use mapreduce.map.input.file
[2025-02-26T20:47:23.536+0000] {subprocess.py:93} INFO - 2025-02-26 20:47:23,519 INFO Configuration.deprecation: mapred.skip.on is deprecated. Instead, use mapreduce.job.skiprecords
[2025-02-26T20:47:23.537+0000] {subprocess.py:93} INFO - 2025-02-26 20:47:23,521 INFO Configuration.deprecation: map.input.length is deprecated. Instead, use mapreduce.map.input.length
[2025-02-26T20:47:23.552+0000] {subprocess.py:93} INFO - 2025-02-26 20:47:23,540 INFO Configuration.deprecation: mapred.job.id is deprecated. Instead, use mapreduce.job.id
[2025-02-26T20:47:23.553+0000] {subprocess.py:93} INFO - 2025-02-26 20:47:23,546 INFO Configuration.deprecation: user.name is deprecated. Instead, use mapreduce.job.user.name
[2025-02-26T20:47:23.560+0000] {subprocess.py:93} INFO - 2025-02-26 20:47:23,547 INFO Configuration.deprecation: mapred.task.partition is deprecated. Instead, use mapreduce.task.partition
[2025-02-26T20:47:23.664+0000] {subprocess.py:93} INFO - 2025-02-26 20:47:23,662 INFO sasl.SaslDataTransferClient: SASL encryption trust check: localHostTrusted = false, remoteHostTrusted = false
[2025-02-26T20:47:23.843+0000] {subprocess.py:93} INFO - 2025-02-26 20:47:23,842 INFO streaming.PipeMapRed: R/W/S=1/0/0 in:NA [rec/s] out:NA [rec/s]
[2025-02-26T20:47:23.845+0000] {subprocess.py:93} INFO - 2025-02-26 20:47:23,843 INFO streaming.PipeMapRed: R/W/S=10/0/0 in:NA [rec/s] out:NA [rec/s]
[2025-02-26T20:47:23.854+0000] {subprocess.py:93} INFO - 2025-02-26 20:47:23,852 INFO streaming.PipeMapRed: R/W/S=100/0/0 in:NA [rec/s] out:NA [rec/s]
[2025-02-26T20:47:23.908+0000] {subprocess.py:93} INFO - 2025-02-26 20:47:23,906 INFO streaming.PipeMapRed: MRErrorThread done
[2025-02-26T20:47:23.931+0000] {subprocess.py:93} INFO - 2025-02-26 20:47:23,919 INFO streaming.PipeMapRed: mapRedFinished
[2025-02-26T20:47:23.945+0000] {subprocess.py:93} INFO - 2025-02-26 20:47:23,924 INFO mapred.LocalJobRunner:
[2025-02-26T20:47:23.974+0000] {subprocess.py:93} INFO - 2025-02-26 20:47:23,954 INFO mapred.MapTask: Starting flush of map output
[2025-02-26T20:47:24.064+0000] {subprocess.py:93} INFO - 2025-02-26 20:47:24,062 INFO mapred.Task: Task:attempt_local2133378790_0001_m_000000_0 is done. And is in the process of committing
[2025-02-26T20:47:24.114+0000] {subprocess.py:93} INFO - 2025-02-26 20:47:24,112 INFO mapred.LocalJobRunner: hdfs://namenode:9000/user/etudiant/crypto/raw/YYYY=2025/MM=02/DD=13/yfinance_raw.json:0+19767
[2025-02-26T20:47:24.126+0000] {subprocess.py:93} INFO - 2025-02-26 20:47:24,123 INFO mapred.Task: Task 'attempt_local2133378790_0001_m_000000_0' done.
[2025-02-26T20:47:24.161+0000] {subprocess.py:93} INFO - 2025-02-26 20:47:24,158 INFO mapred.Task: Final Counters for attempt_local2133378790_0001_m_000000_0: Counters: 23
[2025-02-26T20:47:24.162+0000] {subprocess.py:93} INFO - 	File System Counters
[2025-02-26T20:47:24.163+0000] {subprocess.py:93} INFO - 		FILE: Number of bytes read=180665
[2025-02-26T20:47:24.163+0000] {subprocess.py:93} INFO - 		FILE: Number of bytes written=712295
[2025-02-26T20:47:24.164+0000] {subprocess.py:93} INFO - 		FILE: Number of read operations=0
[2025-02-26T20:47:24.164+0000] {subprocess.py:93} INFO - 		FILE: Number of large read operations=0
[2025-02-26T20:47:24.165+0000] {subprocess.py:93} INFO - 		FILE: Number of write operations=0
[2025-02-26T20:47:24.166+0000] {subprocess.py:93} INFO - 		HDFS: Number of bytes read=19767
[2025-02-26T20:47:24.166+0000] {subprocess.py:93} INFO - 		HDFS: Number of bytes written=0
[2025-02-26T20:47:24.167+0000] {subprocess.py:93} INFO - 		HDFS: Number of read operations=5
[2025-02-26T20:47:24.167+0000] {subprocess.py:93} INFO - 		HDFS: Number of large read operations=0
[2025-02-26T20:47:24.168+0000] {subprocess.py:93} INFO - 		HDFS: Number of write operations=1
[2025-02-26T20:47:24.168+0000] {subprocess.py:93} INFO - 		HDFS: Number of bytes read erasure-coded=0
[2025-02-26T20:47:24.169+0000] {subprocess.py:93} INFO - 	Map-Reduce Framework
[2025-02-26T20:47:24.169+0000] {subprocess.py:93} INFO - 		Map input records=677
[2025-02-26T20:47:24.170+0000] {subprocess.py:93} INFO - 		Map output records=0
[2025-02-26T20:47:24.170+0000] {subprocess.py:93} INFO - 		Map output bytes=0
[2025-02-26T20:47:24.171+0000] {subprocess.py:93} INFO - 		Map output materialized bytes=6
[2025-02-26T20:47:24.171+0000] {subprocess.py:93} INFO - 		Input split bytes=137
[2025-02-26T20:47:24.172+0000] {subprocess.py:93} INFO - 		Combine input records=0
[2025-02-26T20:47:24.172+0000] {subprocess.py:93} INFO - 		Spilled Records=0
[2025-02-26T20:47:24.173+0000] {subprocess.py:93} INFO - 		Failed Shuffles=0
[2025-02-26T20:47:24.175+0000] {subprocess.py:93} INFO - 		Merged Map outputs=0
[2025-02-26T20:47:24.176+0000] {subprocess.py:93} INFO - 		GC time elapsed (ms)=0
[2025-02-26T20:47:24.176+0000] {subprocess.py:93} INFO - 		Total committed heap usage (bytes)=237502464
[2025-02-26T20:47:24.177+0000] {subprocess.py:93} INFO - 	File Input Format Counters
[2025-02-26T20:47:24.177+0000] {subprocess.py:93} INFO - 		Bytes Read=19767
[2025-02-26T20:47:24.178+0000] {subprocess.py:93} INFO - 2025-02-26 20:47:24,163 INFO mapred.LocalJobRunner: Finishing task: attempt_local2133378790_0001_m_000000_0
[2025-02-26T20:47:24.179+0000] {subprocess.py:93} INFO - 2025-02-26 20:47:24,164 INFO mapred.LocalJobRunner: map task executor complete.
[2025-02-26T20:47:24.179+0000] {subprocess.py:93} INFO - 2025-02-26 20:47:24,172 INFO mapred.LocalJobRunner: Waiting for reduce tasks
[2025-02-26T20:47:24.180+0000] {subprocess.py:93} INFO - 2025-02-26 20:47:24,173 INFO mapred.LocalJobRunner: Starting task: attempt_local2133378790_0001_r_000000_0
[2025-02-26T20:47:24.202+0000] {subprocess.py:93} INFO - 2025-02-26 20:47:24,200 INFO output.FileOutputCommitter: File Output Committer Algorithm version is 2
[2025-02-26T20:47:24.203+0000] {subprocess.py:93} INFO - 2025-02-26 20:47:24,200 INFO output.FileOutputCommitter: FileOutputCommitter skip cleanup _temporary folders under output directory:false, ignore cleanup failures: false
[2025-02-26T20:47:24.211+0000] {subprocess.py:93} INFO - 2025-02-26 20:47:24,201 INFO mapred.Task:  Using ResourceCalculatorProcessTree : [ ]
[2025-02-26T20:47:24.222+0000] {subprocess.py:93} INFO - 2025-02-26 20:47:24,217 INFO mapred.ReduceTask: Using ShuffleConsumerPlugin: org.apache.hadoop.mapreduce.task.reduce.Shuffle@1d008237
[2025-02-26T20:47:24.227+0000] {subprocess.py:93} INFO - 2025-02-26 20:47:24,226 WARN impl.MetricsSystemImpl: JobTracker metrics system already initialized!
[2025-02-26T20:47:24.249+0000] {subprocess.py:93} INFO - 2025-02-26 20:47:24,247 INFO mapreduce.Job:  map 100% reduce 0%
[2025-02-26T20:47:24.328+0000] {subprocess.py:93} INFO - 2025-02-26 20:47:24,311 INFO reduce.MergeManagerImpl: MergerManager: memoryLimit=668309888, maxSingleShuffleLimit=167077472, mergeThreshold=441084544, ioSortFactor=10, memToMemMergeOutputsThreshold=10
[2025-02-26T20:47:24.342+0000] {subprocess.py:93} INFO - 2025-02-26 20:47:24,338 INFO reduce.EventFetcher: attempt_local2133378790_0001_r_000000_0 Thread started: EventFetcher for fetching Map Completion Events
[2025-02-26T20:47:24.490+0000] {subprocess.py:93} INFO - 2025-02-26 20:47:24,487 INFO reduce.LocalFetcher: localfetcher#1 about to shuffle output of map attempt_local2133378790_0001_m_000000_0 decomp: 2 len: 6 to MEMORY
[2025-02-26T20:47:24.550+0000] {subprocess.py:93} INFO - 2025-02-26 20:47:24,537 INFO reduce.InMemoryMapOutput: Read 2 bytes from map-output for attempt_local2133378790_0001_m_000000_0
[2025-02-26T20:47:24.569+0000] {subprocess.py:93} INFO - 2025-02-26 20:47:24,542 INFO reduce.MergeManagerImpl: closeInMemoryFile -> map-output of size: 2, inMemoryMapOutputs.size() -> 1, commitMemory -> 0, usedMemory ->2
[2025-02-26T20:47:24.691+0000] {subprocess.py:93} INFO - 2025-02-26 20:47:24,552 INFO reduce.EventFetcher: EventFetcher is interrupted.. Returning
[2025-02-26T20:47:24.705+0000] {subprocess.py:93} INFO - 2025-02-26 20:47:24,606 INFO mapred.LocalJobRunner: 1 / 1 copied.
[2025-02-26T20:47:24.712+0000] {subprocess.py:93} INFO - 2025-02-26 20:47:24,606 INFO reduce.MergeManagerImpl: finalMerge called with 1 in-memory map-outputs and 0 on-disk map-outputs
[2025-02-26T20:47:24.720+0000] {subprocess.py:93} INFO - 2025-02-26 20:47:24,688 INFO mapred.Merger: Merging 1 sorted segments
[2025-02-26T20:47:24.749+0000] {subprocess.py:93} INFO - 2025-02-26 20:47:24,698 INFO mapred.Merger: Down to the last merge-pass, with 0 segments left of total size: 0 bytes
[2025-02-26T20:47:24.763+0000] {subprocess.py:93} INFO - 2025-02-26 20:47:24,699 INFO reduce.MergeManagerImpl: Merged 1 segments, 2 bytes to disk to satisfy reduce memory limit
[2025-02-26T20:47:24.776+0000] {subprocess.py:93} INFO - 2025-02-26 20:47:24,700 INFO reduce.MergeManagerImpl: Merging 1 files, 6 bytes from disk
[2025-02-26T20:47:24.778+0000] {subprocess.py:93} INFO - 2025-02-26 20:47:24,705 INFO reduce.MergeManagerImpl: Merging 0 segments, 0 bytes from memory into reduce
[2025-02-26T20:47:24.779+0000] {subprocess.py:93} INFO - 2025-02-26 20:47:24,705 INFO mapred.Merger: Merging 1 sorted segments
[2025-02-26T20:47:24.784+0000] {subprocess.py:93} INFO - 2025-02-26 20:47:24,716 INFO mapred.Merger: Down to the last merge-pass, with 0 segments left of total size: 0 bytes
[2025-02-26T20:47:24.785+0000] {subprocess.py:93} INFO - 2025-02-26 20:47:24,744 INFO mapred.LocalJobRunner: 1 / 1 copied.
[2025-02-26T20:47:24.860+0000] {subprocess.py:93} INFO - 2025-02-26 20:47:24,844 INFO streaming.PipeMapRed: PipeMapRed exec [/usr/bin/python, reducer.py]
[2025-02-26T20:47:24.862+0000] {subprocess.py:93} INFO - 2025-02-26 20:47:24,847 INFO Configuration.deprecation: mapred.job.tracker is deprecated. Instead, use mapreduce.jobtracker.address
[2025-02-26T20:47:24.894+0000] {subprocess.py:93} INFO - 2025-02-26 20:47:24,879 INFO Configuration.deprecation: mapred.map.tasks is deprecated. Instead, use mapreduce.job.maps
[2025-02-26T20:47:25.204+0000] {subprocess.py:93} INFO - 2025-02-26 20:47:25,195 INFO streaming.PipeMapRed: MRErrorThread done
[2025-02-26T20:47:25.218+0000] {subprocess.py:93} INFO - 2025-02-26 20:47:25,216 INFO streaming.PipeMapRed: mapRedFinished
[2025-02-26T20:47:25.269+0000] {subprocess.py:93} INFO - 2025-02-26 20:47:25,267 INFO mapred.Task: Task:attempt_local2133378790_0001_r_000000_0 is done. And is in the process of committing
[2025-02-26T20:47:25.283+0000] {subprocess.py:93} INFO - 2025-02-26 20:47:25,279 INFO mapred.LocalJobRunner: 1 / 1 copied.
[2025-02-26T20:47:25.287+0000] {subprocess.py:93} INFO - 2025-02-26 20:47:25,281 INFO mapred.Task: Task attempt_local2133378790_0001_r_000000_0 is allowed to commit now
[2025-02-26T20:47:25.446+0000] {subprocess.py:93} INFO - 2025-02-26 20:47:25,444 INFO output.FileOutputCommitter: Saved output of task 'attempt_local2133378790_0001_r_000000_0' to hdfs://namenode:9000/user/etudiant/crypto/processed/YYYY=2025/MM=02/DD=13
[2025-02-26T20:47:25.448+0000] {subprocess.py:93} INFO - 2025-02-26 20:47:25,446 INFO mapred.LocalJobRunner: reduce > reduce
[2025-02-26T20:47:25.451+0000] {subprocess.py:93} INFO - 2025-02-26 20:47:25,449 INFO mapred.Task: Task 'attempt_local2133378790_0001_r_000000_0' done.
[2025-02-26T20:47:25.458+0000] {subprocess.py:93} INFO - 2025-02-26 20:47:25,452 INFO mapred.Task: Final Counters for attempt_local2133378790_0001_r_000000_0: Counters: 30
[2025-02-26T20:47:25.459+0000] {subprocess.py:93} INFO - 	File System Counters
[2025-02-26T20:47:25.460+0000] {subprocess.py:93} INFO - 		FILE: Number of bytes read=180709
[2025-02-26T20:47:25.460+0000] {subprocess.py:93} INFO - 		FILE: Number of bytes written=712301
[2025-02-26T20:47:25.460+0000] {subprocess.py:93} INFO - 		FILE: Number of read operations=0
[2025-02-26T20:47:25.461+0000] {subprocess.py:93} INFO - 		FILE: Number of large read operations=0
[2025-02-26T20:47:25.461+0000] {subprocess.py:93} INFO - 		FILE: Number of write operations=0
[2025-02-26T20:47:25.462+0000] {subprocess.py:93} INFO - 		HDFS: Number of bytes read=19767
[2025-02-26T20:47:25.462+0000] {subprocess.py:93} INFO - 		HDFS: Number of bytes written=0
[2025-02-26T20:47:25.463+0000] {subprocess.py:93} INFO - 		HDFS: Number of read operations=10
[2025-02-26T20:47:25.463+0000] {subprocess.py:93} INFO - 		HDFS: Number of large read operations=0
[2025-02-26T20:47:25.464+0000] {subprocess.py:93} INFO - 		HDFS: Number of write operations=3
[2025-02-26T20:47:25.464+0000] {subprocess.py:93} INFO - 		HDFS: Number of bytes read erasure-coded=0
[2025-02-26T20:47:25.465+0000] {subprocess.py:93} INFO - 	Map-Reduce Framework
[2025-02-26T20:47:25.465+0000] {subprocess.py:93} INFO - 		Combine input records=0
[2025-02-26T20:47:25.466+0000] {subprocess.py:93} INFO - 		Combine output records=0
[2025-02-26T20:47:25.468+0000] {subprocess.py:93} INFO - 		Reduce input groups=0
[2025-02-26T20:47:25.469+0000] {subprocess.py:93} INFO - 		Reduce shuffle bytes=6
[2025-02-26T20:47:25.471+0000] {subprocess.py:93} INFO - 		Reduce input records=0
[2025-02-26T20:47:25.471+0000] {subprocess.py:93} INFO - 		Reduce output records=0
[2025-02-26T20:47:25.472+0000] {subprocess.py:93} INFO - 		Spilled Records=0
[2025-02-26T20:47:25.472+0000] {subprocess.py:93} INFO - 		Shuffled Maps =1
[2025-02-26T20:47:25.473+0000] {subprocess.py:93} INFO - 		Failed Shuffles=0
[2025-02-26T20:47:25.473+0000] {subprocess.py:93} INFO - 		Merged Map outputs=1
[2025-02-26T20:47:25.474+0000] {subprocess.py:93} INFO - 		GC time elapsed (ms)=0
[2025-02-26T20:47:25.474+0000] {subprocess.py:93} INFO - 		Total committed heap usage (bytes)=237502464
[2025-02-26T20:47:25.477+0000] {subprocess.py:93} INFO - 	Shuffle Errors
[2025-02-26T20:47:25.478+0000] {subprocess.py:93} INFO - 		BAD_ID=0
[2025-02-26T20:47:25.479+0000] {subprocess.py:93} INFO - 		CONNECTION=0
[2025-02-26T20:47:25.479+0000] {subprocess.py:93} INFO - 		IO_ERROR=0
[2025-02-26T20:47:25.480+0000] {subprocess.py:93} INFO - 		WRONG_LENGTH=0
[2025-02-26T20:47:25.480+0000] {subprocess.py:93} INFO - 		WRONG_MAP=0
[2025-02-26T20:47:25.481+0000] {subprocess.py:93} INFO - 		WRONG_REDUCE=0
[2025-02-26T20:47:25.481+0000] {subprocess.py:93} INFO - 	File Output Format Counters
[2025-02-26T20:47:25.482+0000] {subprocess.py:93} INFO - 		Bytes Written=0
[2025-02-26T20:47:25.482+0000] {subprocess.py:93} INFO - 2025-02-26 20:47:25,465 INFO mapred.LocalJobRunner: Finishing task: attempt_local2133378790_0001_r_000000_0
[2025-02-26T20:47:25.483+0000] {subprocess.py:93} INFO - 2025-02-26 20:47:25,467 INFO mapred.LocalJobRunner: reduce task executor complete.
[2025-02-26T20:47:26.253+0000] {subprocess.py:93} INFO - 2025-02-26 20:47:26,252 INFO mapreduce.Job:  map 100% reduce 100%
[2025-02-26T20:47:26.310+0000] {subprocess.py:93} INFO - 2025-02-26 20:47:26,255 INFO mapreduce.Job: Job job_local2133378790_0001 completed successfully
[2025-02-26T20:47:26.384+0000] {subprocess.py:93} INFO - 2025-02-26 20:47:26,380 INFO mapreduce.Job: Counters: 36
[2025-02-26T20:47:26.404+0000] {subprocess.py:93} INFO - 	File System Counters
[2025-02-26T20:47:26.446+0000] {subprocess.py:93} INFO - 		FILE: Number of bytes read=361374
[2025-02-26T20:47:26.460+0000] {subprocess.py:93} INFO - 		FILE: Number of bytes written=1424596
[2025-02-26T20:47:26.461+0000] {subprocess.py:93} INFO - 		FILE: Number of read operations=0
[2025-02-26T20:47:26.461+0000] {subprocess.py:93} INFO - 		FILE: Number of large read operations=0
[2025-02-26T20:47:26.466+0000] {subprocess.py:93} INFO - 		FILE: Number of write operations=0
[2025-02-26T20:47:26.476+0000] {subprocess.py:93} INFO - 		HDFS: Number of bytes read=39534
[2025-02-26T20:47:26.477+0000] {subprocess.py:93} INFO - 		HDFS: Number of bytes written=0
[2025-02-26T20:47:26.478+0000] {subprocess.py:93} INFO - 		HDFS: Number of read operations=15
[2025-02-26T20:47:26.478+0000] {subprocess.py:93} INFO - 		HDFS: Number of large read operations=0
[2025-02-26T20:47:26.479+0000] {subprocess.py:93} INFO - 		HDFS: Number of write operations=4
[2025-02-26T20:47:26.495+0000] {subprocess.py:93} INFO - 		HDFS: Number of bytes read erasure-coded=0
[2025-02-26T20:47:26.497+0000] {subprocess.py:93} INFO - 	Map-Reduce Framework
[2025-02-26T20:47:26.499+0000] {subprocess.py:93} INFO - 		Map input records=677
[2025-02-26T20:47:26.500+0000] {subprocess.py:93} INFO - 		Map output records=0
[2025-02-26T20:47:26.500+0000] {subprocess.py:93} INFO - 		Map output bytes=0
[2025-02-26T20:47:26.501+0000] {subprocess.py:93} INFO - 		Map output materialized bytes=6
[2025-02-26T20:47:26.502+0000] {subprocess.py:93} INFO - 		Input split bytes=137
[2025-02-26T20:47:26.502+0000] {subprocess.py:93} INFO - 		Combine input records=0
[2025-02-26T20:47:26.503+0000] {subprocess.py:93} INFO - 		Combine output records=0
[2025-02-26T20:47:26.504+0000] {subprocess.py:93} INFO - 		Reduce input groups=0
[2025-02-26T20:47:26.504+0000] {subprocess.py:93} INFO - 		Reduce shuffle bytes=6
[2025-02-26T20:47:26.511+0000] {subprocess.py:93} INFO - 		Reduce input records=0
[2025-02-26T20:47:26.512+0000] {subprocess.py:93} INFO - 		Reduce output records=0
[2025-02-26T20:47:26.513+0000] {subprocess.py:93} INFO - 		Spilled Records=0
[2025-02-26T20:47:26.513+0000] {subprocess.py:93} INFO - 		Shuffled Maps =1
[2025-02-26T20:47:26.524+0000] {subprocess.py:93} INFO - 		Failed Shuffles=0
[2025-02-26T20:47:26.532+0000] {subprocess.py:93} INFO - 		Merged Map outputs=1
[2025-02-26T20:47:26.533+0000] {subprocess.py:93} INFO - 		GC time elapsed (ms)=0
[2025-02-26T20:47:26.534+0000] {subprocess.py:93} INFO - 		Total committed heap usage (bytes)=475004928
[2025-02-26T20:47:26.545+0000] {subprocess.py:93} INFO - 	Shuffle Errors
[2025-02-26T20:47:26.550+0000] {subprocess.py:93} INFO - 		BAD_ID=0
[2025-02-26T20:47:26.551+0000] {subprocess.py:93} INFO - 		CONNECTION=0
[2025-02-26T20:47:26.552+0000] {subprocess.py:93} INFO - 		IO_ERROR=0
[2025-02-26T20:47:26.561+0000] {subprocess.py:93} INFO - 		WRONG_LENGTH=0
[2025-02-26T20:47:26.563+0000] {subprocess.py:93} INFO - 		WRONG_MAP=0
[2025-02-26T20:47:26.565+0000] {subprocess.py:93} INFO - 		WRONG_REDUCE=0
[2025-02-26T20:47:26.569+0000] {subprocess.py:93} INFO - 	File Input Format Counters
[2025-02-26T20:47:26.571+0000] {subprocess.py:93} INFO - 		Bytes Read=19767
[2025-02-26T20:47:26.572+0000] {subprocess.py:93} INFO - 	File Output Format Counters
[2025-02-26T20:47:26.573+0000] {subprocess.py:93} INFO - 		Bytes Written=0
[2025-02-26T20:47:26.574+0000] {subprocess.py:93} INFO - 2025-02-26 20:47:26,383 INFO streaming.StreamJob: Output directory: hdfs:///user/etudiant/crypto/processed/YYYY=2025/MM=02/DD=13
[2025-02-26T20:47:27.256+0000] {subprocess.py:97} INFO - Command exited with return code 0
[2025-02-26T20:47:27.342+0000] {taskinstance.py:1400} INFO - Marking task as SUCCESS. dag_id=yfinance_ingestion_dag, task_id=run_mapreduce, execution_date=20250213T000000, start_date=20250226T204646, end_date=20250226T204727
[2025-02-26T20:47:27.031+0000] {local_task_job_runner.py:228} INFO - Task exited with return code 0
[2025-02-26T20:47:27.081+0000] {taskinstance.py:2784} INFO - 0 downstream tasks scheduled from follow-on schedule check
