[2025-02-25T09:50:59.104+0000] {taskinstance.py:1159} INFO - Dependencies all met for dep_context=non-requeueable deps ti=<TaskInstance: yfinance_ingestion_dag.store_raw_data_in_hdfs scheduled__2025-02-12T00:00:00+00:00 [queued]>
[2025-02-25T09:50:59.148+0000] {taskinstance.py:1159} INFO - Dependencies all met for dep_context=requeueable deps ti=<TaskInstance: yfinance_ingestion_dag.store_raw_data_in_hdfs scheduled__2025-02-12T00:00:00+00:00 [queued]>
[2025-02-25T09:50:59.157+0000] {taskinstance.py:1361} INFO - Starting attempt 1 of 2
[2025-02-25T09:50:59.265+0000] {taskinstance.py:1382} INFO - Executing <Task(PythonOperator): store_raw_data_in_hdfs> on 2025-02-12 00:00:00+00:00
[2025-02-25T09:50:59.289+0000] {standard_task_runner.py:57} INFO - Started process 1156 to run task
[2025-02-25T09:50:59.384+0000] {standard_task_runner.py:84} INFO - Running: ['***', 'tasks', 'run', 'yfinance_ingestion_dag', 'store_raw_data_in_hdfs', 'scheduled__2025-02-12T00:00:00+00:00', '--job-id', '116', '--raw', '--subdir', 'DAGS_FOLDER/test_hello.py', '--cfg-path', '/tmp/tmplqejq2u1']
[2025-02-25T09:50:59.397+0000] {standard_task_runner.py:85} INFO - Job 116: Subtask store_raw_data_in_hdfs
[2025-02-25T09:50:59.633+0000] {task_command.py:415} INFO - Running <TaskInstance: yfinance_ingestion_dag.store_raw_data_in_hdfs scheduled__2025-02-12T00:00:00+00:00 [running]> on host 6dbd75e48aaa
[2025-02-25T09:51:00.303+0000] {taskinstance.py:1660} INFO - Exporting env vars: AIRFLOW_CTX_DAG_OWNER='etudiant' AIRFLOW_CTX_DAG_ID='yfinance_ingestion_dag' AIRFLOW_CTX_TASK_ID='store_raw_data_in_hdfs' AIRFLOW_CTX_EXECUTION_DATE='2025-02-12T00:00:00+00:00' AIRFLOW_CTX_TRY_NUMBER='1' AIRFLOW_CTX_DAG_RUN_ID='scheduled__2025-02-12T00:00:00+00:00'
[2025-02-25T09:51:41.178+0000] {python.py:194} INFO - Done. Returned value was: None
[2025-02-25T09:51:41.201+0000] {taskinstance.py:1400} INFO - Marking task as SUCCESS. dag_id=yfinance_ingestion_dag, task_id=store_raw_data_in_hdfs, execution_date=20250212T000000, start_date=20250225T095059, end_date=20250225T095141
[2025-02-25T09:51:41.277+0000] {local_task_job_runner.py:228} INFO - Task exited with return code 0
[2025-02-25T09:51:41.334+0000] {taskinstance.py:2784} INFO - 0 downstream tasks scheduled from follow-on schedule check
[2025-02-26T20:45:53.878+0000] {taskinstance.py:1159} INFO - Dependencies all met for dep_context=non-requeueable deps ti=<TaskInstance: yfinance_ingestion_dag.store_raw_data_in_hdfs scheduled__2025-02-12T00:00:00+00:00 [queued]>
[2025-02-26T20:45:53.894+0000] {taskinstance.py:1159} INFO - Dependencies all met for dep_context=requeueable deps ti=<TaskInstance: yfinance_ingestion_dag.store_raw_data_in_hdfs scheduled__2025-02-12T00:00:00+00:00 [queued]>
[2025-02-26T20:45:53.895+0000] {taskinstance.py:1361} INFO - Starting attempt 1 of 2
[2025-02-26T20:45:53.935+0000] {taskinstance.py:1382} INFO - Executing <Task(PythonOperator): store_raw_data_in_hdfs> on 2025-02-12 00:00:00+00:00
[2025-02-26T20:45:53.946+0000] {standard_task_runner.py:57} INFO - Started process 2703 to run task
[2025-02-26T20:45:53.951+0000] {standard_task_runner.py:84} INFO - Running: ['***', 'tasks', 'run', 'yfinance_ingestion_dag', 'store_raw_data_in_hdfs', 'scheduled__2025-02-12T00:00:00+00:00', '--job-id', '391', '--raw', '--subdir', 'DAGS_FOLDER/pipeline.py', '--cfg-path', '/tmp/tmp_agi1rsn']
[2025-02-26T20:45:53.957+0000] {standard_task_runner.py:85} INFO - Job 391: Subtask store_raw_data_in_hdfs
[2025-02-26T20:45:54.052+0000] {task_command.py:415} INFO - Running <TaskInstance: yfinance_ingestion_dag.store_raw_data_in_hdfs scheduled__2025-02-12T00:00:00+00:00 [running]> on host 3c0faf52b292
[2025-02-26T20:45:54.206+0000] {taskinstance.py:1660} INFO - Exporting env vars: AIRFLOW_CTX_DAG_OWNER='etudiant' AIRFLOW_CTX_DAG_ID='yfinance_ingestion_dag' AIRFLOW_CTX_TASK_ID='store_raw_data_in_hdfs' AIRFLOW_CTX_EXECUTION_DATE='2025-02-12T00:00:00+00:00' AIRFLOW_CTX_TRY_NUMBER='1' AIRFLOW_CTX_DAG_RUN_ID='scheduled__2025-02-12T00:00:00+00:00'
[2025-02-26T20:46:06.651+0000] {python.py:194} INFO - Done. Returned value was: None
[2025-02-26T20:46:06.694+0000] {taskinstance.py:1400} INFO - Marking task as SUCCESS. dag_id=yfinance_ingestion_dag, task_id=store_raw_data_in_hdfs, execution_date=20250212T000000, start_date=20250226T204553, end_date=20250226T204606
[2025-02-26T20:46:06.832+0000] {local_task_job_runner.py:228} INFO - Task exited with return code 0
[2025-02-26T20:46:06.879+0000] {taskinstance.py:2784} INFO - 1 downstream tasks scheduled from follow-on schedule check
