[2025-02-25T09:52:03.959+0000] {taskinstance.py:1159} INFO - Dependencies all met for dep_context=non-requeueable deps ti=<TaskInstance: yfinance_ingestion_dag.store_raw_data_in_hdfs scheduled__2025-02-24T00:00:00+00:00 [queued]>
[2025-02-25T09:52:04.019+0000] {taskinstance.py:1159} INFO - Dependencies all met for dep_context=requeueable deps ti=<TaskInstance: yfinance_ingestion_dag.store_raw_data_in_hdfs scheduled__2025-02-24T00:00:00+00:00 [queued]>
[2025-02-25T09:52:04.024+0000] {taskinstance.py:1361} INFO - Starting attempt 1 of 2
[2025-02-25T09:52:04.084+0000] {taskinstance.py:1382} INFO - Executing <Task(PythonOperator): store_raw_data_in_hdfs> on 2025-02-24 00:00:00+00:00
[2025-02-25T09:52:04.117+0000] {standard_task_runner.py:57} INFO - Started process 1560 to run task
[2025-02-25T09:52:04.129+0000] {standard_task_runner.py:84} INFO - Running: ['***', 'tasks', 'run', 'yfinance_ingestion_dag', 'store_raw_data_in_hdfs', 'scheduled__2025-02-24T00:00:00+00:00', '--job-id', '141', '--raw', '--subdir', 'DAGS_FOLDER/test_hello.py', '--cfg-path', '/tmp/tmpsk3jplw7']
[2025-02-25T09:52:04.134+0000] {standard_task_runner.py:85} INFO - Job 141: Subtask store_raw_data_in_hdfs
[2025-02-25T09:52:04.318+0000] {task_command.py:415} INFO - Running <TaskInstance: yfinance_ingestion_dag.store_raw_data_in_hdfs scheduled__2025-02-24T00:00:00+00:00 [running]> on host 6dbd75e48aaa
[2025-02-25T09:52:04.556+0000] {taskinstance.py:1660} INFO - Exporting env vars: AIRFLOW_CTX_DAG_OWNER='etudiant' AIRFLOW_CTX_DAG_ID='yfinance_ingestion_dag' AIRFLOW_CTX_TASK_ID='store_raw_data_in_hdfs' AIRFLOW_CTX_EXECUTION_DATE='2025-02-24T00:00:00+00:00' AIRFLOW_CTX_TRY_NUMBER='1' AIRFLOW_CTX_DAG_RUN_ID='scheduled__2025-02-24T00:00:00+00:00'
[2025-02-25T09:52:29.999+0000] {python.py:194} INFO - Done. Returned value was: None
[2025-02-25T09:52:30.024+0000] {taskinstance.py:1400} INFO - Marking task as SUCCESS. dag_id=yfinance_ingestion_dag, task_id=store_raw_data_in_hdfs, execution_date=20250224T000000, start_date=20250225T095203, end_date=20250225T095230
[2025-02-25T09:52:30.119+0000] {local_task_job_runner.py:228} INFO - Task exited with return code 0
[2025-02-25T09:52:30.153+0000] {taskinstance.py:2784} INFO - 0 downstream tasks scheduled from follow-on schedule check
[2025-02-26T20:47:40.474+0000] {taskinstance.py:1159} INFO - Dependencies all met for dep_context=non-requeueable deps ti=<TaskInstance: yfinance_ingestion_dag.store_raw_data_in_hdfs scheduled__2025-02-24T00:00:00+00:00 [queued]>
[2025-02-26T20:47:40.551+0000] {taskinstance.py:1159} INFO - Dependencies all met for dep_context=requeueable deps ti=<TaskInstance: yfinance_ingestion_dag.store_raw_data_in_hdfs scheduled__2025-02-24T00:00:00+00:00 [queued]>
[2025-02-26T20:47:40.580+0000] {taskinstance.py:1361} INFO - Starting attempt 1 of 2
[2025-02-26T20:47:40.729+0000] {taskinstance.py:1382} INFO - Executing <Task(PythonOperator): store_raw_data_in_hdfs> on 2025-02-24 00:00:00+00:00
[2025-02-26T20:47:40.746+0000] {standard_task_runner.py:57} INFO - Started process 3343 to run task
[2025-02-26T20:47:40.785+0000] {standard_task_runner.py:84} INFO - Running: ['***', 'tasks', 'run', 'yfinance_ingestion_dag', 'store_raw_data_in_hdfs', 'scheduled__2025-02-24T00:00:00+00:00', '--job-id', '441', '--raw', '--subdir', 'DAGS_FOLDER/pipeline.py', '--cfg-path', '/tmp/tmpo_2vuox1']
[2025-02-26T20:47:40.807+0000] {standard_task_runner.py:85} INFO - Job 441: Subtask store_raw_data_in_hdfs
[2025-02-26T20:47:41.161+0000] {task_command.py:415} INFO - Running <TaskInstance: yfinance_ingestion_dag.store_raw_data_in_hdfs scheduled__2025-02-24T00:00:00+00:00 [running]> on host 3c0faf52b292
[2025-02-26T20:47:41.544+0000] {taskinstance.py:1660} INFO - Exporting env vars: AIRFLOW_CTX_DAG_OWNER='etudiant' AIRFLOW_CTX_DAG_ID='yfinance_ingestion_dag' AIRFLOW_CTX_TASK_ID='store_raw_data_in_hdfs' AIRFLOW_CTX_EXECUTION_DATE='2025-02-24T00:00:00+00:00' AIRFLOW_CTX_TRY_NUMBER='1' AIRFLOW_CTX_DAG_RUN_ID='scheduled__2025-02-24T00:00:00+00:00'
[2025-02-26T20:48:08.796+0000] {python.py:194} INFO - Done. Returned value was: None
[2025-02-26T20:48:08.829+0000] {taskinstance.py:1400} INFO - Marking task as SUCCESS. dag_id=yfinance_ingestion_dag, task_id=store_raw_data_in_hdfs, execution_date=20250224T000000, start_date=20250226T204740, end_date=20250226T204808
[2025-02-26T20:48:08.939+0000] {local_task_job_runner.py:228} INFO - Task exited with return code 0
[2025-02-26T20:48:09.021+0000] {taskinstance.py:2784} INFO - 1 downstream tasks scheduled from follow-on schedule check
[2025-02-27T14:56:31.768+0000] {taskinstance.py:1157} INFO - Dependencies all met for dep_context=non-requeueable deps ti=<TaskInstance: yfinance_ingestion_dag.store_raw_data_in_hdfs scheduled__2025-02-24T00:00:00+00:00 [queued]>
[2025-02-27T14:56:31.814+0000] {taskinstance.py:1157} INFO - Dependencies all met for dep_context=requeueable deps ti=<TaskInstance: yfinance_ingestion_dag.store_raw_data_in_hdfs scheduled__2025-02-24T00:00:00+00:00 [queued]>
[2025-02-27T14:56:31.815+0000] {taskinstance.py:1359} INFO - Starting attempt 1 of 1
[2025-02-27T14:56:31.848+0000] {taskinstance.py:1380} INFO - Executing <Task(PythonOperator): store_raw_data_in_hdfs> on 2025-02-24 00:00:00+00:00
[2025-02-27T14:56:31.859+0000] {standard_task_runner.py:57} INFO - Started process 540 to run task
[2025-02-27T14:56:31.866+0000] {standard_task_runner.py:84} INFO - Running: ['***', 'tasks', 'run', 'yfinance_ingestion_dag', 'store_raw_data_in_hdfs', 'scheduled__2025-02-24T00:00:00+00:00', '--job-id', '116', '--raw', '--subdir', 'DAGS_FOLDER/pipeline.py', '--cfg-path', '/tmp/tmpsz03p576']
[2025-02-27T14:56:31.873+0000] {standard_task_runner.py:85} INFO - Job 116: Subtask store_raw_data_in_hdfs
[2025-02-27T14:56:31.974+0000] {task_command.py:415} INFO - Running <TaskInstance: yfinance_ingestion_dag.store_raw_data_in_hdfs scheduled__2025-02-24T00:00:00+00:00 [running]> on host a71f042480b6
[2025-02-27T14:56:32.198+0000] {taskinstance.py:1660} INFO - Exporting env vars: AIRFLOW_CTX_DAG_OWNER='etudiant' AIRFLOW_CTX_DAG_ID='yfinance_ingestion_dag' AIRFLOW_CTX_TASK_ID='store_raw_data_in_hdfs' AIRFLOW_CTX_EXECUTION_DATE='2025-02-24T00:00:00+00:00' AIRFLOW_CTX_TRY_NUMBER='1' AIRFLOW_CTX_DAG_RUN_ID='scheduled__2025-02-24T00:00:00+00:00'
[2025-02-27T14:56:32.230+0000] {taskinstance.py:1935} ERROR - Task failed with exception
Traceback (most recent call last):
  File "/home/airflow/.local/lib/python3.8/site-packages/airflow/operators/python.py", line 192, in execute
    return_value = self.execute_callable()
  File "/home/airflow/.local/lib/python3.8/site-packages/airflow/operators/python.py", line 209, in execute_callable
    return self.python_callable(*self.op_args, **self.op_kwargs)
  File "/opt/airflow/dags/pipeline.py", line 82, in store_raw_data_in_hdfs
    with open(local_file, 'w') as f:
PermissionError: [Errno 13] Permission denied: '/mnt/hadoop_data/yfinance_raw.json'
[2025-02-27T14:56:32.255+0000] {taskinstance.py:1398} INFO - Marking task as FAILED. dag_id=yfinance_ingestion_dag, task_id=store_raw_data_in_hdfs, execution_date=20250224T000000, start_date=20250227T145631, end_date=20250227T145632
[2025-02-27T14:56:32.279+0000] {standard_task_runner.py:104} ERROR - Failed to execute job 116 for task store_raw_data_in_hdfs ([Errno 13] Permission denied: '/mnt/hadoop_data/yfinance_raw.json'; 540)
[2025-02-27T14:56:32.326+0000] {local_task_job_runner.py:228} INFO - Task exited with return code 1
[2025-02-27T14:56:32.368+0000] {taskinstance.py:2776} INFO - 0 downstream tasks scheduled from follow-on schedule check
