[2025-02-25T09:50:59.766+0000] {taskinstance.py:1159} INFO - Dependencies all met for dep_context=non-requeueable deps ti=<TaskInstance: yfinance_ingestion_dag.store_raw_data_in_hdfs scheduled__2025-02-15T00:00:00+00:00 [queued]>
[2025-02-25T09:50:59.817+0000] {taskinstance.py:1159} INFO - Dependencies all met for dep_context=requeueable deps ti=<TaskInstance: yfinance_ingestion_dag.store_raw_data_in_hdfs scheduled__2025-02-15T00:00:00+00:00 [queued]>
[2025-02-25T09:50:59.818+0000] {taskinstance.py:1361} INFO - Starting attempt 1 of 2
[2025-02-25T09:50:59.859+0000] {taskinstance.py:1382} INFO - Executing <Task(PythonOperator): store_raw_data_in_hdfs> on 2025-02-15 00:00:00+00:00
[2025-02-25T09:50:59.883+0000] {standard_task_runner.py:57} INFO - Started process 1180 to run task
[2025-02-25T09:50:59.902+0000] {standard_task_runner.py:84} INFO - Running: ['***', 'tasks', 'run', 'yfinance_ingestion_dag', 'store_raw_data_in_hdfs', 'scheduled__2025-02-15T00:00:00+00:00', '--job-id', '125', '--raw', '--subdir', 'DAGS_FOLDER/test_hello.py', '--cfg-path', '/tmp/tmpzxs5ju3t']
[2025-02-25T09:50:59.957+0000] {standard_task_runner.py:85} INFO - Job 125: Subtask store_raw_data_in_hdfs
[2025-02-25T09:51:00.304+0000] {task_command.py:415} INFO - Running <TaskInstance: yfinance_ingestion_dag.store_raw_data_in_hdfs scheduled__2025-02-15T00:00:00+00:00 [running]> on host 6dbd75e48aaa
[2025-02-25T09:51:00.752+0000] {taskinstance.py:1660} INFO - Exporting env vars: AIRFLOW_CTX_DAG_OWNER='etudiant' AIRFLOW_CTX_DAG_ID='yfinance_ingestion_dag' AIRFLOW_CTX_TASK_ID='store_raw_data_in_hdfs' AIRFLOW_CTX_EXECUTION_DATE='2025-02-15T00:00:00+00:00' AIRFLOW_CTX_TRY_NUMBER='1' AIRFLOW_CTX_DAG_RUN_ID='scheduled__2025-02-15T00:00:00+00:00'
[2025-02-25T09:51:41.502+0000] {python.py:194} INFO - Done. Returned value was: None
[2025-02-25T09:51:41.522+0000] {taskinstance.py:1400} INFO - Marking task as SUCCESS. dag_id=yfinance_ingestion_dag, task_id=store_raw_data_in_hdfs, execution_date=20250215T000000, start_date=20250225T095059, end_date=20250225T095141
[2025-02-25T09:51:41.568+0000] {local_task_job_runner.py:228} INFO - Task exited with return code 0
[2025-02-25T09:51:41.607+0000] {taskinstance.py:2784} INFO - 0 downstream tasks scheduled from follow-on schedule check
[2025-02-26T20:46:40.629+0000] {taskinstance.py:1159} INFO - Dependencies all met for dep_context=non-requeueable deps ti=<TaskInstance: yfinance_ingestion_dag.store_raw_data_in_hdfs scheduled__2025-02-15T00:00:00+00:00 [queued]>
[2025-02-26T20:46:40.685+0000] {taskinstance.py:1159} INFO - Dependencies all met for dep_context=requeueable deps ti=<TaskInstance: yfinance_ingestion_dag.store_raw_data_in_hdfs scheduled__2025-02-15T00:00:00+00:00 [queued]>
[2025-02-26T20:46:40.702+0000] {taskinstance.py:1361} INFO - Starting attempt 1 of 2
[2025-02-26T20:46:41.177+0000] {taskinstance.py:1382} INFO - Executing <Task(PythonOperator): store_raw_data_in_hdfs> on 2025-02-15 00:00:00+00:00
[2025-02-26T20:46:41.207+0000] {standard_task_runner.py:57} INFO - Started process 3002 to run task
[2025-02-26T20:46:41.226+0000] {standard_task_runner.py:84} INFO - Running: ['***', 'tasks', 'run', 'yfinance_ingestion_dag', 'store_raw_data_in_hdfs', 'scheduled__2025-02-15T00:00:00+00:00', '--job-id', '418', '--raw', '--subdir', 'DAGS_FOLDER/pipeline.py', '--cfg-path', '/tmp/tmpa8dl_965']
[2025-02-26T20:46:41.245+0000] {standard_task_runner.py:85} INFO - Job 418: Subtask store_raw_data_in_hdfs
[2025-02-26T20:46:41.503+0000] {task_command.py:415} INFO - Running <TaskInstance: yfinance_ingestion_dag.store_raw_data_in_hdfs scheduled__2025-02-15T00:00:00+00:00 [running]> on host 3c0faf52b292
[2025-02-26T20:46:41.713+0000] {taskinstance.py:1660} INFO - Exporting env vars: AIRFLOW_CTX_DAG_OWNER='etudiant' AIRFLOW_CTX_DAG_ID='yfinance_ingestion_dag' AIRFLOW_CTX_TASK_ID='store_raw_data_in_hdfs' AIRFLOW_CTX_EXECUTION_DATE='2025-02-15T00:00:00+00:00' AIRFLOW_CTX_TRY_NUMBER='1' AIRFLOW_CTX_DAG_RUN_ID='scheduled__2025-02-15T00:00:00+00:00'
[2025-02-26T20:47:16.129+0000] {python.py:194} INFO - Done. Returned value was: None
[2025-02-26T20:47:16.152+0000] {taskinstance.py:1400} INFO - Marking task as SUCCESS. dag_id=yfinance_ingestion_dag, task_id=store_raw_data_in_hdfs, execution_date=20250215T000000, start_date=20250226T204640, end_date=20250226T204716
[2025-02-26T20:47:16.455+0000] {local_task_job_runner.py:228} INFO - Task exited with return code 0
[2025-02-26T20:47:16.498+0000] {taskinstance.py:2784} INFO - 1 downstream tasks scheduled from follow-on schedule check
[2025-02-27T14:56:10.507+0000] {taskinstance.py:1157} INFO - Dependencies all met for dep_context=non-requeueable deps ti=<TaskInstance: yfinance_ingestion_dag.store_raw_data_in_hdfs scheduled__2025-02-15T00:00:00+00:00 [queued]>
[2025-02-27T14:56:10.518+0000] {taskinstance.py:1157} INFO - Dependencies all met for dep_context=requeueable deps ti=<TaskInstance: yfinance_ingestion_dag.store_raw_data_in_hdfs scheduled__2025-02-15T00:00:00+00:00 [queued]>
[2025-02-27T14:56:10.519+0000] {taskinstance.py:1359} INFO - Starting attempt 1 of 1
[2025-02-27T14:56:10.535+0000] {taskinstance.py:1380} INFO - Executing <Task(PythonOperator): store_raw_data_in_hdfs> on 2025-02-15 00:00:00+00:00
[2025-02-27T14:56:10.544+0000] {standard_task_runner.py:57} INFO - Started process 472 to run task
[2025-02-27T14:56:10.548+0000] {standard_task_runner.py:84} INFO - Running: ['***', 'tasks', 'run', 'yfinance_ingestion_dag', 'store_raw_data_in_hdfs', 'scheduled__2025-02-15T00:00:00+00:00', '--job-id', '97', '--raw', '--subdir', 'DAGS_FOLDER/pipeline.py', '--cfg-path', '/tmp/tmpwvnu_6aw']
[2025-02-27T14:56:10.554+0000] {standard_task_runner.py:85} INFO - Job 97: Subtask store_raw_data_in_hdfs
[2025-02-27T14:56:10.622+0000] {task_command.py:415} INFO - Running <TaskInstance: yfinance_ingestion_dag.store_raw_data_in_hdfs scheduled__2025-02-15T00:00:00+00:00 [running]> on host a71f042480b6
[2025-02-27T14:56:10.714+0000] {taskinstance.py:1660} INFO - Exporting env vars: AIRFLOW_CTX_DAG_OWNER='etudiant' AIRFLOW_CTX_DAG_ID='yfinance_ingestion_dag' AIRFLOW_CTX_TASK_ID='store_raw_data_in_hdfs' AIRFLOW_CTX_EXECUTION_DATE='2025-02-15T00:00:00+00:00' AIRFLOW_CTX_TRY_NUMBER='1' AIRFLOW_CTX_DAG_RUN_ID='scheduled__2025-02-15T00:00:00+00:00'
[2025-02-27T14:56:10.734+0000] {taskinstance.py:1935} ERROR - Task failed with exception
Traceback (most recent call last):
  File "/home/airflow/.local/lib/python3.8/site-packages/airflow/operators/python.py", line 192, in execute
    return_value = self.execute_callable()
  File "/home/airflow/.local/lib/python3.8/site-packages/airflow/operators/python.py", line 209, in execute_callable
    return self.python_callable(*self.op_args, **self.op_kwargs)
  File "/opt/airflow/dags/pipeline.py", line 82, in store_raw_data_in_hdfs
    with open(local_file, 'w') as f:
PermissionError: [Errno 13] Permission denied: '/mnt/hadoop_data/yfinance_raw.json'
[2025-02-27T14:56:10.756+0000] {taskinstance.py:1398} INFO - Marking task as FAILED. dag_id=yfinance_ingestion_dag, task_id=store_raw_data_in_hdfs, execution_date=20250215T000000, start_date=20250227T145610, end_date=20250227T145610
[2025-02-27T14:56:10.777+0000] {standard_task_runner.py:104} ERROR - Failed to execute job 97 for task store_raw_data_in_hdfs ([Errno 13] Permission denied: '/mnt/hadoop_data/yfinance_raw.json'; 472)
[2025-02-27T14:56:10.812+0000] {local_task_job_runner.py:228} INFO - Task exited with return code 1
[2025-02-27T14:56:10.848+0000] {taskinstance.py:2776} INFO - 0 downstream tasks scheduled from follow-on schedule check
