[2025-02-25T09:50:01.206+0000] {taskinstance.py:1159} INFO - Dependencies all met for dep_context=non-requeueable deps ti=<TaskInstance: yfinance_ingestion_dag.store_raw_data_in_hdfs scheduled__2025-01-25T00:00:00+00:00 [queued]>
[2025-02-25T09:50:01.260+0000] {taskinstance.py:1159} INFO - Dependencies all met for dep_context=requeueable deps ti=<TaskInstance: yfinance_ingestion_dag.store_raw_data_in_hdfs scheduled__2025-01-25T00:00:00+00:00 [queued]>
[2025-02-25T09:50:01.261+0000] {taskinstance.py:1361} INFO - Starting attempt 1 of 2
[2025-02-25T09:50:01.371+0000] {taskinstance.py:1382} INFO - Executing <Task(PythonOperator): store_raw_data_in_hdfs> on 2025-01-25 00:00:00+00:00
[2025-02-25T09:50:01.414+0000] {standard_task_runner.py:57} INFO - Started process 837 to run task
[2025-02-25T09:50:01.422+0000] {standard_task_runner.py:84} INFO - Running: ['***', 'tasks', 'run', 'yfinance_ingestion_dag', 'store_raw_data_in_hdfs', 'scheduled__2025-01-25T00:00:00+00:00', '--job-id', '88', '--raw', '--subdir', 'DAGS_FOLDER/test_hello.py', '--cfg-path', '/tmp/tmp3cnboyay']
[2025-02-25T09:50:01.437+0000] {standard_task_runner.py:85} INFO - Job 88: Subtask store_raw_data_in_hdfs
[2025-02-25T09:50:01.718+0000] {task_command.py:415} INFO - Running <TaskInstance: yfinance_ingestion_dag.store_raw_data_in_hdfs scheduled__2025-01-25T00:00:00+00:00 [running]> on host 6dbd75e48aaa
[2025-02-25T09:50:02.078+0000] {taskinstance.py:1660} INFO - Exporting env vars: AIRFLOW_CTX_DAG_OWNER='etudiant' AIRFLOW_CTX_DAG_ID='yfinance_ingestion_dag' AIRFLOW_CTX_TASK_ID='store_raw_data_in_hdfs' AIRFLOW_CTX_EXECUTION_DATE='2025-01-25T00:00:00+00:00' AIRFLOW_CTX_TRY_NUMBER='1' AIRFLOW_CTX_DAG_RUN_ID='scheduled__2025-01-25T00:00:00+00:00'
[2025-02-25T09:50:40.783+0000] {python.py:194} INFO - Done. Returned value was: None
[2025-02-25T09:50:40.812+0000] {taskinstance.py:1400} INFO - Marking task as SUCCESS. dag_id=yfinance_ingestion_dag, task_id=store_raw_data_in_hdfs, execution_date=20250125T000000, start_date=20250225T095001, end_date=20250225T095040
[2025-02-25T09:50:40.878+0000] {local_task_job_runner.py:228} INFO - Task exited with return code 0
[2025-02-25T09:50:40.919+0000] {taskinstance.py:2784} INFO - 0 downstream tasks scheduled from follow-on schedule check
[2025-02-26T20:25:30.631+0000] {taskinstance.py:1159} INFO - Dependencies all met for dep_context=non-requeueable deps ti=<TaskInstance: yfinance_ingestion_dag.store_raw_data_in_hdfs scheduled__2025-01-25T00:00:00+00:00 [queued]>
[2025-02-26T20:25:30.768+0000] {taskinstance.py:1159} INFO - Dependencies all met for dep_context=requeueable deps ti=<TaskInstance: yfinance_ingestion_dag.store_raw_data_in_hdfs scheduled__2025-01-25T00:00:00+00:00 [queued]>
[2025-02-26T20:25:30.773+0000] {taskinstance.py:1361} INFO - Starting attempt 1 of 2
[2025-02-26T20:25:31.490+0000] {taskinstance.py:1382} INFO - Executing <Task(PythonOperator): store_raw_data_in_hdfs> on 2025-01-25 00:00:00+00:00
[2025-02-26T20:25:31.532+0000] {standard_task_runner.py:57} INFO - Started process 1333 to run task
[2025-02-26T20:25:31.531+0000] {standard_task_runner.py:84} INFO - Running: ['***', 'tasks', 'run', 'yfinance_ingestion_dag', 'store_raw_data_in_hdfs', 'scheduled__2025-01-25T00:00:00+00:00', '--job-id', '144', '--raw', '--subdir', 'DAGS_FOLDER/pipeline.py', '--cfg-path', '/tmp/tmpt_hf4v85']
[2025-02-26T20:25:31.566+0000] {standard_task_runner.py:85} INFO - Job 144: Subtask store_raw_data_in_hdfs
[2025-02-26T20:25:31.945+0000] {task_command.py:415} INFO - Running <TaskInstance: yfinance_ingestion_dag.store_raw_data_in_hdfs scheduled__2025-01-25T00:00:00+00:00 [running]> on host c96a1011f5a3
[2025-02-26T20:25:32.234+0000] {taskinstance.py:1660} INFO - Exporting env vars: AIRFLOW_CTX_DAG_OWNER='etudiant' AIRFLOW_CTX_DAG_ID='yfinance_ingestion_dag' AIRFLOW_CTX_TASK_ID='store_raw_data_in_hdfs' AIRFLOW_CTX_EXECUTION_DATE='2025-01-25T00:00:00+00:00' AIRFLOW_CTX_TRY_NUMBER='1' AIRFLOW_CTX_DAG_RUN_ID='scheduled__2025-01-25T00:00:00+00:00'
[2025-02-26T20:26:04.449+0000] {python.py:194} INFO - Done. Returned value was: None
[2025-02-26T20:26:04.475+0000] {taskinstance.py:1400} INFO - Marking task as SUCCESS. dag_id=yfinance_ingestion_dag, task_id=store_raw_data_in_hdfs, execution_date=20250125T000000, start_date=20250226T202530, end_date=20250226T202604
[2025-02-26T20:26:04.548+0000] {local_task_job_runner.py:228} INFO - Task exited with return code 0
[2025-02-26T20:26:04.599+0000] {taskinstance.py:2784} INFO - 1 downstream tasks scheduled from follow-on schedule check
[2025-02-26T20:39:13.714+0000] {taskinstance.py:1159} INFO - Dependencies all met for dep_context=non-requeueable deps ti=<TaskInstance: yfinance_ingestion_dag.store_raw_data_in_hdfs scheduled__2025-01-25T00:00:00+00:00 [queued]>
[2025-02-26T20:39:13.790+0000] {taskinstance.py:1159} INFO - Dependencies all met for dep_context=requeueable deps ti=<TaskInstance: yfinance_ingestion_dag.store_raw_data_in_hdfs scheduled__2025-01-25T00:00:00+00:00 [queued]>
[2025-02-26T20:39:13.799+0000] {taskinstance.py:1361} INFO - Starting attempt 1 of 2
[2025-02-26T20:39:13.894+0000] {taskinstance.py:1382} INFO - Executing <Task(PythonOperator): store_raw_data_in_hdfs> on 2025-01-25 00:00:00+00:00
[2025-02-26T20:39:13.915+0000] {standard_task_runner.py:57} INFO - Started process 519 to run task
[2025-02-26T20:39:13.926+0000] {standard_task_runner.py:84} INFO - Running: ['***', 'tasks', 'run', 'yfinance_ingestion_dag', 'store_raw_data_in_hdfs', 'scheduled__2025-01-25T00:00:00+00:00', '--job-id', '237', '--raw', '--subdir', 'DAGS_FOLDER/pipeline.py', '--cfg-path', '/tmp/tmp9w38vl9s']
[2025-02-26T20:39:13.941+0000] {standard_task_runner.py:85} INFO - Job 237: Subtask store_raw_data_in_hdfs
[2025-02-26T20:39:14.248+0000] {task_command.py:415} INFO - Running <TaskInstance: yfinance_ingestion_dag.store_raw_data_in_hdfs scheduled__2025-01-25T00:00:00+00:00 [running]> on host 3c0faf52b292
[2025-02-26T20:39:14.619+0000] {taskinstance.py:1660} INFO - Exporting env vars: AIRFLOW_CTX_DAG_OWNER='etudiant' AIRFLOW_CTX_DAG_ID='yfinance_ingestion_dag' AIRFLOW_CTX_TASK_ID='store_raw_data_in_hdfs' AIRFLOW_CTX_EXECUTION_DATE='2025-01-25T00:00:00+00:00' AIRFLOW_CTX_TRY_NUMBER='1' AIRFLOW_CTX_DAG_RUN_ID='scheduled__2025-01-25T00:00:00+00:00'
[2025-02-26T20:39:14.407+0000] {python.py:194} INFO - Done. Returned value was: None
[2025-02-26T20:39:14.461+0000] {taskinstance.py:1400} INFO - Marking task as SUCCESS. dag_id=yfinance_ingestion_dag, task_id=store_raw_data_in_hdfs, execution_date=20250125T000000, start_date=20250226T203913, end_date=20250226T203914
[2025-02-26T20:39:14.563+0000] {local_task_job_runner.py:228} INFO - Task exited with return code 0
[2025-02-26T20:39:14.738+0000] {taskinstance.py:2784} INFO - 0 downstream tasks scheduled from follow-on schedule check
[2025-02-26T20:42:51.413+0000] {taskinstance.py:1159} INFO - Dependencies all met for dep_context=non-requeueable deps ti=<TaskInstance: yfinance_ingestion_dag.store_raw_data_in_hdfs scheduled__2025-01-25T00:00:00+00:00 [queued]>
[2025-02-26T20:42:51.429+0000] {taskinstance.py:1159} INFO - Dependencies all met for dep_context=requeueable deps ti=<TaskInstance: yfinance_ingestion_dag.store_raw_data_in_hdfs scheduled__2025-01-25T00:00:00+00:00 [queued]>
[2025-02-26T20:42:51.429+0000] {taskinstance.py:1361} INFO - Starting attempt 1 of 2
[2025-02-26T20:42:51.452+0000] {taskinstance.py:1382} INFO - Executing <Task(PythonOperator): store_raw_data_in_hdfs> on 2025-01-25 00:00:00+00:00
[2025-02-26T20:42:51.463+0000] {standard_task_runner.py:57} INFO - Started process 1922 to run task
[2025-02-26T20:42:51.467+0000] {standard_task_runner.py:84} INFO - Running: ['***', 'tasks', 'run', 'yfinance_ingestion_dag', 'store_raw_data_in_hdfs', 'scheduled__2025-01-25T00:00:00+00:00', '--job-id', '335', '--raw', '--subdir', 'DAGS_FOLDER/pipeline.py', '--cfg-path', '/tmp/tmpuyftoguc']
[2025-02-26T20:42:51.471+0000] {standard_task_runner.py:85} INFO - Job 335: Subtask store_raw_data_in_hdfs
[2025-02-26T20:42:51.574+0000] {task_command.py:415} INFO - Running <TaskInstance: yfinance_ingestion_dag.store_raw_data_in_hdfs scheduled__2025-01-25T00:00:00+00:00 [running]> on host 3c0faf52b292
[2025-02-26T20:42:51.742+0000] {taskinstance.py:1660} INFO - Exporting env vars: AIRFLOW_CTX_DAG_OWNER='etudiant' AIRFLOW_CTX_DAG_ID='yfinance_ingestion_dag' AIRFLOW_CTX_TASK_ID='store_raw_data_in_hdfs' AIRFLOW_CTX_EXECUTION_DATE='2025-01-25T00:00:00+00:00' AIRFLOW_CTX_TRY_NUMBER='1' AIRFLOW_CTX_DAG_RUN_ID='scheduled__2025-01-25T00:00:00+00:00'
[2025-02-26T20:43:00.293+0000] {python.py:194} INFO - Done. Returned value was: None
[2025-02-26T20:43:00.320+0000] {taskinstance.py:1400} INFO - Marking task as SUCCESS. dag_id=yfinance_ingestion_dag, task_id=store_raw_data_in_hdfs, execution_date=20250125T000000, start_date=20250226T204251, end_date=20250226T204300
[2025-02-26T20:43:00.392+0000] {local_task_job_runner.py:228} INFO - Task exited with return code 0
[2025-02-26T20:43:00.416+0000] {taskinstance.py:2784} INFO - 1 downstream tasks scheduled from follow-on schedule check
