[2025-02-26T19:12:05.462+0000] {taskinstance.py:1159} INFO - Dependencies all met for dep_context=non-requeueable deps ti=<TaskInstance: yfinance_ingestion_and_process_dag.fetch_data scheduled__2025-01-02T00:00:00+00:00 [queued]>
[2025-02-26T19:12:05.674+0000] {taskinstance.py:1159} INFO - Dependencies all met for dep_context=requeueable deps ti=<TaskInstance: yfinance_ingestion_and_process_dag.fetch_data scheduled__2025-01-02T00:00:00+00:00 [queued]>
[2025-02-26T19:12:05.685+0000] {taskinstance.py:1361} INFO - Starting attempt 1 of 2
[2025-02-26T19:12:06.224+0000] {taskinstance.py:1382} INFO - Executing <Task(PythonOperator): fetch_data> on 2025-01-02 00:00:00+00:00
[2025-02-26T19:12:06.293+0000] {standard_task_runner.py:57} INFO - Started process 416 to run task
[2025-02-26T19:12:06.312+0000] {standard_task_runner.py:84} INFO - Running: ['***', 'tasks', 'run', 'yfinance_ingestion_and_process_dag', 'fetch_data', 'scheduled__2025-01-02T00:00:00+00:00', '--job-id', '253', '--raw', '--subdir', 'DAGS_FOLDER/pipeline.py', '--cfg-path', '/tmp/tmpwhleq78i']
[2025-02-26T19:12:06.351+0000] {standard_task_runner.py:85} INFO - Job 253: Subtask fetch_data
[2025-02-26T19:12:07.232+0000] {task_command.py:415} INFO - Running <TaskInstance: yfinance_ingestion_and_process_dag.fetch_data scheduled__2025-01-02T00:00:00+00:00 [running]> on host 405afb11abaf
[2025-02-26T19:12:08.623+0000] {taskinstance.py:1660} INFO - Exporting env vars: AIRFLOW_CTX_DAG_OWNER='etudiant' AIRFLOW_CTX_DAG_ID='yfinance_ingestion_and_process_dag' AIRFLOW_CTX_TASK_ID='fetch_data' AIRFLOW_CTX_EXECUTION_DATE='2025-01-02T00:00:00+00:00' AIRFLOW_CTX_TRY_NUMBER='1' AIRFLOW_CTX_DAG_RUN_ID='scheduled__2025-01-02T00:00:00+00:00'
[2025-02-26T19:12:12.107+0000] {python.py:194} INFO - Done. Returned value was: None
[2025-02-26T19:12:12.200+0000] {taskinstance.py:1400} INFO - Marking task as SUCCESS. dag_id=yfinance_ingestion_and_process_dag, task_id=fetch_data, execution_date=20250102T000000, start_date=20250226T191205, end_date=20250226T191212
[2025-02-26T19:12:12.788+0000] {local_task_job_runner.py:228} INFO - Task exited with return code 0
[2025-02-26T19:12:12.978+0000] {taskinstance.py:2784} INFO - 1 downstream tasks scheduled from follow-on schedule check
[2025-02-26T20:04:45.469+0000] {taskinstance.py:1159} INFO - Dependencies all met for dep_context=non-requeueable deps ti=<TaskInstance: yfinance_ingestion_and_process_dag.fetch_data scheduled__2025-01-02T00:00:00+00:00 [queued]>
[2025-02-26T20:04:45.694+0000] {taskinstance.py:1159} INFO - Dependencies all met for dep_context=requeueable deps ti=<TaskInstance: yfinance_ingestion_and_process_dag.fetch_data scheduled__2025-01-02T00:00:00+00:00 [queued]>
[2025-02-26T20:04:45.741+0000] {taskinstance.py:1361} INFO - Starting attempt 1 of 2
[2025-02-26T20:04:46.065+0000] {taskinstance.py:1382} INFO - Executing <Task(PythonOperator): fetch_data> on 2025-01-02 00:00:00+00:00
[2025-02-26T20:04:46.157+0000] {standard_task_runner.py:57} INFO - Started process 244 to run task
[2025-02-26T20:04:46.201+0000] {standard_task_runner.py:84} INFO - Running: ['***', 'tasks', 'run', 'yfinance_ingestion_and_process_dag', 'fetch_data', 'scheduled__2025-01-02T00:00:00+00:00', '--job-id', '12', '--raw', '--subdir', 'DAGS_FOLDER/pipeline.py', '--cfg-path', '/tmp/tmpl2ot454n']
[2025-02-26T20:04:46.256+0000] {standard_task_runner.py:85} INFO - Job 12: Subtask fetch_data
[2025-02-26T20:04:46.585+0000] {task_command.py:415} INFO - Running <TaskInstance: yfinance_ingestion_and_process_dag.fetch_data scheduled__2025-01-02T00:00:00+00:00 [running]> on host e304e68c626e
[2025-02-26T20:04:47.125+0000] {taskinstance.py:1660} INFO - Exporting env vars: AIRFLOW_CTX_DAG_OWNER='etudiant' AIRFLOW_CTX_DAG_ID='yfinance_ingestion_and_process_dag' AIRFLOW_CTX_TASK_ID='fetch_data' AIRFLOW_CTX_EXECUTION_DATE='2025-01-02T00:00:00+00:00' AIRFLOW_CTX_TRY_NUMBER='1' AIRFLOW_CTX_DAG_RUN_ID='scheduled__2025-01-02T00:00:00+00:00'
[2025-02-26T20:04:49.460+0000] {python.py:194} INFO - Done. Returned value was: None
[2025-02-26T20:04:49.600+0000] {taskinstance.py:1400} INFO - Marking task as SUCCESS. dag_id=yfinance_ingestion_and_process_dag, task_id=fetch_data, execution_date=20250102T000000, start_date=20250226T200445, end_date=20250226T200449
[2025-02-26T20:04:49.865+0000] {local_task_job_runner.py:228} INFO - Task exited with return code 0
[2025-02-26T20:04:50.439+0000] {taskinstance.py:2784} INFO - 0 downstream tasks scheduled from follow-on schedule check
