[2025-02-25T09:50:04.263+0000] {taskinstance.py:1159} INFO - Dependencies all met for dep_context=non-requeueable deps ti=<TaskInstance: yfinance_ingestion_dag.store_raw_data_in_hdfs scheduled__2025-01-30T00:00:00+00:00 [queued]>
[2025-02-25T09:50:04.301+0000] {taskinstance.py:1159} INFO - Dependencies all met for dep_context=requeueable deps ti=<TaskInstance: yfinance_ingestion_dag.store_raw_data_in_hdfs scheduled__2025-01-30T00:00:00+00:00 [queued]>
[2025-02-25T09:50:04.306+0000] {taskinstance.py:1361} INFO - Starting attempt 1 of 2
[2025-02-25T09:50:04.363+0000] {taskinstance.py:1382} INFO - Executing <Task(PythonOperator): store_raw_data_in_hdfs> on 2025-01-30 00:00:00+00:00
[2025-02-25T09:50:04.386+0000] {standard_task_runner.py:57} INFO - Started process 876 to run task
[2025-02-25T09:50:04.401+0000] {standard_task_runner.py:84} INFO - Running: ['***', 'tasks', 'run', 'yfinance_ingestion_dag', 'store_raw_data_in_hdfs', 'scheduled__2025-01-30T00:00:00+00:00', '--job-id', '92', '--raw', '--subdir', 'DAGS_FOLDER/test_hello.py', '--cfg-path', '/tmp/tmp3saui2if']
[2025-02-25T09:50:04.419+0000] {standard_task_runner.py:85} INFO - Job 92: Subtask store_raw_data_in_hdfs
[2025-02-25T09:50:04.611+0000] {task_command.py:415} INFO - Running <TaskInstance: yfinance_ingestion_dag.store_raw_data_in_hdfs scheduled__2025-01-30T00:00:00+00:00 [running]> on host 6dbd75e48aaa
[2025-02-25T09:50:05.163+0000] {taskinstance.py:1660} INFO - Exporting env vars: AIRFLOW_CTX_DAG_OWNER='etudiant' AIRFLOW_CTX_DAG_ID='yfinance_ingestion_dag' AIRFLOW_CTX_TASK_ID='store_raw_data_in_hdfs' AIRFLOW_CTX_EXECUTION_DATE='2025-01-30T00:00:00+00:00' AIRFLOW_CTX_TRY_NUMBER='1' AIRFLOW_CTX_DAG_RUN_ID='scheduled__2025-01-30T00:00:00+00:00'
[2025-02-25T09:50:41.301+0000] {python.py:194} INFO - Done. Returned value was: None
[2025-02-25T09:50:41.325+0000] {taskinstance.py:1400} INFO - Marking task as SUCCESS. dag_id=yfinance_ingestion_dag, task_id=store_raw_data_in_hdfs, execution_date=20250130T000000, start_date=20250225T095004, end_date=20250225T095041
[2025-02-25T09:50:41.404+0000] {local_task_job_runner.py:228} INFO - Task exited with return code 0
[2025-02-25T09:50:41.430+0000] {taskinstance.py:2784} INFO - 0 downstream tasks scheduled from follow-on schedule check
[2025-02-26T20:25:33.715+0000] {taskinstance.py:1159} INFO - Dependencies all met for dep_context=non-requeueable deps ti=<TaskInstance: yfinance_ingestion_dag.store_raw_data_in_hdfs scheduled__2025-01-30T00:00:00+00:00 [queued]>
[2025-02-26T20:25:33.796+0000] {taskinstance.py:1159} INFO - Dependencies all met for dep_context=requeueable deps ti=<TaskInstance: yfinance_ingestion_dag.store_raw_data_in_hdfs scheduled__2025-01-30T00:00:00+00:00 [queued]>
[2025-02-26T20:25:33.798+0000] {taskinstance.py:1361} INFO - Starting attempt 1 of 2
[2025-02-26T20:25:33.866+0000] {taskinstance.py:1382} INFO - Executing <Task(PythonOperator): store_raw_data_in_hdfs> on 2025-01-30 00:00:00+00:00
[2025-02-26T20:25:33.886+0000] {standard_task_runner.py:57} INFO - Started process 1384 to run task
[2025-02-26T20:25:33.894+0000] {standard_task_runner.py:84} INFO - Running: ['***', 'tasks', 'run', 'yfinance_ingestion_dag', 'store_raw_data_in_hdfs', 'scheduled__2025-01-30T00:00:00+00:00', '--job-id', '149', '--raw', '--subdir', 'DAGS_FOLDER/pipeline.py', '--cfg-path', '/tmp/tmp_cr8q2mj']
[2025-02-26T20:25:33.907+0000] {standard_task_runner.py:85} INFO - Job 149: Subtask store_raw_data_in_hdfs
[2025-02-26T20:25:34.017+0000] {task_command.py:415} INFO - Running <TaskInstance: yfinance_ingestion_dag.store_raw_data_in_hdfs scheduled__2025-01-30T00:00:00+00:00 [running]> on host c96a1011f5a3
[2025-02-26T20:25:34.278+0000] {taskinstance.py:1660} INFO - Exporting env vars: AIRFLOW_CTX_DAG_OWNER='etudiant' AIRFLOW_CTX_DAG_ID='yfinance_ingestion_dag' AIRFLOW_CTX_TASK_ID='store_raw_data_in_hdfs' AIRFLOW_CTX_EXECUTION_DATE='2025-01-30T00:00:00+00:00' AIRFLOW_CTX_TRY_NUMBER='1' AIRFLOW_CTX_DAG_RUN_ID='scheduled__2025-01-30T00:00:00+00:00'
[2025-02-26T20:26:05.663+0000] {python.py:194} INFO - Done. Returned value was: None
[2025-02-26T20:26:05.680+0000] {taskinstance.py:1400} INFO - Marking task as SUCCESS. dag_id=yfinance_ingestion_dag, task_id=store_raw_data_in_hdfs, execution_date=20250130T000000, start_date=20250226T202533, end_date=20250226T202605
[2025-02-26T20:26:05.717+0000] {local_task_job_runner.py:228} INFO - Task exited with return code 0
[2025-02-26T20:26:05.740+0000] {taskinstance.py:2784} INFO - 1 downstream tasks scheduled from follow-on schedule check
[2025-02-26T20:39:16.507+0000] {taskinstance.py:1159} INFO - Dependencies all met for dep_context=non-requeueable deps ti=<TaskInstance: yfinance_ingestion_dag.store_raw_data_in_hdfs scheduled__2025-01-30T00:00:00+00:00 [queued]>
[2025-02-26T20:39:16.567+0000] {taskinstance.py:1159} INFO - Dependencies all met for dep_context=requeueable deps ti=<TaskInstance: yfinance_ingestion_dag.store_raw_data_in_hdfs scheduled__2025-01-30T00:00:00+00:00 [queued]>
[2025-02-26T20:39:16.573+0000] {taskinstance.py:1361} INFO - Starting attempt 1 of 2
[2025-02-26T20:39:17.078+0000] {taskinstance.py:1382} INFO - Executing <Task(PythonOperator): store_raw_data_in_hdfs> on 2025-01-30 00:00:00+00:00
[2025-02-26T20:39:17.103+0000] {standard_task_runner.py:57} INFO - Started process 776 to run task
[2025-02-26T20:39:17.132+0000] {standard_task_runner.py:84} INFO - Running: ['***', 'tasks', 'run', 'yfinance_ingestion_dag', 'store_raw_data_in_hdfs', 'scheduled__2025-01-30T00:00:00+00:00', '--job-id', '246', '--raw', '--subdir', 'DAGS_FOLDER/pipeline.py', '--cfg-path', '/tmp/tmpwcgu1qjy']
[2025-02-26T20:39:17.159+0000] {standard_task_runner.py:85} INFO - Job 246: Subtask store_raw_data_in_hdfs
[2025-02-26T20:39:17.421+0000] {task_command.py:415} INFO - Running <TaskInstance: yfinance_ingestion_dag.store_raw_data_in_hdfs scheduled__2025-01-30T00:00:00+00:00 [running]> on host 3c0faf52b292
[2025-02-26T20:39:18.022+0000] {taskinstance.py:1660} INFO - Exporting env vars: AIRFLOW_CTX_DAG_OWNER='etudiant' AIRFLOW_CTX_DAG_ID='yfinance_ingestion_dag' AIRFLOW_CTX_TASK_ID='store_raw_data_in_hdfs' AIRFLOW_CTX_EXECUTION_DATE='2025-01-30T00:00:00+00:00' AIRFLOW_CTX_TRY_NUMBER='1' AIRFLOW_CTX_DAG_RUN_ID='scheduled__2025-01-30T00:00:00+00:00'
[2025-02-26T20:39:19.099+0000] {python.py:194} INFO - Done. Returned value was: None
[2025-02-26T20:39:19.159+0000] {taskinstance.py:1400} INFO - Marking task as SUCCESS. dag_id=yfinance_ingestion_dag, task_id=store_raw_data_in_hdfs, execution_date=20250130T000000, start_date=20250226T203916, end_date=20250226T203919
[2025-02-26T20:39:19.278+0000] {local_task_job_runner.py:228} INFO - Task exited with return code 0
[2025-02-26T20:39:19.394+0000] {taskinstance.py:2784} INFO - 1 downstream tasks scheduled from follow-on schedule check
[2025-02-26T20:43:54.166+0000] {taskinstance.py:1159} INFO - Dependencies all met for dep_context=non-requeueable deps ti=<TaskInstance: yfinance_ingestion_dag.store_raw_data_in_hdfs scheduled__2025-01-30T00:00:00+00:00 [queued]>
[2025-02-26T20:43:54.177+0000] {taskinstance.py:1159} INFO - Dependencies all met for dep_context=requeueable deps ti=<TaskInstance: yfinance_ingestion_dag.store_raw_data_in_hdfs scheduled__2025-01-30T00:00:00+00:00 [queued]>
[2025-02-26T20:43:54.178+0000] {taskinstance.py:1361} INFO - Starting attempt 1 of 2
[2025-02-26T20:43:54.198+0000] {taskinstance.py:1382} INFO - Executing <Task(PythonOperator): store_raw_data_in_hdfs> on 2025-01-30 00:00:00+00:00
[2025-02-26T20:43:54.208+0000] {standard_task_runner.py:57} INFO - Started process 2173 to run task
[2025-02-26T20:43:54.212+0000] {standard_task_runner.py:84} INFO - Running: ['***', 'tasks', 'run', 'yfinance_ingestion_dag', 'store_raw_data_in_hdfs', 'scheduled__2025-01-30T00:00:00+00:00', '--job-id', '353', '--raw', '--subdir', 'DAGS_FOLDER/pipeline.py', '--cfg-path', '/tmp/tmplg89t4bu']
[2025-02-26T20:43:54.215+0000] {standard_task_runner.py:85} INFO - Job 353: Subtask store_raw_data_in_hdfs
[2025-02-26T20:43:54.279+0000] {task_command.py:415} INFO - Running <TaskInstance: yfinance_ingestion_dag.store_raw_data_in_hdfs scheduled__2025-01-30T00:00:00+00:00 [running]> on host 3c0faf52b292
[2025-02-26T20:43:54.417+0000] {taskinstance.py:1660} INFO - Exporting env vars: AIRFLOW_CTX_DAG_OWNER='etudiant' AIRFLOW_CTX_DAG_ID='yfinance_ingestion_dag' AIRFLOW_CTX_TASK_ID='store_raw_data_in_hdfs' AIRFLOW_CTX_EXECUTION_DATE='2025-01-30T00:00:00+00:00' AIRFLOW_CTX_TRY_NUMBER='1' AIRFLOW_CTX_DAG_RUN_ID='scheduled__2025-01-30T00:00:00+00:00'
[2025-02-26T20:44:01.257+0000] {python.py:194} INFO - Done. Returned value was: None
[2025-02-26T20:44:01.276+0000] {taskinstance.py:1400} INFO - Marking task as SUCCESS. dag_id=yfinance_ingestion_dag, task_id=store_raw_data_in_hdfs, execution_date=20250130T000000, start_date=20250226T204354, end_date=20250226T204401
[2025-02-26T20:44:01.395+0000] {local_task_job_runner.py:228} INFO - Task exited with return code 0
[2025-02-26T20:44:01.433+0000] {taskinstance.py:2784} INFO - 1 downstream tasks scheduled from follow-on schedule check
[2025-02-27T14:55:41.828+0000] {taskinstance.py:1157} INFO - Dependencies all met for dep_context=non-requeueable deps ti=<TaskInstance: yfinance_ingestion_dag.store_raw_data_in_hdfs scheduled__2025-01-30T00:00:00+00:00 [queued]>
[2025-02-27T14:55:41.845+0000] {taskinstance.py:1157} INFO - Dependencies all met for dep_context=requeueable deps ti=<TaskInstance: yfinance_ingestion_dag.store_raw_data_in_hdfs scheduled__2025-01-30T00:00:00+00:00 [queued]>
[2025-02-27T14:55:41.846+0000] {taskinstance.py:1359} INFO - Starting attempt 1 of 1
[2025-02-27T14:55:41.889+0000] {taskinstance.py:1380} INFO - Executing <Task(PythonOperator): store_raw_data_in_hdfs> on 2025-01-30 00:00:00+00:00
[2025-02-27T14:55:41.902+0000] {standard_task_runner.py:57} INFO - Started process 370 to run task
[2025-02-27T14:55:41.908+0000] {standard_task_runner.py:84} INFO - Running: ['***', 'tasks', 'run', 'yfinance_ingestion_dag', 'store_raw_data_in_hdfs', 'scheduled__2025-01-30T00:00:00+00:00', '--job-id', '65', '--raw', '--subdir', 'DAGS_FOLDER/pipeline.py', '--cfg-path', '/tmp/tmp848nk0zk']
[2025-02-27T14:55:41.911+0000] {standard_task_runner.py:85} INFO - Job 65: Subtask store_raw_data_in_hdfs
[2025-02-27T14:55:41.964+0000] {task_command.py:415} INFO - Running <TaskInstance: yfinance_ingestion_dag.store_raw_data_in_hdfs scheduled__2025-01-30T00:00:00+00:00 [running]> on host a71f042480b6
[2025-02-27T14:55:42.060+0000] {taskinstance.py:1660} INFO - Exporting env vars: AIRFLOW_CTX_DAG_OWNER='etudiant' AIRFLOW_CTX_DAG_ID='yfinance_ingestion_dag' AIRFLOW_CTX_TASK_ID='store_raw_data_in_hdfs' AIRFLOW_CTX_EXECUTION_DATE='2025-01-30T00:00:00+00:00' AIRFLOW_CTX_TRY_NUMBER='1' AIRFLOW_CTX_DAG_RUN_ID='scheduled__2025-01-30T00:00:00+00:00'
[2025-02-27T14:55:42.077+0000] {taskinstance.py:1935} ERROR - Task failed with exception
Traceback (most recent call last):
  File "/home/airflow/.local/lib/python3.8/site-packages/airflow/operators/python.py", line 192, in execute
    return_value = self.execute_callable()
  File "/home/airflow/.local/lib/python3.8/site-packages/airflow/operators/python.py", line 209, in execute_callable
    return self.python_callable(*self.op_args, **self.op_kwargs)
  File "/opt/airflow/dags/pipeline.py", line 82, in store_raw_data_in_hdfs
    with open(local_file, 'w') as f:
PermissionError: [Errno 13] Permission denied: '/mnt/hadoop_data/yfinance_raw.json'
[2025-02-27T14:55:42.092+0000] {taskinstance.py:1398} INFO - Marking task as FAILED. dag_id=yfinance_ingestion_dag, task_id=store_raw_data_in_hdfs, execution_date=20250130T000000, start_date=20250227T145541, end_date=20250227T145542
[2025-02-27T14:55:42.106+0000] {standard_task_runner.py:104} ERROR - Failed to execute job 65 for task store_raw_data_in_hdfs ([Errno 13] Permission denied: '/mnt/hadoop_data/yfinance_raw.json'; 370)
[2025-02-27T14:55:42.124+0000] {local_task_job_runner.py:228} INFO - Task exited with return code 1
[2025-02-27T14:55:42.156+0000] {taskinstance.py:2776} INFO - 0 downstream tasks scheduled from follow-on schedule check
