[2025-02-25T10:08:17.747+0000] {taskinstance.py:1159} INFO - Dependencies all met for dep_context=non-requeueable deps ti=<TaskInstance: yfinance_python_processing_dag.fetch_data scheduled__2024-12-01T00:00:00+00:00 [queued]>
[2025-02-25T10:08:17.804+0000] {taskinstance.py:1159} INFO - Dependencies all met for dep_context=requeueable deps ti=<TaskInstance: yfinance_python_processing_dag.fetch_data scheduled__2024-12-01T00:00:00+00:00 [queued]>
[2025-02-25T10:08:17.808+0000] {taskinstance.py:1361} INFO - Starting attempt 1 of 2
[2025-02-25T10:08:17.871+0000] {taskinstance.py:1382} INFO - Executing <Task(PythonOperator): fetch_data> on 2024-12-01 00:00:00+00:00
[2025-02-25T10:08:17.880+0000] {standard_task_runner.py:57} INFO - Started process 2111 to run task
[2025-02-25T10:08:17.906+0000] {standard_task_runner.py:84} INFO - Running: ['***', 'tasks', 'run', 'yfinance_python_processing_dag', 'fetch_data', 'scheduled__2024-12-01T00:00:00+00:00', '--job-id', '158', '--raw', '--subdir', 'DAGS_FOLDER/test_hello.py', '--cfg-path', '/tmp/tmpc0nt6zsc']
[2025-02-25T10:08:17.912+0000] {standard_task_runner.py:85} INFO - Job 158: Subtask fetch_data
[2025-02-25T10:08:18.111+0000] {task_command.py:415} INFO - Running <TaskInstance: yfinance_python_processing_dag.fetch_data scheduled__2024-12-01T00:00:00+00:00 [running]> on host 6dbd75e48aaa
[2025-02-25T10:08:18.453+0000] {taskinstance.py:1660} INFO - Exporting env vars: AIRFLOW_CTX_DAG_OWNER='etudiant' AIRFLOW_CTX_DAG_ID='yfinance_python_processing_dag' AIRFLOW_CTX_TASK_ID='fetch_data' AIRFLOW_CTX_EXECUTION_DATE='2024-12-01T00:00:00+00:00' AIRFLOW_CTX_TRY_NUMBER='1' AIRFLOW_CTX_DAG_RUN_ID='scheduled__2024-12-01T00:00:00+00:00'
[2025-02-25T10:08:18.458+0000] {logging_mixin.py:151} INFO - Execution date: 2024-12-01
[2025-02-25T10:08:19.510+0000] {logging_mixin.py:151} INFO - Raw data from yfinance (from 2024-12-01 00:00:00 to 2024-12-31 00:00:00):                                  Open        High  ...  Dividends  Stock Splits
Date                                               ...                         
2024-12-02 00:00:00-05:00  352.380005  360.000000  ...        0.0           0.0
2024-12-03 00:00:00-05:00  351.799988  355.690002  ...        0.0           0.0
2024-12-04 00:00:00-05:00  353.000000  358.100006  ...        0.0           0.0
2024-12-05 00:00:00-05:00  359.869995  375.429993  ...        0.0           0.0
2024-12-06 00:00:00-05:00  377.420013  389.489990  ...        0.0           0.0
2024-12-09 00:00:00-05:00  397.609985  404.799988  ...        0.0           0.0
2024-12-10 00:00:00-05:00  392.679993  409.730011  ...        0.0           0.0
2024-12-11 00:00:00-05:00  409.700012  424.880005  ...        0.0           0.0
2024-12-12 00:00:00-05:00  424.839996  429.299988  ...        0.0           0.0
2024-12-13 00:00:00-05:00  420.000000  436.299988  ...        0.0           0.0
2024-12-16 00:00:00-05:00  441.089996  463.190002  ...        0.0           0.0
2024-12-17 00:00:00-05:00  475.899994  483.989990  ...        0.0           0.0
2024-12-18 00:00:00-05:00  466.500000  488.540009  ...        0.0           0.0
2024-12-19 00:00:00-05:00  451.880005  456.359985  ...        0.0           0.0
2024-12-20 00:00:00-05:00  425.510010  447.079987  ...        0.0           0.0
2024-12-23 00:00:00-05:00  431.000000  434.510010  ...        0.0           0.0
2024-12-24 00:00:00-05:00  435.899994  462.779999  ...        0.0           0.0
2024-12-26 00:00:00-05:00  465.160004  465.329987  ...        0.0           0.0
2024-12-27 00:00:00-05:00  449.519989  450.000000  ...        0.0           0.0
2024-12-30 00:00:00-05:00  419.399994  427.000000  ...        0.0           0.0

[20 rows x 7 columns]
[2025-02-25T10:08:19.523+0000] {logging_mixin.py:151} INFO - Serialized data: {'2024-12-02 00:00:00-05:00': {'Open': 352.3800048828125, 'High': 360.0, 'Low': 351.1499938964844, 'Close': 357.0899963378906, 'Volume': 77986500, 'Dividends': 0.0, 'Stock Splits': 0.0}, '2024-12-03 00:00:00-05:00': {'Open': 351.79998779296875, 'High': 355.69000244140625, 'Low': 348.20001220703125, 'Close': 351.4200134277344, 'Volume': 58267200, 'Dividends': 0.0, 'Stock Splits': 0.0}, '2024-12-04 00:00:00-05:00': {'Open': 353.0, 'High': 358.1000061035156, 'Low': 348.6000061035156, 'Close': 357.92999267578125, 'Volume': 50810900, 'Dividends': 0.0, 'Stock Splits': 0.0}, '2024-12-05 00:00:00-05:00': {'Open': 359.8699951171875, 'High': 375.42999267578125, 'Low': 359.5, 'Close': 369.489990234375, 'Volume': 81403600, 'Dividends': 0.0, 'Stock Splits': 0.0}, '2024-12-06 00:00:00-05:00': {'Open': 377.4200134277344, 'High': 389.489990234375, 'Low': 370.79998779296875, 'Close': 389.2200012207031, 'Volume': 81455800, 'Dividends': 0.0, 'Stock Splits': 0.0}, '2024-12-09 00:00:00-05:00': {'Open': 397.6099853515625, 'High': 404.79998779296875, 'Low': 378.010009765625, 'Close': 389.7900085449219, 'Volume': 96359200, 'Dividends': 0.0, 'Stock Splits': 0.0}, '2024-12-10 00:00:00-05:00': {'Open': 392.67999267578125, 'High': 409.7300109863281, 'Low': 390.8500061035156, 'Close': 400.989990234375, 'Volume': 97563600, 'Dividends': 0.0, 'Stock Splits': 0.0}, '2024-12-11 00:00:00-05:00': {'Open': 409.70001220703125, 'High': 424.8800048828125, 'Low': 402.3800048828125, 'Close': 424.7699890136719, 'Volume': 104287600, 'Dividends': 0.0, 'Stock Splits': 0.0}, '2024-12-12 00:00:00-05:00': {'Open': 424.8399963378906, 'High': 429.29998779296875, 'Low': 415.0, 'Close': 418.1000061035156, 'Volume': 87752200, 'Dividends': 0.0, 'Stock Splits': 0.0}, '2024-12-13 00:00:00-05:00': {'Open': 420.0, 'High': 436.29998779296875, 'Low': 415.7099914550781, 'Close': 436.2300109863281, 'Volume': 89000200, 'Dividends': 0.0, 'Stock Splits': 0.0}, '2024-12-16 00:00:00-05:00': {'Open': 441.0899963378906, 'High': 463.19000244140625, 'Low': 436.1499938964844, 'Close': 463.0199890136719, 'Volume': 114083800, 'Dividends': 0.0, 'Stock Splits': 0.0}, '2024-12-17 00:00:00-05:00': {'Open': 475.8999938964844, 'High': 483.989990234375, 'Low': 457.510009765625, 'Close': 479.8599853515625, 'Volume': 131223000, 'Dividends': 0.0, 'Stock Splits': 0.0}, '2024-12-18 00:00:00-05:00': {'Open': 466.5, 'High': 488.5400085449219, 'Low': 427.010009765625, 'Close': 440.1300048828125, 'Volume': 149340800, 'Dividends': 0.0, 'Stock Splits': 0.0}, '2024-12-19 00:00:00-05:00': {'Open': 451.8800048828125, 'High': 456.3599853515625, 'Low': 420.0199890136719, 'Close': 436.1700134277344, 'Volume': 118566100, 'Dividends': 0.0, 'Stock Splits': 0.0}, '2024-12-20 00:00:00-05:00': {'Open': 425.510009765625, 'High': 447.0799865722656, 'Low': 417.6400146484375, 'Close': 421.05999755859375, 'Volume': 132216200, 'Dividends': 0.0, 'Stock Splits': 0.0}, '2024-12-23 00:00:00-05:00': {'Open': 431.0, 'High': 434.510009765625, 'Low': 415.4100036621094, 'Close': 430.6000061035156, 'Volume': 72698100, 'Dividends': 0.0, 'Stock Splits': 0.0}, '2024-12-24 00:00:00-05:00': {'Open': 435.8999938964844, 'High': 462.7799987792969, 'Low': 435.1400146484375, 'Close': 462.2799987792969, 'Volume': 59551800, 'Dividends': 0.0, 'Stock Splits': 0.0}, '2024-12-26 00:00:00-05:00': {'Open': 465.1600036621094, 'High': 465.3299865722656, 'Low': 451.0199890136719, 'Close': 454.1300048828125, 'Volume': 76366400, 'Dividends': 0.0, 'Stock Splits': 0.0}, '2024-12-27 00:00:00-05:00': {'Open': 449.5199890136719, 'High': 450.0, 'Low': 426.5, 'Close': 431.6600036621094, 'Volume': 82666800, 'Dividends': 0.0, 'Stock Splits': 0.0}, '2024-12-30 00:00:00-05:00': {'Open': 419.3999938964844, 'High': 427.0, 'Low': 415.75, 'Close': 417.4100036621094, 'Volume': 64941000, 'Dividends': 0.0, 'Stock Splits': 0.0}}
[2025-02-25T10:08:19.585+0000] {python.py:194} INFO - Done. Returned value was: None
[2025-02-25T10:08:19.627+0000] {taskinstance.py:1400} INFO - Marking task as SUCCESS. dag_id=yfinance_python_processing_dag, task_id=fetch_data, execution_date=20241201T000000, start_date=20250225T100817, end_date=20250225T100819
[2025-02-25T10:08:19.774+0000] {local_task_job_runner.py:228} INFO - Task exited with return code 0
[2025-02-25T10:08:19.865+0000] {taskinstance.py:2784} INFO - 1 downstream tasks scheduled from follow-on schedule check
