[2025-02-24T16:17:39.173+0000] {taskinstance.py:1159} INFO - Dependencies all met for dep_context=non-requeueable deps ti=<TaskInstance: coingecko_mapreduce_dag.run_mapreduce_job scheduled__2025-02-23T00:00:00+00:00 [queued]>
[2025-02-24T16:17:39.185+0000] {taskinstance.py:1159} INFO - Dependencies all met for dep_context=requeueable deps ti=<TaskInstance: coingecko_mapreduce_dag.run_mapreduce_job scheduled__2025-02-23T00:00:00+00:00 [queued]>
[2025-02-24T16:17:39.185+0000] {taskinstance.py:1361} INFO - Starting attempt 1 of 2
[2025-02-24T16:17:39.205+0000] {taskinstance.py:1382} INFO - Executing <Task(BashOperator): run_mapreduce_job> on 2025-02-23 00:00:00+00:00
[2025-02-24T16:17:39.211+0000] {standard_task_runner.py:57} INFO - Started process 2921 to run task
[2025-02-24T16:17:39.216+0000] {standard_task_runner.py:84} INFO - Running: ['***', 'tasks', 'run', 'coingecko_mapreduce_dag', 'run_mapreduce_job', 'scheduled__2025-02-23T00:00:00+00:00', '--job-id', '18', '--raw', '--subdir', 'DAGS_FOLDER/test_hello.py', '--cfg-path', '/tmp/tmpie83a2ky']
[2025-02-24T16:17:39.219+0000] {standard_task_runner.py:85} INFO - Job 18: Subtask run_mapreduce_job
[2025-02-24T16:17:39.281+0000] {task_command.py:415} INFO - Running <TaskInstance: coingecko_mapreduce_dag.run_mapreduce_job scheduled__2025-02-23T00:00:00+00:00 [running]> on host 94f70d9be3b1
[2025-02-24T16:17:39.460+0000] {taskinstance.py:1660} INFO - Exporting env vars: AIRFLOW_CTX_DAG_OWNER='etudiant' AIRFLOW_CTX_DAG_ID='coingecko_mapreduce_dag' AIRFLOW_CTX_TASK_ID='run_mapreduce_job' AIRFLOW_CTX_EXECUTION_DATE='2025-02-23T00:00:00+00:00' AIRFLOW_CTX_TRY_NUMBER='1' AIRFLOW_CTX_DAG_RUN_ID='scheduled__2025-02-23T00:00:00+00:00'
[2025-02-24T16:17:39.463+0000] {subprocess.py:63} INFO - Tmp dir root location: /tmp
[2025-02-24T16:17:39.464+0000] {subprocess.py:75} INFO - Running command: ['/bin/bash', '-c', '\n        docker exec -i -u root namenode hdfs dfs -rm -r /user/etudiant/crypto/processed/YYYY=2025/MM=02/DD=23 || true &&         docker exec -i -u root namenode hadoop jar /opt/hadoop-3.2.1/share/hadoop/tools/lib/hadoop-streaming-3.2.1.jar             -file /mnt/hadoop_data/mapper.py -mapper "python3 mapper.py"             -file /mnt/hadoop_data/reducer.py -reducer "python3 reducer.py"             -input /user/etudiant/crypto/raw/YYYY=2025/MM=02/DD=23/coingecko_raw.json             -output /user/etudiant/crypto/processed/YYYY=2025/MM=02/DD=23\n        ']
[2025-02-24T16:17:39.479+0000] {subprocess.py:86} INFO - Output:
[2025-02-24T16:17:41.690+0000] {subprocess.py:93} INFO - rm: `/user/etudiant/crypto/processed/YYYY=2025/MM=02/DD=23': No such file or directory
[2025-02-24T16:17:43.274+0000] {subprocess.py:93} INFO - 2025-02-24 16:17:43,271 WARN streaming.StreamJob: -file option is deprecated, please use generic option -files instead.
[2025-02-24T16:17:44.728+0000] {subprocess.py:93} INFO - packageJobJar: [/mnt/hadoop_data/mapper.py, /mnt/hadoop_data/reducer.py] [] /tmp/streamjob7353402341095922552.jar tmpDir=null
[2025-02-24T16:17:44.735+0000] {subprocess.py:93} INFO - Exception in thread "main" java.io.IOException: expanding mapper.py would create file outside of /.
[2025-02-24T16:17:44.736+0000] {subprocess.py:93} INFO - 	at org.apache.hadoop.util.RunJar.unJar(RunJar.java:199)
[2025-02-24T16:17:44.736+0000] {subprocess.py:93} INFO - 	at org.apache.hadoop.streaming.StreamJob.submitAndMonitorJob(StreamJob.java:1011)
[2025-02-24T16:17:44.737+0000] {subprocess.py:93} INFO - 	at org.apache.hadoop.streaming.StreamJob.run(StreamJob.java:135)
[2025-02-24T16:17:44.737+0000] {subprocess.py:93} INFO - 	at org.apache.hadoop.util.ToolRunner.run(ToolRunner.java:76)
[2025-02-24T16:17:44.738+0000] {subprocess.py:93} INFO - 	at org.apache.hadoop.util.ToolRunner.run(ToolRunner.java:90)
[2025-02-24T16:17:44.738+0000] {subprocess.py:93} INFO - 	at org.apache.hadoop.streaming.HadoopStreaming.main(HadoopStreaming.java:50)
[2025-02-24T16:17:44.739+0000] {subprocess.py:93} INFO - 	at sun.reflect.NativeMethodAccessorImpl.invoke0(Native Method)
[2025-02-24T16:17:44.739+0000] {subprocess.py:93} INFO - 	at sun.reflect.NativeMethodAccessorImpl.invoke(NativeMethodAccessorImpl.java:62)
[2025-02-24T16:17:44.740+0000] {subprocess.py:93} INFO - 	at sun.reflect.DelegatingMethodAccessorImpl.invoke(DelegatingMethodAccessorImpl.java:43)
[2025-02-24T16:17:44.740+0000] {subprocess.py:93} INFO - 	at java.lang.reflect.Method.invoke(Method.java:498)
[2025-02-24T16:17:44.741+0000] {subprocess.py:93} INFO - 	at org.apache.hadoop.util.RunJar.run(RunJar.java:323)
[2025-02-24T16:17:44.741+0000] {subprocess.py:93} INFO - 	at org.apache.hadoop.util.RunJar.main(RunJar.java:236)
[2025-02-24T16:17:45.126+0000] {subprocess.py:97} INFO - Command exited with return code 1
[2025-02-24T16:17:45.147+0000] {taskinstance.py:1943} ERROR - Task failed with exception
Traceback (most recent call last):
  File "/home/airflow/.local/lib/python3.8/site-packages/airflow/operators/bash.py", line 210, in execute
    raise AirflowException(
airflow.exceptions.AirflowException: Bash command failed. The command returned a non-zero exit code 1.
[2025-02-24T16:17:45.156+0000] {taskinstance.py:1400} INFO - Marking task as UP_FOR_RETRY. dag_id=coingecko_mapreduce_dag, task_id=run_mapreduce_job, execution_date=20250223T000000, start_date=20250224T161739, end_date=20250224T161745
[2025-02-24T16:17:45.178+0000] {standard_task_runner.py:104} ERROR - Failed to execute job 18 for task run_mapreduce_job (Bash command failed. The command returned a non-zero exit code 1.; 2921)
[2025-02-24T16:17:45.197+0000] {local_task_job_runner.py:228} INFO - Task exited with return code 1
[2025-02-24T16:17:45.217+0000] {taskinstance.py:2784} INFO - 0 downstream tasks scheduled from follow-on schedule check
