[2025-02-25T09:50:59.573+0000] {taskinstance.py:1159} INFO - Dependencies all met for dep_context=non-requeueable deps ti=<TaskInstance: yfinance_ingestion_dag.store_raw_data_in_hdfs scheduled__2025-02-11T00:00:00+00:00 [queued]>
[2025-02-25T09:50:59.674+0000] {taskinstance.py:1159} INFO - Dependencies all met for dep_context=requeueable deps ti=<TaskInstance: yfinance_ingestion_dag.store_raw_data_in_hdfs scheduled__2025-02-11T00:00:00+00:00 [queued]>
[2025-02-25T09:50:59.679+0000] {taskinstance.py:1361} INFO - Starting attempt 1 of 2
[2025-02-25T09:50:59.806+0000] {taskinstance.py:1382} INFO - Executing <Task(PythonOperator): store_raw_data_in_hdfs> on 2025-02-11 00:00:00+00:00
[2025-02-25T09:50:59.827+0000] {standard_task_runner.py:57} INFO - Started process 1172 to run task
[2025-02-25T09:50:59.868+0000] {standard_task_runner.py:84} INFO - Running: ['***', 'tasks', 'run', 'yfinance_ingestion_dag', 'store_raw_data_in_hdfs', 'scheduled__2025-02-11T00:00:00+00:00', '--job-id', '122', '--raw', '--subdir', 'DAGS_FOLDER/test_hello.py', '--cfg-path', '/tmp/tmpm36ciebn']
[2025-02-25T09:50:59.896+0000] {standard_task_runner.py:85} INFO - Job 122: Subtask store_raw_data_in_hdfs
[2025-02-25T09:51:00.233+0000] {task_command.py:415} INFO - Running <TaskInstance: yfinance_ingestion_dag.store_raw_data_in_hdfs scheduled__2025-02-11T00:00:00+00:00 [running]> on host 6dbd75e48aaa
[2025-02-25T09:51:00.778+0000] {taskinstance.py:1660} INFO - Exporting env vars: AIRFLOW_CTX_DAG_OWNER='etudiant' AIRFLOW_CTX_DAG_ID='yfinance_ingestion_dag' AIRFLOW_CTX_TASK_ID='store_raw_data_in_hdfs' AIRFLOW_CTX_EXECUTION_DATE='2025-02-11T00:00:00+00:00' AIRFLOW_CTX_TRY_NUMBER='1' AIRFLOW_CTX_DAG_RUN_ID='scheduled__2025-02-11T00:00:00+00:00'
[2025-02-25T09:51:39.087+0000] {python.py:194} INFO - Done. Returned value was: None
[2025-02-25T09:51:39.178+0000] {taskinstance.py:1400} INFO - Marking task as SUCCESS. dag_id=yfinance_ingestion_dag, task_id=store_raw_data_in_hdfs, execution_date=20250211T000000, start_date=20250225T095059, end_date=20250225T095139
[2025-02-25T09:51:39.385+0000] {local_task_job_runner.py:228} INFO - Task exited with return code 0
[2025-02-25T09:51:39.524+0000] {taskinstance.py:2784} INFO - 0 downstream tasks scheduled from follow-on schedule check
[2025-02-26T20:45:52.084+0000] {taskinstance.py:1159} INFO - Dependencies all met for dep_context=non-requeueable deps ti=<TaskInstance: yfinance_ingestion_dag.store_raw_data_in_hdfs scheduled__2025-02-11T00:00:00+00:00 [queued]>
[2025-02-26T20:45:52.101+0000] {taskinstance.py:1159} INFO - Dependencies all met for dep_context=requeueable deps ti=<TaskInstance: yfinance_ingestion_dag.store_raw_data_in_hdfs scheduled__2025-02-11T00:00:00+00:00 [queued]>
[2025-02-26T20:45:52.102+0000] {taskinstance.py:1361} INFO - Starting attempt 1 of 2
[2025-02-26T20:45:52.317+0000] {taskinstance.py:1382} INFO - Executing <Task(PythonOperator): store_raw_data_in_hdfs> on 2025-02-11 00:00:00+00:00
[2025-02-26T20:45:52.327+0000] {standard_task_runner.py:57} INFO - Started process 2682 to run task
[2025-02-26T20:45:52.331+0000] {standard_task_runner.py:84} INFO - Running: ['***', 'tasks', 'run', 'yfinance_ingestion_dag', 'store_raw_data_in_hdfs', 'scheduled__2025-02-11T00:00:00+00:00', '--job-id', '390', '--raw', '--subdir', 'DAGS_FOLDER/pipeline.py', '--cfg-path', '/tmp/tmpa0mg8a5d']
[2025-02-26T20:45:52.335+0000] {standard_task_runner.py:85} INFO - Job 390: Subtask store_raw_data_in_hdfs
[2025-02-26T20:45:52.415+0000] {task_command.py:415} INFO - Running <TaskInstance: yfinance_ingestion_dag.store_raw_data_in_hdfs scheduled__2025-02-11T00:00:00+00:00 [running]> on host 3c0faf52b292
[2025-02-26T20:45:52.629+0000] {taskinstance.py:1660} INFO - Exporting env vars: AIRFLOW_CTX_DAG_OWNER='etudiant' AIRFLOW_CTX_DAG_ID='yfinance_ingestion_dag' AIRFLOW_CTX_TASK_ID='store_raw_data_in_hdfs' AIRFLOW_CTX_EXECUTION_DATE='2025-02-11T00:00:00+00:00' AIRFLOW_CTX_TRY_NUMBER='1' AIRFLOW_CTX_DAG_RUN_ID='scheduled__2025-02-11T00:00:00+00:00'
[2025-02-26T20:46:01.553+0000] {python.py:194} INFO - Done. Returned value was: None
[2025-02-26T20:46:01.597+0000] {taskinstance.py:1400} INFO - Marking task as SUCCESS. dag_id=yfinance_ingestion_dag, task_id=store_raw_data_in_hdfs, execution_date=20250211T000000, start_date=20250226T204552, end_date=20250226T204601
[2025-02-26T20:46:02.426+0000] {local_task_job_runner.py:228} INFO - Task exited with return code 0
[2025-02-26T20:46:02.477+0000] {taskinstance.py:2784} INFO - 1 downstream tasks scheduled from follow-on schedule check
[2025-02-27T14:56:07.839+0000] {taskinstance.py:1157} INFO - Dependencies all met for dep_context=non-requeueable deps ti=<TaskInstance: yfinance_ingestion_dag.store_raw_data_in_hdfs scheduled__2025-02-11T00:00:00+00:00 [queued]>
[2025-02-27T14:56:07.876+0000] {taskinstance.py:1157} INFO - Dependencies all met for dep_context=requeueable deps ti=<TaskInstance: yfinance_ingestion_dag.store_raw_data_in_hdfs scheduled__2025-02-11T00:00:00+00:00 [queued]>
[2025-02-27T14:56:07.880+0000] {taskinstance.py:1359} INFO - Starting attempt 1 of 1
[2025-02-27T14:56:07.924+0000] {taskinstance.py:1380} INFO - Executing <Task(PythonOperator): store_raw_data_in_hdfs> on 2025-02-11 00:00:00+00:00
[2025-02-27T14:56:07.935+0000] {standard_task_runner.py:57} INFO - Started process 465 to run task
[2025-02-27T14:56:07.941+0000] {standard_task_runner.py:84} INFO - Running: ['***', 'tasks', 'run', 'yfinance_ingestion_dag', 'store_raw_data_in_hdfs', 'scheduled__2025-02-11T00:00:00+00:00', '--job-id', '93', '--raw', '--subdir', 'DAGS_FOLDER/pipeline.py', '--cfg-path', '/tmp/tmpkzxb9mxz']
[2025-02-27T14:56:07.945+0000] {standard_task_runner.py:85} INFO - Job 93: Subtask store_raw_data_in_hdfs
[2025-02-27T14:56:08.076+0000] {task_command.py:415} INFO - Running <TaskInstance: yfinance_ingestion_dag.store_raw_data_in_hdfs scheduled__2025-02-11T00:00:00+00:00 [running]> on host a71f042480b6
[2025-02-27T14:56:08.297+0000] {taskinstance.py:1660} INFO - Exporting env vars: AIRFLOW_CTX_DAG_OWNER='etudiant' AIRFLOW_CTX_DAG_ID='yfinance_ingestion_dag' AIRFLOW_CTX_TASK_ID='store_raw_data_in_hdfs' AIRFLOW_CTX_EXECUTION_DATE='2025-02-11T00:00:00+00:00' AIRFLOW_CTX_TRY_NUMBER='1' AIRFLOW_CTX_DAG_RUN_ID='scheduled__2025-02-11T00:00:00+00:00'
[2025-02-27T14:56:08.325+0000] {taskinstance.py:1935} ERROR - Task failed with exception
Traceback (most recent call last):
  File "/home/airflow/.local/lib/python3.8/site-packages/airflow/operators/python.py", line 192, in execute
    return_value = self.execute_callable()
  File "/home/airflow/.local/lib/python3.8/site-packages/airflow/operators/python.py", line 209, in execute_callable
    return self.python_callable(*self.op_args, **self.op_kwargs)
  File "/opt/airflow/dags/pipeline.py", line 82, in store_raw_data_in_hdfs
    with open(local_file, 'w') as f:
PermissionError: [Errno 13] Permission denied: '/mnt/hadoop_data/yfinance_raw.json'
[2025-02-27T14:56:08.356+0000] {taskinstance.py:1398} INFO - Marking task as FAILED. dag_id=yfinance_ingestion_dag, task_id=store_raw_data_in_hdfs, execution_date=20250211T000000, start_date=20250227T145607, end_date=20250227T145608
[2025-02-27T14:56:08.382+0000] {standard_task_runner.py:104} ERROR - Failed to execute job 93 for task store_raw_data_in_hdfs ([Errno 13] Permission denied: '/mnt/hadoop_data/yfinance_raw.json'; 465)
[2025-02-27T14:56:08.440+0000] {local_task_job_runner.py:228} INFO - Task exited with return code 1
[2025-02-27T14:56:08.661+0000] {taskinstance.py:2776} INFO - 0 downstream tasks scheduled from follow-on schedule check
