[2025-02-22T20:53:35.531+0000] {taskinstance.py:1159} INFO - Dependencies all met for dep_context=non-requeueable deps ti=<TaskInstance: coingecko_ingestion_dag.store_raw_data_in_hdfs manual__2025-02-22T20:48:20.394464+00:00 [queued]>
[2025-02-22T20:53:35.543+0000] {taskinstance.py:1159} INFO - Dependencies all met for dep_context=requeueable deps ti=<TaskInstance: coingecko_ingestion_dag.store_raw_data_in_hdfs manual__2025-02-22T20:48:20.394464+00:00 [queued]>
[2025-02-22T20:53:35.544+0000] {taskinstance.py:1361} INFO - Starting attempt 2 of 2
[2025-02-22T20:53:35.564+0000] {taskinstance.py:1382} INFO - Executing <Task(PythonOperator): store_raw_data_in_hdfs> on 2025-02-22 20:48:20.394464+00:00
[2025-02-22T20:53:35.570+0000] {standard_task_runner.py:57} INFO - Started process 69 to run task
[2025-02-22T20:53:35.573+0000] {standard_task_runner.py:84} INFO - Running: ['***', 'tasks', 'run', 'coingecko_ingestion_dag', 'store_raw_data_in_hdfs', 'manual__2025-02-22T20:48:20.394464+00:00', '--job-id', '203', '--raw', '--subdir', 'DAGS_FOLDER/pipeline.py', '--cfg-path', '/tmp/tmpqcjcamhm']
[2025-02-22T20:53:35.575+0000] {standard_task_runner.py:85} INFO - Job 203: Subtask store_raw_data_in_hdfs
[2025-02-22T20:53:35.678+0000] {task_command.py:415} INFO - Running <TaskInstance: coingecko_ingestion_dag.store_raw_data_in_hdfs manual__2025-02-22T20:48:20.394464+00:00 [running]> on host 5fdfec269bbd
[2025-02-22T20:53:35.824+0000] {taskinstance.py:1660} INFO - Exporting env vars: AIRFLOW_CTX_DAG_OWNER='etudiant' AIRFLOW_CTX_DAG_ID='coingecko_ingestion_dag' AIRFLOW_CTX_TASK_ID='store_raw_data_in_hdfs' AIRFLOW_CTX_EXECUTION_DATE='2025-02-22T20:48:20.394464+00:00' AIRFLOW_CTX_TRY_NUMBER='2' AIRFLOW_CTX_DAG_RUN_ID='manual__2025-02-22T20:48:20.394464+00:00'
[2025-02-22T20:53:35.827+0000] {taskinstance.py:1943} ERROR - Task failed with exception
Traceback (most recent call last):
  File "/home/airflow/.local/lib/python3.8/site-packages/airflow/operators/python.py", line 192, in execute
    return_value = self.execute_callable()
  File "/home/airflow/.local/lib/python3.8/site-packages/airflow/operators/python.py", line 209, in execute_callable
    return self.python_callable(*self.op_args, **self.op_kwargs)
  File "/opt/airflow/dags/pipeline.py", line 113, in store_raw_data_in_hdfs
    import hdfs3
ModuleNotFoundError: No module named 'hdfs3'
[2025-02-22T20:53:35.840+0000] {taskinstance.py:1400} INFO - Marking task as FAILED. dag_id=coingecko_ingestion_dag, task_id=store_raw_data_in_hdfs, execution_date=20250222T204820, start_date=20250222T205335, end_date=20250222T205335
[2025-02-22T20:53:35.856+0000] {standard_task_runner.py:104} ERROR - Failed to execute job 203 for task store_raw_data_in_hdfs (No module named 'hdfs3'; 69)
[2025-02-22T20:53:35.868+0000] {local_task_job_runner.py:228} INFO - Task exited with return code 1
[2025-02-22T20:53:35.887+0000] {taskinstance.py:2784} INFO - 0 downstream tasks scheduled from follow-on schedule check
