[2025-02-26T19:30:21.970+0000] {taskinstance.py:1159} INFO - Dependencies all met for dep_context=non-requeueable deps ti=<TaskInstance: yfinance_ingestion_and_process_dag.run_mapreduce scheduled__2025-01-17T00:00:00+00:00 [queued]>
[2025-02-26T19:30:22.097+0000] {taskinstance.py:1159} INFO - Dependencies all met for dep_context=requeueable deps ti=<TaskInstance: yfinance_ingestion_and_process_dag.run_mapreduce scheduled__2025-01-17T00:00:00+00:00 [queued]>
[2025-02-26T19:30:22.119+0000] {taskinstance.py:1361} INFO - Starting attempt 1 of 2
[2025-02-26T19:30:22.364+0000] {taskinstance.py:1382} INFO - Executing <Task(BashOperator): run_mapreduce> on 2025-01-17 00:00:00+00:00
[2025-02-26T19:30:22.395+0000] {standard_task_runner.py:57} INFO - Started process 664 to run task
[2025-02-26T19:30:22.465+0000] {standard_task_runner.py:84} INFO - Running: ['***', 'tasks', 'run', 'yfinance_ingestion_and_process_dag', 'run_mapreduce', 'scheduled__2025-01-17T00:00:00+00:00', '--job-id', '335', '--raw', '--subdir', 'DAGS_FOLDER/pipeline.py', '--cfg-path', '/tmp/tmp2dv463jr']
[2025-02-26T19:30:22.527+0000] {standard_task_runner.py:85} INFO - Job 335: Subtask run_mapreduce
[2025-02-26T19:30:23.078+0000] {task_command.py:415} INFO - Running <TaskInstance: yfinance_ingestion_and_process_dag.run_mapreduce scheduled__2025-01-17T00:00:00+00:00 [running]> on host fc9f30cfdaf1
[2025-02-26T19:30:25.215+0000] {taskinstance.py:1660} INFO - Exporting env vars: AIRFLOW_CTX_DAG_OWNER='etudiant' AIRFLOW_CTX_DAG_ID='yfinance_ingestion_and_process_dag' AIRFLOW_CTX_TASK_ID='run_mapreduce' AIRFLOW_CTX_EXECUTION_DATE='2025-01-17T00:00:00+00:00' AIRFLOW_CTX_TRY_NUMBER='1' AIRFLOW_CTX_DAG_RUN_ID='scheduled__2025-01-17T00:00:00+00:00'
[2025-02-26T19:30:25.233+0000] {subprocess.py:63} INFO - Tmp dir root location: /tmp
[2025-02-26T19:30:25.240+0000] {subprocess.py:75} INFO - Running command: ['/bin/bash', '-c', '\n        docker exec -i -u root namenode bash -c \'         cd /tmp &&         cp /mnt/hadoop_data/mapreduce/mapper.py . &&         cp /mnt/hadoop_data/mapreduce/reducer.py . &&         chmod +x mapper.py reducer.py &&         hdfs dfs -rm -r hdfs:///user/etudiant/crypto/processed/YYYY=2025/MM=01/DD=17 || true &&         hadoop jar /opt/hadoop-3.2.1/share/hadoop/tools/lib/hadoop-streaming-3.2.1.jar         -files mapper.py,reducer.py         -mapper "python mapper.py"         -reducer "python reducer.py"         -input hdfs:///user/etudiant/crypto/raw/YYYY=2025/MM=01/DD=17/yfinance_raw.json         -output hdfs:///user/etudiant/crypto/processed/YYYY=2025/MM=01/DD=17\'\n        ']
[2025-02-26T19:30:25.374+0000] {subprocess.py:86} INFO - Output:
[2025-02-26T19:30:43.288+0000] {subprocess.py:93} INFO - rm: `hdfs:///user/etudiant/crypto/processed/YYYY=2025/MM=01/DD=17': No such file or directory
[2025-02-26T19:31:06.176+0000] {subprocess.py:93} INFO - 2025-02-26 19:31:06,172 INFO impl.MetricsConfig: Loaded properties from hadoop-metrics2.properties
[2025-02-26T19:31:07.335+0000] {subprocess.py:93} INFO - 2025-02-26 19:31:07,327 INFO impl.MetricsSystemImpl: Scheduled Metric snapshot period at 10 second(s).
[2025-02-26T19:31:07.336+0000] {subprocess.py:93} INFO - 2025-02-26 19:31:07,329 INFO impl.MetricsSystemImpl: JobTracker metrics system started
[2025-02-26T19:31:07.800+0000] {subprocess.py:93} INFO - 2025-02-26 19:31:07,687 WARN impl.MetricsSystemImpl: JobTracker metrics system already initialized!
[2025-02-26T19:31:12.019+0000] {subprocess.py:93} INFO - 2025-02-26 19:31:11,996 INFO mapred.FileInputFormat: Total input files to process : 1
[2025-02-26T19:31:12.598+0000] {subprocess.py:93} INFO - 2025-02-26 19:31:12,582 INFO mapreduce.JobSubmitter: number of splits:1
[2025-02-26T19:31:14.249+0000] {subprocess.py:93} INFO - 2025-02-26 19:31:14,242 INFO mapreduce.JobSubmitter: Submitting tokens for job: job_local1619451645_0001
[2025-02-26T19:31:14.251+0000] {subprocess.py:93} INFO - 2025-02-26 19:31:14,242 INFO mapreduce.JobSubmitter: Executing with tokens: []
[2025-02-26T19:31:18.440+0000] {subprocess.py:93} INFO - 2025-02-26 19:31:18,429 INFO mapred.LocalDistributedCacheManager: Localized file:/tmp/mapper.py as file:/tmp/hadoop-root/mapred/local/job_local1619451645_0001_f5cf7250-1dc9-43b1-b0ca-bd9c0fa17bb5/mapper.py
[2025-02-26T19:31:19.227+0000] {subprocess.py:93} INFO - 2025-02-26 19:31:19,192 INFO mapred.LocalDistributedCacheManager: Localized file:/tmp/reducer.py as file:/tmp/hadoop-root/mapred/local/job_local1619451645_0001_2588f2ba-5c8d-4298-b917-5400588d4905/reducer.py
[2025-02-26T19:31:20.989+0000] {subprocess.py:93} INFO - 2025-02-26 19:31:20,986 INFO mapreduce.Job: The url to track the job: http://localhost:8080/
[2025-02-26T19:31:20.998+0000] {subprocess.py:93} INFO - 2025-02-26 19:31:20,996 INFO mapreduce.Job: Running job: job_local1619451645_0001
[2025-02-26T19:31:21.059+0000] {subprocess.py:93} INFO - 2025-02-26 19:31:21,037 INFO mapred.LocalJobRunner: OutputCommitter set in config null
[2025-02-26T19:31:21.091+0000] {subprocess.py:93} INFO - 2025-02-26 19:31:21,072 INFO mapred.LocalJobRunner: OutputCommitter is org.apache.hadoop.mapred.FileOutputCommitter
[2025-02-26T19:31:21.272+0000] {subprocess.py:93} INFO - 2025-02-26 19:31:21,204 INFO output.FileOutputCommitter: File Output Committer Algorithm version is 2
[2025-02-26T19:31:21.276+0000] {subprocess.py:93} INFO - 2025-02-26 19:31:21,204 INFO output.FileOutputCommitter: FileOutputCommitter skip cleanup _temporary folders under output directory:false, ignore cleanup failures: false
[2025-02-26T19:31:21.723+0000] {subprocess.py:93} INFO - 2025-02-26 19:31:21,717 INFO mapred.LocalJobRunner: Waiting for map tasks
[2025-02-26T19:31:21.893+0000] {subprocess.py:93} INFO - 2025-02-26 19:31:21,878 INFO mapred.LocalJobRunner: Starting task: attempt_local1619451645_0001_m_000000_0
[2025-02-26T19:31:22.129+0000] {subprocess.py:93} INFO - 2025-02-26 19:31:22,112 INFO mapreduce.Job: Job job_local1619451645_0001 running in uber mode : false
[2025-02-26T19:31:22.139+0000] {subprocess.py:93} INFO - 2025-02-26 19:31:22,114 INFO mapreduce.Job:  map 0% reduce 0%
[2025-02-26T19:31:22.963+0000] {subprocess.py:93} INFO - 2025-02-26 19:31:22,919 INFO output.FileOutputCommitter: File Output Committer Algorithm version is 2
[2025-02-26T19:31:22.996+0000] {subprocess.py:93} INFO - 2025-02-26 19:31:22,919 INFO output.FileOutputCommitter: FileOutputCommitter skip cleanup _temporary folders under output directory:false, ignore cleanup failures: false
[2025-02-26T19:31:23.395+0000] {subprocess.py:93} INFO - 2025-02-26 19:31:23,378 INFO mapred.Task:  Using ResourceCalculatorProcessTree : [ ]
[2025-02-26T19:31:23.740+0000] {subprocess.py:93} INFO - 2025-02-26 19:31:23,715 INFO mapred.MapTask: Processing split: hdfs://namenode:9000/user/etudiant/crypto/raw/YYYY=2025/MM=01/DD=17/yfinance_raw.json:0+23882
[2025-02-26T19:31:25.402+0000] {subprocess.py:93} INFO - 2025-02-26 19:31:25,395 INFO mapred.MapTask: numReduceTasks: 1
[2025-02-26T19:31:26.092+0000] {subprocess.py:93} INFO - 2025-02-26 19:31:26,088 INFO mapred.MapTask: (EQUATOR) 0 kvi 26214396(104857584)
[2025-02-26T19:31:26.096+0000] {subprocess.py:93} INFO - 2025-02-26 19:31:26,089 INFO mapred.MapTask: mapreduce.task.io.sort.mb: 100
[2025-02-26T19:31:26.100+0000] {subprocess.py:93} INFO - 2025-02-26 19:31:26,089 INFO mapred.MapTask: soft limit at 83886080
[2025-02-26T19:31:26.102+0000] {subprocess.py:93} INFO - 2025-02-26 19:31:26,090 INFO mapred.MapTask: bufstart = 0; bufvoid = 104857600
[2025-02-26T19:31:26.111+0000] {subprocess.py:93} INFO - 2025-02-26 19:31:26,090 INFO mapred.MapTask: kvstart = 26214396; length = 6553600
[2025-02-26T19:31:26.121+0000] {subprocess.py:93} INFO - 2025-02-26 19:31:26,113 INFO mapred.MapTask: Map output collector class = org.apache.hadoop.mapred.MapTask$MapOutputBuffer
[2025-02-26T19:31:26.161+0000] {subprocess.py:93} INFO - 2025-02-26 19:31:26,157 INFO streaming.PipeMapRed: PipeMapRed exec [/usr/bin/python, mapper.py]
[2025-02-26T19:31:26.220+0000] {subprocess.py:93} INFO - 2025-02-26 19:31:26,199 INFO Configuration.deprecation: mapred.work.output.dir is deprecated. Instead, use mapreduce.task.output.dir
[2025-02-26T19:31:26.228+0000] {subprocess.py:93} INFO - 2025-02-26 19:31:26,201 INFO Configuration.deprecation: map.input.start is deprecated. Instead, use mapreduce.map.input.start
[2025-02-26T19:31:26.239+0000] {subprocess.py:93} INFO - 2025-02-26 19:31:26,201 INFO Configuration.deprecation: mapred.task.is.map is deprecated. Instead, use mapreduce.task.ismap
[2025-02-26T19:31:26.247+0000] {subprocess.py:93} INFO - 2025-02-26 19:31:26,202 INFO Configuration.deprecation: mapred.task.id is deprecated. Instead, use mapreduce.task.attempt.id
[2025-02-26T19:31:26.248+0000] {subprocess.py:93} INFO - 2025-02-26 19:31:26,235 INFO Configuration.deprecation: mapred.tip.id is deprecated. Instead, use mapreduce.task.id
[2025-02-26T19:31:26.249+0000] {subprocess.py:93} INFO - 2025-02-26 19:31:26,235 INFO Configuration.deprecation: mapred.local.dir is deprecated. Instead, use mapreduce.cluster.local.dir
[2025-02-26T19:31:26.259+0000] {subprocess.py:93} INFO - 2025-02-26 19:31:26,236 INFO Configuration.deprecation: map.input.file is deprecated. Instead, use mapreduce.map.input.file
[2025-02-26T19:31:26.261+0000] {subprocess.py:93} INFO - 2025-02-26 19:31:26,236 INFO Configuration.deprecation: mapred.skip.on is deprecated. Instead, use mapreduce.job.skiprecords
[2025-02-26T19:31:26.263+0000] {subprocess.py:93} INFO - 2025-02-26 19:31:26,236 INFO Configuration.deprecation: map.input.length is deprecated. Instead, use mapreduce.map.input.length
[2025-02-26T19:31:26.264+0000] {subprocess.py:93} INFO - 2025-02-26 19:31:26,252 INFO Configuration.deprecation: mapred.job.id is deprecated. Instead, use mapreduce.job.id
[2025-02-26T19:31:26.275+0000] {subprocess.py:93} INFO - 2025-02-26 19:31:26,252 INFO Configuration.deprecation: user.name is deprecated. Instead, use mapreduce.job.user.name
[2025-02-26T19:31:26.290+0000] {subprocess.py:93} INFO - 2025-02-26 19:31:26,252 INFO Configuration.deprecation: mapred.task.partition is deprecated. Instead, use mapreduce.task.partition
[2025-02-26T19:31:26.625+0000] {subprocess.py:93} INFO -   File "mapper.py", line 27
[2025-02-26T19:31:26.637+0000] {subprocess.py:93} INFO -     print(f"{coin}\t{json.dumps(metrics)}")
[2025-02-26T19:31:26.648+0000] {subprocess.py:93} INFO -                                          ^
[2025-02-26T19:31:26.653+0000] {subprocess.py:93} INFO - SyntaxError: invalid syntax
[2025-02-26T19:31:26.740+0000] {subprocess.py:93} INFO - 2025-02-26 19:31:26,691 INFO streaming.PipeMapRed: MRErrorThread done
[2025-02-26T19:31:26.990+0000] {subprocess.py:93} INFO - 2025-02-26 19:31:26,969 INFO sasl.SaslDataTransferClient: SASL encryption trust check: localHostTrusted = false, remoteHostTrusted = false
[2025-02-26T19:31:28.938+0000] {subprocess.py:93} INFO - 2025-02-26 19:31:28,931 INFO streaming.PipeMapRed: R/W/S=1/0/0 in:0=1/2 [rec/s] out:0=0/2 [rec/s]
[2025-02-26T19:31:28.951+0000] {subprocess.py:93} INFO - 2025-02-26 19:31:28,932 INFO streaming.PipeMapRed: R/W/S=10/0/0 in:5=10/2 [rec/s] out:0=0/2 [rec/s]
[2025-02-26T19:31:28.958+0000] {subprocess.py:93} INFO - 2025-02-26 19:31:28,936 INFO streaming.PipeMapRed: R/W/S=100/0/0 in:50=100/2 [rec/s] out:0=0/2 [rec/s]
[2025-02-26T19:31:29.153+0000] {subprocess.py:93} INFO - 2025-02-26 19:31:29,096 WARN streaming.PipeMapRed: {}
[2025-02-26T19:31:29.175+0000] {subprocess.py:93} INFO - java.io.IOException: Stream closed
[2025-02-26T19:31:29.189+0000] {subprocess.py:93} INFO - 	at java.lang.ProcessBuilder$NullOutputStream.write(ProcessBuilder.java:433)
[2025-02-26T19:31:29.202+0000] {subprocess.py:93} INFO - 	at java.io.OutputStream.write(OutputStream.java:116)
[2025-02-26T19:31:29.205+0000] {subprocess.py:93} INFO - 	at java.io.BufferedOutputStream.write(BufferedOutputStream.java:122)
[2025-02-26T19:31:29.206+0000] {subprocess.py:93} INFO - 	at java.io.BufferedOutputStream.flushBuffer(BufferedOutputStream.java:82)
[2025-02-26T19:31:29.206+0000] {subprocess.py:93} INFO - 	at java.io.BufferedOutputStream.flush(BufferedOutputStream.java:140)
[2025-02-26T19:31:29.207+0000] {subprocess.py:93} INFO - 	at java.io.DataOutputStream.flush(DataOutputStream.java:123)
[2025-02-26T19:31:29.229+0000] {subprocess.py:93} INFO - 	at org.apache.hadoop.streaming.PipeMapRed.mapRedFinished(PipeMapRed.java:532)
[2025-02-26T19:31:29.240+0000] {subprocess.py:93} INFO - 	at org.apache.hadoop.streaming.PipeMapper.close(PipeMapper.java:130)
[2025-02-26T19:31:29.242+0000] {subprocess.py:93} INFO - 	at org.apache.hadoop.mapred.MapRunner.run(MapRunner.java:61)
[2025-02-26T19:31:29.243+0000] {subprocess.py:93} INFO - 	at org.apache.hadoop.streaming.PipeMapRunner.run(PipeMapRunner.java:34)
[2025-02-26T19:31:29.256+0000] {subprocess.py:93} INFO - 	at org.apache.hadoop.mapred.MapTask.runOldMapper(MapTask.java:465)
[2025-02-26T19:31:29.258+0000] {subprocess.py:93} INFO - 	at org.apache.hadoop.mapred.MapTask.run(MapTask.java:349)
[2025-02-26T19:31:29.262+0000] {subprocess.py:93} INFO - 	at org.apache.hadoop.mapred.LocalJobRunner$Job$MapTaskRunnable.run(LocalJobRunner.java:271)
[2025-02-26T19:31:29.264+0000] {subprocess.py:93} INFO - 	at java.util.concurrent.Executors$RunnableAdapter.call(Executors.java:511)
[2025-02-26T19:31:29.266+0000] {subprocess.py:93} INFO - 	at java.util.concurrent.FutureTask.run(FutureTask.java:266)
[2025-02-26T19:31:29.267+0000] {subprocess.py:93} INFO - 	at java.util.concurrent.ThreadPoolExecutor.runWorker(ThreadPoolExecutor.java:1149)
[2025-02-26T19:31:29.267+0000] {subprocess.py:93} INFO - 	at java.util.concurrent.ThreadPoolExecutor$Worker.run(ThreadPoolExecutor.java:624)
[2025-02-26T19:31:29.273+0000] {subprocess.py:93} INFO - 	at java.lang.Thread.run(Thread.java:748)
[2025-02-26T19:31:29.277+0000] {subprocess.py:93} INFO - 2025-02-26 19:31:29,154 INFO streaming.PipeMapRed: PipeMapRed failed!
[2025-02-26T19:31:29.282+0000] {subprocess.py:93} INFO - java.lang.RuntimeException: PipeMapRed.waitOutputThreads(): subprocess failed with code 1
[2025-02-26T19:31:29.297+0000] {subprocess.py:93} INFO - 	at org.apache.hadoop.streaming.PipeMapRed.waitOutputThreads(PipeMapRed.java:326)
[2025-02-26T19:31:29.315+0000] {subprocess.py:93} INFO - 	at org.apache.hadoop.streaming.PipeMapRed.mapRedFinished(PipeMapRed.java:539)
[2025-02-26T19:31:29.316+0000] {subprocess.py:93} INFO - 	at org.apache.hadoop.streaming.PipeMapper.close(PipeMapper.java:130)
[2025-02-26T19:31:29.317+0000] {subprocess.py:93} INFO - 	at org.apache.hadoop.mapred.MapRunner.run(MapRunner.java:61)
[2025-02-26T19:31:29.318+0000] {subprocess.py:93} INFO - 	at org.apache.hadoop.streaming.PipeMapRunner.run(PipeMapRunner.java:34)
[2025-02-26T19:31:29.319+0000] {subprocess.py:93} INFO - 	at org.apache.hadoop.mapred.MapTask.runOldMapper(MapTask.java:465)
[2025-02-26T19:31:29.320+0000] {subprocess.py:93} INFO - 	at org.apache.hadoop.mapred.MapTask.run(MapTask.java:349)
[2025-02-26T19:31:29.321+0000] {subprocess.py:93} INFO - 	at org.apache.hadoop.mapred.LocalJobRunner$Job$MapTaskRunnable.run(LocalJobRunner.java:271)
[2025-02-26T19:31:29.322+0000] {subprocess.py:93} INFO - 	at java.util.concurrent.Executors$RunnableAdapter.call(Executors.java:511)
[2025-02-26T19:31:29.323+0000] {subprocess.py:93} INFO - 	at java.util.concurrent.FutureTask.run(FutureTask.java:266)
[2025-02-26T19:31:29.326+0000] {subprocess.py:93} INFO - 	at java.util.concurrent.ThreadPoolExecutor.runWorker(ThreadPoolExecutor.java:1149)
[2025-02-26T19:31:29.333+0000] {subprocess.py:93} INFO - 	at java.util.concurrent.ThreadPoolExecutor$Worker.run(ThreadPoolExecutor.java:624)
[2025-02-26T19:31:29.334+0000] {subprocess.py:93} INFO - 	at java.lang.Thread.run(Thread.java:748)
[2025-02-26T19:31:29.335+0000] {subprocess.py:93} INFO - 2025-02-26 19:31:29,317 INFO mapred.LocalJobRunner: map task executor complete.
[2025-02-26T19:31:29.424+0000] {subprocess.py:93} INFO - 2025-02-26 19:31:29,415 WARN mapred.LocalJobRunner: job_local1619451645_0001
[2025-02-26T19:31:29.439+0000] {subprocess.py:93} INFO - java.lang.Exception: java.lang.RuntimeException: PipeMapRed.waitOutputThreads(): subprocess failed with code 1
[2025-02-26T19:31:29.440+0000] {subprocess.py:93} INFO - 	at org.apache.hadoop.mapred.LocalJobRunner$Job.runTasks(LocalJobRunner.java:492)
[2025-02-26T19:31:29.441+0000] {subprocess.py:93} INFO - 	at org.apache.hadoop.mapred.LocalJobRunner$Job.run(LocalJobRunner.java:552)
[2025-02-26T19:31:29.441+0000] {subprocess.py:93} INFO - Caused by: java.lang.RuntimeException: PipeMapRed.waitOutputThreads(): subprocess failed with code 1
[2025-02-26T19:31:29.442+0000] {subprocess.py:93} INFO - 	at org.apache.hadoop.streaming.PipeMapRed.waitOutputThreads(PipeMapRed.java:326)
[2025-02-26T19:31:29.442+0000] {subprocess.py:93} INFO - 	at org.apache.hadoop.streaming.PipeMapRed.mapRedFinished(PipeMapRed.java:539)
[2025-02-26T19:31:29.442+0000] {subprocess.py:93} INFO - 	at org.apache.hadoop.streaming.PipeMapper.close(PipeMapper.java:130)
[2025-02-26T19:31:29.443+0000] {subprocess.py:93} INFO - 	at org.apache.hadoop.mapred.MapRunner.run(MapRunner.java:61)
[2025-02-26T19:31:29.443+0000] {subprocess.py:93} INFO - 	at org.apache.hadoop.streaming.PipeMapRunner.run(PipeMapRunner.java:34)
[2025-02-26T19:31:29.443+0000] {subprocess.py:93} INFO - 	at org.apache.hadoop.mapred.MapTask.runOldMapper(MapTask.java:465)
[2025-02-26T19:31:29.444+0000] {subprocess.py:93} INFO - 	at org.apache.hadoop.mapred.MapTask.run(MapTask.java:349)
[2025-02-26T19:31:29.444+0000] {subprocess.py:93} INFO - 	at org.apache.hadoop.mapred.LocalJobRunner$Job$MapTaskRunnable.run(LocalJobRunner.java:271)
[2025-02-26T19:31:29.444+0000] {subprocess.py:93} INFO - 	at java.util.concurrent.Executors$RunnableAdapter.call(Executors.java:511)
[2025-02-26T19:31:29.445+0000] {subprocess.py:93} INFO - 	at java.util.concurrent.FutureTask.run(FutureTask.java:266)
[2025-02-26T19:31:29.447+0000] {subprocess.py:93} INFO - 	at java.util.concurrent.ThreadPoolExecutor.runWorker(ThreadPoolExecutor.java:1149)
[2025-02-26T19:31:29.449+0000] {subprocess.py:93} INFO - 	at java.util.concurrent.ThreadPoolExecutor$Worker.run(ThreadPoolExecutor.java:624)
[2025-02-26T19:31:29.453+0000] {subprocess.py:93} INFO - 	at java.lang.Thread.run(Thread.java:748)
[2025-02-26T19:31:30.326+0000] {subprocess.py:93} INFO - 2025-02-26 19:31:30,322 INFO mapreduce.Job: Job job_local1619451645_0001 failed with state FAILED due to: NA
[2025-02-26T19:31:30.693+0000] {subprocess.py:93} INFO - 2025-02-26 19:31:30,690 INFO mapreduce.Job: Counters: 0
[2025-02-26T19:31:30.695+0000] {subprocess.py:93} INFO - 2025-02-26 19:31:30,691 ERROR streaming.StreamJob: Job not successful!
[2025-02-26T19:31:30.696+0000] {subprocess.py:93} INFO - Streaming Command Failed!
[2025-02-26T19:31:32.174+0000] {subprocess.py:97} INFO - Command exited with return code 1
[2025-02-26T19:31:32.305+0000] {taskinstance.py:1943} ERROR - Task failed with exception
Traceback (most recent call last):
  File "/home/airflow/.local/lib/python3.8/site-packages/airflow/operators/bash.py", line 210, in execute
    raise AirflowException(
airflow.exceptions.AirflowException: Bash command failed. The command returned a non-zero exit code 1.
[2025-02-26T19:31:32.370+0000] {taskinstance.py:1400} INFO - Marking task as UP_FOR_RETRY. dag_id=yfinance_ingestion_and_process_dag, task_id=run_mapreduce, execution_date=20250117T000000, start_date=20250226T193021, end_date=20250226T193132
[2025-02-26T19:31:32.559+0000] {standard_task_runner.py:104} ERROR - Failed to execute job 335 for task run_mapreduce (Bash command failed. The command returned a non-zero exit code 1.; 664)
[2025-02-26T19:31:32.634+0000] {local_task_job_runner.py:228} INFO - Task exited with return code 1
[2025-02-26T19:31:33.990+0000] {taskinstance.py:2784} INFO - 0 downstream tasks scheduled from follow-on schedule check
