[2025-02-25T09:50:59.281+0000] {taskinstance.py:1159} INFO - Dependencies all met for dep_context=non-requeueable deps ti=<TaskInstance: yfinance_ingestion_dag.store_raw_data_in_hdfs scheduled__2025-02-16T00:00:00+00:00 [queued]>
[2025-02-25T09:50:59.322+0000] {taskinstance.py:1159} INFO - Dependencies all met for dep_context=requeueable deps ti=<TaskInstance: yfinance_ingestion_dag.store_raw_data_in_hdfs scheduled__2025-02-16T00:00:00+00:00 [queued]>
[2025-02-25T09:50:59.323+0000] {taskinstance.py:1361} INFO - Starting attempt 1 of 2
[2025-02-25T09:50:59.393+0000] {taskinstance.py:1382} INFO - Executing <Task(PythonOperator): store_raw_data_in_hdfs> on 2025-02-16 00:00:00+00:00
[2025-02-25T09:50:59.420+0000] {standard_task_runner.py:57} INFO - Started process 1159 to run task
[2025-02-25T09:50:59.455+0000] {standard_task_runner.py:84} INFO - Running: ['***', 'tasks', 'run', 'yfinance_ingestion_dag', 'store_raw_data_in_hdfs', 'scheduled__2025-02-16T00:00:00+00:00', '--job-id', '119', '--raw', '--subdir', 'DAGS_FOLDER/test_hello.py', '--cfg-path', '/tmp/tmpb11vzwdu']
[2025-02-25T09:50:59.477+0000] {standard_task_runner.py:85} INFO - Job 119: Subtask store_raw_data_in_hdfs
[2025-02-25T09:50:59.777+0000] {task_command.py:415} INFO - Running <TaskInstance: yfinance_ingestion_dag.store_raw_data_in_hdfs scheduled__2025-02-16T00:00:00+00:00 [running]> on host 6dbd75e48aaa
[2025-02-25T09:51:00.451+0000] {taskinstance.py:1660} INFO - Exporting env vars: AIRFLOW_CTX_DAG_OWNER='etudiant' AIRFLOW_CTX_DAG_ID='yfinance_ingestion_dag' AIRFLOW_CTX_TASK_ID='store_raw_data_in_hdfs' AIRFLOW_CTX_EXECUTION_DATE='2025-02-16T00:00:00+00:00' AIRFLOW_CTX_TRY_NUMBER='1' AIRFLOW_CTX_DAG_RUN_ID='scheduled__2025-02-16T00:00:00+00:00'
[2025-02-25T09:51:39.009+0000] {python.py:194} INFO - Done. Returned value was: None
[2025-02-25T09:51:39.062+0000] {taskinstance.py:1400} INFO - Marking task as SUCCESS. dag_id=yfinance_ingestion_dag, task_id=store_raw_data_in_hdfs, execution_date=20250216T000000, start_date=20250225T095059, end_date=20250225T095139
[2025-02-25T09:51:39.162+0000] {local_task_job_runner.py:228} INFO - Task exited with return code 0
[2025-02-25T09:51:39.280+0000] {taskinstance.py:2784} INFO - 0 downstream tasks scheduled from follow-on schedule check
[2025-02-26T20:46:44.681+0000] {taskinstance.py:1159} INFO - Dependencies all met for dep_context=non-requeueable deps ti=<TaskInstance: yfinance_ingestion_dag.store_raw_data_in_hdfs scheduled__2025-02-16T00:00:00+00:00 [queued]>
[2025-02-26T20:46:44.726+0000] {taskinstance.py:1159} INFO - Dependencies all met for dep_context=requeueable deps ti=<TaskInstance: yfinance_ingestion_dag.store_raw_data_in_hdfs scheduled__2025-02-16T00:00:00+00:00 [queued]>
[2025-02-26T20:46:44.728+0000] {taskinstance.py:1361} INFO - Starting attempt 1 of 2
[2025-02-26T20:46:44.850+0000] {taskinstance.py:1382} INFO - Executing <Task(PythonOperator): store_raw_data_in_hdfs> on 2025-02-16 00:00:00+00:00
[2025-02-26T20:46:44.869+0000] {standard_task_runner.py:84} INFO - Running: ['***', 'tasks', 'run', 'yfinance_ingestion_dag', 'store_raw_data_in_hdfs', 'scheduled__2025-02-16T00:00:00+00:00', '--job-id', '422', '--raw', '--subdir', 'DAGS_FOLDER/pipeline.py', '--cfg-path', '/tmp/tmpa29anzuo']
[2025-02-26T20:46:44.875+0000] {standard_task_runner.py:85} INFO - Job 422: Subtask store_raw_data_in_hdfs
[2025-02-26T20:46:44.875+0000] {standard_task_runner.py:57} INFO - Started process 3025 to run task
[2025-02-26T20:46:45.114+0000] {task_command.py:415} INFO - Running <TaskInstance: yfinance_ingestion_dag.store_raw_data_in_hdfs scheduled__2025-02-16T00:00:00+00:00 [running]> on host 3c0faf52b292
[2025-02-26T20:46:45.623+0000] {taskinstance.py:1660} INFO - Exporting env vars: AIRFLOW_CTX_DAG_OWNER='etudiant' AIRFLOW_CTX_DAG_ID='yfinance_ingestion_dag' AIRFLOW_CTX_TASK_ID='store_raw_data_in_hdfs' AIRFLOW_CTX_EXECUTION_DATE='2025-02-16T00:00:00+00:00' AIRFLOW_CTX_TRY_NUMBER='1' AIRFLOW_CTX_DAG_RUN_ID='scheduled__2025-02-16T00:00:00+00:00'
[2025-02-26T20:47:18.375+0000] {python.py:194} INFO - Done. Returned value was: None
[2025-02-26T20:47:18.419+0000] {taskinstance.py:1400} INFO - Marking task as SUCCESS. dag_id=yfinance_ingestion_dag, task_id=store_raw_data_in_hdfs, execution_date=20250216T000000, start_date=20250226T204644, end_date=20250226T204718
[2025-02-26T20:47:18.509+0000] {local_task_job_runner.py:228} INFO - Task exited with return code 0
[2025-02-26T20:47:18.584+0000] {taskinstance.py:2784} INFO - 1 downstream tasks scheduled from follow-on schedule check
[2025-02-27T14:56:27.663+0000] {taskinstance.py:1157} INFO - Dependencies all met for dep_context=non-requeueable deps ti=<TaskInstance: yfinance_ingestion_dag.store_raw_data_in_hdfs scheduled__2025-02-16T00:00:00+00:00 [queued]>
[2025-02-27T14:56:27.745+0000] {taskinstance.py:1157} INFO - Dependencies all met for dep_context=requeueable deps ti=<TaskInstance: yfinance_ingestion_dag.store_raw_data_in_hdfs scheduled__2025-02-16T00:00:00+00:00 [queued]>
[2025-02-27T14:56:27.752+0000] {taskinstance.py:1359} INFO - Starting attempt 1 of 1
[2025-02-27T14:56:28.103+0000] {taskinstance.py:1380} INFO - Executing <Task(PythonOperator): store_raw_data_in_hdfs> on 2025-02-16 00:00:00+00:00
[2025-02-27T14:56:28.135+0000] {standard_task_runner.py:57} INFO - Started process 524 to run task
[2025-02-27T14:56:28.157+0000] {standard_task_runner.py:84} INFO - Running: ['***', 'tasks', 'run', 'yfinance_ingestion_dag', 'store_raw_data_in_hdfs', 'scheduled__2025-02-16T00:00:00+00:00', '--job-id', '111', '--raw', '--subdir', 'DAGS_FOLDER/pipeline.py', '--cfg-path', '/tmp/tmp21x5_cl_']
[2025-02-27T14:56:28.191+0000] {standard_task_runner.py:85} INFO - Job 111: Subtask store_raw_data_in_hdfs
[2025-02-27T14:56:28.655+0000] {task_command.py:415} INFO - Running <TaskInstance: yfinance_ingestion_dag.store_raw_data_in_hdfs scheduled__2025-02-16T00:00:00+00:00 [running]> on host a71f042480b6
[2025-02-27T14:56:29.388+0000] {taskinstance.py:1660} INFO - Exporting env vars: AIRFLOW_CTX_DAG_OWNER='etudiant' AIRFLOW_CTX_DAG_ID='yfinance_ingestion_dag' AIRFLOW_CTX_TASK_ID='store_raw_data_in_hdfs' AIRFLOW_CTX_EXECUTION_DATE='2025-02-16T00:00:00+00:00' AIRFLOW_CTX_TRY_NUMBER='1' AIRFLOW_CTX_DAG_RUN_ID='scheduled__2025-02-16T00:00:00+00:00'
[2025-02-27T14:56:29.532+0000] {taskinstance.py:1935} ERROR - Task failed with exception
Traceback (most recent call last):
  File "/home/airflow/.local/lib/python3.8/site-packages/airflow/operators/python.py", line 192, in execute
    return_value = self.execute_callable()
  File "/home/airflow/.local/lib/python3.8/site-packages/airflow/operators/python.py", line 209, in execute_callable
    return self.python_callable(*self.op_args, **self.op_kwargs)
  File "/opt/airflow/dags/pipeline.py", line 82, in store_raw_data_in_hdfs
    with open(local_file, 'w') as f:
PermissionError: [Errno 13] Permission denied: '/mnt/hadoop_data/yfinance_raw.json'
[2025-02-27T14:56:29.607+0000] {taskinstance.py:1398} INFO - Marking task as FAILED. dag_id=yfinance_ingestion_dag, task_id=store_raw_data_in_hdfs, execution_date=20250216T000000, start_date=20250227T145627, end_date=20250227T145629
[2025-02-27T14:56:29.774+0000] {standard_task_runner.py:104} ERROR - Failed to execute job 111 for task store_raw_data_in_hdfs ([Errno 13] Permission denied: '/mnt/hadoop_data/yfinance_raw.json'; 524)
[2025-02-27T14:56:28.110+0000] {local_task_job_runner.py:228} INFO - Task exited with return code 1
[2025-02-27T14:56:28.375+0000] {taskinstance.py:2776} INFO - 0 downstream tasks scheduled from follow-on schedule check
