[2025-02-26T20:39:21.527+0000] {taskinstance.py:1159} INFO - Dependencies all met for dep_context=non-requeueable deps ti=<TaskInstance: yfinance_ingestion_dag.run_mapreduce scheduled__2025-01-28T00:00:00+00:00 [queued]>
[2025-02-26T20:39:21.604+0000] {taskinstance.py:1159} INFO - Dependencies all met for dep_context=requeueable deps ti=<TaskInstance: yfinance_ingestion_dag.run_mapreduce scheduled__2025-01-28T00:00:00+00:00 [queued]>
[2025-02-26T20:39:21.625+0000] {taskinstance.py:1361} INFO - Starting attempt 1 of 2
[2025-02-26T20:39:21.961+0000] {taskinstance.py:1382} INFO - Executing <Task(BashOperator): run_mapreduce> on 2025-01-28 00:00:00+00:00
[2025-02-26T20:39:21.977+0000] {standard_task_runner.py:57} INFO - Started process 851 to run task
[2025-02-26T20:39:22.014+0000] {standard_task_runner.py:84} INFO - Running: ['***', 'tasks', 'run', 'yfinance_ingestion_dag', 'run_mapreduce', 'scheduled__2025-01-28T00:00:00+00:00', '--job-id', '251', '--raw', '--subdir', 'DAGS_FOLDER/pipeline.py', '--cfg-path', '/tmp/tmp6xfzmrgn']
[2025-02-26T20:39:22.026+0000] {standard_task_runner.py:85} INFO - Job 251: Subtask run_mapreduce
[2025-02-26T20:39:22.474+0000] {task_command.py:415} INFO - Running <TaskInstance: yfinance_ingestion_dag.run_mapreduce scheduled__2025-01-28T00:00:00+00:00 [running]> on host 3c0faf52b292
[2025-02-26T20:39:22.746+0000] {taskinstance.py:1660} INFO - Exporting env vars: AIRFLOW_CTX_DAG_OWNER='etudiant' AIRFLOW_CTX_DAG_ID='yfinance_ingestion_dag' AIRFLOW_CTX_TASK_ID='run_mapreduce' AIRFLOW_CTX_EXECUTION_DATE='2025-01-28T00:00:00+00:00' AIRFLOW_CTX_TRY_NUMBER='1' AIRFLOW_CTX_DAG_RUN_ID='scheduled__2025-01-28T00:00:00+00:00'
[2025-02-26T20:39:22.759+0000] {subprocess.py:63} INFO - Tmp dir root location: /tmp
[2025-02-26T20:39:22.768+0000] {subprocess.py:75} INFO - Running command: ['/bin/bash', '-c', '\n        docker exec -i -u root namenode bash -c \'         cd /tmp &&         cp /mnt/hadoop_data/mapreduce/mapper.py . &&         cp /mnt/hadoop_data/mapreduce/reducer.py . &&         chmod +x mapper.py reducer.py &&         hdfs dfs -rm -r hdfs:///user/etudiant/crypto/processed/YYYY=2025/MM=01/DD=28 || true &&         hadoop jar /opt/hadoop-3.2.1/share/hadoop/tools/lib/hadoop-streaming-3.2.1.jar         -files mapper.py,reducer.py         -mapper "python mapper.py"         -reducer "python reducer.py"         -input hdfs:///user/etudiant/crypto/raw/YYYY=2025/MM=01/DD=28/yfinance_raw.json         -output hdfs:///user/etudiant/crypto/processed/YYYY=2025/MM=01/DD=28\'\n        ']
[2025-02-26T20:39:22.827+0000] {subprocess.py:86} INFO - Output:
[2025-02-26T20:39:23.012+0000] {subprocess.py:93} INFO - Error response from daemon: container c068416616c3addcfecdcedaa4e27c1031cda688b8569312fe1d8d0a7228e11e is not running
[2025-02-26T20:39:23.021+0000] {subprocess.py:97} INFO - Command exited with return code 1
[2025-02-26T20:39:23.053+0000] {taskinstance.py:1943} ERROR - Task failed with exception
Traceback (most recent call last):
  File "/home/airflow/.local/lib/python3.8/site-packages/airflow/operators/bash.py", line 210, in execute
    raise AirflowException(
airflow.exceptions.AirflowException: Bash command failed. The command returned a non-zero exit code 1.
[2025-02-26T20:39:23.074+0000] {taskinstance.py:1400} INFO - Marking task as UP_FOR_RETRY. dag_id=yfinance_ingestion_dag, task_id=run_mapreduce, execution_date=20250128T000000, start_date=20250226T203921, end_date=20250226T203923
[2025-02-26T20:39:23.120+0000] {standard_task_runner.py:104} ERROR - Failed to execute job 251 for task run_mapreduce (Bash command failed. The command returned a non-zero exit code 1.; 851)
[2025-02-26T20:39:23.177+0000] {local_task_job_runner.py:228} INFO - Task exited with return code 1
[2025-02-26T20:39:23.291+0000] {taskinstance.py:2784} INFO - 0 downstream tasks scheduled from follow-on schedule check
[2025-02-26T20:43:34.955+0000] {taskinstance.py:1159} INFO - Dependencies all met for dep_context=non-requeueable deps ti=<TaskInstance: yfinance_ingestion_dag.run_mapreduce scheduled__2025-01-28T00:00:00+00:00 [queued]>
[2025-02-26T20:43:34.972+0000] {taskinstance.py:1159} INFO - Dependencies all met for dep_context=requeueable deps ti=<TaskInstance: yfinance_ingestion_dag.run_mapreduce scheduled__2025-01-28T00:00:00+00:00 [queued]>
[2025-02-26T20:43:34.973+0000] {taskinstance.py:1361} INFO - Starting attempt 1 of 2
[2025-02-26T20:43:34.993+0000] {taskinstance.py:1382} INFO - Executing <Task(BashOperator): run_mapreduce> on 2025-01-28 00:00:00+00:00
[2025-02-26T20:43:35.003+0000] {standard_task_runner.py:57} INFO - Started process 2119 to run task
[2025-02-26T20:43:35.008+0000] {standard_task_runner.py:84} INFO - Running: ['***', 'tasks', 'run', 'yfinance_ingestion_dag', 'run_mapreduce', 'scheduled__2025-01-28T00:00:00+00:00', '--job-id', '348', '--raw', '--subdir', 'DAGS_FOLDER/pipeline.py', '--cfg-path', '/tmp/tmp_od3f2rt']
[2025-02-26T20:43:35.012+0000] {standard_task_runner.py:85} INFO - Job 348: Subtask run_mapreduce
[2025-02-26T20:43:35.084+0000] {task_command.py:415} INFO - Running <TaskInstance: yfinance_ingestion_dag.run_mapreduce scheduled__2025-01-28T00:00:00+00:00 [running]> on host 3c0faf52b292
[2025-02-26T20:43:35.219+0000] {taskinstance.py:1660} INFO - Exporting env vars: AIRFLOW_CTX_DAG_OWNER='etudiant' AIRFLOW_CTX_DAG_ID='yfinance_ingestion_dag' AIRFLOW_CTX_TASK_ID='run_mapreduce' AIRFLOW_CTX_EXECUTION_DATE='2025-01-28T00:00:00+00:00' AIRFLOW_CTX_TRY_NUMBER='1' AIRFLOW_CTX_DAG_RUN_ID='scheduled__2025-01-28T00:00:00+00:00'
[2025-02-26T20:43:35.222+0000] {subprocess.py:63} INFO - Tmp dir root location: /tmp
[2025-02-26T20:43:35.224+0000] {subprocess.py:75} INFO - Running command: ['/bin/bash', '-c', '\n        docker exec -i -u root namenode bash -c \'         cd /tmp &&         cp /mnt/hadoop_data/mapreduce/mapper.py . &&         cp /mnt/hadoop_data/mapreduce/reducer.py . &&         chmod +x mapper.py reducer.py &&         hdfs dfs -rm -r hdfs:///user/etudiant/crypto/processed/YYYY=2025/MM=01/DD=28 || true &&         hadoop jar /opt/hadoop-3.2.1/share/hadoop/tools/lib/hadoop-streaming-3.2.1.jar         -files mapper.py,reducer.py         -mapper "python mapper.py"         -reducer "python reducer.py"         -input hdfs:///user/etudiant/crypto/raw/YYYY=2025/MM=01/DD=28/yfinance_raw.json         -output hdfs:///user/etudiant/crypto/processed/YYYY=2025/MM=01/DD=28\'\n        ']
[2025-02-26T20:43:35.244+0000] {subprocess.py:86} INFO - Output:
[2025-02-26T20:43:37.176+0000] {subprocess.py:93} INFO - rm: `hdfs:///user/etudiant/crypto/processed/YYYY=2025/MM=01/DD=28': No such file or directory
[2025-02-26T20:43:40.884+0000] {subprocess.py:93} INFO - 2025-02-26 20:43:40,877 INFO impl.MetricsConfig: Loaded properties from hadoop-metrics2.properties
[2025-02-26T20:43:41.038+0000] {subprocess.py:93} INFO - 2025-02-26 20:43:41,036 INFO impl.MetricsSystemImpl: Scheduled Metric snapshot period at 10 second(s).
[2025-02-26T20:43:41.039+0000] {subprocess.py:93} INFO - 2025-02-26 20:43:41,036 INFO impl.MetricsSystemImpl: JobTracker metrics system started
[2025-02-26T20:43:41.068+0000] {subprocess.py:93} INFO - 2025-02-26 20:43:41,065 WARN impl.MetricsSystemImpl: JobTracker metrics system already initialized!
[2025-02-26T20:43:41.812+0000] {subprocess.py:93} INFO - 2025-02-26 20:43:41,810 INFO mapred.FileInputFormat: Total input files to process : 1
[2025-02-26T20:43:41.873+0000] {subprocess.py:93} INFO - 2025-02-26 20:43:41,871 INFO mapreduce.JobSubmitter: number of splits:1
[2025-02-26T20:43:42.054+0000] {subprocess.py:93} INFO - 2025-02-26 20:43:42,052 INFO mapreduce.JobSubmitter: Submitting tokens for job: job_local1820068092_0001
[2025-02-26T20:43:42.055+0000] {subprocess.py:93} INFO - 2025-02-26 20:43:42,052 INFO mapreduce.JobSubmitter: Executing with tokens: []
[2025-02-26T20:43:42.562+0000] {subprocess.py:93} INFO - 2025-02-26 20:43:42,559 INFO mapred.LocalDistributedCacheManager: Localized file:/tmp/mapper.py as file:/tmp/hadoop-root/mapred/local/job_local1820068092_0001_52126216-0920-4d45-810d-163965747910/mapper.py
[2025-02-26T20:43:42.640+0000] {subprocess.py:93} INFO - 2025-02-26 20:43:42,638 INFO mapred.LocalDistributedCacheManager: Localized file:/tmp/reducer.py as file:/tmp/hadoop-root/mapred/local/job_local1820068092_0001_416b0830-9360-4ab7-aa97-ae2b26208779/reducer.py
[2025-02-26T20:43:42.798+0000] {subprocess.py:93} INFO - 2025-02-26 20:43:42,796 INFO mapreduce.Job: The url to track the job: http://localhost:8080/
[2025-02-26T20:43:42.801+0000] {subprocess.py:93} INFO - 2025-02-26 20:43:42,799 INFO mapreduce.Job: Running job: job_local1820068092_0001
[2025-02-26T20:43:42.802+0000] {subprocess.py:93} INFO - 2025-02-26 20:43:42,800 INFO mapred.LocalJobRunner: OutputCommitter set in config null
[2025-02-26T20:43:42.805+0000] {subprocess.py:93} INFO - 2025-02-26 20:43:42,804 INFO mapred.LocalJobRunner: OutputCommitter is org.apache.hadoop.mapred.FileOutputCommitter
[2025-02-26T20:43:42.839+0000] {subprocess.py:93} INFO - 2025-02-26 20:43:42,836 INFO output.FileOutputCommitter: File Output Committer Algorithm version is 2
[2025-02-26T20:43:42.840+0000] {subprocess.py:93} INFO - 2025-02-26 20:43:42,837 INFO output.FileOutputCommitter: FileOutputCommitter skip cleanup _temporary folders under output directory:false, ignore cleanup failures: false
[2025-02-26T20:43:42.969+0000] {subprocess.py:93} INFO - 2025-02-26 20:43:42,967 INFO mapred.LocalJobRunner: Waiting for map tasks
[2025-02-26T20:43:42.979+0000] {subprocess.py:93} INFO - 2025-02-26 20:43:42,977 INFO mapred.LocalJobRunner: Starting task: attempt_local1820068092_0001_m_000000_0
[2025-02-26T20:43:43.041+0000] {subprocess.py:93} INFO - 2025-02-26 20:43:43,037 INFO output.FileOutputCommitter: File Output Committer Algorithm version is 2
[2025-02-26T20:43:43.043+0000] {subprocess.py:93} INFO - 2025-02-26 20:43:43,039 INFO output.FileOutputCommitter: FileOutputCommitter skip cleanup _temporary folders under output directory:false, ignore cleanup failures: false
[2025-02-26T20:43:43.083+0000] {subprocess.py:93} INFO - 2025-02-26 20:43:43,074 INFO mapred.Task:  Using ResourceCalculatorProcessTree : [ ]
[2025-02-26T20:43:43.093+0000] {subprocess.py:93} INFO - 2025-02-26 20:43:43,091 INFO mapred.MapTask: Processing split: hdfs://namenode:9000/user/etudiant/crypto/raw/YYYY=2025/MM=01/DD=28/yfinance_raw.json:0+19764
[2025-02-26T20:43:43.137+0000] {subprocess.py:93} INFO - 2025-02-26 20:43:43,133 INFO mapred.MapTask: numReduceTasks: 1
[2025-02-26T20:43:43.220+0000] {subprocess.py:93} INFO - 2025-02-26 20:43:43,212 INFO mapred.MapTask: (EQUATOR) 0 kvi 26214396(104857584)
[2025-02-26T20:43:43.222+0000] {subprocess.py:93} INFO - 2025-02-26 20:43:43,212 INFO mapred.MapTask: mapreduce.task.io.sort.mb: 100
[2025-02-26T20:43:43.222+0000] {subprocess.py:93} INFO - 2025-02-26 20:43:43,212 INFO mapred.MapTask: soft limit at 83886080
[2025-02-26T20:43:43.223+0000] {subprocess.py:93} INFO - 2025-02-26 20:43:43,212 INFO mapred.MapTask: bufstart = 0; bufvoid = 104857600
[2025-02-26T20:43:43.225+0000] {subprocess.py:93} INFO - 2025-02-26 20:43:43,212 INFO mapred.MapTask: kvstart = 26214396; length = 6553600
[2025-02-26T20:43:43.245+0000] {subprocess.py:93} INFO - 2025-02-26 20:43:43,232 INFO mapred.MapTask: Map output collector class = org.apache.hadoop.mapred.MapTask$MapOutputBuffer
[2025-02-26T20:43:43.265+0000] {subprocess.py:93} INFO - 2025-02-26 20:43:43,255 INFO streaming.PipeMapRed: PipeMapRed exec [/usr/bin/python, mapper.py]
[2025-02-26T20:43:43.297+0000] {subprocess.py:93} INFO - 2025-02-26 20:43:43,285 INFO Configuration.deprecation: mapred.work.output.dir is deprecated. Instead, use mapreduce.task.output.dir
[2025-02-26T20:43:43.298+0000] {subprocess.py:93} INFO - 2025-02-26 20:43:43,286 INFO Configuration.deprecation: map.input.start is deprecated. Instead, use mapreduce.map.input.start
[2025-02-26T20:43:43.318+0000] {subprocess.py:93} INFO - 2025-02-26 20:43:43,307 INFO Configuration.deprecation: mapred.task.is.map is deprecated. Instead, use mapreduce.task.ismap
[2025-02-26T20:43:43.320+0000] {subprocess.py:93} INFO - 2025-02-26 20:43:43,308 INFO Configuration.deprecation: mapred.task.id is deprecated. Instead, use mapreduce.task.attempt.id
[2025-02-26T20:43:43.323+0000] {subprocess.py:93} INFO - 2025-02-26 20:43:43,309 INFO Configuration.deprecation: mapred.tip.id is deprecated. Instead, use mapreduce.task.id
[2025-02-26T20:43:43.332+0000] {subprocess.py:93} INFO - 2025-02-26 20:43:43,310 INFO Configuration.deprecation: mapred.local.dir is deprecated. Instead, use mapreduce.cluster.local.dir
[2025-02-26T20:43:43.333+0000] {subprocess.py:93} INFO - 2025-02-26 20:43:43,311 INFO Configuration.deprecation: map.input.file is deprecated. Instead, use mapreduce.map.input.file
[2025-02-26T20:43:43.333+0000] {subprocess.py:93} INFO - 2025-02-26 20:43:43,311 INFO Configuration.deprecation: mapred.skip.on is deprecated. Instead, use mapreduce.job.skiprecords
[2025-02-26T20:43:43.334+0000] {subprocess.py:93} INFO - 2025-02-26 20:43:43,316 INFO Configuration.deprecation: map.input.length is deprecated. Instead, use mapreduce.map.input.length
[2025-02-26T20:43:43.344+0000] {subprocess.py:93} INFO - 2025-02-26 20:43:43,341 INFO Configuration.deprecation: mapred.job.id is deprecated. Instead, use mapreduce.job.id
[2025-02-26T20:43:43.368+0000] {subprocess.py:93} INFO - 2025-02-26 20:43:43,354 INFO Configuration.deprecation: user.name is deprecated. Instead, use mapreduce.job.user.name
[2025-02-26T20:43:43.369+0000] {subprocess.py:93} INFO - 2025-02-26 20:43:43,363 INFO Configuration.deprecation: mapred.task.partition is deprecated. Instead, use mapreduce.task.partition
[2025-02-26T20:43:43.441+0000] {subprocess.py:93} INFO - 2025-02-26 20:43:43,438 INFO sasl.SaslDataTransferClient: SASL encryption trust check: localHostTrusted = false, remoteHostTrusted = false
[2025-02-26T20:43:43.646+0000] {subprocess.py:93} INFO - 2025-02-26 20:43:43,642 INFO streaming.PipeMapRed: R/W/S=1/0/0 in:NA [rec/s] out:NA [rec/s]
[2025-02-26T20:43:43.649+0000] {subprocess.py:93} INFO - 2025-02-26 20:43:43,644 INFO streaming.PipeMapRed: R/W/S=10/0/0 in:NA [rec/s] out:NA [rec/s]
[2025-02-26T20:43:43.664+0000] {subprocess.py:93} INFO - 2025-02-26 20:43:43,658 INFO streaming.PipeMapRed: R/W/S=100/0/0 in:NA [rec/s] out:NA [rec/s]
[2025-02-26T20:43:43.717+0000] {subprocess.py:93} INFO - 2025-02-26 20:43:43,715 INFO streaming.PipeMapRed: MRErrorThread done
[2025-02-26T20:43:43.730+0000] {subprocess.py:93} INFO - 2025-02-26 20:43:43,720 INFO streaming.PipeMapRed: mapRedFinished
[2025-02-26T20:43:43.734+0000] {subprocess.py:93} INFO - 2025-02-26 20:43:43,729 INFO mapred.LocalJobRunner:
[2025-02-26T20:43:43.735+0000] {subprocess.py:93} INFO - 2025-02-26 20:43:43,729 INFO mapred.MapTask: Starting flush of map output
[2025-02-26T20:43:43.839+0000] {subprocess.py:93} INFO - 2025-02-26 20:43:43,834 INFO mapreduce.Job: Job job_local1820068092_0001 running in uber mode : false
[2025-02-26T20:43:43.848+0000] {subprocess.py:93} INFO - 2025-02-26 20:43:43,846 INFO mapreduce.Job:  map 0% reduce 0%
[2025-02-26T20:43:43.853+0000] {subprocess.py:93} INFO - 2025-02-26 20:43:43,850 INFO mapred.Task: Task:attempt_local1820068092_0001_m_000000_0 is done. And is in the process of committing
[2025-02-26T20:43:43.890+0000] {subprocess.py:93} INFO - 2025-02-26 20:43:43,888 INFO mapred.LocalJobRunner: hdfs://namenode:9000/user/etudiant/crypto/raw/YYYY=2025/MM=01/DD=28/yfinance_raw.json:0+19764
[2025-02-26T20:43:43.891+0000] {subprocess.py:93} INFO - 2025-02-26 20:43:43,888 INFO mapred.Task: Task 'attempt_local1820068092_0001_m_000000_0' done.
[2025-02-26T20:43:43.986+0000] {subprocess.py:93} INFO - 2025-02-26 20:43:43,984 INFO mapred.Task: Final Counters for attempt_local1820068092_0001_m_000000_0: Counters: 23
[2025-02-26T20:43:43.988+0000] {subprocess.py:93} INFO - 	File System Counters
[2025-02-26T20:43:43.989+0000] {subprocess.py:93} INFO - 		FILE: Number of bytes read=180665
[2025-02-26T20:43:43.990+0000] {subprocess.py:93} INFO - 		FILE: Number of bytes written=712295
[2025-02-26T20:43:43.994+0000] {subprocess.py:93} INFO - 		FILE: Number of read operations=0
[2025-02-26T20:43:43.999+0000] {subprocess.py:93} INFO - 		FILE: Number of large read operations=0
[2025-02-26T20:43:44.000+0000] {subprocess.py:93} INFO - 		FILE: Number of write operations=0
[2025-02-26T20:43:44.001+0000] {subprocess.py:93} INFO - 		HDFS: Number of bytes read=19764
[2025-02-26T20:43:44.002+0000] {subprocess.py:93} INFO - 		HDFS: Number of bytes written=0
[2025-02-26T20:43:44.004+0000] {subprocess.py:93} INFO - 		HDFS: Number of read operations=5
[2025-02-26T20:43:44.006+0000] {subprocess.py:93} INFO - 		HDFS: Number of large read operations=0
[2025-02-26T20:43:44.006+0000] {subprocess.py:93} INFO - 		HDFS: Number of write operations=1
[2025-02-26T20:43:44.011+0000] {subprocess.py:93} INFO - 		HDFS: Number of bytes read erasure-coded=0
[2025-02-26T20:43:44.015+0000] {subprocess.py:93} INFO - 	Map-Reduce Framework
[2025-02-26T20:43:44.016+0000] {subprocess.py:93} INFO - 		Map input records=677
[2025-02-26T20:43:44.017+0000] {subprocess.py:93} INFO - 		Map output records=0
[2025-02-26T20:43:44.018+0000] {subprocess.py:93} INFO - 		Map output bytes=0
[2025-02-26T20:43:44.018+0000] {subprocess.py:93} INFO - 		Map output materialized bytes=6
[2025-02-26T20:43:44.019+0000] {subprocess.py:93} INFO - 		Input split bytes=137
[2025-02-26T20:43:44.020+0000] {subprocess.py:93} INFO - 		Combine input records=0
[2025-02-26T20:43:44.027+0000] {subprocess.py:93} INFO - 		Spilled Records=0
[2025-02-26T20:43:44.028+0000] {subprocess.py:93} INFO - 		Failed Shuffles=0
[2025-02-26T20:43:44.029+0000] {subprocess.py:93} INFO - 		Merged Map outputs=0
[2025-02-26T20:43:44.030+0000] {subprocess.py:93} INFO - 		GC time elapsed (ms)=0
[2025-02-26T20:43:44.030+0000] {subprocess.py:93} INFO - 		Total committed heap usage (bytes)=281542656
[2025-02-26T20:43:44.041+0000] {subprocess.py:93} INFO - 	File Input Format Counters
[2025-02-26T20:43:44.042+0000] {subprocess.py:93} INFO - 		Bytes Read=19764
[2025-02-26T20:43:44.044+0000] {subprocess.py:93} INFO - 2025-02-26 20:43:43,985 INFO mapred.LocalJobRunner: Finishing task: attempt_local1820068092_0001_m_000000_0
[2025-02-26T20:43:44.046+0000] {subprocess.py:93} INFO - 2025-02-26 20:43:43,985 INFO mapred.LocalJobRunner: map task executor complete.
[2025-02-26T20:43:44.047+0000] {subprocess.py:93} INFO - 2025-02-26 20:43:43,998 INFO mapred.LocalJobRunner: Waiting for reduce tasks
[2025-02-26T20:43:44.048+0000] {subprocess.py:93} INFO - 2025-02-26 20:43:44,000 INFO mapred.LocalJobRunner: Starting task: attempt_local1820068092_0001_r_000000_0
[2025-02-26T20:43:44.049+0000] {subprocess.py:93} INFO - 2025-02-26 20:43:44,034 INFO output.FileOutputCommitter: File Output Committer Algorithm version is 2
[2025-02-26T20:43:44.049+0000] {subprocess.py:93} INFO - 2025-02-26 20:43:44,034 INFO output.FileOutputCommitter: FileOutputCommitter skip cleanup _temporary folders under output directory:false, ignore cleanup failures: false
[2025-02-26T20:43:44.050+0000] {subprocess.py:93} INFO - 2025-02-26 20:43:44,037 INFO mapred.Task:  Using ResourceCalculatorProcessTree : [ ]
[2025-02-26T20:43:44.100+0000] {subprocess.py:93} INFO - 2025-02-26 20:43:44,080 INFO mapred.ReduceTask: Using ShuffleConsumerPlugin: org.apache.hadoop.mapreduce.task.reduce.Shuffle@4f6a3184
[2025-02-26T20:43:44.110+0000] {subprocess.py:93} INFO - 2025-02-26 20:43:44,102 WARN impl.MetricsSystemImpl: JobTracker metrics system already initialized!
[2025-02-26T20:43:44.158+0000] {subprocess.py:93} INFO - 2025-02-26 20:43:44,156 INFO reduce.MergeManagerImpl: MergerManager: memoryLimit=668309888, maxSingleShuffleLimit=167077472, mergeThreshold=441084544, ioSortFactor=10, memToMemMergeOutputsThreshold=10
[2025-02-26T20:43:44.210+0000] {subprocess.py:93} INFO - 2025-02-26 20:43:44,208 INFO reduce.EventFetcher: attempt_local1820068092_0001_r_000000_0 Thread started: EventFetcher for fetching Map Completion Events
[2025-02-26T20:43:44.295+0000] {subprocess.py:93} INFO - 2025-02-26 20:43:44,293 INFO reduce.LocalFetcher: localfetcher#1 about to shuffle output of map attempt_local1820068092_0001_m_000000_0 decomp: 2 len: 6 to MEMORY
[2025-02-26T20:43:44.301+0000] {subprocess.py:93} INFO - 2025-02-26 20:43:44,300 INFO reduce.InMemoryMapOutput: Read 2 bytes from map-output for attempt_local1820068092_0001_m_000000_0
[2025-02-26T20:43:44.314+0000] {subprocess.py:93} INFO - 2025-02-26 20:43:44,302 INFO reduce.MergeManagerImpl: closeInMemoryFile -> map-output of size: 2, inMemoryMapOutputs.size() -> 1, commitMemory -> 0, usedMemory ->2
[2025-02-26T20:43:44.320+0000] {subprocess.py:93} INFO - 2025-02-26 20:43:44,318 INFO reduce.EventFetcher: EventFetcher is interrupted.. Returning
[2025-02-26T20:43:44.354+0000] {subprocess.py:93} INFO - 2025-02-26 20:43:44,343 INFO mapred.LocalJobRunner: 1 / 1 copied.
[2025-02-26T20:43:44.361+0000] {subprocess.py:93} INFO - 2025-02-26 20:43:44,345 INFO reduce.MergeManagerImpl: finalMerge called with 1 in-memory map-outputs and 0 on-disk map-outputs
[2025-02-26T20:43:44.397+0000] {subprocess.py:93} INFO - 2025-02-26 20:43:44,393 INFO mapred.Merger: Merging 1 sorted segments
[2025-02-26T20:43:44.403+0000] {subprocess.py:93} INFO - 2025-02-26 20:43:44,398 INFO mapred.Merger: Down to the last merge-pass, with 0 segments left of total size: 0 bytes
[2025-02-26T20:43:44.404+0000] {subprocess.py:93} INFO - 2025-02-26 20:43:44,399 INFO reduce.MergeManagerImpl: Merged 1 segments, 2 bytes to disk to satisfy reduce memory limit
[2025-02-26T20:43:44.405+0000] {subprocess.py:93} INFO - 2025-02-26 20:43:44,403 INFO reduce.MergeManagerImpl: Merging 1 files, 6 bytes from disk
[2025-02-26T20:43:44.409+0000] {subprocess.py:93} INFO - 2025-02-26 20:43:44,407 INFO reduce.MergeManagerImpl: Merging 0 segments, 0 bytes from memory into reduce
[2025-02-26T20:43:44.410+0000] {subprocess.py:93} INFO - 2025-02-26 20:43:44,407 INFO mapred.Merger: Merging 1 sorted segments
[2025-02-26T20:43:44.425+0000] {subprocess.py:93} INFO - 2025-02-26 20:43:44,424 INFO mapred.Merger: Down to the last merge-pass, with 0 segments left of total size: 0 bytes
[2025-02-26T20:43:44.427+0000] {subprocess.py:93} INFO - 2025-02-26 20:43:44,425 INFO mapred.LocalJobRunner: 1 / 1 copied.
[2025-02-26T20:43:44.438+0000] {subprocess.py:93} INFO - 2025-02-26 20:43:44,436 INFO streaming.PipeMapRed: PipeMapRed exec [/usr/bin/python, reducer.py]
[2025-02-26T20:43:44.442+0000] {subprocess.py:93} INFO - 2025-02-26 20:43:44,441 INFO Configuration.deprecation: mapred.job.tracker is deprecated. Instead, use mapreduce.jobtracker.address
[2025-02-26T20:43:44.443+0000] {subprocess.py:93} INFO - 2025-02-26 20:43:44,443 INFO Configuration.deprecation: mapred.map.tasks is deprecated. Instead, use mapreduce.job.maps
[2025-02-26T20:43:44.561+0000] {subprocess.py:93} INFO - 2025-02-26 20:43:44,557 INFO streaming.PipeMapRed: MRErrorThread done
[2025-02-26T20:43:44.564+0000] {subprocess.py:93} INFO - 2025-02-26 20:43:44,558 INFO streaming.PipeMapRed: mapRedFinished
[2025-02-26T20:43:44.588+0000] {subprocess.py:93} INFO - 2025-02-26 20:43:44,585 INFO mapred.Task: Task:attempt_local1820068092_0001_r_000000_0 is done. And is in the process of committing
[2025-02-26T20:43:44.598+0000] {subprocess.py:93} INFO - 2025-02-26 20:43:44,592 INFO mapred.LocalJobRunner: 1 / 1 copied.
[2025-02-26T20:43:44.604+0000] {subprocess.py:93} INFO - 2025-02-26 20:43:44,592 INFO mapred.Task: Task attempt_local1820068092_0001_r_000000_0 is allowed to commit now
[2025-02-26T20:43:44.683+0000] {subprocess.py:93} INFO - 2025-02-26 20:43:44,681 INFO output.FileOutputCommitter: Saved output of task 'attempt_local1820068092_0001_r_000000_0' to hdfs://namenode:9000/user/etudiant/crypto/processed/YYYY=2025/MM=01/DD=28
[2025-02-26T20:43:44.685+0000] {subprocess.py:93} INFO - 2025-02-26 20:43:44,683 INFO mapred.LocalJobRunner: reduce > reduce
[2025-02-26T20:43:44.686+0000] {subprocess.py:93} INFO - 2025-02-26 20:43:44,683 INFO mapred.Task: Task 'attempt_local1820068092_0001_r_000000_0' done.
[2025-02-26T20:43:44.687+0000] {subprocess.py:93} INFO - 2025-02-26 20:43:44,684 INFO mapred.Task: Final Counters for attempt_local1820068092_0001_r_000000_0: Counters: 30
[2025-02-26T20:43:44.688+0000] {subprocess.py:93} INFO - 	File System Counters
[2025-02-26T20:43:44.689+0000] {subprocess.py:93} INFO - 		FILE: Number of bytes read=180709
[2025-02-26T20:43:44.689+0000] {subprocess.py:93} INFO - 		FILE: Number of bytes written=712301
[2025-02-26T20:43:44.690+0000] {subprocess.py:93} INFO - 		FILE: Number of read operations=0
[2025-02-26T20:43:44.691+0000] {subprocess.py:93} INFO - 		FILE: Number of large read operations=0
[2025-02-26T20:43:44.691+0000] {subprocess.py:93} INFO - 		FILE: Number of write operations=0
[2025-02-26T20:43:44.692+0000] {subprocess.py:93} INFO - 		HDFS: Number of bytes read=19764
[2025-02-26T20:43:44.693+0000] {subprocess.py:93} INFO - 		HDFS: Number of bytes written=0
[2025-02-26T20:43:44.693+0000] {subprocess.py:93} INFO - 		HDFS: Number of read operations=10
[2025-02-26T20:43:44.694+0000] {subprocess.py:93} INFO - 		HDFS: Number of large read operations=0
[2025-02-26T20:43:44.694+0000] {subprocess.py:93} INFO - 		HDFS: Number of write operations=3
[2025-02-26T20:43:44.695+0000] {subprocess.py:93} INFO - 		HDFS: Number of bytes read erasure-coded=0
[2025-02-26T20:43:44.695+0000] {subprocess.py:93} INFO - 	Map-Reduce Framework
[2025-02-26T20:43:44.696+0000] {subprocess.py:93} INFO - 		Combine input records=0
[2025-02-26T20:43:44.696+0000] {subprocess.py:93} INFO - 		Combine output records=0
[2025-02-26T20:43:44.697+0000] {subprocess.py:93} INFO - 		Reduce input groups=0
[2025-02-26T20:43:44.698+0000] {subprocess.py:93} INFO - 		Reduce shuffle bytes=6
[2025-02-26T20:43:44.698+0000] {subprocess.py:93} INFO - 		Reduce input records=0
[2025-02-26T20:43:44.699+0000] {subprocess.py:93} INFO - 		Reduce output records=0
[2025-02-26T20:43:44.699+0000] {subprocess.py:93} INFO - 		Spilled Records=0
[2025-02-26T20:43:44.700+0000] {subprocess.py:93} INFO - 		Shuffled Maps =1
[2025-02-26T20:43:44.700+0000] {subprocess.py:93} INFO - 		Failed Shuffles=0
[2025-02-26T20:43:44.701+0000] {subprocess.py:93} INFO - 		Merged Map outputs=1
[2025-02-26T20:43:44.701+0000] {subprocess.py:93} INFO - 		GC time elapsed (ms)=0
[2025-02-26T20:43:44.702+0000] {subprocess.py:93} INFO - 		Total committed heap usage (bytes)=282591232
[2025-02-26T20:43:44.702+0000] {subprocess.py:93} INFO - 	Shuffle Errors
[2025-02-26T20:43:44.702+0000] {subprocess.py:93} INFO - 		BAD_ID=0
[2025-02-26T20:43:44.703+0000] {subprocess.py:93} INFO - 		CONNECTION=0
[2025-02-26T20:43:44.704+0000] {subprocess.py:93} INFO - 		IO_ERROR=0
[2025-02-26T20:43:44.704+0000] {subprocess.py:93} INFO - 		WRONG_LENGTH=0
[2025-02-26T20:43:44.705+0000] {subprocess.py:93} INFO - 		WRONG_MAP=0
[2025-02-26T20:43:44.705+0000] {subprocess.py:93} INFO - 		WRONG_REDUCE=0
[2025-02-26T20:43:44.706+0000] {subprocess.py:93} INFO - 	File Output Format Counters
[2025-02-26T20:43:44.707+0000] {subprocess.py:93} INFO - 		Bytes Written=0
[2025-02-26T20:43:44.707+0000] {subprocess.py:93} INFO - 2025-02-26 20:43:44,684 INFO mapred.LocalJobRunner: Finishing task: attempt_local1820068092_0001_r_000000_0
[2025-02-26T20:43:44.708+0000] {subprocess.py:93} INFO - 2025-02-26 20:43:44,684 INFO mapred.LocalJobRunner: reduce task executor complete.
[2025-02-26T20:43:44.885+0000] {subprocess.py:93} INFO - 2025-02-26 20:43:44,882 INFO mapreduce.Job:  map 100% reduce 100%
[2025-02-26T20:43:44.887+0000] {subprocess.py:93} INFO - 2025-02-26 20:43:44,883 INFO mapreduce.Job: Job job_local1820068092_0001 completed successfully
[2025-02-26T20:43:44.911+0000] {subprocess.py:93} INFO - 2025-02-26 20:43:44,909 INFO mapreduce.Job: Counters: 36
[2025-02-26T20:43:44.913+0000] {subprocess.py:93} INFO - 	File System Counters
[2025-02-26T20:43:44.913+0000] {subprocess.py:93} INFO - 		FILE: Number of bytes read=361374
[2025-02-26T20:43:44.914+0000] {subprocess.py:93} INFO - 		FILE: Number of bytes written=1424596
[2025-02-26T20:43:44.915+0000] {subprocess.py:93} INFO - 		FILE: Number of read operations=0
[2025-02-26T20:43:44.916+0000] {subprocess.py:93} INFO - 		FILE: Number of large read operations=0
[2025-02-26T20:43:44.917+0000] {subprocess.py:93} INFO - 		FILE: Number of write operations=0
[2025-02-26T20:43:44.918+0000] {subprocess.py:93} INFO - 		HDFS: Number of bytes read=39528
[2025-02-26T20:43:44.919+0000] {subprocess.py:93} INFO - 		HDFS: Number of bytes written=0
[2025-02-26T20:43:44.920+0000] {subprocess.py:93} INFO - 		HDFS: Number of read operations=15
[2025-02-26T20:43:44.921+0000] {subprocess.py:93} INFO - 		HDFS: Number of large read operations=0
[2025-02-26T20:43:44.922+0000] {subprocess.py:93} INFO - 		HDFS: Number of write operations=4
[2025-02-26T20:43:44.923+0000] {subprocess.py:93} INFO - 		HDFS: Number of bytes read erasure-coded=0
[2025-02-26T20:43:44.923+0000] {subprocess.py:93} INFO - 	Map-Reduce Framework
[2025-02-26T20:43:44.924+0000] {subprocess.py:93} INFO - 		Map input records=677
[2025-02-26T20:43:44.925+0000] {subprocess.py:93} INFO - 		Map output records=0
[2025-02-26T20:43:44.926+0000] {subprocess.py:93} INFO - 		Map output bytes=0
[2025-02-26T20:43:44.927+0000] {subprocess.py:93} INFO - 		Map output materialized bytes=6
[2025-02-26T20:43:44.928+0000] {subprocess.py:93} INFO - 		Input split bytes=137
[2025-02-26T20:43:44.928+0000] {subprocess.py:93} INFO - 		Combine input records=0
[2025-02-26T20:43:44.929+0000] {subprocess.py:93} INFO - 		Combine output records=0
[2025-02-26T20:43:44.930+0000] {subprocess.py:93} INFO - 		Reduce input groups=0
[2025-02-26T20:43:44.931+0000] {subprocess.py:93} INFO - 		Reduce shuffle bytes=6
[2025-02-26T20:43:44.931+0000] {subprocess.py:93} INFO - 		Reduce input records=0
[2025-02-26T20:43:44.932+0000] {subprocess.py:93} INFO - 		Reduce output records=0
[2025-02-26T20:43:44.933+0000] {subprocess.py:93} INFO - 		Spilled Records=0
[2025-02-26T20:43:44.933+0000] {subprocess.py:93} INFO - 		Shuffled Maps =1
[2025-02-26T20:43:44.934+0000] {subprocess.py:93} INFO - 		Failed Shuffles=0
[2025-02-26T20:43:44.934+0000] {subprocess.py:93} INFO - 		Merged Map outputs=1
[2025-02-26T20:43:44.935+0000] {subprocess.py:93} INFO - 		GC time elapsed (ms)=0
[2025-02-26T20:43:44.935+0000] {subprocess.py:93} INFO - 		Total committed heap usage (bytes)=564133888
[2025-02-26T20:43:44.935+0000] {subprocess.py:93} INFO - 	Shuffle Errors
[2025-02-26T20:43:44.936+0000] {subprocess.py:93} INFO - 		BAD_ID=0
[2025-02-26T20:43:44.936+0000] {subprocess.py:93} INFO - 		CONNECTION=0
[2025-02-26T20:43:44.937+0000] {subprocess.py:93} INFO - 		IO_ERROR=0
[2025-02-26T20:43:44.938+0000] {subprocess.py:93} INFO - 		WRONG_LENGTH=0
[2025-02-26T20:43:44.938+0000] {subprocess.py:93} INFO - 		WRONG_MAP=0
[2025-02-26T20:43:44.939+0000] {subprocess.py:93} INFO - 		WRONG_REDUCE=0
[2025-02-26T20:43:44.939+0000] {subprocess.py:93} INFO - 	File Input Format Counters
[2025-02-26T20:43:44.940+0000] {subprocess.py:93} INFO - 		Bytes Read=19764
[2025-02-26T20:43:44.940+0000] {subprocess.py:93} INFO - 	File Output Format Counters
[2025-02-26T20:43:44.941+0000] {subprocess.py:93} INFO - 		Bytes Written=0
[2025-02-26T20:43:44.941+0000] {subprocess.py:93} INFO - 2025-02-26 20:43:44,909 INFO streaming.StreamJob: Output directory: hdfs:///user/etudiant/crypto/processed/YYYY=2025/MM=01/DD=28
[2025-02-26T20:43:45.397+0000] {subprocess.py:97} INFO - Command exited with return code 0
[2025-02-26T20:43:45.441+0000] {taskinstance.py:1400} INFO - Marking task as SUCCESS. dag_id=yfinance_ingestion_dag, task_id=run_mapreduce, execution_date=20250128T000000, start_date=20250226T204334, end_date=20250226T204345
[2025-02-26T20:43:45.607+0000] {local_task_job_runner.py:228} INFO - Task exited with return code 0
[2025-02-26T20:43:45.626+0000] {taskinstance.py:2784} INFO - 0 downstream tasks scheduled from follow-on schedule check
