[2025-02-26T20:39:22.708+0000] {taskinstance.py:1159} INFO - Dependencies all met for dep_context=non-requeueable deps ti=<TaskInstance: yfinance_ingestion_dag.run_mapreduce scheduled__2025-01-18T00:00:00+00:00 [queued]>
[2025-02-26T20:39:22.757+0000] {taskinstance.py:1159} INFO - Dependencies all met for dep_context=requeueable deps ti=<TaskInstance: yfinance_ingestion_dag.run_mapreduce scheduled__2025-01-18T00:00:00+00:00 [queued]>
[2025-02-26T20:39:22.758+0000] {taskinstance.py:1361} INFO - Starting attempt 1 of 2
[2025-02-26T20:39:22.829+0000] {taskinstance.py:1382} INFO - Executing <Task(BashOperator): run_mapreduce> on 2025-01-18 00:00:00+00:00
[2025-02-26T20:39:22.847+0000] {standard_task_runner.py:57} INFO - Started process 866 to run task
[2025-02-26T20:39:22.885+0000] {standard_task_runner.py:84} INFO - Running: ['***', 'tasks', 'run', 'yfinance_ingestion_dag', 'run_mapreduce', 'scheduled__2025-01-18T00:00:00+00:00', '--job-id', '257', '--raw', '--subdir', 'DAGS_FOLDER/pipeline.py', '--cfg-path', '/tmp/tmp63obpdnj']
[2025-02-26T20:39:22.935+0000] {standard_task_runner.py:85} INFO - Job 257: Subtask run_mapreduce
[2025-02-26T20:39:23.126+0000] {task_command.py:415} INFO - Running <TaskInstance: yfinance_ingestion_dag.run_mapreduce scheduled__2025-01-18T00:00:00+00:00 [running]> on host 3c0faf52b292
[2025-02-26T20:39:23.651+0000] {taskinstance.py:1660} INFO - Exporting env vars: AIRFLOW_CTX_DAG_OWNER='etudiant' AIRFLOW_CTX_DAG_ID='yfinance_ingestion_dag' AIRFLOW_CTX_TASK_ID='run_mapreduce' AIRFLOW_CTX_EXECUTION_DATE='2025-01-18T00:00:00+00:00' AIRFLOW_CTX_TRY_NUMBER='1' AIRFLOW_CTX_DAG_RUN_ID='scheduled__2025-01-18T00:00:00+00:00'
[2025-02-26T20:39:23.662+0000] {subprocess.py:63} INFO - Tmp dir root location: /tmp
[2025-02-26T20:39:23.665+0000] {subprocess.py:75} INFO - Running command: ['/bin/bash', '-c', '\n        docker exec -i -u root namenode bash -c \'         cd /tmp &&         cp /mnt/hadoop_data/mapreduce/mapper.py . &&         cp /mnt/hadoop_data/mapreduce/reducer.py . &&         chmod +x mapper.py reducer.py &&         hdfs dfs -rm -r hdfs:///user/etudiant/crypto/processed/YYYY=2025/MM=01/DD=18 || true &&         hadoop jar /opt/hadoop-3.2.1/share/hadoop/tools/lib/hadoop-streaming-3.2.1.jar         -files mapper.py,reducer.py         -mapper "python mapper.py"         -reducer "python reducer.py"         -input hdfs:///user/etudiant/crypto/raw/YYYY=2025/MM=01/DD=18/yfinance_raw.json         -output hdfs:///user/etudiant/crypto/processed/YYYY=2025/MM=01/DD=18\'\n        ']
[2025-02-26T20:39:23.701+0000] {subprocess.py:86} INFO - Output:
[2025-02-26T20:39:23.813+0000] {subprocess.py:93} INFO - Error response from daemon: container c068416616c3addcfecdcedaa4e27c1031cda688b8569312fe1d8d0a7228e11e is not running
[2025-02-26T20:39:23.823+0000] {subprocess.py:97} INFO - Command exited with return code 1
[2025-02-26T20:39:23.852+0000] {taskinstance.py:1943} ERROR - Task failed with exception
Traceback (most recent call last):
  File "/home/airflow/.local/lib/python3.8/site-packages/airflow/operators/bash.py", line 210, in execute
    raise AirflowException(
airflow.exceptions.AirflowException: Bash command failed. The command returned a non-zero exit code 1.
[2025-02-26T20:39:23.864+0000] {taskinstance.py:1400} INFO - Marking task as UP_FOR_RETRY. dag_id=yfinance_ingestion_dag, task_id=run_mapreduce, execution_date=20250118T000000, start_date=20250226T203922, end_date=20250226T203923
[2025-02-26T20:39:23.906+0000] {standard_task_runner.py:104} ERROR - Failed to execute job 257 for task run_mapreduce (Bash command failed. The command returned a non-zero exit code 1.; 866)
[2025-02-26T20:39:23.951+0000] {local_task_job_runner.py:228} INFO - Task exited with return code 1
[2025-02-26T20:39:24.011+0000] {taskinstance.py:2784} INFO - 0 downstream tasks scheduled from follow-on schedule check
[2025-02-26T20:42:05.675+0000] {taskinstance.py:1159} INFO - Dependencies all met for dep_context=non-requeueable deps ti=<TaskInstance: yfinance_ingestion_dag.run_mapreduce scheduled__2025-01-18T00:00:00+00:00 [queued]>
[2025-02-26T20:42:05.690+0000] {taskinstance.py:1159} INFO - Dependencies all met for dep_context=requeueable deps ti=<TaskInstance: yfinance_ingestion_dag.run_mapreduce scheduled__2025-01-18T00:00:00+00:00 [queued]>
[2025-02-26T20:42:05.691+0000] {taskinstance.py:1361} INFO - Starting attempt 1 of 2
[2025-02-26T20:42:05.719+0000] {taskinstance.py:1382} INFO - Executing <Task(BashOperator): run_mapreduce> on 2025-01-18 00:00:00+00:00
[2025-02-26T20:42:05.731+0000] {standard_task_runner.py:57} INFO - Started process 1743 to run task
[2025-02-26T20:42:05.736+0000] {standard_task_runner.py:84} INFO - Running: ['***', 'tasks', 'run', 'yfinance_ingestion_dag', 'run_mapreduce', 'scheduled__2025-01-18T00:00:00+00:00', '--job-id', '320', '--raw', '--subdir', 'DAGS_FOLDER/pipeline.py', '--cfg-path', '/tmp/tmppq43ebvf']
[2025-02-26T20:42:05.741+0000] {standard_task_runner.py:85} INFO - Job 320: Subtask run_mapreduce
[2025-02-26T20:42:05.806+0000] {task_command.py:415} INFO - Running <TaskInstance: yfinance_ingestion_dag.run_mapreduce scheduled__2025-01-18T00:00:00+00:00 [running]> on host 3c0faf52b292
[2025-02-26T20:42:05.958+0000] {taskinstance.py:1660} INFO - Exporting env vars: AIRFLOW_CTX_DAG_OWNER='etudiant' AIRFLOW_CTX_DAG_ID='yfinance_ingestion_dag' AIRFLOW_CTX_TASK_ID='run_mapreduce' AIRFLOW_CTX_EXECUTION_DATE='2025-01-18T00:00:00+00:00' AIRFLOW_CTX_TRY_NUMBER='1' AIRFLOW_CTX_DAG_RUN_ID='scheduled__2025-01-18T00:00:00+00:00'
[2025-02-26T20:42:05.961+0000] {subprocess.py:63} INFO - Tmp dir root location: /tmp
[2025-02-26T20:42:05.965+0000] {subprocess.py:75} INFO - Running command: ['/bin/bash', '-c', '\n        docker exec -i -u root namenode bash -c \'         cd /tmp &&         cp /mnt/hadoop_data/mapreduce/mapper.py . &&         cp /mnt/hadoop_data/mapreduce/reducer.py . &&         chmod +x mapper.py reducer.py &&         hdfs dfs -rm -r hdfs:///user/etudiant/crypto/processed/YYYY=2025/MM=01/DD=18 || true &&         hadoop jar /opt/hadoop-3.2.1/share/hadoop/tools/lib/hadoop-streaming-3.2.1.jar         -files mapper.py,reducer.py         -mapper "python mapper.py"         -reducer "python reducer.py"         -input hdfs:///user/etudiant/crypto/raw/YYYY=2025/MM=01/DD=18/yfinance_raw.json         -output hdfs:///user/etudiant/crypto/processed/YYYY=2025/MM=01/DD=18\'\n        ']
[2025-02-26T20:42:05.991+0000] {subprocess.py:86} INFO - Output:
[2025-02-26T20:42:08.064+0000] {subprocess.py:93} INFO - rm: `hdfs:///user/etudiant/crypto/processed/YYYY=2025/MM=01/DD=18': No such file or directory
[2025-02-26T20:42:11.700+0000] {subprocess.py:93} INFO - 2025-02-26 20:42:11,697 INFO impl.MetricsConfig: Loaded properties from hadoop-metrics2.properties
[2025-02-26T20:42:11.792+0000] {subprocess.py:93} INFO - 2025-02-26 20:42:11,789 INFO impl.MetricsSystemImpl: Scheduled Metric snapshot period at 10 second(s).
[2025-02-26T20:42:11.793+0000] {subprocess.py:93} INFO - 2025-02-26 20:42:11,789 INFO impl.MetricsSystemImpl: JobTracker metrics system started
[2025-02-26T20:42:11.823+0000] {subprocess.py:93} INFO - 2025-02-26 20:42:11,821 WARN impl.MetricsSystemImpl: JobTracker metrics system already initialized!
[2025-02-26T20:42:12.397+0000] {subprocess.py:93} INFO - 2025-02-26 20:42:12,395 INFO mapred.FileInputFormat: Total input files to process : 1
[2025-02-26T20:42:12.475+0000] {subprocess.py:93} INFO - 2025-02-26 20:42:12,473 INFO mapreduce.JobSubmitter: number of splits:1
[2025-02-26T20:42:12.674+0000] {subprocess.py:93} INFO - 2025-02-26 20:42:12,665 INFO mapreduce.JobSubmitter: Submitting tokens for job: job_local1568172900_0001
[2025-02-26T20:42:12.701+0000] {subprocess.py:93} INFO - 2025-02-26 20:42:12,666 INFO mapreduce.JobSubmitter: Executing with tokens: []
[2025-02-26T20:42:13.141+0000] {subprocess.py:93} INFO - 2025-02-26 20:42:13,133 INFO mapred.LocalDistributedCacheManager: Localized file:/tmp/mapper.py as file:/tmp/hadoop-root/mapred/local/job_local1568172900_0001_79c6c092-a572-49d9-99b9-1476bf4ed6e7/mapper.py
[2025-02-26T20:42:13.197+0000] {subprocess.py:93} INFO - 2025-02-26 20:42:13,195 INFO mapred.LocalDistributedCacheManager: Localized file:/tmp/reducer.py as file:/tmp/hadoop-root/mapred/local/job_local1568172900_0001_3b57771f-890b-4e4f-90c7-dde89d2abd33/reducer.py
[2025-02-26T20:42:13.400+0000] {subprocess.py:93} INFO - 2025-02-26 20:42:13,397 INFO mapreduce.Job: The url to track the job: http://localhost:8080/
[2025-02-26T20:42:13.401+0000] {subprocess.py:93} INFO - 2025-02-26 20:42:13,400 INFO mapreduce.Job: Running job: job_local1568172900_0001
[2025-02-26T20:42:13.423+0000] {subprocess.py:93} INFO - 2025-02-26 20:42:13,411 INFO mapred.LocalJobRunner: OutputCommitter set in config null
[2025-02-26T20:42:13.426+0000] {subprocess.py:93} INFO - 2025-02-26 20:42:13,424 INFO mapred.LocalJobRunner: OutputCommitter is org.apache.hadoop.mapred.FileOutputCommitter
[2025-02-26T20:42:13.437+0000] {subprocess.py:93} INFO - 2025-02-26 20:42:13,435 INFO output.FileOutputCommitter: File Output Committer Algorithm version is 2
[2025-02-26T20:42:13.438+0000] {subprocess.py:93} INFO - 2025-02-26 20:42:13,435 INFO output.FileOutputCommitter: FileOutputCommitter skip cleanup _temporary folders under output directory:false, ignore cleanup failures: false
[2025-02-26T20:42:13.520+0000] {subprocess.py:93} INFO - 2025-02-26 20:42:13,519 INFO mapred.LocalJobRunner: Waiting for map tasks
[2025-02-26T20:42:13.526+0000] {subprocess.py:93} INFO - 2025-02-26 20:42:13,525 INFO mapred.LocalJobRunner: Starting task: attempt_local1568172900_0001_m_000000_0
[2025-02-26T20:42:13.587+0000] {subprocess.py:93} INFO - 2025-02-26 20:42:13,583 INFO output.FileOutputCommitter: File Output Committer Algorithm version is 2
[2025-02-26T20:42:13.589+0000] {subprocess.py:93} INFO - 2025-02-26 20:42:13,584 INFO output.FileOutputCommitter: FileOutputCommitter skip cleanup _temporary folders under output directory:false, ignore cleanup failures: false
[2025-02-26T20:42:13.636+0000] {subprocess.py:93} INFO - 2025-02-26 20:42:13,634 INFO mapred.Task:  Using ResourceCalculatorProcessTree : [ ]
[2025-02-26T20:42:13.661+0000] {subprocess.py:93} INFO - 2025-02-26 20:42:13,656 INFO mapred.MapTask: Processing split: hdfs://namenode:9000/user/etudiant/crypto/raw/YYYY=2025/MM=01/DD=18/yfinance_raw.json:0+19761
[2025-02-26T20:42:13.697+0000] {subprocess.py:93} INFO - 2025-02-26 20:42:13,695 INFO mapred.MapTask: numReduceTasks: 1
[2025-02-26T20:42:13.777+0000] {subprocess.py:93} INFO - 2025-02-26 20:42:13,773 INFO mapred.MapTask: (EQUATOR) 0 kvi 26214396(104857584)
[2025-02-26T20:42:13.782+0000] {subprocess.py:93} INFO - 2025-02-26 20:42:13,773 INFO mapred.MapTask: mapreduce.task.io.sort.mb: 100
[2025-02-26T20:42:13.784+0000] {subprocess.py:93} INFO - 2025-02-26 20:42:13,773 INFO mapred.MapTask: soft limit at 83886080
[2025-02-26T20:42:13.785+0000] {subprocess.py:93} INFO - 2025-02-26 20:42:13,773 INFO mapred.MapTask: bufstart = 0; bufvoid = 104857600
[2025-02-26T20:42:13.786+0000] {subprocess.py:93} INFO - 2025-02-26 20:42:13,773 INFO mapred.MapTask: kvstart = 26214396; length = 6553600
[2025-02-26T20:42:13.794+0000] {subprocess.py:93} INFO - 2025-02-26 20:42:13,790 INFO mapred.MapTask: Map output collector class = org.apache.hadoop.mapred.MapTask$MapOutputBuffer
[2025-02-26T20:42:13.805+0000] {subprocess.py:93} INFO - 2025-02-26 20:42:13,803 INFO streaming.PipeMapRed: PipeMapRed exec [/usr/bin/python, mapper.py]
[2025-02-26T20:42:13.816+0000] {subprocess.py:93} INFO - 2025-02-26 20:42:13,813 INFO Configuration.deprecation: mapred.work.output.dir is deprecated. Instead, use mapreduce.task.output.dir
[2025-02-26T20:42:13.818+0000] {subprocess.py:93} INFO - 2025-02-26 20:42:13,816 INFO Configuration.deprecation: map.input.start is deprecated. Instead, use mapreduce.map.input.start
[2025-02-26T20:42:13.819+0000] {subprocess.py:93} INFO - 2025-02-26 20:42:13,817 INFO Configuration.deprecation: mapred.task.is.map is deprecated. Instead, use mapreduce.task.ismap
[2025-02-26T20:42:13.820+0000] {subprocess.py:93} INFO - 2025-02-26 20:42:13,818 INFO Configuration.deprecation: mapred.task.id is deprecated. Instead, use mapreduce.task.attempt.id
[2025-02-26T20:42:13.822+0000] {subprocess.py:93} INFO - 2025-02-26 20:42:13,820 INFO Configuration.deprecation: mapred.tip.id is deprecated. Instead, use mapreduce.task.id
[2025-02-26T20:42:13.823+0000] {subprocess.py:93} INFO - 2025-02-26 20:42:13,821 INFO Configuration.deprecation: mapred.local.dir is deprecated. Instead, use mapreduce.cluster.local.dir
[2025-02-26T20:42:13.823+0000] {subprocess.py:93} INFO - 2025-02-26 20:42:13,822 INFO Configuration.deprecation: map.input.file is deprecated. Instead, use mapreduce.map.input.file
[2025-02-26T20:42:13.824+0000] {subprocess.py:93} INFO - 2025-02-26 20:42:13,822 INFO Configuration.deprecation: mapred.skip.on is deprecated. Instead, use mapreduce.job.skiprecords
[2025-02-26T20:42:13.828+0000] {subprocess.py:93} INFO - 2025-02-26 20:42:13,823 INFO Configuration.deprecation: map.input.length is deprecated. Instead, use mapreduce.map.input.length
[2025-02-26T20:42:13.831+0000] {subprocess.py:93} INFO - 2025-02-26 20:42:13,825 INFO Configuration.deprecation: mapred.job.id is deprecated. Instead, use mapreduce.job.id
[2025-02-26T20:42:13.833+0000] {subprocess.py:93} INFO - 2025-02-26 20:42:13,826 INFO Configuration.deprecation: user.name is deprecated. Instead, use mapreduce.job.user.name
[2025-02-26T20:42:13.835+0000] {subprocess.py:93} INFO - 2025-02-26 20:42:13,831 INFO Configuration.deprecation: mapred.task.partition is deprecated. Instead, use mapreduce.task.partition
[2025-02-26T20:42:13.890+0000] {subprocess.py:93} INFO - 2025-02-26 20:42:13,888 INFO sasl.SaslDataTransferClient: SASL encryption trust check: localHostTrusted = false, remoteHostTrusted = false
[2025-02-26T20:42:14.103+0000] {subprocess.py:93} INFO - 2025-02-26 20:42:14,097 INFO streaming.PipeMapRed: R/W/S=1/0/0 in:NA [rec/s] out:NA [rec/s]
[2025-02-26T20:42:14.105+0000] {subprocess.py:93} INFO - 2025-02-26 20:42:14,098 INFO streaming.PipeMapRed: R/W/S=10/0/0 in:NA [rec/s] out:NA [rec/s]
[2025-02-26T20:42:14.110+0000] {subprocess.py:93} INFO - 2025-02-26 20:42:14,108 INFO streaming.PipeMapRed: R/W/S=100/0/0 in:NA [rec/s] out:NA [rec/s]
[2025-02-26T20:42:14.139+0000] {subprocess.py:93} INFO - 2025-02-26 20:42:14,133 INFO streaming.PipeMapRed: MRErrorThread done
[2025-02-26T20:42:14.140+0000] {subprocess.py:93} INFO - 2025-02-26 20:42:14,136 INFO streaming.PipeMapRed: mapRedFinished
[2025-02-26T20:42:14.144+0000] {subprocess.py:93} INFO - 2025-02-26 20:42:14,143 INFO mapred.LocalJobRunner:
[2025-02-26T20:42:14.145+0000] {subprocess.py:93} INFO - 2025-02-26 20:42:14,143 INFO mapred.MapTask: Starting flush of map output
[2025-02-26T20:42:14.203+0000] {subprocess.py:93} INFO - 2025-02-26 20:42:14,196 INFO mapred.Task: Task:attempt_local1568172900_0001_m_000000_0 is done. And is in the process of committing
[2025-02-26T20:42:14.236+0000] {subprocess.py:93} INFO - 2025-02-26 20:42:14,230 INFO mapred.LocalJobRunner: hdfs://namenode:9000/user/etudiant/crypto/raw/YYYY=2025/MM=01/DD=18/yfinance_raw.json:0+19761
[2025-02-26T20:42:14.238+0000] {subprocess.py:93} INFO - 2025-02-26 20:42:14,231 INFO mapred.Task: Task 'attempt_local1568172900_0001_m_000000_0' done.
[2025-02-26T20:42:14.268+0000] {subprocess.py:93} INFO - 2025-02-26 20:42:14,265 INFO mapred.Task: Final Counters for attempt_local1568172900_0001_m_000000_0: Counters: 23
[2025-02-26T20:42:14.269+0000] {subprocess.py:93} INFO - 	File System Counters
[2025-02-26T20:42:14.270+0000] {subprocess.py:93} INFO - 		FILE: Number of bytes read=180665
[2025-02-26T20:42:14.271+0000] {subprocess.py:93} INFO - 		FILE: Number of bytes written=712295
[2025-02-26T20:42:14.272+0000] {subprocess.py:93} INFO - 		FILE: Number of read operations=0
[2025-02-26T20:42:14.272+0000] {subprocess.py:93} INFO - 		FILE: Number of large read operations=0
[2025-02-26T20:42:14.273+0000] {subprocess.py:93} INFO - 		FILE: Number of write operations=0
[2025-02-26T20:42:14.278+0000] {subprocess.py:93} INFO - 		HDFS: Number of bytes read=19761
[2025-02-26T20:42:14.279+0000] {subprocess.py:93} INFO - 		HDFS: Number of bytes written=0
[2025-02-26T20:42:14.280+0000] {subprocess.py:93} INFO - 		HDFS: Number of read operations=5
[2025-02-26T20:42:14.281+0000] {subprocess.py:93} INFO - 		HDFS: Number of large read operations=0
[2025-02-26T20:42:14.282+0000] {subprocess.py:93} INFO - 		HDFS: Number of write operations=1
[2025-02-26T20:42:14.283+0000] {subprocess.py:93} INFO - 		HDFS: Number of bytes read erasure-coded=0
[2025-02-26T20:42:14.284+0000] {subprocess.py:93} INFO - 	Map-Reduce Framework
[2025-02-26T20:42:14.285+0000] {subprocess.py:93} INFO - 		Map input records=677
[2025-02-26T20:42:14.285+0000] {subprocess.py:93} INFO - 		Map output records=0
[2025-02-26T20:42:14.285+0000] {subprocess.py:93} INFO - 		Map output bytes=0
[2025-02-26T20:42:14.286+0000] {subprocess.py:93} INFO - 		Map output materialized bytes=6
[2025-02-26T20:42:14.286+0000] {subprocess.py:93} INFO - 		Input split bytes=137
[2025-02-26T20:42:14.286+0000] {subprocess.py:93} INFO - 		Combine input records=0
[2025-02-26T20:42:14.287+0000] {subprocess.py:93} INFO - 		Spilled Records=0
[2025-02-26T20:42:14.287+0000] {subprocess.py:93} INFO - 		Failed Shuffles=0
[2025-02-26T20:42:14.287+0000] {subprocess.py:93} INFO - 		Merged Map outputs=0
[2025-02-26T20:42:14.287+0000] {subprocess.py:93} INFO - 		GC time elapsed (ms)=0
[2025-02-26T20:42:14.288+0000] {subprocess.py:93} INFO - 		Total committed heap usage (bytes)=282066944
[2025-02-26T20:42:14.290+0000] {subprocess.py:93} INFO - 	File Input Format Counters
[2025-02-26T20:42:14.297+0000] {subprocess.py:93} INFO - 		Bytes Read=19761
[2025-02-26T20:42:14.298+0000] {subprocess.py:93} INFO - 2025-02-26 20:42:14,266 INFO mapred.LocalJobRunner: Finishing task: attempt_local1568172900_0001_m_000000_0
[2025-02-26T20:42:14.299+0000] {subprocess.py:93} INFO - 2025-02-26 20:42:14,266 INFO mapred.LocalJobRunner: map task executor complete.
[2025-02-26T20:42:14.299+0000] {subprocess.py:93} INFO - 2025-02-26 20:42:14,273 INFO mapred.LocalJobRunner: Waiting for reduce tasks
[2025-02-26T20:42:14.308+0000] {subprocess.py:93} INFO - 2025-02-26 20:42:14,306 INFO mapred.LocalJobRunner: Starting task: attempt_local1568172900_0001_r_000000_0
[2025-02-26T20:42:14.372+0000] {subprocess.py:93} INFO - 2025-02-26 20:42:14,370 INFO output.FileOutputCommitter: File Output Committer Algorithm version is 2
[2025-02-26T20:42:14.373+0000] {subprocess.py:93} INFO - 2025-02-26 20:42:14,370 INFO output.FileOutputCommitter: FileOutputCommitter skip cleanup _temporary folders under output directory:false, ignore cleanup failures: false
[2025-02-26T20:42:14.374+0000] {subprocess.py:93} INFO - 2025-02-26 20:42:14,372 INFO mapred.Task:  Using ResourceCalculatorProcessTree : [ ]
[2025-02-26T20:42:14.383+0000] {subprocess.py:93} INFO - 2025-02-26 20:42:14,381 INFO mapred.ReduceTask: Using ShuffleConsumerPlugin: org.apache.hadoop.mapreduce.task.reduce.Shuffle@216210cf
[2025-02-26T20:42:14.388+0000] {subprocess.py:93} INFO - 2025-02-26 20:42:14,386 WARN impl.MetricsSystemImpl: JobTracker metrics system already initialized!
[2025-02-26T20:42:14.411+0000] {subprocess.py:93} INFO - 2025-02-26 20:42:14,408 INFO mapreduce.Job: Job job_local1568172900_0001 running in uber mode : false
[2025-02-26T20:42:14.419+0000] {subprocess.py:93} INFO - 2025-02-26 20:42:14,411 INFO mapreduce.Job:  map 100% reduce 0%
[2025-02-26T20:42:14.428+0000] {subprocess.py:93} INFO - 2025-02-26 20:42:14,426 INFO reduce.MergeManagerImpl: MergerManager: memoryLimit=668309888, maxSingleShuffleLimit=167077472, mergeThreshold=441084544, ioSortFactor=10, memToMemMergeOutputsThreshold=10
[2025-02-26T20:42:14.450+0000] {subprocess.py:93} INFO - 2025-02-26 20:42:14,445 INFO reduce.EventFetcher: attempt_local1568172900_0001_r_000000_0 Thread started: EventFetcher for fetching Map Completion Events
[2025-02-26T20:42:14.508+0000] {subprocess.py:93} INFO - 2025-02-26 20:42:14,506 INFO reduce.LocalFetcher: localfetcher#1 about to shuffle output of map attempt_local1568172900_0001_m_000000_0 decomp: 2 len: 6 to MEMORY
[2025-02-26T20:42:14.514+0000] {subprocess.py:93} INFO - 2025-02-26 20:42:14,513 INFO reduce.InMemoryMapOutput: Read 2 bytes from map-output for attempt_local1568172900_0001_m_000000_0
[2025-02-26T20:42:14.523+0000] {subprocess.py:93} INFO - 2025-02-26 20:42:14,521 INFO reduce.MergeManagerImpl: closeInMemoryFile -> map-output of size: 2, inMemoryMapOutputs.size() -> 1, commitMemory -> 0, usedMemory ->2
[2025-02-26T20:42:14.531+0000] {subprocess.py:93} INFO - 2025-02-26 20:42:14,529 INFO reduce.EventFetcher: EventFetcher is interrupted.. Returning
[2025-02-26T20:42:14.538+0000] {subprocess.py:93} INFO - 2025-02-26 20:42:14,536 INFO mapred.LocalJobRunner: 1 / 1 copied.
[2025-02-26T20:42:14.540+0000] {subprocess.py:93} INFO - 2025-02-26 20:42:14,539 INFO reduce.MergeManagerImpl: finalMerge called with 1 in-memory map-outputs and 0 on-disk map-outputs
[2025-02-26T20:42:14.559+0000] {subprocess.py:93} INFO - 2025-02-26 20:42:14,557 INFO mapred.Merger: Merging 1 sorted segments
[2025-02-26T20:42:14.560+0000] {subprocess.py:93} INFO - 2025-02-26 20:42:14,559 INFO mapred.Merger: Down to the last merge-pass, with 0 segments left of total size: 0 bytes
[2025-02-26T20:42:14.565+0000] {subprocess.py:93} INFO - 2025-02-26 20:42:14,563 INFO reduce.MergeManagerImpl: Merged 1 segments, 2 bytes to disk to satisfy reduce memory limit
[2025-02-26T20:42:14.570+0000] {subprocess.py:93} INFO - 2025-02-26 20:42:14,565 INFO reduce.MergeManagerImpl: Merging 1 files, 6 bytes from disk
[2025-02-26T20:42:14.572+0000] {subprocess.py:93} INFO - 2025-02-26 20:42:14,570 INFO reduce.MergeManagerImpl: Merging 0 segments, 0 bytes from memory into reduce
[2025-02-26T20:42:14.574+0000] {subprocess.py:93} INFO - 2025-02-26 20:42:14,571 INFO mapred.Merger: Merging 1 sorted segments
[2025-02-26T20:42:14.576+0000] {subprocess.py:93} INFO - 2025-02-26 20:42:14,573 INFO mapred.Merger: Down to the last merge-pass, with 0 segments left of total size: 0 bytes
[2025-02-26T20:42:14.577+0000] {subprocess.py:93} INFO - 2025-02-26 20:42:14,575 INFO mapred.LocalJobRunner: 1 / 1 copied.
[2025-02-26T20:42:14.614+0000] {subprocess.py:93} INFO - 2025-02-26 20:42:14,597 INFO streaming.PipeMapRed: PipeMapRed exec [/usr/bin/python, reducer.py]
[2025-02-26T20:42:14.624+0000] {subprocess.py:93} INFO - 2025-02-26 20:42:14,614 INFO Configuration.deprecation: mapred.job.tracker is deprecated. Instead, use mapreduce.jobtracker.address
[2025-02-26T20:42:14.643+0000] {subprocess.py:93} INFO - 2025-02-26 20:42:14,632 INFO Configuration.deprecation: mapred.map.tasks is deprecated. Instead, use mapreduce.job.maps
[2025-02-26T20:42:14.768+0000] {subprocess.py:93} INFO - 2025-02-26 20:42:14,763 INFO streaming.PipeMapRed: MRErrorThread done
[2025-02-26T20:42:14.772+0000] {subprocess.py:93} INFO - 2025-02-26 20:42:14,764 INFO streaming.PipeMapRed: mapRedFinished
[2025-02-26T20:42:14.794+0000] {subprocess.py:93} INFO - 2025-02-26 20:42:14,787 INFO mapred.Task: Task:attempt_local1568172900_0001_r_000000_0 is done. And is in the process of committing
[2025-02-26T20:42:14.811+0000] {subprocess.py:93} INFO - 2025-02-26 20:42:14,792 INFO mapred.LocalJobRunner: 1 / 1 copied.
[2025-02-26T20:42:14.814+0000] {subprocess.py:93} INFO - 2025-02-26 20:42:14,793 INFO mapred.Task: Task attempt_local1568172900_0001_r_000000_0 is allowed to commit now
[2025-02-26T20:42:14.873+0000] {subprocess.py:93} INFO - 2025-02-26 20:42:14,861 INFO output.FileOutputCommitter: Saved output of task 'attempt_local1568172900_0001_r_000000_0' to hdfs://namenode:9000/user/etudiant/crypto/processed/YYYY=2025/MM=01/DD=18
[2025-02-26T20:42:14.875+0000] {subprocess.py:93} INFO - 2025-02-26 20:42:14,865 INFO mapred.LocalJobRunner: reduce > reduce
[2025-02-26T20:42:14.886+0000] {subprocess.py:93} INFO - 2025-02-26 20:42:14,865 INFO mapred.Task: Task 'attempt_local1568172900_0001_r_000000_0' done.
[2025-02-26T20:42:14.887+0000] {subprocess.py:93} INFO - 2025-02-26 20:42:14,866 INFO mapred.Task: Final Counters for attempt_local1568172900_0001_r_000000_0: Counters: 30
[2025-02-26T20:42:14.888+0000] {subprocess.py:93} INFO - 	File System Counters
[2025-02-26T20:42:14.930+0000] {subprocess.py:93} INFO - 		FILE: Number of bytes read=180709
[2025-02-26T20:42:14.956+0000] {subprocess.py:93} INFO - 		FILE: Number of bytes written=712301
[2025-02-26T20:42:14.957+0000] {subprocess.py:93} INFO - 		FILE: Number of read operations=0
[2025-02-26T20:42:14.958+0000] {subprocess.py:93} INFO - 		FILE: Number of large read operations=0
[2025-02-26T20:42:14.958+0000] {subprocess.py:93} INFO - 		FILE: Number of write operations=0
[2025-02-26T20:42:14.959+0000] {subprocess.py:93} INFO - 		HDFS: Number of bytes read=19761
[2025-02-26T20:42:14.960+0000] {subprocess.py:93} INFO - 		HDFS: Number of bytes written=0
[2025-02-26T20:42:14.960+0000] {subprocess.py:93} INFO - 		HDFS: Number of read operations=10
[2025-02-26T20:42:14.961+0000] {subprocess.py:93} INFO - 		HDFS: Number of large read operations=0
[2025-02-26T20:42:14.961+0000] {subprocess.py:93} INFO - 		HDFS: Number of write operations=3
[2025-02-26T20:42:14.962+0000] {subprocess.py:93} INFO - 		HDFS: Number of bytes read erasure-coded=0
[2025-02-26T20:42:14.963+0000] {subprocess.py:93} INFO - 	Map-Reduce Framework
[2025-02-26T20:42:14.964+0000] {subprocess.py:93} INFO - 		Combine input records=0
[2025-02-26T20:42:14.965+0000] {subprocess.py:93} INFO - 		Combine output records=0
[2025-02-26T20:42:14.968+0000] {subprocess.py:93} INFO - 		Reduce input groups=0
[2025-02-26T20:42:14.970+0000] {subprocess.py:93} INFO - 		Reduce shuffle bytes=6
[2025-02-26T20:42:14.971+0000] {subprocess.py:93} INFO - 		Reduce input records=0
[2025-02-26T20:42:14.971+0000] {subprocess.py:93} INFO - 		Reduce output records=0
[2025-02-26T20:42:14.972+0000] {subprocess.py:93} INFO - 		Spilled Records=0
[2025-02-26T20:42:14.972+0000] {subprocess.py:93} INFO - 		Shuffled Maps =1
[2025-02-26T20:42:14.973+0000] {subprocess.py:93} INFO - 		Failed Shuffles=0
[2025-02-26T20:42:14.973+0000] {subprocess.py:93} INFO - 		Merged Map outputs=1
[2025-02-26T20:42:14.974+0000] {subprocess.py:93} INFO - 		GC time elapsed (ms)=0
[2025-02-26T20:42:14.977+0000] {subprocess.py:93} INFO - 		Total committed heap usage (bytes)=282591232
[2025-02-26T20:42:14.978+0000] {subprocess.py:93} INFO - 	Shuffle Errors
[2025-02-26T20:42:14.979+0000] {subprocess.py:93} INFO - 		BAD_ID=0
[2025-02-26T20:42:14.982+0000] {subprocess.py:93} INFO - 		CONNECTION=0
[2025-02-26T20:42:14.984+0000] {subprocess.py:93} INFO - 		IO_ERROR=0
[2025-02-26T20:42:14.984+0000] {subprocess.py:93} INFO - 		WRONG_LENGTH=0
[2025-02-26T20:42:14.985+0000] {subprocess.py:93} INFO - 		WRONG_MAP=0
[2025-02-26T20:42:14.986+0000] {subprocess.py:93} INFO - 		WRONG_REDUCE=0
[2025-02-26T20:42:14.986+0000] {subprocess.py:93} INFO - 	File Output Format Counters
[2025-02-26T20:42:14.995+0000] {subprocess.py:93} INFO - 		Bytes Written=0
[2025-02-26T20:42:14.996+0000] {subprocess.py:93} INFO - 2025-02-26 20:42:14,866 INFO mapred.LocalJobRunner: Finishing task: attempt_local1568172900_0001_r_000000_0
[2025-02-26T20:42:14.997+0000] {subprocess.py:93} INFO - 2025-02-26 20:42:14,866 INFO mapred.LocalJobRunner: reduce task executor complete.
[2025-02-26T20:42:15.419+0000] {subprocess.py:93} INFO - 2025-02-26 20:42:15,417 INFO mapreduce.Job:  map 100% reduce 100%
[2025-02-26T20:42:15.420+0000] {subprocess.py:93} INFO - 2025-02-26 20:42:15,418 INFO mapreduce.Job: Job job_local1568172900_0001 completed successfully
[2025-02-26T20:42:15.483+0000] {subprocess.py:93} INFO - 2025-02-26 20:42:15,478 INFO mapreduce.Job: Counters: 36
[2025-02-26T20:42:15.485+0000] {subprocess.py:93} INFO - 	File System Counters
[2025-02-26T20:42:15.487+0000] {subprocess.py:93} INFO - 		FILE: Number of bytes read=361374
[2025-02-26T20:42:15.490+0000] {subprocess.py:93} INFO - 		FILE: Number of bytes written=1424596
[2025-02-26T20:42:15.491+0000] {subprocess.py:93} INFO - 		FILE: Number of read operations=0
[2025-02-26T20:42:15.492+0000] {subprocess.py:93} INFO - 		FILE: Number of large read operations=0
[2025-02-26T20:42:15.492+0000] {subprocess.py:93} INFO - 		FILE: Number of write operations=0
[2025-02-26T20:42:15.493+0000] {subprocess.py:93} INFO - 		HDFS: Number of bytes read=39522
[2025-02-26T20:42:15.494+0000] {subprocess.py:93} INFO - 		HDFS: Number of bytes written=0
[2025-02-26T20:42:15.495+0000] {subprocess.py:93} INFO - 		HDFS: Number of read operations=15
[2025-02-26T20:42:15.495+0000] {subprocess.py:93} INFO - 		HDFS: Number of large read operations=0
[2025-02-26T20:42:15.496+0000] {subprocess.py:93} INFO - 		HDFS: Number of write operations=4
[2025-02-26T20:42:15.498+0000] {subprocess.py:93} INFO - 		HDFS: Number of bytes read erasure-coded=0
[2025-02-26T20:42:15.500+0000] {subprocess.py:93} INFO - 	Map-Reduce Framework
[2025-02-26T20:42:15.501+0000] {subprocess.py:93} INFO - 		Map input records=677
[2025-02-26T20:42:15.502+0000] {subprocess.py:93} INFO - 		Map output records=0
[2025-02-26T20:42:15.503+0000] {subprocess.py:93} INFO - 		Map output bytes=0
[2025-02-26T20:42:15.504+0000] {subprocess.py:93} INFO - 		Map output materialized bytes=6
[2025-02-26T20:42:15.505+0000] {subprocess.py:93} INFO - 		Input split bytes=137
[2025-02-26T20:42:15.506+0000] {subprocess.py:93} INFO - 		Combine input records=0
[2025-02-26T20:42:15.507+0000] {subprocess.py:93} INFO - 		Combine output records=0
[2025-02-26T20:42:15.508+0000] {subprocess.py:93} INFO - 		Reduce input groups=0
[2025-02-26T20:42:15.509+0000] {subprocess.py:93} INFO - 		Reduce shuffle bytes=6
[2025-02-26T20:42:15.511+0000] {subprocess.py:93} INFO - 		Reduce input records=0
[2025-02-26T20:42:15.512+0000] {subprocess.py:93} INFO - 		Reduce output records=0
[2025-02-26T20:42:15.513+0000] {subprocess.py:93} INFO - 		Spilled Records=0
[2025-02-26T20:42:15.515+0000] {subprocess.py:93} INFO - 		Shuffled Maps =1
[2025-02-26T20:42:15.517+0000] {subprocess.py:93} INFO - 		Failed Shuffles=0
[2025-02-26T20:42:15.518+0000] {subprocess.py:93} INFO - 		Merged Map outputs=1
[2025-02-26T20:42:15.519+0000] {subprocess.py:93} INFO - 		GC time elapsed (ms)=0
[2025-02-26T20:42:15.520+0000] {subprocess.py:93} INFO - 		Total committed heap usage (bytes)=564658176
[2025-02-26T20:42:15.520+0000] {subprocess.py:93} INFO - 	Shuffle Errors
[2025-02-26T20:42:15.522+0000] {subprocess.py:93} INFO - 		BAD_ID=0
[2025-02-26T20:42:15.526+0000] {subprocess.py:93} INFO - 		CONNECTION=0
[2025-02-26T20:42:15.527+0000] {subprocess.py:93} INFO - 		IO_ERROR=0
[2025-02-26T20:42:15.530+0000] {subprocess.py:93} INFO - 		WRONG_LENGTH=0
[2025-02-26T20:42:15.531+0000] {subprocess.py:93} INFO - 		WRONG_MAP=0
[2025-02-26T20:42:15.532+0000] {subprocess.py:93} INFO - 		WRONG_REDUCE=0
[2025-02-26T20:42:15.533+0000] {subprocess.py:93} INFO - 	File Input Format Counters
[2025-02-26T20:42:15.534+0000] {subprocess.py:93} INFO - 		Bytes Read=19761
[2025-02-26T20:42:15.539+0000] {subprocess.py:93} INFO - 	File Output Format Counters
[2025-02-26T20:42:15.541+0000] {subprocess.py:93} INFO - 		Bytes Written=0
[2025-02-26T20:42:15.543+0000] {subprocess.py:93} INFO - 2025-02-26 20:42:15,479 INFO streaming.StreamJob: Output directory: hdfs:///user/etudiant/crypto/processed/YYYY=2025/MM=01/DD=18
[2025-02-26T20:42:15.985+0000] {subprocess.py:97} INFO - Command exited with return code 0
[2025-02-26T20:42:16.020+0000] {taskinstance.py:1400} INFO - Marking task as SUCCESS. dag_id=yfinance_ingestion_dag, task_id=run_mapreduce, execution_date=20250118T000000, start_date=20250226T204205, end_date=20250226T204216
[2025-02-26T20:42:16.086+0000] {local_task_job_runner.py:228} INFO - Task exited with return code 0
[2025-02-26T20:42:16.112+0000] {taskinstance.py:2784} INFO - 0 downstream tasks scheduled from follow-on schedule check
