[2025-02-25T09:50:49.621+0000] {taskinstance.py:1159} INFO - Dependencies all met for dep_context=non-requeueable deps ti=<TaskInstance: yfinance_ingestion_dag.fetch_data scheduled__2025-02-07T00:00:00+00:00 [queued]>
[2025-02-25T09:50:49.694+0000] {taskinstance.py:1159} INFO - Dependencies all met for dep_context=requeueable deps ti=<TaskInstance: yfinance_ingestion_dag.fetch_data scheduled__2025-02-07T00:00:00+00:00 [queued]>
[2025-02-25T09:50:49.697+0000] {taskinstance.py:1361} INFO - Starting attempt 1 of 2
[2025-02-25T09:50:49.769+0000] {taskinstance.py:1382} INFO - Executing <Task(PythonOperator): fetch_data> on 2025-02-07 00:00:00+00:00
[2025-02-25T09:50:49.797+0000] {standard_task_runner.py:57} INFO - Started process 1097 to run task
[2025-02-25T09:50:49.814+0000] {standard_task_runner.py:84} INFO - Running: ['***', 'tasks', 'run', 'yfinance_ingestion_dag', 'fetch_data', 'scheduled__2025-02-07T00:00:00+00:00', '--job-id', '100', '--raw', '--subdir', 'DAGS_FOLDER/test_hello.py', '--cfg-path', '/tmp/tmphipo2_i5']
[2025-02-25T09:50:49.852+0000] {standard_task_runner.py:85} INFO - Job 100: Subtask fetch_data
[2025-02-25T09:50:50.221+0000] {task_command.py:415} INFO - Running <TaskInstance: yfinance_ingestion_dag.fetch_data scheduled__2025-02-07T00:00:00+00:00 [running]> on host 6dbd75e48aaa
[2025-02-25T09:50:50.626+0000] {taskinstance.py:1660} INFO - Exporting env vars: AIRFLOW_CTX_DAG_OWNER='etudiant' AIRFLOW_CTX_DAG_ID='yfinance_ingestion_dag' AIRFLOW_CTX_TASK_ID='fetch_data' AIRFLOW_CTX_EXECUTION_DATE='2025-02-07T00:00:00+00:00' AIRFLOW_CTX_TRY_NUMBER='1' AIRFLOW_CTX_DAG_RUN_ID='scheduled__2025-02-07T00:00:00+00:00'
[2025-02-25T09:50:51.492+0000] {history.py:247} ERROR - $TSLA: possibly delisted; no price data found  (1d 2025-02-07 -> 2025-02-07)
[2025-02-25T09:50:51.513+0000] {python.py:194} INFO - Done. Returned value was: None
[2025-02-25T09:50:51.524+0000] {taskinstance.py:1400} INFO - Marking task as SUCCESS. dag_id=yfinance_ingestion_dag, task_id=fetch_data, execution_date=20250207T000000, start_date=20250225T095049, end_date=20250225T095051
[2025-02-25T09:50:51.583+0000] {local_task_job_runner.py:228} INFO - Task exited with return code 0
[2025-02-25T09:50:51.647+0000] {taskinstance.py:2784} INFO - 1 downstream tasks scheduled from follow-on schedule check
[2025-02-26T20:45:16.700+0000] {taskinstance.py:1159} INFO - Dependencies all met for dep_context=non-requeueable deps ti=<TaskInstance: yfinance_ingestion_dag.fetch_data scheduled__2025-02-07T00:00:00+00:00 [queued]>
[2025-02-26T20:45:16.726+0000] {taskinstance.py:1159} INFO - Dependencies all met for dep_context=requeueable deps ti=<TaskInstance: yfinance_ingestion_dag.fetch_data scheduled__2025-02-07T00:00:00+00:00 [queued]>
[2025-02-26T20:45:16.727+0000] {taskinstance.py:1361} INFO - Starting attempt 1 of 2
[2025-02-26T20:45:16.765+0000] {taskinstance.py:1382} INFO - Executing <Task(PythonOperator): fetch_data> on 2025-02-07 00:00:00+00:00
[2025-02-26T20:45:16.778+0000] {standard_task_runner.py:57} INFO - Started process 2535 to run task
[2025-02-26T20:45:16.784+0000] {standard_task_runner.py:84} INFO - Running: ['***', 'tasks', 'run', 'yfinance_ingestion_dag', 'fetch_data', 'scheduled__2025-02-07T00:00:00+00:00', '--job-id', '377', '--raw', '--subdir', 'DAGS_FOLDER/pipeline.py', '--cfg-path', '/tmp/tmpih59dwc8']
[2025-02-26T20:45:16.791+0000] {standard_task_runner.py:85} INFO - Job 377: Subtask fetch_data
[2025-02-26T20:45:16.885+0000] {task_command.py:415} INFO - Running <TaskInstance: yfinance_ingestion_dag.fetch_data scheduled__2025-02-07T00:00:00+00:00 [running]> on host 3c0faf52b292
[2025-02-26T20:45:17.060+0000] {taskinstance.py:1660} INFO - Exporting env vars: AIRFLOW_CTX_DAG_OWNER='etudiant' AIRFLOW_CTX_DAG_ID='yfinance_ingestion_dag' AIRFLOW_CTX_TASK_ID='fetch_data' AIRFLOW_CTX_EXECUTION_DATE='2025-02-07T00:00:00+00:00' AIRFLOW_CTX_TRY_NUMBER='1' AIRFLOW_CTX_DAG_RUN_ID='scheduled__2025-02-07T00:00:00+00:00'
[2025-02-26T20:45:18.425+0000] {logging_mixin.py:151} INFO - [
    {
        "datetime": "2025-02-25T20:00:00.000Z",
        "open_price": 87816.71875,
        "high_price": 88873.140625,
        "low_price": 87594.2734375,
        "close_price": 88076.6484375,
        "volume": 0,
        "coin": "BTC"
    },
    {
        "datetime": "2025-02-25T21:00:00.000Z",
        "open_price": 88187.0859375,
        "high_price": 88637.609375,
        "low_price": 87775.640625,
        "close_price": 88598.2109375,
        "volume": 0,
        "coin": "BTC"
    },
    {
        "datetime": "2025-02-25T22:00:00.000Z",
        "open_price": 88692.203125,
        "high_price": 89344.90625,
        "low_price": 88446.0390625,
        "close_price": 88737.1953125,
        "volume": 102842368,
        "coin": "BTC"
    },
    {
        "datetime": "2025-02-25T23:00:00.000Z",
        "open_price": 88762.703125,
        "high_price": 89029.0390625,
        "low_price": 88623.359375,
        "close_price": 88701.9140625,
        "volume": 0,
        "coin": "BTC"
    },
    {
        "datetime": "2025-02-26T00:00:00.000Z",
        "open_price": 88491.3359375,
        "high_price": 88512.78125,
        "low_price": 88059.8046875,
        "close_price": 88059.8046875,
        "volume": 0,
        "coin": "BTC"
    }
]
[2025-02-26T20:45:18.477+0000] {python.py:194} INFO - Done. Returned value was: None
[2025-02-26T20:45:18.505+0000] {taskinstance.py:1400} INFO - Marking task as SUCCESS. dag_id=yfinance_ingestion_dag, task_id=fetch_data, execution_date=20250207T000000, start_date=20250226T204516, end_date=20250226T204518
[2025-02-26T20:45:18.580+0000] {local_task_job_runner.py:228} INFO - Task exited with return code 0
[2025-02-26T20:45:18.637+0000] {taskinstance.py:2784} INFO - 1 downstream tasks scheduled from follow-on schedule check
