[2025-02-26T19:12:14.530+0000] {taskinstance.py:1159} INFO - Dependencies all met for dep_context=non-requeueable deps ti=<TaskInstance: yfinance_ingestion_and_process_dag.fetch_data scheduled__2025-01-05T00:00:00+00:00 [queued]>
[2025-02-26T19:12:14.596+0000] {taskinstance.py:1159} INFO - Dependencies all met for dep_context=requeueable deps ti=<TaskInstance: yfinance_ingestion_and_process_dag.fetch_data scheduled__2025-01-05T00:00:00+00:00 [queued]>
[2025-02-26T19:12:14.613+0000] {taskinstance.py:1361} INFO - Starting attempt 1 of 2
[2025-02-26T19:12:13.343+0000] {taskinstance.py:1382} INFO - Executing <Task(PythonOperator): fetch_data> on 2025-01-05 00:00:00+00:00
[2025-02-26T19:12:13.560+0000] {standard_task_runner.py:57} INFO - Started process 441 to run task
[2025-02-26T19:12:13.636+0000] {standard_task_runner.py:84} INFO - Running: ['***', 'tasks', 'run', 'yfinance_ingestion_and_process_dag', 'fetch_data', 'scheduled__2025-01-05T00:00:00+00:00', '--job-id', '256', '--raw', '--subdir', 'DAGS_FOLDER/pipeline.py', '--cfg-path', '/tmp/tmpz381tb9e']
[2025-02-26T19:12:13.843+0000] {standard_task_runner.py:85} INFO - Job 256: Subtask fetch_data
[2025-02-26T19:12:14.640+0000] {task_command.py:415} INFO - Running <TaskInstance: yfinance_ingestion_and_process_dag.fetch_data scheduled__2025-01-05T00:00:00+00:00 [running]> on host 405afb11abaf
[2025-02-26T19:12:15.546+0000] {taskinstance.py:1660} INFO - Exporting env vars: AIRFLOW_CTX_DAG_OWNER='etudiant' AIRFLOW_CTX_DAG_ID='yfinance_ingestion_and_process_dag' AIRFLOW_CTX_TASK_ID='fetch_data' AIRFLOW_CTX_EXECUTION_DATE='2025-01-05T00:00:00+00:00' AIRFLOW_CTX_TRY_NUMBER='1' AIRFLOW_CTX_DAG_RUN_ID='scheduled__2025-01-05T00:00:00+00:00'
[2025-02-26T19:12:18.848+0000] {python.py:194} INFO - Done. Returned value was: None
[2025-02-26T19:12:18.982+0000] {taskinstance.py:1400} INFO - Marking task as SUCCESS. dag_id=yfinance_ingestion_and_process_dag, task_id=fetch_data, execution_date=20250105T000000, start_date=20250226T191214, end_date=20250226T191218
[2025-02-26T19:12:19.399+0000] {local_task_job_runner.py:228} INFO - Task exited with return code 0
[2025-02-26T19:12:19.886+0000] {taskinstance.py:2784} INFO - 1 downstream tasks scheduled from follow-on schedule check
[2025-02-26T20:04:45.039+0000] {taskinstance.py:1159} INFO - Dependencies all met for dep_context=non-requeueable deps ti=<TaskInstance: yfinance_ingestion_and_process_dag.fetch_data scheduled__2025-01-05T00:00:00+00:00 [queued]>
[2025-02-26T20:04:45.083+0000] {taskinstance.py:1159} INFO - Dependencies all met for dep_context=requeueable deps ti=<TaskInstance: yfinance_ingestion_and_process_dag.fetch_data scheduled__2025-01-05T00:00:00+00:00 [queued]>
[2025-02-26T20:04:45.146+0000] {taskinstance.py:1361} INFO - Starting attempt 1 of 2
[2025-02-26T20:04:45.261+0000] {taskinstance.py:1382} INFO - Executing <Task(PythonOperator): fetch_data> on 2025-01-05 00:00:00+00:00
[2025-02-26T20:04:45.293+0000] {standard_task_runner.py:57} INFO - Started process 234 to run task
[2025-02-26T20:04:45.400+0000] {standard_task_runner.py:84} INFO - Running: ['***', 'tasks', 'run', 'yfinance_ingestion_and_process_dag', 'fetch_data', 'scheduled__2025-01-05T00:00:00+00:00', '--job-id', '7', '--raw', '--subdir', 'DAGS_FOLDER/pipeline.py', '--cfg-path', '/tmp/tmpaerxzzcb']
[2025-02-26T20:04:45.462+0000] {standard_task_runner.py:85} INFO - Job 7: Subtask fetch_data
[2025-02-26T20:04:46.028+0000] {task_command.py:415} INFO - Running <TaskInstance: yfinance_ingestion_and_process_dag.fetch_data scheduled__2025-01-05T00:00:00+00:00 [running]> on host e304e68c626e
[2025-02-26T20:04:46.696+0000] {taskinstance.py:1660} INFO - Exporting env vars: AIRFLOW_CTX_DAG_OWNER='etudiant' AIRFLOW_CTX_DAG_ID='yfinance_ingestion_and_process_dag' AIRFLOW_CTX_TASK_ID='fetch_data' AIRFLOW_CTX_EXECUTION_DATE='2025-01-05T00:00:00+00:00' AIRFLOW_CTX_TRY_NUMBER='1' AIRFLOW_CTX_DAG_RUN_ID='scheduled__2025-01-05T00:00:00+00:00'
[2025-02-26T20:04:49.301+0000] {python.py:194} INFO - Done. Returned value was: None
[2025-02-26T20:04:49.381+0000] {taskinstance.py:1400} INFO - Marking task as SUCCESS. dag_id=yfinance_ingestion_and_process_dag, task_id=fetch_data, execution_date=20250105T000000, start_date=20250226T200445, end_date=20250226T200449
[2025-02-26T20:04:49.642+0000] {local_task_job_runner.py:228} INFO - Task exited with return code 0
[2025-02-26T20:04:49.848+0000] {taskinstance.py:2784} INFO - 1 downstream tasks scheduled from follow-on schedule check
