[2025-02-25T09:50:59.203+0000] {taskinstance.py:1159} INFO - Dependencies all met for dep_context=non-requeueable deps ti=<TaskInstance: yfinance_ingestion_dag.store_raw_data_in_hdfs scheduled__2025-02-07T00:00:00+00:00 [queued]>
[2025-02-25T09:50:59.282+0000] {taskinstance.py:1159} INFO - Dependencies all met for dep_context=requeueable deps ti=<TaskInstance: yfinance_ingestion_dag.store_raw_data_in_hdfs scheduled__2025-02-07T00:00:00+00:00 [queued]>
[2025-02-25T09:50:59.283+0000] {taskinstance.py:1361} INFO - Starting attempt 1 of 2
[2025-02-25T09:50:59.361+0000] {taskinstance.py:1382} INFO - Executing <Task(PythonOperator): store_raw_data_in_hdfs> on 2025-02-07 00:00:00+00:00
[2025-02-25T09:50:59.412+0000] {standard_task_runner.py:57} INFO - Started process 1157 to run task
[2025-02-25T09:50:59.432+0000] {standard_task_runner.py:84} INFO - Running: ['***', 'tasks', 'run', 'yfinance_ingestion_dag', 'store_raw_data_in_hdfs', 'scheduled__2025-02-07T00:00:00+00:00', '--job-id', '117', '--raw', '--subdir', 'DAGS_FOLDER/test_hello.py', '--cfg-path', '/tmp/tmpcg2w3fj6']
[2025-02-25T09:50:59.453+0000] {standard_task_runner.py:85} INFO - Job 117: Subtask store_raw_data_in_hdfs
[2025-02-25T09:50:59.706+0000] {task_command.py:415} INFO - Running <TaskInstance: yfinance_ingestion_dag.store_raw_data_in_hdfs scheduled__2025-02-07T00:00:00+00:00 [running]> on host 6dbd75e48aaa
[2025-02-25T09:51:00.537+0000] {taskinstance.py:1660} INFO - Exporting env vars: AIRFLOW_CTX_DAG_OWNER='etudiant' AIRFLOW_CTX_DAG_ID='yfinance_ingestion_dag' AIRFLOW_CTX_TASK_ID='store_raw_data_in_hdfs' AIRFLOW_CTX_EXECUTION_DATE='2025-02-07T00:00:00+00:00' AIRFLOW_CTX_TRY_NUMBER='1' AIRFLOW_CTX_DAG_RUN_ID='scheduled__2025-02-07T00:00:00+00:00'
[2025-02-25T09:51:40.282+0000] {python.py:194} INFO - Done. Returned value was: None
[2025-02-25T09:51:40.324+0000] {taskinstance.py:1400} INFO - Marking task as SUCCESS. dag_id=yfinance_ingestion_dag, task_id=store_raw_data_in_hdfs, execution_date=20250207T000000, start_date=20250225T095059, end_date=20250225T095140
[2025-02-25T09:51:40.871+0000] {local_task_job_runner.py:228} INFO - Task exited with return code 0
[2025-02-25T09:51:40.913+0000] {taskinstance.py:2784} INFO - 0 downstream tasks scheduled from follow-on schedule check
[2025-02-26T20:45:20.848+0000] {taskinstance.py:1159} INFO - Dependencies all met for dep_context=non-requeueable deps ti=<TaskInstance: yfinance_ingestion_dag.store_raw_data_in_hdfs scheduled__2025-02-07T00:00:00+00:00 [queued]>
[2025-02-26T20:45:20.868+0000] {taskinstance.py:1159} INFO - Dependencies all met for dep_context=requeueable deps ti=<TaskInstance: yfinance_ingestion_dag.store_raw_data_in_hdfs scheduled__2025-02-07T00:00:00+00:00 [queued]>
[2025-02-26T20:45:20.869+0000] {taskinstance.py:1361} INFO - Starting attempt 1 of 2
[2025-02-26T20:45:20.887+0000] {taskinstance.py:1382} INFO - Executing <Task(PythonOperator): store_raw_data_in_hdfs> on 2025-02-07 00:00:00+00:00
[2025-02-26T20:45:20.896+0000] {standard_task_runner.py:57} INFO - Started process 2542 to run task
[2025-02-26T20:45:20.900+0000] {standard_task_runner.py:84} INFO - Running: ['***', 'tasks', 'run', 'yfinance_ingestion_dag', 'store_raw_data_in_hdfs', 'scheduled__2025-02-07T00:00:00+00:00', '--job-id', '380', '--raw', '--subdir', 'DAGS_FOLDER/pipeline.py', '--cfg-path', '/tmp/tmpt_0ntf9v']
[2025-02-26T20:45:20.904+0000] {standard_task_runner.py:85} INFO - Job 380: Subtask store_raw_data_in_hdfs
[2025-02-26T20:45:20.978+0000] {task_command.py:415} INFO - Running <TaskInstance: yfinance_ingestion_dag.store_raw_data_in_hdfs scheduled__2025-02-07T00:00:00+00:00 [running]> on host 3c0faf52b292
[2025-02-26T20:45:21.134+0000] {taskinstance.py:1660} INFO - Exporting env vars: AIRFLOW_CTX_DAG_OWNER='etudiant' AIRFLOW_CTX_DAG_ID='yfinance_ingestion_dag' AIRFLOW_CTX_TASK_ID='store_raw_data_in_hdfs' AIRFLOW_CTX_EXECUTION_DATE='2025-02-07T00:00:00+00:00' AIRFLOW_CTX_TRY_NUMBER='1' AIRFLOW_CTX_DAG_RUN_ID='scheduled__2025-02-07T00:00:00+00:00'
[2025-02-26T20:45:27.416+0000] {python.py:194} INFO - Done. Returned value was: None
[2025-02-26T20:45:27.440+0000] {taskinstance.py:1400} INFO - Marking task as SUCCESS. dag_id=yfinance_ingestion_dag, task_id=store_raw_data_in_hdfs, execution_date=20250207T000000, start_date=20250226T204520, end_date=20250226T204527
[2025-02-26T20:45:27.789+0000] {local_task_job_runner.py:228} INFO - Task exited with return code 0
[2025-02-26T20:45:27.840+0000] {taskinstance.py:2784} INFO - 1 downstream tasks scheduled from follow-on schedule check
[2025-02-27T14:56:06.302+0000] {taskinstance.py:1157} INFO - Dependencies all met for dep_context=non-requeueable deps ti=<TaskInstance: yfinance_ingestion_dag.store_raw_data_in_hdfs scheduled__2025-02-07T00:00:00+00:00 [queued]>
[2025-02-27T14:56:06.419+0000] {taskinstance.py:1157} INFO - Dependencies all met for dep_context=requeueable deps ti=<TaskInstance: yfinance_ingestion_dag.store_raw_data_in_hdfs scheduled__2025-02-07T00:00:00+00:00 [queued]>
[2025-02-27T14:56:06.426+0000] {taskinstance.py:1359} INFO - Starting attempt 1 of 1
[2025-02-27T14:56:06.529+0000] {taskinstance.py:1380} INFO - Executing <Task(PythonOperator): store_raw_data_in_hdfs> on 2025-02-07 00:00:00+00:00
[2025-02-27T14:56:06.540+0000] {standard_task_runner.py:57} INFO - Started process 463 to run task
[2025-02-27T14:56:06.579+0000] {standard_task_runner.py:84} INFO - Running: ['***', 'tasks', 'run', 'yfinance_ingestion_dag', 'store_raw_data_in_hdfs', 'scheduled__2025-02-07T00:00:00+00:00', '--job-id', '89', '--raw', '--subdir', 'DAGS_FOLDER/pipeline.py', '--cfg-path', '/tmp/tmp0o7k24q2']
[2025-02-27T14:56:06.593+0000] {standard_task_runner.py:85} INFO - Job 89: Subtask store_raw_data_in_hdfs
[2025-02-27T14:56:06.897+0000] {task_command.py:415} INFO - Running <TaskInstance: yfinance_ingestion_dag.store_raw_data_in_hdfs scheduled__2025-02-07T00:00:00+00:00 [running]> on host a71f042480b6
[2025-02-27T14:56:07.272+0000] {taskinstance.py:1660} INFO - Exporting env vars: AIRFLOW_CTX_DAG_OWNER='etudiant' AIRFLOW_CTX_DAG_ID='yfinance_ingestion_dag' AIRFLOW_CTX_TASK_ID='store_raw_data_in_hdfs' AIRFLOW_CTX_EXECUTION_DATE='2025-02-07T00:00:00+00:00' AIRFLOW_CTX_TRY_NUMBER='1' AIRFLOW_CTX_DAG_RUN_ID='scheduled__2025-02-07T00:00:00+00:00'
[2025-02-27T14:56:07.346+0000] {taskinstance.py:1935} ERROR - Task failed with exception
Traceback (most recent call last):
  File "/home/airflow/.local/lib/python3.8/site-packages/airflow/operators/python.py", line 192, in execute
    return_value = self.execute_callable()
  File "/home/airflow/.local/lib/python3.8/site-packages/airflow/operators/python.py", line 209, in execute_callable
    return self.python_callable(*self.op_args, **self.op_kwargs)
  File "/opt/airflow/dags/pipeline.py", line 82, in store_raw_data_in_hdfs
    with open(local_file, 'w') as f:
PermissionError: [Errno 13] Permission denied: '/mnt/hadoop_data/yfinance_raw.json'
[2025-02-27T14:56:07.443+0000] {taskinstance.py:1398} INFO - Marking task as FAILED. dag_id=yfinance_ingestion_dag, task_id=store_raw_data_in_hdfs, execution_date=20250207T000000, start_date=20250227T145606, end_date=20250227T145607
[2025-02-27T14:56:07.554+0000] {standard_task_runner.py:104} ERROR - Failed to execute job 89 for task store_raw_data_in_hdfs ([Errno 13] Permission denied: '/mnt/hadoop_data/yfinance_raw.json'; 463)
[2025-02-27T14:56:07.625+0000] {local_task_job_runner.py:228} INFO - Task exited with return code 1
[2025-02-27T14:56:07.743+0000] {taskinstance.py:2776} INFO - 0 downstream tasks scheduled from follow-on schedule check
