[2025-02-25T09:50:58.658+0000] {taskinstance.py:1159} INFO - Dependencies all met for dep_context=non-requeueable deps ti=<TaskInstance: yfinance_ingestion_dag.store_raw_data_in_hdfs scheduled__2025-02-10T00:00:00+00:00 [queued]>
[2025-02-25T09:50:58.760+0000] {taskinstance.py:1159} INFO - Dependencies all met for dep_context=requeueable deps ti=<TaskInstance: yfinance_ingestion_dag.store_raw_data_in_hdfs scheduled__2025-02-10T00:00:00+00:00 [queued]>
[2025-02-25T09:50:58.775+0000] {taskinstance.py:1361} INFO - Starting attempt 1 of 2
[2025-02-25T09:50:58.964+0000] {taskinstance.py:1382} INFO - Executing <Task(PythonOperator): store_raw_data_in_hdfs> on 2025-02-10 00:00:00+00:00
[2025-02-25T09:50:58.990+0000] {standard_task_runner.py:57} INFO - Started process 1153 to run task
[2025-02-25T09:50:59.020+0000] {standard_task_runner.py:84} INFO - Running: ['***', 'tasks', 'run', 'yfinance_ingestion_dag', 'store_raw_data_in_hdfs', 'scheduled__2025-02-10T00:00:00+00:00', '--job-id', '113', '--raw', '--subdir', 'DAGS_FOLDER/test_hello.py', '--cfg-path', '/tmp/tmpfdl8ogzm']
[2025-02-25T09:50:59.067+0000] {standard_task_runner.py:85} INFO - Job 113: Subtask store_raw_data_in_hdfs
[2025-02-25T09:50:59.377+0000] {task_command.py:415} INFO - Running <TaskInstance: yfinance_ingestion_dag.store_raw_data_in_hdfs scheduled__2025-02-10T00:00:00+00:00 [running]> on host 6dbd75e48aaa
[2025-02-25T09:50:59.973+0000] {taskinstance.py:1660} INFO - Exporting env vars: AIRFLOW_CTX_DAG_OWNER='etudiant' AIRFLOW_CTX_DAG_ID='yfinance_ingestion_dag' AIRFLOW_CTX_TASK_ID='store_raw_data_in_hdfs' AIRFLOW_CTX_EXECUTION_DATE='2025-02-10T00:00:00+00:00' AIRFLOW_CTX_TRY_NUMBER='1' AIRFLOW_CTX_DAG_RUN_ID='scheduled__2025-02-10T00:00:00+00:00'
[2025-02-25T09:51:35.403+0000] {python.py:194} INFO - Done. Returned value was: None
[2025-02-25T09:51:35.443+0000] {taskinstance.py:1400} INFO - Marking task as SUCCESS. dag_id=yfinance_ingestion_dag, task_id=store_raw_data_in_hdfs, execution_date=20250210T000000, start_date=20250225T095058, end_date=20250225T095135
[2025-02-25T09:51:35.534+0000] {local_task_job_runner.py:228} INFO - Task exited with return code 0
[2025-02-25T09:51:35.594+0000] {taskinstance.py:2784} INFO - 0 downstream tasks scheduled from follow-on schedule check
[2025-02-26T20:45:50.584+0000] {taskinstance.py:1159} INFO - Dependencies all met for dep_context=non-requeueable deps ti=<TaskInstance: yfinance_ingestion_dag.store_raw_data_in_hdfs scheduled__2025-02-10T00:00:00+00:00 [queued]>
[2025-02-26T20:45:50.599+0000] {taskinstance.py:1159} INFO - Dependencies all met for dep_context=requeueable deps ti=<TaskInstance: yfinance_ingestion_dag.store_raw_data_in_hdfs scheduled__2025-02-10T00:00:00+00:00 [queued]>
[2025-02-26T20:45:50.600+0000] {taskinstance.py:1361} INFO - Starting attempt 1 of 2
[2025-02-26T20:45:50.622+0000] {taskinstance.py:1382} INFO - Executing <Task(PythonOperator): store_raw_data_in_hdfs> on 2025-02-10 00:00:00+00:00
[2025-02-26T20:45:50.631+0000] {standard_task_runner.py:57} INFO - Started process 2670 to run task
[2025-02-26T20:45:50.634+0000] {standard_task_runner.py:84} INFO - Running: ['***', 'tasks', 'run', 'yfinance_ingestion_dag', 'store_raw_data_in_hdfs', 'scheduled__2025-02-10T00:00:00+00:00', '--job-id', '389', '--raw', '--subdir', 'DAGS_FOLDER/pipeline.py', '--cfg-path', '/tmp/tmpj3caxuf_']
[2025-02-26T20:45:50.638+0000] {standard_task_runner.py:85} INFO - Job 389: Subtask store_raw_data_in_hdfs
[2025-02-26T20:45:50.700+0000] {task_command.py:415} INFO - Running <TaskInstance: yfinance_ingestion_dag.store_raw_data_in_hdfs scheduled__2025-02-10T00:00:00+00:00 [running]> on host 3c0faf52b292
[2025-02-26T20:45:50.816+0000] {taskinstance.py:1660} INFO - Exporting env vars: AIRFLOW_CTX_DAG_OWNER='etudiant' AIRFLOW_CTX_DAG_ID='yfinance_ingestion_dag' AIRFLOW_CTX_TASK_ID='store_raw_data_in_hdfs' AIRFLOW_CTX_EXECUTION_DATE='2025-02-10T00:00:00+00:00' AIRFLOW_CTX_TRY_NUMBER='1' AIRFLOW_CTX_DAG_RUN_ID='scheduled__2025-02-10T00:00:00+00:00'
[2025-02-26T20:45:58.835+0000] {python.py:194} INFO - Done. Returned value was: None
[2025-02-26T20:45:58.882+0000] {taskinstance.py:1400} INFO - Marking task as SUCCESS. dag_id=yfinance_ingestion_dag, task_id=store_raw_data_in_hdfs, execution_date=20250210T000000, start_date=20250226T204550, end_date=20250226T204558
[2025-02-26T20:45:59.387+0000] {local_task_job_runner.py:228} INFO - Task exited with return code 0
[2025-02-26T20:45:59.457+0000] {taskinstance.py:2784} INFO - 1 downstream tasks scheduled from follow-on schedule check
[2025-02-27T14:56:06.759+0000] {taskinstance.py:1157} INFO - Dependencies all met for dep_context=non-requeueable deps ti=<TaskInstance: yfinance_ingestion_dag.store_raw_data_in_hdfs scheduled__2025-02-10T00:00:00+00:00 [queued]>
[2025-02-27T14:56:06.797+0000] {taskinstance.py:1157} INFO - Dependencies all met for dep_context=requeueable deps ti=<TaskInstance: yfinance_ingestion_dag.store_raw_data_in_hdfs scheduled__2025-02-10T00:00:00+00:00 [queued]>
[2025-02-27T14:56:06.804+0000] {taskinstance.py:1359} INFO - Starting attempt 1 of 1
[2025-02-27T14:56:07.278+0000] {taskinstance.py:1380} INFO - Executing <Task(PythonOperator): store_raw_data_in_hdfs> on 2025-02-10 00:00:00+00:00
[2025-02-27T14:56:07.327+0000] {standard_task_runner.py:57} INFO - Started process 464 to run task
[2025-02-27T14:56:07.334+0000] {standard_task_runner.py:84} INFO - Running: ['***', 'tasks', 'run', 'yfinance_ingestion_dag', 'store_raw_data_in_hdfs', 'scheduled__2025-02-10T00:00:00+00:00', '--job-id', '92', '--raw', '--subdir', 'DAGS_FOLDER/pipeline.py', '--cfg-path', '/tmp/tmp19c6lq5n']
[2025-02-27T14:56:07.362+0000] {standard_task_runner.py:85} INFO - Job 92: Subtask store_raw_data_in_hdfs
[2025-02-27T14:56:07.545+0000] {task_command.py:415} INFO - Running <TaskInstance: yfinance_ingestion_dag.store_raw_data_in_hdfs scheduled__2025-02-10T00:00:00+00:00 [running]> on host a71f042480b6
[2025-02-27T14:56:07.896+0000] {taskinstance.py:1660} INFO - Exporting env vars: AIRFLOW_CTX_DAG_OWNER='etudiant' AIRFLOW_CTX_DAG_ID='yfinance_ingestion_dag' AIRFLOW_CTX_TASK_ID='store_raw_data_in_hdfs' AIRFLOW_CTX_EXECUTION_DATE='2025-02-10T00:00:00+00:00' AIRFLOW_CTX_TRY_NUMBER='1' AIRFLOW_CTX_DAG_RUN_ID='scheduled__2025-02-10T00:00:00+00:00'
[2025-02-27T14:56:07.932+0000] {taskinstance.py:1935} ERROR - Task failed with exception
Traceback (most recent call last):
  File "/home/airflow/.local/lib/python3.8/site-packages/airflow/operators/python.py", line 192, in execute
    return_value = self.execute_callable()
  File "/home/airflow/.local/lib/python3.8/site-packages/airflow/operators/python.py", line 209, in execute_callable
    return self.python_callable(*self.op_args, **self.op_kwargs)
  File "/opt/airflow/dags/pipeline.py", line 82, in store_raw_data_in_hdfs
    with open(local_file, 'w') as f:
PermissionError: [Errno 13] Permission denied: '/mnt/hadoop_data/yfinance_raw.json'
[2025-02-27T14:56:07.951+0000] {taskinstance.py:1398} INFO - Marking task as FAILED. dag_id=yfinance_ingestion_dag, task_id=store_raw_data_in_hdfs, execution_date=20250210T000000, start_date=20250227T145606, end_date=20250227T145607
[2025-02-27T14:56:07.981+0000] {standard_task_runner.py:104} ERROR - Failed to execute job 92 for task store_raw_data_in_hdfs ([Errno 13] Permission denied: '/mnt/hadoop_data/yfinance_raw.json'; 464)
[2025-02-27T14:56:08.022+0000] {local_task_job_runner.py:228} INFO - Task exited with return code 1
[2025-02-27T14:56:08.092+0000] {taskinstance.py:2776} INFO - 0 downstream tasks scheduled from follow-on schedule check
