[2025-02-25T09:49:57.448+0000] {taskinstance.py:1159} INFO - Dependencies all met for dep_context=non-requeueable deps ti=<TaskInstance: yfinance_ingestion_dag.store_raw_data_in_hdfs scheduled__2025-01-24T00:00:00+00:00 [queued]>
[2025-02-25T09:49:57.527+0000] {taskinstance.py:1159} INFO - Dependencies all met for dep_context=requeueable deps ti=<TaskInstance: yfinance_ingestion_dag.store_raw_data_in_hdfs scheduled__2025-01-24T00:00:00+00:00 [queued]>
[2025-02-25T09:49:57.528+0000] {taskinstance.py:1361} INFO - Starting attempt 1 of 2
[2025-02-25T09:49:57.618+0000] {taskinstance.py:1382} INFO - Executing <Task(PythonOperator): store_raw_data_in_hdfs> on 2025-01-24 00:00:00+00:00
[2025-02-25T09:49:57.695+0000] {standard_task_runner.py:57} INFO - Started process 791 to run task
[2025-02-25T09:49:57.715+0000] {standard_task_runner.py:84} INFO - Running: ['***', 'tasks', 'run', 'yfinance_ingestion_dag', 'store_raw_data_in_hdfs', 'scheduled__2025-01-24T00:00:00+00:00', '--job-id', '85', '--raw', '--subdir', 'DAGS_FOLDER/test_hello.py', '--cfg-path', '/tmp/tmpnplmftx5']
[2025-02-25T09:49:57.750+0000] {standard_task_runner.py:85} INFO - Job 85: Subtask store_raw_data_in_hdfs
[2025-02-25T09:49:58.072+0000] {task_command.py:415} INFO - Running <TaskInstance: yfinance_ingestion_dag.store_raw_data_in_hdfs scheduled__2025-01-24T00:00:00+00:00 [running]> on host 6dbd75e48aaa
[2025-02-25T09:49:58.693+0000] {taskinstance.py:1660} INFO - Exporting env vars: AIRFLOW_CTX_DAG_OWNER='etudiant' AIRFLOW_CTX_DAG_ID='yfinance_ingestion_dag' AIRFLOW_CTX_TASK_ID='store_raw_data_in_hdfs' AIRFLOW_CTX_EXECUTION_DATE='2025-01-24T00:00:00+00:00' AIRFLOW_CTX_TRY_NUMBER='1' AIRFLOW_CTX_DAG_RUN_ID='scheduled__2025-01-24T00:00:00+00:00'
[2025-02-25T09:50:40.679+0000] {python.py:194} INFO - Done. Returned value was: None
[2025-02-25T09:50:40.702+0000] {taskinstance.py:1400} INFO - Marking task as SUCCESS. dag_id=yfinance_ingestion_dag, task_id=store_raw_data_in_hdfs, execution_date=20250124T000000, start_date=20250225T094957, end_date=20250225T095040
[2025-02-25T09:50:40.757+0000] {local_task_job_runner.py:228} INFO - Task exited with return code 0
[2025-02-25T09:50:40.785+0000] {taskinstance.py:2784} INFO - 0 downstream tasks scheduled from follow-on schedule check
[2025-02-26T20:25:29.955+0000] {taskinstance.py:1159} INFO - Dependencies all met for dep_context=non-requeueable deps ti=<TaskInstance: yfinance_ingestion_dag.store_raw_data_in_hdfs scheduled__2025-01-24T00:00:00+00:00 [queued]>
[2025-02-26T20:25:30.012+0000] {taskinstance.py:1159} INFO - Dependencies all met for dep_context=requeueable deps ti=<TaskInstance: yfinance_ingestion_dag.store_raw_data_in_hdfs scheduled__2025-01-24T00:00:00+00:00 [queued]>
[2025-02-26T20:25:30.019+0000] {taskinstance.py:1361} INFO - Starting attempt 1 of 2
[2025-02-26T20:25:30.138+0000] {taskinstance.py:1382} INFO - Executing <Task(PythonOperator): store_raw_data_in_hdfs> on 2025-01-24 00:00:00+00:00
[2025-02-26T20:25:30.226+0000] {standard_task_runner.py:57} INFO - Started process 1319 to run task
[2025-02-26T20:25:30.253+0000] {standard_task_runner.py:84} INFO - Running: ['***', 'tasks', 'run', 'yfinance_ingestion_dag', 'store_raw_data_in_hdfs', 'scheduled__2025-01-24T00:00:00+00:00', '--job-id', '143', '--raw', '--subdir', 'DAGS_FOLDER/pipeline.py', '--cfg-path', '/tmp/tmp57k2ij84']
[2025-02-26T20:25:30.265+0000] {standard_task_runner.py:85} INFO - Job 143: Subtask store_raw_data_in_hdfs
[2025-02-26T20:25:30.597+0000] {task_command.py:415} INFO - Running <TaskInstance: yfinance_ingestion_dag.store_raw_data_in_hdfs scheduled__2025-01-24T00:00:00+00:00 [running]> on host c96a1011f5a3
[2025-02-26T20:25:31.076+0000] {taskinstance.py:1660} INFO - Exporting env vars: AIRFLOW_CTX_DAG_OWNER='etudiant' AIRFLOW_CTX_DAG_ID='yfinance_ingestion_dag' AIRFLOW_CTX_TASK_ID='store_raw_data_in_hdfs' AIRFLOW_CTX_EXECUTION_DATE='2025-01-24T00:00:00+00:00' AIRFLOW_CTX_TRY_NUMBER='1' AIRFLOW_CTX_DAG_RUN_ID='scheduled__2025-01-24T00:00:00+00:00'
[2025-02-26T20:26:03.097+0000] {python.py:194} INFO - Done. Returned value was: None
[2025-02-26T20:26:03.154+0000] {taskinstance.py:1400} INFO - Marking task as SUCCESS. dag_id=yfinance_ingestion_dag, task_id=store_raw_data_in_hdfs, execution_date=20250124T000000, start_date=20250226T202529, end_date=20250226T202603
[2025-02-26T20:26:03.266+0000] {local_task_job_runner.py:228} INFO - Task exited with return code 0
[2025-02-26T20:26:03.353+0000] {taskinstance.py:2784} INFO - 1 downstream tasks scheduled from follow-on schedule check
[2025-02-26T20:39:14.418+0000] {taskinstance.py:1159} INFO - Dependencies all met for dep_context=non-requeueable deps ti=<TaskInstance: yfinance_ingestion_dag.store_raw_data_in_hdfs scheduled__2025-01-24T00:00:00+00:00 [queued]>
[2025-02-26T20:39:14.442+0000] {taskinstance.py:1159} INFO - Dependencies all met for dep_context=requeueable deps ti=<TaskInstance: yfinance_ingestion_dag.store_raw_data_in_hdfs scheduled__2025-01-24T00:00:00+00:00 [queued]>
[2025-02-26T20:39:14.444+0000] {taskinstance.py:1361} INFO - Starting attempt 1 of 2
[2025-02-26T20:39:14.521+0000] {taskinstance.py:1382} INFO - Executing <Task(PythonOperator): store_raw_data_in_hdfs> on 2025-01-24 00:00:00+00:00
[2025-02-26T20:39:14.544+0000] {standard_task_runner.py:57} INFO - Started process 546 to run task
[2025-02-26T20:39:14.552+0000] {standard_task_runner.py:84} INFO - Running: ['***', 'tasks', 'run', 'yfinance_ingestion_dag', 'store_raw_data_in_hdfs', 'scheduled__2025-01-24T00:00:00+00:00', '--job-id', '241', '--raw', '--subdir', 'DAGS_FOLDER/pipeline.py', '--cfg-path', '/tmp/tmpu_wpfffd']
[2025-02-26T20:39:14.579+0000] {standard_task_runner.py:85} INFO - Job 241: Subtask store_raw_data_in_hdfs
[2025-02-26T20:39:13.841+0000] {task_command.py:415} INFO - Running <TaskInstance: yfinance_ingestion_dag.store_raw_data_in_hdfs scheduled__2025-01-24T00:00:00+00:00 [running]> on host 3c0faf52b292
[2025-02-26T20:39:14.327+0000] {taskinstance.py:1660} INFO - Exporting env vars: AIRFLOW_CTX_DAG_OWNER='etudiant' AIRFLOW_CTX_DAG_ID='yfinance_ingestion_dag' AIRFLOW_CTX_TASK_ID='store_raw_data_in_hdfs' AIRFLOW_CTX_EXECUTION_DATE='2025-01-24T00:00:00+00:00' AIRFLOW_CTX_TRY_NUMBER='1' AIRFLOW_CTX_DAG_RUN_ID='scheduled__2025-01-24T00:00:00+00:00'
[2025-02-26T20:39:14.706+0000] {python.py:194} INFO - Done. Returned value was: None
[2025-02-26T20:39:14.737+0000] {taskinstance.py:1400} INFO - Marking task as SUCCESS. dag_id=yfinance_ingestion_dag, task_id=store_raw_data_in_hdfs, execution_date=20250124T000000, start_date=20250226T203914, end_date=20250226T203914
[2025-02-26T20:39:14.810+0000] {local_task_job_runner.py:228} INFO - Task exited with return code 0
[2025-02-26T20:39:14.901+0000] {taskinstance.py:2784} INFO - 1 downstream tasks scheduled from follow-on schedule check
[2025-02-26T20:42:51.421+0000] {taskinstance.py:1159} INFO - Dependencies all met for dep_context=non-requeueable deps ti=<TaskInstance: yfinance_ingestion_dag.store_raw_data_in_hdfs scheduled__2025-01-24T00:00:00+00:00 [queued]>
[2025-02-26T20:42:51.439+0000] {taskinstance.py:1159} INFO - Dependencies all met for dep_context=requeueable deps ti=<TaskInstance: yfinance_ingestion_dag.store_raw_data_in_hdfs scheduled__2025-01-24T00:00:00+00:00 [queued]>
[2025-02-26T20:42:51.440+0000] {taskinstance.py:1361} INFO - Starting attempt 1 of 2
[2025-02-26T20:42:51.465+0000] {taskinstance.py:1382} INFO - Executing <Task(PythonOperator): store_raw_data_in_hdfs> on 2025-01-24 00:00:00+00:00
[2025-02-26T20:42:51.474+0000] {standard_task_runner.py:57} INFO - Started process 1923 to run task
[2025-02-26T20:42:51.480+0000] {standard_task_runner.py:84} INFO - Running: ['***', 'tasks', 'run', 'yfinance_ingestion_dag', 'store_raw_data_in_hdfs', 'scheduled__2025-01-24T00:00:00+00:00', '--job-id', '336', '--raw', '--subdir', 'DAGS_FOLDER/pipeline.py', '--cfg-path', '/tmp/tmp_m551p46']
[2025-02-26T20:42:51.484+0000] {standard_task_runner.py:85} INFO - Job 336: Subtask store_raw_data_in_hdfs
[2025-02-26T20:42:51.591+0000] {task_command.py:415} INFO - Running <TaskInstance: yfinance_ingestion_dag.store_raw_data_in_hdfs scheduled__2025-01-24T00:00:00+00:00 [running]> on host 3c0faf52b292
[2025-02-26T20:42:51.769+0000] {taskinstance.py:1660} INFO - Exporting env vars: AIRFLOW_CTX_DAG_OWNER='etudiant' AIRFLOW_CTX_DAG_ID='yfinance_ingestion_dag' AIRFLOW_CTX_TASK_ID='store_raw_data_in_hdfs' AIRFLOW_CTX_EXECUTION_DATE='2025-01-24T00:00:00+00:00' AIRFLOW_CTX_TRY_NUMBER='1' AIRFLOW_CTX_DAG_RUN_ID='scheduled__2025-01-24T00:00:00+00:00'
[2025-02-26T20:43:00.119+0000] {python.py:194} INFO - Done. Returned value was: None
[2025-02-26T20:43:00.147+0000] {taskinstance.py:1400} INFO - Marking task as SUCCESS. dag_id=yfinance_ingestion_dag, task_id=store_raw_data_in_hdfs, execution_date=20250124T000000, start_date=20250226T204251, end_date=20250226T204300
[2025-02-26T20:43:00.224+0000] {local_task_job_runner.py:228} INFO - Task exited with return code 0
[2025-02-26T20:43:00.277+0000] {taskinstance.py:2784} INFO - 1 downstream tasks scheduled from follow-on schedule check
