[2025-02-25T09:48:43.462+0000] {taskinstance.py:1159} INFO - Dependencies all met for dep_context=non-requeueable deps ti=<TaskInstance: yfinance_ingestion_dag.store_raw_data_in_hdfs scheduled__2025-01-05T00:00:00+00:00 [queued]>
[2025-02-25T09:48:43.611+0000] {taskinstance.py:1159} INFO - Dependencies all met for dep_context=requeueable deps ti=<TaskInstance: yfinance_ingestion_dag.store_raw_data_in_hdfs scheduled__2025-01-05T00:00:00+00:00 [queued]>
[2025-02-25T09:48:43.632+0000] {taskinstance.py:1361} INFO - Starting attempt 1 of 2
[2025-02-25T09:48:43.744+0000] {taskinstance.py:1382} INFO - Executing <Task(PythonOperator): store_raw_data_in_hdfs> on 2025-01-05 00:00:00+00:00
[2025-02-25T09:48:43.761+0000] {standard_task_runner.py:57} INFO - Started process 329 to run task
[2025-02-25T09:48:43.798+0000] {standard_task_runner.py:84} INFO - Running: ['***', 'tasks', 'run', 'yfinance_ingestion_dag', 'store_raw_data_in_hdfs', 'scheduled__2025-01-05T00:00:00+00:00', '--job-id', '49', '--raw', '--subdir', 'DAGS_FOLDER/test_hello.py', '--cfg-path', '/tmp/tmp83mca6df']
[2025-02-25T09:48:43.865+0000] {standard_task_runner.py:85} INFO - Job 49: Subtask store_raw_data_in_hdfs
[2025-02-25T09:48:44.260+0000] {task_command.py:415} INFO - Running <TaskInstance: yfinance_ingestion_dag.store_raw_data_in_hdfs scheduled__2025-01-05T00:00:00+00:00 [running]> on host 6dbd75e48aaa
[2025-02-25T09:48:44.849+0000] {taskinstance.py:1660} INFO - Exporting env vars: AIRFLOW_CTX_DAG_OWNER='etudiant' AIRFLOW_CTX_DAG_ID='yfinance_ingestion_dag' AIRFLOW_CTX_TASK_ID='store_raw_data_in_hdfs' AIRFLOW_CTX_EXECUTION_DATE='2025-01-05T00:00:00+00:00' AIRFLOW_CTX_TRY_NUMBER='1' AIRFLOW_CTX_DAG_RUN_ID='scheduled__2025-01-05T00:00:00+00:00'
[2025-02-25T09:49:38.052+0000] {python.py:194} INFO - Done. Returned value was: None
[2025-02-25T09:49:38.297+0000] {taskinstance.py:1400} INFO - Marking task as SUCCESS. dag_id=yfinance_ingestion_dag, task_id=store_raw_data_in_hdfs, execution_date=20250105T000000, start_date=20250225T094843, end_date=20250225T094938
[2025-02-25T09:49:38.577+0000] {local_task_job_runner.py:228} INFO - Task exited with return code 0
[2025-02-25T09:49:38.797+0000] {taskinstance.py:2784} INFO - 0 downstream tasks scheduled from follow-on schedule check
[2025-02-26T20:10:54.275+0000] {taskinstance.py:1159} INFO - Dependencies all met for dep_context=non-requeueable deps ti=<TaskInstance: yfinance_ingestion_dag.store_raw_data_in_hdfs scheduled__2025-01-05T00:00:00+00:00 [queued]>
[2025-02-26T20:10:54.351+0000] {taskinstance.py:1159} INFO - Dependencies all met for dep_context=requeueable deps ti=<TaskInstance: yfinance_ingestion_dag.store_raw_data_in_hdfs scheduled__2025-01-05T00:00:00+00:00 [queued]>
[2025-02-26T20:10:54.363+0000] {taskinstance.py:1361} INFO - Starting attempt 1 of 2
[2025-02-26T20:10:54.455+0000] {taskinstance.py:1382} INFO - Executing <Task(PythonOperator): store_raw_data_in_hdfs> on 2025-01-05 00:00:00+00:00
[2025-02-26T20:10:54.466+0000] {standard_task_runner.py:57} INFO - Started process 522 to run task
[2025-02-26T20:10:54.485+0000] {standard_task_runner.py:84} INFO - Running: ['***', 'tasks', 'run', 'yfinance_ingestion_dag', 'store_raw_data_in_hdfs', 'scheduled__2025-01-05T00:00:00+00:00', '--job-id', '56', '--raw', '--subdir', 'DAGS_FOLDER/pipeline.py', '--cfg-path', '/tmp/tmpy733ielv']
[2025-02-26T20:10:54.512+0000] {standard_task_runner.py:85} INFO - Job 56: Subtask store_raw_data_in_hdfs
[2025-02-26T20:10:54.800+0000] {task_command.py:415} INFO - Running <TaskInstance: yfinance_ingestion_dag.store_raw_data_in_hdfs scheduled__2025-01-05T00:00:00+00:00 [running]> on host e304e68c626e
[2025-02-26T20:10:55.128+0000] {taskinstance.py:1660} INFO - Exporting env vars: AIRFLOW_CTX_DAG_OWNER='etudiant' AIRFLOW_CTX_DAG_ID='yfinance_ingestion_dag' AIRFLOW_CTX_TASK_ID='store_raw_data_in_hdfs' AIRFLOW_CTX_EXECUTION_DATE='2025-01-05T00:00:00+00:00' AIRFLOW_CTX_TRY_NUMBER='1' AIRFLOW_CTX_DAG_RUN_ID='scheduled__2025-01-05T00:00:00+00:00'
[2025-02-26T20:10:55.183+0000] {taskinstance.py:1943} ERROR - Task failed with exception
Traceback (most recent call last):
  File "/home/airflow/.local/lib/python3.8/site-packages/airflow/operators/python.py", line 192, in execute
    return_value = self.execute_callable()
  File "/home/airflow/.local/lib/python3.8/site-packages/airflow/operators/python.py", line 209, in execute_callable
    return self.python_callable(*self.op_args, **self.op_kwargs)
  File "/opt/airflow/dags/pipeline.py", line 84, in store_raw_data_in_hdfs
    with open(local_file, 'w') as f:
PermissionError: [Errno 13] Permission denied: '/mnt/hadoop_data/yfinance_raw.json'
[2025-02-26T20:10:55.244+0000] {taskinstance.py:1400} INFO - Marking task as UP_FOR_RETRY. dag_id=yfinance_ingestion_dag, task_id=store_raw_data_in_hdfs, execution_date=20250105T000000, start_date=20250226T201054, end_date=20250226T201055
[2025-02-26T20:10:55.282+0000] {standard_task_runner.py:104} ERROR - Failed to execute job 56 for task store_raw_data_in_hdfs ([Errno 13] Permission denied: '/mnt/hadoop_data/yfinance_raw.json'; 522)
[2025-02-26T20:10:55.343+0000] {local_task_job_runner.py:228} INFO - Task exited with return code 1
[2025-02-26T20:10:55.437+0000] {taskinstance.py:2784} INFO - 0 downstream tasks scheduled from follow-on schedule check
[2025-02-26T20:30:24.353+0000] {taskinstance.py:1159} INFO - Dependencies all met for dep_context=non-requeueable deps ti=<TaskInstance: yfinance_ingestion_dag.store_raw_data_in_hdfs scheduled__2025-01-05T00:00:00+00:00 [queued]>
[2025-02-26T20:30:24.397+0000] {taskinstance.py:1159} INFO - Dependencies all met for dep_context=requeueable deps ti=<TaskInstance: yfinance_ingestion_dag.store_raw_data_in_hdfs scheduled__2025-01-05T00:00:00+00:00 [queued]>
[2025-02-26T20:30:24.403+0000] {taskinstance.py:1361} INFO - Starting attempt 1 of 2
[2025-02-26T20:30:24.543+0000] {taskinstance.py:1382} INFO - Executing <Task(PythonOperator): store_raw_data_in_hdfs> on 2025-01-05 00:00:00+00:00
[2025-02-26T20:30:24.554+0000] {standard_task_runner.py:57} INFO - Started process 1740 to run task
[2025-02-26T20:30:24.583+0000] {standard_task_runner.py:84} INFO - Running: ['***', 'tasks', 'run', 'yfinance_ingestion_dag', 'store_raw_data_in_hdfs', 'scheduled__2025-01-05T00:00:00+00:00', '--job-id', '172', '--raw', '--subdir', 'DAGS_FOLDER/pipeline.py', '--cfg-path', '/tmp/tmphhfwzt1x']
[2025-02-26T20:30:24.604+0000] {standard_task_runner.py:85} INFO - Job 172: Subtask store_raw_data_in_hdfs
[2025-02-26T20:30:24.827+0000] {task_command.py:415} INFO - Running <TaskInstance: yfinance_ingestion_dag.store_raw_data_in_hdfs scheduled__2025-01-05T00:00:00+00:00 [running]> on host c96a1011f5a3
[2025-02-26T20:30:25.218+0000] {taskinstance.py:1660} INFO - Exporting env vars: AIRFLOW_CTX_DAG_OWNER='etudiant' AIRFLOW_CTX_DAG_ID='yfinance_ingestion_dag' AIRFLOW_CTX_TASK_ID='store_raw_data_in_hdfs' AIRFLOW_CTX_EXECUTION_DATE='2025-01-05T00:00:00+00:00' AIRFLOW_CTX_TRY_NUMBER='1' AIRFLOW_CTX_DAG_RUN_ID='scheduled__2025-01-05T00:00:00+00:00'
[2025-02-26T20:30:57.612+0000] {python.py:194} INFO - Done. Returned value was: None
[2025-02-26T20:30:57.638+0000] {taskinstance.py:1400} INFO - Marking task as SUCCESS. dag_id=yfinance_ingestion_dag, task_id=store_raw_data_in_hdfs, execution_date=20250105T000000, start_date=20250226T203024, end_date=20250226T203057
[2025-02-26T20:30:57.724+0000] {local_task_job_runner.py:228} INFO - Task exited with return code 0
[2025-02-26T20:30:57.802+0000] {taskinstance.py:2784} INFO - 1 downstream tasks scheduled from follow-on schedule check
[2025-02-26T20:40:09.043+0000] {taskinstance.py:1159} INFO - Dependencies all met for dep_context=non-requeueable deps ti=<TaskInstance: yfinance_ingestion_dag.store_raw_data_in_hdfs scheduled__2025-01-05T00:00:00+00:00 [queued]>
[2025-02-26T20:40:09.110+0000] {taskinstance.py:1159} INFO - Dependencies all met for dep_context=requeueable deps ti=<TaskInstance: yfinance_ingestion_dag.store_raw_data_in_hdfs scheduled__2025-01-05T00:00:00+00:00 [queued]>
[2025-02-26T20:40:09.112+0000] {taskinstance.py:1361} INFO - Starting attempt 1 of 2
[2025-02-26T20:40:09.192+0000] {taskinstance.py:1382} INFO - Executing <Task(PythonOperator): store_raw_data_in_hdfs> on 2025-01-05 00:00:00+00:00
[2025-02-26T20:40:09.236+0000] {standard_task_runner.py:57} INFO - Started process 1128 to run task
[2025-02-26T20:40:09.272+0000] {standard_task_runner.py:84} INFO - Running: ['***', 'tasks', 'run', 'yfinance_ingestion_dag', 'store_raw_data_in_hdfs', 'scheduled__2025-01-05T00:00:00+00:00', '--job-id', '281', '--raw', '--subdir', 'DAGS_FOLDER/pipeline.py', '--cfg-path', '/tmp/tmp2klshwyd']
[2025-02-26T20:40:09.304+0000] {standard_task_runner.py:85} INFO - Job 281: Subtask store_raw_data_in_hdfs
[2025-02-26T20:40:09.766+0000] {task_command.py:415} INFO - Running <TaskInstance: yfinance_ingestion_dag.store_raw_data_in_hdfs scheduled__2025-01-05T00:00:00+00:00 [running]> on host 3c0faf52b292
[2025-02-26T20:40:10.023+0000] {taskinstance.py:1660} INFO - Exporting env vars: AIRFLOW_CTX_DAG_OWNER='etudiant' AIRFLOW_CTX_DAG_ID='yfinance_ingestion_dag' AIRFLOW_CTX_TASK_ID='store_raw_data_in_hdfs' AIRFLOW_CTX_EXECUTION_DATE='2025-01-05T00:00:00+00:00' AIRFLOW_CTX_TRY_NUMBER='1' AIRFLOW_CTX_DAG_RUN_ID='scheduled__2025-01-05T00:00:00+00:00'
[2025-02-26T20:40:10.583+0000] {python.py:194} INFO - Done. Returned value was: None
[2025-02-26T20:40:10.619+0000] {taskinstance.py:1400} INFO - Marking task as SUCCESS. dag_id=yfinance_ingestion_dag, task_id=store_raw_data_in_hdfs, execution_date=20250105T000000, start_date=20250226T204009, end_date=20250226T204010
[2025-02-26T20:40:10.979+0000] {local_task_job_runner.py:228} INFO - Task exited with return code 0
[2025-02-26T20:40:11.099+0000] {taskinstance.py:2784} INFO - 1 downstream tasks scheduled from follow-on schedule check
