[2025-02-24T11:56:18.336+0000] {taskinstance.py:1159} INFO - Dependencies all met for dep_context=non-requeueable deps ti=<TaskInstance: coingecko_ingestion_dag.fetch_data manual__2025-02-24T11:56:16.940971+00:00 [queued]>
[2025-02-24T11:56:18.353+0000] {taskinstance.py:1159} INFO - Dependencies all met for dep_context=requeueable deps ti=<TaskInstance: coingecko_ingestion_dag.fetch_data manual__2025-02-24T11:56:16.940971+00:00 [queued]>
[2025-02-24T11:56:18.354+0000] {taskinstance.py:1361} INFO - Starting attempt 1 of 2
[2025-02-24T11:56:18.374+0000] {taskinstance.py:1382} INFO - Executing <Task(PythonOperator): fetch_data> on 2025-02-24 11:56:16.940971+00:00
[2025-02-24T11:56:18.383+0000] {standard_task_runner.py:57} INFO - Started process 288 to run task
[2025-02-24T11:56:18.386+0000] {standard_task_runner.py:84} INFO - Running: ['***', 'tasks', 'run', 'coingecko_ingestion_dag', 'fetch_data', 'manual__2025-02-24T11:56:16.940971+00:00', '--job-id', '62', '--raw', '--subdir', 'DAGS_FOLDER/pipeline.py', '--cfg-path', '/tmp/tmpkly_fk7x']
[2025-02-24T11:56:18.396+0000] {standard_task_runner.py:85} INFO - Job 62: Subtask fetch_data
[2025-02-24T11:56:18.467+0000] {task_command.py:415} INFO - Running <TaskInstance: coingecko_ingestion_dag.fetch_data manual__2025-02-24T11:56:16.940971+00:00 [running]> on host 82ebb00a972e
[2025-02-24T11:56:18.587+0000] {taskinstance.py:1660} INFO - Exporting env vars: AIRFLOW_CTX_DAG_OWNER='etudiant' AIRFLOW_CTX_DAG_ID='coingecko_ingestion_dag' AIRFLOW_CTX_TASK_ID='fetch_data' AIRFLOW_CTX_EXECUTION_DATE='2025-02-24T11:56:16.940971+00:00' AIRFLOW_CTX_TRY_NUMBER='1' AIRFLOW_CTX_DAG_RUN_ID='manual__2025-02-24T11:56:16.940971+00:00'
[2025-02-24T11:56:18.931+0000] {taskinstance.py:1943} ERROR - Task failed with exception
Traceback (most recent call last):
  File "/home/airflow/.local/lib/python3.8/site-packages/airflow/operators/python.py", line 192, in execute
    return_value = self.execute_callable()
  File "/home/airflow/.local/lib/python3.8/site-packages/airflow/operators/python.py", line 209, in execute_callable
    return self.python_callable(*self.op_args, **self.op_kwargs)
  File "/opt/airflow/dags/pipeline.py", line 62, in fetch_coingecko_data
    with open(local_file, 'w') as f:
PermissionError: [Errno 13] Permission denied: '/mnt/hadoop_data/coingecko_raw.json'
[2025-02-24T11:56:18.947+0000] {taskinstance.py:1400} INFO - Marking task as UP_FOR_RETRY. dag_id=coingecko_ingestion_dag, task_id=fetch_data, execution_date=20250224T115616, start_date=20250224T115618, end_date=20250224T115618
[2025-02-24T11:56:18.962+0000] {standard_task_runner.py:104} ERROR - Failed to execute job 62 for task fetch_data ([Errno 13] Permission denied: '/mnt/hadoop_data/coingecko_raw.json'; 288)
[2025-02-24T11:56:18.990+0000] {local_task_job_runner.py:228} INFO - Task exited with return code 1
[2025-02-24T11:56:19.014+0000] {taskinstance.py:2784} INFO - 0 downstream tasks scheduled from follow-on schedule check
