[2025-02-24T09:33:04.450+0000] {taskinstance.py:1157} INFO - Dependencies all met for dep_context=non-requeueable deps ti=<TaskInstance: coingecko_ingestion_dag.fetch_data scheduled__2025-02-23T00:00:00+00:00 [queued]>
[2025-02-24T09:33:04.469+0000] {taskinstance.py:1157} INFO - Dependencies all met for dep_context=requeueable deps ti=<TaskInstance: coingecko_ingestion_dag.fetch_data scheduled__2025-02-23T00:00:00+00:00 [queued]>
[2025-02-24T09:33:04.470+0000] {taskinstance.py:1359} INFO - Starting attempt 1 of 2
[2025-02-24T09:33:04.502+0000] {taskinstance.py:1380} INFO - Executing <Task(PythonOperator): fetch_data> on 2025-02-23 00:00:00+00:00
[2025-02-24T09:33:04.514+0000] {standard_task_runner.py:57} INFO - Started process 245 to run task
[2025-02-24T09:33:04.521+0000] {standard_task_runner.py:84} INFO - Running: ['***', 'tasks', 'run', 'coingecko_ingestion_dag', 'fetch_data', 'scheduled__2025-02-23T00:00:00+00:00', '--job-id', '4', '--raw', '--subdir', 'DAGS_FOLDER/pipeline.py', '--cfg-path', '/tmp/tmp7stj92bv']
[2025-02-24T09:33:04.541+0000] {standard_task_runner.py:85} INFO - Job 4: Subtask fetch_data
[2025-02-24T09:33:04.678+0000] {task_command.py:415} INFO - Running <TaskInstance: coingecko_ingestion_dag.fetch_data scheduled__2025-02-23T00:00:00+00:00 [running]> on host 5a79a95162ce
[2025-02-24T09:33:04.910+0000] {taskinstance.py:1660} INFO - Exporting env vars: AIRFLOW_CTX_DAG_OWNER='etudiant' AIRFLOW_CTX_DAG_ID='coingecko_ingestion_dag' AIRFLOW_CTX_TASK_ID='fetch_data' AIRFLOW_CTX_EXECUTION_DATE='2025-02-23T00:00:00+00:00' AIRFLOW_CTX_TRY_NUMBER='1' AIRFLOW_CTX_DAG_RUN_ID='scheduled__2025-02-23T00:00:00+00:00'
[2025-02-24T09:33:05.252+0000] {python.py:194} INFO - Done. Returned value was: None
[2025-02-24T09:33:05.269+0000] {taskinstance.py:1398} INFO - Marking task as SUCCESS. dag_id=coingecko_ingestion_dag, task_id=fetch_data, execution_date=20250223T000000, start_date=20250224T093304, end_date=20250224T093305
[2025-02-24T09:33:05.296+0000] {local_task_job_runner.py:228} INFO - Task exited with return code 0
[2025-02-24T09:33:05.331+0000] {taskinstance.py:2776} INFO - 1 downstream tasks scheduled from follow-on schedule check
[2025-02-24T12:23:50.650+0000] {taskinstance.py:1159} INFO - Dependencies all met for dep_context=non-requeueable deps ti=<TaskInstance: coingecko_ingestion_dag.fetch_data scheduled__2025-02-23T00:00:00+00:00 [queued]>
[2025-02-24T12:23:50.667+0000] {taskinstance.py:1159} INFO - Dependencies all met for dep_context=requeueable deps ti=<TaskInstance: coingecko_ingestion_dag.fetch_data scheduled__2025-02-23T00:00:00+00:00 [queued]>
[2025-02-24T12:23:50.668+0000] {taskinstance.py:1361} INFO - Starting attempt 1 of 2
[2025-02-24T12:23:50.701+0000] {taskinstance.py:1382} INFO - Executing <Task(PythonOperator): fetch_data> on 2025-02-23 00:00:00+00:00
[2025-02-24T12:23:50.714+0000] {standard_task_runner.py:57} INFO - Started process 260 to run task
[2025-02-24T12:23:50.719+0000] {standard_task_runner.py:84} INFO - Running: ['***', 'tasks', 'run', 'coingecko_ingestion_dag', 'fetch_data', 'scheduled__2025-02-23T00:00:00+00:00', '--job-id', '2', '--raw', '--subdir', 'DAGS_FOLDER/pipeline.py', '--cfg-path', '/tmp/tmp0_z6d76i']
[2025-02-24T12:23:50.728+0000] {standard_task_runner.py:85} INFO - Job 2: Subtask fetch_data
[2025-02-24T12:23:50.805+0000] {task_command.py:415} INFO - Running <TaskInstance: coingecko_ingestion_dag.fetch_data scheduled__2025-02-23T00:00:00+00:00 [running]> on host 94f70d9be3b1
[2025-02-24T12:23:50.946+0000] {taskinstance.py:1660} INFO - Exporting env vars: AIRFLOW_CTX_DAG_OWNER='etudiant' AIRFLOW_CTX_DAG_ID='coingecko_ingestion_dag' AIRFLOW_CTX_TASK_ID='fetch_data' AIRFLOW_CTX_EXECUTION_DATE='2025-02-23T00:00:00+00:00' AIRFLOW_CTX_TRY_NUMBER='1' AIRFLOW_CTX_DAG_RUN_ID='scheduled__2025-02-23T00:00:00+00:00'
[2025-02-24T12:23:51.654+0000] {python.py:194} INFO - Done. Returned value was: None
[2025-02-24T12:23:51.671+0000] {taskinstance.py:1400} INFO - Marking task as SUCCESS. dag_id=coingecko_ingestion_dag, task_id=fetch_data, execution_date=20250223T000000, start_date=20250224T122350, end_date=20250224T122351
[2025-02-24T12:23:51.738+0000] {local_task_job_runner.py:228} INFO - Task exited with return code 0
[2025-02-24T12:23:51.796+0000] {taskinstance.py:2784} INFO - 0 downstream tasks scheduled from follow-on schedule check
