[2025-02-26T20:18:10.053+0000] {taskinstance.py:1159} INFO - Dependencies all met for dep_context=non-requeueable deps ti=<TaskInstance: yfinance_ingestion_dag.run_mapreduce scheduled__2025-01-01T00:00:00+00:00 [queued]>
[2025-02-26T20:18:10.135+0000] {taskinstance.py:1159} INFO - Dependencies all met for dep_context=requeueable deps ti=<TaskInstance: yfinance_ingestion_dag.run_mapreduce scheduled__2025-01-01T00:00:00+00:00 [queued]>
[2025-02-26T20:18:10.141+0000] {taskinstance.py:1361} INFO - Starting attempt 1 of 2
[2025-02-26T20:18:10.314+0000] {taskinstance.py:1382} INFO - Executing <Task(BashOperator): run_mapreduce> on 2025-01-01 00:00:00+00:00
[2025-02-26T20:18:10.368+0000] {standard_task_runner.py:57} INFO - Started process 618 to run task
[2025-02-26T20:18:10.468+0000] {standard_task_runner.py:84} INFO - Running: ['***', 'tasks', 'run', 'yfinance_ingestion_dag', 'run_mapreduce', 'scheduled__2025-01-01T00:00:00+00:00', '--job-id', '96', '--raw', '--subdir', 'DAGS_FOLDER/pipeline.py', '--cfg-path', '/tmp/tmp9svqcljb']
[2025-02-26T20:18:10.504+0000] {standard_task_runner.py:85} INFO - Job 96: Subtask run_mapreduce
[2025-02-26T20:18:11.055+0000] {task_command.py:415} INFO - Running <TaskInstance: yfinance_ingestion_dag.run_mapreduce scheduled__2025-01-01T00:00:00+00:00 [running]> on host c96a1011f5a3
[2025-02-26T20:18:11.701+0000] {taskinstance.py:1660} INFO - Exporting env vars: AIRFLOW_CTX_DAG_OWNER='etudiant' AIRFLOW_CTX_DAG_ID='yfinance_ingestion_dag' AIRFLOW_CTX_TASK_ID='run_mapreduce' AIRFLOW_CTX_EXECUTION_DATE='2025-01-01T00:00:00+00:00' AIRFLOW_CTX_TRY_NUMBER='1' AIRFLOW_CTX_DAG_RUN_ID='scheduled__2025-01-01T00:00:00+00:00'
[2025-02-26T20:18:11.719+0000] {subprocess.py:63} INFO - Tmp dir root location: /tmp
[2025-02-26T20:18:11.740+0000] {subprocess.py:75} INFO - Running command: ['/bin/bash', '-c', '\n        docker exec -i -u root namenode bash -c \'         cd /tmp &&         cp /mnt/hadoop_data/mapreduce/mapper.py . &&         cp /mnt/hadoop_data/mapreduce/reducer.py . &&         chmod +x mapper.py reducer.py &&         hdfs dfs -rm -r hdfs:///user/etudiant/crypto/processed/YYYY=2025/MM=01/DD=01 || true &&         hadoop jar /opt/hadoop-3.2.1/share/hadoop/tools/lib/hadoop-streaming-3.2.1.jar         -files mapper.py,reducer.py         -mapper "python mapper.py"         -reducer "python reducer.py"         -input hdfs:///user/etudiant/crypto/raw/YYYY=2025/MM=01/DD=01/yfinance_raw.json         -output hdfs:///user/etudiant/crypto/processed/YYYY=2025/MM=01/DD=01\'\n        ']
[2025-02-26T20:18:11.816+0000] {subprocess.py:86} INFO - Output:
[2025-02-26T20:18:28.234+0000] {subprocess.py:93} INFO - rm: `hdfs:///user/etudiant/crypto/processed/YYYY=2025/MM=01/DD=01': No such file or directory
[2025-02-26T20:18:50.469+0000] {subprocess.py:93} INFO - 2025-02-26 20:18:50,454 INFO impl.MetricsConfig: Loaded properties from hadoop-metrics2.properties
[2025-02-26T20:18:51.479+0000] {subprocess.py:93} INFO - 2025-02-26 20:18:51,475 INFO impl.MetricsSystemImpl: Scheduled Metric snapshot period at 10 second(s).
[2025-02-26T20:18:51.493+0000] {subprocess.py:93} INFO - 2025-02-26 20:18:51,484 INFO impl.MetricsSystemImpl: JobTracker metrics system started
[2025-02-26T20:18:52.047+0000] {subprocess.py:93} INFO - 2025-02-26 20:18:52,045 WARN impl.MetricsSystemImpl: JobTracker metrics system already initialized!
[2025-02-26T20:18:54.337+0000] {subprocess.py:93} INFO - 2025-02-26 20:18:54,334 INFO mapred.FileInputFormat: Total input files to process : 1
[2025-02-26T20:18:55.224+0000] {subprocess.py:93} INFO - 2025-02-26 20:18:55,219 INFO mapreduce.JobSubmitter: number of splits:1
[2025-02-26T20:18:56.986+0000] {subprocess.py:93} INFO - 2025-02-26 20:18:56,979 INFO mapreduce.JobSubmitter: Submitting tokens for job: job_local1667344036_0001
[2025-02-26T20:18:56.988+0000] {subprocess.py:93} INFO - 2025-02-26 20:18:56,980 INFO mapreduce.JobSubmitter: Executing with tokens: []
[2025-02-26T20:18:59.914+0000] {subprocess.py:93} INFO - 2025-02-26 20:18:59,910 INFO mapred.LocalDistributedCacheManager: Localized file:/tmp/mapper.py as file:/tmp/hadoop-root/mapred/local/job_local1667344036_0001_4c683037-f984-47bd-9918-087585d8c05b/mapper.py
[2025-02-26T20:19:00.280+0000] {subprocess.py:93} INFO - 2025-02-26 20:19:00,277 INFO mapred.LocalDistributedCacheManager: Localized file:/tmp/reducer.py as file:/tmp/hadoop-root/mapred/local/job_local1667344036_0001_76075e18-633f-4beb-ad4b-f71c0d028041/reducer.py
[2025-02-26T20:19:00.648+0000] {subprocess.py:93} INFO - 2025-02-26 20:19:00,624 INFO mapreduce.Job: The url to track the job: http://localhost:8080/
[2025-02-26T20:19:00.656+0000] {subprocess.py:93} INFO - 2025-02-26 20:19:00,649 INFO mapreduce.Job: Running job: job_local1667344036_0001
[2025-02-26T20:19:00.687+0000] {subprocess.py:93} INFO - 2025-02-26 20:19:00,681 INFO mapred.LocalJobRunner: OutputCommitter set in config null
[2025-02-26T20:19:00.694+0000] {subprocess.py:93} INFO - 2025-02-26 20:19:00,692 INFO mapred.LocalJobRunner: OutputCommitter is org.apache.hadoop.mapred.FileOutputCommitter
[2025-02-26T20:19:00.706+0000] {subprocess.py:93} INFO - 2025-02-26 20:19:00,703 INFO output.FileOutputCommitter: File Output Committer Algorithm version is 2
[2025-02-26T20:19:00.708+0000] {subprocess.py:93} INFO - 2025-02-26 20:19:00,704 INFO output.FileOutputCommitter: FileOutputCommitter skip cleanup _temporary folders under output directory:false, ignore cleanup failures: false
[2025-02-26T20:19:01.529+0000] {subprocess.py:93} INFO - 2025-02-26 20:19:01,516 INFO mapred.LocalJobRunner: Waiting for map tasks
[2025-02-26T20:19:01.588+0000] {subprocess.py:93} INFO - 2025-02-26 20:19:01,580 INFO mapred.LocalJobRunner: Starting task: attempt_local1667344036_0001_m_000000_0
[2025-02-26T20:19:01.705+0000] {subprocess.py:93} INFO - 2025-02-26 20:19:01,696 INFO mapreduce.Job: Job job_local1667344036_0001 running in uber mode : false
[2025-02-26T20:19:01.718+0000] {subprocess.py:93} INFO - 2025-02-26 20:19:01,698 INFO mapreduce.Job:  map 0% reduce 0%
[2025-02-26T20:19:01.797+0000] {subprocess.py:93} INFO - 2025-02-26 20:19:01,788 INFO output.FileOutputCommitter: File Output Committer Algorithm version is 2
[2025-02-26T20:19:01.799+0000] {subprocess.py:93} INFO - 2025-02-26 20:19:01,789 INFO output.FileOutputCommitter: FileOutputCommitter skip cleanup _temporary folders under output directory:false, ignore cleanup failures: false
[2025-02-26T20:19:02.117+0000] {subprocess.py:93} INFO - 2025-02-26 20:19:02,115 INFO mapred.Task:  Using ResourceCalculatorProcessTree : [ ]
[2025-02-26T20:19:02.231+0000] {subprocess.py:93} INFO - 2025-02-26 20:19:02,229 INFO mapred.MapTask: Processing split: hdfs://namenode:9000/user/etudiant/crypto/raw/YYYY=2025/MM=01/DD=01/yfinance_raw.json:0+19761
[2025-02-26T20:19:02.636+0000] {subprocess.py:93} INFO - 2025-02-26 20:19:02,633 INFO mapred.MapTask: numReduceTasks: 1
[2025-02-26T20:19:03.378+0000] {subprocess.py:93} INFO - 2025-02-26 20:19:03,376 INFO mapred.MapTask: (EQUATOR) 0 kvi 26214396(104857584)
[2025-02-26T20:19:03.381+0000] {subprocess.py:93} INFO - 2025-02-26 20:19:03,378 INFO mapred.MapTask: mapreduce.task.io.sort.mb: 100
[2025-02-26T20:19:03.382+0000] {subprocess.py:93} INFO - 2025-02-26 20:19:03,379 INFO mapred.MapTask: soft limit at 83886080
[2025-02-26T20:19:03.382+0000] {subprocess.py:93} INFO - 2025-02-26 20:19:03,379 INFO mapred.MapTask: bufstart = 0; bufvoid = 104857600
[2025-02-26T20:19:03.383+0000] {subprocess.py:93} INFO - 2025-02-26 20:19:03,380 INFO mapred.MapTask: kvstart = 26214396; length = 6553600
[2025-02-26T20:19:03.431+0000] {subprocess.py:93} INFO - 2025-02-26 20:19:03,429 INFO mapred.MapTask: Map output collector class = org.apache.hadoop.mapred.MapTask$MapOutputBuffer
[2025-02-26T20:19:03.504+0000] {subprocess.py:93} INFO - 2025-02-26 20:19:03,496 INFO streaming.PipeMapRed: PipeMapRed exec [/usr/bin/python, mapper.py]
[2025-02-26T20:19:03.603+0000] {subprocess.py:93} INFO - 2025-02-26 20:19:03,601 INFO Configuration.deprecation: mapred.work.output.dir is deprecated. Instead, use mapreduce.task.output.dir
[2025-02-26T20:19:03.604+0000] {subprocess.py:93} INFO - 2025-02-26 20:19:03,602 INFO Configuration.deprecation: map.input.start is deprecated. Instead, use mapreduce.map.input.start
[2025-02-26T20:19:03.608+0000] {subprocess.py:93} INFO - 2025-02-26 20:19:03,606 INFO Configuration.deprecation: mapred.task.is.map is deprecated. Instead, use mapreduce.task.ismap
[2025-02-26T20:19:03.610+0000] {subprocess.py:93} INFO - 2025-02-26 20:19:03,608 INFO Configuration.deprecation: mapred.task.id is deprecated. Instead, use mapreduce.task.attempt.id
[2025-02-26T20:19:03.627+0000] {subprocess.py:93} INFO - 2025-02-26 20:19:03,625 INFO Configuration.deprecation: mapred.tip.id is deprecated. Instead, use mapreduce.task.id
[2025-02-26T20:19:03.628+0000] {subprocess.py:93} INFO - 2025-02-26 20:19:03,626 INFO Configuration.deprecation: mapred.local.dir is deprecated. Instead, use mapreduce.cluster.local.dir
[2025-02-26T20:19:03.631+0000] {subprocess.py:93} INFO - 2025-02-26 20:19:03,629 INFO Configuration.deprecation: map.input.file is deprecated. Instead, use mapreduce.map.input.file
[2025-02-26T20:19:03.640+0000] {subprocess.py:93} INFO - 2025-02-26 20:19:03,638 INFO Configuration.deprecation: mapred.skip.on is deprecated. Instead, use mapreduce.job.skiprecords
[2025-02-26T20:19:03.642+0000] {subprocess.py:93} INFO - 2025-02-26 20:19:03,640 INFO Configuration.deprecation: map.input.length is deprecated. Instead, use mapreduce.map.input.length
[2025-02-26T20:19:03.646+0000] {subprocess.py:93} INFO - 2025-02-26 20:19:03,643 INFO Configuration.deprecation: mapred.job.id is deprecated. Instead, use mapreduce.job.id
[2025-02-26T20:19:03.647+0000] {subprocess.py:93} INFO - 2025-02-26 20:19:03,645 INFO Configuration.deprecation: user.name is deprecated. Instead, use mapreduce.job.user.name
[2025-02-26T20:19:03.652+0000] {subprocess.py:93} INFO - 2025-02-26 20:19:03,650 INFO Configuration.deprecation: mapred.task.partition is deprecated. Instead, use mapreduce.task.partition
[2025-02-26T20:19:03.972+0000] {subprocess.py:93} INFO -   File "mapper.py", line 27
[2025-02-26T20:19:03.973+0000] {subprocess.py:93} INFO -     print(f"{coin}\t{json.dumps(metrics)}")
[2025-02-26T20:19:03.975+0000] {subprocess.py:93} INFO -                                          ^
[2025-02-26T20:19:03.976+0000] {subprocess.py:93} INFO - SyntaxError: invalid syntax
[2025-02-26T20:19:03.977+0000] {subprocess.py:93} INFO - 2025-02-26 20:19:03,971 INFO streaming.PipeMapRed: MRErrorThread done
[2025-02-26T20:19:04.035+0000] {subprocess.py:93} INFO - 2025-02-26 20:19:04,024 INFO sasl.SaslDataTransferClient: SASL encryption trust check: localHostTrusted = false, remoteHostTrusted = false
[2025-02-26T20:19:05.808+0000] {subprocess.py:93} INFO - 2025-02-26 20:19:05,752 INFO streaming.PipeMapRed: R/W/S=1/0/0 in:1=1/1 [rec/s] out:0=0/1 [rec/s]
[2025-02-26T20:19:05.827+0000] {subprocess.py:93} INFO - 2025-02-26 20:19:05,754 INFO streaming.PipeMapRed: R/W/S=10/0/0 in:10=10/1 [rec/s] out:0=0/1 [rec/s]
[2025-02-26T20:19:05.846+0000] {subprocess.py:93} INFO - 2025-02-26 20:19:05,782 INFO streaming.PipeMapRed: R/W/S=100/0/0 in:100=100/1 [rec/s] out:0=0/1 [rec/s]
[2025-02-26T20:19:05.931+0000] {subprocess.py:93} INFO - 2025-02-26 20:19:05,844 WARN streaming.PipeMapRed: {}
[2025-02-26T20:19:05.947+0000] {subprocess.py:93} INFO - java.io.IOException: Stream closed
[2025-02-26T20:19:05.959+0000] {subprocess.py:93} INFO - 	at java.lang.ProcessBuilder$NullOutputStream.write(ProcessBuilder.java:433)
[2025-02-26T20:19:05.960+0000] {subprocess.py:93} INFO - 	at java.io.OutputStream.write(OutputStream.java:116)
[2025-02-26T20:19:05.963+0000] {subprocess.py:93} INFO - 	at java.io.BufferedOutputStream.write(BufferedOutputStream.java:122)
[2025-02-26T20:19:05.968+0000] {subprocess.py:93} INFO - 	at java.io.BufferedOutputStream.flushBuffer(BufferedOutputStream.java:82)
[2025-02-26T20:19:05.976+0000] {subprocess.py:93} INFO - 	at java.io.BufferedOutputStream.flush(BufferedOutputStream.java:140)
[2025-02-26T20:19:05.977+0000] {subprocess.py:93} INFO - 	at java.io.DataOutputStream.flush(DataOutputStream.java:123)
[2025-02-26T20:19:05.978+0000] {subprocess.py:93} INFO - 	at org.apache.hadoop.streaming.PipeMapRed.mapRedFinished(PipeMapRed.java:532)
[2025-02-26T20:19:05.978+0000] {subprocess.py:93} INFO - 	at org.apache.hadoop.streaming.PipeMapper.close(PipeMapper.java:130)
[2025-02-26T20:19:05.979+0000] {subprocess.py:93} INFO - 	at org.apache.hadoop.mapred.MapRunner.run(MapRunner.java:61)
[2025-02-26T20:19:05.980+0000] {subprocess.py:93} INFO - 	at org.apache.hadoop.streaming.PipeMapRunner.run(PipeMapRunner.java:34)
[2025-02-26T20:19:05.982+0000] {subprocess.py:93} INFO - 	at org.apache.hadoop.mapred.MapTask.runOldMapper(MapTask.java:465)
[2025-02-26T20:19:05.984+0000] {subprocess.py:93} INFO - 	at org.apache.hadoop.mapred.MapTask.run(MapTask.java:349)
[2025-02-26T20:19:05.985+0000] {subprocess.py:93} INFO - 	at org.apache.hadoop.mapred.LocalJobRunner$Job$MapTaskRunnable.run(LocalJobRunner.java:271)
[2025-02-26T20:19:05.987+0000] {subprocess.py:93} INFO - 	at java.util.concurrent.Executors$RunnableAdapter.call(Executors.java:511)
[2025-02-26T20:19:05.992+0000] {subprocess.py:93} INFO - 	at java.util.concurrent.FutureTask.run(FutureTask.java:266)
[2025-02-26T20:19:05.993+0000] {subprocess.py:93} INFO - 	at java.util.concurrent.ThreadPoolExecutor.runWorker(ThreadPoolExecutor.java:1149)
[2025-02-26T20:19:05.994+0000] {subprocess.py:93} INFO - 	at java.util.concurrent.ThreadPoolExecutor$Worker.run(ThreadPoolExecutor.java:624)
[2025-02-26T20:19:05.995+0000] {subprocess.py:93} INFO - 	at java.lang.Thread.run(Thread.java:748)
[2025-02-26T20:19:05.996+0000] {subprocess.py:93} INFO - 2025-02-26 20:19:05,875 INFO streaming.PipeMapRed: PipeMapRed failed!
[2025-02-26T20:19:05.997+0000] {subprocess.py:93} INFO - java.lang.RuntimeException: PipeMapRed.waitOutputThreads(): subprocess failed with code 1
[2025-02-26T20:19:05.998+0000] {subprocess.py:93} INFO - 	at org.apache.hadoop.streaming.PipeMapRed.waitOutputThreads(PipeMapRed.java:326)
[2025-02-26T20:19:06.003+0000] {subprocess.py:93} INFO - 	at org.apache.hadoop.streaming.PipeMapRed.mapRedFinished(PipeMapRed.java:539)
[2025-02-26T20:19:06.008+0000] {subprocess.py:93} INFO - 	at org.apache.hadoop.streaming.PipeMapper.close(PipeMapper.java:130)
[2025-02-26T20:19:06.011+0000] {subprocess.py:93} INFO - 	at org.apache.hadoop.mapred.MapRunner.run(MapRunner.java:61)
[2025-02-26T20:19:06.013+0000] {subprocess.py:93} INFO - 	at org.apache.hadoop.streaming.PipeMapRunner.run(PipeMapRunner.java:34)
[2025-02-26T20:19:06.014+0000] {subprocess.py:93} INFO - 	at org.apache.hadoop.mapred.MapTask.runOldMapper(MapTask.java:465)
[2025-02-26T20:19:06.015+0000] {subprocess.py:93} INFO - 	at org.apache.hadoop.mapred.MapTask.run(MapTask.java:349)
[2025-02-26T20:19:06.016+0000] {subprocess.py:93} INFO - 	at org.apache.hadoop.mapred.LocalJobRunner$Job$MapTaskRunnable.run(LocalJobRunner.java:271)
[2025-02-26T20:19:06.019+0000] {subprocess.py:93} INFO - 	at java.util.concurrent.Executors$RunnableAdapter.call(Executors.java:511)
[2025-02-26T20:19:06.025+0000] {subprocess.py:93} INFO - 	at java.util.concurrent.FutureTask.run(FutureTask.java:266)
[2025-02-26T20:19:06.030+0000] {subprocess.py:93} INFO - 	at java.util.concurrent.ThreadPoolExecutor.runWorker(ThreadPoolExecutor.java:1149)
[2025-02-26T20:19:06.032+0000] {subprocess.py:93} INFO - 	at java.util.concurrent.ThreadPoolExecutor$Worker.run(ThreadPoolExecutor.java:624)
[2025-02-26T20:19:06.035+0000] {subprocess.py:93} INFO - 	at java.lang.Thread.run(Thread.java:748)
[2025-02-26T20:19:06.046+0000] {subprocess.py:93} INFO - 2025-02-26 20:19:05,914 INFO mapred.LocalJobRunner: map task executor complete.
[2025-02-26T20:19:06.048+0000] {subprocess.py:93} INFO - 2025-02-26 20:19:05,989 WARN mapred.LocalJobRunner: job_local1667344036_0001
[2025-02-26T20:19:06.053+0000] {subprocess.py:93} INFO - java.lang.Exception: java.lang.RuntimeException: PipeMapRed.waitOutputThreads(): subprocess failed with code 1
[2025-02-26T20:19:06.054+0000] {subprocess.py:93} INFO - 	at org.apache.hadoop.mapred.LocalJobRunner$Job.runTasks(LocalJobRunner.java:492)
[2025-02-26T20:19:06.066+0000] {subprocess.py:93} INFO - 	at org.apache.hadoop.mapred.LocalJobRunner$Job.run(LocalJobRunner.java:552)
[2025-02-26T20:19:06.072+0000] {subprocess.py:93} INFO - Caused by: java.lang.RuntimeException: PipeMapRed.waitOutputThreads(): subprocess failed with code 1
[2025-02-26T20:19:06.083+0000] {subprocess.py:93} INFO - 	at org.apache.hadoop.streaming.PipeMapRed.waitOutputThreads(PipeMapRed.java:326)
[2025-02-26T20:19:06.089+0000] {subprocess.py:93} INFO - 	at org.apache.hadoop.streaming.PipeMapRed.mapRedFinished(PipeMapRed.java:539)
[2025-02-26T20:19:06.093+0000] {subprocess.py:93} INFO - 	at org.apache.hadoop.streaming.PipeMapper.close(PipeMapper.java:130)
[2025-02-26T20:19:06.095+0000] {subprocess.py:93} INFO - 	at org.apache.hadoop.mapred.MapRunner.run(MapRunner.java:61)
[2025-02-26T20:19:06.103+0000] {subprocess.py:93} INFO - 	at org.apache.hadoop.streaming.PipeMapRunner.run(PipeMapRunner.java:34)
[2025-02-26T20:19:06.115+0000] {subprocess.py:93} INFO - 	at org.apache.hadoop.mapred.MapTask.runOldMapper(MapTask.java:465)
[2025-02-26T20:19:06.124+0000] {subprocess.py:93} INFO - 	at org.apache.hadoop.mapred.MapTask.run(MapTask.java:349)
[2025-02-26T20:19:06.132+0000] {subprocess.py:93} INFO - 	at org.apache.hadoop.mapred.LocalJobRunner$Job$MapTaskRunnable.run(LocalJobRunner.java:271)
[2025-02-26T20:19:06.136+0000] {subprocess.py:93} INFO - 	at java.util.concurrent.Executors$RunnableAdapter.call(Executors.java:511)
[2025-02-26T20:19:06.138+0000] {subprocess.py:93} INFO - 	at java.util.concurrent.FutureTask.run(FutureTask.java:266)
[2025-02-26T20:19:06.146+0000] {subprocess.py:93} INFO - 	at java.util.concurrent.ThreadPoolExecutor.runWorker(ThreadPoolExecutor.java:1149)
[2025-02-26T20:19:06.154+0000] {subprocess.py:93} INFO - 	at java.util.concurrent.ThreadPoolExecutor$Worker.run(ThreadPoolExecutor.java:624)
[2025-02-26T20:19:06.160+0000] {subprocess.py:93} INFO - 	at java.lang.Thread.run(Thread.java:748)
[2025-02-26T20:19:05.834+0000] {subprocess.py:93} INFO - 2025-02-26 20:19:05,832 INFO mapreduce.Job: Job job_local1667344036_0001 failed with state FAILED due to: NA
[2025-02-26T20:19:05.861+0000] {subprocess.py:93} INFO - 2025-02-26 20:19:05,851 INFO mapreduce.Job: Counters: 0
[2025-02-26T20:19:05.862+0000] {subprocess.py:93} INFO - 2025-02-26 20:19:05,857 ERROR streaming.StreamJob: Job not successful!
[2025-02-26T20:19:05.863+0000] {subprocess.py:93} INFO - Streaming Command Failed!
[2025-02-26T20:19:06.704+0000] {subprocess.py:97} INFO - Command exited with return code 1
[2025-02-26T20:19:06.854+0000] {taskinstance.py:1943} ERROR - Task failed with exception
Traceback (most recent call last):
  File "/home/airflow/.local/lib/python3.8/site-packages/airflow/operators/bash.py", line 210, in execute
    raise AirflowException(
airflow.exceptions.AirflowException: Bash command failed. The command returned a non-zero exit code 1.
[2025-02-26T20:19:06.920+0000] {taskinstance.py:1400} INFO - Marking task as UP_FOR_RETRY. dag_id=yfinance_ingestion_dag, task_id=run_mapreduce, execution_date=20250101T000000, start_date=20250226T201810, end_date=20250226T201906
[2025-02-26T20:19:07.308+0000] {standard_task_runner.py:104} ERROR - Failed to execute job 96 for task run_mapreduce (Bash command failed. The command returned a non-zero exit code 1.; 618)
[2025-02-26T20:19:07.471+0000] {local_task_job_runner.py:228} INFO - Task exited with return code 1
[2025-02-26T20:19:08.047+0000] {taskinstance.py:2784} INFO - 0 downstream tasks scheduled from follow-on schedule check
[2025-02-26T20:31:09.241+0000] {taskinstance.py:1159} INFO - Dependencies all met for dep_context=non-requeueable deps ti=<TaskInstance: yfinance_ingestion_dag.run_mapreduce scheduled__2025-01-01T00:00:00+00:00 [queued]>
[2025-02-26T20:31:09.289+0000] {taskinstance.py:1159} INFO - Dependencies all met for dep_context=requeueable deps ti=<TaskInstance: yfinance_ingestion_dag.run_mapreduce scheduled__2025-01-01T00:00:00+00:00 [queued]>
[2025-02-26T20:31:09.294+0000] {taskinstance.py:1361} INFO - Starting attempt 1 of 2
[2025-02-26T20:31:09.340+0000] {taskinstance.py:1382} INFO - Executing <Task(BashOperator): run_mapreduce> on 2025-01-01 00:00:00+00:00
[2025-02-26T20:31:09.379+0000] {standard_task_runner.py:57} INFO - Started process 2030 to run task
[2025-02-26T20:31:09.405+0000] {standard_task_runner.py:84} INFO - Running: ['***', 'tasks', 'run', 'yfinance_ingestion_dag', 'run_mapreduce', 'scheduled__2025-01-01T00:00:00+00:00', '--job-id', '185', '--raw', '--subdir', 'DAGS_FOLDER/pipeline.py', '--cfg-path', '/tmp/tmpc_a86mpt']
[2025-02-26T20:31:09.411+0000] {standard_task_runner.py:85} INFO - Job 185: Subtask run_mapreduce
[2025-02-26T20:31:09.648+0000] {task_command.py:415} INFO - Running <TaskInstance: yfinance_ingestion_dag.run_mapreduce scheduled__2025-01-01T00:00:00+00:00 [running]> on host c96a1011f5a3
[2025-02-26T20:31:10.160+0000] {taskinstance.py:1660} INFO - Exporting env vars: AIRFLOW_CTX_DAG_OWNER='etudiant' AIRFLOW_CTX_DAG_ID='yfinance_ingestion_dag' AIRFLOW_CTX_TASK_ID='run_mapreduce' AIRFLOW_CTX_EXECUTION_DATE='2025-01-01T00:00:00+00:00' AIRFLOW_CTX_TRY_NUMBER='1' AIRFLOW_CTX_DAG_RUN_ID='scheduled__2025-01-01T00:00:00+00:00'
[2025-02-26T20:31:10.175+0000] {subprocess.py:63} INFO - Tmp dir root location: /tmp
[2025-02-26T20:31:10.182+0000] {subprocess.py:75} INFO - Running command: ['/bin/bash', '-c', '\n        docker exec -i -u root namenode bash -c \'         cd /tmp &&         cp /mnt/hadoop_data/mapreduce/mapper.py . &&         cp /mnt/hadoop_data/mapreduce/reducer.py . &&         chmod +x mapper.py reducer.py &&         hdfs dfs -rm -r hdfs:///user/etudiant/crypto/processed/YYYY=2025/MM=01/DD=01 || true &&         hadoop jar /opt/hadoop-3.2.1/share/hadoop/tools/lib/hadoop-streaming-3.2.1.jar         -files mapper.py,reducer.py         -mapper "python mapper.py"         -reducer "python reducer.py"         -input hdfs:///user/etudiant/crypto/raw/YYYY=2025/MM=01/DD=01/yfinance_raw.json         -output hdfs:///user/etudiant/crypto/processed/YYYY=2025/MM=01/DD=01\'\n        ']
[2025-02-26T20:31:10.299+0000] {subprocess.py:86} INFO - Output:
[2025-02-26T20:31:27.888+0000] {subprocess.py:93} INFO - rm: `hdfs:///user/etudiant/crypto/processed/YYYY=2025/MM=01/DD=01': No such file or directory
[2025-02-26T20:31:48.347+0000] {subprocess.py:93} INFO - 2025-02-26 20:31:48,338 INFO impl.MetricsConfig: Loaded properties from hadoop-metrics2.properties
[2025-02-26T20:31:49.148+0000] {subprocess.py:93} INFO - 2025-02-26 20:31:49,130 INFO impl.MetricsSystemImpl: Scheduled Metric snapshot period at 10 second(s).
[2025-02-26T20:31:49.168+0000] {subprocess.py:93} INFO - 2025-02-26 20:31:49,130 INFO impl.MetricsSystemImpl: JobTracker metrics system started
[2025-02-26T20:31:49.327+0000] {subprocess.py:93} INFO - 2025-02-26 20:31:49,325 WARN impl.MetricsSystemImpl: JobTracker metrics system already initialized!
[2025-02-26T20:31:53.937+0000] {subprocess.py:93} INFO - 2025-02-26 20:31:53,935 INFO mapred.FileInputFormat: Total input files to process : 1
[2025-02-26T20:31:54.462+0000] {subprocess.py:93} INFO - 2025-02-26 20:31:54,448 INFO mapreduce.JobSubmitter: number of splits:1
[2025-02-26T20:31:56.742+0000] {subprocess.py:93} INFO - 2025-02-26 20:31:56,723 INFO mapreduce.JobSubmitter: Submitting tokens for job: job_local589812504_0001
[2025-02-26T20:31:56.758+0000] {subprocess.py:93} INFO - 2025-02-26 20:31:56,723 INFO mapreduce.JobSubmitter: Executing with tokens: []
[2025-02-26T20:32:00.478+0000] {subprocess.py:93} INFO - 2025-02-26 20:32:00,470 INFO mapred.LocalDistributedCacheManager: Localized file:/tmp/mapper.py as file:/tmp/hadoop-root/mapred/local/job_local589812504_0001_e29d2821-c35a-4400-935c-5df6c3580e5c/mapper.py
[2025-02-26T20:32:00.923+0000] {subprocess.py:93} INFO - 2025-02-26 20:32:00,917 INFO mapred.LocalDistributedCacheManager: Localized file:/tmp/reducer.py as file:/tmp/hadoop-root/mapred/local/job_local589812504_0001_dfa885f1-04e7-4f61-adfe-7ddabd875f2d/reducer.py
[2025-02-26T20:32:02.041+0000] {subprocess.py:93} INFO - 2025-02-26 20:32:02,039 INFO mapreduce.Job: The url to track the job: http://localhost:8080/
[2025-02-26T20:32:02.045+0000] {subprocess.py:93} INFO - 2025-02-26 20:32:02,043 INFO mapreduce.Job: Running job: job_local589812504_0001
[2025-02-26T20:32:02.090+0000] {subprocess.py:93} INFO - 2025-02-26 20:32:02,079 INFO mapred.LocalJobRunner: OutputCommitter set in config null
[2025-02-26T20:32:02.112+0000] {subprocess.py:93} INFO - 2025-02-26 20:32:02,109 INFO mapred.LocalJobRunner: OutputCommitter is org.apache.hadoop.mapred.FileOutputCommitter
[2025-02-26T20:32:02.183+0000] {subprocess.py:93} INFO - 2025-02-26 20:32:02,181 INFO output.FileOutputCommitter: File Output Committer Algorithm version is 2
[2025-02-26T20:32:02.184+0000] {subprocess.py:93} INFO - 2025-02-26 20:32:02,182 INFO output.FileOutputCommitter: FileOutputCommitter skip cleanup _temporary folders under output directory:false, ignore cleanup failures: false
[2025-02-26T20:32:02.768+0000] {subprocess.py:93} INFO - 2025-02-26 20:32:02,766 INFO mapred.LocalJobRunner: Waiting for map tasks
[2025-02-26T20:32:02.884+0000] {subprocess.py:93} INFO - 2025-02-26 20:32:02,867 INFO mapred.LocalJobRunner: Starting task: attempt_local589812504_0001_m_000000_0
[2025-02-26T20:32:03.061+0000] {subprocess.py:93} INFO - 2025-02-26 20:32:03,056 INFO mapreduce.Job: Job job_local589812504_0001 running in uber mode : false
[2025-02-26T20:32:03.062+0000] {subprocess.py:93} INFO - 2025-02-26 20:32:03,058 INFO mapreduce.Job:  map 0% reduce 0%
[2025-02-26T20:32:13.263+0000] {subprocess.py:93} INFO - 2025-02-26 20:32:03,504 INFO output.FileOutputCommitter: File Output Committer Algorithm version is 2
[2025-02-26T20:32:13.270+0000] {subprocess.py:93} INFO - 2025-02-26 20:32:03,537 INFO output.FileOutputCommitter: FileOutputCommitter skip cleanup _temporary folders under output directory:false, ignore cleanup failures: false
[2025-02-26T20:32:14.041+0000] {subprocess.py:97} INFO - Command exited with return code 137
[2025-02-26T20:32:14.162+0000] {taskinstance.py:1943} ERROR - Task failed with exception
Traceback (most recent call last):
  File "/home/airflow/.local/lib/python3.8/site-packages/airflow/operators/bash.py", line 210, in execute
    raise AirflowException(
airflow.exceptions.AirflowException: Bash command failed. The command returned a non-zero exit code 137.
[2025-02-26T20:32:14.357+0000] {taskinstance.py:1400} INFO - Marking task as UP_FOR_RETRY. dag_id=yfinance_ingestion_dag, task_id=run_mapreduce, execution_date=20250101T000000, start_date=20250226T203109, end_date=20250226T203214
[2025-02-26T20:32:15.393+0000] {standard_task_runner.py:104} ERROR - Failed to execute job 185 for task run_mapreduce (Bash command failed. The command returned a non-zero exit code 137.; 2030)
[2025-02-26T20:32:15.818+0000] {local_task_job_runner.py:228} INFO - Task exited with return code 1
[2025-02-26T20:32:16.819+0000] {taskinstance.py:2784} INFO - 0 downstream tasks scheduled from follow-on schedule check
[2025-02-26T20:40:12.607+0000] {taskinstance.py:1159} INFO - Dependencies all met for dep_context=non-requeueable deps ti=<TaskInstance: yfinance_ingestion_dag.run_mapreduce scheduled__2025-01-01T00:00:00+00:00 [queued]>
[2025-02-26T20:40:12.642+0000] {taskinstance.py:1159} INFO - Dependencies all met for dep_context=requeueable deps ti=<TaskInstance: yfinance_ingestion_dag.run_mapreduce scheduled__2025-01-01T00:00:00+00:00 [queued]>
[2025-02-26T20:40:12.664+0000] {taskinstance.py:1361} INFO - Starting attempt 1 of 2
[2025-02-26T20:40:12.755+0000] {taskinstance.py:1382} INFO - Executing <Task(BashOperator): run_mapreduce> on 2025-01-01 00:00:00+00:00
[2025-02-26T20:40:12.786+0000] {standard_task_runner.py:57} INFO - Started process 1234 to run task
[2025-02-26T20:40:12.802+0000] {standard_task_runner.py:84} INFO - Running: ['***', 'tasks', 'run', 'yfinance_ingestion_dag', 'run_mapreduce', 'scheduled__2025-01-01T00:00:00+00:00', '--job-id', '290', '--raw', '--subdir', 'DAGS_FOLDER/pipeline.py', '--cfg-path', '/tmp/tmp_kacg9tu']
[2025-02-26T20:40:12.824+0000] {standard_task_runner.py:85} INFO - Job 290: Subtask run_mapreduce
[2025-02-26T20:40:13.040+0000] {task_command.py:415} INFO - Running <TaskInstance: yfinance_ingestion_dag.run_mapreduce scheduled__2025-01-01T00:00:00+00:00 [running]> on host 3c0faf52b292
[2025-02-26T20:40:13.540+0000] {taskinstance.py:1660} INFO - Exporting env vars: AIRFLOW_CTX_DAG_OWNER='etudiant' AIRFLOW_CTX_DAG_ID='yfinance_ingestion_dag' AIRFLOW_CTX_TASK_ID='run_mapreduce' AIRFLOW_CTX_EXECUTION_DATE='2025-01-01T00:00:00+00:00' AIRFLOW_CTX_TRY_NUMBER='1' AIRFLOW_CTX_DAG_RUN_ID='scheduled__2025-01-01T00:00:00+00:00'
[2025-02-26T20:40:13.543+0000] {subprocess.py:63} INFO - Tmp dir root location: /tmp
[2025-02-26T20:40:13.547+0000] {subprocess.py:75} INFO - Running command: ['/bin/bash', '-c', '\n        docker exec -i -u root namenode bash -c \'         cd /tmp &&         cp /mnt/hadoop_data/mapreduce/mapper.py . &&         cp /mnt/hadoop_data/mapreduce/reducer.py . &&         chmod +x mapper.py reducer.py &&         hdfs dfs -rm -r hdfs:///user/etudiant/crypto/processed/YYYY=2025/MM=01/DD=01 || true &&         hadoop jar /opt/hadoop-3.2.1/share/hadoop/tools/lib/hadoop-streaming-3.2.1.jar         -files mapper.py,reducer.py         -mapper "python mapper.py"         -reducer "python reducer.py"         -input hdfs:///user/etudiant/crypto/raw/YYYY=2025/MM=01/DD=01/yfinance_raw.json         -output hdfs:///user/etudiant/crypto/processed/YYYY=2025/MM=01/DD=01\'\n        ']
[2025-02-26T20:40:13.615+0000] {subprocess.py:86} INFO - Output:
[2025-02-26T20:40:31.550+0000] {subprocess.py:93} INFO - rm: Call From c068416616c3/172.18.0.4 to namenode:9000 failed on connection exception: java.net.ConnectException: Connection refused; For more details see:  http://wiki.apache.org/hadoop/ConnectionRefused
[2025-02-26T20:40:52.166+0000] {subprocess.py:93} INFO - 2025-02-26 20:40:52,135 INFO impl.MetricsConfig: Loaded properties from hadoop-metrics2.properties
[2025-02-26T20:40:53.316+0000] {subprocess.py:93} INFO - 2025-02-26 20:40:53,304 INFO impl.MetricsSystemImpl: Scheduled Metric snapshot period at 10 second(s).
[2025-02-26T20:40:53.317+0000] {subprocess.py:93} INFO - 2025-02-26 20:40:53,305 INFO impl.MetricsSystemImpl: JobTracker metrics system started
[2025-02-26T20:40:53.554+0000] {subprocess.py:93} INFO - 2025-02-26 20:40:53,551 WARN impl.MetricsSystemImpl: JobTracker metrics system already initialized!
[2025-02-26T20:40:54.817+0000] {subprocess.py:93} INFO - 2025-02-26 20:40:54,813 ERROR streaming.StreamJob: Error Launching job : Output directory hdfs://namenode:9000/user/etudiant/crypto/processed/YYYY=2025/MM=01/DD=01 already exists
[2025-02-26T20:40:54.819+0000] {subprocess.py:93} INFO - Streaming Command Failed!
[2025-02-26T20:40:55.503+0000] {subprocess.py:97} INFO - Command exited with return code 5
[2025-02-26T20:40:55.533+0000] {taskinstance.py:1943} ERROR - Task failed with exception
Traceback (most recent call last):
  File "/home/airflow/.local/lib/python3.8/site-packages/airflow/operators/bash.py", line 210, in execute
    raise AirflowException(
airflow.exceptions.AirflowException: Bash command failed. The command returned a non-zero exit code 5.
[2025-02-26T20:40:55.554+0000] {taskinstance.py:1400} INFO - Marking task as UP_FOR_RETRY. dag_id=yfinance_ingestion_dag, task_id=run_mapreduce, execution_date=20250101T000000, start_date=20250226T204012, end_date=20250226T204055
[2025-02-26T20:40:55.725+0000] {standard_task_runner.py:104} ERROR - Failed to execute job 290 for task run_mapreduce (Bash command failed. The command returned a non-zero exit code 5.; 1234)
[2025-02-26T20:40:55.802+0000] {local_task_job_runner.py:228} INFO - Task exited with return code 1
[2025-02-26T20:40:56.141+0000] {taskinstance.py:2784} INFO - 0 downstream tasks scheduled from follow-on schedule check
