[2025-02-26T20:39:22.040+0000] {taskinstance.py:1159} INFO - Dependencies all met for dep_context=non-requeueable deps ti=<TaskInstance: yfinance_ingestion_dag.run_mapreduce scheduled__2025-01-20T00:00:00+00:00 [queued]>
[2025-02-26T20:39:22.098+0000] {taskinstance.py:1159} INFO - Dependencies all met for dep_context=requeueable deps ti=<TaskInstance: yfinance_ingestion_dag.run_mapreduce scheduled__2025-01-20T00:00:00+00:00 [queued]>
[2025-02-26T20:39:22.099+0000] {taskinstance.py:1361} INFO - Starting attempt 1 of 2
[2025-02-26T20:39:22.236+0000] {taskinstance.py:1382} INFO - Executing <Task(BashOperator): run_mapreduce> on 2025-01-20 00:00:00+00:00
[2025-02-26T20:39:22.266+0000] {standard_task_runner.py:57} INFO - Started process 855 to run task
[2025-02-26T20:39:22.299+0000] {standard_task_runner.py:84} INFO - Running: ['***', 'tasks', 'run', 'yfinance_ingestion_dag', 'run_mapreduce', 'scheduled__2025-01-20T00:00:00+00:00', '--job-id', '255', '--raw', '--subdir', 'DAGS_FOLDER/pipeline.py', '--cfg-path', '/tmp/tmpmr2812qq']
[2025-02-26T20:39:22.316+0000] {standard_task_runner.py:85} INFO - Job 255: Subtask run_mapreduce
[2025-02-26T20:39:22.626+0000] {task_command.py:415} INFO - Running <TaskInstance: yfinance_ingestion_dag.run_mapreduce scheduled__2025-01-20T00:00:00+00:00 [running]> on host 3c0faf52b292
[2025-02-26T20:39:23.019+0000] {taskinstance.py:1660} INFO - Exporting env vars: AIRFLOW_CTX_DAG_OWNER='etudiant' AIRFLOW_CTX_DAG_ID='yfinance_ingestion_dag' AIRFLOW_CTX_TASK_ID='run_mapreduce' AIRFLOW_CTX_EXECUTION_DATE='2025-01-20T00:00:00+00:00' AIRFLOW_CTX_TRY_NUMBER='1' AIRFLOW_CTX_DAG_RUN_ID='scheduled__2025-01-20T00:00:00+00:00'
[2025-02-26T20:39:23.035+0000] {subprocess.py:63} INFO - Tmp dir root location: /tmp
[2025-02-26T20:39:23.050+0000] {subprocess.py:75} INFO - Running command: ['/bin/bash', '-c', '\n        docker exec -i -u root namenode bash -c \'         cd /tmp &&         cp /mnt/hadoop_data/mapreduce/mapper.py . &&         cp /mnt/hadoop_data/mapreduce/reducer.py . &&         chmod +x mapper.py reducer.py &&         hdfs dfs -rm -r hdfs:///user/etudiant/crypto/processed/YYYY=2025/MM=01/DD=20 || true &&         hadoop jar /opt/hadoop-3.2.1/share/hadoop/tools/lib/hadoop-streaming-3.2.1.jar         -files mapper.py,reducer.py         -mapper "python mapper.py"         -reducer "python reducer.py"         -input hdfs:///user/etudiant/crypto/raw/YYYY=2025/MM=01/DD=20/yfinance_raw.json         -output hdfs:///user/etudiant/crypto/processed/YYYY=2025/MM=01/DD=20\'\n        ']
[2025-02-26T20:39:23.200+0000] {subprocess.py:86} INFO - Output:
[2025-02-26T20:39:23.447+0000] {subprocess.py:93} INFO - Error response from daemon: container c068416616c3addcfecdcedaa4e27c1031cda688b8569312fe1d8d0a7228e11e is not running
[2025-02-26T20:39:23.456+0000] {subprocess.py:97} INFO - Command exited with return code 1
[2025-02-26T20:39:23.496+0000] {taskinstance.py:1943} ERROR - Task failed with exception
Traceback (most recent call last):
  File "/home/airflow/.local/lib/python3.8/site-packages/airflow/operators/bash.py", line 210, in execute
    raise AirflowException(
airflow.exceptions.AirflowException: Bash command failed. The command returned a non-zero exit code 1.
[2025-02-26T20:39:23.522+0000] {taskinstance.py:1400} INFO - Marking task as UP_FOR_RETRY. dag_id=yfinance_ingestion_dag, task_id=run_mapreduce, execution_date=20250120T000000, start_date=20250226T203922, end_date=20250226T203923
[2025-02-26T20:39:23.612+0000] {standard_task_runner.py:104} ERROR - Failed to execute job 255 for task run_mapreduce (Bash command failed. The command returned a non-zero exit code 1.; 855)
[2025-02-26T20:39:23.648+0000] {local_task_job_runner.py:228} INFO - Task exited with return code 1
[2025-02-26T20:39:23.729+0000] {taskinstance.py:2784} INFO - 0 downstream tasks scheduled from follow-on schedule check
[2025-02-26T20:42:05.979+0000] {taskinstance.py:1159} INFO - Dependencies all met for dep_context=non-requeueable deps ti=<TaskInstance: yfinance_ingestion_dag.run_mapreduce scheduled__2025-01-20T00:00:00+00:00 [queued]>
[2025-02-26T20:42:06.005+0000] {taskinstance.py:1159} INFO - Dependencies all met for dep_context=requeueable deps ti=<TaskInstance: yfinance_ingestion_dag.run_mapreduce scheduled__2025-01-20T00:00:00+00:00 [queued]>
[2025-02-26T20:42:06.006+0000] {taskinstance.py:1361} INFO - Starting attempt 1 of 2
[2025-02-26T20:42:06.366+0000] {taskinstance.py:1382} INFO - Executing <Task(BashOperator): run_mapreduce> on 2025-01-20 00:00:00+00:00
[2025-02-26T20:42:06.381+0000] {standard_task_runner.py:57} INFO - Started process 1759 to run task
[2025-02-26T20:42:06.386+0000] {standard_task_runner.py:84} INFO - Running: ['***', 'tasks', 'run', 'yfinance_ingestion_dag', 'run_mapreduce', 'scheduled__2025-01-20T00:00:00+00:00', '--job-id', '321', '--raw', '--subdir', 'DAGS_FOLDER/pipeline.py', '--cfg-path', '/tmp/tmpkayqp1b8']
[2025-02-26T20:42:06.390+0000] {standard_task_runner.py:85} INFO - Job 321: Subtask run_mapreduce
[2025-02-26T20:42:06.477+0000] {task_command.py:415} INFO - Running <TaskInstance: yfinance_ingestion_dag.run_mapreduce scheduled__2025-01-20T00:00:00+00:00 [running]> on host 3c0faf52b292
[2025-02-26T20:42:06.698+0000] {taskinstance.py:1660} INFO - Exporting env vars: AIRFLOW_CTX_DAG_OWNER='etudiant' AIRFLOW_CTX_DAG_ID='yfinance_ingestion_dag' AIRFLOW_CTX_TASK_ID='run_mapreduce' AIRFLOW_CTX_EXECUTION_DATE='2025-01-20T00:00:00+00:00' AIRFLOW_CTX_TRY_NUMBER='1' AIRFLOW_CTX_DAG_RUN_ID='scheduled__2025-01-20T00:00:00+00:00'
[2025-02-26T20:42:06.702+0000] {subprocess.py:63} INFO - Tmp dir root location: /tmp
[2025-02-26T20:42:06.706+0000] {subprocess.py:75} INFO - Running command: ['/bin/bash', '-c', '\n        docker exec -i -u root namenode bash -c \'         cd /tmp &&         cp /mnt/hadoop_data/mapreduce/mapper.py . &&         cp /mnt/hadoop_data/mapreduce/reducer.py . &&         chmod +x mapper.py reducer.py &&         hdfs dfs -rm -r hdfs:///user/etudiant/crypto/processed/YYYY=2025/MM=01/DD=20 || true &&         hadoop jar /opt/hadoop-3.2.1/share/hadoop/tools/lib/hadoop-streaming-3.2.1.jar         -files mapper.py,reducer.py         -mapper "python mapper.py"         -reducer "python reducer.py"         -input hdfs:///user/etudiant/crypto/raw/YYYY=2025/MM=01/DD=20/yfinance_raw.json         -output hdfs:///user/etudiant/crypto/processed/YYYY=2025/MM=01/DD=20\'\n        ']
[2025-02-26T20:42:06.733+0000] {subprocess.py:86} INFO - Output:
[2025-02-26T20:42:08.951+0000] {subprocess.py:93} INFO - rm: `hdfs:///user/etudiant/crypto/processed/YYYY=2025/MM=01/DD=20': No such file or directory
[2025-02-26T20:42:12.563+0000] {subprocess.py:93} INFO - 2025-02-26 20:42:12,560 INFO impl.MetricsConfig: Loaded properties from hadoop-metrics2.properties
[2025-02-26T20:42:12.734+0000] {subprocess.py:93} INFO - 2025-02-26 20:42:12,706 INFO impl.MetricsSystemImpl: Scheduled Metric snapshot period at 10 second(s).
[2025-02-26T20:42:12.738+0000] {subprocess.py:93} INFO - 2025-02-26 20:42:12,706 INFO impl.MetricsSystemImpl: JobTracker metrics system started
[2025-02-26T20:42:12.775+0000] {subprocess.py:93} INFO - 2025-02-26 20:42:12,773 WARN impl.MetricsSystemImpl: JobTracker metrics system already initialized!
[2025-02-26T20:42:13.482+0000] {subprocess.py:93} INFO - 2025-02-26 20:42:13,480 INFO mapred.FileInputFormat: Total input files to process : 1
[2025-02-26T20:42:13.557+0000] {subprocess.py:93} INFO - 2025-02-26 20:42:13,555 INFO mapreduce.JobSubmitter: number of splits:1
[2025-02-26T20:42:13.802+0000] {subprocess.py:93} INFO - 2025-02-26 20:42:13,801 INFO mapreduce.JobSubmitter: Submitting tokens for job: job_local582593136_0001
[2025-02-26T20:42:13.804+0000] {subprocess.py:93} INFO - 2025-02-26 20:42:13,801 INFO mapreduce.JobSubmitter: Executing with tokens: []
[2025-02-26T20:42:14.352+0000] {subprocess.py:93} INFO - 2025-02-26 20:42:14,350 INFO mapred.LocalDistributedCacheManager: Localized file:/tmp/mapper.py as file:/tmp/hadoop-root/mapred/local/job_local582593136_0001_22479221-9087-489b-9b32-ebd0a5e8b6a0/mapper.py
[2025-02-26T20:42:14.397+0000] {subprocess.py:93} INFO - 2025-02-26 20:42:14,391 INFO mapred.LocalDistributedCacheManager: Localized file:/tmp/reducer.py as file:/tmp/hadoop-root/mapred/local/job_local582593136_0001_d20e7e3d-4302-497c-8202-ab57121173bd/reducer.py
[2025-02-26T20:42:14.504+0000] {subprocess.py:93} INFO - 2025-02-26 20:42:14,502 INFO mapreduce.Job: The url to track the job: http://localhost:8080/
[2025-02-26T20:42:14.507+0000] {subprocess.py:93} INFO - 2025-02-26 20:42:14,505 INFO mapred.LocalJobRunner: OutputCommitter set in config null
[2025-02-26T20:42:14.512+0000] {subprocess.py:93} INFO - 2025-02-26 20:42:14,505 INFO mapreduce.Job: Running job: job_local582593136_0001
[2025-02-26T20:42:14.513+0000] {subprocess.py:93} INFO - 2025-02-26 20:42:14,508 INFO mapred.LocalJobRunner: OutputCommitter is org.apache.hadoop.mapred.FileOutputCommitter
[2025-02-26T20:42:14.524+0000] {subprocess.py:93} INFO - 2025-02-26 20:42:14,522 INFO output.FileOutputCommitter: File Output Committer Algorithm version is 2
[2025-02-26T20:42:14.525+0000] {subprocess.py:93} INFO - 2025-02-26 20:42:14,522 INFO output.FileOutputCommitter: FileOutputCommitter skip cleanup _temporary folders under output directory:false, ignore cleanup failures: false
[2025-02-26T20:42:14.644+0000] {subprocess.py:93} INFO - 2025-02-26 20:42:14,633 INFO mapred.LocalJobRunner: Waiting for map tasks
[2025-02-26T20:42:14.647+0000] {subprocess.py:93} INFO - 2025-02-26 20:42:14,639 INFO mapred.LocalJobRunner: Starting task: attempt_local582593136_0001_m_000000_0
[2025-02-26T20:42:14.729+0000] {subprocess.py:93} INFO - 2025-02-26 20:42:14,726 INFO output.FileOutputCommitter: File Output Committer Algorithm version is 2
[2025-02-26T20:42:14.736+0000] {subprocess.py:93} INFO - 2025-02-26 20:42:14,727 INFO output.FileOutputCommitter: FileOutputCommitter skip cleanup _temporary folders under output directory:false, ignore cleanup failures: false
[2025-02-26T20:42:14.764+0000] {subprocess.py:93} INFO - 2025-02-26 20:42:14,762 INFO mapred.Task:  Using ResourceCalculatorProcessTree : [ ]
[2025-02-26T20:42:14.786+0000] {subprocess.py:93} INFO - 2025-02-26 20:42:14,779 INFO mapred.MapTask: Processing split: hdfs://namenode:9000/user/etudiant/crypto/raw/YYYY=2025/MM=01/DD=20/yfinance_raw.json:0+19761
[2025-02-26T20:42:14.831+0000] {subprocess.py:93} INFO - 2025-02-26 20:42:14,829 INFO mapred.MapTask: numReduceTasks: 1
[2025-02-26T20:42:14.956+0000] {subprocess.py:93} INFO - 2025-02-26 20:42:14,940 INFO mapred.MapTask: (EQUATOR) 0 kvi 26214396(104857584)
[2025-02-26T20:42:14.957+0000] {subprocess.py:93} INFO - 2025-02-26 20:42:14,940 INFO mapred.MapTask: mapreduce.task.io.sort.mb: 100
[2025-02-26T20:42:14.958+0000] {subprocess.py:93} INFO - 2025-02-26 20:42:14,940 INFO mapred.MapTask: soft limit at 83886080
[2025-02-26T20:42:14.959+0000] {subprocess.py:93} INFO - 2025-02-26 20:42:14,940 INFO mapred.MapTask: bufstart = 0; bufvoid = 104857600
[2025-02-26T20:42:14.959+0000] {subprocess.py:93} INFO - 2025-02-26 20:42:14,940 INFO mapred.MapTask: kvstart = 26214396; length = 6553600
[2025-02-26T20:42:14.967+0000] {subprocess.py:93} INFO - 2025-02-26 20:42:14,960 INFO mapred.MapTask: Map output collector class = org.apache.hadoop.mapred.MapTask$MapOutputBuffer
[2025-02-26T20:42:15.009+0000] {subprocess.py:93} INFO - 2025-02-26 20:42:15,001 INFO streaming.PipeMapRed: PipeMapRed exec [/usr/bin/python, mapper.py]
[2025-02-26T20:42:15.018+0000] {subprocess.py:93} INFO - 2025-02-26 20:42:15,012 INFO Configuration.deprecation: mapred.work.output.dir is deprecated. Instead, use mapreduce.task.output.dir
[2025-02-26T20:42:15.023+0000] {subprocess.py:93} INFO - 2025-02-26 20:42:15,014 INFO Configuration.deprecation: map.input.start is deprecated. Instead, use mapreduce.map.input.start
[2025-02-26T20:42:15.025+0000] {subprocess.py:93} INFO - 2025-02-26 20:42:15,015 INFO Configuration.deprecation: mapred.task.is.map is deprecated. Instead, use mapreduce.task.ismap
[2025-02-26T20:42:15.033+0000] {subprocess.py:93} INFO - 2025-02-26 20:42:15,020 INFO Configuration.deprecation: mapred.task.id is deprecated. Instead, use mapreduce.task.attempt.id
[2025-02-26T20:42:15.041+0000] {subprocess.py:93} INFO - 2025-02-26 20:42:15,021 INFO Configuration.deprecation: mapred.tip.id is deprecated. Instead, use mapreduce.task.id
[2025-02-26T20:42:15.052+0000] {subprocess.py:93} INFO - 2025-02-26 20:42:15,021 INFO Configuration.deprecation: mapred.local.dir is deprecated. Instead, use mapreduce.cluster.local.dir
[2025-02-26T20:42:15.053+0000] {subprocess.py:93} INFO - 2025-02-26 20:42:15,022 INFO Configuration.deprecation: map.input.file is deprecated. Instead, use mapreduce.map.input.file
[2025-02-26T20:42:15.054+0000] {subprocess.py:93} INFO - 2025-02-26 20:42:15,022 INFO Configuration.deprecation: mapred.skip.on is deprecated. Instead, use mapreduce.job.skiprecords
[2025-02-26T20:42:15.055+0000] {subprocess.py:93} INFO - 2025-02-26 20:42:15,022 INFO Configuration.deprecation: map.input.length is deprecated. Instead, use mapreduce.map.input.length
[2025-02-26T20:42:15.056+0000] {subprocess.py:93} INFO - 2025-02-26 20:42:15,023 INFO Configuration.deprecation: mapred.job.id is deprecated. Instead, use mapreduce.job.id
[2025-02-26T20:42:15.059+0000] {subprocess.py:93} INFO - 2025-02-26 20:42:15,023 INFO Configuration.deprecation: user.name is deprecated. Instead, use mapreduce.job.user.name
[2025-02-26T20:42:15.067+0000] {subprocess.py:93} INFO - 2025-02-26 20:42:15,024 INFO Configuration.deprecation: mapred.task.partition is deprecated. Instead, use mapreduce.task.partition
[2025-02-26T20:42:15.147+0000] {subprocess.py:93} INFO - 2025-02-26 20:42:15,137 INFO sasl.SaslDataTransferClient: SASL encryption trust check: localHostTrusted = false, remoteHostTrusted = false
[2025-02-26T20:42:15.300+0000] {subprocess.py:93} INFO - 2025-02-26 20:42:15,298 INFO streaming.PipeMapRed: R/W/S=1/0/0 in:NA [rec/s] out:NA [rec/s]
[2025-02-26T20:42:15.302+0000] {subprocess.py:93} INFO - 2025-02-26 20:42:15,298 INFO streaming.PipeMapRed: R/W/S=10/0/0 in:NA [rec/s] out:NA [rec/s]
[2025-02-26T20:42:15.305+0000] {subprocess.py:93} INFO - 2025-02-26 20:42:15,301 INFO streaming.PipeMapRed: R/W/S=100/0/0 in:NA [rec/s] out:NA [rec/s]
[2025-02-26T20:42:15.336+0000] {subprocess.py:93} INFO - 2025-02-26 20:42:15,333 INFO streaming.PipeMapRed: MRErrorThread done
[2025-02-26T20:42:15.337+0000] {subprocess.py:93} INFO - 2025-02-26 20:42:15,334 INFO streaming.PipeMapRed: mapRedFinished
[2025-02-26T20:42:15.341+0000] {subprocess.py:93} INFO - 2025-02-26 20:42:15,339 INFO mapred.LocalJobRunner:
[2025-02-26T20:42:15.343+0000] {subprocess.py:93} INFO - 2025-02-26 20:42:15,340 INFO mapred.MapTask: Starting flush of map output
[2025-02-26T20:42:15.375+0000] {subprocess.py:93} INFO - 2025-02-26 20:42:15,373 INFO mapred.Task: Task:attempt_local582593136_0001_m_000000_0 is done. And is in the process of committing
[2025-02-26T20:42:15.386+0000] {subprocess.py:93} INFO - 2025-02-26 20:42:15,385 INFO mapred.LocalJobRunner: hdfs://namenode:9000/user/etudiant/crypto/raw/YYYY=2025/MM=01/DD=20/yfinance_raw.json:0+19761
[2025-02-26T20:42:15.387+0000] {subprocess.py:93} INFO - 2025-02-26 20:42:15,385 INFO mapred.Task: Task 'attempt_local582593136_0001_m_000000_0' done.
[2025-02-26T20:42:15.401+0000] {subprocess.py:93} INFO - 2025-02-26 20:42:15,399 INFO mapred.Task: Final Counters for attempt_local582593136_0001_m_000000_0: Counters: 23
[2025-02-26T20:42:15.403+0000] {subprocess.py:93} INFO - 	File System Counters
[2025-02-26T20:42:15.404+0000] {subprocess.py:93} INFO - 		FILE: Number of bytes read=180665
[2025-02-26T20:42:15.404+0000] {subprocess.py:93} INFO - 		FILE: Number of bytes written=709713
[2025-02-26T20:42:15.405+0000] {subprocess.py:93} INFO - 		FILE: Number of read operations=0
[2025-02-26T20:42:15.406+0000] {subprocess.py:93} INFO - 		FILE: Number of large read operations=0
[2025-02-26T20:42:15.407+0000] {subprocess.py:93} INFO - 		FILE: Number of write operations=0
[2025-02-26T20:42:15.408+0000] {subprocess.py:93} INFO - 		HDFS: Number of bytes read=19761
[2025-02-26T20:42:15.409+0000] {subprocess.py:93} INFO - 		HDFS: Number of bytes written=0
[2025-02-26T20:42:15.410+0000] {subprocess.py:93} INFO - 		HDFS: Number of read operations=5
[2025-02-26T20:42:15.410+0000] {subprocess.py:93} INFO - 		HDFS: Number of large read operations=0
[2025-02-26T20:42:15.411+0000] {subprocess.py:93} INFO - 		HDFS: Number of write operations=1
[2025-02-26T20:42:15.412+0000] {subprocess.py:93} INFO - 		HDFS: Number of bytes read erasure-coded=0
[2025-02-26T20:42:15.413+0000] {subprocess.py:93} INFO - 	Map-Reduce Framework
[2025-02-26T20:42:15.414+0000] {subprocess.py:93} INFO - 		Map input records=677
[2025-02-26T20:42:15.415+0000] {subprocess.py:93} INFO - 		Map output records=0
[2025-02-26T20:42:15.416+0000] {subprocess.py:93} INFO - 		Map output bytes=0
[2025-02-26T20:42:15.417+0000] {subprocess.py:93} INFO - 		Map output materialized bytes=6
[2025-02-26T20:42:15.421+0000] {subprocess.py:93} INFO - 		Input split bytes=137
[2025-02-26T20:42:15.422+0000] {subprocess.py:93} INFO - 		Combine input records=0
[2025-02-26T20:42:15.423+0000] {subprocess.py:93} INFO - 		Spilled Records=0
[2025-02-26T20:42:15.424+0000] {subprocess.py:93} INFO - 		Failed Shuffles=0
[2025-02-26T20:42:15.426+0000] {subprocess.py:93} INFO - 		Merged Map outputs=0
[2025-02-26T20:42:15.427+0000] {subprocess.py:93} INFO - 		GC time elapsed (ms)=0
[2025-02-26T20:42:15.437+0000] {subprocess.py:93} INFO - 		Total committed heap usage (bytes)=277872640
[2025-02-26T20:42:15.440+0000] {subprocess.py:93} INFO - 	File Input Format Counters
[2025-02-26T20:42:15.441+0000] {subprocess.py:93} INFO - 		Bytes Read=19761
[2025-02-26T20:42:15.442+0000] {subprocess.py:93} INFO - 2025-02-26 20:42:15,400 INFO mapred.LocalJobRunner: Finishing task: attempt_local582593136_0001_m_000000_0
[2025-02-26T20:42:15.445+0000] {subprocess.py:93} INFO - 2025-02-26 20:42:15,400 INFO mapred.LocalJobRunner: map task executor complete.
[2025-02-26T20:42:15.450+0000] {subprocess.py:93} INFO - 2025-02-26 20:42:15,405 INFO mapred.LocalJobRunner: Waiting for reduce tasks
[2025-02-26T20:42:15.454+0000] {subprocess.py:93} INFO - 2025-02-26 20:42:15,405 INFO mapred.LocalJobRunner: Starting task: attempt_local582593136_0001_r_000000_0
[2025-02-26T20:42:15.459+0000] {subprocess.py:93} INFO - 2025-02-26 20:42:15,440 INFO output.FileOutputCommitter: File Output Committer Algorithm version is 2
[2025-02-26T20:42:15.466+0000] {subprocess.py:93} INFO - 2025-02-26 20:42:15,440 INFO output.FileOutputCommitter: FileOutputCommitter skip cleanup _temporary folders under output directory:false, ignore cleanup failures: false
[2025-02-26T20:42:15.469+0000] {subprocess.py:93} INFO - 2025-02-26 20:42:15,441 INFO mapred.Task:  Using ResourceCalculatorProcessTree : [ ]
[2025-02-26T20:42:15.483+0000] {subprocess.py:93} INFO - 2025-02-26 20:42:15,479 INFO mapred.ReduceTask: Using ShuffleConsumerPlugin: org.apache.hadoop.mapreduce.task.reduce.Shuffle@18ce585b
[2025-02-26T20:42:15.486+0000] {subprocess.py:93} INFO - 2025-02-26 20:42:15,483 WARN impl.MetricsSystemImpl: JobTracker metrics system already initialized!
[2025-02-26T20:42:15.530+0000] {subprocess.py:93} INFO - 2025-02-26 20:42:15,527 INFO reduce.MergeManagerImpl: MergerManager: memoryLimit=668309888, maxSingleShuffleLimit=167077472, mergeThreshold=441084544, ioSortFactor=10, memToMemMergeOutputsThreshold=10
[2025-02-26T20:42:15.540+0000] {subprocess.py:93} INFO - 2025-02-26 20:42:15,536 INFO mapreduce.Job: Job job_local582593136_0001 running in uber mode : false
[2025-02-26T20:42:15.541+0000] {subprocess.py:93} INFO - 2025-02-26 20:42:15,537 INFO mapreduce.Job:  map 100% reduce 0%
[2025-02-26T20:42:15.543+0000] {subprocess.py:93} INFO - 2025-02-26 20:42:15,537 INFO reduce.EventFetcher: attempt_local582593136_0001_r_000000_0 Thread started: EventFetcher for fetching Map Completion Events
[2025-02-26T20:42:15.586+0000] {subprocess.py:93} INFO - 2025-02-26 20:42:15,584 INFO reduce.LocalFetcher: localfetcher#1 about to shuffle output of map attempt_local582593136_0001_m_000000_0 decomp: 2 len: 6 to MEMORY
[2025-02-26T20:42:15.591+0000] {subprocess.py:93} INFO - 2025-02-26 20:42:15,589 INFO reduce.InMemoryMapOutput: Read 2 bytes from map-output for attempt_local582593136_0001_m_000000_0
[2025-02-26T20:42:15.593+0000] {subprocess.py:93} INFO - 2025-02-26 20:42:15,591 INFO reduce.MergeManagerImpl: closeInMemoryFile -> map-output of size: 2, inMemoryMapOutputs.size() -> 1, commitMemory -> 0, usedMemory ->2
[2025-02-26T20:42:15.595+0000] {subprocess.py:93} INFO - 2025-02-26 20:42:15,593 INFO reduce.EventFetcher: EventFetcher is interrupted.. Returning
[2025-02-26T20:42:15.596+0000] {subprocess.py:93} INFO - 2025-02-26 20:42:15,594 INFO mapred.LocalJobRunner: 1 / 1 copied.
[2025-02-26T20:42:15.596+0000] {subprocess.py:93} INFO - 2025-02-26 20:42:15,595 INFO reduce.MergeManagerImpl: finalMerge called with 1 in-memory map-outputs and 0 on-disk map-outputs
[2025-02-26T20:42:15.612+0000] {subprocess.py:93} INFO - 2025-02-26 20:42:15,609 INFO mapred.Merger: Merging 1 sorted segments
[2025-02-26T20:42:15.613+0000] {subprocess.py:93} INFO - 2025-02-26 20:42:15,609 INFO mapred.Merger: Down to the last merge-pass, with 0 segments left of total size: 0 bytes
[2025-02-26T20:42:15.615+0000] {subprocess.py:93} INFO - 2025-02-26 20:42:15,611 INFO reduce.MergeManagerImpl: Merged 1 segments, 2 bytes to disk to satisfy reduce memory limit
[2025-02-26T20:42:15.616+0000] {subprocess.py:93} INFO - 2025-02-26 20:42:15,611 INFO reduce.MergeManagerImpl: Merging 1 files, 6 bytes from disk
[2025-02-26T20:42:15.616+0000] {subprocess.py:93} INFO - 2025-02-26 20:42:15,612 INFO reduce.MergeManagerImpl: Merging 0 segments, 0 bytes from memory into reduce
[2025-02-26T20:42:15.617+0000] {subprocess.py:93} INFO - 2025-02-26 20:42:15,612 INFO mapred.Merger: Merging 1 sorted segments
[2025-02-26T20:42:15.618+0000] {subprocess.py:93} INFO - 2025-02-26 20:42:15,614 INFO mapred.Merger: Down to the last merge-pass, with 0 segments left of total size: 0 bytes
[2025-02-26T20:42:15.620+0000] {subprocess.py:93} INFO - 2025-02-26 20:42:15,615 INFO mapred.LocalJobRunner: 1 / 1 copied.
[2025-02-26T20:42:15.633+0000] {subprocess.py:93} INFO - 2025-02-26 20:42:15,628 INFO streaming.PipeMapRed: PipeMapRed exec [/usr/bin/python, reducer.py]
[2025-02-26T20:42:15.641+0000] {subprocess.py:93} INFO - 2025-02-26 20:42:15,632 INFO Configuration.deprecation: mapred.job.tracker is deprecated. Instead, use mapreduce.jobtracker.address
[2025-02-26T20:42:15.642+0000] {subprocess.py:93} INFO - 2025-02-26 20:42:15,633 INFO Configuration.deprecation: mapred.map.tasks is deprecated. Instead, use mapreduce.job.maps
[2025-02-26T20:42:15.698+0000] {subprocess.py:93} INFO - 2025-02-26 20:42:15,696 INFO streaming.PipeMapRed: MRErrorThread done
[2025-02-26T20:42:15.699+0000] {subprocess.py:93} INFO - 2025-02-26 20:42:15,697 INFO streaming.PipeMapRed: mapRedFinished
[2025-02-26T20:42:15.711+0000] {subprocess.py:93} INFO - 2025-02-26 20:42:15,710 INFO mapred.Task: Task:attempt_local582593136_0001_r_000000_0 is done. And is in the process of committing
[2025-02-26T20:42:15.715+0000] {subprocess.py:93} INFO - 2025-02-26 20:42:15,714 INFO mapred.LocalJobRunner: 1 / 1 copied.
[2025-02-26T20:42:15.716+0000] {subprocess.py:93} INFO - 2025-02-26 20:42:15,714 INFO mapred.Task: Task attempt_local582593136_0001_r_000000_0 is allowed to commit now
[2025-02-26T20:42:15.742+0000] {subprocess.py:93} INFO - 2025-02-26 20:42:15,738 INFO output.FileOutputCommitter: Saved output of task 'attempt_local582593136_0001_r_000000_0' to hdfs://namenode:9000/user/etudiant/crypto/processed/YYYY=2025/MM=01/DD=20
[2025-02-26T20:42:15.743+0000] {subprocess.py:93} INFO - 2025-02-26 20:42:15,739 INFO mapred.LocalJobRunner: reduce > reduce
[2025-02-26T20:42:15.744+0000] {subprocess.py:93} INFO - 2025-02-26 20:42:15,740 INFO mapred.Task: Task 'attempt_local582593136_0001_r_000000_0' done.
[2025-02-26T20:42:15.745+0000] {subprocess.py:93} INFO - 2025-02-26 20:42:15,741 INFO mapred.Task: Final Counters for attempt_local582593136_0001_r_000000_0: Counters: 30
[2025-02-26T20:42:15.745+0000] {subprocess.py:93} INFO - 	File System Counters
[2025-02-26T20:42:15.745+0000] {subprocess.py:93} INFO - 		FILE: Number of bytes read=180709
[2025-02-26T20:42:15.746+0000] {subprocess.py:93} INFO - 		FILE: Number of bytes written=709719
[2025-02-26T20:42:15.746+0000] {subprocess.py:93} INFO - 		FILE: Number of read operations=0
[2025-02-26T20:42:15.747+0000] {subprocess.py:93} INFO - 		FILE: Number of large read operations=0
[2025-02-26T20:42:15.747+0000] {subprocess.py:93} INFO - 		FILE: Number of write operations=0
[2025-02-26T20:42:15.748+0000] {subprocess.py:93} INFO - 		HDFS: Number of bytes read=19761
[2025-02-26T20:42:15.748+0000] {subprocess.py:93} INFO - 		HDFS: Number of bytes written=0
[2025-02-26T20:42:15.749+0000] {subprocess.py:93} INFO - 		HDFS: Number of read operations=10
[2025-02-26T20:42:15.749+0000] {subprocess.py:93} INFO - 		HDFS: Number of large read operations=0
[2025-02-26T20:42:15.750+0000] {subprocess.py:93} INFO - 		HDFS: Number of write operations=3
[2025-02-26T20:42:15.750+0000] {subprocess.py:93} INFO - 		HDFS: Number of bytes read erasure-coded=0
[2025-02-26T20:42:15.751+0000] {subprocess.py:93} INFO - 	Map-Reduce Framework
[2025-02-26T20:42:15.751+0000] {subprocess.py:93} INFO - 		Combine input records=0
[2025-02-26T20:42:15.752+0000] {subprocess.py:93} INFO - 		Combine output records=0
[2025-02-26T20:42:15.752+0000] {subprocess.py:93} INFO - 		Reduce input groups=0
[2025-02-26T20:42:15.753+0000] {subprocess.py:93} INFO - 		Reduce shuffle bytes=6
[2025-02-26T20:42:15.753+0000] {subprocess.py:93} INFO - 		Reduce input records=0
[2025-02-26T20:42:15.753+0000] {subprocess.py:93} INFO - 		Reduce output records=0
[2025-02-26T20:42:15.754+0000] {subprocess.py:93} INFO - 		Spilled Records=0
[2025-02-26T20:42:15.754+0000] {subprocess.py:93} INFO - 		Shuffled Maps =1
[2025-02-26T20:42:15.755+0000] {subprocess.py:93} INFO - 		Failed Shuffles=0
[2025-02-26T20:42:15.758+0000] {subprocess.py:93} INFO - 		Merged Map outputs=1
[2025-02-26T20:42:15.759+0000] {subprocess.py:93} INFO - 		GC time elapsed (ms)=20
[2025-02-26T20:42:15.759+0000] {subprocess.py:93} INFO - 		Total committed heap usage (bytes)=278396928
[2025-02-26T20:42:15.760+0000] {subprocess.py:93} INFO - 	Shuffle Errors
[2025-02-26T20:42:15.760+0000] {subprocess.py:93} INFO - 		BAD_ID=0
[2025-02-26T20:42:15.761+0000] {subprocess.py:93} INFO - 		CONNECTION=0
[2025-02-26T20:42:15.761+0000] {subprocess.py:93} INFO - 		IO_ERROR=0
[2025-02-26T20:42:15.762+0000] {subprocess.py:93} INFO - 		WRONG_LENGTH=0
[2025-02-26T20:42:15.762+0000] {subprocess.py:93} INFO - 		WRONG_MAP=0
[2025-02-26T20:42:15.763+0000] {subprocess.py:93} INFO - 		WRONG_REDUCE=0
[2025-02-26T20:42:15.763+0000] {subprocess.py:93} INFO - 	File Output Format Counters
[2025-02-26T20:42:15.764+0000] {subprocess.py:93} INFO - 		Bytes Written=0
[2025-02-26T20:42:15.764+0000] {subprocess.py:93} INFO - 2025-02-26 20:42:15,741 INFO mapred.LocalJobRunner: Finishing task: attempt_local582593136_0001_r_000000_0
[2025-02-26T20:42:15.765+0000] {subprocess.py:93} INFO - 2025-02-26 20:42:15,742 INFO mapred.LocalJobRunner: reduce task executor complete.
[2025-02-26T20:42:16.553+0000] {subprocess.py:93} INFO - 2025-02-26 20:42:16,549 INFO mapreduce.Job:  map 100% reduce 100%
[2025-02-26T20:42:16.554+0000] {subprocess.py:93} INFO - 2025-02-26 20:42:16,550 INFO mapreduce.Job: Job job_local582593136_0001 completed successfully
[2025-02-26T20:42:16.569+0000] {subprocess.py:93} INFO - 2025-02-26 20:42:16,566 INFO mapreduce.Job: Counters: 36
[2025-02-26T20:42:16.570+0000] {subprocess.py:93} INFO - 	File System Counters
[2025-02-26T20:42:16.571+0000] {subprocess.py:93} INFO - 		FILE: Number of bytes read=361374
[2025-02-26T20:42:16.573+0000] {subprocess.py:93} INFO - 		FILE: Number of bytes written=1419432
[2025-02-26T20:42:16.574+0000] {subprocess.py:93} INFO - 		FILE: Number of read operations=0
[2025-02-26T20:42:16.575+0000] {subprocess.py:93} INFO - 		FILE: Number of large read operations=0
[2025-02-26T20:42:16.576+0000] {subprocess.py:93} INFO - 		FILE: Number of write operations=0
[2025-02-26T20:42:16.576+0000] {subprocess.py:93} INFO - 		HDFS: Number of bytes read=39522
[2025-02-26T20:42:16.577+0000] {subprocess.py:93} INFO - 		HDFS: Number of bytes written=0
[2025-02-26T20:42:16.577+0000] {subprocess.py:93} INFO - 		HDFS: Number of read operations=15
[2025-02-26T20:42:16.578+0000] {subprocess.py:93} INFO - 		HDFS: Number of large read operations=0
[2025-02-26T20:42:16.579+0000] {subprocess.py:93} INFO - 		HDFS: Number of write operations=4
[2025-02-26T20:42:16.579+0000] {subprocess.py:93} INFO - 		HDFS: Number of bytes read erasure-coded=0
[2025-02-26T20:42:16.580+0000] {subprocess.py:93} INFO - 	Map-Reduce Framework
[2025-02-26T20:42:16.581+0000] {subprocess.py:93} INFO - 		Map input records=677
[2025-02-26T20:42:16.581+0000] {subprocess.py:93} INFO - 		Map output records=0
[2025-02-26T20:42:16.582+0000] {subprocess.py:93} INFO - 		Map output bytes=0
[2025-02-26T20:42:16.583+0000] {subprocess.py:93} INFO - 		Map output materialized bytes=6
[2025-02-26T20:42:16.584+0000] {subprocess.py:93} INFO - 		Input split bytes=137
[2025-02-26T20:42:16.585+0000] {subprocess.py:93} INFO - 		Combine input records=0
[2025-02-26T20:42:16.586+0000] {subprocess.py:93} INFO - 		Combine output records=0
[2025-02-26T20:42:16.587+0000] {subprocess.py:93} INFO - 		Reduce input groups=0
[2025-02-26T20:42:16.588+0000] {subprocess.py:93} INFO - 		Reduce shuffle bytes=6
[2025-02-26T20:42:16.589+0000] {subprocess.py:93} INFO - 		Reduce input records=0
[2025-02-26T20:42:16.590+0000] {subprocess.py:93} INFO - 		Reduce output records=0
[2025-02-26T20:42:16.590+0000] {subprocess.py:93} INFO - 		Spilled Records=0
[2025-02-26T20:42:16.591+0000] {subprocess.py:93} INFO - 		Shuffled Maps =1
[2025-02-26T20:42:16.592+0000] {subprocess.py:93} INFO - 		Failed Shuffles=0
[2025-02-26T20:42:16.593+0000] {subprocess.py:93} INFO - 		Merged Map outputs=1
[2025-02-26T20:42:16.594+0000] {subprocess.py:93} INFO - 		GC time elapsed (ms)=20
[2025-02-26T20:42:16.595+0000] {subprocess.py:93} INFO - 		Total committed heap usage (bytes)=556269568
[2025-02-26T20:42:16.596+0000] {subprocess.py:93} INFO - 	Shuffle Errors
[2025-02-26T20:42:16.597+0000] {subprocess.py:93} INFO - 		BAD_ID=0
[2025-02-26T20:42:16.598+0000] {subprocess.py:93} INFO - 		CONNECTION=0
[2025-02-26T20:42:16.599+0000] {subprocess.py:93} INFO - 		IO_ERROR=0
[2025-02-26T20:42:16.600+0000] {subprocess.py:93} INFO - 		WRONG_LENGTH=0
[2025-02-26T20:42:16.602+0000] {subprocess.py:93} INFO - 		WRONG_MAP=0
[2025-02-26T20:42:16.603+0000] {subprocess.py:93} INFO - 		WRONG_REDUCE=0
[2025-02-26T20:42:16.604+0000] {subprocess.py:93} INFO - 	File Input Format Counters
[2025-02-26T20:42:16.605+0000] {subprocess.py:93} INFO - 		Bytes Read=19761
[2025-02-26T20:42:16.606+0000] {subprocess.py:93} INFO - 	File Output Format Counters
[2025-02-26T20:42:16.607+0000] {subprocess.py:93} INFO - 		Bytes Written=0
[2025-02-26T20:42:16.608+0000] {subprocess.py:93} INFO - 2025-02-26 20:42:16,566 INFO streaming.StreamJob: Output directory: hdfs:///user/etudiant/crypto/processed/YYYY=2025/MM=01/DD=20
[2025-02-26T20:42:17.079+0000] {subprocess.py:97} INFO - Command exited with return code 0
[2025-02-26T20:42:17.125+0000] {taskinstance.py:1400} INFO - Marking task as SUCCESS. dag_id=yfinance_ingestion_dag, task_id=run_mapreduce, execution_date=20250120T000000, start_date=20250226T204205, end_date=20250226T204217
[2025-02-26T20:42:17.364+0000] {local_task_job_runner.py:228} INFO - Task exited with return code 0
[2025-02-26T20:42:17.385+0000] {taskinstance.py:2784} INFO - 0 downstream tasks scheduled from follow-on schedule check
