[2025-02-25T09:48:30.908+0000] {taskinstance.py:1159} INFO - Dependencies all met for dep_context=non-requeueable deps ti=<TaskInstance: yfinance_ingestion_dag.fetch_data scheduled__2025-01-12T00:00:00+00:00 [queued]>
[2025-02-25T09:48:30.936+0000] {taskinstance.py:1159} INFO - Dependencies all met for dep_context=requeueable deps ti=<TaskInstance: yfinance_ingestion_dag.fetch_data scheduled__2025-01-12T00:00:00+00:00 [queued]>
[2025-02-25T09:48:30.943+0000] {taskinstance.py:1361} INFO - Starting attempt 1 of 2
[2025-02-25T09:48:31.105+0000] {taskinstance.py:1382} INFO - Executing <Task(PythonOperator): fetch_data> on 2025-01-12 00:00:00+00:00
[2025-02-25T09:48:31.125+0000] {standard_task_runner.py:57} INFO - Started process 290 to run task
[2025-02-25T09:48:31.161+0000] {standard_task_runner.py:84} INFO - Running: ['***', 'tasks', 'run', 'yfinance_ingestion_dag', 'fetch_data', 'scheduled__2025-01-12T00:00:00+00:00', '--job-id', '44', '--raw', '--subdir', 'DAGS_FOLDER/test_hello.py', '--cfg-path', '/tmp/tmpgoo09845']
[2025-02-25T09:48:31.189+0000] {standard_task_runner.py:85} INFO - Job 44: Subtask fetch_data
[2025-02-25T09:48:31.597+0000] {task_command.py:415} INFO - Running <TaskInstance: yfinance_ingestion_dag.fetch_data scheduled__2025-01-12T00:00:00+00:00 [running]> on host 6dbd75e48aaa
[2025-02-25T09:48:31.938+0000] {taskinstance.py:1660} INFO - Exporting env vars: AIRFLOW_CTX_DAG_OWNER='etudiant' AIRFLOW_CTX_DAG_ID='yfinance_ingestion_dag' AIRFLOW_CTX_TASK_ID='fetch_data' AIRFLOW_CTX_EXECUTION_DATE='2025-01-12T00:00:00+00:00' AIRFLOW_CTX_TRY_NUMBER='1' AIRFLOW_CTX_DAG_RUN_ID='scheduled__2025-01-12T00:00:00+00:00'
[2025-02-25T09:48:32.734+0000] {history.py:247} ERROR - $TSLA: possibly delisted; no price data found  (1d 2025-01-12 -> 2025-01-12)
[2025-02-25T09:48:32.755+0000] {python.py:194} INFO - Done. Returned value was: None
[2025-02-25T09:48:32.767+0000] {taskinstance.py:1400} INFO - Marking task as SUCCESS. dag_id=yfinance_ingestion_dag, task_id=fetch_data, execution_date=20250112T000000, start_date=20250225T094830, end_date=20250225T094832
[2025-02-25T09:48:32.825+0000] {local_task_job_runner.py:228} INFO - Task exited with return code 0
[2025-02-25T09:48:32.858+0000] {taskinstance.py:2784} INFO - 1 downstream tasks scheduled from follow-on schedule check
[2025-02-26T20:10:50.156+0000] {taskinstance.py:1159} INFO - Dependencies all met for dep_context=non-requeueable deps ti=<TaskInstance: yfinance_ingestion_dag.fetch_data scheduled__2025-01-12T00:00:00+00:00 [queued]>
[2025-02-26T20:10:50.216+0000] {taskinstance.py:1159} INFO - Dependencies all met for dep_context=requeueable deps ti=<TaskInstance: yfinance_ingestion_dag.fetch_data scheduled__2025-01-12T00:00:00+00:00 [queued]>
[2025-02-26T20:10:50.228+0000] {taskinstance.py:1361} INFO - Starting attempt 1 of 2
[2025-02-26T20:10:50.740+0000] {taskinstance.py:1382} INFO - Executing <Task(PythonOperator): fetch_data> on 2025-01-12 00:00:00+00:00
[2025-02-26T20:10:50.751+0000] {standard_task_runner.py:57} INFO - Started process 506 to run task
[2025-02-26T20:10:50.781+0000] {standard_task_runner.py:84} INFO - Running: ['***', 'tasks', 'run', 'yfinance_ingestion_dag', 'fetch_data', 'scheduled__2025-01-12T00:00:00+00:00', '--job-id', '47', '--raw', '--subdir', 'DAGS_FOLDER/pipeline.py', '--cfg-path', '/tmp/tmpk18mtk5r']
[2025-02-26T20:10:50.787+0000] {standard_task_runner.py:85} INFO - Job 47: Subtask fetch_data
[2025-02-26T20:10:51.043+0000] {task_command.py:415} INFO - Running <TaskInstance: yfinance_ingestion_dag.fetch_data scheduled__2025-01-12T00:00:00+00:00 [running]> on host e304e68c626e
[2025-02-26T20:10:51.375+0000] {taskinstance.py:1660} INFO - Exporting env vars: AIRFLOW_CTX_DAG_OWNER='etudiant' AIRFLOW_CTX_DAG_ID='yfinance_ingestion_dag' AIRFLOW_CTX_TASK_ID='fetch_data' AIRFLOW_CTX_EXECUTION_DATE='2025-01-12T00:00:00+00:00' AIRFLOW_CTX_TRY_NUMBER='1' AIRFLOW_CTX_DAG_RUN_ID='scheduled__2025-01-12T00:00:00+00:00'
[2025-02-26T20:10:53.263+0000] {logging_mixin.py:151} INFO - [
    {
        "datetime": "2025-02-25T20:00:00.000Z",
        "open_price": 87816.71875,
        "high_price": 88873.140625,
        "low_price": 87594.2734375,
        "close_price": 88076.6484375,
        "volume": 0,
        "coin": "BTC"
    },
    {
        "datetime": "2025-02-25T21:00:00.000Z",
        "open_price": 88187.0859375,
        "high_price": 88637.609375,
        "low_price": 87775.640625,
        "close_price": 88598.2109375,
        "volume": 0,
        "coin": "BTC"
    },
    {
        "datetime": "2025-02-25T22:00:00.000Z",
        "open_price": 88692.203125,
        "high_price": 89344.90625,
        "low_price": 88446.0390625,
        "close_price": 88737.1953125,
        "volume": 102842368,
        "coin": "BTC"
    },
    {
        "datetime": "2025-02-25T23:00:00.000Z",
        "open_price": 88762.703125,
        "high_price": 89029.0390625,
        "low_price": 88623.359375,
        "close_price": 88701.9140625,
        "volume": 0,
        "coin": "BTC"
    },
    {
        "datetime": "2025-02-26T00:00:00.000Z",
        "open_price": 88491.3359375,
        "high_price": 88512.78125,
        "low_price": 88059.8046875,
        "close_price": 88059.8046875,
        "volume": 0,
        "coin": "BTC"
    }
]
[2025-02-26T20:10:53.365+0000] {python.py:194} INFO - Done. Returned value was: None
[2025-02-26T20:10:53.413+0000] {taskinstance.py:1400} INFO - Marking task as SUCCESS. dag_id=yfinance_ingestion_dag, task_id=fetch_data, execution_date=20250112T000000, start_date=20250226T201050, end_date=20250226T201053
[2025-02-26T20:10:53.782+0000] {local_task_job_runner.py:228} INFO - Task exited with return code 0
[2025-02-26T20:10:53.960+0000] {taskinstance.py:2784} INFO - 1 downstream tasks scheduled from follow-on schedule check
[2025-02-26T20:30:17.894+0000] {taskinstance.py:1159} INFO - Dependencies all met for dep_context=non-requeueable deps ti=<TaskInstance: yfinance_ingestion_dag.fetch_data scheduled__2025-01-12T00:00:00+00:00 [queued]>
[2025-02-26T20:30:17.972+0000] {taskinstance.py:1159} INFO - Dependencies all met for dep_context=requeueable deps ti=<TaskInstance: yfinance_ingestion_dag.fetch_data scheduled__2025-01-12T00:00:00+00:00 [queued]>
[2025-02-26T20:30:17.979+0000] {taskinstance.py:1361} INFO - Starting attempt 1 of 2
[2025-02-26T20:30:18.105+0000] {taskinstance.py:1382} INFO - Executing <Task(PythonOperator): fetch_data> on 2025-01-12 00:00:00+00:00
[2025-02-26T20:30:18.125+0000] {standard_task_runner.py:57} INFO - Started process 1664 to run task
[2025-02-26T20:30:18.144+0000] {standard_task_runner.py:84} INFO - Running: ['***', 'tasks', 'run', 'yfinance_ingestion_dag', 'fetch_data', 'scheduled__2025-01-12T00:00:00+00:00', '--job-id', '161', '--raw', '--subdir', 'DAGS_FOLDER/pipeline.py', '--cfg-path', '/tmp/tmpnb8yuq32']
[2025-02-26T20:30:18.214+0000] {standard_task_runner.py:85} INFO - Job 161: Subtask fetch_data
[2025-02-26T20:30:18.604+0000] {task_command.py:415} INFO - Running <TaskInstance: yfinance_ingestion_dag.fetch_data scheduled__2025-01-12T00:00:00+00:00 [running]> on host c96a1011f5a3
[2025-02-26T20:30:18.886+0000] {taskinstance.py:1660} INFO - Exporting env vars: AIRFLOW_CTX_DAG_OWNER='etudiant' AIRFLOW_CTX_DAG_ID='yfinance_ingestion_dag' AIRFLOW_CTX_TASK_ID='fetch_data' AIRFLOW_CTX_EXECUTION_DATE='2025-01-12T00:00:00+00:00' AIRFLOW_CTX_TRY_NUMBER='1' AIRFLOW_CTX_DAG_RUN_ID='scheduled__2025-01-12T00:00:00+00:00'
[2025-02-26T20:30:20.515+0000] {logging_mixin.py:151} INFO - [
    {
        "datetime": "2025-02-25T20:00:00.000Z",
        "open_price": 87816.71875,
        "high_price": 88873.140625,
        "low_price": 87594.2734375,
        "close_price": 88076.6484375,
        "volume": 0,
        "coin": "BTC"
    },
    {
        "datetime": "2025-02-25T21:00:00.000Z",
        "open_price": 88187.0859375,
        "high_price": 88637.609375,
        "low_price": 87775.640625,
        "close_price": 88598.2109375,
        "volume": 0,
        "coin": "BTC"
    },
    {
        "datetime": "2025-02-25T22:00:00.000Z",
        "open_price": 88692.203125,
        "high_price": 89344.90625,
        "low_price": 88446.0390625,
        "close_price": 88737.1953125,
        "volume": 102842368,
        "coin": "BTC"
    },
    {
        "datetime": "2025-02-25T23:00:00.000Z",
        "open_price": 88762.703125,
        "high_price": 89029.0390625,
        "low_price": 88623.359375,
        "close_price": 88701.9140625,
        "volume": 0,
        "coin": "BTC"
    },
    {
        "datetime": "2025-02-26T00:00:00.000Z",
        "open_price": 88491.3359375,
        "high_price": 88512.78125,
        "low_price": 88059.8046875,
        "close_price": 88059.8046875,
        "volume": 0,
        "coin": "BTC"
    }
]
[2025-02-26T20:30:20.565+0000] {python.py:194} INFO - Done. Returned value was: None
[2025-02-26T20:30:20.603+0000] {taskinstance.py:1400} INFO - Marking task as SUCCESS. dag_id=yfinance_ingestion_dag, task_id=fetch_data, execution_date=20250112T000000, start_date=20250226T203017, end_date=20250226T203020
[2025-02-26T20:30:20.819+0000] {local_task_job_runner.py:228} INFO - Task exited with return code 0
[2025-02-26T20:30:20.923+0000] {taskinstance.py:2784} INFO - 1 downstream tasks scheduled from follow-on schedule check
[2025-02-26T20:40:05.620+0000] {taskinstance.py:1159} INFO - Dependencies all met for dep_context=non-requeueable deps ti=<TaskInstance: yfinance_ingestion_dag.fetch_data scheduled__2025-01-12T00:00:00+00:00 [queued]>
[2025-02-26T20:40:05.660+0000] {taskinstance.py:1159} INFO - Dependencies all met for dep_context=requeueable deps ti=<TaskInstance: yfinance_ingestion_dag.fetch_data scheduled__2025-01-12T00:00:00+00:00 [queued]>
[2025-02-26T20:40:05.665+0000] {taskinstance.py:1361} INFO - Starting attempt 1 of 2
[2025-02-26T20:40:05.730+0000] {taskinstance.py:1382} INFO - Executing <Task(PythonOperator): fetch_data> on 2025-01-12 00:00:00+00:00
[2025-02-26T20:40:05.762+0000] {standard_task_runner.py:57} INFO - Started process 1074 to run task
[2025-02-26T20:40:05.777+0000] {standard_task_runner.py:84} INFO - Running: ['***', 'tasks', 'run', 'yfinance_ingestion_dag', 'fetch_data', 'scheduled__2025-01-12T00:00:00+00:00', '--job-id', '274', '--raw', '--subdir', 'DAGS_FOLDER/pipeline.py', '--cfg-path', '/tmp/tmpfwv2efut']
[2025-02-26T20:40:05.783+0000] {standard_task_runner.py:85} INFO - Job 274: Subtask fetch_data
[2025-02-26T20:40:05.949+0000] {task_command.py:415} INFO - Running <TaskInstance: yfinance_ingestion_dag.fetch_data scheduled__2025-01-12T00:00:00+00:00 [running]> on host 3c0faf52b292
[2025-02-26T20:40:06.220+0000] {taskinstance.py:1660} INFO - Exporting env vars: AIRFLOW_CTX_DAG_OWNER='etudiant' AIRFLOW_CTX_DAG_ID='yfinance_ingestion_dag' AIRFLOW_CTX_TASK_ID='fetch_data' AIRFLOW_CTX_EXECUTION_DATE='2025-01-12T00:00:00+00:00' AIRFLOW_CTX_TRY_NUMBER='1' AIRFLOW_CTX_DAG_RUN_ID='scheduled__2025-01-12T00:00:00+00:00'
[2025-02-26T20:40:08.006+0000] {logging_mixin.py:151} INFO - [
    {
        "datetime": "2025-02-25T20:00:00.000Z",
        "open_price": 87816.71875,
        "high_price": 88873.140625,
        "low_price": 87594.2734375,
        "close_price": 88076.6484375,
        "volume": 0,
        "coin": "BTC"
    },
    {
        "datetime": "2025-02-25T21:00:00.000Z",
        "open_price": 88187.0859375,
        "high_price": 88637.609375,
        "low_price": 87775.640625,
        "close_price": 88598.2109375,
        "volume": 0,
        "coin": "BTC"
    },
    {
        "datetime": "2025-02-25T22:00:00.000Z",
        "open_price": 88692.203125,
        "high_price": 89344.90625,
        "low_price": 88446.0390625,
        "close_price": 88737.1953125,
        "volume": 102842368,
        "coin": "BTC"
    },
    {
        "datetime": "2025-02-25T23:00:00.000Z",
        "open_price": 88762.703125,
        "high_price": 89029.0390625,
        "low_price": 88623.359375,
        "close_price": 88701.9140625,
        "volume": 0,
        "coin": "BTC"
    },
    {
        "datetime": "2025-02-26T00:00:00.000Z",
        "open_price": 88491.3359375,
        "high_price": 88512.78125,
        "low_price": 88059.8046875,
        "close_price": 88059.8046875,
        "volume": 0,
        "coin": "BTC"
    }
]
[2025-02-26T20:40:08.115+0000] {python.py:194} INFO - Done. Returned value was: None
[2025-02-26T20:40:08.167+0000] {taskinstance.py:1400} INFO - Marking task as SUCCESS. dag_id=yfinance_ingestion_dag, task_id=fetch_data, execution_date=20250112T000000, start_date=20250226T204005, end_date=20250226T204008
[2025-02-26T20:40:08.308+0000] {local_task_job_runner.py:228} INFO - Task exited with return code 0
[2025-02-26T20:40:09.178+0000] {taskinstance.py:2784} INFO - 0 downstream tasks scheduled from follow-on schedule check
