[2025-02-21T22:22:20.520+0000] {taskinstance.py:1159} INFO - Dependencies all met for dep_context=non-requeueable deps ti=<TaskInstance: gold_data_dag.say_hello manual__2025-02-21T22:22:08.179267+00:00 [queued]>
[2025-02-21T22:22:20.529+0000] {taskinstance.py:1159} INFO - Dependencies all met for dep_context=requeueable deps ti=<TaskInstance: gold_data_dag.say_hello manual__2025-02-21T22:22:08.179267+00:00 [queued]>
[2025-02-21T22:22:20.530+0000] {taskinstance.py:1361} INFO - Starting attempt 1 of 1
[2025-02-21T22:22:20.625+0000] {taskinstance.py:1382} INFO - Executing <Task(BashOperator): say_hello> on 2025-02-21 22:22:08.179267+00:00
[2025-02-21T22:22:20.631+0000] {standard_task_runner.py:57} INFO - Started process 201 to run task
[2025-02-21T22:22:20.636+0000] {standard_task_runner.py:84} INFO - Running: ['***', 'tasks', 'run', 'gold_data_dag', 'say_hello', 'manual__2025-02-21T22:22:08.179267+00:00', '--job-id', '17', '--raw', '--subdir', 'DAGS_FOLDER/pipeline.py', '--cfg-path', '/tmp/tmppljbrxtu']
[2025-02-21T22:22:20.640+0000] {standard_task_runner.py:85} INFO - Job 17: Subtask say_hello
[2025-02-21T22:22:20.725+0000] {task_command.py:415} INFO - Running <TaskInstance: gold_data_dag.say_hello manual__2025-02-21T22:22:08.179267+00:00 [running]> on host 7c80cef5d079
[2025-02-21T22:22:20.810+0000] {taskinstance.py:1660} INFO - Exporting env vars: AIRFLOW_CTX_DAG_OWNER='***' AIRFLOW_CTX_DAG_ID='gold_data_dag' AIRFLOW_CTX_TASK_ID='say_hello' AIRFLOW_CTX_EXECUTION_DATE='2025-02-21T22:22:08.179267+00:00' AIRFLOW_CTX_TRY_NUMBER='1' AIRFLOW_CTX_DAG_RUN_ID='manual__2025-02-21T22:22:08.179267+00:00'
[2025-02-21T22:22:20.812+0000] {subprocess.py:63} INFO - Tmp dir root location: /tmp
[2025-02-21T22:22:20.813+0000] {subprocess.py:75} INFO - Running command: ['/bin/bash', '-c', 'python /app/scraper.py']
[2025-02-21T22:22:20.820+0000] {subprocess.py:86} INFO - Output:
[2025-02-21T22:22:20.955+0000] {subprocess.py:93} INFO - python: can't open file '/app/scraper.py': [Errno 2] No such file or directory
[2025-02-21T22:22:20.961+0000] {subprocess.py:97} INFO - Command exited with return code 2
[2025-02-21T22:22:20.976+0000] {taskinstance.py:1943} ERROR - Task failed with exception
Traceback (most recent call last):
  File "/home/airflow/.local/lib/python3.8/site-packages/airflow/operators/bash.py", line 210, in execute
    raise AirflowException(
airflow.exceptions.AirflowException: Bash command failed. The command returned a non-zero exit code 2.
[2025-02-21T22:22:20.982+0000] {taskinstance.py:1400} INFO - Marking task as FAILED. dag_id=gold_data_dag, task_id=say_hello, execution_date=20250221T222208, start_date=20250221T222220, end_date=20250221T222220
[2025-02-21T22:22:20.995+0000] {standard_task_runner.py:104} ERROR - Failed to execute job 17 for task say_hello (Bash command failed. The command returned a non-zero exit code 2.; 201)
[2025-02-21T22:22:21.010+0000] {local_task_job_runner.py:228} INFO - Task exited with return code 1
[2025-02-21T22:22:21.028+0000] {taskinstance.py:2784} INFO - 0 downstream tasks scheduled from follow-on schedule check
