[2025-02-25T10:08:12.156+0000] {taskinstance.py:1159} INFO - Dependencies all met for dep_context=non-requeueable deps ti=<TaskInstance: yfinance_python_processing_dag.fetch_data scheduled__2024-04-01T00:00:00+00:00 [queued]>
[2025-02-25T10:08:12.184+0000] {taskinstance.py:1159} INFO - Dependencies all met for dep_context=requeueable deps ti=<TaskInstance: yfinance_python_processing_dag.fetch_data scheduled__2024-04-01T00:00:00+00:00 [queued]>
[2025-02-25T10:08:12.187+0000] {taskinstance.py:1361} INFO - Starting attempt 1 of 2
[2025-02-25T10:08:12.325+0000] {taskinstance.py:1382} INFO - Executing <Task(PythonOperator): fetch_data> on 2024-04-01 00:00:00+00:00
[2025-02-25T10:08:12.337+0000] {standard_task_runner.py:57} INFO - Started process 2079 to run task
[2025-02-25T10:08:12.350+0000] {standard_task_runner.py:84} INFO - Running: ['***', 'tasks', 'run', 'yfinance_python_processing_dag', 'fetch_data', 'scheduled__2024-04-01T00:00:00+00:00', '--job-id', '150', '--raw', '--subdir', 'DAGS_FOLDER/test_hello.py', '--cfg-path', '/tmp/tmpeu49pdi_']
[2025-02-25T10:08:12.360+0000] {standard_task_runner.py:85} INFO - Job 150: Subtask fetch_data
[2025-02-25T10:08:12.693+0000] {task_command.py:415} INFO - Running <TaskInstance: yfinance_python_processing_dag.fetch_data scheduled__2024-04-01T00:00:00+00:00 [running]> on host 6dbd75e48aaa
[2025-02-25T10:08:13.109+0000] {taskinstance.py:1660} INFO - Exporting env vars: AIRFLOW_CTX_DAG_OWNER='etudiant' AIRFLOW_CTX_DAG_ID='yfinance_python_processing_dag' AIRFLOW_CTX_TASK_ID='fetch_data' AIRFLOW_CTX_EXECUTION_DATE='2024-04-01T00:00:00+00:00' AIRFLOW_CTX_TRY_NUMBER='1' AIRFLOW_CTX_DAG_RUN_ID='scheduled__2024-04-01T00:00:00+00:00'
[2025-02-25T10:08:13.121+0000] {logging_mixin.py:151} INFO - Execution date: 2024-04-01
[2025-02-25T10:08:14.576+0000] {logging_mixin.py:151} INFO - Raw data from yfinance (from 2024-04-01 00:00:00 to 2024-04-30 00:00:00):                                  Open        High  ...  Dividends  Stock Splits
Date                                               ...                         
2024-04-01 00:00:00-04:00  176.169998  176.750000  ...        0.0           0.0
2024-04-02 00:00:00-04:00  164.750000  167.690002  ...        0.0           0.0
2024-04-03 00:00:00-04:00  164.020004  168.820007  ...        0.0           0.0
2024-04-04 00:00:00-04:00  170.070007  177.190002  ...        0.0           0.0
2024-04-05 00:00:00-04:00  169.080002  170.860001  ...        0.0           0.0
2024-04-08 00:00:00-04:00  169.339996  174.500000  ...        0.0           0.0
2024-04-09 00:00:00-04:00  172.910004  179.220001  ...        0.0           0.0
2024-04-10 00:00:00-04:00  173.039993  174.929993  ...        0.0           0.0
2024-04-11 00:00:00-04:00  172.550003  175.880005  ...        0.0           0.0
2024-04-12 00:00:00-04:00  172.339996  173.809998  ...        0.0           0.0
2024-04-15 00:00:00-04:00  170.240005  170.690002  ...        0.0           0.0
2024-04-16 00:00:00-04:00  156.740005  158.190002  ...        0.0           0.0
2024-04-17 00:00:00-04:00  157.639999  158.330002  ...        0.0           0.0
2024-04-18 00:00:00-04:00  151.250000  152.199997  ...        0.0           0.0
2024-04-19 00:00:00-04:00  148.970001  150.940002  ...        0.0           0.0
2024-04-22 00:00:00-04:00  140.559998  144.440002  ...        0.0           0.0
2024-04-23 00:00:00-04:00  143.330002  147.259995  ...        0.0           0.0
2024-04-24 00:00:00-04:00  162.839996  167.970001  ...        0.0           0.0
2024-04-25 00:00:00-04:00  158.960007  170.880005  ...        0.0           0.0
2024-04-26 00:00:00-04:00  168.850006  172.119995  ...        0.0           0.0
2024-04-29 00:00:00-04:00  188.419998  198.869995  ...        0.0           0.0

[21 rows x 7 columns]
[2025-02-25T10:08:14.591+0000] {logging_mixin.py:151} INFO - Serialized data: {'2024-04-01 00:00:00-04:00': {'Open': 176.1699981689453, 'High': 176.75, 'Low': 170.2100067138672, 'Close': 175.22000122070312, 'Volume': 81562100, 'Dividends': 0.0, 'Stock Splits': 0.0}, '2024-04-02 00:00:00-04:00': {'Open': 164.75, 'High': 167.69000244140625, 'Low': 163.42999267578125, 'Close': 166.6300048828125, 'Volume': 116650600, 'Dividends': 0.0, 'Stock Splits': 0.0}, '2024-04-03 00:00:00-04:00': {'Open': 164.02000427246094, 'High': 168.82000732421875, 'Low': 163.27999877929688, 'Close': 168.3800048828125, 'Volume': 82950100, 'Dividends': 0.0, 'Stock Splits': 0.0}, '2024-04-04 00:00:00-04:00': {'Open': 170.07000732421875, 'High': 177.19000244140625, 'Low': 168.00999450683594, 'Close': 171.11000061035156, 'Volume': 123162000, 'Dividends': 0.0, 'Stock Splits': 0.0}, '2024-04-05 00:00:00-04:00': {'Open': 169.0800018310547, 'High': 170.86000061035156, 'Low': 160.50999450683594, 'Close': 164.89999389648438, 'Volume': 141250700, 'Dividends': 0.0, 'Stock Splits': 0.0}, '2024-04-08 00:00:00-04:00': {'Open': 169.33999633789062, 'High': 174.5, 'Low': 167.7899932861328, 'Close': 172.97999572753906, 'Volume': 104423300, 'Dividends': 0.0, 'Stock Splits': 0.0}, '2024-04-09 00:00:00-04:00': {'Open': 172.91000366210938, 'High': 179.22000122070312, 'Low': 171.9199981689453, 'Close': 176.8800048828125, 'Volume': 103232700, 'Dividends': 0.0, 'Stock Splits': 0.0}, '2024-04-10 00:00:00-04:00': {'Open': 173.0399932861328, 'High': 174.92999267578125, 'Low': 170.00999450683594, 'Close': 171.75999450683594, 'Volume': 84532400, 'Dividends': 0.0, 'Stock Splits': 0.0}, '2024-04-11 00:00:00-04:00': {'Open': 172.5500030517578, 'High': 175.8800048828125, 'Low': 168.50999450683594, 'Close': 174.60000610351562, 'Volume': 94516000, 'Dividends': 0.0, 'Stock Splits': 0.0}, '2024-04-12 00:00:00-04:00': {'Open': 172.33999633789062, 'High': 173.80999755859375, 'Low': 170.36000061035156, 'Close': 171.0500030517578, 'Volume': 64506600, 'Dividends': 0.0, 'Stock Splits': 0.0}, '2024-04-15 00:00:00-04:00': {'Open': 170.24000549316406, 'High': 170.69000244140625, 'Low': 161.3800048828125, 'Close': 161.47999572753906, 'Volume': 100245300, 'Dividends': 0.0, 'Stock Splits': 0.0}, '2024-04-16 00:00:00-04:00': {'Open': 156.74000549316406, 'High': 158.19000244140625, 'Low': 153.75, 'Close': 157.11000061035156, 'Volume': 97000000, 'Dividends': 0.0, 'Stock Splits': 0.0}, '2024-04-17 00:00:00-04:00': {'Open': 157.63999938964844, 'High': 158.3300018310547, 'Low': 153.77999877929688, 'Close': 155.4499969482422, 'Volume': 82439700, 'Dividends': 0.0, 'Stock Splits': 0.0}, '2024-04-18 00:00:00-04:00': {'Open': 151.25, 'High': 152.1999969482422, 'Low': 148.6999969482422, 'Close': 149.92999267578125, 'Volume': 96098800, 'Dividends': 0.0, 'Stock Splits': 0.0}, '2024-04-19 00:00:00-04:00': {'Open': 148.97000122070312, 'High': 150.94000244140625, 'Low': 146.22000122070312, 'Close': 147.0500030517578, 'Volume': 86005100, 'Dividends': 0.0, 'Stock Splits': 0.0}, '2024-04-22 00:00:00-04:00': {'Open': 140.55999755859375, 'High': 144.44000244140625, 'Low': 138.8000030517578, 'Close': 142.0500030517578, 'Volume': 107097600, 'Dividends': 0.0, 'Stock Splits': 0.0}, '2024-04-23 00:00:00-04:00': {'Open': 143.3300018310547, 'High': 147.25999450683594, 'Low': 141.11000061035156, 'Close': 144.67999267578125, 'Volume': 124545100, 'Dividends': 0.0, 'Stock Splits': 0.0}, '2024-04-24 00:00:00-04:00': {'Open': 162.83999633789062, 'High': 167.97000122070312, 'Low': 157.50999450683594, 'Close': 162.1300048828125, 'Volume': 181178000, 'Dividends': 0.0, 'Stock Splits': 0.0}, '2024-04-25 00:00:00-04:00': {'Open': 158.9600067138672, 'High': 170.8800048828125, 'Low': 158.36000061035156, 'Close': 170.17999267578125, 'Volume': 126427500, 'Dividends': 0.0, 'Stock Splits': 0.0}, '2024-04-26 00:00:00-04:00': {'Open': 168.85000610351562, 'High': 172.1199951171875, 'Low': 166.3699951171875, 'Close': 168.2899932861328, 'Volume': 109815700, 'Dividends': 0.0, 'Stock Splits': 0.0}, '2024-04-29 00:00:00-04:00': {'Open': 188.4199981689453, 'High': 198.8699951171875, 'Low': 184.5399932861328, 'Close': 194.0500030517578, 'Volume': 243869700, 'Dividends': 0.0, 'Stock Splits': 0.0}}
[2025-02-25T10:08:14.671+0000] {python.py:194} INFO - Done. Returned value was: None
[2025-02-25T10:08:14.717+0000] {taskinstance.py:1400} INFO - Marking task as SUCCESS. dag_id=yfinance_python_processing_dag, task_id=fetch_data, execution_date=20240401T000000, start_date=20250225T100812, end_date=20250225T100814
[2025-02-25T10:08:14.872+0000] {local_task_job_runner.py:228} INFO - Task exited with return code 0
[2025-02-25T10:08:15.003+0000] {taskinstance.py:2784} INFO - 1 downstream tasks scheduled from follow-on schedule check
